Log file open, 08/21/18 08:04:00
LogWindows: Failed to load 'aqProf.dll' (GetLastError=126)
LogWindows: File 'aqProf.dll' does not exist
LogWindows: Failed to load 'VtuneApi.dll' (GetLastError=126)
LogWindows: File 'VtuneApi.dll' does not exist
LogWindows: Failed to load 'VtuneApi32e.dll' (GetLastError=126)
LogWindows: File 'VtuneApi32e.dll' does not exist
LogInit: Display: Running engine for game: DarkCrystalstutter
LogPlatformFile: Not using cached read wrapper
LogInit: Display: RandInit(-1176924719) SRandInit(-1176924719).
LogInit: Read version file with build ID '3944462'
LogInit: Overriding engine version to CL 4033788, compatible CL 3944462
LogInit: Registered custom module enumerator with build ID '3944462'
LogTaskGraph: Started task graph with 5 named threads and 17 total threads with 3 sets of task threads.
LogStats: Stats thread started at 0.214033
LogD3D11RHI: Aftermath initialized
LogICUInternationalization: Display: ICU TimeZone Detection - Raw Offset: -8:00, Platform Override: ''
LogModuleManager: Display: Found up-to-date module file ../../../Engine/Plugins/Online/OnlineSubsystemSteam/Binaries/Win64/UE4Editor-OnlineSubsystemSteam.dll (API version 3944462).
LogModuleManager: Display: Found up-to-date module file ../../../Engine/Plugins/Online/OnlineSubsystem/Binaries/Win64/UE4Editor-OnlineSubsystem.dll (API version 3944462).
LogModuleManager: Display: Found up-to-date module file ../../../Engine/Plugins/Online/OnlineSubsystemUtils/Binaries/Win64/UE4Editor-OnlineSubsystemUtils.dll (API version 3944462).
LogModuleManager: Display: Found up-to-date module file ../../../Engine/Plugins/Online/OnlineSubsystemUtils/Binaries/Win64/UE4Editor-OnlineBlueprintSupport.dll (API version 3944462).
LogModuleManager: Display: Found up-to-date module file ../../../Engine/Plugins/VictoryPlugin/Binaries/Win64/UE4Editor-VictoryBPLibrary.dll (API version 3944462).
LogModuleManager: Display: Found up-to-date module file ../../../Engine/Plugins/Runtime/ApexDestruction/Binaries/Win64/UE4Editor-ApexDestruction.dll (API version 3944462).
LogModuleManager: Display: Found up-to-date module file ../../../Engine/Plugins/Runtime/ApexDestruction/Binaries/Win64/UE4Editor-ApexDestructionEditor.dll (API version 3944462).
LogModuleManager: Display: Found up-to-date module file ../../../Engine/Plugins/AdvancedSessions/AdvancedSessions/Binaries/Win64/UE4Editor-AdvancedSessions.dll (API version 3944462).
LogModuleManager: Display: Found up-to-date module file ../../../Engine/Plugins/AdvancedSessions/AdvancedSteamSessions/Binaries/Win64/UE4Editor-AdvancedSteamSessions.dll (API version 3944462).
LogModuleManager: Display: Found up-to-date module file ../../../Engine/Plugins/2D/Paper2D/Binaries/Win64/UE4Editor-Paper2D.dll (API version 3944462).
LogModuleManager: Display: Found up-to-date module file ../../../Engine/Plugins/2D/Paper2D/Binaries/Win64/UE4Editor-Paper2DEditor.dll (API version 3944462).
LogModuleManager: Display: Found up-to-date module file ../../../Engine/Plugins/2D/Paper2D/Binaries/Win64/UE4Editor-PaperSpriteSheetImporter.dll (API version 3944462).
LogModuleManager: Display: Found up-to-date module file ../../../Engine/Plugins/2D/Paper2D/Binaries/Win64/UE4Editor-PaperTiledImporter.dll (API version 3944462).
LogModuleManager: Display: Found up-to-date module file ../../../Engine/Plugins/2D/Paper2D/Binaries/Win64/UE4Editor-SmartSnapping.dll (API version 3944462).
LogModuleManager: Display: Found up-to-date module file ../../../Engine/Plugins/Blendables/LightPropagationVolume/Binaries/Win64/UE4Editor-LightPropagationVolumeRuntime.dll (API version 3944462).
LogModuleManager: Display: Found up-to-date module file ../../../Engine/Plugins/Blendables/LightPropagationVolume/Binaries/Win64/UE4Editor-LightPropagationVolumeEditor.dll (API version 3944462).
LogModuleManager: Display: Found up-to-date module file ../../../Engine/Plugins/Developer/CLionSourceCodeAccess/Binaries/Win64/UE4Editor-CLionSourceCodeAccess.dll (API version 3944462).
LogModuleManager: Display: Found up-to-date module file ../../../Engine/Plugins/Developer/GitSourceControl/Binaries/Win64/UE4Editor-GitSourceControl.dll (API version 3944462).
LogModuleManager: Display: Found up-to-date module file ../../../Engine/Plugins/Developer/PerforceSourceControl/Binaries/Win64/UE4Editor-PerforceSourceControl.dll (API version 3944462).
LogModuleManager: Display: Found up-to-date module file ../../../Engine/Plugins/Developer/SubversionSourceControl/Binaries/Win64/UE4Editor-SubversionSourceControl.dll (API version 3944462).
LogModuleManager: Display: Found up-to-date module file ../../../Engine/Plugins/Developer/UObjectPlugin/Binaries/Win64/UE4Editor-UObjectPlugin.dll (API version 3944462).
LogModuleManager: Display: Found up-to-date module file ../../../Engine/Plugins/Developer/VisualStudioCodeSourceCodeAccess/Binaries/Win64/UE4Editor-VisualStudioCodeSourceCodeAccess.dll (API version 3944462).
LogModuleManager: Display: Found up-to-date module file ../../../Engine/Plugins/Developer/VisualStudioSourceCodeAccess/Binaries/Win64/UE4Editor-VisualStudioSourceCodeAccess.dll (API version 3944462).
LogModuleManager: Display: Found up-to-date module file ../../../Engine/Plugins/Editor/AssetManagerEditor/Binaries/Win64/UE4Editor-AssetManagerEditor.dll (API version 3944462).
LogModuleManager: Display: Found up-to-date module file ../../../Engine/Plugins/Editor/CryptoKeys/Binaries/Win64/UE4Editor-CryptoKeys.dll (API version 3944462).
LogModuleManager: Display: Found up-to-date module file ../../../Engine/Plugins/Editor/CryptoKeys/Binaries/Win64/UE4Editor-CryptoKeysOpenSSL.dll (API version 3944462).
LogModuleManager: Display: Found up-to-date module file ../../../Engine/Plugins/Editor/DataValidation/Binaries/Win64/UE4Editor-DataValidation.dll (API version 3944462).
LogModuleManager: Display: Found up-to-date module file ../../../Engine/Plugins/Editor/FacialAnimation/Binaries/Win64/UE4Editor-FacialAnimation.dll (API version 3944462).
LogModuleManager: Display: Found up-to-date module file ../../../Engine/Plugins/Editor/FacialAnimation/Binaries/Win64/UE4Editor-FacialAnimationEditor.dll (API version 3944462).
LogModuleManager: Display: Found up-to-date module file ../../../Engine/Plugins/Editor/GameplayTagsEditor/Binaries/Win64/UE4Editor-GameplayTagsEditor.dll (API version 3944462).
LogModuleManager: Display: Found up-to-date module file ../../../Engine/Plugins/Editor/MobileLauncherProfileWizard/Binaries/Win64/UE4Editor-MobileLauncherProfileWizard.dll (API version 3944462).
LogModuleManager: Display: Found up-to-date module file ../../../Engine/Plugins/Editor/PluginBrowser/Binaries/Win64/UE4Editor-PluginBrowser.dll (API version 3944462).
LogModuleManager: Display: Found up-to-date module file ../../../Engine/Plugins/Editor/SpeedTreeImporter/Binaries/Win64/UE4Editor-SpeedTreeImporter.dll (API version 3944462).
LogModuleManager: Display: Found up-to-date module file ../../../Engine/Plugins/Enterprise/DatasmithContent/Binaries/Win64/UE4Editor-DatasmithContent.dll (API version 3944462).
LogModuleManager: Display: Found up-to-date module file ../../../Engine/Plugins/Experimental/AlembicImporter/Binaries/Win64/UE4Editor-AlembicImporter.dll (API version 3944462).
LogModuleManager: Display: Found up-to-date module file ../../../Engine/Plugins/Experimental/AlembicImporter/Binaries/Win64/UE4Editor-AlembicLibrary.dll (API version 3944462).
LogModuleManager: Display: Found up-to-date module file ../../../Engine/Plugins/Experimental/CharacterAI/Binaries/Win64/UE4Editor-CharacterAI.dll (API version 3944462).
LogModuleManager: Display: Found up-to-date module file ../../../Engine/Plugins/Experimental/HTML5Networking/Binaries/Win64/UE4Editor-HTML5Networking.dll (API version 3944462).
LogModuleManager: Display: Found up-to-date module file ../../../Engine/Plugins/Media/AndroidMedia/Binaries/Win64/UE4Editor-AndroidMediaEditor.dll (API version 3944462).
LogModuleManager: Display: Found up-to-date module file ../../../Engine/Plugins/Media/AndroidMedia/Binaries/Win64/UE4Editor-AndroidMediaFactory.dll (API version 3944462).
LogModuleManager: Display: Found up-to-date module file ../../../Engine/Plugins/Media/AvfMedia/Binaries/Win64/UE4Editor-AvfMediaEditor.dll (API version 3944462).
LogModuleManager: Display: Found up-to-date module file ../../../Engine/Plugins/Media/AvfMedia/Binaries/Win64/UE4Editor-AvfMediaFactory.dll (API version 3944462).
LogModuleManager: Display: Found up-to-date module file ../../../Engine/Plugins/Media/AvfMedia/Binaries/Win64/UE4Editor-AvfMediaFactory.dll (API version 3944462).
LogModuleManager: Display: Found up-to-date module file ../../../Engine/Plugins/Media/ImgMedia/Binaries/Win64/UE4Editor-ImgMedia.dll (API version 3944462).
LogModuleManager: Display: Found up-to-date module file ../../../Engine/Plugins/Media/ImgMedia/Binaries/Win64/UE4Editor-ImgMediaEditor.dll (API version 3944462).
LogModuleManager: Display: Found up-to-date module file ../../../Engine/Plugins/Media/ImgMedia/Binaries/Win64/UE4Editor-ImgMediaFactory.dll (API version 3944462).
LogModuleManager: Display: Found up-to-date module file ../../../Engine/Plugins/Media/ImgMedia/Binaries/Win64/UE4Editor-ImgMediaFactory.dll (API version 3944462).
LogModuleManager: Display: Found up-to-date module file ../../../Engine/Plugins/Media/ImgMedia/Binaries/Win64/UE4Editor-OpenExrWrapper.dll (API version 3944462).
LogModuleManager: Display: Found up-to-date module file ../../../Engine/Plugins/Media/LinearTimecode/Binaries/Win64/UE4Editor-LinearTimecode.dll (API version 3944462).
LogModuleManager: Display: Found up-to-date module file ../../../Engine/Plugins/Media/MediaCompositing/Binaries/Win64/UE4Editor-MediaCompositing.dll (API version 3944462).
LogModuleManager: Display: Found up-to-date module file ../../../Engine/Plugins/Media/MediaCompositing/Binaries/Win64/UE4Editor-MediaCompositingEditor.dll (API version 3944462).
LogModuleManager: Display: Found up-to-date module file ../../../Engine/Plugins/Media/MediaPlayerEditor/Binaries/Win64/UE4Editor-MediaPlayerEditor.dll (API version 3944462).
LogModuleManager: Display: Found up-to-date module file ../../../Engine/Plugins/Media/WmfMedia/Binaries/Win64/UE4Editor-WmfMedia.dll (API version 3944462).
LogModuleManager: Display: Found up-to-date module file ../../../Engine/Plugins/Media/WmfMedia/Binaries/Win64/UE4Editor-WmfMediaEditor.dll (API version 3944462).
LogModuleManager: Display: Found up-to-date module file ../../../Engine/Plugins/Media/WmfMedia/Binaries/Win64/UE4Editor-WmfMediaFactory.dll (API version 3944462).
LogModuleManager: Display: Found up-to-date module file ../../../Engine/Plugins/Media/WmfMedia/Binaries/Win64/UE4Editor-WmfMediaFactory.dll (API version 3944462).
LogModuleManager: Display: Found up-to-date module file ../../../Engine/Plugins/Messaging/TcpMessaging/Binaries/Win64/UE4Editor-TcpMessaging.dll (API version 3944462).
LogModuleManager: Display: Found up-to-date module file ../../../Engine/Plugins/Messaging/UdpMessaging/Binaries/Win64/UE4Editor-UdpMessaging.dll (API version 3944462).
LogModuleManager: Display: Found up-to-date module file ../../../Engine/Plugins/MovieScene/ActorSequence/Binaries/Win64/UE4Editor-ActorSequence.dll (API version 3944462).
LogModuleManager: Display: Found up-to-date module file ../../../Engine/Plugins/MovieScene/LevelSequenceEditor/Binaries/Win64/UE4Editor-LevelSequenceEditor.dll (API version 3944462).
LogModuleManager: Display: Found up-to-date module file ../../../Engine/Plugins/MovieScene/MatineeToLevelSequence/Binaries/Win64/UE4Editor-MatineeToLevelSequence.dll (API version 3944462).
LogModuleManager: Display: Found up-to-date module file ../../../Engine/Plugins/NetcodeUnitTest/NetcodeUnitTest/Binaries/Win64/UE4Editor-NetcodeUnitTest.dll (API version 3944462).
LogModuleManager: Display: Found up-to-date module file ../../../Engine/Plugins/NetcodeUnitTest/NUTUnrealEngine4/Binaries/Win64/UE4Editor-NUTUnrealEngine4.dll (API version 3944462).
LogModuleManager: Display: Found up-to-date module file ../../../Engine/Plugins/Runtime/AndroidPermission/Binaries/Win64/UE4Editor-AndroidPermission.dll (API version 3944462).
LogModuleManager: Display: Found up-to-date module file ../../../Engine/Plugins/Online/OnlineSubsystemNull/Binaries/Win64/UE4Editor-OnlineSubsystemNull.dll (API version 3944462).
LogModuleManager: Display: Found up-to-date module file ../../../Engine/Plugins/Runtime/AndroidDeviceProfileSelector/Binaries/Win64/UE4Editor-AndroidDeviceProfileSelector.dll (API version 3944462).
LogModuleManager: Display: Found up-to-date module file ../../../Engine/Plugins/Runtime/AppleARKit/Binaries/Win64/UE4Editor-AppleARKit.dll (API version 3944462).
LogModuleManager: Display: Found up-to-date module file ../../../Engine/Plugins/Runtime/ProceduralMeshComponent/Binaries/Win64/UE4Editor-ProceduralMeshComponent.dll (API version 3944462).
LogModuleManager: Display: Found up-to-date module file ../../../Engine/Plugins/Runtime/ProceduralMeshComponent/Binaries/Win64/UE4Editor-ProceduralMeshComponentEditor.dll (API version 3944462).
LogModuleManager: Display: Found up-to-date module file ../../../Engine/Plugins/Animation/LiveLink/Binaries/Win64/UE4Editor-LiveLink.dll (API version 3944462).
LogModuleManager: Display: Found up-to-date module file ../../../Engine/Plugins/Animation/LiveLink/Binaries/Win64/UE4Editor-LiveLinkEditor.dll (API version 3944462).
LogModuleManager: Display: Found up-to-date module file ../../../Engine/Plugins/Runtime/ArchVisCharacter/Binaries/Win64/UE4Editor-ArchVisCharacter.dll (API version 3944462).
LogModuleManager: Display: Found up-to-date module file ../../../Engine/Plugins/Runtime/AudioCapture/Binaries/Win64/UE4Editor-AudioCapture.dll (API version 3944462).
LogModuleManager: Display: Found up-to-date module file ../../../Engine/Plugins/Runtime/AudioCapture/Binaries/Win64/UE4Editor-AudioCaptureEditor.dll (API version 3944462).
LogModuleManager: Display: Found up-to-date module file ../../../Engine/Plugins/Runtime/CableComponent/Binaries/Win64/UE4Editor-CableComponent.dll (API version 3944462).
LogModuleManager: Display: Found up-to-date module file ../../../Engine/Plugins/Runtime/CustomMeshComponent/Binaries/Win64/UE4Editor-CustomMeshComponent.dll (API version 3944462).
LogModuleManager: Display: Found up-to-date module file ../../../Engine/Plugins/Runtime/ExampleDeviceProfileSelector/Binaries/Win64/UE4Editor-ExampleDeviceProfileSelector.dll (API version 3944462).
LogModuleManager: Display: Found up-to-date module file ../../../Engine/Plugins/Runtime/ImmediatePhysics/Binaries/Win64/UE4Editor-ImmediatePhysics.dll (API version 3944462).
LogModuleManager: Display: Found up-to-date module file ../../../Engine/Plugins/Runtime/ImmediatePhysics/Binaries/Win64/UE4Editor-ImmediatePhysicsEditor.dll (API version 3944462).
LogModuleManager: Display: Found up-to-date module file ../../../Engine/Plugins/Runtime/LocationServicesBPLibrary/Binaries/Win64/UE4Editor-LocationServicesBPLibrary.dll (API version 3944462).
LogModuleManager: Display: Found up-to-date module file ../../../Engine/Plugins/Runtime/MobilePatchingUtils/Binaries/Win64/UE4Editor-MobilePatchingUtils.dll (API version 3944462).
LogModuleManager: Display: Found up-to-date module file ../../../Engine/Plugins/Runtime/Oculus/OculusVR/Binaries/Win64/UE4Editor-OculusHMD.dll (API version 3944462).
LogModuleManager: Display: Found up-to-date module file ../../../Engine/Plugins/Runtime/Oculus/OculusVR/Binaries/Win64/UE4Editor-OculusInput.dll (API version 3944462).
LogModuleManager: Display: Found up-to-date module file ../../../Engine/Plugins/Runtime/Oculus/OculusVR/Binaries/Win64/UE4Editor-OculusEditor.dll (API version 3944462).
LogModuleManager: Display: Found up-to-date module file ../../../Engine/Plugins/Runtime/PhysXVehicles/Binaries/Win64/UE4Editor-PhysXVehicles.dll (API version 3944462).
LogModuleManager: Display: Found up-to-date module file ../../../Engine/Plugins/Runtime/PhysXVehicles/Binaries/Win64/UE4Editor-PhysXVehiclesEditor.dll (API version 3944462).
LogModuleManager: Display: Found up-to-date module file ../../../Engine/Plugins/Runtime/RuntimePhysXCooking/Binaries/Win64/UE4Editor-RuntimePhysXCooking.dll (API version 3944462).
LogModuleManager: Display: Found up-to-date module file ../../../Engine/Plugins/Runtime/Steam/SteamVR/Binaries/Win64/UE4Editor-SteamVR.dll (API version 3944462).
LogModuleManager: Display: Found up-to-date module file ../../../Engine/Plugins/Runtime/Steam/SteamVR/Binaries/Win64/UE4Editor-SteamVRController.dll (API version 3944462).
LogModuleManager: Display: Found up-to-date module file ../../../Engine/Plugins/Runtime/WindowsMoviePlayer/Binaries/Win64/UE4Editor-WindowsMoviePlayer.dll (API version 3944462).
LogPluginManager: Mounting plugin Paper2D
LogPluginManager: Mounting plugin AdvancedSessions
LogPluginManager: Mounting plugin AdvancedSteamSessions
LogPluginManager: Mounting plugin LiveLink
LogPluginManager: Mounting plugin LightPropagationVolume
LogPluginManager: Mounting plugin CLionSourceCodeAccess
LogPluginManager: Mounting plugin CodeLiteSourceCodeAccess
LogPluginManager: Mounting plugin GitSourceControl
LogPluginManager: Mounting plugin KDevelopSourceCodeAccess
LogPluginManager: Mounting plugin NullSourceCodeAccess
LogPluginManager: Mounting plugin PerforceSourceControl
LogPluginManager: Mounting plugin SubversionSourceControl
LogPluginManager: Mounting plugin UObjectPlugin
LogPluginManager: Mounting plugin VisualStudioCodeSourceCodeAccess
LogPluginManager: Mounting plugin VisualStudioSourceCodeAccess
LogPluginManager: Mounting plugin XCodeSourceCodeAccess
LogPluginManager: Mounting plugin AssetManagerEditor
LogPluginManager: Mounting plugin CryptoKeys
LogPluginManager: Mounting plugin DataValidation
LogPluginManager: Mounting plugin FacialAnimation
LogPluginManager: Mounting plugin GameplayTagsEditor
LogPluginManager: Mounting plugin MobileLauncherProfileWizard
LogPluginManager: Mounting plugin PluginBrowser
LogPluginManager: Mounting plugin SpeedTreeImporter
LogPluginManager: Mounting plugin DatasmithContent
LogPluginManager: Mounting plugin AlembicImporter
LogPluginManager: Mounting plugin CharacterAI
LogPluginManager: Mounting plugin HTML5Networking
LogPluginManager: Mounting plugin AndroidMedia
LogPluginManager: Mounting plugin AvfMedia
LogPluginManager: Mounting plugin ImgMedia
LogPluginManager: Mounting plugin LinearTimecode
LogPluginManager: Mounting plugin MediaCompositing
LogPluginManager: Mounting plugin MediaPlayerEditor
LogPluginManager: Mounting plugin WmfMedia
LogPluginManager: Mounting plugin TcpMessaging
LogPluginManager: Mounting plugin UdpMessaging
LogPluginManager: Mounting plugin ActorSequence
LogPluginManager: Mounting plugin LevelSequenceEditor
LogPluginManager: Mounting plugin MatineeToLevelSequence
LogPluginManager: Mounting plugin NetcodeUnitTest
LogPluginManager: Mounting plugin NUTUnrealEngine4
LogPluginManager: Mounting plugin OnlineSubsystemGooglePlay
LogPluginManager: Mounting plugin OnlineSubsystemIOS
LogPluginManager: Mounting plugin OnlineSubsystem
LogPluginManager: Mounting plugin OnlineSubsystemNull
LogPluginManager: Mounting plugin OnlineSubsystemSteam
LogPluginManager: Mounting plugin OnlineSubsystemUtils
LogPluginManager: Mounting plugin AndroidDeviceProfileSelector
LogPluginManager: Mounting plugin AndroidMoviePlayer
LogPluginManager: Mounting plugin AndroidPermission
LogPluginManager: Mounting plugin ApexDestruction
LogPluginManager: Mounting plugin AppleARKit
LogPluginManager: Mounting plugin AppleMoviePlayer
LogPluginManager: Mounting plugin ArchVisCharacter
LogPluginManager: Mounting plugin AudioCapture
LogPluginManager: Mounting plugin CableComponent
LogPluginManager: Mounting plugin CustomMeshComponent
LogPluginManager: Mounting plugin ExampleDeviceProfileSelector
LogPluginManager: Mounting plugin GoogleCloudMessaging
LogPluginManager: Mounting plugin ImmediatePhysics
LogPluginManager: Mounting plugin IOSDeviceProfileSelector
LogPluginManager: Mounting plugin LinuxDeviceProfileSelector
LogPluginManager: Mounting plugin LocationServicesBPLibrary
LogPluginManager: Mounting plugin MobilePatchingUtils
LogPluginManager: Mounting plugin OculusVR
LogPluginManager: Plugin shader directory ../../../Engine/Plugins/Runtime/Oculus/OculusVR/Shaders found
LogPluginManager: Mapping shader source directory ../../../Engine/Plugins/Runtime/Oculus/OculusVR/Shaders to virtual directory /Plugin/OculusVR
LogPluginManager: Mounting plugin PhysXVehicles
LogPluginManager: Mounting plugin ProceduralMeshComponent
LogPluginManager: Mounting plugin RuntimePhysXCooking
LogPluginManager: Mounting plugin SteamVR
LogPluginManager: Mounting plugin WindowsMoviePlayer
LogPluginManager: Mounting plugin VictoryBPLibrary
LogStreaming: Display: Took  0.795s to configure plugins.
LogInit: Using libcurl 7.47.1
LogInit:  - built for x86_64-pc-win32
LogInit:  - supports SSL with OpenSSL/1.0.2g
LogInit:  - supports HTTP deflate (compression) using libz 1.2.8
LogInit:  - other features:
LogInit:      CURL_VERSION_SSL
LogInit:      CURL_VERSION_LIBZ
LogInit:      CURL_VERSION_IPV6
LogInit:      CURL_VERSION_ASYNCHDNS
LogInit:      CURL_VERSION_LARGEFILE
LogInit:      CURL_VERSION_IDN
LogInit:  CurlRequestOptions (configurable via config and command line):
LogInit:  - bVerifyPeer = false  - Libcurl will NOT verify peer certificate
LogInit:  - bUseHttpProxy = false  - Libcurl will NOT use HTTP proxy
LogInit:  - bDontReuseConnections = false  - Libcurl will reuse connections
LogInit:  - CertBundlePath = nullptr  - Libcurl will use whatever was configured at build time.
LogInit:  - MaxHostConnections = 16  - Libcurl will limit the number of connections to a host
LogInit:  - LocalHostAddr = Default
LogOnline: Display: STEAM: Loading Steam SDK 1.39
LogWindows: Failed to load '../../../Engine/Binaries/ThirdParty/Steamworks/Steamv139/Win64/steamclient64.dll' (GetLastError=126)
LogWindows: File '../../../Engine/Binaries/ThirdParty/Steamworks/Steamv139/Win64/steamclient64.dll' does not exist
LogOnline: Warning: STEAM: Steam API disabled!
LogOnline: Display: STEAM: OnlineSubsystemSteam::Shutdown()
LogInit: WinSock: version 1.1 (2.2), MaxSocks=32767, MaxUdp=65467
LogInit: WinSock: I am DESKTOP-LI0N2FC (192.168.29.155:0)
LogInit: Build: ++UE4+Release-4.19-CL-4033788
LogInit: Engine Version: 4.19.2-4033788+++UE4+Release-4.19
LogInit: Compatible Engine Version: 4.19.0-3944462+++UE4+Release-4.19
LogInit: Net CL: 3944462
LogDevObjectVersion: Number of dev versions registered: 18
LogDevObjectVersion:   Dev-Blueprints (B0D832E4-1F89-4F0D-ACCF-7EB736FD4AA2): 10
LogDevObjectVersion:   Dev-Build (E1C64328-A22C-4D53-A36C-8E866417BD8C): 0
LogDevObjectVersion:   Dev-Core (375EC13C-06E4-48FB-B500-84F0262A717E): 2
LogDevObjectVersion:   Dev-Editor (E4B068ED-F494-42E9-A231-DA0B2E46BB41): 23
LogDevObjectVersion:   Dev-Framework (CFFC743F-43B0-4480-9391-14DF171D2073): 33
LogDevObjectVersion:   Dev-Mobile (B02B49B5-BB20-44E9-A304-32B752E40360): 2
LogDevObjectVersion:   Dev-Networking (A4E4105C-59A1-49B5-A7C5-40C4547EDFEE): 0
LogDevObjectVersion:   Dev-Online (39C831C9-5AE6-47DC-9A44-9C173E1C8E7C): 0
LogDevObjectVersion:   Dev-Physics (78F01B33-EBEA-4F98-B9B4-84EACCB95AA2): 0
LogDevObjectVersion:   Dev-Platform (6631380F-2D4D-43E0-8009-CF276956A95A): 0
LogDevObjectVersion:   Dev-Rendering (12F88B9F-8875-4AFC-A67C-D90C383ABD29): 25
LogDevObjectVersion:   Dev-Sequencer (7B5AE74C-D270-4C10-A958-57980B212A5A): 6
LogDevObjectVersion:   Dev-VR (D7296918-1DD6-4BDD-9DE2-64A83CC13884): 1
LogDevObjectVersion:   Dev-LoadTimes (C2A15278-BFE7-4AFE-6C17-90FF531DF755): 1
LogDevObjectVersion:   Private-Geometry (6EACA3D4-40EC-4CC1-B786-8BED09428FC5): 2
LogDevObjectVersion:   Dev-AnimPhys (29E575DD-E0A3-4627-9D10-D276232CDCEA): 16
LogDevObjectVersion:   Dev-ReflectionCapture (6B266CEC-1EC7-4B8F-A30B-E4D90942FC07): 1
LogDevObjectVersion:   Dev-Automation (0DF73D61-A23F-47EA-B727-89E90C41499A): 1
LogInit: Compiled (64-bit): Apr 27 2018 02:06:57
LogInit: Compiled with Visual C++: 19.00.24215.01
LogInit: Build Configuration: Development
LogInit: Branch Name: ++UE4+Release-4.19
LogInit: Command Line:  /Game/Maps/Arena01 -game -PIEVIACONSOLE -ResX=640 -ResY=480  -Multiprocess -messaging -SessionName="Play in Standalone Game" -port=17777 -windowed GameUserSettingsINI="G:/DarkActive/Unreal Projects/DarkCrystalstutter/Saved/Config/Windows/PIEGameUserSettings0.ini" -MultiprocessSaveConfig  -MultiprocessOSS -server -log 
LogInit: Base Directory: G:/Epic Games/UE_4.19/Engine/Binaries/Win64/
LogInit: Installed Engine Build: 1
LogStreaming: Display: Took  0.007s to delete old logs.
LogInit: Presizing for max 8388607 objects, including 0 objects not considered by GC, pre-allocating 0 bytes for permanent pool.
LogInit: Object subsystem initialized
[2018.08.21-15.04.01:768][  0]LogInit: Selected Device Profile: [Windows]
[2018.08.21-15.04.01:768][  0]LogInit: Applying CVar settings loaded from the selected device profile: [Windows]
[2018.08.21-15.04.01:771][  0]LogInit: Computer: DESKTOP-LI0N2FC
[2018.08.21-15.04.01:772][  0]LogInit: User: Kappa
[2018.08.21-15.04.01:772][  0]LogInit: CPU Page size=4096, Cores=4
[2018.08.21-15.04.01:772][  0]LogInit: High frequency timer resolution =4.101571 MHz
[2018.08.21-15.04.01:772][  0]LogMemory: Memory total: Physical=31.9GB (32GB approx)
[2018.08.21-15.04.01:772][  0]LogMemory: Platform Memory Stats for Windows
[2018.08.21-15.04.01:772][  0]LogMemory: Process Physical Memory: 276.64 MB used, 276.64 MB peak
[2018.08.21-15.04.01:773][  0]LogMemory: Process Virtual Memory: 276.39 MB used, 276.39 MB peak
[2018.08.21-15.04.01:773][  0]LogMemory: Physical Memory: 13243.38 MB used,  19449.43 MB free, 32692.81 MB total
[2018.08.21-15.04.01:773][  0]LogMemory: Virtual Memory: 4801.96 MB used,  19449.43 MB free, 134217728.00 MB total
[2018.08.21-15.04.01:781][  0]LogInit: Using OS detected language (en-US).
[2018.08.21-15.04.01:781][  0]LogInit: Using OS detected locale (en-US).
[2018.08.21-15.04.01:782][  0]LogTextLocalizationManager: No localization for 'en-US' exists, so 'en' will be used for the language.
[2018.08.21-15.04.01:782][  0]LogTextLocalizationManager: No localization for 'en-US' exists, so 'en' will be used for the locale.
[2018.08.21-15.04.02:114][  0]LogStreaming: Display: Took  0.332s to EndInitTextLocalization.
[2018.08.21-15.04.02:128][  0]LogShaderCompilers: Guid format shader working directory is -14 characters bigger than the processId version (../../../../../DarkActive/Unreal Projects/DarkCrystalstutter/Intermediate/Shaders/WorkingDirectory/4892/).
[2018.08.21-15.04.02:128][  0]LogShaderCompilers: Cleaned the shader compiler working directory 'C:/Users/Kappa/AppData/Local/Temp/UnrealShaderWorkingDir/082B82DE4C855EB19A6FDE80C21D882C/'.
[2018.08.21-15.04.02:299][  0]LogTemp: Display: Loaded TP WindowsClientTargetPlatform
[2018.08.21-15.04.02:311][  0]LogTemp: Display: Loaded TP WindowsNoEditorTargetPlatform
[2018.08.21-15.04.02:322][  0]LogTemp: Display: Loaded TP WindowsServerTargetPlatform
[2018.08.21-15.04.02:335][  0]LogTemp: Display: Loaded TP WindowsTargetPlatform
[2018.08.21-15.04.02:335][  0]LogTargetPlatformManager: Display: Building Assets For Windows
[2018.08.21-15.04.02:406][  0]LogXGEController: Cannot use XGE Controller as Incredibuild is not installed on this machine.
[2018.08.21-15.04.02:406][  0]LogShaderCompilers: Cannot use XGE Shader Compiler as Incredibuild is not installed on this machine.
[2018.08.21-15.04.02:407][  0]LogShaderCompilers: Display: Using Local Shader Compiler.
[2018.08.21-15.04.02:807][  0]LogDerivedDataCache: Display: Max Cache Size: 512 MB
[2018.08.21-15.04.02:865][  0]LogDerivedDataCache: Loaded boot cache 0.06s 74MB C:/Users/Kappa/AppData/Local/UnrealEngine/4.19/DerivedDataCache/Boot.ddc.
[2018.08.21-15.04.02:865][  0]LogDerivedDataCache: Display: Loaded Boot cache: C:/Users/Kappa/AppData/Local/UnrealEngine/4.19/DerivedDataCache/Boot.ddc
[2018.08.21-15.04.02:865][  0]LogDerivedDataCache: FDerivedDataBackendGraph:  Pak pak cache file ../../../../../DarkActive/Unreal Projects/DarkCrystalstutter/DerivedDataCache/DDC.ddp not found, will not use a pak cache.
[2018.08.21-15.04.02:866][  0]LogDerivedDataCache: Unable to find inner node Pak for hierarchical cache Hierarchy.
[2018.08.21-15.04.02:866][  0]LogDerivedDataCache: FDerivedDataBackendGraph:  CompressedPak pak cache file ../../../../../DarkActive/Unreal Projects/DarkCrystalstutter/DerivedDataCache/Compressed.ddp not found, will not use a pak cache.
[2018.08.21-15.04.02:866][  0]LogDerivedDataCache: Unable to find inner node CompressedPak for hierarchical cache Hierarchy.
[2018.08.21-15.04.02:877][  0]LogDerivedDataCache: Display: Pak cache opened for reading ../../../Engine/DerivedDataCache/Compressed.ddp.
[2018.08.21-15.04.02:889][  0]LogDerivedDataCache: Using Local data cache path C:/Users/Kappa/AppData/Local/UnrealEngine/Common/DerivedDataCache: Writable
[2018.08.21-15.04.02:889][  0]LogDerivedDataCache: Shared data cache path not found in *engine.ini, will not use an Shared cache.
[2018.08.21-15.04.02:889][  0]LogDerivedDataCache: Unable to find inner node Shared for hierarchical cache Hierarchy.
[2018.08.21-15.04.02:921][  0]LogAssetRegistry: FAssetRegistry took 0.0032 seconds to start up
[2018.08.21-15.04.03:103][  0]LogPackageLocalizationCache: Processed 9 localized package path(s) for 1 prioritized culture(s) in 0.011696 seconds
[2018.08.21-15.04.03:189][  0]LogInit: Selected Device Profile: [Windows]
[2018.08.21-15.04.03:232][  0]LogSimplygon: Simplygon DLL not present - disabling.
[2018.08.21-15.04.03:233][  0]LogMeshReduction: Using SimplygonSwarm for distributed automatic mesh merging
[2018.08.21-15.04.03:234][  0]LogMeshReduction: Using QuadricMeshReduction for automatic static mesh reduction
[2018.08.21-15.04.03:234][  0]LogMeshReduction: No automatic skeletal mesh reduction module available
[2018.08.21-15.04.03:234][  0]LogMeshReduction: No automatic mesh merging module available
[2018.08.21-15.04.03:234][  0]LogMeshMerging: No automatic mesh merging module available
[2018.08.21-15.04.03:250][  0]LogNetVersion: DarkCrystalstutter , NetCL: 3944462, EngineNetVer: 2, GameNetVer: 0 (Checksum: 1586386174)
[2018.08.21-15.04.03:596][  0]LogTcpMessaging: Initializing TcpMessaging bridge
[2018.08.21-15.04.03:618][  0]LogUdpMessaging: Initializing bridge on interface 0.0.0.0:0 to multicast group 230.0.0.1:6666.
[2018.08.21-15.04.03:711][  0]LogCollectionManager: Loaded 0 collections in 0.000986 seconds
[2018.08.21-15.04.03:746][  0]LogFileCache: Scanning file cache for directory 'G:/DarkActive/Unreal Projects/DarkCrystalstutter/Saved/Collections/' took 0.01s
[2018.08.21-15.04.03:746][  0]LogFileCache: Scanning file cache for directory 'G:/DarkActive/Unreal Projects/DarkCrystalstutter/Content/Developers/Kappa/Collections/' took 0.01s
[2018.08.21-15.04.03:747][  0]LogFileCache: Scanning file cache for directory 'G:/DarkActive/Unreal Projects/DarkCrystalstutter/Content/Collections/' took 0.01s
[2018.08.21-15.04.03:747][  0]LogCollectionManager: Rebuilt the object cache for 0 collections in 0.000000 seconds (found 0 objects)
[2018.08.21-15.04.03:747][  0]LogCollectionManager: Fixed up redirectors for 0 collections in 0.001240 seconds (updated 0 objects)
[2018.08.21-15.04.03:867][  0]SourceControl: Source control is disabled
[2018.08.21-15.04.03:868][  0]SourceControl: Source control is disabled
[2018.08.21-15.04.03:883][  0]SourceControl: Source control is disabled
[2018.08.21-15.04.04:127][  0]LogAndroidPermission: UAndroidPermissionCallbackProxy::GetInstance
[2018.08.21-15.04.04:224][  0]LogOcInput: OculusInput pre-init called
[2018.08.21-15.04.04:250][  0]LogUObjectArray: 41286 objects as part of root set at end of initial load.
[2018.08.21-15.04.04:250][  0]LogUObjectAllocator: 8567600 out of 0 bytes used by permanent object pool.
[2018.08.21-15.04.04:251][  0]LogUObjectArray: CloseDisregardForGC: 0/0 objects in disregard for GC pool
[2018.08.21-15.04.04:280][  0]LogEngine: Initializing Engine...
[2018.08.21-15.04.04:282][  0]LogStats: UGameplayTagsManager::ConstructGameplayTagTree: Construct from data asset -  0.000 s
[2018.08.21-15.04.04:282][  0]LogStats: UGameplayTagsManager::ConstructGameplayTagTree: GameplayTagTreeChangedEvent.Broadcast -  0.000 s
[2018.08.21-15.04.04:308][  0]LogInit: Texture streaming: Disabled
[2018.08.21-15.04.04:344][  0]LogUObjectGlobals: Created PersistentFrame Addr=0x00000237d1d7ac00, Size=624, Default__GameInfoInstance_C Function /Game/Blueprints/AllLevels/GameInfoInstance.GameInfoInstance_C:ExecuteUbergraph_GameInfoInstance
[2018.08.21-15.04.04:347][  0]LogUObjectGlobals: Created PersistentFrame Addr=0x00000237de5cd530, Size=40, Default__ErrorDialog_C Function /Game/UI/MainMenu/ErrorDialog.ErrorDialog_C:ExecuteUbergraph_ErrorDialog
[2018.08.21-15.04.04:356][  0]LogUObjectGlobals: Created PersistentFrame Addr=0x00000237d7087f60, Size=80, Default__HostMenu_C Function /Game/UI/MainMenu/HostMenu.HostMenu_C:ExecuteUbergraph_HostMenu
[2018.08.21-15.04.04:366][  0]LogUObjectGlobals: Created PersistentFrame Addr=0x00000237de5cd5d0, Size=40, Default__MainMenu_C Function /Game/UI/MainMenu/MainMenu.MainMenu_C:ExecuteUbergraph_MainMenu
[2018.08.21-15.04.04:371][  0]LogUObjectGlobals: Created PersistentFrame Addr=0x00000237d7062be0, Size=104, Default__OptionsMenu_C Function /Game/UI/MainMenu/OptionsMenu.OptionsMenu_C:ExecuteUbergraph_OptionsMenu
[2018.08.21-15.04.04:389][  0]LogUObjectGlobals: Created PersistentFrame Addr=0x00000237d7032200, Size=600, Default__ServerMenu_C Function /Game/UI/MainMenu/ServerMenu.ServerMenu_C:ExecuteUbergraph_ServerMenu
[2018.08.21-15.04.04:434][  0]LogUObjectGlobals: Destroyed PersistentFrame Addr=0x00000237d1d7ac00, Size=624
[2018.08.21-15.04.04:434][  0]LogUObjectGlobals: Created PersistentFrame Addr=0x00000237dff38900, Size=624, Default__GameInfoInstance_C Function /Engine/Transient.REINST_GameInfoInstance_C_2:ExecuteUbergraph_GameInfoInstance
[2018.08.21-15.04.04:435][  0]LogUObjectGlobals: Destroyed PersistentFrame Addr=0x00000237de5cd530, Size=40
[2018.08.21-15.04.04:435][  0]LogUObjectGlobals: Created PersistentFrame Addr=0x00000237dada16c0, Size=40, Default__ErrorDialog_C Function /Engine/Transient.REINST_ErrorDialog_C_0:ExecuteUbergraph_ErrorDialog
[2018.08.21-15.04.04:436][  0]LogUObjectGlobals: Destroyed PersistentFrame Addr=0x00000237d7087f60, Size=80
[2018.08.21-15.04.04:436][  0]LogUObjectGlobals: Created PersistentFrame Addr=0x00000237d844ec50, Size=80, Default__HostMenu_C Function /Engine/Transient.REINST_HostMenu_C_1:ExecuteUbergraph_HostMenu
[2018.08.21-15.04.04:436][  0]LogUObjectGlobals: Destroyed PersistentFrame Addr=0x00000237de5cd5d0, Size=40
[2018.08.21-15.04.04:436][  0]LogUObjectGlobals: Created PersistentFrame Addr=0x00000237dada15d0, Size=40, Default__MainMenu_C Function /Engine/Transient.REINST_MainMenu_C_3:ExecuteUbergraph_MainMenu
[2018.08.21-15.04.04:437][  0]LogUObjectGlobals: Destroyed PersistentFrame Addr=0x00000237d7062be0, Size=104
[2018.08.21-15.04.04:437][  0]LogUObjectGlobals: Created PersistentFrame Addr=0x00000237d844ada0, Size=104, Default__OptionsMenu_C Function /Engine/Transient.REINST_OptionsMenu_C_4:ExecuteUbergraph_OptionsMenu
[2018.08.21-15.04.04:438][  0]LogUObjectGlobals: Destroyed PersistentFrame Addr=0x00000237d7032200, Size=600
[2018.08.21-15.04.04:438][  0]LogUObjectGlobals: Created PersistentFrame Addr=0x00000237d8487d80, Size=600, Default__ServerMenu_C Function /Engine/Transient.REINST_ServerMenu_C_5:ExecuteUbergraph_ServerMenu
[2018.08.21-15.04.04:472][  0]LogUObjectGlobals: Created PersistentFrame Addr=0x00000237d8945580, Size=624, Default__GameInfoInstance_C Function /Game/Blueprints/AllLevels/GameInfoInstance.GameInfoInstance_C:ExecuteUbergraph_GameInfoInstance
[2018.08.21-15.04.04:474][  0]LogUObjectGlobals: Created PersistentFrame Addr=0x00000237dada1d50, Size=40, Default__ErrorDialog_C Function /Game/UI/MainMenu/ErrorDialog.ErrorDialog_C:ExecuteUbergraph_ErrorDialog
[2018.08.21-15.04.04:475][  0]LogUObjectGlobals: Created PersistentFrame Addr=0x00000237d8920bd0, Size=80, Default__HostMenu_C Function /Game/UI/MainMenu/HostMenu.HostMenu_C:ExecuteUbergraph_HostMenu
[2018.08.21-15.04.04:476][  0]LogUObjectGlobals: Created PersistentFrame Addr=0x00000237dada2728, Size=40, Default__MainMenu_C Function /Game/UI/MainMenu/MainMenu.MainMenu_C:ExecuteUbergraph_MainMenu
[2018.08.21-15.04.04:477][  0]LogUObjectGlobals: Created PersistentFrame Addr=0x00000237d889b970, Size=104, Default__OptionsMenu_C Function /Game/UI/MainMenu/OptionsMenu.OptionsMenu_C:ExecuteUbergraph_OptionsMenu
[2018.08.21-15.04.04:479][  0]LogUObjectGlobals: Created PersistentFrame Addr=0x00000237d88bae80, Size=592, Default__ServerMenu_C Function /Game/UI/MainMenu/ServerMenu.ServerMenu_C:ExecuteUbergraph_ServerMenu
[2018.08.21-15.04.04:498][  0]LogInit: Display: Game Engine Initialized.
[2018.08.21-15.04.04:498][  0]LogGameplayTags: Display: UGameplayTagsManager::DoneAddingNativeTags. DelegateIsBound: 0
[2018.08.21-15.04.04:499][  0]LogStats: UGameplayTagsManager::ConstructGameplayTagTree: Construct from data asset -  0.000 s
[2018.08.21-15.04.04:499][  0]LogStats: UGameplayTagsManager::ConstructGameplayTagTree: GameplayTagTreeChangedEvent.Broadcast -  0.000 s
[2018.08.21-15.04.04:555][  0]LogInit: Display: Starting Game.
[2018.08.21-15.04.04:555][  0]LogNet: Browse: /Game/Maps/Arena01?Name=Player
[2018.08.21-15.04.04:555][  0]LogLoad: LoadMap: /Game/Maps/Arena01?Name=Player
[2018.08.21-15.04.04:570][  0]LogUObjectGlobals: Destroyed PersistentFrame Addr=0x00000237dff38900, Size=624
[2018.08.21-15.04.04:570][  0]LogUObjectGlobals: Destroyed PersistentFrame Addr=0x00000237dada16c0, Size=40
[2018.08.21-15.04.04:570][  0]LogUObjectGlobals: Destroyed PersistentFrame Addr=0x00000237d844ec50, Size=80
[2018.08.21-15.04.04:570][  0]LogUObjectGlobals: Destroyed PersistentFrame Addr=0x00000237dada15d0, Size=40
[2018.08.21-15.04.04:571][  0]LogUObjectGlobals: Destroyed PersistentFrame Addr=0x00000237d844ada0, Size=104
[2018.08.21-15.04.04:571][  0]LogUObjectGlobals: Destroyed PersistentFrame Addr=0x00000237d8487d80, Size=600
[2018.08.21-15.04.04:601][  0]LogUObjectGlobals: Created PersistentFrame Addr=0x00000237d88ec800, Size=256, Default__GameplayGM_C Function /Game/Blueprints/Gameplay/GameplayGM.GameplayGM_C:ExecuteUbergraph_GameplayGM
[2018.08.21-15.04.04:609][  0]LogLinker: Can't find file '/Game/Blueprints/Characters/Female/Kachujin/Animations/Montages/AM_Roll'
[2018.08.21-15.04.04:610][  0]LogLinker: Can't find file '/Game/Blueprints/Characters/Female/Kachujin/Animations/Montages/AM_Roll'
[2018.08.21-15.04.04:611][  0]LogUObjectGlobals: Created PersistentFrame Addr=0x00000237dff3a700, Size=544, Default__0_Base_C Function /Game/Blueprints/Characters/0_Base.0_Base_C:ExecuteUbergraph_0_Base
[2018.08.21-15.04.04:629][  0]LogUObjectGlobals: Created PersistentFrame Addr=0x00000237d85ac680, Size=32, Default__ABP_WoodenBow_C Function /Game/Blueprints/Items/Weapons/WoodenBow/ABP_WoodenBow.ABP_WoodenBow_C:ExecuteUbergraph_ABP_WoodenBow
[2018.08.21-15.04.04:637][  0]LogUObjectGlobals: Created PersistentFrame Addr=0x00000237d193f010, Size=72, Default__BPC_MontageManager_C Function /Game/Blueprints/Components/BPC_MontageManager.BPC_MontageManager_C:ExecuteUbergraph_BPC_MontageManager
[2018.08.21-15.04.04:657][  0]LogUObjectGlobals: Created PersistentFrame Addr=0x00000237d8889600, Size=2528, Default__GameplayPC_C Function /Game/Blueprints/Gameplay/GameplayPC.GameplayPC_C:ExecuteUbergraph_GameplayPC
[2018.08.21-15.04.04:659][  0]LogUObjectGlobals: Created PersistentFrame Addr=0x00000237d85941c0, Size=96, Default__GameplayPS_C Function /Game/Blueprints/Gameplay/GameplayPS.GameplayPS_C:ExecuteUbergraph_GameplayPS
[2018.08.21-15.04.04:688][  0]LogUObjectGlobals: Created PersistentFrame Addr=0x00000237dd4fd580, Size=320, Default__ChatWindow_C Function /Game/UI/AllLevels/ChatWindow.ChatWindow_C:ExecuteUbergraph_ChatWindow
[2018.08.21-15.04.04:691][  0]LogUObjectGlobals: Created PersistentFrame Addr=0x00000237d703bc80, Size=888, Default__LobbyPC_C Function /Game/Blueprints/Lobby/LobbyPC.LobbyPC_C:ExecuteUbergraph_LobbyPC
[2018.08.21-15.04.04:693][  0]LogUObjectGlobals: Created PersistentFrame Addr=0x00000237dd4a3d00, Size=752, Default__LobbyGM_C Function /Game/Blueprints/Lobby/LobbyGM.LobbyGM_C:ExecuteUbergraph_LobbyGM
[2018.08.21-15.04.04:698][  0]LogUObjectGlobals: Created PersistentFrame Addr=0x00000237dd47ee80, Size=544, Default__BP_MaleCharacter_C Function /Game/Blueprints/Characters/0_Base.0_Base_C:ExecuteUbergraph_0_Base
[2018.08.21-15.04.04:705][  0]LogUObjectGlobals: Created PersistentFrame Addr=0x00000237dd47e700, Size=544, Default__BP_MaleCharacter_C Function /Game/Blueprints/Characters/0_Base.0_Base_C:ExecuteUbergraph_0_Base
[2018.08.21-15.04.04:717][  0]LogUObjectGlobals: Created PersistentFrame Addr=0x00000237d7062e80, Size=112, Default__ABP_BerserkerDefault_C Function /Game/Characters/Berserker_S1/Blueprints/ABP_BerserkerDefault.ABP_BerserkerDefault_C:ExecuteUbergraph_ABP_BerserkerDefault
[2018.08.21-15.04.04:742][  0]LogUObjectGlobals: Created PersistentFrame Addr=0x00000237dd0c1f80, Size=544, Default__BP_FemaleCharacter_C Function /Game/Blueprints/Characters/0_Base.0_Base_C:ExecuteUbergraph_0_Base
[2018.08.21-15.04.04:745][  0]LogUObjectGlobals: Created PersistentFrame Addr=0x00000237dd0afc00, Size=128, Default__ABP_Kachujin_C Function /Game/Characters/Kachujin/ABP_Kachujin.ABP_Kachujin_C:ExecuteUbergraph_ABP_Kachujin
[2018.08.21-15.04.04:780][  0]LogUObjectGlobals: Created PersistentFrame Addr=0x00000237dd891080, Size=544, Default__Tusk_C Function /Game/Blueprints/Characters/0_Base.0_Base_C:ExecuteUbergraph_0_Base
[2018.08.21-15.04.04:783][  0]LogUObjectGlobals: Created PersistentFrame Addr=0x00000237d989e0c0, Size=64, Default__0_BaseAnimBP_C Function /Game/InfinityBladeWarriors/Animations/0_BaseAnimBP.0_BaseAnimBP_C:ExecuteUbergraph_0_BaseAnimBP
[2018.08.21-15.04.04:803][  0]LogUObjectGlobals: Created PersistentFrame Addr=0x00000237d98d4a40, Size=312, Default__LobbyMenu_C Function /Game/UI/Lobby/LobbyMenu.LobbyMenu_C:ExecuteUbergraph_LobbyMenu
[2018.08.21-15.04.04:806][  0]LogUObjectGlobals: Created PersistentFrame Addr=0x00000237e0c45210, Size=80, Default__CharacterSelect_C Function /Game/UI/Lobby/CharacterSelect.CharacterSelect_C:ExecuteUbergraph_CharacterSelect
[2018.08.21-15.04.04:822][  0]LogUObjectGlobals: Created PersistentFrame Addr=0x00000237e106a5c0, Size=192, Default__GameSettings_C Function /Game/UI/Lobby/GameSettings.GameSettings_C:ExecuteUbergraph_GameSettings
[2018.08.21-15.04.04:823][  0]LogUObjectGlobals: Created PersistentFrame Addr=0x00000237d988e820, Size=32, Default__PlayerButton_C Function /Game/UI/Lobby/PlayerButton.PlayerButton_C:ExecuteUbergraph_PlayerButton
[2018.08.21-15.04.04:850][  0]LogUObjectGlobals: Created PersistentFrame Addr=0x00000237dfa99890, Size=4, Default__ConnectedPlayer_C Function /Game/UI/Lobby/ConnectedPlayer.ConnectedPlayer_C:ExecuteUbergraph_ConnectedPlayer
[2018.08.21-15.04.04:959][  0]LogUObjectGlobals: Destroyed PersistentFrame Addr=0x00000237d989e0c0, Size=64
[2018.08.21-15.04.04:959][  0]LogUObjectGlobals: Created PersistentFrame Addr=0x00000237e1bb5200, Size=64, Default__0_BaseAnimBP_C Function /Engine/Transient.REINST_0_BaseAnimBP_C_0:ExecuteUbergraph_0_BaseAnimBP
[2018.08.21-15.04.04:963][  0]LogUObjectGlobals: Destroyed PersistentFrame Addr=0x00000237d7062e80, Size=112
[2018.08.21-15.04.04:963][  0]LogUObjectGlobals: Created PersistentFrame Addr=0x00000237e1849280, Size=112, Default__ABP_BerserkerDefault_C Function /Engine/Transient.REINST_ABP_BerserkerDefault_C_1:ExecuteUbergraph_ABP_BerserkerDefault
[2018.08.21-15.04.04:964][  0]LogUObjectGlobals: Destroyed PersistentFrame Addr=0x00000237dd0afc00, Size=128
[2018.08.21-15.04.04:964][  0]LogUObjectGlobals: Created PersistentFrame Addr=0x00000237e1b91580, Size=128, Default__ABP_Kachujin_C Function /Engine/Transient.REINST_ABP_Kachujin_C_2:ExecuteUbergraph_ABP_Kachujin
[2018.08.21-15.04.04:965][  0]LogUObjectGlobals: Destroyed PersistentFrame Addr=0x00000237d85ac680, Size=32
[2018.08.21-15.04.04:965][  0]LogUObjectGlobals: Created PersistentFrame Addr=0x00000237e17dae00, Size=32, Default__ABP_WoodenBow_C Function /Engine/Transient.REINST_ABP_WoodenBow_C_3:ExecuteUbergraph_ABP_WoodenBow
[2018.08.21-15.04.04:967][  0]LogUObjectGlobals: Destroyed PersistentFrame Addr=0x00000237d193f010, Size=72
[2018.08.21-15.04.04:967][  0]LogUObjectGlobals: Created PersistentFrame Addr=0x00000237e17971a0, Size=72, Default__BPC_MontageManager_C Function /Engine/Transient.REINST_BPC_MontageManager_C_19:ExecuteUbergraph_BPC_MontageManager
[2018.08.21-15.04.04:969][  0]LogUObjectGlobals: Destroyed PersistentFrame Addr=0x00000237dff3a700, Size=544
[2018.08.21-15.04.04:970][  0]LogUObjectGlobals: Created PersistentFrame Addr=0x00000237e1ba8900, Size=544, Default__0_Base_C Function /Engine/Transient.REINST_0_Base_C_23:ExecuteUbergraph_0_Base
[2018.08.21-15.04.04:972][  0]LogUObjectGlobals: Destroyed PersistentFrame Addr=0x00000237e0c45210, Size=80
[2018.08.21-15.04.04:972][  0]LogUObjectGlobals: Created PersistentFrame Addr=0x00000237e1794400, Size=80, Default__CharacterSelect_C Function /Engine/Transient.REINST_CharacterSelect_C_6:ExecuteUbergraph_CharacterSelect
[2018.08.21-15.04.04:972][  0]LogUObjectGlobals: Destroyed PersistentFrame Addr=0x00000237dd4fd580, Size=320
[2018.08.21-15.04.04:972][  0]LogUObjectGlobals: Created PersistentFrame Addr=0x00000237e1b9d800, Size=320, Default__ChatWindow_C Function /Engine/Transient.REINST_ChatWindow_C_8:ExecuteUbergraph_ChatWindow
[2018.08.21-15.04.04:973][  0]LogUObjectGlobals: Destroyed PersistentFrame Addr=0x00000237dfa99890, Size=4
[2018.08.21-15.04.04:973][  0]LogUObjectGlobals: Created PersistentFrame Addr=0x00000237e140c6e0, Size=4, Default__ConnectedPlayer_C Function /Engine/Transient.REINST_ConnectedPlayer_C_9:ExecuteUbergraph_ConnectedPlayer
[2018.08.21-15.04.04:976][  0]LogUObjectGlobals: Destroyed PersistentFrame Addr=0x00000237d8889600, Size=2528
[2018.08.21-15.04.04:976][  0]LogUObjectGlobals: Created PersistentFrame Addr=0x00000237d8490100, Size=2528, Default__GameplayPC_C Function /Engine/Transient.REINST_GameplayPC_C_26:ExecuteUbergraph_GameplayPC
[2018.08.21-15.04.04:976][  0]LogUObjectGlobals: Destroyed PersistentFrame Addr=0x00000237d85941c0, Size=96
[2018.08.21-15.04.04:976][  0]LogUObjectGlobals: Created PersistentFrame Addr=0x00000237e1b64760, Size=96, Default__GameplayPS_C Function /Engine/Transient.REINST_GameplayPS_C_27:ExecuteUbergraph_GameplayPS
[2018.08.21-15.04.04:977][  0]LogUObjectGlobals: Destroyed PersistentFrame Addr=0x00000237e106a5c0, Size=192
[2018.08.21-15.04.04:977][  0]LogUObjectGlobals: Created PersistentFrame Addr=0x00000237e17bf400, Size=192, Default__GameSettings_C Function /Engine/Transient.REINST_GameSettings_C_11:ExecuteUbergraph_GameSettings
[2018.08.21-15.04.04:980][  0]LogUObjectGlobals: Destroyed PersistentFrame Addr=0x00000237d98d4a40, Size=312
[2018.08.21-15.04.04:981][  0]LogUObjectGlobals: Created PersistentFrame Addr=0x00000237e1b9ccc0, Size=312, Default__LobbyMenu_C Function /Engine/Transient.REINST_LobbyMenu_C_12:ExecuteUbergraph_LobbyMenu
[2018.08.21-15.04.04:982][  0]LogUObjectGlobals: Destroyed PersistentFrame Addr=0x00000237d703bc80, Size=888
[2018.08.21-15.04.04:982][  0]LogUObjectGlobals: Created PersistentFrame Addr=0x00000237e1704480, Size=888, Default__LobbyPC_C Function /Engine/Transient.REINST_LobbyPC_C_28:ExecuteUbergraph_LobbyPC
[2018.08.21-15.04.04:982][  0]LogUObjectGlobals: Destroyed PersistentFrame Addr=0x00000237d988e820, Size=32
[2018.08.21-15.04.04:983][  0]LogUObjectGlobals: Created PersistentFrame Addr=0x00000237e17da680, Size=32, Default__PlayerButton_C Function /Engine/Transient.REINST_PlayerButton_C_13:ExecuteUbergraph_PlayerButton
[2018.08.21-15.04.04:983][  0]LogUObjectGlobals: Destroyed PersistentFrame Addr=0x00000237dd0c1f80, Size=544
[2018.08.21-15.04.04:983][  0]LogUObjectGlobals: Created PersistentFrame Addr=0x00000237e175fd80, Size=544, Default__BP_FemaleCharacter_C Function /Engine/Transient.REINST_0_Base_C_23:ExecuteUbergraph_0_Base
[2018.08.21-15.04.04:983][  0]LogUObjectGlobals: Destroyed PersistentFrame Addr=0x00000237dd47e700, Size=544
[2018.08.21-15.04.04:984][  0]LogUObjectGlobals: Created PersistentFrame Addr=0x00000237e175fb00, Size=544, Default__BP_MaleCharacter_C Function /Engine/Transient.REINST_0_Base_C_23:ExecuteUbergraph_0_Base
[2018.08.21-15.04.04:984][  0]LogUObjectGlobals: Destroyed PersistentFrame Addr=0x00000237d88ec800, Size=256
[2018.08.21-15.04.04:985][  0]LogUObjectGlobals: Created PersistentFrame Addr=0x00000237e174f000, Size=256, Default__GameplayGM_C Function /Engine/Transient.REINST_GameplayGM_C_32:ExecuteUbergraph_GameplayGM
[2018.08.21-15.04.04:986][  0]LogUObjectGlobals: Destroyed PersistentFrame Addr=0x00000237dd4a3d00, Size=752
[2018.08.21-15.04.04:986][  0]LogUObjectGlobals: Created PersistentFrame Addr=0x00000237e16e3100, Size=752, Default__LobbyGM_C Function /Engine/Transient.REINST_LobbyGM_C_33:ExecuteUbergraph_LobbyGM
[2018.08.21-15.04.04:986][  0]LogUObjectGlobals: Destroyed PersistentFrame Addr=0x00000237dd891080, Size=544
[2018.08.21-15.04.04:986][  0]LogUObjectGlobals: Created PersistentFrame Addr=0x00000237e175f880, Size=544, Default__Tusk_C Function /Engine/Transient.REINST_0_Base_C_23:ExecuteUbergraph_0_Base
[2018.08.21-15.04.05:143][  0]LogUObjectGlobals: Created PersistentFrame Addr=0x00000237e2c1e160, Size=72, Default__0_BaseAnimBP_C Function /Game/InfinityBladeWarriors/Animations/0_BaseAnimBP.0_BaseAnimBP_C:ExecuteUbergraph_0_BaseAnimBP
[2018.08.21-15.04.05:144][  0]LogUObjectGlobals: Created PersistentFrame Addr=0x00000237e2bafba0, Size=112, Default__ABP_BerserkerDefault_C Function /Game/Characters/Berserker_S1/Blueprints/ABP_BerserkerDefault.ABP_BerserkerDefault_C:ExecuteUbergraph_ABP_BerserkerDefault
[2018.08.21-15.04.05:146][  0]LogUObjectGlobals: Created PersistentFrame Addr=0x00000237e2be1c00, Size=128, Default__ABP_Kachujin_C Function /Game/Characters/Kachujin/ABP_Kachujin.ABP_Kachujin_C:ExecuteUbergraph_ABP_Kachujin
[2018.08.21-15.04.05:147][  0]LogUObjectGlobals: Created PersistentFrame Addr=0x00000237e2ba2080, Size=32, Default__ABP_WoodenBow_C Function /Game/Blueprints/Items/Weapons/WoodenBow/ABP_WoodenBow.ABP_WoodenBow_C:ExecuteUbergraph_ABP_WoodenBow
[2018.08.21-15.04.05:151][  0]LogUObjectGlobals: Created PersistentFrame Addr=0x00000237e2b1f0b0, Size=72, Default__BPC_MontageManager_C Function /Game/Blueprints/Components/BPC_MontageManager.BPC_MontageManager_C:ExecuteUbergraph_BPC_MontageManager
[2018.08.21-15.04.05:156][  0]LogUObjectGlobals: Created PersistentFrame Addr=0x00000237e23bda80, Size=536, Default__0_Base_C Function /Game/Blueprints/Characters/0_Base.0_Base_C:ExecuteUbergraph_0_Base
[2018.08.21-15.04.05:158][  0]LogUObjectGlobals: Created PersistentFrame Addr=0x00000237e2aae610, Size=80, Default__CharacterSelect_C Function /Game/UI/Lobby/CharacterSelect.CharacterSelect_C:ExecuteUbergraph_CharacterSelect
[2018.08.21-15.04.05:160][  0]LogUObjectGlobals: Created PersistentFrame Addr=0x00000237e2b23380, Size=320, Default__ChatWindow_C Function /Game/UI/AllLevels/ChatWindow.ChatWindow_C:ExecuteUbergraph_ChatWindow
[2018.08.21-15.04.05:161][  0]LogUObjectGlobals: Created PersistentFrame Addr=0x00000237e2fc0cc0, Size=4, Default__ConnectedPlayer_C Function /Game/UI/Lobby/ConnectedPlayer.ConnectedPlayer_C:ExecuteUbergraph_ConnectedPlayer
[2018.08.21-15.04.05:173][  0]LogUObjectGlobals: Created PersistentFrame Addr=0x00000237e2a2eb00, Size=2528, Default__GameplayPC_C Function /Game/Blueprints/Gameplay/GameplayPC.GameplayPC_C:ExecuteUbergraph_GameplayPC
[2018.08.21-15.04.05:176][  0]LogUObjectGlobals: Created PersistentFrame Addr=0x00000237e29777c0, Size=96, Default__GameplayPS_C Function /Game/Blueprints/Gameplay/GameplayPS.GameplayPS_C:ExecuteUbergraph_GameplayPS
[2018.08.21-15.04.05:180][  0]LogUObjectGlobals: Created PersistentFrame Addr=0x00000237e2928e80, Size=192, Default__GameSettings_C Function /Game/UI/Lobby/GameSettings.GameSettings_C:ExecuteUbergraph_GameSettings
[2018.08.21-15.04.05:185][  0]LogUObjectGlobals: Created PersistentFrame Addr=0x00000237e2b22ac0, Size=320, Default__LobbyMenu_C Function /Game/UI/Lobby/LobbyMenu.LobbyMenu_C:ExecuteUbergraph_LobbyMenu
[2018.08.21-15.04.05:191][  0]LogUObjectGlobals: Created PersistentFrame Addr=0x00000237e28b4f00, Size=880, Default__LobbyPC_C Function /Game/Blueprints/Lobby/LobbyPC.LobbyPC_C:ExecuteUbergraph_LobbyPC
[2018.08.21-15.04.05:193][  0]LogUObjectGlobals: Created PersistentFrame Addr=0x00000237e28d0640, Size=32, Default__PlayerButton_C Function /Game/UI/Lobby/PlayerButton.PlayerButton_C:ExecuteUbergraph_PlayerButton
[2018.08.21-15.04.05:195][  0]LogUObjectGlobals: Created PersistentFrame Addr=0x00000237e2856c00, Size=536, Default__BP_FemaleCharacter_C Function /Game/Blueprints/Characters/0_Base.0_Base_C:ExecuteUbergraph_0_Base
[2018.08.21-15.04.05:196][  0]LogUObjectGlobals: Created PersistentFrame Addr=0x00000237e2856700, Size=536, Default__BP_MaleCharacter_C Function /Game/Blueprints/Characters/0_Base.0_Base_C:ExecuteUbergraph_0_Base
[2018.08.21-15.04.05:200][  0]LogUObjectGlobals: Created PersistentFrame Addr=0x00000237e281bf00, Size=256, Default__GameplayGM_C Function /Game/Blueprints/Gameplay/GameplayGM.GameplayGM_C:ExecuteUbergraph_GameplayGM
[2018.08.21-15.04.05:205][  0]LogUObjectGlobals: Created PersistentFrame Addr=0x00000237e283e080, Size=784, Default__LobbyGM_C Function /Game/Blueprints/Lobby/LobbyGM.LobbyGM_C:ExecuteUbergraph_LobbyGM
[2018.08.21-15.04.05:207][  0]LogUObjectGlobals: Created PersistentFrame Addr=0x00000237e2854400, Size=536, Default__Tusk_C Function /Game/Blueprints/Characters/0_Base.0_Base_C:ExecuteUbergraph_0_Base
[2018.08.21-15.04.05:601][  0]LogSkeletalMesh: Skeletal Mesh found in DDC [1.430184ms] /Game/Characters/Kachujin/SK_Kachujin.SK_Kachujin
[2018.08.21-15.04.05:603][  0]LogSkeletalMesh: Skeletal Mesh found in DDC [0.292327ms] /Game/Blueprints/Items/Weapons/WoodenBow/SK_WoodenBow.SK_WoodenBow
[2018.08.21-15.04.05:645][  0]LogSkeletalMesh: Skeletal Mesh found in DDC [3.005677ms] /Game/Characters/Berserker_S1/Meshes/Combines/SK_Berserker.SK_Berserker
[2018.08.21-15.04.05:664][  0]LogSkeletalMesh: Skeletal Mesh found in DDC [0.437881ms] /Game/InfinityBladeWarriors/Character/CompleteCharacters/SK_CharM_Tusk.SK_CharM_Tusk
[2018.08.21-15.04.05:673][  0]LogSkeletalMesh: Skeletal Mesh found in DDC [0.217234ms] /Game/Blueprints/Items/Weapons/RelicSword/SK_RelicSword.SK_RelicSword
[2018.08.21-15.04.05:753][  0]LogAIModule: Creating AISystem for world Arena01
[2018.08.21-15.04.05:754][  0]LogLoad: Game class is 'GameplayGM_C'
[2018.08.21-15.04.05:755][  0]LogOnline: Warning: STEAM: Steam API disabled!
[2018.08.21-15.04.05:756][  0]LogOnline: Display: STEAM: OnlineSubsystemSteam::Shutdown()
[2018.08.21-15.04.05:756][  0]LogTemp: Display: ParseSettings for GameNetDriver
[2018.08.21-15.04.05:756][  0]LogTemp: Display: ParseSettings for IpNetDriver_0
[2018.08.21-15.04.05:756][  0]LogTemp: Display: ParseSettings for GameNetDriver
[2018.08.21-15.04.05:756][  0]LogInit: WinSock: Socket queue 131072 / 131072
[2018.08.21-15.04.05:757][  0]PacketHandlerLog: Loaded PacketHandler component: Engine.EngineHandlerComponentFactory (StatelessConnectHandlerComponent)
[2018.08.21-15.04.05:757][  0]LogNet: GameNetDriver IpNetDriver_0 IpNetDriver listening on port 17777
[2018.08.21-15.04.05:759][  0]LogWorld: Bringing World /Game/Maps/Arena01.Arena01 up for play (max tick rate 30) at 2018.08.21-08.04.05
[2018.08.21-15.04.05:759][  0]LogOnline: Warning: OSS: AutoLogin missing AUTH_LOGIN=<login id>.
[2018.08.21-15.04.05:759][  0]LogWorld: Bringing up level for play took: 0.001950
[2018.08.21-15.04.05:760][  0]LogGameMode: Display: Match State Changed from EnteringMap to WaitingToStart
[2018.08.21-15.04.05:760][  0]LogGameState: Match State Changed from EnteringMap to WaitingToStart
[2018.08.21-15.04.05:760][  0]LogLoad: Took 1.204397 seconds to LoadMap(/Game/Maps/Arena01)
[2018.08.21-15.04.05:774][  0]LogLoad: (Engine Initialization) Total time: 5.89 seconds
[2018.08.21-15.04.05:774][  0]LogLoad: (Engine Initialization) Total Blueprint compile time: 0.00 seconds
[2018.08.21-15.04.06:650][ 25]LogNet: NotifyAcceptingConnection accepted from: 127.0.0.1:65206
[2018.08.21-15.04.06:650][ 25]LogHandshake: SendConnectChallenge. Timestamp: 0.874542, Cookie: 166006157169038209197243032218048060093219241000021057213179
[2018.08.21-15.04.06:684][ 26]LogNet: NotifyAcceptingConnection accepted from: 127.0.0.1:65206
[2018.08.21-15.04.06:684][ 26]LogHandshake: SendChallengeAck. InCookie: 166006157169038209197243032218048060093219241000021057213179
[2018.08.21-15.04.06:684][ 26]LogNet: Server accepting post-challenge connection from: 127.0.0.1:65206
[2018.08.21-15.04.06:685][ 26]PacketHandlerLog: Loaded PacketHandler component: Engine.EngineHandlerComponentFactory (StatelessConnectHandlerComponent)
[2018.08.21-15.04.06:685][ 26]LogNet: NotifyAcceptedConnection: Name: Arena01, TimeStamp: 08/21/18 08:04:06, [UNetConnection] RemoteAddr: 127.0.0.1:65206, Name: IpConnection_0, Driver: GameNetDriver IpNetDriver_0, IsServer: YES, PC: NULL, Owner: NULL, UniqueId: INVALID
[2018.08.21-15.04.06:685][ 26]LogNet: AddClientConnection: Added client connection: [UNetConnection] RemoteAddr: 127.0.0.1:65206, Name: IpConnection_0, Driver: GameNetDriver IpNetDriver_0, IsServer: YES, PC: NULL, Owner: NULL, UniqueId: INVALID
[2018.08.21-15.04.06:718][ 27]LogNet: NotifyAcceptingChannel Control 0 server World /Game/Maps/Arena01.Arena01: Accepted
[2018.08.21-15.04.06:718][ 27]LogNet: Remote platform little endian=1
[2018.08.21-15.04.06:718][ 27]LogNet: This platform little endian=1
[2018.08.21-15.04.06:719][ 27]LogNetVersion: DarkCrystalstutter 1.0.0.0, NetCL: 3944462, EngineNetVer: 2, GameNetVer: 0 (Checksum: 454883313)
[2018.08.21-15.04.06:719][ 27]LogNet: NotifyAcceptingConnection accepted from: 127.0.0.1:65207
[2018.08.21-15.04.06:719][ 27]LogHandshake: SendConnectChallenge. Timestamp: 0.942370, Cookie: 076218207202235018251143206162177164032116007185066148221145
[2018.08.21-15.04.06:719][ 27]LogNet: NotifyAcceptingConnection accepted from: 127.0.0.1:65208
[2018.08.21-15.04.06:719][ 27]LogHandshake: SendConnectChallenge. Timestamp: 0.942370, Cookie: 253015109231163149090245124206037008064196208241141063098031
[2018.08.21-15.04.06:752][ 28]LogNet: Login request: /Game/Maps/MainMenu?Name=DESKTOP-LI0N2FC-DBAAA60C44314E78B976C5A4F594A1D4 userId: DESKTOP-LI0N2FC-DBAAA60C44314E78B976C5A4F594A1D4
[2018.08.21-15.04.06:752][ 28]LogNet: NotifyAcceptingConnection accepted from: 127.0.0.1:65207
[2018.08.21-15.04.06:752][ 28]LogHandshake: SendChallengeAck. InCookie: 076218207202235018251143206162177164032116007185066148221145
[2018.08.21-15.04.06:753][ 28]LogNet: Server accepting post-challenge connection from: 127.0.0.1:65207
[2018.08.21-15.04.06:753][ 28]PacketHandlerLog: Loaded PacketHandler component: Engine.EngineHandlerComponentFactory (StatelessConnectHandlerComponent)
[2018.08.21-15.04.06:753][ 28]LogNet: NotifyAcceptedConnection: Name: Arena01, TimeStamp: 08/21/18 08:04:06, [UNetConnection] RemoteAddr: 127.0.0.1:65207, Name: IpConnection_1, Driver: GameNetDriver IpNetDriver_0, IsServer: YES, PC: NULL, Owner: NULL, UniqueId: INVALID
[2018.08.21-15.04.06:753][ 28]LogNet: AddClientConnection: Added client connection: [UNetConnection] RemoteAddr: 127.0.0.1:65207, Name: IpConnection_1, Driver: GameNetDriver IpNetDriver_0, IsServer: YES, PC: NULL, Owner: NULL, UniqueId: INVALID
[2018.08.21-15.04.06:753][ 28]LogNet: NotifyAcceptingConnection accepted from: 127.0.0.1:65208
[2018.08.21-15.04.06:754][ 28]LogHandshake: SendChallengeAck. InCookie: 253015109231163149090245124206037008064196208241141063098031
[2018.08.21-15.04.06:754][ 28]LogNet: Server accepting post-challenge connection from: 127.0.0.1:65208
[2018.08.21-15.04.06:754][ 28]PacketHandlerLog: Loaded PacketHandler component: Engine.EngineHandlerComponentFactory (StatelessConnectHandlerComponent)
[2018.08.21-15.04.06:754][ 28]LogNet: NotifyAcceptedConnection: Name: Arena01, TimeStamp: 08/21/18 08:04:06, [UNetConnection] RemoteAddr: 127.0.0.1:65208, Name: IpConnection_2, Driver: GameNetDriver IpNetDriver_0, IsServer: YES, PC: NULL, Owner: NULL, UniqueId: INVALID
[2018.08.21-15.04.06:755][ 28]LogNet: AddClientConnection: Added client connection: [UNetConnection] RemoteAddr: 127.0.0.1:65208, Name: IpConnection_2, Driver: GameNetDriver IpNetDriver_0, IsServer: YES, PC: NULL, Owner: NULL, UniqueId: INVALID
[2018.08.21-15.04.06:755][ 28]LogNet: Client netspeed is 10000
[2018.08.21-15.04.06:785][ 29]LogNet: NotifyAcceptingChannel Control 0 server World /Game/Maps/Arena01.Arena01: Accepted
[2018.08.21-15.04.06:785][ 29]LogNet: Remote platform little endian=1
[2018.08.21-15.04.06:785][ 29]LogNet: This platform little endian=1
[2018.08.21-15.04.06:786][ 29]LogNet: NotifyAcceptingChannel Control 0 server World /Game/Maps/Arena01.Arena01: Accepted
[2018.08.21-15.04.06:786][ 29]LogNet: Remote platform little endian=1
[2018.08.21-15.04.06:786][ 29]LogNet: This platform little endian=1
[2018.08.21-15.04.06:819][ 30]LogNet: Login request: /Game/Maps/MainMenu?Name=DESKTOP-LI0N2FC-6888F034429D05E89E9199B9FCE506DD userId: DESKTOP-LI0N2FC-6888F034429D05E89E9199B9FCE506DD
[2018.08.21-15.04.06:819][ 30]LogNet: Login request: /Game/Maps/MainMenu?Name=DESKTOP-LI0N2FC-820AA56547B13513930C718F6EAF7649 userId: DESKTOP-LI0N2FC-820AA56547B13513930C718F6EAF7649
[2018.08.21-15.04.06:853][ 31]LogNet: Client netspeed is 10000
[2018.08.21-15.04.06:853][ 31]LogNet: Client netspeed is 10000
[2018.08.21-15.04.07:975][ 65]LogNet: Join request: /Game/Maps/MainMenu?Name=DESKTOP-LI0N2FC-DBAAA60C44314E78B976C5A4F594A1D4?SplitscreenCount=1
[2018.08.21-15.04.07:975][ 65]LogOnline: Warning: OSS: No game present to join for session (GameSession)
[2018.08.21-15.04.07:976][ 65]LogGameMode: Display: Match State Changed from WaitingToStart to InProgress
[2018.08.21-15.04.07:980][ 65]LogGameState: Match State Changed from WaitingToStart to InProgress
[2018.08.21-15.04.07:981][ 65]LogNet: Join succeeded: DESKTOP-LI0N2FC-DBAA
[2018.08.21-15.04.08:042][ 67]LogNet: Join request: /Game/Maps/MainMenu?Name=DESKTOP-LI0N2FC-820AA56547B13513930C718F6EAF7649?SplitscreenCount=1
[2018.08.21-15.04.08:042][ 67]LogOnline: Warning: OSS: No game present to join for session (GameSession)
[2018.08.21-15.04.08:046][ 67]LogNet: Join succeeded: DESKTOP-LI0N2FC-820A
[2018.08.21-15.04.08:046][ 67]LogNet: Join request: /Game/Maps/MainMenu?Name=DESKTOP-LI0N2FC-6888F034429D05E89E9199B9FCE506DD?SplitscreenCount=1
[2018.08.21-15.04.08:046][ 67]LogOnline: Warning: OSS: No game present to join for session (GameSession)
[2018.08.21-15.04.08:050][ 67]LogNet: Join succeeded: DESKTOP-LI0N2FC-6888
[2018.08.21-15.04.08:142][ 70]LogNetPackageMap: Warning: SanityCheckExport: CacheObject == NULL. NetGUID: 1, Object: /Game/Mannequin/Character/Textures/UE4_LOGO_CARD.UE4_LOGO_CARD, Expected: T_Ceramic_Tile_M
[2018.08.21-15.04.08:143][ 70]LogNetPackageMap: Warning: SanityCheckExport: Name mismatch. NetGUID: 1, Object: /Game/Mannequin/Character/Textures/UE4_LOGO_CARD.UE4_LOGO_CARD, Expected: T_Ceramic_Tile_M
[2018.08.21-15.04.08:143][ 70]LogNetPackageMap: Warning: SanityCheckExport: Outer mismatch. Object: /Game/Mannequin/Character/Textures/UE4_LOGO_CARD.UE4_LOGO_CARD, NetGUID: 1, Current: /Game/Mannequin/Character/Textures/UE4_LOGO_CARD, Expected: /Game/StarterContent/Textures/T_Ceramic_Tile_M
[2018.08.21-15.04.08:150][ 70]LogBlueprintUserMessages: [GameplayGM_C_0] 0
[2018.08.21-15.04.08:209][ 72]LogNetPackageMap: Warning: SanityCheckExport: CacheObject == NULL. NetGUID: 1, Object: /Game/Mannequin/Character/Textures/UE4_LOGO_CARD.UE4_LOGO_CARD, Expected: T_Ceramic_Tile_M
[2018.08.21-15.04.08:209][ 72]LogNetPackageMap: Warning: SanityCheckExport: Name mismatch. NetGUID: 1, Object: /Game/Mannequin/Character/Textures/UE4_LOGO_CARD.UE4_LOGO_CARD, Expected: T_Ceramic_Tile_M
[2018.08.21-15.04.08:210][ 72]LogNetPackageMap: Warning: SanityCheckExport: Outer mismatch. Object: /Game/Mannequin/Character/Textures/UE4_LOGO_CARD.UE4_LOGO_CARD, NetGUID: 1, Current: /Game/Mannequin/Character/Textures/UE4_LOGO_CARD, Expected: /Game/StarterContent/Textures/T_Ceramic_Tile_M
[2018.08.21-15.04.08:217][ 72]LogBlueprintUserMessages: [GameplayGM_C_0] 1
[2018.08.21-15.04.08:309][ 75]LogNetPackageMap: Warning: SanityCheckExport: CacheObject == NULL. NetGUID: 1, Object: /Game/Mannequin/Character/Textures/UE4_LOGO_CARD.UE4_LOGO_CARD, Expected: T_Ceramic_Tile_M
[2018.08.21-15.04.08:310][ 75]LogNetPackageMap: Warning: SanityCheckExport: Name mismatch. NetGUID: 1, Object: /Game/Mannequin/Character/Textures/UE4_LOGO_CARD.UE4_LOGO_CARD, Expected: T_Ceramic_Tile_M
[2018.08.21-15.04.08:311][ 75]LogNetPackageMap: Warning: SanityCheckExport: Outer mismatch. Object: /Game/Mannequin/Character/Textures/UE4_LOGO_CARD.UE4_LOGO_CARD, NetGUID: 1, Current: /Game/Mannequin/Character/Textures/UE4_LOGO_CARD, Expected: /Game/StarterContent/Textures/T_Ceramic_Tile_M
[2018.08.21-15.04.08:316][ 75]LogBlueprintUserMessages: [GameplayGM_C_0] 2
[2018.08.21-15.04.08:443][ 79]LogBlueprintUserMessages: [GameplayPC_C_0] Controller ID-0 selected weapon slot: Null Hand: false
[2018.08.21-15.04.08:509][ 81]LogBlueprintUserMessages: [GameplayPC_C_1] Controller ID-1 selected weapon slot: Null Hand: false
[2018.08.21-15.04.08:509][ 81]LogBlueprintUserMessages: [GameplayPC_C_2] Controller ID-2 selected weapon slot: Null Hand: false
[2018.08.21-15.04.08:644][ 85]LogBlueprintUserMessages: [GameplayPC_C_1] Reset Jump controller id: 1
[2018.08.21-15.04.08:714][ 87]LogBlueprintUserMessages: [GameplayPC_C_2] Reset Jump controller id: 2
[2018.08.21-15.04.08:946][ 94]LogBlueprintUserMessages: [GameplayPC_C_0] Controller ID-0 selected weapon slot: Null Hand: false
[2018.08.21-15.04.09:014][ 96]LogBlueprintUserMessages: [GameplayPC_C_1] Controller ID-1 selected weapon slot: Null Hand: false
[2018.08.21-15.04.09:014][ 96]LogBlueprintUserMessages: [GameplayPC_C_2] Controller ID-2 selected weapon slot: Null Hand: false
[2018.08.21-15.04.09:478][110]LogBlueprintUserMessages: [GameplayPC_C_0] Controller ID-0 selected weapon slot: Null Hand: false
[2018.08.21-15.04.09:544][112]LogBlueprintUserMessages: [GameplayPC_C_1] Controller ID-1 selected weapon slot: Null Hand: false
[2018.08.21-15.04.09:544][112]LogBlueprintUserMessages: [GameplayPC_C_2] Controller ID-2 selected weapon slot: Null Hand: false
[2018.08.21-15.04.10:007][126]LogBlueprintUserMessages: [GameplayPC_C_0] Controller ID-0 selected weapon slot: Null Hand: false
[2018.08.21-15.04.10:074][128]LogBlueprintUserMessages: [GameplayPC_C_1] Controller ID-1 selected weapon slot: Null Hand: false
[2018.08.21-15.04.10:074][128]LogBlueprintUserMessages: [GameplayPC_C_2] Controller ID-2 selected weapon slot: Null Hand: false
[2018.08.21-15.04.10:207][132]LogBlueprintUserMessages: [DCGameState_C_0] Error: Selected weapon is invalid.
[2018.08.21-15.04.10:538][142]LogBlueprintUserMessages: [GameplayPC_C_0] Controller ID-0 selected weapon slot: Null Hand: false
[2018.08.21-15.04.10:605][144]LogBlueprintUserMessages: [GameplayPC_C_1] Controller ID-1 selected weapon slot: Null Hand: false
[2018.08.21-15.04.10:605][144]LogBlueprintUserMessages: [GameplayPC_C_2] Controller ID-2 selected weapon slot: WeaponSlot1 Hand: false
[2018.08.21-15.04.11:070][158]LogBlueprintUserMessages: [GameplayPC_C_0] Controller ID-0 selected weapon slot: Null Hand: false
[2018.08.21-15.04.11:138][160]LogBlueprintUserMessages: [GameplayPC_C_1] Controller ID-1 selected weapon slot: Null Hand: false
[2018.08.21-15.04.11:138][160]LogBlueprintUserMessages: [GameplayPC_C_2] Controller ID-2 selected weapon slot: WeaponSlot1 Hand: false
[2018.08.21-15.04.11:204][162]LogBlueprintUserMessages: [GameplayPC_C_2] state start Interaction
[2018.08.21-15.04.11:204][162]LogBlueprintUserMessages: [GameplayPC_C_2] state end Idle
[2018.08.21-15.04.11:602][174]LogBlueprintUserMessages: [GameplayPC_C_0] Controller ID-0 selected weapon slot: Null Hand: false
[2018.08.21-15.04.11:669][176]LogBlueprintUserMessages: [GameplayPC_C_1] Controller ID-1 selected weapon slot: Null Hand: false
[2018.08.21-15.04.11:669][176]LogBlueprintUserMessages: [GameplayPC_C_2] Controller ID-2 selected weapon slot: WeaponSlot1 Hand: true
[2018.08.21-15.04.12:102][189]LogBlueprintUserMessages: [GameplayPC_C_0] Controller ID-0 selected weapon slot: Null Hand: false
[2018.08.21-15.04.12:169][191]LogBlueprintUserMessages: [GameplayPC_C_1] Controller ID-1 selected weapon slot: Null Hand: false
[2018.08.21-15.04.12:169][191]LogBlueprintUserMessages: [GameplayPC_C_2] Controller ID-2 selected weapon slot: WeaponSlot1 Hand: true
[2018.08.21-15.04.12:301][195]LogBlueprintUserMessages: [GameplayPC_C_2] state start Interaction
[2018.08.21-15.04.12:301][195]LogBlueprintUserMessages: [GameplayPC_C_2] state end Idle
[2018.08.21-15.04.12:631][205]LogBlueprintUserMessages: [GameplayPC_C_0] Controller ID-0 selected weapon slot: Null Hand: false
[2018.08.21-15.04.12:697][207]LogBlueprintUserMessages: [GameplayPC_C_1] Controller ID-1 selected weapon slot: Null Hand: false
[2018.08.21-15.04.12:697][207]LogBlueprintUserMessages: [GameplayPC_C_2] Controller ID-2 selected weapon slot: WeaponSlot1 Hand: false
[2018.08.21-15.04.13:127][220]LogBlueprintUserMessages: [GameplayPC_C_2] state start Interaction
[2018.08.21-15.04.13:127][220]LogBlueprintUserMessages: [GameplayPC_C_2] state end Idle
[2018.08.21-15.04.13:161][221]LogBlueprintUserMessages: [GameplayPC_C_0] Controller ID-0 selected weapon slot: Null Hand: false
[2018.08.21-15.04.13:227][223]LogBlueprintUserMessages: [GameplayPC_C_1] Controller ID-1 selected weapon slot: Null Hand: false
[2018.08.21-15.04.13:227][223]LogBlueprintUserMessages: [GameplayPC_C_2] Controller ID-2 selected weapon slot: WeaponSlot1 Hand: true
[2018.08.21-15.04.13:692][237]LogBlueprintUserMessages: [GameplayPC_C_0] Controller ID-0 selected weapon slot: Null Hand: false
[2018.08.21-15.04.13:759][239]LogBlueprintUserMessages: [GameplayPC_C_1] Controller ID-1 selected weapon slot: Null Hand: false
[2018.08.21-15.04.13:759][239]LogBlueprintUserMessages: [GameplayPC_C_2] Controller ID-2 selected weapon slot: WeaponSlot1 Hand: true
[2018.08.21-15.04.14:219][253]LogBlueprintUserMessages: [GameplayPC_C_0] Controller ID-0 selected weapon slot: Null Hand: false
[2018.08.21-15.04.14:286][255]LogBlueprintUserMessages: [GameplayPC_C_1] Controller ID-1 selected weapon slot: Null Hand: false
[2018.08.21-15.04.14:286][255]LogBlueprintUserMessages: [GameplayPC_C_2] Controller ID-2 selected weapon slot: WeaponSlot1 Hand: true
[2018.08.21-15.04.14:748][269]LogBlueprintUserMessages: [GameplayPC_C_0] Controller ID-0 selected weapon slot: Null Hand: false
[2018.08.21-15.04.14:816][271]LogBlueprintUserMessages: [GameplayPC_C_1] Controller ID-1 selected weapon slot: Null Hand: false
[2018.08.21-15.04.14:816][271]LogBlueprintUserMessages: [GameplayPC_C_2] Controller ID-2 selected weapon slot: WeaponSlot1 Hand: true
[2018.08.21-15.04.15:080][279]LogBlueprintUserMessages: [GameplayPC_C_2] state start Interaction
[2018.08.21-15.04.15:080][279]LogBlueprintUserMessages: [GameplayPC_C_2] state end Idle
[2018.08.21-15.04.15:277][285]LogBlueprintUserMessages: [GameplayPC_C_0] Controller ID-0 selected weapon slot: Null Hand: false
[2018.08.21-15.04.15:344][287]LogBlueprintUserMessages: [GameplayPC_C_1] Controller ID-1 selected weapon slot: Null Hand: false
[2018.08.21-15.04.15:344][287]LogBlueprintUserMessages: [GameplayPC_C_2] Controller ID-2 selected weapon slot: WeaponSlot1 Hand: false
[2018.08.21-15.04.15:807][301]LogBlueprintUserMessages: [GameplayPC_C_0] Controller ID-0 selected weapon slot: Null Hand: false
[2018.08.21-15.04.15:873][303]LogBlueprintUserMessages: [GameplayPC_C_1] Controller ID-1 selected weapon slot: Null Hand: false
[2018.08.21-15.04.15:873][303]LogBlueprintUserMessages: [GameplayPC_C_2] Controller ID-2 selected weapon slot: WeaponSlot1 Hand: false
[2018.08.21-15.04.15:907][304]LogBlueprintUserMessages: [GameplayPC_C_2] state start Interaction
[2018.08.21-15.04.15:907][304]LogBlueprintUserMessages: [GameplayPC_C_2] state end Idle
[2018.08.21-15.04.16:339][317]LogBlueprintUserMessages: [GameplayPC_C_0] Controller ID-0 selected weapon slot: Null Hand: false
[2018.08.21-15.04.16:373][318]LogBlueprintUserMessages: [GameplayPC_C_1] Controller ID-1 selected weapon slot: Null Hand: false
[2018.08.21-15.04.16:373][318]LogBlueprintUserMessages: [GameplayPC_C_2] Controller ID-2 selected weapon slot: WeaponSlot1 Hand: true
[2018.08.21-15.04.16:708][328]LogBlueprintUserMessages: [GameplayPC_C_2] state start Interaction
[2018.08.21-15.04.16:708][328]LogBlueprintUserMessages: [GameplayPC_C_2] state end Idle
[2018.08.21-15.04.16:840][332]LogBlueprintUserMessages: [GameplayPC_C_0] Controller ID-0 selected weapon slot: Null Hand: false
[2018.08.21-15.04.16:874][333]LogBlueprintUserMessages: [GameplayPC_C_1] Controller ID-1 selected weapon slot: Null Hand: false
[2018.08.21-15.04.16:874][333]LogBlueprintUserMessages: [GameplayPC_C_2] Controller ID-2 selected weapon slot: WeaponSlot1 Hand: false
[2018.08.21-15.04.17:372][348]LogBlueprintUserMessages: [GameplayPC_C_0] Controller ID-0 selected weapon slot: Null Hand: false
[2018.08.21-15.04.17:406][349]LogBlueprintUserMessages: [GameplayPC_C_1] Controller ID-1 selected weapon slot: Null Hand: false
[2018.08.21-15.04.17:406][349]LogBlueprintUserMessages: [GameplayPC_C_2] Controller ID-2 selected weapon slot: WeaponSlot1 Hand: false
[2018.08.21-15.04.17:505][352]LogBlueprintUserMessages: [GameplayPC_C_2] state start Interaction
[2018.08.21-15.04.17:505][352]LogBlueprintUserMessages: [GameplayPC_C_2] state end Idle
[2018.08.21-15.04.17:901][364]LogBlueprintUserMessages: [GameplayPC_C_0] Controller ID-0 selected weapon slot: Null Hand: false
[2018.08.21-15.04.17:935][365]LogBlueprintUserMessages: [GameplayPC_C_1] Controller ID-1 selected weapon slot: Null Hand: false
[2018.08.21-15.04.17:935][365]LogBlueprintUserMessages: [GameplayPC_C_2] Controller ID-2 selected weapon slot: WeaponSlot1 Hand: true
[2018.08.21-15.04.18:331][377]LogBlueprintUserMessages: [GameplayPC_C_2] state start Interaction
[2018.08.21-15.04.18:331][377]LogBlueprintUserMessages: [GameplayPC_C_2] state end Idle
[2018.08.21-15.04.18:430][380]LogBlueprintUserMessages: [GameplayPC_C_0] Controller ID-0 selected weapon slot: Null Hand: false
[2018.08.21-15.04.18:464][381]LogBlueprintUserMessages: [GameplayPC_C_1] Controller ID-1 selected weapon slot: Null Hand: false
[2018.08.21-15.04.18:464][381]LogBlueprintUserMessages: [GameplayPC_C_2] Controller ID-2 selected weapon slot: WeaponSlot1 Hand: false
[2018.08.21-15.04.18:962][396]LogBlueprintUserMessages: [GameplayPC_C_0] Controller ID-0 selected weapon slot: Null Hand: false
[2018.08.21-15.04.18:995][397]LogBlueprintUserMessages: [GameplayPC_C_1] Controller ID-1 selected weapon slot: Null Hand: false
[2018.08.21-15.04.18:995][397]LogBlueprintUserMessages: [GameplayPC_C_2] Controller ID-2 selected weapon slot: WeaponSlot1 Hand: false
[2018.08.21-15.04.19:094][400]LogBlueprintUserMessages: [GameplayPC_C_2] state start Interaction
[2018.08.21-15.04.19:094][400]LogBlueprintUserMessages: [GameplayPC_C_2] state end Idle
[2018.08.21-15.04.19:491][412]LogBlueprintUserMessages: [GameplayPC_C_0] Controller ID-0 selected weapon slot: Null Hand: false
[2018.08.21-15.04.19:525][413]LogBlueprintUserMessages: [GameplayPC_C_1] Controller ID-1 selected weapon slot: Null Hand: false
[2018.08.21-15.04.19:525][413]LogBlueprintUserMessages: [GameplayPC_C_2] Controller ID-2 selected weapon slot: WeaponSlot1 Hand: true
[2018.08.21-15.04.19:790][421]LogBlueprintUserMessages: [GameplayPC_C_2] state start Interaction
[2018.08.21-15.04.19:790][421]LogBlueprintUserMessages: [GameplayPC_C_2] state end Idle
[2018.08.21-15.04.20:022][428]LogBlueprintUserMessages: [GameplayPC_C_0] Controller ID-0 selected weapon slot: Null Hand: false
[2018.08.21-15.04.20:056][429]LogBlueprintUserMessages: [GameplayPC_C_1] Controller ID-1 selected weapon slot: Null Hand: false
[2018.08.21-15.04.20:056][429]LogBlueprintUserMessages: [GameplayPC_C_2] Controller ID-2 selected weapon slot: WeaponSlot1 Hand: false
[2018.08.21-15.04.20:554][444]LogBlueprintUserMessages: [GameplayPC_C_2] state start Interaction
[2018.08.21-15.04.20:554][444]LogBlueprintUserMessages: [GameplayPC_C_2] state end Idle
[2018.08.21-15.04.20:555][444]LogBlueprintUserMessages: [GameplayPC_C_0] Controller ID-0 selected weapon slot: Null Hand: false
[2018.08.21-15.04.20:588][445]LogBlueprintUserMessages: [GameplayPC_C_1] Controller ID-1 selected weapon slot: Null Hand: false
[2018.08.21-15.04.20:588][445]LogBlueprintUserMessages: [GameplayPC_C_2] Controller ID-2 selected weapon slot: WeaponSlot1 Hand: true
[2018.08.21-15.04.21:085][460]LogBlueprintUserMessages: [GameplayPC_C_0] Controller ID-0 selected weapon slot: Null Hand: false
[2018.08.21-15.04.21:119][461]LogBlueprintUserMessages: [GameplayPC_C_1] Controller ID-1 selected weapon slot: Null Hand: false
[2018.08.21-15.04.21:120][461]LogBlueprintUserMessages: [GameplayPC_C_2] Controller ID-2 selected weapon slot: WeaponSlot1 Hand: true
[2018.08.21-15.04.21:618][476]LogBlueprintUserMessages: [GameplayPC_C_0] Controller ID-0 selected weapon slot: Null Hand: false
[2018.08.21-15.04.21:652][477]LogBlueprintUserMessages: [GameplayPC_C_1] Controller ID-1 selected weapon slot: Null Hand: false
[2018.08.21-15.04.21:652][477]LogBlueprintUserMessages: [GameplayPC_C_2] Controller ID-2 selected weapon slot: WeaponSlot1 Hand: true
[2018.08.21-15.04.22:084][490]LogBlueprintUserMessages: [GameplayPC_C_2] state start Interaction
[2018.08.21-15.04.22:084][490]LogBlueprintUserMessages: [GameplayPC_C_2] state end Idle
[2018.08.21-15.04.22:150][492]LogBlueprintUserMessages: [GameplayPC_C_0] Controller ID-0 selected weapon slot: Null Hand: false
[2018.08.21-15.04.22:184][493]LogBlueprintUserMessages: [GameplayPC_C_1] Controller ID-1 selected weapon slot: Null Hand: false
[2018.08.21-15.04.22:184][493]LogBlueprintUserMessages: [GameplayPC_C_2] Controller ID-2 selected weapon slot: WeaponSlot1 Hand: false
[2018.08.21-15.04.22:682][508]LogBlueprintUserMessages: [GameplayPC_C_0] Controller ID-0 selected weapon slot: Null Hand: false
[2018.08.21-15.04.22:717][509]LogBlueprintUserMessages: [GameplayPC_C_1] Controller ID-1 selected weapon slot: Null Hand: false
[2018.08.21-15.04.22:717][509]LogBlueprintUserMessages: [GameplayPC_C_2] Controller ID-2 selected weapon slot: WeaponSlot1 Hand: false
[2018.08.21-15.04.22:983][517]LogBlueprintUserMessages: [GameplayPC_C_2] state start Interaction
[2018.08.21-15.04.22:983][517]LogBlueprintUserMessages: [GameplayPC_C_2] state end Idle
[2018.08.21-15.04.23:215][524]LogBlueprintUserMessages: [GameplayPC_C_0] Controller ID-0 selected weapon slot: Null Hand: false
[2018.08.21-15.04.23:249][525]LogBlueprintUserMessages: [GameplayPC_C_1] Controller ID-1 selected weapon slot: Null Hand: false
[2018.08.21-15.04.23:249][525]LogBlueprintUserMessages: [GameplayPC_C_2] Controller ID-2 selected weapon slot: WeaponSlot1 Hand: true
[2018.08.21-15.04.23:715][539]LogBlueprintUserMessages: [GameplayPC_C_0] Controller ID-0 selected weapon slot: Null Hand: false
[2018.08.21-15.04.23:749][540]LogBlueprintUserMessages: [GameplayPC_C_2] state start Interaction
[2018.08.21-15.04.23:749][540]LogBlueprintUserMessages: [GameplayPC_C_2] state end Idle
[2018.08.21-15.04.23:750][540]LogBlueprintUserMessages: [GameplayPC_C_1] Controller ID-1 selected weapon slot: Null Hand: false
[2018.08.21-15.04.23:750][540]LogBlueprintUserMessages: [GameplayPC_C_2] Controller ID-2 selected weapon slot: WeaponSlot1 Hand: true
[2018.08.21-15.04.24:246][555]LogBlueprintUserMessages: [GameplayPC_C_0] Controller ID-0 selected weapon slot: Null Hand: false
[2018.08.21-15.04.24:280][556]LogBlueprintUserMessages: [GameplayPC_C_1] Controller ID-1 selected weapon slot: Null Hand: false
[2018.08.21-15.04.24:280][556]LogBlueprintUserMessages: [GameplayPC_C_2] Controller ID-2 selected weapon slot: WeaponSlot1 Hand: false
[2018.08.21-15.04.24:578][565]LogBlueprintUserMessages: [GameplayPC_C_2] state start Interaction
[2018.08.21-15.04.24:578][565]LogBlueprintUserMessages: [GameplayPC_C_2] state end Idle
[2018.08.21-15.04.24:777][571]LogBlueprintUserMessages: [GameplayPC_C_0] Controller ID-0 selected weapon slot: Null Hand: false
[2018.08.21-15.04.24:811][572]LogBlueprintUserMessages: [GameplayPC_C_1] Controller ID-1 selected weapon slot: Null Hand: false
[2018.08.21-15.04.24:811][572]LogBlueprintUserMessages: [GameplayPC_C_2] Controller ID-2 selected weapon slot: WeaponSlot1 Hand: true
[2018.08.21-15.04.25:307][587]LogBlueprintUserMessages: [GameplayPC_C_0] Controller ID-0 selected weapon slot: Null Hand: false
[2018.08.21-15.04.25:340][588]LogBlueprintUserMessages: [GameplayPC_C_1] Controller ID-1 selected weapon slot: Null Hand: false
[2018.08.21-15.04.25:340][588]LogBlueprintUserMessages: [GameplayPC_C_2] Controller ID-2 selected weapon slot: WeaponSlot1 Hand: true
[2018.08.21-15.04.25:408][590]LogBlueprintUserMessages: [GameplayPC_C_2] state start Interaction
[2018.08.21-15.04.25:409][590]LogBlueprintUserMessages: [GameplayPC_C_2] state end Idle
[2018.08.21-15.04.25:838][603]LogBlueprintUserMessages: [GameplayPC_C_0] Controller ID-0 selected weapon slot: Null Hand: false
[2018.08.21-15.04.25:872][604]LogBlueprintUserMessages: [GameplayPC_C_1] Controller ID-1 selected weapon slot: Null Hand: false
[2018.08.21-15.04.25:872][604]LogBlueprintUserMessages: [GameplayPC_C_2] Controller ID-2 selected weapon slot: WeaponSlot1 Hand: false
[2018.08.21-15.04.26:203][614]LogBlueprintUserMessages: [GameplayPC_C_2] state start Interaction
[2018.08.21-15.04.26:203][614]LogBlueprintUserMessages: [GameplayPC_C_2] state end Idle
[2018.08.21-15.04.26:368][619]LogBlueprintUserMessages: [GameplayPC_C_0] Controller ID-0 selected weapon slot: Null Hand: false
[2018.08.21-15.04.26:402][620]LogBlueprintUserMessages: [GameplayPC_C_1] Controller ID-1 selected weapon slot: Null Hand: false
[2018.08.21-15.04.26:402][620]LogBlueprintUserMessages: [GameplayPC_C_2] Controller ID-2 selected weapon slot: WeaponSlot1 Hand: true
[2018.08.21-15.04.26:898][635]LogBlueprintUserMessages: [GameplayPC_C_0] Controller ID-0 selected weapon slot: Null Hand: false
[2018.08.21-15.04.26:932][636]LogBlueprintUserMessages: [GameplayPC_C_1] Controller ID-1 selected weapon slot: Null Hand: false
[2018.08.21-15.04.26:932][636]LogBlueprintUserMessages: [GameplayPC_C_2] Controller ID-2 selected weapon slot: WeaponSlot1 Hand: true
[2018.08.21-15.04.27:065][640]LogBlueprintUserMessages: [GameplayPC_C_2] state start Interaction
[2018.08.21-15.04.27:065][640]LogBlueprintUserMessages: [GameplayPC_C_2] state end Idle
[2018.08.21-15.04.27:430][651]LogBlueprintUserMessages: [GameplayPC_C_0] Controller ID-0 selected weapon slot: Null Hand: false
[2018.08.21-15.04.27:464][652]LogBlueprintUserMessages: [GameplayPC_C_1] Controller ID-1 selected weapon slot: Null Hand: false
[2018.08.21-15.04.27:464][652]LogBlueprintUserMessages: [GameplayPC_C_2] Controller ID-2 selected weapon slot: WeaponSlot1 Hand: false
[2018.08.21-15.04.27:828][663]LogBlueprintUserMessages: [GameplayPC_C_2] state start Interaction
[2018.08.21-15.04.27:828][663]LogBlueprintUserMessages: [GameplayPC_C_2] state end Idle
[2018.08.21-15.04.27:960][667]LogBlueprintUserMessages: [GameplayPC_C_0] Controller ID-0 selected weapon slot: Null Hand: false
[2018.08.21-15.04.27:994][668]LogBlueprintUserMessages: [GameplayPC_C_1] Controller ID-1 selected weapon slot: Null Hand: false
[2018.08.21-15.04.27:994][668]LogBlueprintUserMessages: [GameplayPC_C_2] Controller ID-2 selected weapon slot: WeaponSlot1 Hand: true
[2018.08.21-15.04.28:491][683]LogBlueprintUserMessages: [GameplayPC_C_0] Controller ID-0 selected weapon slot: Null Hand: false
[2018.08.21-15.04.28:525][684]LogBlueprintUserMessages: [GameplayPC_C_1] Controller ID-1 selected weapon slot: Null Hand: false
[2018.08.21-15.04.28:525][684]LogBlueprintUserMessages: [GameplayPC_C_2] Controller ID-2 selected weapon slot: WeaponSlot1 Hand: true
[2018.08.21-15.04.29:020][699]LogBlueprintUserMessages: [GameplayPC_C_0] Controller ID-0 selected weapon slot: Null Hand: false
[2018.08.21-15.04.29:054][700]LogBlueprintUserMessages: [GameplayPC_C_1] Controller ID-1 selected weapon slot: Null Hand: false
[2018.08.21-15.04.29:055][700]LogBlueprintUserMessages: [GameplayPC_C_2] Controller ID-2 selected weapon slot: WeaponSlot1 Hand: true
[2018.08.21-15.04.29:516][714]LogBlueprintUserMessages: [GameplayPC_C_2] Reset Jump controller id: 2
[2018.08.21-15.04.29:550][715]LogBlueprintUserMessages: [GameplayPC_C_0] Controller ID-0 selected weapon slot: Null Hand: false
[2018.08.21-15.04.29:584][716]LogBlueprintUserMessages: [GameplayPC_C_1] Controller ID-1 selected weapon slot: Null Hand: false
[2018.08.21-15.04.29:584][716]LogBlueprintUserMessages: [GameplayPC_C_2] Controller ID-2 selected weapon slot: WeaponSlot1 Hand: true
[2018.08.21-15.04.29:782][722]LogNet: UChannel::ReceivedSequencedBunch: Bunch.bClose == true. ChIndex == 0. Calling ConditionalCleanUp.
[2018.08.21-15.04.29:782][722]LogNet: UChannel::CleanUp: ChIndex == 0. Closing connection. [UChannel] ChIndex: 0, Closing: 0 [UNetConnection] RemoteAddr: 127.0.0.1:65207, Name: IpConnection_1, Driver: GameNetDriver IpNetDriver_0, IsServer: YES, PC: GameplayPC_C_2, Owner: GameplayPC_C_2, UniqueId: DESKTOP-LI0N2FC-6888F034429D05E89E9199B9FCE506DD
[2018.08.21-15.04.29:783][722]LogNet: UNetConnection::Close: [UNetConnection] RemoteAddr: 127.0.0.1:65207, Name: IpConnection_1, Driver: GameNetDriver IpNetDriver_0, IsServer: YES, PC: GameplayPC_C_2, Owner: GameplayPC_C_2, UniqueId: DESKTOP-LI0N2FC-6888F034429D05E89E9199B9FCE506DD, Channels: 14, Time: 2018.08.21-15.04.29
[2018.08.21-15.04.29:783][722]LogNet: UChannel::Close: Sending CloseBunch. ChIndex == 0. Name: [UChannel] ChIndex: 0, Closing: 0 [UNetConnection] RemoteAddr: 127.0.0.1:65207, Name: IpConnection_1, Driver: GameNetDriver IpNetDriver_0, IsServer: YES, PC: GameplayPC_C_2, Owner: GameplayPC_C_2, UniqueId: DESKTOP-LI0N2FC-6888F034429D05E89E9199B9FCE506DD
[2018.08.21-15.04.29:784][722]LogOnline: Warning: OSS: Can't destroy a null online session (GameSession)
[2018.08.21-15.04.29:784][722]LogOnline: Warning: OSS: No game present to leave for session (GameSession)
[2018.08.21-15.04.30:079][731]LogBlueprintUserMessages: [GameplayPC_C_0] Controller ID-0 selected weapon slot: Null Hand: false
[2018.08.21-15.04.30:112][732]LogBlueprintUserMessages: [GameplayPC_C_1] Controller ID-1 selected weapon slot: Null Hand: false
[2018.08.21-15.04.30:474][743]LogNet: UChannel::ReceivedSequencedBunch: Bunch.bClose == true. ChIndex == 0. Calling ConditionalCleanUp.
[2018.08.21-15.04.30:474][743]LogNet: UChannel::CleanUp: ChIndex == 0. Closing connection. [UChannel] ChIndex: 0, Closing: 0 [UNetConnection] RemoteAddr: 127.0.0.1:65208, Name: IpConnection_2, Driver: GameNetDriver IpNetDriver_0, IsServer: YES, PC: GameplayPC_C_1, Owner: GameplayPC_C_1, UniqueId: DESKTOP-LI0N2FC-820AA56547B13513930C718F6EAF7649
[2018.08.21-15.04.30:474][743]LogNet: UNetConnection::Close: [UNetConnection] RemoteAddr: 127.0.0.1:65208, Name: IpConnection_2, Driver: GameNetDriver IpNetDriver_0, IsServer: YES, PC: GameplayPC_C_1, Owner: GameplayPC_C_1, UniqueId: DESKTOP-LI0N2FC-820AA56547B13513930C718F6EAF7649, Channels: 12, Time: 2018.08.21-15.04.30
[2018.08.21-15.04.30:475][743]LogNet: UChannel::Close: Sending CloseBunch. ChIndex == 0. Name: [UChannel] ChIndex: 0, Closing: 0 [UNetConnection] RemoteAddr: 127.0.0.1:65208, Name: IpConnection_2, Driver: GameNetDriver IpNetDriver_0, IsServer: YES, PC: GameplayPC_C_1, Owner: GameplayPC_C_1, UniqueId: DESKTOP-LI0N2FC-820AA56547B13513930C718F6EAF7649
[2018.08.21-15.04.30:475][743]LogOnline: Warning: OSS: Can't destroy a null online session (GameSession)
[2018.08.21-15.04.30:476][743]LogOnline: Warning: OSS: No game present to leave for session (GameSession)
[2018.08.21-15.04.30:606][747]LogBlueprintUserMessages: [GameplayPC_C_0] Controller ID-0 selected weapon slot: Null Hand: false
[2018.08.21-15.04.31:133][763]LogBlueprintUserMessages: [GameplayPC_C_0] Controller ID-0 selected weapon slot: Null Hand: false
[2018.08.21-15.04.31:597][777]LogNet: UChannel::ReceivedSequencedBunch: Bunch.bClose == true. ChIndex == 0. Calling ConditionalCleanUp.
[2018.08.21-15.04.31:597][777]LogNet: UChannel::CleanUp: ChIndex == 0. Closing connection. [UChannel] ChIndex: 0, Closing: 0 [UNetConnection] RemoteAddr: 127.0.0.1:65206, Name: IpConnection_0, Driver: GameNetDriver IpNetDriver_0, IsServer: YES, PC: GameplayPC_C_0, Owner: GameplayPC_C_0, UniqueId: DESKTOP-LI0N2FC-DBAAA60C44314E78B976C5A4F594A1D4
[2018.08.21-15.04.31:597][777]LogNet: UNetConnection::Close: [UNetConnection] RemoteAddr: 127.0.0.1:65206, Name: IpConnection_0, Driver: GameNetDriver IpNetDriver_0, IsServer: YES, PC: GameplayPC_C_0, Owner: GameplayPC_C_0, UniqueId: DESKTOP-LI0N2FC-DBAAA60C44314E78B976C5A4F594A1D4, Channels: 11, Time: 2018.08.21-15.04.31
[2018.08.21-15.04.31:598][777]LogNet: UChannel::Close: Sending CloseBunch. ChIndex == 0. Name: [UChannel] ChIndex: 0, Closing: 0 [UNetConnection] RemoteAddr: 127.0.0.1:65206, Name: IpConnection_0, Driver: GameNetDriver IpNetDriver_0, IsServer: YES, PC: GameplayPC_C_0, Owner: GameplayPC_C_0, UniqueId: DESKTOP-LI0N2FC-DBAAA60C44314E78B976C5A4F594A1D4
[2018.08.21-15.04.31:598][777]LogOnline: Warning: OSS: Can't destroy a null online session (GameSession)
[2018.08.21-15.04.31:599][777]LogOnline: Warning: OSS: No game present to leave for session (GameSession)
