Log file open, 08/21/18 08:10:27
LogWindows: Failed to load 'aqProf.dll' (GetLastError=126)
LogWindows: File 'aqProf.dll' does not exist
LogWindows: Failed to load 'VtuneApi.dll' (GetLastError=126)
LogWindows: File 'VtuneApi.dll' does not exist
LogWindows: Failed to load 'VtuneApi32e.dll' (GetLastError=126)
LogWindows: File 'VtuneApi32e.dll' does not exist
LogInit: Display: Running engine for game: DarkCrystalstutter
LogPlatformFile: Not using cached read wrapper
LogInit: Display: RandInit(408480214) SRandInit(408480214).
LogInit: Read version file with build ID '3944462'
LogInit: Overriding engine version to CL 4033788, compatible CL 3944462
LogInit: Registered custom module enumerator with build ID '3944462'
LogTaskGraph: Started task graph with 5 named threads and 23 total threads with 3 sets of task threads.
LogStats: Stats thread started at 0.269641
LogD3D11RHI: Aftermath initialized
LogICUInternationalization: Display: ICU TimeZone Detection - Raw Offset: -8:00, Platform Override: ''
LogModuleManager: Display: Found up-to-date module file ../../../Engine/Plugins/Online/OnlineSubsystemSteam/Binaries/Win64/UE4Editor-OnlineSubsystemSteam.dll (API version 3944462).
LogModuleManager: Display: Found up-to-date module file ../../../Engine/Plugins/Online/OnlineSubsystem/Binaries/Win64/UE4Editor-OnlineSubsystem.dll (API version 3944462).
LogModuleManager: Display: Found up-to-date module file ../../../Engine/Plugins/Online/OnlineSubsystemUtils/Binaries/Win64/UE4Editor-OnlineSubsystemUtils.dll (API version 3944462).
LogModuleManager: Display: Found up-to-date module file ../../../Engine/Plugins/Online/OnlineSubsystemUtils/Binaries/Win64/UE4Editor-OnlineBlueprintSupport.dll (API version 3944462).
LogModuleManager: Display: Found up-to-date module file ../../../Engine/Plugins/VictoryPlugin/Binaries/Win64/UE4Editor-VictoryBPLibrary.dll (API version 3944462).
LogModuleManager: Display: Found up-to-date module file ../../../Engine/Plugins/Runtime/ApexDestruction/Binaries/Win64/UE4Editor-ApexDestruction.dll (API version 3944462).
LogModuleManager: Display: Found up-to-date module file ../../../Engine/Plugins/Runtime/ApexDestruction/Binaries/Win64/UE4Editor-ApexDestructionEditor.dll (API version 3944462).
LogModuleManager: Display: Found up-to-date module file ../../../Engine/Plugins/AdvancedSessions/AdvancedSessions/Binaries/Win64/UE4Editor-AdvancedSessions.dll (API version 3944462).
LogModuleManager: Display: Found up-to-date module file ../../../Engine/Plugins/AdvancedSessions/AdvancedSteamSessions/Binaries/Win64/UE4Editor-AdvancedSteamSessions.dll (API version 3944462).
LogModuleManager: Display: Found up-to-date module file ../../../Engine/Plugins/2D/Paper2D/Binaries/Win64/UE4Editor-Paper2D.dll (API version 3944462).
LogModuleManager: Display: Found up-to-date module file ../../../Engine/Plugins/2D/Paper2D/Binaries/Win64/UE4Editor-Paper2DEditor.dll (API version 3944462).
LogModuleManager: Display: Found up-to-date module file ../../../Engine/Plugins/2D/Paper2D/Binaries/Win64/UE4Editor-PaperSpriteSheetImporter.dll (API version 3944462).
LogModuleManager: Display: Found up-to-date module file ../../../Engine/Plugins/2D/Paper2D/Binaries/Win64/UE4Editor-PaperTiledImporter.dll (API version 3944462).
LogModuleManager: Display: Found up-to-date module file ../../../Engine/Plugins/2D/Paper2D/Binaries/Win64/UE4Editor-SmartSnapping.dll (API version 3944462).
LogModuleManager: Display: Found up-to-date module file ../../../Engine/Plugins/Blendables/LightPropagationVolume/Binaries/Win64/UE4Editor-LightPropagationVolumeRuntime.dll (API version 3944462).
LogModuleManager: Display: Found up-to-date module file ../../../Engine/Plugins/Blendables/LightPropagationVolume/Binaries/Win64/UE4Editor-LightPropagationVolumeEditor.dll (API version 3944462).
LogModuleManager: Display: Found up-to-date module file ../../../Engine/Plugins/Developer/CLionSourceCodeAccess/Binaries/Win64/UE4Editor-CLionSourceCodeAccess.dll (API version 3944462).
LogModuleManager: Display: Found up-to-date module file ../../../Engine/Plugins/Developer/GitSourceControl/Binaries/Win64/UE4Editor-GitSourceControl.dll (API version 3944462).
LogModuleManager: Display: Found up-to-date module file ../../../Engine/Plugins/Developer/PerforceSourceControl/Binaries/Win64/UE4Editor-PerforceSourceControl.dll (API version 3944462).
LogModuleManager: Display: Found up-to-date module file ../../../Engine/Plugins/Developer/SubversionSourceControl/Binaries/Win64/UE4Editor-SubversionSourceControl.dll (API version 3944462).
LogModuleManager: Display: Found up-to-date module file ../../../Engine/Plugins/Developer/UObjectPlugin/Binaries/Win64/UE4Editor-UObjectPlugin.dll (API version 3944462).
LogModuleManager: Display: Found up-to-date module file ../../../Engine/Plugins/Developer/VisualStudioCodeSourceCodeAccess/Binaries/Win64/UE4Editor-VisualStudioCodeSourceCodeAccess.dll (API version 3944462).
LogModuleManager: Display: Found up-to-date module file ../../../Engine/Plugins/Developer/VisualStudioSourceCodeAccess/Binaries/Win64/UE4Editor-VisualStudioSourceCodeAccess.dll (API version 3944462).
LogModuleManager: Display: Found up-to-date module file ../../../Engine/Plugins/Editor/AssetManagerEditor/Binaries/Win64/UE4Editor-AssetManagerEditor.dll (API version 3944462).
LogModuleManager: Display: Found up-to-date module file ../../../Engine/Plugins/Editor/CryptoKeys/Binaries/Win64/UE4Editor-CryptoKeys.dll (API version 3944462).
LogModuleManager: Display: Found up-to-date module file ../../../Engine/Plugins/Editor/CryptoKeys/Binaries/Win64/UE4Editor-CryptoKeysOpenSSL.dll (API version 3944462).
LogModuleManager: Display: Found up-to-date module file ../../../Engine/Plugins/Editor/DataValidation/Binaries/Win64/UE4Editor-DataValidation.dll (API version 3944462).
LogModuleManager: Display: Found up-to-date module file ../../../Engine/Plugins/Editor/FacialAnimation/Binaries/Win64/UE4Editor-FacialAnimation.dll (API version 3944462).
LogModuleManager: Display: Found up-to-date module file ../../../Engine/Plugins/Editor/FacialAnimation/Binaries/Win64/UE4Editor-FacialAnimationEditor.dll (API version 3944462).
LogModuleManager: Display: Found up-to-date module file ../../../Engine/Plugins/Editor/GameplayTagsEditor/Binaries/Win64/UE4Editor-GameplayTagsEditor.dll (API version 3944462).
LogModuleManager: Display: Found up-to-date module file ../../../Engine/Plugins/Editor/MobileLauncherProfileWizard/Binaries/Win64/UE4Editor-MobileLauncherProfileWizard.dll (API version 3944462).
LogModuleManager: Display: Found up-to-date module file ../../../Engine/Plugins/Editor/PluginBrowser/Binaries/Win64/UE4Editor-PluginBrowser.dll (API version 3944462).
LogModuleManager: Display: Found up-to-date module file ../../../Engine/Plugins/Editor/SpeedTreeImporter/Binaries/Win64/UE4Editor-SpeedTreeImporter.dll (API version 3944462).
LogModuleManager: Display: Found up-to-date module file ../../../Engine/Plugins/Enterprise/DatasmithContent/Binaries/Win64/UE4Editor-DatasmithContent.dll (API version 3944462).
LogModuleManager: Display: Found up-to-date module file ../../../Engine/Plugins/Experimental/AlembicImporter/Binaries/Win64/UE4Editor-AlembicImporter.dll (API version 3944462).
LogModuleManager: Display: Found up-to-date module file ../../../Engine/Plugins/Experimental/AlembicImporter/Binaries/Win64/UE4Editor-AlembicLibrary.dll (API version 3944462).
LogModuleManager: Display: Found up-to-date module file ../../../Engine/Plugins/Experimental/CharacterAI/Binaries/Win64/UE4Editor-CharacterAI.dll (API version 3944462).
LogModuleManager: Display: Found up-to-date module file ../../../Engine/Plugins/Experimental/HTML5Networking/Binaries/Win64/UE4Editor-HTML5Networking.dll (API version 3944462).
LogModuleManager: Display: Found up-to-date module file ../../../Engine/Plugins/Media/AndroidMedia/Binaries/Win64/UE4Editor-AndroidMediaEditor.dll (API version 3944462).
LogModuleManager: Display: Found up-to-date module file ../../../Engine/Plugins/Media/AndroidMedia/Binaries/Win64/UE4Editor-AndroidMediaFactory.dll (API version 3944462).
LogModuleManager: Display: Found up-to-date module file ../../../Engine/Plugins/Media/AvfMedia/Binaries/Win64/UE4Editor-AvfMediaEditor.dll (API version 3944462).
LogModuleManager: Display: Found up-to-date module file ../../../Engine/Plugins/Media/AvfMedia/Binaries/Win64/UE4Editor-AvfMediaFactory.dll (API version 3944462).
LogModuleManager: Display: Found up-to-date module file ../../../Engine/Plugins/Media/AvfMedia/Binaries/Win64/UE4Editor-AvfMediaFactory.dll (API version 3944462).
LogModuleManager: Display: Found up-to-date module file ../../../Engine/Plugins/Media/ImgMedia/Binaries/Win64/UE4Editor-ImgMedia.dll (API version 3944462).
LogModuleManager: Display: Found up-to-date module file ../../../Engine/Plugins/Media/ImgMedia/Binaries/Win64/UE4Editor-ImgMediaEditor.dll (API version 3944462).
LogModuleManager: Display: Found up-to-date module file ../../../Engine/Plugins/Media/ImgMedia/Binaries/Win64/UE4Editor-ImgMediaFactory.dll (API version 3944462).
LogModuleManager: Display: Found up-to-date module file ../../../Engine/Plugins/Media/ImgMedia/Binaries/Win64/UE4Editor-ImgMediaFactory.dll (API version 3944462).
LogModuleManager: Display: Found up-to-date module file ../../../Engine/Plugins/Media/ImgMedia/Binaries/Win64/UE4Editor-OpenExrWrapper.dll (API version 3944462).
LogModuleManager: Display: Found up-to-date module file ../../../Engine/Plugins/Media/LinearTimecode/Binaries/Win64/UE4Editor-LinearTimecode.dll (API version 3944462).
LogModuleManager: Display: Found up-to-date module file ../../../Engine/Plugins/Media/MediaCompositing/Binaries/Win64/UE4Editor-MediaCompositing.dll (API version 3944462).
LogModuleManager: Display: Found up-to-date module file ../../../Engine/Plugins/Media/MediaCompositing/Binaries/Win64/UE4Editor-MediaCompositingEditor.dll (API version 3944462).
LogModuleManager: Display: Found up-to-date module file ../../../Engine/Plugins/Media/MediaPlayerEditor/Binaries/Win64/UE4Editor-MediaPlayerEditor.dll (API version 3944462).
LogModuleManager: Display: Found up-to-date module file ../../../Engine/Plugins/Media/WmfMedia/Binaries/Win64/UE4Editor-WmfMedia.dll (API version 3944462).
LogModuleManager: Display: Found up-to-date module file ../../../Engine/Plugins/Media/WmfMedia/Binaries/Win64/UE4Editor-WmfMediaEditor.dll (API version 3944462).
LogModuleManager: Display: Found up-to-date module file ../../../Engine/Plugins/Media/WmfMedia/Binaries/Win64/UE4Editor-WmfMediaFactory.dll (API version 3944462).
LogModuleManager: Display: Found up-to-date module file ../../../Engine/Plugins/Media/WmfMedia/Binaries/Win64/UE4Editor-WmfMediaFactory.dll (API version 3944462).
LogModuleManager: Display: Found up-to-date module file ../../../Engine/Plugins/Messaging/TcpMessaging/Binaries/Win64/UE4Editor-TcpMessaging.dll (API version 3944462).
LogModuleManager: Display: Found up-to-date module file ../../../Engine/Plugins/Messaging/UdpMessaging/Binaries/Win64/UE4Editor-UdpMessaging.dll (API version 3944462).
LogModuleManager: Display: Found up-to-date module file ../../../Engine/Plugins/MovieScene/ActorSequence/Binaries/Win64/UE4Editor-ActorSequence.dll (API version 3944462).
LogModuleManager: Display: Found up-to-date module file ../../../Engine/Plugins/MovieScene/LevelSequenceEditor/Binaries/Win64/UE4Editor-LevelSequenceEditor.dll (API version 3944462).
LogModuleManager: Display: Found up-to-date module file ../../../Engine/Plugins/MovieScene/MatineeToLevelSequence/Binaries/Win64/UE4Editor-MatineeToLevelSequence.dll (API version 3944462).
LogModuleManager: Display: Found up-to-date module file ../../../Engine/Plugins/NetcodeUnitTest/NetcodeUnitTest/Binaries/Win64/UE4Editor-NetcodeUnitTest.dll (API version 3944462).
LogModuleManager: Display: Found up-to-date module file ../../../Engine/Plugins/NetcodeUnitTest/NUTUnrealEngine4/Binaries/Win64/UE4Editor-NUTUnrealEngine4.dll (API version 3944462).
LogModuleManager: Display: Found up-to-date module file ../../../Engine/Plugins/Runtime/AndroidPermission/Binaries/Win64/UE4Editor-AndroidPermission.dll (API version 3944462).
LogModuleManager: Display: Found up-to-date module file ../../../Engine/Plugins/Online/OnlineSubsystemNull/Binaries/Win64/UE4Editor-OnlineSubsystemNull.dll (API version 3944462).
LogModuleManager: Display: Found up-to-date module file ../../../Engine/Plugins/Runtime/AndroidDeviceProfileSelector/Binaries/Win64/UE4Editor-AndroidDeviceProfileSelector.dll (API version 3944462).
LogModuleManager: Display: Found up-to-date module file ../../../Engine/Plugins/Runtime/AppleARKit/Binaries/Win64/UE4Editor-AppleARKit.dll (API version 3944462).
LogModuleManager: Display: Found up-to-date module file ../../../Engine/Plugins/Runtime/ProceduralMeshComponent/Binaries/Win64/UE4Editor-ProceduralMeshComponent.dll (API version 3944462).
LogModuleManager: Display: Found up-to-date module file ../../../Engine/Plugins/Runtime/ProceduralMeshComponent/Binaries/Win64/UE4Editor-ProceduralMeshComponentEditor.dll (API version 3944462).
LogModuleManager: Display: Found up-to-date module file ../../../Engine/Plugins/Animation/LiveLink/Binaries/Win64/UE4Editor-LiveLink.dll (API version 3944462).
LogModuleManager: Display: Found up-to-date module file ../../../Engine/Plugins/Animation/LiveLink/Binaries/Win64/UE4Editor-LiveLinkEditor.dll (API version 3944462).
LogModuleManager: Display: Found up-to-date module file ../../../Engine/Plugins/Runtime/ArchVisCharacter/Binaries/Win64/UE4Editor-ArchVisCharacter.dll (API version 3944462).
LogModuleManager: Display: Found up-to-date module file ../../../Engine/Plugins/Runtime/AudioCapture/Binaries/Win64/UE4Editor-AudioCapture.dll (API version 3944462).
LogModuleManager: Display: Found up-to-date module file ../../../Engine/Plugins/Runtime/AudioCapture/Binaries/Win64/UE4Editor-AudioCaptureEditor.dll (API version 3944462).
LogModuleManager: Display: Found up-to-date module file ../../../Engine/Plugins/Runtime/CableComponent/Binaries/Win64/UE4Editor-CableComponent.dll (API version 3944462).
LogModuleManager: Display: Found up-to-date module file ../../../Engine/Plugins/Runtime/CustomMeshComponent/Binaries/Win64/UE4Editor-CustomMeshComponent.dll (API version 3944462).
LogModuleManager: Display: Found up-to-date module file ../../../Engine/Plugins/Runtime/ExampleDeviceProfileSelector/Binaries/Win64/UE4Editor-ExampleDeviceProfileSelector.dll (API version 3944462).
LogModuleManager: Display: Found up-to-date module file ../../../Engine/Plugins/Runtime/ImmediatePhysics/Binaries/Win64/UE4Editor-ImmediatePhysics.dll (API version 3944462).
LogModuleManager: Display: Found up-to-date module file ../../../Engine/Plugins/Runtime/ImmediatePhysics/Binaries/Win64/UE4Editor-ImmediatePhysicsEditor.dll (API version 3944462).
LogModuleManager: Display: Found up-to-date module file ../../../Engine/Plugins/Runtime/LocationServicesBPLibrary/Binaries/Win64/UE4Editor-LocationServicesBPLibrary.dll (API version 3944462).
LogModuleManager: Display: Found up-to-date module file ../../../Engine/Plugins/Runtime/MobilePatchingUtils/Binaries/Win64/UE4Editor-MobilePatchingUtils.dll (API version 3944462).
LogModuleManager: Display: Found up-to-date module file ../../../Engine/Plugins/Runtime/Oculus/OculusVR/Binaries/Win64/UE4Editor-OculusHMD.dll (API version 3944462).
LogModuleManager: Display: Found up-to-date module file ../../../Engine/Plugins/Runtime/Oculus/OculusVR/Binaries/Win64/UE4Editor-OculusInput.dll (API version 3944462).
LogModuleManager: Display: Found up-to-date module file ../../../Engine/Plugins/Runtime/Oculus/OculusVR/Binaries/Win64/UE4Editor-OculusEditor.dll (API version 3944462).
LogModuleManager: Display: Found up-to-date module file ../../../Engine/Plugins/Runtime/PhysXVehicles/Binaries/Win64/UE4Editor-PhysXVehicles.dll (API version 3944462).
LogModuleManager: Display: Found up-to-date module file ../../../Engine/Plugins/Runtime/PhysXVehicles/Binaries/Win64/UE4Editor-PhysXVehiclesEditor.dll (API version 3944462).
LogModuleManager: Display: Found up-to-date module file ../../../Engine/Plugins/Runtime/RuntimePhysXCooking/Binaries/Win64/UE4Editor-RuntimePhysXCooking.dll (API version 3944462).
LogModuleManager: Display: Found up-to-date module file ../../../Engine/Plugins/Runtime/Steam/SteamVR/Binaries/Win64/UE4Editor-SteamVR.dll (API version 3944462).
LogModuleManager: Display: Found up-to-date module file ../../../Engine/Plugins/Runtime/Steam/SteamVR/Binaries/Win64/UE4Editor-SteamVRController.dll (API version 3944462).
LogModuleManager: Display: Found up-to-date module file ../../../Engine/Plugins/Runtime/WindowsMoviePlayer/Binaries/Win64/UE4Editor-WindowsMoviePlayer.dll (API version 3944462).
LogPluginManager: Mounting plugin Paper2D
LogPluginManager: Mounting plugin AdvancedSessions
LogPluginManager: Mounting plugin AdvancedSteamSessions
LogPluginManager: Mounting plugin LiveLink
LogPluginManager: Mounting plugin LightPropagationVolume
LogPluginManager: Mounting plugin CLionSourceCodeAccess
LogPluginManager: Mounting plugin CodeLiteSourceCodeAccess
LogPluginManager: Mounting plugin GitSourceControl
LogPluginManager: Mounting plugin KDevelopSourceCodeAccess
LogPluginManager: Mounting plugin NullSourceCodeAccess
LogPluginManager: Mounting plugin PerforceSourceControl
LogPluginManager: Mounting plugin SubversionSourceControl
LogPluginManager: Mounting plugin UObjectPlugin
LogPluginManager: Mounting plugin VisualStudioCodeSourceCodeAccess
LogPluginManager: Mounting plugin VisualStudioSourceCodeAccess
LogPluginManager: Mounting plugin XCodeSourceCodeAccess
LogPluginManager: Mounting plugin AssetManagerEditor
LogPluginManager: Mounting plugin CryptoKeys
LogPluginManager: Mounting plugin DataValidation
LogPluginManager: Mounting plugin FacialAnimation
LogPluginManager: Mounting plugin GameplayTagsEditor
LogPluginManager: Mounting plugin MobileLauncherProfileWizard
LogPluginManager: Mounting plugin PluginBrowser
LogPluginManager: Mounting plugin SpeedTreeImporter
LogPluginManager: Mounting plugin DatasmithContent
LogPluginManager: Mounting plugin AlembicImporter
LogPluginManager: Mounting plugin CharacterAI
LogPluginManager: Mounting plugin HTML5Networking
LogPluginManager: Mounting plugin AndroidMedia
LogPluginManager: Mounting plugin AvfMedia
LogPluginManager: Mounting plugin ImgMedia
LogPluginManager: Mounting plugin LinearTimecode
LogPluginManager: Mounting plugin MediaCompositing
LogPluginManager: Mounting plugin MediaPlayerEditor
LogPluginManager: Mounting plugin WmfMedia
LogPluginManager: Mounting plugin TcpMessaging
LogPluginManager: Mounting plugin UdpMessaging
LogPluginManager: Mounting plugin ActorSequence
LogPluginManager: Mounting plugin LevelSequenceEditor
LogPluginManager: Mounting plugin MatineeToLevelSequence
LogPluginManager: Mounting plugin NetcodeUnitTest
LogPluginManager: Mounting plugin NUTUnrealEngine4
LogPluginManager: Mounting plugin OnlineSubsystemGooglePlay
LogPluginManager: Mounting plugin OnlineSubsystemIOS
LogPluginManager: Mounting plugin OnlineSubsystem
LogPluginManager: Mounting plugin OnlineSubsystemNull
LogPluginManager: Mounting plugin OnlineSubsystemSteam
LogPluginManager: Mounting plugin OnlineSubsystemUtils
LogPluginManager: Mounting plugin AndroidDeviceProfileSelector
LogPluginManager: Mounting plugin AndroidMoviePlayer
LogPluginManager: Mounting plugin AndroidPermission
LogPluginManager: Mounting plugin ApexDestruction
LogPluginManager: Mounting plugin AppleARKit
LogPluginManager: Mounting plugin AppleMoviePlayer
LogPluginManager: Mounting plugin ArchVisCharacter
LogPluginManager: Mounting plugin AudioCapture
LogPluginManager: Mounting plugin CableComponent
LogPluginManager: Mounting plugin CustomMeshComponent
LogPluginManager: Mounting plugin ExampleDeviceProfileSelector
LogPluginManager: Mounting plugin GoogleCloudMessaging
LogPluginManager: Mounting plugin ImmediatePhysics
LogPluginManager: Mounting plugin IOSDeviceProfileSelector
LogPluginManager: Mounting plugin LinuxDeviceProfileSelector
LogPluginManager: Mounting plugin LocationServicesBPLibrary
LogPluginManager: Mounting plugin MobilePatchingUtils
LogPluginManager: Mounting plugin OculusVR
LogPluginManager: Plugin shader directory ../../../Engine/Plugins/Runtime/Oculus/OculusVR/Shaders found
LogPluginManager: Mapping shader source directory ../../../Engine/Plugins/Runtime/Oculus/OculusVR/Shaders to virtual directory /Plugin/OculusVR
LogPluginManager: Mounting plugin PhysXVehicles
LogPluginManager: Mounting plugin ProceduralMeshComponent
LogPluginManager: Mounting plugin RuntimePhysXCooking
LogPluginManager: Mounting plugin SteamVR
LogPluginManager: Mounting plugin WindowsMoviePlayer
LogPluginManager: Mounting plugin VictoryBPLibrary
LogStreaming: Display: Took  0.763s to configure plugins.
LogInit: Using libcurl 7.47.1
LogInit:  - built for x86_64-pc-win32
LogInit:  - supports SSL with OpenSSL/1.0.2g
LogInit:  - supports HTTP deflate (compression) using libz 1.2.8
LogInit:  - other features:
LogInit:      CURL_VERSION_SSL
LogInit:      CURL_VERSION_LIBZ
LogInit:      CURL_VERSION_IPV6
LogInit:      CURL_VERSION_ASYNCHDNS
LogInit:      CURL_VERSION_LARGEFILE
LogInit:      CURL_VERSION_IDN
LogInit:  CurlRequestOptions (configurable via config and command line):
LogInit:  - bVerifyPeer = false  - Libcurl will NOT verify peer certificate
LogInit:  - bUseHttpProxy = false  - Libcurl will NOT use HTTP proxy
LogInit:  - bDontReuseConnections = false  - Libcurl will reuse connections
LogInit:  - CertBundlePath = nullptr  - Libcurl will use whatever was configured at build time.
LogInit:  - MaxHostConnections = 16  - Libcurl will limit the number of connections to a host
LogInit:  - LocalHostAddr = Default
LogOnline: Display: STEAM: Loading Steam SDK 1.39
LogOnline: Warning: STEAM: Steam API disabled!
LogOnline: Display: STEAM: OnlineSubsystemSteam::Shutdown()
LogInit: WinSock: version 1.1 (2.2), MaxSocks=32767, MaxUdp=65467
LogInit: WinSock: I am DESKTOP-LI0N2FC (192.168.29.155:0)
LogInit: Build: ++UE4+Release-4.19-CL-4033788
LogInit: Engine Version: 4.19.2-4033788+++UE4+Release-4.19
LogInit: Compatible Engine Version: 4.19.0-3944462+++UE4+Release-4.19
LogInit: Net CL: 3944462
LogDevObjectVersion: Number of dev versions registered: 18
LogDevObjectVersion:   Dev-Blueprints (B0D832E4-1F89-4F0D-ACCF-7EB736FD4AA2): 10
LogDevObjectVersion:   Dev-Build (E1C64328-A22C-4D53-A36C-8E866417BD8C): 0
LogDevObjectVersion:   Dev-Core (375EC13C-06E4-48FB-B500-84F0262A717E): 2
LogDevObjectVersion:   Dev-Editor (E4B068ED-F494-42E9-A231-DA0B2E46BB41): 23
LogDevObjectVersion:   Dev-Framework (CFFC743F-43B0-4480-9391-14DF171D2073): 33
LogDevObjectVersion:   Dev-Mobile (B02B49B5-BB20-44E9-A304-32B752E40360): 2
LogDevObjectVersion:   Dev-Networking (A4E4105C-59A1-49B5-A7C5-40C4547EDFEE): 0
LogDevObjectVersion:   Dev-Online (39C831C9-5AE6-47DC-9A44-9C173E1C8E7C): 0
LogDevObjectVersion:   Dev-Physics (78F01B33-EBEA-4F98-B9B4-84EACCB95AA2): 0
LogDevObjectVersion:   Dev-Platform (6631380F-2D4D-43E0-8009-CF276956A95A): 0
LogDevObjectVersion:   Dev-Rendering (12F88B9F-8875-4AFC-A67C-D90C383ABD29): 25
LogDevObjectVersion:   Dev-Sequencer (7B5AE74C-D270-4C10-A958-57980B212A5A): 6
LogDevObjectVersion:   Dev-VR (D7296918-1DD6-4BDD-9DE2-64A83CC13884): 1
LogDevObjectVersion:   Dev-LoadTimes (C2A15278-BFE7-4AFE-6C17-90FF531DF755): 1
LogDevObjectVersion:   Private-Geometry (6EACA3D4-40EC-4CC1-B786-8BED09428FC5): 2
LogDevObjectVersion:   Dev-AnimPhys (29E575DD-E0A3-4627-9D10-D276232CDCEA): 16
LogDevObjectVersion:   Dev-ReflectionCapture (6B266CEC-1EC7-4B8F-A30B-E4D90942FC07): 1
LogDevObjectVersion:   Dev-Automation (0DF73D61-A23F-47EA-B727-89E90C41499A): 1
LogInit: Compiled (64-bit): Apr 27 2018 02:06:57
LogInit: Compiled with Visual C++: 19.00.24215.01
LogInit: Build Configuration: Development
LogInit: Branch Name: ++UE4+Release-4.19
LogInit: Command Line:  127.0.0.1:17777 -game -PIEVIACONSOLE -ResX=640 -ResY=480  -Multiprocess -messaging -SessionName="Play in Standalone Game" -windowed GameUserSettingsINI="G:/DarkActive/Unreal Projects/DarkCrystalstutter/Saved/Config/Windows/PIEGameUserSettings2.ini" -MultiprocessSaveConfig  -MultiprocessOSS WinX=-600 WinY=550 SAVEWINPOS=1
LogInit: Base Directory: G:/Epic Games/UE_4.19/Engine/Binaries/Win64/
LogInit: Installed Engine Build: 1
LogStreaming: Display: Took  0.006s to delete old logs.
LogInit: Presizing for max 8388607 objects, including 0 objects not considered by GC, pre-allocating 0 bytes for permanent pool.
LogInit: Object subsystem initialized
[2018.08.21-15.10.28:286][  0]LogInit: Selected Device Profile: [Windows]
[2018.08.21-15.10.28:286][  0]LogInit: Applying CVar settings loaded from the selected device profile: [Windows]
[2018.08.21-15.10.28:288][  0]LogInit: Computer: DESKTOP-LI0N2FC
[2018.08.21-15.10.28:288][  0]LogInit: User: Kappa
[2018.08.21-15.10.28:288][  0]LogInit: CPU Page size=4096, Cores=4
[2018.08.21-15.10.28:288][  0]LogInit: High frequency timer resolution =4.101571 MHz
[2018.08.21-15.10.28:289][  0]LogMemory: Memory total: Physical=31.9GB (32GB approx)
[2018.08.21-15.10.28:289][  0]LogMemory: Platform Memory Stats for Windows
[2018.08.21-15.10.28:289][  0]LogMemory: Process Physical Memory: 276.97 MB used, 276.97 MB peak
[2018.08.21-15.10.28:289][  0]LogMemory: Process Virtual Memory: 276.71 MB used, 276.71 MB peak
[2018.08.21-15.10.28:289][  0]LogMemory: Physical Memory: 13454.86 MB used,  19237.95 MB free, 32692.81 MB total
[2018.08.21-15.10.28:289][  0]LogMemory: Virtual Memory: 4809.07 MB used,  19237.95 MB free, 134217728.00 MB total
[2018.08.21-15.10.28:297][  0]LogInit: Using OS detected language (en-US).
[2018.08.21-15.10.28:297][  0]LogInit: Using OS detected locale (en-US).
[2018.08.21-15.10.28:298][  0]LogTextLocalizationManager: No localization for 'en-US' exists, so 'en' will be used for the language.
[2018.08.21-15.10.28:298][  0]LogTextLocalizationManager: No localization for 'en-US' exists, so 'en' will be used for the locale.
[2018.08.21-15.10.28:652][  0]LogStreaming: Display: Took  0.355s to EndInitTextLocalization.
[2018.08.21-15.10.28:683][  0]LogSlate: New Slate User Created.  User Index 0, Is Virtual User: 0
[2018.08.21-15.10.28:683][  0]LogSlate: Slate User Registered.  User Index 0, Is Virtual User: 0
[2018.08.21-15.10.28:688][  0]LogD3D11RHI: D3D11 adapters:
[2018.08.21-15.10.28:736][  0]LogD3D11RHI:    0. 'NVIDIA GeForce GTX 1070' (Feature Level 11_0)
[2018.08.21-15.10.28:736][  0]LogD3D11RHI:       8096/0/16346 MB DedicatedVideo/DedicatedSystem/SharedSystem, Outputs:2, VendorId:0x10de
[2018.08.21-15.10.28:737][  0]LogD3D11RHI:    1. 'Microsoft Basic Render Driver' (Feature Level 11_0)
[2018.08.21-15.10.28:737][  0]LogD3D11RHI:       0/0/16346 MB DedicatedVideo/DedicatedSystem/SharedSystem, Outputs:0, VendorId:0x1414
[2018.08.21-15.10.28:737][  0]LogD3D11RHI: Chosen D3D11 Adapter: 0
[2018.08.21-15.10.28:744][  0]LogD3D11RHI: Creating new Direct3DDevice
[2018.08.21-15.10.28:744][  0]LogD3D11RHI:     GPU DeviceId: 0x1b81 (for the marketing name, search the web for "GPU Device Id")
[2018.08.21-15.10.28:744][  0]LogWindows: EnumDisplayDevices:
[2018.08.21-15.10.28:744][  0]LogWindows:    0. 'NVIDIA GeForce GTX 1070' (P:1 D:1)
[2018.08.21-15.10.28:744][  0]LogWindows:    1. 'NVIDIA GeForce GTX 1070' (P:0 D:1)
[2018.08.21-15.10.28:744][  0]LogWindows:    2. 'NVIDIA GeForce GTX 1070' (P:0 D:0)
[2018.08.21-15.10.28:744][  0]LogWindows:    3. 'NVIDIA GeForce GTX 1070' (P:0 D:0)
[2018.08.21-15.10.28:744][  0]LogWindows: DebugString: GetVideoDriverDetailsInvalid PrimaryIsNotTheChoosenAdapter GetVideoDriverDetailsInvalid PrimaryIsNotTheChoosenAdapter GetVideoDriverDetailsInvalid PrimaryIsNotTheChoosenAdapter GetVideoDriverDetailsInvalid PrimaryIsNotTheChoosenAdapter FoundDriverCount:0 
[2018.08.21-15.10.28:744][  0]LogD3D11RHI:     Adapter Name: NVIDIA GeForce GTX 1070
[2018.08.21-15.10.28:744][  0]LogD3D11RHI:   Driver Version: Unknown (internal:Unknown, unified:Unknown)
[2018.08.21-15.10.28:744][  0]LogD3D11RHI:      Driver Date: Unknown
[2018.08.21-15.10.28:744][  0]LogRHI: Texture pool is 5667 MB (70% of 8096 MB)
[2018.08.21-15.10.28:833][  0]LogD3D11RHI: [Aftermath] Aftermath enabled but failed to initialize
[2018.08.21-15.10.28:833][  0]LogD3D11RHI: [Aftermath] Aftermath enabled and primed
[2018.08.21-15.10.28:833][  0]LogD3D11RHI: Async texture creation enabled
[2018.08.21-15.10.28:842][  0]LogD3D11RHI: GPU Timing Frequency: 1000.000000 (Debug: 2 1)
[2018.08.21-15.10.28:974][  0]LogShaderCompilers: Guid format shader working directory is -14 characters bigger than the processId version (../../../../../DarkActive/Unreal Projects/DarkCrystalstutter/Intermediate/Shaders/WorkingDirectory/8968/).
[2018.08.21-15.10.28:974][  0]LogShaderCompilers: Cleaned the shader compiler working directory 'C:/Users/Kappa/AppData/Local/Temp/UnrealShaderWorkingDir/4252C4CF4870569BC1E518A74BAF1719/'.
[2018.08.21-15.10.29:145][  0]LogTemp: Display: Loaded TP WindowsClientTargetPlatform
[2018.08.21-15.10.29:157][  0]LogTemp: Display: Loaded TP WindowsNoEditorTargetPlatform
[2018.08.21-15.10.29:168][  0]LogTemp: Display: Loaded TP WindowsServerTargetPlatform
[2018.08.21-15.10.29:183][  0]LogTemp: Display: Loaded TP WindowsTargetPlatform
[2018.08.21-15.10.29:183][  0]LogTargetPlatformManager: Display: Building Assets For Windows
[2018.08.21-15.10.29:261][  0]LogXGEController: Cannot use XGE Controller as Incredibuild is not installed on this machine.
[2018.08.21-15.10.29:261][  0]LogShaderCompilers: Cannot use XGE Shader Compiler as Incredibuild is not installed on this machine.
[2018.08.21-15.10.29:261][  0]LogShaderCompilers: Display: Using Local Shader Compiler.
[2018.08.21-15.10.29:772][  0]LogDerivedDataCache: Display: Max Cache Size: 512 MB
[2018.08.21-15.10.29:836][  0]LogDerivedDataCache: Loaded boot cache 0.06s 74MB C:/Users/Kappa/AppData/Local/UnrealEngine/4.19/DerivedDataCache/Boot.ddc.
[2018.08.21-15.10.29:836][  0]LogDerivedDataCache: Display: Loaded Boot cache: C:/Users/Kappa/AppData/Local/UnrealEngine/4.19/DerivedDataCache/Boot.ddc
[2018.08.21-15.10.29:836][  0]LogDerivedDataCache: FDerivedDataBackendGraph:  Pak pak cache file ../../../../../DarkActive/Unreal Projects/DarkCrystalstutter/DerivedDataCache/DDC.ddp not found, will not use a pak cache.
[2018.08.21-15.10.29:836][  0]LogDerivedDataCache: Unable to find inner node Pak for hierarchical cache Hierarchy.
[2018.08.21-15.10.29:836][  0]LogDerivedDataCache: FDerivedDataBackendGraph:  CompressedPak pak cache file ../../../../../DarkActive/Unreal Projects/DarkCrystalstutter/DerivedDataCache/Compressed.ddp not found, will not use a pak cache.
[2018.08.21-15.10.29:836][  0]LogDerivedDataCache: Unable to find inner node CompressedPak for hierarchical cache Hierarchy.
[2018.08.21-15.10.29:849][  0]LogDerivedDataCache: Display: Pak cache opened for reading ../../../Engine/DerivedDataCache/Compressed.ddp.
[2018.08.21-15.10.29:861][  0]LogDerivedDataCache: Using Local data cache path C:/Users/Kappa/AppData/Local/UnrealEngine/Common/DerivedDataCache: Writable
[2018.08.21-15.10.29:861][  0]LogDerivedDataCache: Shared data cache path not found in *engine.ini, will not use an Shared cache.
[2018.08.21-15.10.29:861][  0]LogDerivedDataCache: Unable to find inner node Shared for hierarchical cache Hierarchy.
[2018.08.21-15.10.29:870][  0]LogMaterial: Verifying Global Shaders for PCD3D_SM5
[2018.08.21-15.10.29:870][  0]LogSlate: Using Freetype 2.6.0
[2018.08.21-15.10.29:871][  0]LogSlate: SlateFontCache - WITH_FREETYPE: 1, WITH_HARFBUZZ: 1
[2018.08.21-15.10.29:871][  0]LogSlate: SlateFontCache - WITH_FREETYPE: 1, WITH_HARFBUZZ: 1
[2018.08.21-15.10.29:935][  0]LogAssetRegistry: FAssetRegistry took 0.0031 seconds to start up
[2018.08.21-15.10.30:103][  0]LogPackageLocalizationCache: Processed 9 localized package path(s) for 1 prioritized culture(s) in 0.010792 seconds
[2018.08.21-15.10.30:181][  0]LogInit: Selected Device Profile: [Windows]
[2018.08.21-15.10.30:282][  0]LogSimplygon: Simplygon DLL not present - disabling.
[2018.08.21-15.10.30:284][  0]LogMeshReduction: Using SimplygonSwarm for distributed automatic mesh merging
[2018.08.21-15.10.30:284][  0]LogMeshReduction: Using QuadricMeshReduction for automatic static mesh reduction
[2018.08.21-15.10.30:284][  0]LogMeshReduction: No automatic skeletal mesh reduction module available
[2018.08.21-15.10.30:284][  0]LogMeshReduction: No automatic mesh merging module available
[2018.08.21-15.10.30:284][  0]LogMeshMerging: No automatic mesh merging module available
[2018.08.21-15.10.30:305][  0]LogNetVersion: DarkCrystalstutter , NetCL: 3944462, EngineNetVer: 2, GameNetVer: 0 (Checksum: 1586386174)
[2018.08.21-15.10.30:758][  0]LogMoviePlayer: Initializing movie player
[2018.08.21-15.10.30:986][  0]LogTcpMessaging: Initializing TcpMessaging bridge
[2018.08.21-15.10.31:007][  0]LogUdpMessaging: Initializing bridge on interface 0.0.0.0:0 to multicast group 230.0.0.1:6666.
[2018.08.21-15.10.31:101][  0]LogCollectionManager: Loaded 0 collections in 0.001102 seconds
[2018.08.21-15.10.31:136][  0]LogFileCache: Scanning file cache for directory 'G:/DarkActive/Unreal Projects/DarkCrystalstutter/Saved/Collections/' took 0.01s
[2018.08.21-15.10.31:136][  0]LogFileCache: Scanning file cache for directory 'G:/DarkActive/Unreal Projects/DarkCrystalstutter/Content/Developers/Kappa/Collections/' took 0.01s
[2018.08.21-15.10.31:136][  0]LogFileCache: Scanning file cache for directory 'G:/DarkActive/Unreal Projects/DarkCrystalstutter/Content/Collections/' took 0.01s
[2018.08.21-15.10.31:136][  0]LogCollectionManager: Rebuilt the object cache for 0 collections in 0.000000 seconds (found 0 objects)
[2018.08.21-15.10.31:136][  0]LogCollectionManager: Fixed up redirectors for 0 collections in 0.000064 seconds (updated 0 objects)
[2018.08.21-15.10.31:255][  0]SourceControl: Source control is disabled
[2018.08.21-15.10.31:255][  0]SourceControl: Source control is disabled
[2018.08.21-15.10.31:264][  0]SourceControl: Source control is disabled
[2018.08.21-15.10.31:502][  0]LogAndroidPermission: UAndroidPermissionCallbackProxy::GetInstance
[2018.08.21-15.10.31:603][  0]LogOcInput: OculusInput pre-init called
[2018.08.21-15.10.31:630][  0]LogUObjectArray: 42361 objects as part of root set at end of initial load.
[2018.08.21-15.10.31:630][  0]LogUObjectAllocator: 8957760 out of 0 bytes used by permanent object pool.
[2018.08.21-15.10.31:630][  0]LogUObjectArray: CloseDisregardForGC: 0/0 objects in disregard for GC pool
[2018.08.21-15.10.31:674][  0]LogEngine: Initializing Engine...
[2018.08.21-15.10.31:675][  0]LogHMD: Failed to initialize OpenVR with code 110
[2018.08.21-15.10.31:688][  0]LogStats: UGameplayTagsManager::ConstructGameplayTagTree: Construct from data asset -  0.000 s
[2018.08.21-15.10.31:688][  0]LogStats: UGameplayTagsManager::ConstructGameplayTagTree: GameplayTagTreeChangedEvent.Broadcast -  0.000 s
[2018.08.21-15.10.31:860][  0]LogInit: XAudio2 using 'Speakers (Logitech G633 Gaming Headset)' : 2 channels at 48 kHz using 16 bits per sample (channel mask 0x3)
[2018.08.21-15.10.31:872][  0]LogInit: FAudioDevice initialized.
[2018.08.21-15.10.31:897][  0]LogInit: Texture streaming: Enabled
[2018.08.21-15.10.31:984][  0]LogUObjectGlobals: Created PersistentFrame Addr=0x0000012d57042200, Size=624, Default__GameInfoInstance_C Function /Game/Blueprints/AllLevels/GameInfoInstance.GameInfoInstance_C:ExecuteUbergraph_GameInfoInstance
[2018.08.21-15.10.31:986][  0]LogUObjectGlobals: Created PersistentFrame Addr=0x0000012d66520dd8, Size=40, Default__ErrorDialog_C Function /Game/UI/MainMenu/ErrorDialog.ErrorDialog_C:ExecuteUbergraph_ErrorDialog
[2018.08.21-15.10.31:993][  0]LogUObjectGlobals: Created PersistentFrame Addr=0x0000012d5700ed90, Size=80, Default__HostMenu_C Function /Game/UI/MainMenu/HostMenu.HostMenu_C:ExecuteUbergraph_HostMenu
[2018.08.21-15.10.32:002][  0]LogUObjectGlobals: Created PersistentFrame Addr=0x0000012d66520d38, Size=40, Default__MainMenu_C Function /Game/UI/MainMenu/MainMenu.MainMenu_C:ExecuteUbergraph_MainMenu
[2018.08.21-15.10.32:009][  0]LogUObjectGlobals: Created PersistentFrame Addr=0x0000012d56fba8d0, Size=104, Default__OptionsMenu_C Function /Game/UI/MainMenu/OptionsMenu.OptionsMenu_C:ExecuteUbergraph_OptionsMenu
[2018.08.21-15.10.32:029][  0]LogUObjectGlobals: Created PersistentFrame Addr=0x0000012d56ff1800, Size=600, Default__ServerMenu_C Function /Game/UI/MainMenu/ServerMenu.ServerMenu_C:ExecuteUbergraph_ServerMenu
[2018.08.21-15.10.32:076][  0]LogUObjectGlobals: Destroyed PersistentFrame Addr=0x0000012d57042200, Size=624
[2018.08.21-15.10.32:076][  0]LogUObjectGlobals: Created PersistentFrame Addr=0x0000012d64817d80, Size=624, Default__GameInfoInstance_C Function /Engine/Transient.REINST_GameInfoInstance_C_2:ExecuteUbergraph_GameInfoInstance
[2018.08.21-15.10.32:077][  0]LogUObjectGlobals: Destroyed PersistentFrame Addr=0x0000012d66520dd8, Size=40
[2018.08.21-15.10.32:077][  0]LogUObjectGlobals: Created PersistentFrame Addr=0x0000012d66d15d50, Size=40, Default__ErrorDialog_C Function /Engine/Transient.REINST_ErrorDialog_C_0:ExecuteUbergraph_ErrorDialog
[2018.08.21-15.10.32:077][  0]LogUObjectGlobals: Destroyed PersistentFrame Addr=0x0000012d5700ed90, Size=80
[2018.08.21-15.10.32:077][  0]LogUObjectGlobals: Created PersistentFrame Addr=0x0000012d66961300, Size=80, Default__HostMenu_C Function /Engine/Transient.REINST_HostMenu_C_1:ExecuteUbergraph_HostMenu
[2018.08.21-15.10.32:078][  0]LogUObjectGlobals: Destroyed PersistentFrame Addr=0x0000012d66520d38, Size=40
[2018.08.21-15.10.32:078][  0]LogUObjectGlobals: Created PersistentFrame Addr=0x0000012d66d15c60, Size=40, Default__MainMenu_C Function /Engine/Transient.REINST_MainMenu_C_3:ExecuteUbergraph_MainMenu
[2018.08.21-15.10.32:078][  0]LogUObjectGlobals: Destroyed PersistentFrame Addr=0x0000012d56fba8d0, Size=104
[2018.08.21-15.10.32:078][  0]LogUObjectGlobals: Created PersistentFrame Addr=0x0000012d6481aa90, Size=104, Default__OptionsMenu_C Function /Engine/Transient.REINST_OptionsMenu_C_4:ExecuteUbergraph_OptionsMenu
[2018.08.21-15.10.32:079][  0]LogUObjectGlobals: Destroyed PersistentFrame Addr=0x0000012d56ff1800, Size=600
[2018.08.21-15.10.32:079][  0]LogUObjectGlobals: Created PersistentFrame Addr=0x0000012d64817100, Size=600, Default__ServerMenu_C Function /Engine/Transient.REINST_ServerMenu_C_5:ExecuteUbergraph_ServerMenu
[2018.08.21-15.10.32:105][  0]LogUObjectGlobals: Created PersistentFrame Addr=0x0000012d59674b80, Size=624, Default__GameInfoInstance_C Function /Game/Blueprints/AllLevels/GameInfoInstance.GameInfoInstance_C:ExecuteUbergraph_GameInfoInstance
[2018.08.21-15.10.32:105][  0]LogUObjectGlobals: Created PersistentFrame Addr=0x0000012d66d163e0, Size=40, Default__ErrorDialog_C Function /Game/UI/MainMenu/ErrorDialog.ErrorDialog_C:ExecuteUbergraph_ErrorDialog
[2018.08.21-15.10.32:107][  0]LogUObjectGlobals: Created PersistentFrame Addr=0x0000012d59615580, Size=80, Default__HostMenu_C Function /Game/UI/MainMenu/HostMenu.HostMenu_C:ExecuteUbergraph_HostMenu
[2018.08.21-15.10.32:108][  0]LogUObjectGlobals: Created PersistentFrame Addr=0x0000012d66d16db8, Size=40, Default__MainMenu_C Function /Game/UI/MainMenu/MainMenu.MainMenu_C:ExecuteUbergraph_MainMenu
[2018.08.21-15.10.32:110][  0]LogUObjectGlobals: Created PersistentFrame Addr=0x0000012d595b7660, Size=104, Default__OptionsMenu_C Function /Game/UI/MainMenu/OptionsMenu.OptionsMenu_C:ExecuteUbergraph_OptionsMenu
[2018.08.21-15.10.32:112][  0]LogUObjectGlobals: Created PersistentFrame Addr=0x0000012d595f2200, Size=592, Default__ServerMenu_C Function /Game/UI/MainMenu/ServerMenu.ServerMenu_C:ExecuteUbergraph_ServerMenu
[2018.08.21-15.10.32:137][  0]LogInit: Display: Game Engine Initialized.
[2018.08.21-15.10.32:137][  0]LogGameplayTags: Display: UGameplayTagsManager::DoneAddingNativeTags. DelegateIsBound: 0
[2018.08.21-15.10.32:137][  0]LogStats: UGameplayTagsManager::ConstructGameplayTagTree: Construct from data asset -  0.000 s
[2018.08.21-15.10.32:137][  0]LogStats: UGameplayTagsManager::ConstructGameplayTagTree: GameplayTagTreeChangedEvent.Broadcast -  0.000 s
[2018.08.21-15.10.32:196][  0]LogInit: Display: Starting Game.
[2018.08.21-15.10.32:196][  0]LogNet: Browse: 127.0.0.1:17777//Game/Maps/MainMenu?Name=Player
[2018.08.21-15.10.32:197][  0]LogOnline: Warning: STEAM: Steam API disabled!
[2018.08.21-15.10.32:197][  0]LogOnline: Display: STEAM: OnlineSubsystemSteam::Shutdown()
[2018.08.21-15.10.32:197][  0]LogTemp: Display: ParseSettings for GameNetDriver
[2018.08.21-15.10.32:197][  0]LogTemp: Display: ParseSettings for IpNetDriver_0
[2018.08.21-15.10.32:197][  0]LogTemp: Display: ParseSettings for PendingNetDriver
[2018.08.21-15.10.32:197][  0]LogInit: WinSock: Socket queue 32768 / 32768
[2018.08.21-15.10.32:197][  0]PacketHandlerLog: Loaded PacketHandler component: Engine.EngineHandlerComponentFactory (StatelessConnectHandlerComponent)
[2018.08.21-15.10.32:197][  0]LogNet: Game client on port 17777, rate 10000
[2018.08.21-15.10.32:248][  0]LogLoad: (Engine Initialization) Total time: 5.82 seconds
[2018.08.21-15.10.32:248][  0]LogLoad: (Engine Initialization) Total Blueprint compile time: 0.00 seconds
[2018.08.21-15.10.32:265][  0]LogWindowsTextInputMethodSystem: Display: IME system now deactivated.
[2018.08.21-15.10.32:265][  0]LogHandshake: SendChallengeResponse. Timestamp: 0.067403, Cookie: 047131202243208130038227246186214159161242178201015143137172
[2018.08.21-15.10.32:268][  0]LogContentStreaming: Texture pool size now 1000 MB
[2018.08.21-15.10.32:280][  1]LogNetVersion: DarkCrystalstutter 1.0.0.0, NetCL: 3944462, EngineNetVer: 2, GameNetVer: 0 (Checksum: 454883313)
[2018.08.21-15.10.32:280][  1]LogNet: UPendingNetGame::SendInitialJoin: Sending hello. [UNetConnection] RemoteAddr: 127.0.0.1:17777, Name: IpConnection_0, Driver: PendingNetDriver IpNetDriver_0, IsServer: NO, PC: NULL, Owner: NULL, UniqueId: INVALID
[2018.08.21-15.10.32:345][  5]LogNet: Welcomed by server (Level: /Game/Maps/Arena01, Game: /Game/Blueprints/Gameplay/GameplayGM.GameplayGM_C)
[2018.08.21-15.10.32:346][  5]LogLoad: LoadMap: 127.0.0.1:17777//Game/Maps/Arena01?Name=Player?game=/Game/Blueprints/Gameplay/GameplayGM.GameplayGM_C
[2018.08.21-15.10.32:355][  5]LogUObjectGlobals: Destroyed PersistentFrame Addr=0x0000012d64817d80, Size=624
[2018.08.21-15.10.32:355][  5]LogUObjectGlobals: Destroyed PersistentFrame Addr=0x0000012d66d15d50, Size=40
[2018.08.21-15.10.32:355][  5]LogUObjectGlobals: Destroyed PersistentFrame Addr=0x0000012d66961300, Size=80
[2018.08.21-15.10.32:355][  5]LogUObjectGlobals: Destroyed PersistentFrame Addr=0x0000012d66d15c60, Size=40
[2018.08.21-15.10.32:355][  5]LogUObjectGlobals: Destroyed PersistentFrame Addr=0x0000012d6481aa90, Size=104
[2018.08.21-15.10.32:355][  5]LogUObjectGlobals: Destroyed PersistentFrame Addr=0x0000012d64817100, Size=600
[2018.08.21-15.10.32:385][  5]LogUObjectGlobals: Created PersistentFrame Addr=0x0000012d5964ba00, Size=256, Default__GameplayGM_C Function /Game/Blueprints/Gameplay/GameplayGM.GameplayGM_C:ExecuteUbergraph_GameplayGM
[2018.08.21-15.10.32:392][  5]LogLinker: Can't find file '/Game/Blueprints/Characters/Female/Kachujin/Animations/Montages/AM_Roll'
[2018.08.21-15.10.32:392][  5]LogLinker: Can't find file '/Game/Blueprints/Characters/Female/Kachujin/Animations/Montages/AM_Roll'
[2018.08.21-15.10.32:393][  5]LogUObjectGlobals: Created PersistentFrame Addr=0x0000012d57c1d300, Size=544, Default__0_Base_C Function /Game/Blueprints/Characters/0_Base.0_Base_C:ExecuteUbergraph_0_Base
[2018.08.21-15.10.32:408][  5]LogUObjectGlobals: Created PersistentFrame Addr=0x0000012d582a77e0, Size=32, Default__ABP_WoodenBow_C Function /Game/Blueprints/Items/Weapons/WoodenBow/ABP_WoodenBow.ABP_WoodenBow_C:ExecuteUbergraph_ABP_WoodenBow
[2018.08.21-15.10.32:414][  5]LogUObjectGlobals: Created PersistentFrame Addr=0x0000012d5700e250, Size=72, Default__BPC_MontageManager_C Function /Game/Blueprints/Components/BPC_MontageManager.BPC_MontageManager_C:ExecuteUbergraph_BPC_MontageManager
[2018.08.21-15.10.32:430][  5]LogUObjectGlobals: Created PersistentFrame Addr=0x0000012d6e343580, Size=2528, Default__GameplayPC_C Function /Game/Blueprints/Gameplay/GameplayPC.GameplayPC_C:ExecuteUbergraph_GameplayPC
[2018.08.21-15.10.32:432][  5]LogUObjectGlobals: Created PersistentFrame Addr=0x0000012d595cd1e0, Size=96, Default__GameplayPS_C Function /Game/Blueprints/Gameplay/GameplayPS.GameplayPS_C:ExecuteUbergraph_GameplayPS
[2018.08.21-15.10.32:454][  5]LogUObjectGlobals: Created PersistentFrame Addr=0x0000012d6e2fa200, Size=320, Default__ChatWindow_C Function /Game/UI/AllLevels/ChatWindow.ChatWindow_C:ExecuteUbergraph_ChatWindow
[2018.08.21-15.10.32:456][  5]LogUObjectGlobals: Created PersistentFrame Addr=0x0000012d6694dd00, Size=888, Default__LobbyPC_C Function /Game/Blueprints/Lobby/LobbyPC.LobbyPC_C:ExecuteUbergraph_LobbyPC
[2018.08.21-15.10.32:457][  5]LogUObjectGlobals: Created PersistentFrame Addr=0x0000012d6e296e00, Size=752, Default__LobbyGM_C Function /Game/Blueprints/Lobby/LobbyGM.LobbyGM_C:ExecuteUbergraph_LobbyGM
[2018.08.21-15.10.32:461][  5]LogUObjectGlobals: Created PersistentFrame Addr=0x0000012d6e26f880, Size=544, Default__BP_MaleCharacter_C Function /Game/Blueprints/Characters/0_Base.0_Base_C:ExecuteUbergraph_0_Base
[2018.08.21-15.10.32:467][  5]LogUObjectGlobals: Created PersistentFrame Addr=0x0000012d6e26f100, Size=544, Default__BP_MaleCharacter_C Function /Game/Blueprints/Characters/0_Base.0_Base_C:ExecuteUbergraph_0_Base
[2018.08.21-15.10.32:478][  5]LogUObjectGlobals: Created PersistentFrame Addr=0x0000012d595750c0, Size=112, Default__ABP_BerserkerDefault_C Function /Game/Characters/Berserker_S1/Blueprints/ABP_BerserkerDefault.ABP_BerserkerDefault_C:ExecuteUbergraph_ABP_BerserkerDefault
[2018.08.21-15.10.32:500][  5]LogUObjectGlobals: Created PersistentFrame Addr=0x0000012d6de3a980, Size=544, Default__BP_FemaleCharacter_C Function /Game/Blueprints/Characters/0_Base.0_Base_C:ExecuteUbergraph_0_Base
[2018.08.21-15.10.32:503][  5]LogUObjectGlobals: Created PersistentFrame Addr=0x0000012d6deb6f80, Size=128, Default__ABP_Kachujin_C Function /Game/Characters/Kachujin/ABP_Kachujin.ABP_Kachujin_C:ExecuteUbergraph_ABP_Kachujin
[2018.08.21-15.10.32:535][  5]LogUObjectGlobals: Created PersistentFrame Addr=0x0000012d72681a80, Size=544, Default__Tusk_C Function /Game/Blueprints/Characters/0_Base.0_Base_C:ExecuteUbergraph_0_Base
[2018.08.21-15.10.32:538][  5]LogUObjectGlobals: Created PersistentFrame Addr=0x0000012d6eae90c0, Size=64, Default__0_BaseAnimBP_C Function /Game/InfinityBladeWarriors/Animations/0_BaseAnimBP.0_BaseAnimBP_C:ExecuteUbergraph_0_BaseAnimBP
[2018.08.21-15.10.32:556][  5]LogUObjectGlobals: Created PersistentFrame Addr=0x0000012d7273d580, Size=312, Default__LobbyMenu_C Function /Game/UI/Lobby/LobbyMenu.LobbyMenu_C:ExecuteUbergraph_LobbyMenu
[2018.08.21-15.10.32:558][  5]LogUObjectGlobals: Created PersistentFrame Addr=0x0000012d6eeff0b0, Size=80, Default__CharacterSelect_C Function /Game/UI/Lobby/CharacterSelect.CharacterSelect_C:ExecuteUbergraph_CharacterSelect
[2018.08.21-15.10.32:573][  5]LogUObjectGlobals: Created PersistentFrame Addr=0x0000012d6ef465c0, Size=192, Default__GameSettings_C Function /Game/UI/Lobby/GameSettings.GameSettings_C:ExecuteUbergraph_GameSettings
[2018.08.21-15.10.32:574][  5]LogUObjectGlobals: Created PersistentFrame Addr=0x0000012d727895e0, Size=32, Default__PlayerButton_C Function /Game/UI/Lobby/PlayerButton.PlayerButton_C:ExecuteUbergraph_PlayerButton
[2018.08.21-15.10.32:598][  5]LogUObjectGlobals: Created PersistentFrame Addr=0x0000012d66cf4a58, Size=4, Default__ConnectedPlayer_C Function /Game/UI/Lobby/ConnectedPlayer.ConnectedPlayer_C:ExecuteUbergraph_ConnectedPlayer
[2018.08.21-15.10.32:701][  5]LogUObjectGlobals: Destroyed PersistentFrame Addr=0x0000012d6eae90c0, Size=64
[2018.08.21-15.10.32:701][  5]LogUObjectGlobals: Created PersistentFrame Addr=0x0000012d737a6e00, Size=64, Default__0_BaseAnimBP_C Function /Engine/Transient.REINST_0_BaseAnimBP_C_0:ExecuteUbergraph_0_BaseAnimBP
[2018.08.21-15.10.32:704][  5]LogUObjectGlobals: Destroyed PersistentFrame Addr=0x0000012d595750c0, Size=112
[2018.08.21-15.10.32:704][  5]LogUObjectGlobals: Created PersistentFrame Addr=0x0000012d735452f0, Size=112, Default__ABP_BerserkerDefault_C Function /Engine/Transient.REINST_ABP_BerserkerDefault_C_1:ExecuteUbergraph_ABP_BerserkerDefault
[2018.08.21-15.10.32:704][  5]LogUObjectGlobals: Destroyed PersistentFrame Addr=0x0000012d6deb6f80, Size=128
[2018.08.21-15.10.32:704][  5]LogUObjectGlobals: Created PersistentFrame Addr=0x0000012d739e5c80, Size=128, Default__ABP_Kachujin_C Function /Engine/Transient.REINST_ABP_Kachujin_C_2:ExecuteUbergraph_ABP_Kachujin
[2018.08.21-15.10.32:705][  5]LogUObjectGlobals: Destroyed PersistentFrame Addr=0x0000012d582a77e0, Size=32
[2018.08.21-15.10.32:705][  5]LogUObjectGlobals: Created PersistentFrame Addr=0x0000012d734f9740, Size=32, Default__ABP_WoodenBow_C Function /Engine/Transient.REINST_ABP_WoodenBow_C_3:ExecuteUbergraph_ABP_WoodenBow
[2018.08.21-15.10.32:706][  5]LogUObjectGlobals: Destroyed PersistentFrame Addr=0x0000012d5700e250, Size=72
[2018.08.21-15.10.32:706][  5]LogUObjectGlobals: Created PersistentFrame Addr=0x0000012d734be0c0, Size=72, Default__BPC_MontageManager_C Function /Engine/Transient.REINST_BPC_MontageManager_C_19:ExecuteUbergraph_BPC_MontageManager
[2018.08.21-15.10.32:707][  5]LogUObjectGlobals: Destroyed PersistentFrame Addr=0x0000012d57c1d300, Size=544
[2018.08.21-15.10.32:707][  5]LogUObjectGlobals: Created PersistentFrame Addr=0x0000012d73738e00, Size=544, Default__0_Base_C Function /Engine/Transient.REINST_0_Base_C_23:ExecuteUbergraph_0_Base
[2018.08.21-15.10.32:708][  5]LogUObjectGlobals: Destroyed PersistentFrame Addr=0x0000012d6eeff0b0, Size=80
[2018.08.21-15.10.32:708][  5]LogUObjectGlobals: Created PersistentFrame Addr=0x0000012d734831a0, Size=80, Default__CharacterSelect_C Function /Engine/Transient.REINST_CharacterSelect_C_6:ExecuteUbergraph_CharacterSelect
[2018.08.21-15.10.32:708][  5]LogUObjectGlobals: Destroyed PersistentFrame Addr=0x0000012d6e2fa200, Size=320
[2018.08.21-15.10.32:708][  5]LogUObjectGlobals: Created PersistentFrame Addr=0x0000012d7379e340, Size=320, Default__ChatWindow_C Function /Engine/Transient.REINST_ChatWindow_C_8:ExecuteUbergraph_ChatWindow
[2018.08.21-15.10.32:709][  5]LogUObjectGlobals: Destroyed PersistentFrame Addr=0x0000012d66cf4a58, Size=4
[2018.08.21-15.10.32:709][  5]LogUObjectGlobals: Created PersistentFrame Addr=0x0000012d73791eb0, Size=4, Default__ConnectedPlayer_C Function /Engine/Transient.REINST_ConnectedPlayer_C_9:ExecuteUbergraph_ConnectedPlayer
[2018.08.21-15.10.32:710][  5]LogUObjectGlobals: Destroyed PersistentFrame Addr=0x0000012d6e343580, Size=2528
[2018.08.21-15.10.32:710][  5]LogUObjectGlobals: Created PersistentFrame Addr=0x0000012d595ca080, Size=2528, Default__GameplayPC_C Function /Engine/Transient.REINST_GameplayPC_C_26:ExecuteUbergraph_GameplayPC
[2018.08.21-15.10.32:710][  5]LogUObjectGlobals: Destroyed PersistentFrame Addr=0x0000012d595cd1e0, Size=96
[2018.08.21-15.10.32:710][  5]LogUObjectGlobals: Created PersistentFrame Addr=0x0000012d6698e380, Size=96, Default__GameplayPS_C Function /Engine/Transient.REINST_GameplayPS_C_27:ExecuteUbergraph_GameplayPS
[2018.08.21-15.10.32:711][  5]LogUObjectGlobals: Destroyed PersistentFrame Addr=0x0000012d6ef465c0, Size=192
[2018.08.21-15.10.32:711][  5]LogUObjectGlobals: Created PersistentFrame Addr=0x0000012d735b7100, Size=192, Default__GameSettings_C Function /Engine/Transient.REINST_GameSettings_C_11:ExecuteUbergraph_GameSettings
[2018.08.21-15.10.32:712][  5]LogUObjectGlobals: Destroyed PersistentFrame Addr=0x0000012d7273d580, Size=312
[2018.08.21-15.10.32:712][  5]LogUObjectGlobals: Created PersistentFrame Addr=0x0000012d7379d800, Size=312, Default__LobbyMenu_C Function /Engine/Transient.REINST_LobbyMenu_C_12:ExecuteUbergraph_LobbyMenu
[2018.08.21-15.10.32:712][  5]LogUObjectGlobals: Destroyed PersistentFrame Addr=0x0000012d6694dd00, Size=888
[2018.08.21-15.10.32:712][  5]LogUObjectGlobals: Created PersistentFrame Addr=0x0000012d73415280, Size=888, Default__LobbyPC_C Function /Engine/Transient.REINST_LobbyPC_C_28:ExecuteUbergraph_LobbyPC
[2018.08.21-15.10.32:713][  5]LogUObjectGlobals: Destroyed PersistentFrame Addr=0x0000012d727895e0, Size=32
[2018.08.21-15.10.32:713][  5]LogUObjectGlobals: Created PersistentFrame Addr=0x0000012d734f8fc0, Size=32, Default__PlayerButton_C Function /Engine/Transient.REINST_PlayerButton_C_13:ExecuteUbergraph_PlayerButton
[2018.08.21-15.10.32:713][  5]LogUObjectGlobals: Destroyed PersistentFrame Addr=0x0000012d6de3a980, Size=544
[2018.08.21-15.10.32:713][  5]LogUObjectGlobals: Created PersistentFrame Addr=0x0000012d7373a700, Size=544, Default__BP_FemaleCharacter_C Function /Engine/Transient.REINST_0_Base_C_23:ExecuteUbergraph_0_Base
[2018.08.21-15.10.32:713][  5]LogUObjectGlobals: Destroyed PersistentFrame Addr=0x0000012d6e26f100, Size=544
[2018.08.21-15.10.32:713][  5]LogUObjectGlobals: Created PersistentFrame Addr=0x0000012d73738680, Size=544, Default__BP_MaleCharacter_C Function /Engine/Transient.REINST_0_Base_C_23:ExecuteUbergraph_0_Base
[2018.08.21-15.10.32:713][  5]LogUObjectGlobals: Destroyed PersistentFrame Addr=0x0000012d5964ba00, Size=256
[2018.08.21-15.10.32:713][  5]LogUObjectGlobals: Created PersistentFrame Addr=0x0000012d73457200, Size=256, Default__GameplayGM_C Function /Engine/Transient.REINST_GameplayGM_C_32:ExecuteUbergraph_GameplayGM
[2018.08.21-15.10.32:714][  5]LogUObjectGlobals: Destroyed PersistentFrame Addr=0x0000012d6e296e00, Size=752
[2018.08.21-15.10.32:714][  5]LogUObjectGlobals: Created PersistentFrame Addr=0x0000012d733fab00, Size=752, Default__LobbyGM_C Function /Engine/Transient.REINST_LobbyGM_C_33:ExecuteUbergraph_LobbyGM
[2018.08.21-15.10.32:714][  5]LogUObjectGlobals: Destroyed PersistentFrame Addr=0x0000012d72681a80, Size=544
[2018.08.21-15.10.32:714][  5]LogUObjectGlobals: Created PersistentFrame Addr=0x0000012d73738400, Size=544, Default__Tusk_C Function /Engine/Transient.REINST_0_Base_C_23:ExecuteUbergraph_0_Base
[2018.08.21-15.10.32:845][  5]LogUObjectGlobals: Created PersistentFrame Addr=0x0000012d74863510, Size=72, Default__0_BaseAnimBP_C Function /Game/InfinityBladeWarriors/Animations/0_BaseAnimBP.0_BaseAnimBP_C:ExecuteUbergraph_0_BaseAnimBP
[2018.08.21-15.10.32:846][  5]LogUObjectGlobals: Created PersistentFrame Addr=0x0000012d74848170, Size=112, Default__ABP_BerserkerDefault_C Function /Game/Characters/Berserker_S1/Blueprints/ABP_BerserkerDefault.ABP_BerserkerDefault_C:ExecuteUbergraph_ABP_BerserkerDefault
[2018.08.21-15.10.32:847][  5]LogUObjectGlobals: Created PersistentFrame Addr=0x0000012d74842c00, Size=128, Default__ABP_Kachujin_C Function /Game/Characters/Kachujin/ABP_Kachujin.ABP_Kachujin_C:ExecuteUbergraph_ABP_Kachujin
[2018.08.21-15.10.32:848][  5]LogUObjectGlobals: Created PersistentFrame Addr=0x0000012d74868840, Size=32, Default__ABP_WoodenBow_C Function /Game/Blueprints/Items/Weapons/WoodenBow/ABP_WoodenBow.ABP_WoodenBow_C:ExecuteUbergraph_ABP_WoodenBow
[2018.08.21-15.10.32:852][  5]LogUObjectGlobals: Created PersistentFrame Addr=0x0000012d7479b4c0, Size=72, Default__BPC_MontageManager_C Function /Game/Blueprints/Components/BPC_MontageManager.BPC_MontageManager_C:ExecuteUbergraph_BPC_MontageManager
[2018.08.21-15.10.32:856][  5]LogUObjectGlobals: Created PersistentFrame Addr=0x0000012d6dbe9a80, Size=536, Default__0_Base_C Function /Game/Blueprints/Characters/0_Base.0_Base_C:ExecuteUbergraph_0_Base
[2018.08.21-15.10.32:858][  5]LogUObjectGlobals: Created PersistentFrame Addr=0x0000012d746f6a70, Size=80, Default__CharacterSelect_C Function /Game/UI/Lobby/CharacterSelect.CharacterSelect_C:ExecuteUbergraph_CharacterSelect
[2018.08.21-15.10.32:859][  5]LogUObjectGlobals: Created PersistentFrame Addr=0x0000012d746e7ec0, Size=320, Default__ChatWindow_C Function /Game/UI/AllLevels/ChatWindow.ChatWindow_C:ExecuteUbergraph_ChatWindow
[2018.08.21-15.10.32:859][  5]LogUObjectGlobals: Created PersistentFrame Addr=0x0000012d749b6490, Size=4, Default__ConnectedPlayer_C Function /Game/UI/Lobby/ConnectedPlayer.ConnectedPlayer_C:ExecuteUbergraph_ConnectedPlayer
[2018.08.21-15.10.32:869][  5]LogUObjectGlobals: Created PersistentFrame Addr=0x0000012d746f9600, Size=2528, Default__GameplayPC_C Function /Game/Blueprints/Gameplay/GameplayPC.GameplayPC_C:ExecuteUbergraph_GameplayPC
[2018.08.21-15.10.32:871][  5]LogUObjectGlobals: Created PersistentFrame Addr=0x0000012d745f7520, Size=96, Default__GameplayPS_C Function /Game/Blueprints/Gameplay/GameplayPS.GameplayPS_C:ExecuteUbergraph_GameplayPS
[2018.08.21-15.10.32:873][  5]LogUObjectGlobals: Created PersistentFrame Addr=0x0000012d745a9480, Size=192, Default__GameSettings_C Function /Game/UI/Lobby/GameSettings.GameSettings_C:ExecuteUbergraph_GameSettings
[2018.08.21-15.10.32:876][  5]LogUObjectGlobals: Created PersistentFrame Addr=0x0000012d746e7600, Size=320, Default__LobbyMenu_C Function /Game/UI/Lobby/LobbyMenu.LobbyMenu_C:ExecuteUbergraph_LobbyMenu
[2018.08.21-15.10.32:879][  5]LogUObjectGlobals: Created PersistentFrame Addr=0x0000012d74536080, Size=880, Default__LobbyPC_C Function /Game/Blueprints/Lobby/LobbyPC.LobbyPC_C:ExecuteUbergraph_LobbyPC
[2018.08.21-15.10.32:880][  5]LogUObjectGlobals: Created PersistentFrame Addr=0x0000012d744f2e00, Size=32, Default__PlayerButton_C Function /Game/UI/Lobby/PlayerButton.PlayerButton_C:ExecuteUbergraph_PlayerButton
[2018.08.21-15.10.32:880][  5]LogUObjectGlobals: Created PersistentFrame Addr=0x0000012d744dec00, Size=536, Default__BP_FemaleCharacter_C Function /Game/Blueprints/Characters/0_Base.0_Base_C:ExecuteUbergraph_0_Base
[2018.08.21-15.10.32:880][  5]LogUObjectGlobals: Created PersistentFrame Addr=0x0000012d744de700, Size=536, Default__BP_MaleCharacter_C Function /Game/Blueprints/Characters/0_Base.0_Base_C:ExecuteUbergraph_0_Base
[2018.08.21-15.10.32:883][  5]LogUObjectGlobals: Created PersistentFrame Addr=0x0000012d744ac400, Size=256, Default__GameplayGM_C Function /Game/Blueprints/Gameplay/GameplayGM.GameplayGM_C:ExecuteUbergraph_GameplayGM
[2018.08.21-15.10.32:885][  5]LogUObjectGlobals: Created PersistentFrame Addr=0x0000012d7449b200, Size=784, Default__LobbyGM_C Function /Game/Blueprints/Lobby/LobbyGM.LobbyGM_C:ExecuteUbergraph_LobbyGM
[2018.08.21-15.10.32:886][  5]LogUObjectGlobals: Created PersistentFrame Addr=0x0000012d744dc400, Size=536, Default__Tusk_C Function /Game/Blueprints/Characters/0_Base.0_Base_C:ExecuteUbergraph_0_Base
[2018.08.21-15.10.33:221][  5]LogSkeletalMesh: Skeletal Mesh found in DDC [0.221866ms] /Game/Blueprints/Items/Weapons/WoodenBow/SK_WoodenBow.SK_WoodenBow
[2018.08.21-15.10.33:245][  5]LogSkeletalMesh: Skeletal Mesh found in DDC [2.264986ms] /Game/Characters/Kachujin/SK_Kachujin.SK_Kachujin
[2018.08.21-15.10.33:261][  5]LogSkeletalMesh: Skeletal Mesh found in DDC [2.562433ms] /Game/Characters/Berserker_S1/Meshes/Combines/SK_Berserker.SK_Berserker
[2018.08.21-15.10.33:281][  5]LogSkeletalMesh: Skeletal Mesh found in DDC [0.334262ms] /Game/InfinityBladeWarriors/Character/CompleteCharacters/SK_CharM_Tusk.SK_CharM_Tusk
[2018.08.21-15.10.33:303][  5]LogSkeletalMesh: Skeletal Mesh found in DDC [0.244297ms] /Game/Blueprints/Items/Weapons/RelicSword/SK_RelicSword.SK_RelicSword
[2018.08.21-15.10.33:454][  5]LogAIModule: Creating AISystem for world Arena01
[2018.08.21-15.10.33:454][  5]LogTemp: Display: ParseSettings for GameNetDriver
[2018.08.21-15.10.33:457][  5]LogWorld: Bringing World /Game/Maps/Arena01.Arena01 up for play (max tick rate 0) at 2018.08.21-08.10.33
[2018.08.21-15.10.33:457][  5]LogWorld: Bringing up level for play took: 0.001977
[2018.08.21-15.10.33:460][  5]LogLoad: Took 1.114467 seconds to LoadMap(/Game/Maps/Arena01)
[2018.08.21-15.10.33:508][  6]LogRenderer: Reallocating scene render targets to support 640x480 Format 10 NumSamples 1 (Frame:1).
[2018.08.21-15.10.33:648][ 12]LogSlate: Took 0.000169 seconds to synchronously load lazily loaded font '../../../Engine/Content/Slate/Fonts/Roboto-Regular.ttf' (155K)
[2018.08.21-15.10.33:743][ 18]LogOnline: Warning: OSS: No game present to join for session (GameSession)
[2018.08.21-15.10.33:807][ 22]LogOnline: Warning: OSS: No game present to join for session (GameSession)
[2018.08.21-15.10.34:472][ 63]LogOnline: Warning: OSS: No game present to join for session (GameSession)
[2018.08.21-15.10.35:922][153]LogBlueprintUserMessages: [GameplayPC_C_0] Weapon is valid
[2018.08.21-15.10.35:922][153]LogBlueprintUserMessages: [GameplayPC_C_0] Weapon is: Wooden Bow
[2018.08.21-15.10.39:553][378]LogBlueprintUserMessages: [GameplayPC_C_0] got receive
[2018.08.21-15.10.40:697][449]LogBlueprintUserMessages: [GameplayPC_C_0] got receive
[2018.08.21-15.10.41:552][502]LogBlueprintUserMessages: [GameplayPC_C_0] got receive
[2018.08.21-15.10.42:617][568]LogBlueprintUserMessages: [GameplayPC_C_0] got receive
[2018.08.21-15.10.44:423][680]LogBlueprintUserMessages: [GameplayPC_C_0] got receive
[2018.08.21-15.10.45:633][755]LogBlueprintUserMessages: [GameplayPC_C_0] got receive
[2018.08.21-15.10.46:714][822]LogBlueprintUserMessages: [GameplayPC_C_0] got receive
[2018.08.21-15.10.48:133][910]LogBlueprintUserMessages: [GameplayPC_C_0] got receive
[2018.08.21-15.10.49:052][967]LogBlueprintUserMessages: [GameplayPC_C_0] got receive
[2018.08.21-15.10.50:020][ 27]LogBlueprintUserMessages: [GameplayPC_C_0] got receive
[2018.08.21-15.10.50:778][ 74]LogBlueprintUserMessages: [GameplayPC_C_0] got receive
[2018.08.21-15.10.51:681][130]LogBlueprintUserMessages: [GameplayPC_C_0] got receive
[2018.08.21-15.10.52:391][174]LogBlueprintUserMessages: [GameplayPC_C_0] got receive
[2018.08.21-15.10.53:391][236]LogBlueprintUserMessages: [GameplayPC_C_0] got receive
[2018.08.21-15.10.54:117][281]LogBlueprintUserMessages: [GameplayPC_C_0] got receive
[2018.08.21-15.10.55:085][341]LogBlueprintUserMessages: [GameplayPC_C_0] got receive
[2018.08.21-15.10.57:424][486]LogBlueprintUserMessages: [GameplayPC_C_0] got receive
[2018.08.21-15.10.58:408][547]LogBlueprintUserMessages: [GameplayPC_C_0] got receive
[2018.08.21-15.10.59:214][597]LogBlueprintUserMessages: [GameplayPC_C_0] got receive
[2018.08.21-15.11.00:149][655]LogBlueprintUserMessages: [GameplayPC_C_0] got receive
[2018.08.21-15.11.00:844][698]LogBlueprintUserMessages: [GameplayPC_C_0] got receive
[2018.08.21-15.11.02:053][773]LogBlueprintUserMessages: [GameplayPC_C_0] got receive
[2018.08.21-15.11.02:778][818]LogBlueprintUserMessages: [GameplayPC_C_0] got receive
[2018.08.21-15.11.04:005][894]LogBlueprintUserMessages: [GameplayPC_C_0] got receive
[2018.08.21-15.11.04:924][951]LogBlueprintUserMessages: [GameplayPC_C_0] got receive
[2018.08.21-15.11.05:827][  7]LogBlueprintUserMessages: [GameplayPC_C_0] got receive
[2018.08.21-15.11.06:650][ 58]LogBlueprintUserMessages: [GameplayPC_C_0] got receive
[2018.08.21-15.11.07:553][114]LogBlueprintUserMessages: [GameplayPC_C_0] got receive
[2018.08.21-15.11.08:295][160]LogBlueprintUserMessages: [GameplayPC_C_0] got receive
[2018.08.21-15.11.09:198][216]LogBlueprintUserMessages: [GameplayPC_C_0] got receive
[2018.08.21-15.11.10:166][276]LogBlueprintUserMessages: [GameplayPC_C_0] Reset Jump controller id: 1
[2018.08.21-15.11.11:228][340]LogSlate: Window 'DarkCrystalstutter (64-bit, PCD3D_SM5) ' being destroyed
[2018.08.21-15.11.11:228][340]LogWindowsTextInputMethodSystem: Display: IME system now deactivated.
[2018.08.21-15.11.11:229][340]LogEngine: All Windows Closed
[2018.08.21-15.11.11:229][340]LogWindows: FPlatformMisc::RequestExit(0)
[2018.08.21-15.11.11:233][341]LogNet: World NetDriver shutdown IpNetDriver_0 [GameNetDriver]
[2018.08.21-15.11.11:233][341]LogNet: DestroyNamedNetDriver IpNetDriver_0 [GameNetDriver]
[2018.08.21-15.11.11:233][341]LogNet: UNetConnection::Close: [UNetConnection] RemoteAddr: 127.0.0.1:17777, Name: IpConnection_0, Driver: GameNetDriver IpNetDriver_0, IsServer: NO, PC: GameplayPC_C_0, Owner: GameplayPC_C_0, UniqueId: DESKTOP-LI0N2FC-476CA0D14BB0E442B84129993E4D4E6D, Channels: 13, Time: 2018.08.21-15.11.11
[2018.08.21-15.11.11:233][341]LogNet: UChannel::Close: Sending CloseBunch. ChIndex == 0. Name: [UChannel] ChIndex: 0, Closing: 0 [UNetConnection] RemoteAddr: 127.0.0.1:17777, Name: IpConnection_0, Driver: GameNetDriver IpNetDriver_0, IsServer: NO, PC: GameplayPC_C_0, Owner: GameplayPC_C_0, UniqueId: DESKTOP-LI0N2FC-476CA0D14BB0E442B84129993E4D4E6D
[2018.08.21-15.11.11:233][341]LogExit: GameNetDriver IpNetDriver_0 shut down
[2018.08.21-15.11.11:706][341]LogSlate: Slate User Destroyed.  User Index 0, Is Virtual User: 0
[2018.08.21-15.11.11:706][341]LogExit: Preparing to exit.
[2018.08.21-15.11.11:706][341]LogMoviePlayer: Shutting down movie player
[2018.08.21-15.11.12:074][341]LogExit: Game engine shut down
[2018.08.21-15.11.12:076][341]LogUObjectGlobals: Destroyed PersistentFrame Addr=0x0000012d6698e380, Size=96
[2018.08.21-15.11.12:076][341]LogUObjectGlobals: Destroyed PersistentFrame Addr=0x0000012d595ca080, Size=2528
[2018.08.21-15.11.12:076][341]LogUObjectGlobals: Destroyed PersistentFrame Addr=0x0000012d734be0c0, Size=72
[2018.08.21-15.11.12:076][341]LogUObjectGlobals: Destroyed PersistentFrame Addr=0x0000012d734f9740, Size=32
[2018.08.21-15.11.12:076][341]LogUObjectGlobals: Destroyed PersistentFrame Addr=0x0000012d73738e00, Size=544
[2018.08.21-15.11.12:076][341]LogUObjectGlobals: Destroyed PersistentFrame Addr=0x0000012d73457200, Size=256
[2018.08.21-15.11.12:076][341]LogUObjectGlobals: Destroyed PersistentFrame Addr=0x0000012d59674b80, Size=624
[2018.08.21-15.11.12:076][341]LogUObjectGlobals: Destroyed PersistentFrame Addr=0x0000012d66d163e0, Size=40
[2018.08.21-15.11.12:076][341]LogUObjectGlobals: Destroyed PersistentFrame Addr=0x0000012d59615580, Size=80
[2018.08.21-15.11.12:076][341]LogUObjectGlobals: Destroyed PersistentFrame Addr=0x0000012d66d16db8, Size=40
[2018.08.21-15.11.12:076][341]LogUObjectGlobals: Destroyed PersistentFrame Addr=0x0000012d595b7660, Size=104
[2018.08.21-15.11.12:076][341]LogUObjectGlobals: Destroyed PersistentFrame Addr=0x0000012d595f2200, Size=592
[2018.08.21-15.11.12:077][341]LogUObjectGlobals: Destroyed PersistentFrame Addr=0x0000012d7379e340, Size=320
[2018.08.21-15.11.12:077][341]LogUObjectGlobals: Destroyed PersistentFrame Addr=0x0000012d73415280, Size=888
[2018.08.21-15.11.12:077][341]LogUObjectGlobals: Destroyed PersistentFrame Addr=0x0000012d733fab00, Size=752
[2018.08.21-15.11.12:077][341]LogUObjectGlobals: Destroyed PersistentFrame Addr=0x0000012d73738680, Size=544
[2018.08.21-15.11.12:077][341]LogUObjectGlobals: Destroyed PersistentFrame Addr=0x0000012d735452f0, Size=112
[2018.08.21-15.11.12:077][341]LogUObjectGlobals: Destroyed PersistentFrame Addr=0x0000012d7373a700, Size=544
[2018.08.21-15.11.12:077][341]LogUObjectGlobals: Destroyed PersistentFrame Addr=0x0000012d739e5c80, Size=128
[2018.08.21-15.11.12:077][341]LogUObjectGlobals: Destroyed PersistentFrame Addr=0x0000012d73738400, Size=544
[2018.08.21-15.11.12:077][341]LogUObjectGlobals: Destroyed PersistentFrame Addr=0x0000012d737a6e00, Size=64
[2018.08.21-15.11.12:077][341]LogUObjectGlobals: Destroyed PersistentFrame Addr=0x0000012d7379d800, Size=312
[2018.08.21-15.11.12:077][341]LogUObjectGlobals: Destroyed PersistentFrame Addr=0x0000012d734831a0, Size=80
[2018.08.21-15.11.12:077][341]LogUObjectGlobals: Destroyed PersistentFrame Addr=0x0000012d735b7100, Size=192
[2018.08.21-15.11.12:077][341]LogUObjectGlobals: Destroyed PersistentFrame Addr=0x0000012d734f8fc0, Size=32
[2018.08.21-15.11.12:077][341]LogUObjectGlobals: Destroyed PersistentFrame Addr=0x0000012d73791eb0, Size=4
[2018.08.21-15.11.12:078][341]LogUObjectGlobals: Destroyed PersistentFrame Addr=0x0000012d74863510, Size=72
[2018.08.21-15.11.12:078][341]LogUObjectGlobals: Destroyed PersistentFrame Addr=0x0000012d74848170, Size=112
[2018.08.21-15.11.12:078][341]LogUObjectGlobals: Destroyed PersistentFrame Addr=0x0000012d74842c00, Size=128
[2018.08.21-15.11.12:078][341]LogUObjectGlobals: Destroyed PersistentFrame Addr=0x0000012d74868840, Size=32
[2018.08.21-15.11.12:078][341]LogUObjectGlobals: Destroyed PersistentFrame Addr=0x0000012d7479b4c0, Size=72
[2018.08.21-15.11.12:078][341]LogUObjectGlobals: Destroyed PersistentFrame Addr=0x0000012d6dbe9a80, Size=536
[2018.08.21-15.11.12:078][341]LogUObjectGlobals: Destroyed PersistentFrame Addr=0x0000012d746f6a70, Size=80
[2018.08.21-15.11.12:078][341]LogUObjectGlobals: Destroyed PersistentFrame Addr=0x0000012d746e7ec0, Size=320
[2018.08.21-15.11.12:078][341]LogUObjectGlobals: Destroyed PersistentFrame Addr=0x0000012d749b6490, Size=4
[2018.08.21-15.11.12:078][341]LogUObjectGlobals: Destroyed PersistentFrame Addr=0x0000012d746f9600, Size=2528
[2018.08.21-15.11.12:078][341]LogUObjectGlobals: Destroyed PersistentFrame Addr=0x0000012d745f7520, Size=96
[2018.08.21-15.11.12:078][341]LogUObjectGlobals: Destroyed PersistentFrame Addr=0x0000012d745a9480, Size=192
[2018.08.21-15.11.12:078][341]LogUObjectGlobals: Destroyed PersistentFrame Addr=0x0000012d746e7600, Size=320
[2018.08.21-15.11.12:078][341]LogUObjectGlobals: Destroyed PersistentFrame Addr=0x0000012d74536080, Size=880
[2018.08.21-15.11.12:078][341]LogUObjectGlobals: Destroyed PersistentFrame Addr=0x0000012d744f2e00, Size=32
[2018.08.21-15.11.12:078][341]LogUObjectGlobals: Destroyed PersistentFrame Addr=0x0000012d744dec00, Size=536
[2018.08.21-15.11.12:078][341]LogUObjectGlobals: Destroyed PersistentFrame Addr=0x0000012d744de700, Size=536
[2018.08.21-15.11.12:078][341]LogUObjectGlobals: Destroyed PersistentFrame Addr=0x0000012d744ac400, Size=256
[2018.08.21-15.11.12:078][341]LogUObjectGlobals: Destroyed PersistentFrame Addr=0x0000012d7449b200, Size=784
[2018.08.21-15.11.12:078][341]LogUObjectGlobals: Destroyed PersistentFrame Addr=0x0000012d744dc400, Size=536
[2018.08.21-15.11.12:127][341]LogExit: Object subsystem successfully closed.
[2018.08.21-15.11.12:143][341]LogShaderCompilers: Display: Shaders left to compile 0
[2018.08.21-15.11.12:145][341]LogD3D11RHI: Shutdown
[2018.08.21-15.11.12:145][341]LogD3D11RHI: CleanupD3DDevice
[2018.08.21-15.11.12:146][341]LogD3D11RHI: ~FD3D11DynamicRHI
[2018.08.21-15.11.12:150][341]LogModuleManager: Shutting down and abandoning module Voice (352)
[2018.08.21-15.11.12:150][341]LogModuleManager: Shutting down and abandoning module AIModule (348)
[2018.08.21-15.11.12:150][341]LogModuleManager: Shutting down and abandoning module GameplayDebugger (347)
[2018.08.21-15.11.12:150][341]LogModuleManager: Shutting down and abandoning module AITestSuite (345)
[2018.08.21-15.11.12:151][341]LogModuleManager: Shutting down and abandoning module SequenceRecorderSections (342)
[2018.08.21-15.11.12:151][341]LogModuleManager: Shutting down and abandoning module SequenceRecorder (340)
[2018.08.21-15.11.12:151][341]LogModuleManager: Shutting down and abandoning module AutomationController (338)
[2018.08.21-15.11.12:151][341]LogModuleManager: Shutting down and abandoning module AutomationWorker (336)
[2018.08.21-15.11.12:151][341]LogModuleManager: Shutting down and abandoning module WmfMediaFactory (334)
[2018.08.21-15.11.12:151][341]LogModuleManager: Shutting down and abandoning module OpenExrWrapper (332)
[2018.08.21-15.11.12:151][341]LogModuleManager: Shutting down and abandoning module ImgMediaFactory (330)
[2018.08.21-15.11.12:151][341]LogModuleManager: Shutting down and abandoning module AvfMediaFactory (328)
[2018.08.21-15.11.12:151][341]LogModuleManager: Shutting down and abandoning module CharacterAI (326)
[2018.08.21-15.11.12:151][341]LogModuleManager: Shutting down and abandoning module SessionServices (324)
[2018.08.21-15.11.12:151][341]LogModuleManager: Shutting down and abandoning module MovieSceneCapture (322)
[2018.08.21-15.11.12:151][341]LogModuleManager: Shutting down and abandoning module MovieSceneTracks (320)
[2018.08.21-15.11.12:151][341]LogModuleManager: Shutting down and abandoning module MovieScene (318)
[2018.08.21-15.11.12:151][341]LogModuleManager: Shutting down and abandoning module GeometryCache (316)
[2018.08.21-15.11.12:151][341]LogModuleManager: Shutting down and abandoning module GeometryCacheEd (315)
[2018.08.21-15.11.12:151][341]LogModuleManager: Shutting down and abandoning module StreamingPauseRendering (312)
[2018.08.21-15.11.12:151][341]LogModuleManager: Shutting down and abandoning module PortalServices (310)
[2018.08.21-15.11.12:151][341]LogModuleManager: Shutting down and abandoning module PortalRpc (308)
[2018.08.21-15.11.12:151][341]LogModuleManager: Shutting down and abandoning module MessagingRpc (306)
[2018.08.21-15.11.12:151][341]LogModuleManager: Shutting down and abandoning module ProfilerService (304)
[2018.08.21-15.11.12:221][341]LogModuleManager: Shutting down and abandoning module TaskGraph (302)
[2018.08.21-15.11.12:221][341]LogModuleManager: Shutting down and abandoning module SteamVRController (300)
[2018.08.21-15.11.12:221][341]LogModuleManager: Shutting down and abandoning module ProceduralMeshComponent (298)
[2018.08.21-15.11.12:221][341]LogModuleManager: Shutting down and abandoning module OculusInput (296)
[2018.08.21-15.11.12:221][341]LogModuleManager: Shutting down and abandoning module MobilePatchingUtils (294)
[2018.08.21-15.11.12:221][341]LogModuleManager: Shutting down and abandoning module CustomMeshComponent (292)
[2018.08.21-15.11.12:221][341]LogModuleManager: Shutting down and abandoning module CableComponent (290)
[2018.08.21-15.11.12:221][341]LogModuleManager: Shutting down and abandoning module AudioCapture (288)
[2018.08.21-15.11.12:221][341]LogModuleManager: Shutting down and abandoning module ArchVisCharacter (286)
[2018.08.21-15.11.12:221][341]LogModuleManager: Shutting down and abandoning module AndroidPermission (284)
[2018.08.21-15.11.12:221][341]LogModuleManager: Shutting down and abandoning module NUTUnrealEngine4 (282)
[2018.08.21-15.11.12:221][341]LogModuleManager: Shutting down and abandoning module NetcodeUnitTest (280)
[2018.08.21-15.11.12:221][341]LogModuleManager: Shutting down and abandoning module MediaCompositing (278)
[2018.08.21-15.11.12:221][341]LogModuleManager: Shutting down and abandoning module LinearTimecode (276)
[2018.08.21-15.11.12:221][341]LogModuleManager: Shutting down and abandoning module ImgMedia (274)
[2018.08.21-15.11.12:222][341]LogModuleManager: Shutting down and abandoning module HTML5Networking (272)
[2018.08.21-15.11.12:222][341]LogModuleManager: Shutting down and abandoning module DatasmithContent (270)
[2018.08.21-15.11.12:222][341]LogModuleManager: Shutting down and abandoning module CryptoKeysOpenSSL (268)
[2018.08.21-15.11.12:222][341]LogModuleManager: Shutting down and abandoning module CryptoKeys (266)
[2018.08.21-15.11.12:222][341]LogModuleManager: Shutting down and abandoning module VisualStudioSourceCodeAccess (264)
[2018.08.21-15.11.12:222][341]LogModuleManager: Shutting down and abandoning module HotReload (263)
[2018.08.21-15.11.12:222][341]LogModuleManager: Shutting down and abandoning module VisualStudioCodeSourceCodeAccess (260)
[2018.08.21-15.11.12:222][341]LogModuleManager: Shutting down and abandoning module UObjectPlugin (258)
[2018.08.21-15.11.12:222][341]LogModuleManager: Shutting down and abandoning module SubversionSourceControl (256)
[2018.08.21-15.11.12:222][341]LogModuleManager: Shutting down and abandoning module PerforceSourceControl (254)
[2018.08.21-15.11.12:222][341]LogModuleManager: Shutting down and abandoning module SourceControl (253)
[2018.08.21-15.11.12:222][341]LogModuleManager: Shutting down and abandoning module CLionSourceCodeAccess (250)
[2018.08.21-15.11.12:223][341]LogModuleManager: Shutting down and abandoning module VictoryBPLibrary (248)
[2018.08.21-15.11.12:223][341]LogModuleManager: Shutting down and abandoning module RuntimePhysXCooking (246)
[2018.08.21-15.11.12:223][341]LogModuleManager: Shutting down and abandoning module PhysXVehiclesEditor (244)
[2018.08.21-15.11.12:223][341]LogModuleManager: Shutting down and abandoning module PhysXVehicles (242)
[2018.08.21-15.11.12:223][341]LogModuleManager: Shutting down and abandoning module LocationServicesBPLibrary (240)
[2018.08.21-15.11.12:223][341]LogModuleManager: Shutting down and abandoning module ImmediatePhysicsEditor (238)
[2018.08.21-15.11.12:223][341]LogModuleManager: Shutting down and abandoning module ImmediatePhysics (236)
[2018.08.21-15.11.12:223][341]LogModuleManager: Shutting down and abandoning module ApexDestructionEditor (234)
[2018.08.21-15.11.12:223][341]LogModuleManager: Shutting down and abandoning module ContentBrowser (233)
[2018.08.21-15.11.12:223][341]LogModuleManager: Shutting down and abandoning module CollectionManager (232)
[2018.08.21-15.11.12:223][341]LogDirectoryWatcher: A directory notification for 'G:/DarkActive/Unreal Projects/DarkCrystalstutter/Content/Collections/' was aborted.
[2018.08.21-15.11.12:223][341]LogDirectoryWatcher: A directory notification for 'G:/DarkActive/Unreal Projects/DarkCrystalstutter/Content/Developers/Kappa/Collections/' was aborted.
[2018.08.21-15.11.12:223][341]LogDirectoryWatcher: A directory notification for 'G:/DarkActive/Unreal Projects/DarkCrystalstutter/Saved/Collections/' was aborted.
[2018.08.21-15.11.12:223][341]LogModuleManager: Shutting down and abandoning module DirectoryWatcher (231)
[2018.08.21-15.11.12:223][341]LogModuleManager: Shutting down and abandoning module ApexDestruction (226)
[2018.08.21-15.11.12:223][341]LogModuleManager: Shutting down and abandoning module ActorSequence (224)
[2018.08.21-15.11.12:223][341]LogModuleManager: Shutting down and abandoning module UdpMessaging (222)
[2018.08.21-15.11.12:324][341]LogModuleManager: Shutting down and abandoning module TcpMessaging (220)
[2018.08.21-15.11.13:012][341]LogModuleManager: Shutting down and abandoning module GameplayTagsEditor (218)
[2018.08.21-15.11.13:012][341]LogModuleManager: Shutting down and abandoning module FacialAnimation (216)
[2018.08.21-15.11.13:012][341]LogModuleManager: Shutting down and abandoning module DataValidation (214)
[2018.08.21-15.11.13:012][341]LogModuleManager: Shutting down and abandoning module AssetManagerEditor (212)
[2018.08.21-15.11.13:012][341]LogModuleManager: Shutting down and abandoning module TreeMap (211)
[2018.08.21-15.11.13:012][341]LogModuleManager: Shutting down and abandoning module LightPropagationVolumeRuntime (208)
[2018.08.21-15.11.13:012][341]LogModuleManager: Shutting down and abandoning module LiveLink (206)
[2018.08.21-15.11.13:935][341]LogModuleManager: Shutting down and abandoning module AdvancedSteamSessions (204)
[2018.08.21-15.11.13:935][341]LogModuleManager: Shutting down and abandoning module AdvancedSessions (202)
[2018.08.21-15.11.13:935][341]LogModuleManager: Shutting down and abandoning module Paper2D (200)
[2018.08.21-15.11.13:935][341]LogModuleManager: Shutting down and abandoning module PIEPreviewDeviceProfileSelector (198)
[2018.08.21-15.11.13:935][341]LogModuleManager: Shutting down and abandoning module WindowsMoviePlayer (196)
[2018.08.21-15.11.13:935][341]LogModuleManager: Shutting down and abandoning module WmfMedia (194)
[2018.08.21-15.11.13:936][341]LogModuleManager: Shutting down and abandoning module Media (193)
[2018.08.21-15.11.13:942][341]LogModuleManager: Shutting down and abandoning module PacketHandler (190)
[2018.08.21-15.11.13:942][341]LogModuleManager: Shutting down and abandoning module ClothingSystemEditor (188)
[2018.08.21-15.11.13:942][341]LogModuleManager: Shutting down and abandoning module ClothingSystemRuntime (186)
[2018.08.21-15.11.13:942][341]LogModuleManager: Shutting down and abandoning module MediaAssets (184)
[2018.08.21-15.11.13:942][341]LogModuleManager: Shutting down and abandoning module Overlay (182)
[2018.08.21-15.11.13:942][341]LogModuleManager: Shutting down and abandoning module OverlayEditor (181)
[2018.08.21-15.11.13:942][341]LogModuleManager: Shutting down and abandoning module VREditor (178)
[2018.08.21-15.11.13:942][341]LogModuleManager: Shutting down and abandoning module StringTableEditor (176)
[2018.08.21-15.11.13:942][341]LogModuleManager: Shutting down and abandoning module GameplayTasksEditor (174)
[2018.08.21-15.11.13:942][341]LogModuleManager: Shutting down and abandoning module BehaviorTreeEditor (172)
[2018.08.21-15.11.13:942][341]LogModuleManager: Shutting down and abandoning module FunctionalTesting (170)
[2018.08.21-15.11.13:942][341]LogModuleManager: Shutting down and abandoning module CollisionAnalyzer (168)
[2018.08.21-15.11.13:942][341]LogModuleManager: Shutting down and abandoning module WorkspaceMenuStructure (167)
[2018.08.21-15.11.13:943][341]LogModuleManager: Shutting down and abandoning module UMG (164)
[2018.08.21-15.11.13:943][341]LogModuleManager: Shutting down and abandoning module UMGEditor (163)
[2018.08.21-15.11.13:943][341]LogModuleManager: Shutting down and abandoning module Sequencer (162)
[2018.08.21-15.11.13:943][341]LogModuleManager: Shutting down and abandoning module MessageLog (159)
[2018.08.21-15.11.13:943][341]LogModuleManager: Shutting down and abandoning module SlateReflector (154)
[2018.08.21-15.11.13:943][341]LogModuleManager: Shutting down and abandoning module Slate (152)
[2018.08.21-15.11.13:943][341]LogModuleManager: Shutting down and abandoning module EditorStyle (150)
[2018.08.21-15.11.13:944][341]LogModuleManager: Shutting down and abandoning module MRMesh (148)
[2018.08.21-15.11.13:944][341]LogModuleManager: Shutting down and abandoning module Messaging (146)
[2018.08.21-15.11.13:944][341]LogModuleManager: Shutting down and abandoning module SourceCodeAccess (144)
[2018.08.21-15.11.13:944][341]LogModuleManager: Shutting down and abandoning module HeadMountedDisplay (142)
[2018.08.21-15.11.13:944][341]LogModuleManager: Shutting down and abandoning module XAudio2 (140)
[2018.08.21-15.11.13:944][341]LogModuleManager: Shutting down and abandoning module Networking (138)
[2018.08.21-15.11.13:944][341]LogModuleManager: Shutting down and abandoning module Core (136)
[2018.08.21-15.11.13:944][341]LogModuleManager: Shutting down and abandoning module LevelSequence (134)
[2018.08.21-15.11.13:944][341]LogModuleManager: Shutting down and abandoning module KismetCompiler (132)
[2018.08.21-15.11.13:944][341]LogModuleManager: Shutting down and abandoning module MeshUtilities (130)
[2018.08.21-15.11.13:944][341]LogModuleManager: Shutting down and abandoning module MeshMergeUtilities (129)
[2018.08.21-15.11.13:944][341]LogModuleManager: Shutting down and abandoning module MeshReductionInterface (128)
[2018.08.21-15.11.13:944][341]LogModuleManager: Shutting down and abandoning module SimplygonSwarm (127)
[2018.08.21-15.11.13:944][341]LogModuleManager: Shutting down and abandoning module SimplygonMeshReduction (125)
[2018.08.21-15.11.13:944][341]LogModuleManager: Shutting down and abandoning module QuadricMeshReduction (123)
[2018.08.21-15.11.13:944][341]LogModuleManager: Shutting down and abandoning module MaterialBaking (119)
[2018.08.21-15.11.13:944][341]LogModuleManager: Shutting down and abandoning module DerivedDataCache (114)
[2018.08.21-15.11.14:391][341]LogDerivedDataCache: Shutdown
[2018.08.21-15.11.14:391][341]LogModuleManager: Shutting down and abandoning module XGEController (112)
[2018.08.21-15.11.14:391][341]LogModuleManager: Shutting down and abandoning module TargetPlatform (110)
[2018.08.21-15.11.14:391][341]LogModuleManager: Shutting down and abandoning module VulkanShaderFormat (109)
[2018.08.21-15.11.14:391][341]LogModuleManager: Shutting down and abandoning module ShaderFormatVectorVM (107)
[2018.08.21-15.11.14:391][341]LogModuleManager: Shutting down and abandoning module ShaderFormatOpenGL (105)
[2018.08.21-15.11.14:391][341]LogModuleManager: Shutting down and abandoning module ShaderFormatD3D (103)
[2018.08.21-15.11.14:391][341]LogModuleManager: Shutting down and abandoning module MetalShaderFormat (101)
[2018.08.21-15.11.14:391][341]LogModuleManager: Shutting down and abandoning module TextureFormatUncompressed (99)
[2018.08.21-15.11.14:391][341]LogModuleManager: Shutting down and abandoning module TextureFormatPVR (97)
[2018.08.21-15.11.14:391][341]LogModuleManager: Shutting down and abandoning module TextureFormatDXT (95)
[2018.08.21-15.11.14:391][341]LogModuleManager: Shutting down and abandoning module TextureFormatIntelISPCTexComp (93)
[2018.08.21-15.11.14:391][341]LogModuleManager: Shutting down and abandoning module TextureFormatASTC (91)
[2018.08.21-15.11.14:391][341]LogModuleManager: Shutting down and abandoning module ImageWrapper (90)
[2018.08.21-15.11.14:391][341]LogModuleManager: Shutting down and abandoning module TextureFormatAndroid (87)
[2018.08.21-15.11.14:391][341]LogModuleManager: Shutting down and abandoning module AudioFormatOpus (85)
[2018.08.21-15.11.14:391][341]LogModuleManager: Shutting down and abandoning module AudioFormatOgg (83)
[2018.08.21-15.11.14:391][341]LogModuleManager: Shutting down and abandoning module AudioFormatADPCM (81)
[2018.08.21-15.11.14:391][341]LogModuleManager: Shutting down and abandoning module WindowsTargetPlatform (79)
[2018.08.21-15.11.14:391][341]LogModuleManager: Shutting down and abandoning module WindowsServerTargetPlatform (77)
[2018.08.21-15.11.14:391][341]LogModuleManager: Shutting down and abandoning module WindowsNoEditorTargetPlatform (75)
[2018.08.21-15.11.14:391][341]LogModuleManager: Shutting down and abandoning module WindowsClientTargetPlatform (73)
[2018.08.21-15.11.14:391][341]LogModuleManager: Shutting down and abandoning module InputCore (70)
[2018.08.21-15.11.14:391][341]LogModuleManager: Shutting down and abandoning module Settings (68)
[2018.08.21-15.11.14:391][341]LogModuleManager: Shutting down and abandoning module PhysXCooking (66)
[2018.08.21-15.11.14:391][341]LogModuleManager: Shutting down and abandoning module SteamVR (64)
[2018.08.21-15.11.14:391][341]LogModuleManager: Shutting down and abandoning module OculusHMD (62)
[2018.08.21-15.11.14:391][341]LogModuleManager: Shutting down and abandoning module ExampleDeviceProfileSelector (60)
[2018.08.21-15.11.14:391][341]LogModuleManager: Shutting down and abandoning module AppleARKit (58)
[2018.08.21-15.11.14:391][341]LogModuleManager: Shutting down and abandoning module AugmentedReality (57)
[2018.08.21-15.11.14:391][341]LogModuleManager: Shutting down and abandoning module OnlineBlueprintSupport (54)
[2018.08.21-15.11.14:391][341]LogModuleManager: Shutting down and abandoning module OnlineSubsystem (50)
[2018.08.21-15.11.14:391][341]LogOnline: Display: OSS: FOnlineSubsystemNull::Shutdown()
[2018.08.21-15.11.14:391][341]LogOnline: Display: OSS: FOnlineAsyncTaskManager::Stop() ActiveTask:0000000000000000 Tasks[0/0]
[2018.08.21-15.11.14:392][341]LogOnline: Display: OSS: FOnlineAsyncTaskManager::Exit() started
[2018.08.21-15.11.14:392][341]LogOnline: Display: OSS: FOnlineAsyncTaskManager::Exit() finished
[2018.08.21-15.11.14:392][341]LogModuleManager: Shutting down and abandoning module XMPP (43)
[2018.08.21-15.11.14:392][341]LogModuleManager: Shutting down and abandoning module HTTP (41)
[2018.08.21-15.11.14:401][341]LogModuleManager: Shutting down and abandoning module SSL (40)
[2018.08.21-15.11.14:402][341]LogModuleManager: Shutting down and abandoning module AnimationModifiers (36)
[2018.08.21-15.11.14:402][341]LogModuleManager: Shutting down and abandoning module PropertyEditor (35)
[2018.08.21-15.11.14:402][341]LogModuleManager: Shutting down and abandoning module AudioEditor (32)
[2018.08.21-15.11.14:402][341]LogModuleManager: Shutting down and abandoning module TextureCompressor (30)
[2018.08.21-15.11.14:402][341]LogModuleManager: Shutting down and abandoning module ShaderCore (28)
[2018.08.21-15.11.14:402][341]LogModuleManager: Shutting down and abandoning module Landscape (26)
[2018.08.21-15.11.14:402][341]LogModuleManager: Shutting down and abandoning module SlateRHIRenderer (24)
[2018.08.21-15.11.14:402][341]LogModuleManager: Shutting down and abandoning module OpenGLDrv (22)
[2018.08.21-15.11.14:402][341]LogModuleManager: Shutting down and abandoning module D3D11RHI (20)
[2018.08.21-15.11.14:402][341]LogModuleManager: Shutting down and abandoning module AnimGraphRuntime (18)
[2018.08.21-15.11.14:402][341]LogModuleManager: Shutting down and abandoning module Renderer (16)
[2018.08.21-15.11.14:402][341]LogModuleManager: Shutting down and abandoning module Engine (14)
[2018.08.21-15.11.14:402][341]LogModuleManager: Shutting down and abandoning module CoreUObject (12)
[2018.08.21-15.11.14:402][341]LogModuleManager: Shutting down and abandoning module NetworkFile (10)
[2018.08.21-15.11.14:402][341]LogModuleManager: Shutting down and abandoning module CookedIterativeFile (8)
[2018.08.21-15.11.14:402][341]LogModuleManager: Shutting down and abandoning module StreamingFile (6)
[2018.08.21-15.11.14:402][341]LogModuleManager: Shutting down and abandoning module SandboxFile (4)
[2018.08.21-15.11.14:402][341]LogModuleManager: Shutting down and abandoning module PakFile (2)
[2018.08.21-15.11.14:405][341]LogExit: Exiting.
[2018.08.21-15.11.14:443][341]Log file closed, 08/21/18 08:11:14
