Log file open, 08/21/18 06:46:18
LogWindows: Failed to load 'aqProf.dll' (GetLastError=126)
LogWindows: File 'aqProf.dll' does not exist
LogWindows: Failed to load 'VtuneApi.dll' (GetLastError=126)
LogWindows: File 'VtuneApi.dll' does not exist
LogWindows: Failed to load 'VtuneApi32e.dll' (GetLastError=126)
LogWindows: File 'VtuneApi32e.dll' does not exist
LogInit: Display: Running engine for game: DarkCrystalstutter
LogPlatformFile: Not using cached read wrapper
LogInit: Display: RandInit(1176179394) SRandInit(1176179394).
LogInit: Read version file with build ID '3944462'
LogInit: Overriding engine version to CL 4033788, compatible CL 3944462
LogInit: Registered custom module enumerator with build ID '3944462'
LogTaskGraph: Started task graph with 5 named threads and 23 total threads with 3 sets of task threads.
LogStats: Stats thread started at 0.254744
LogD3D11RHI: Aftermath initialized
LogICUInternationalization: Display: ICU TimeZone Detection - Raw Offset: -8:00, Platform Override: ''
LogModuleManager: Display: Found up-to-date module file ../../../Engine/Plugins/Online/OnlineSubsystemSteam/Binaries/Win64/UE4Editor-OnlineSubsystemSteam.dll (API version 3944462).
LogModuleManager: Display: Found up-to-date module file ../../../Engine/Plugins/Online/OnlineSubsystem/Binaries/Win64/UE4Editor-OnlineSubsystem.dll (API version 3944462).
LogModuleManager: Display: Found up-to-date module file ../../../Engine/Plugins/Online/OnlineSubsystemUtils/Binaries/Win64/UE4Editor-OnlineSubsystemUtils.dll (API version 3944462).
LogModuleManager: Display: Found up-to-date module file ../../../Engine/Plugins/Online/OnlineSubsystemUtils/Binaries/Win64/UE4Editor-OnlineBlueprintSupport.dll (API version 3944462).
LogModuleManager: Display: Found up-to-date module file ../../../Engine/Plugins/VictoryPlugin/Binaries/Win64/UE4Editor-VictoryBPLibrary.dll (API version 3944462).
LogModuleManager: Display: Found up-to-date module file ../../../Engine/Plugins/Runtime/ApexDestruction/Binaries/Win64/UE4Editor-ApexDestruction.dll (API version 3944462).
LogModuleManager: Display: Found up-to-date module file ../../../Engine/Plugins/Runtime/ApexDestruction/Binaries/Win64/UE4Editor-ApexDestructionEditor.dll (API version 3944462).
LogModuleManager: Display: Found up-to-date module file ../../../Engine/Plugins/AdvancedSessions/AdvancedSessions/Binaries/Win64/UE4Editor-AdvancedSessions.dll (API version 3944462).
LogModuleManager: Display: Found up-to-date module file ../../../Engine/Plugins/AdvancedSessions/AdvancedSteamSessions/Binaries/Win64/UE4Editor-AdvancedSteamSessions.dll (API version 3944462).
LogModuleManager: Display: Found up-to-date module file ../../../Engine/Plugins/2D/Paper2D/Binaries/Win64/UE4Editor-Paper2D.dll (API version 3944462).
LogModuleManager: Display: Found up-to-date module file ../../../Engine/Plugins/2D/Paper2D/Binaries/Win64/UE4Editor-Paper2DEditor.dll (API version 3944462).
LogModuleManager: Display: Found up-to-date module file ../../../Engine/Plugins/2D/Paper2D/Binaries/Win64/UE4Editor-PaperSpriteSheetImporter.dll (API version 3944462).
LogModuleManager: Display: Found up-to-date module file ../../../Engine/Plugins/2D/Paper2D/Binaries/Win64/UE4Editor-PaperTiledImporter.dll (API version 3944462).
LogModuleManager: Display: Found up-to-date module file ../../../Engine/Plugins/2D/Paper2D/Binaries/Win64/UE4Editor-SmartSnapping.dll (API version 3944462).
LogModuleManager: Display: Found up-to-date module file ../../../Engine/Plugins/Blendables/LightPropagationVolume/Binaries/Win64/UE4Editor-LightPropagationVolumeRuntime.dll (API version 3944462).
LogModuleManager: Display: Found up-to-date module file ../../../Engine/Plugins/Blendables/LightPropagationVolume/Binaries/Win64/UE4Editor-LightPropagationVolumeEditor.dll (API version 3944462).
LogModuleManager: Display: Found up-to-date module file ../../../Engine/Plugins/Developer/CLionSourceCodeAccess/Binaries/Win64/UE4Editor-CLionSourceCodeAccess.dll (API version 3944462).
LogModuleManager: Display: Found up-to-date module file ../../../Engine/Plugins/Developer/GitSourceControl/Binaries/Win64/UE4Editor-GitSourceControl.dll (API version 3944462).
LogModuleManager: Display: Found up-to-date module file ../../../Engine/Plugins/Developer/PerforceSourceControl/Binaries/Win64/UE4Editor-PerforceSourceControl.dll (API version 3944462).
LogModuleManager: Display: Found up-to-date module file ../../../Engine/Plugins/Developer/SubversionSourceControl/Binaries/Win64/UE4Editor-SubversionSourceControl.dll (API version 3944462).
LogModuleManager: Display: Found up-to-date module file ../../../Engine/Plugins/Developer/UObjectPlugin/Binaries/Win64/UE4Editor-UObjectPlugin.dll (API version 3944462).
LogModuleManager: Display: Found up-to-date module file ../../../Engine/Plugins/Developer/VisualStudioCodeSourceCodeAccess/Binaries/Win64/UE4Editor-VisualStudioCodeSourceCodeAccess.dll (API version 3944462).
LogModuleManager: Display: Found up-to-date module file ../../../Engine/Plugins/Developer/VisualStudioSourceCodeAccess/Binaries/Win64/UE4Editor-VisualStudioSourceCodeAccess.dll (API version 3944462).
LogModuleManager: Display: Found up-to-date module file ../../../Engine/Plugins/Editor/AssetManagerEditor/Binaries/Win64/UE4Editor-AssetManagerEditor.dll (API version 3944462).
LogModuleManager: Display: Found up-to-date module file ../../../Engine/Plugins/Editor/CryptoKeys/Binaries/Win64/UE4Editor-CryptoKeys.dll (API version 3944462).
LogModuleManager: Display: Found up-to-date module file ../../../Engine/Plugins/Editor/CryptoKeys/Binaries/Win64/UE4Editor-CryptoKeysOpenSSL.dll (API version 3944462).
LogModuleManager: Display: Found up-to-date module file ../../../Engine/Plugins/Editor/DataValidation/Binaries/Win64/UE4Editor-DataValidation.dll (API version 3944462).
LogModuleManager: Display: Found up-to-date module file ../../../Engine/Plugins/Editor/FacialAnimation/Binaries/Win64/UE4Editor-FacialAnimation.dll (API version 3944462).
LogModuleManager: Display: Found up-to-date module file ../../../Engine/Plugins/Editor/FacialAnimation/Binaries/Win64/UE4Editor-FacialAnimationEditor.dll (API version 3944462).
LogModuleManager: Display: Found up-to-date module file ../../../Engine/Plugins/Editor/GameplayTagsEditor/Binaries/Win64/UE4Editor-GameplayTagsEditor.dll (API version 3944462).
LogModuleManager: Display: Found up-to-date module file ../../../Engine/Plugins/Editor/MobileLauncherProfileWizard/Binaries/Win64/UE4Editor-MobileLauncherProfileWizard.dll (API version 3944462).
LogModuleManager: Display: Found up-to-date module file ../../../Engine/Plugins/Editor/PluginBrowser/Binaries/Win64/UE4Editor-PluginBrowser.dll (API version 3944462).
LogModuleManager: Display: Found up-to-date module file ../../../Engine/Plugins/Editor/SpeedTreeImporter/Binaries/Win64/UE4Editor-SpeedTreeImporter.dll (API version 3944462).
LogModuleManager: Display: Found up-to-date module file ../../../Engine/Plugins/Enterprise/DatasmithContent/Binaries/Win64/UE4Editor-DatasmithContent.dll (API version 3944462).
LogModuleManager: Display: Found up-to-date module file ../../../Engine/Plugins/Experimental/AlembicImporter/Binaries/Win64/UE4Editor-AlembicImporter.dll (API version 3944462).
LogModuleManager: Display: Found up-to-date module file ../../../Engine/Plugins/Experimental/AlembicImporter/Binaries/Win64/UE4Editor-AlembicLibrary.dll (API version 3944462).
LogModuleManager: Display: Found up-to-date module file ../../../Engine/Plugins/Experimental/CharacterAI/Binaries/Win64/UE4Editor-CharacterAI.dll (API version 3944462).
LogModuleManager: Display: Found up-to-date module file ../../../Engine/Plugins/Experimental/HTML5Networking/Binaries/Win64/UE4Editor-HTML5Networking.dll (API version 3944462).
LogModuleManager: Display: Found up-to-date module file ../../../Engine/Plugins/Media/AndroidMedia/Binaries/Win64/UE4Editor-AndroidMediaEditor.dll (API version 3944462).
LogModuleManager: Display: Found up-to-date module file ../../../Engine/Plugins/Media/AndroidMedia/Binaries/Win64/UE4Editor-AndroidMediaFactory.dll (API version 3944462).
LogModuleManager: Display: Found up-to-date module file ../../../Engine/Plugins/Media/AvfMedia/Binaries/Win64/UE4Editor-AvfMediaEditor.dll (API version 3944462).
LogModuleManager: Display: Found up-to-date module file ../../../Engine/Plugins/Media/AvfMedia/Binaries/Win64/UE4Editor-AvfMediaFactory.dll (API version 3944462).
LogModuleManager: Display: Found up-to-date module file ../../../Engine/Plugins/Media/AvfMedia/Binaries/Win64/UE4Editor-AvfMediaFactory.dll (API version 3944462).
LogModuleManager: Display: Found up-to-date module file ../../../Engine/Plugins/Media/ImgMedia/Binaries/Win64/UE4Editor-ImgMedia.dll (API version 3944462).
LogModuleManager: Display: Found up-to-date module file ../../../Engine/Plugins/Media/ImgMedia/Binaries/Win64/UE4Editor-ImgMediaEditor.dll (API version 3944462).
LogModuleManager: Display: Found up-to-date module file ../../../Engine/Plugins/Media/ImgMedia/Binaries/Win64/UE4Editor-ImgMediaFactory.dll (API version 3944462).
LogModuleManager: Display: Found up-to-date module file ../../../Engine/Plugins/Media/ImgMedia/Binaries/Win64/UE4Editor-ImgMediaFactory.dll (API version 3944462).
LogModuleManager: Display: Found up-to-date module file ../../../Engine/Plugins/Media/ImgMedia/Binaries/Win64/UE4Editor-OpenExrWrapper.dll (API version 3944462).
LogModuleManager: Display: Found up-to-date module file ../../../Engine/Plugins/Media/LinearTimecode/Binaries/Win64/UE4Editor-LinearTimecode.dll (API version 3944462).
LogModuleManager: Display: Found up-to-date module file ../../../Engine/Plugins/Media/MediaCompositing/Binaries/Win64/UE4Editor-MediaCompositing.dll (API version 3944462).
LogModuleManager: Display: Found up-to-date module file ../../../Engine/Plugins/Media/MediaCompositing/Binaries/Win64/UE4Editor-MediaCompositingEditor.dll (API version 3944462).
LogModuleManager: Display: Found up-to-date module file ../../../Engine/Plugins/Media/MediaPlayerEditor/Binaries/Win64/UE4Editor-MediaPlayerEditor.dll (API version 3944462).
LogModuleManager: Display: Found up-to-date module file ../../../Engine/Plugins/Media/WmfMedia/Binaries/Win64/UE4Editor-WmfMedia.dll (API version 3944462).
LogModuleManager: Display: Found up-to-date module file ../../../Engine/Plugins/Media/WmfMedia/Binaries/Win64/UE4Editor-WmfMediaEditor.dll (API version 3944462).
LogModuleManager: Display: Found up-to-date module file ../../../Engine/Plugins/Media/WmfMedia/Binaries/Win64/UE4Editor-WmfMediaFactory.dll (API version 3944462).
LogModuleManager: Display: Found up-to-date module file ../../../Engine/Plugins/Media/WmfMedia/Binaries/Win64/UE4Editor-WmfMediaFactory.dll (API version 3944462).
LogModuleManager: Display: Found up-to-date module file ../../../Engine/Plugins/Messaging/TcpMessaging/Binaries/Win64/UE4Editor-TcpMessaging.dll (API version 3944462).
LogModuleManager: Display: Found up-to-date module file ../../../Engine/Plugins/Messaging/UdpMessaging/Binaries/Win64/UE4Editor-UdpMessaging.dll (API version 3944462).
LogModuleManager: Display: Found up-to-date module file ../../../Engine/Plugins/MovieScene/ActorSequence/Binaries/Win64/UE4Editor-ActorSequence.dll (API version 3944462).
LogModuleManager: Display: Found up-to-date module file ../../../Engine/Plugins/MovieScene/LevelSequenceEditor/Binaries/Win64/UE4Editor-LevelSequenceEditor.dll (API version 3944462).
LogModuleManager: Display: Found up-to-date module file ../../../Engine/Plugins/MovieScene/MatineeToLevelSequence/Binaries/Win64/UE4Editor-MatineeToLevelSequence.dll (API version 3944462).
LogModuleManager: Display: Found up-to-date module file ../../../Engine/Plugins/NetcodeUnitTest/NetcodeUnitTest/Binaries/Win64/UE4Editor-NetcodeUnitTest.dll (API version 3944462).
LogModuleManager: Display: Found up-to-date module file ../../../Engine/Plugins/NetcodeUnitTest/NUTUnrealEngine4/Binaries/Win64/UE4Editor-NUTUnrealEngine4.dll (API version 3944462).
LogModuleManager: Display: Found up-to-date module file ../../../Engine/Plugins/Runtime/AndroidPermission/Binaries/Win64/UE4Editor-AndroidPermission.dll (API version 3944462).
LogModuleManager: Display: Found up-to-date module file ../../../Engine/Plugins/Online/OnlineSubsystemNull/Binaries/Win64/UE4Editor-OnlineSubsystemNull.dll (API version 3944462).
LogModuleManager: Display: Found up-to-date module file ../../../Engine/Plugins/Runtime/AndroidDeviceProfileSelector/Binaries/Win64/UE4Editor-AndroidDeviceProfileSelector.dll (API version 3944462).
LogModuleManager: Display: Found up-to-date module file ../../../Engine/Plugins/Runtime/AppleARKit/Binaries/Win64/UE4Editor-AppleARKit.dll (API version 3944462).
LogModuleManager: Display: Found up-to-date module file ../../../Engine/Plugins/Runtime/ProceduralMeshComponent/Binaries/Win64/UE4Editor-ProceduralMeshComponent.dll (API version 3944462).
LogModuleManager: Display: Found up-to-date module file ../../../Engine/Plugins/Runtime/ProceduralMeshComponent/Binaries/Win64/UE4Editor-ProceduralMeshComponentEditor.dll (API version 3944462).
LogModuleManager: Display: Found up-to-date module file ../../../Engine/Plugins/Animation/LiveLink/Binaries/Win64/UE4Editor-LiveLink.dll (API version 3944462).
LogModuleManager: Display: Found up-to-date module file ../../../Engine/Plugins/Animation/LiveLink/Binaries/Win64/UE4Editor-LiveLinkEditor.dll (API version 3944462).
LogModuleManager: Display: Found up-to-date module file ../../../Engine/Plugins/Runtime/ArchVisCharacter/Binaries/Win64/UE4Editor-ArchVisCharacter.dll (API version 3944462).
LogModuleManager: Display: Found up-to-date module file ../../../Engine/Plugins/Runtime/AudioCapture/Binaries/Win64/UE4Editor-AudioCapture.dll (API version 3944462).
LogModuleManager: Display: Found up-to-date module file ../../../Engine/Plugins/Runtime/AudioCapture/Binaries/Win64/UE4Editor-AudioCaptureEditor.dll (API version 3944462).
LogModuleManager: Display: Found up-to-date module file ../../../Engine/Plugins/Runtime/CableComponent/Binaries/Win64/UE4Editor-CableComponent.dll (API version 3944462).
LogModuleManager: Display: Found up-to-date module file ../../../Engine/Plugins/Runtime/CustomMeshComponent/Binaries/Win64/UE4Editor-CustomMeshComponent.dll (API version 3944462).
LogModuleManager: Display: Found up-to-date module file ../../../Engine/Plugins/Runtime/ExampleDeviceProfileSelector/Binaries/Win64/UE4Editor-ExampleDeviceProfileSelector.dll (API version 3944462).
LogModuleManager: Display: Found up-to-date module file ../../../Engine/Plugins/Runtime/ImmediatePhysics/Binaries/Win64/UE4Editor-ImmediatePhysics.dll (API version 3944462).
LogModuleManager: Display: Found up-to-date module file ../../../Engine/Plugins/Runtime/ImmediatePhysics/Binaries/Win64/UE4Editor-ImmediatePhysicsEditor.dll (API version 3944462).
LogModuleManager: Display: Found up-to-date module file ../../../Engine/Plugins/Runtime/LocationServicesBPLibrary/Binaries/Win64/UE4Editor-LocationServicesBPLibrary.dll (API version 3944462).
LogModuleManager: Display: Found up-to-date module file ../../../Engine/Plugins/Runtime/MobilePatchingUtils/Binaries/Win64/UE4Editor-MobilePatchingUtils.dll (API version 3944462).
LogModuleManager: Display: Found up-to-date module file ../../../Engine/Plugins/Runtime/Oculus/OculusVR/Binaries/Win64/UE4Editor-OculusHMD.dll (API version 3944462).
LogModuleManager: Display: Found up-to-date module file ../../../Engine/Plugins/Runtime/Oculus/OculusVR/Binaries/Win64/UE4Editor-OculusInput.dll (API version 3944462).
LogModuleManager: Display: Found up-to-date module file ../../../Engine/Plugins/Runtime/Oculus/OculusVR/Binaries/Win64/UE4Editor-OculusEditor.dll (API version 3944462).
LogModuleManager: Display: Found up-to-date module file ../../../Engine/Plugins/Runtime/PhysXVehicles/Binaries/Win64/UE4Editor-PhysXVehicles.dll (API version 3944462).
LogModuleManager: Display: Found up-to-date module file ../../../Engine/Plugins/Runtime/PhysXVehicles/Binaries/Win64/UE4Editor-PhysXVehiclesEditor.dll (API version 3944462).
LogModuleManager: Display: Found up-to-date module file ../../../Engine/Plugins/Runtime/RuntimePhysXCooking/Binaries/Win64/UE4Editor-RuntimePhysXCooking.dll (API version 3944462).
LogModuleManager: Display: Found up-to-date module file ../../../Engine/Plugins/Runtime/Steam/SteamVR/Binaries/Win64/UE4Editor-SteamVR.dll (API version 3944462).
LogModuleManager: Display: Found up-to-date module file ../../../Engine/Plugins/Runtime/Steam/SteamVR/Binaries/Win64/UE4Editor-SteamVRController.dll (API version 3944462).
LogModuleManager: Display: Found up-to-date module file ../../../Engine/Plugins/Runtime/WindowsMoviePlayer/Binaries/Win64/UE4Editor-WindowsMoviePlayer.dll (API version 3944462).
LogPluginManager: Mounting plugin Paper2D
LogPluginManager: Mounting plugin AdvancedSessions
LogPluginManager: Mounting plugin AdvancedSteamSessions
LogPluginManager: Mounting plugin LiveLink
LogPluginManager: Mounting plugin LightPropagationVolume
LogPluginManager: Mounting plugin CLionSourceCodeAccess
LogPluginManager: Mounting plugin CodeLiteSourceCodeAccess
LogPluginManager: Mounting plugin GitSourceControl
LogPluginManager: Mounting plugin KDevelopSourceCodeAccess
LogPluginManager: Mounting plugin NullSourceCodeAccess
LogPluginManager: Mounting plugin PerforceSourceControl
LogPluginManager: Mounting plugin SubversionSourceControl
LogPluginManager: Mounting plugin UObjectPlugin
LogPluginManager: Mounting plugin VisualStudioCodeSourceCodeAccess
LogPluginManager: Mounting plugin VisualStudioSourceCodeAccess
LogPluginManager: Mounting plugin XCodeSourceCodeAccess
LogPluginManager: Mounting plugin AssetManagerEditor
LogPluginManager: Mounting plugin CryptoKeys
LogPluginManager: Mounting plugin DataValidation
LogPluginManager: Mounting plugin FacialAnimation
LogPluginManager: Mounting plugin GameplayTagsEditor
LogPluginManager: Mounting plugin MobileLauncherProfileWizard
LogPluginManager: Mounting plugin PluginBrowser
LogPluginManager: Mounting plugin SpeedTreeImporter
LogPluginManager: Mounting plugin DatasmithContent
LogPluginManager: Mounting plugin AlembicImporter
LogPluginManager: Mounting plugin CharacterAI
LogPluginManager: Mounting plugin HTML5Networking
LogPluginManager: Mounting plugin AndroidMedia
LogPluginManager: Mounting plugin AvfMedia
LogPluginManager: Mounting plugin ImgMedia
LogPluginManager: Mounting plugin LinearTimecode
LogPluginManager: Mounting plugin MediaCompositing
LogPluginManager: Mounting plugin MediaPlayerEditor
LogPluginManager: Mounting plugin WmfMedia
LogPluginManager: Mounting plugin TcpMessaging
LogPluginManager: Mounting plugin UdpMessaging
LogPluginManager: Mounting plugin ActorSequence
LogPluginManager: Mounting plugin LevelSequenceEditor
LogPluginManager: Mounting plugin MatineeToLevelSequence
LogPluginManager: Mounting plugin NetcodeUnitTest
LogPluginManager: Mounting plugin NUTUnrealEngine4
LogPluginManager: Mounting plugin OnlineSubsystemGooglePlay
LogPluginManager: Mounting plugin OnlineSubsystemIOS
LogPluginManager: Mounting plugin OnlineSubsystem
LogPluginManager: Mounting plugin OnlineSubsystemNull
LogPluginManager: Mounting plugin OnlineSubsystemSteam
LogPluginManager: Mounting plugin OnlineSubsystemUtils
LogPluginManager: Mounting plugin AndroidDeviceProfileSelector
LogPluginManager: Mounting plugin AndroidMoviePlayer
LogPluginManager: Mounting plugin AndroidPermission
LogPluginManager: Mounting plugin ApexDestruction
LogPluginManager: Mounting plugin AppleARKit
LogPluginManager: Mounting plugin AppleMoviePlayer
LogPluginManager: Mounting plugin ArchVisCharacter
LogPluginManager: Mounting plugin AudioCapture
LogPluginManager: Mounting plugin CableComponent
LogPluginManager: Mounting plugin CustomMeshComponent
LogPluginManager: Mounting plugin ExampleDeviceProfileSelector
LogPluginManager: Mounting plugin GoogleCloudMessaging
LogPluginManager: Mounting plugin ImmediatePhysics
LogPluginManager: Mounting plugin IOSDeviceProfileSelector
LogPluginManager: Mounting plugin LinuxDeviceProfileSelector
LogPluginManager: Mounting plugin LocationServicesBPLibrary
LogPluginManager: Mounting plugin MobilePatchingUtils
LogPluginManager: Mounting plugin OculusVR
LogPluginManager: Plugin shader directory ../../../Engine/Plugins/Runtime/Oculus/OculusVR/Shaders found
LogPluginManager: Mapping shader source directory ../../../Engine/Plugins/Runtime/Oculus/OculusVR/Shaders to virtual directory /Plugin/OculusVR
LogPluginManager: Mounting plugin PhysXVehicles
LogPluginManager: Mounting plugin ProceduralMeshComponent
LogPluginManager: Mounting plugin RuntimePhysXCooking
LogPluginManager: Mounting plugin SteamVR
LogPluginManager: Mounting plugin WindowsMoviePlayer
LogPluginManager: Mounting plugin VictoryBPLibrary
LogStreaming: Display: Took  0.562s to configure plugins.
LogInit: Using libcurl 7.47.1
LogInit:  - built for x86_64-pc-win32
LogInit:  - supports SSL with OpenSSL/1.0.2g
LogInit:  - supports HTTP deflate (compression) using libz 1.2.8
LogInit:  - other features:
LogInit:      CURL_VERSION_SSL
LogInit:      CURL_VERSION_LIBZ
LogInit:      CURL_VERSION_IPV6
LogInit:      CURL_VERSION_ASYNCHDNS
LogInit:      CURL_VERSION_LARGEFILE
LogInit:      CURL_VERSION_IDN
LogInit:  CurlRequestOptions (configurable via config and command line):
LogInit:  - bVerifyPeer = false  - Libcurl will NOT verify peer certificate
LogInit:  - bUseHttpProxy = false  - Libcurl will NOT use HTTP proxy
LogInit:  - bDontReuseConnections = false  - Libcurl will reuse connections
LogInit:  - CertBundlePath = nullptr  - Libcurl will use whatever was configured at build time.
LogInit:  - MaxHostConnections = 16  - Libcurl will limit the number of connections to a host
LogInit:  - LocalHostAddr = Default
LogOnline: Display: STEAM: Loading Steam SDK 1.39
LogOnline: Warning: STEAM: Steam API disabled!
LogOnline: Display: STEAM: OnlineSubsystemSteam::Shutdown()
LogInit: WinSock: version 1.1 (2.2), MaxSocks=32767, MaxUdp=65467
LogInit: WinSock: I am DESKTOP-LI0N2FC (192.168.29.155:0)
LogInit: Build: ++UE4+Release-4.19-CL-4033788
LogInit: Engine Version: 4.19.2-4033788+++UE4+Release-4.19
LogInit: Compatible Engine Version: 4.19.0-3944462+++UE4+Release-4.19
LogInit: Net CL: 3944462
LogDevObjectVersion: Number of dev versions registered: 18
LogDevObjectVersion:   Dev-Blueprints (B0D832E4-1F89-4F0D-ACCF-7EB736FD4AA2): 10
LogDevObjectVersion:   Dev-Build (E1C64328-A22C-4D53-A36C-8E866417BD8C): 0
LogDevObjectVersion:   Dev-Core (375EC13C-06E4-48FB-B500-84F0262A717E): 2
LogDevObjectVersion:   Dev-Editor (E4B068ED-F494-42E9-A231-DA0B2E46BB41): 23
LogDevObjectVersion:   Dev-Framework (CFFC743F-43B0-4480-9391-14DF171D2073): 33
LogDevObjectVersion:   Dev-Mobile (B02B49B5-BB20-44E9-A304-32B752E40360): 2
LogDevObjectVersion:   Dev-Networking (A4E4105C-59A1-49B5-A7C5-40C4547EDFEE): 0
LogDevObjectVersion:   Dev-Online (39C831C9-5AE6-47DC-9A44-9C173E1C8E7C): 0
LogDevObjectVersion:   Dev-Physics (78F01B33-EBEA-4F98-B9B4-84EACCB95AA2): 0
LogDevObjectVersion:   Dev-Platform (6631380F-2D4D-43E0-8009-CF276956A95A): 0
LogDevObjectVersion:   Dev-Rendering (12F88B9F-8875-4AFC-A67C-D90C383ABD29): 25
LogDevObjectVersion:   Dev-Sequencer (7B5AE74C-D270-4C10-A958-57980B212A5A): 6
LogDevObjectVersion:   Dev-VR (D7296918-1DD6-4BDD-9DE2-64A83CC13884): 1
LogDevObjectVersion:   Dev-LoadTimes (C2A15278-BFE7-4AFE-6C17-90FF531DF755): 1
LogDevObjectVersion:   Private-Geometry (6EACA3D4-40EC-4CC1-B786-8BED09428FC5): 2
LogDevObjectVersion:   Dev-AnimPhys (29E575DD-E0A3-4627-9D10-D276232CDCEA): 16
LogDevObjectVersion:   Dev-ReflectionCapture (6B266CEC-1EC7-4B8F-A30B-E4D90942FC07): 1
LogDevObjectVersion:   Dev-Automation (0DF73D61-A23F-47EA-B727-89E90C41499A): 1
LogInit: Compiled (64-bit): Apr 27 2018 02:06:57
LogInit: Compiled with Visual C++: 19.00.24215.01
LogInit: Build Configuration: Development
LogInit: Branch Name: ++UE4+Release-4.19
LogInit: Command Line:  
LogInit: Base Directory: G:/Epic Games/UE_4.19/Engine/Binaries/Win64/
LogInit: Installed Engine Build: 1
LogStreaming: Display: Took  0.003s to delete old logs.
LogInit: Presizing for max 8388607 objects, including 0 objects not considered by GC, pre-allocating 0 bytes for permanent pool.
LogInit: Object subsystem initialized
[2018.08.21-13.46.19:454][  0]LogInit: Selected Device Profile: [Windows]
[2018.08.21-13.46.19:454][  0]LogInit: Applying CVar settings loaded from the selected device profile: [Windows]
[2018.08.21-13.46.19:465][  0]LogInit: Computer: DESKTOP-LI0N2FC
[2018.08.21-13.46.19:465][  0]LogInit: User: Kappa
[2018.08.21-13.46.19:465][  0]LogInit: CPU Page size=4096, Cores=4
[2018.08.21-13.46.19:465][  0]LogInit: High frequency timer resolution =4.101571 MHz
[2018.08.21-13.46.19:466][  0]LogMemory: Memory total: Physical=31.9GB (32GB approx)
[2018.08.21-13.46.19:466][  0]LogMemory: Platform Memory Stats for Windows
[2018.08.21-13.46.19:466][  0]LogMemory: Process Physical Memory: 277.16 MB used, 277.16 MB peak
[2018.08.21-13.46.19:466][  0]LogMemory: Process Virtual Memory: 267.92 MB used, 267.92 MB peak
[2018.08.21-13.46.19:466][  0]LogMemory: Physical Memory: 6991.44 MB used,  25701.37 MB free, 32692.81 MB total
[2018.08.21-13.46.19:466][  0]LogMemory: Virtual Memory: 4800.13 MB used,  25701.37 MB free, 134217728.00 MB total
[2018.08.21-13.46.19:473][  0]LogInit: Using OS detected language (en-US).
[2018.08.21-13.46.19:474][  0]LogInit: Using OS detected locale (en-US).
[2018.08.21-13.46.19:509][  0]LogTextLocalizationManager: No specific localization for 'en-US' exists, so the 'en' localization will be used.
[2018.08.21-13.46.19:804][  0]LogStreaming: Display: Took  0.331s to EndInitTextLocalization.
[2018.08.21-13.46.19:804][  0]LogInit: Setting process to per monitor DPI aware
[2018.08.21-13.46.19:828][  0]LogSlate: New Slate User Created.  User Index 0, Is Virtual User: 0
[2018.08.21-13.46.19:828][  0]LogSlate: Slate User Registered.  User Index 0, Is Virtual User: 0
[2018.08.21-13.46.21:118][  0]LogD3D11RHI: D3D11 adapters:
[2018.08.21-13.46.21:147][  0]LogD3D11RHI:    0. 'NVIDIA GeForce GTX 1070' (Feature Level 11_0)
[2018.08.21-13.46.21:147][  0]LogD3D11RHI:       8096/0/16346 MB DedicatedVideo/DedicatedSystem/SharedSystem, Outputs:2, VendorId:0x10de
[2018.08.21-13.46.21:148][  0]LogD3D11RHI:    1. 'Microsoft Basic Render Driver' (Feature Level 11_0)
[2018.08.21-13.46.21:148][  0]LogD3D11RHI:       0/0/16346 MB DedicatedVideo/DedicatedSystem/SharedSystem, Outputs:0, VendorId:0x1414
[2018.08.21-13.46.21:148][  0]LogD3D11RHI: Chosen D3D11 Adapter: 0
[2018.08.21-13.46.21:152][  0]LogD3D11RHI: Creating new Direct3DDevice
[2018.08.21-13.46.21:152][  0]LogD3D11RHI:     GPU DeviceId: 0x1b81 (for the marketing name, search the web for "GPU Device Id")
[2018.08.21-13.46.21:152][  0]LogWindows: EnumDisplayDevices:
[2018.08.21-13.46.21:152][  0]LogWindows:    0. 'NVIDIA GeForce GTX 1070' (P:1 D:1)
[2018.08.21-13.46.21:152][  0]LogWindows:    1. 'NVIDIA GeForce GTX 1070' (P:0 D:1)
[2018.08.21-13.46.21:152][  0]LogWindows:    2. 'NVIDIA GeForce GTX 1070' (P:0 D:0)
[2018.08.21-13.46.21:153][  0]LogWindows:    3. 'NVIDIA GeForce GTX 1070' (P:0 D:0)
[2018.08.21-13.46.21:153][  0]LogWindows: DebugString: GetVideoDriverDetailsInvalid PrimaryIsNotTheChoosenAdapter GetVideoDriverDetailsInvalid PrimaryIsNotTheChoosenAdapter GetVideoDriverDetailsInvalid PrimaryIsNotTheChoosenAdapter GetVideoDriverDetailsInvalid PrimaryIsNotTheChoosenAdapter FoundDriverCount:0 
[2018.08.21-13.46.21:153][  0]LogD3D11RHI:     Adapter Name: NVIDIA GeForce GTX 1070
[2018.08.21-13.46.21:153][  0]LogD3D11RHI:   Driver Version: Unknown (internal:Unknown, unified:Unknown)
[2018.08.21-13.46.21:153][  0]LogD3D11RHI:      Driver Date: Unknown
[2018.08.21-13.46.21:153][  0]LogRHI: Texture pool is 5667 MB (70% of 8096 MB)
[2018.08.21-13.46.21:171][  0]LogD3D11RHI: [Aftermath] Aftermath enabled but failed to initialize
[2018.08.21-13.46.21:171][  0]LogD3D11RHI: [Aftermath] Aftermath enabled and primed
[2018.08.21-13.46.21:171][  0]LogD3D11RHI: Async texture creation enabled
[2018.08.21-13.46.21:186][  0]LogD3D11RHI: GPU Timing Frequency: 1000.000000 (Debug: 2 2)
[2018.08.21-13.46.21:277][  0]LogShaderCompilers: Guid format shader working directory is -13 characters bigger than the processId version (../../../../../DarkActive/Unreal Projects/DarkCrystalstutter/Intermediate/Shaders/WorkingDirectory/220/).
[2018.08.21-13.46.21:277][  0]LogShaderCompilers: Cleaned the shader compiler working directory 'C:/Users/Kappa/AppData/Local/Temp/UnrealShaderWorkingDir/EF5BE4D14CB01E30D5A74593D3903B6B/'.
[2018.08.21-13.46.21:433][  0]LogTemp: Display: Loaded TP AllDesktopTargetPlatform
[2018.08.21-13.46.21:442][  0]LogTemp: Display: Loaded TP MacClientTargetPlatform
[2018.08.21-13.46.21:451][  0]LogTemp: Display: Loaded TP MacNoEditorTargetPlatform
[2018.08.21-13.46.21:460][  0]LogTemp: Display: Loaded TP MacServerTargetPlatform
[2018.08.21-13.46.21:471][  0]LogTemp: Display: Loaded TP MacTargetPlatform
[2018.08.21-13.46.21:481][  0]LogTemp: Display: Loaded TP WindowsClientTargetPlatform
[2018.08.21-13.46.21:490][  0]LogTemp: Display: Loaded TP WindowsNoEditorTargetPlatform
[2018.08.21-13.46.21:499][  0]LogTemp: Display: Loaded TP WindowsServerTargetPlatform
[2018.08.21-13.46.21:503][  0]LogTemp: Display: Loaded TP WindowsTargetPlatform
[2018.08.21-13.46.21:511][  0]LogTemp: Display: Loaded TP Android_ASTCTargetPlatform
[2018.08.21-13.46.21:519][  0]LogTemp: Display: Loaded TP Android_ATCTargetPlatform
[2018.08.21-13.46.21:527][  0]LogTemp: Display: Loaded TP Android_DXTTargetPlatform
[2018.08.21-13.46.21:534][  0]LogTemp: Display: Loaded TP Android_ETC1aTargetPlatform
[2018.08.21-13.46.21:542][  0]LogTemp: Display: Loaded TP Android_ETC1TargetPlatform
[2018.08.21-13.46.21:551][  0]LogTemp: Display: Loaded TP Android_ETC2TargetPlatform
[2018.08.21-13.46.21:567][  0]LogTemp: Display: Loaded TP Android_MultiTargetPlatform
[2018.08.21-13.46.21:567][  0]LogTemp: Display: Loaded TP Android_PVRTCTargetPlatform
[2018.08.21-13.46.21:577][  0]LogTemp: Display: Loaded TP AndroidTargetPlatform
[2018.08.21-13.46.21:578][  0]LogTemp: Display: Loaded TP HTML5TargetPlatform
[2018.08.21-13.46.21:613][  0]LogTemp: Display: Loaded TP IOSTargetPlatform
[2018.08.21-13.46.21:621][  0]LogTemp: Display: Loaded TP TVOSTargetPlatform
[2018.08.21-13.46.21:629][  0]LogTemp: Display: Loaded TP LinuxClientTargetPlatform
[2018.08.21-13.46.21:636][  0]LogTemp: Display: Loaded TP LinuxNoEditorTargetPlatform
[2018.08.21-13.46.21:644][  0]LogTemp: Display: Loaded TP LinuxServerTargetPlatform
[2018.08.21-13.46.21:655][  0]LogTemp: Display: Loaded TP LinuxTargetPlatform
[2018.08.21-13.46.21:655][  0]LogTargetPlatformManager: Display: Building Assets For Windows
[2018.08.21-13.46.21:715][  0]LogXGEController: Cannot use XGE Controller as Incredibuild is not installed on this machine.
[2018.08.21-13.46.21:715][  0]LogShaderCompilers: Cannot use XGE Shader Compiler as Incredibuild is not installed on this machine.
[2018.08.21-13.46.21:715][  0]LogShaderCompilers: Display: Using Local Shader Compiler.
[2018.08.21-13.46.22:146][  0]LogDerivedDataCache: Display: Max Cache Size: 512 MB
[2018.08.21-13.46.22:192][  0]LogDerivedDataCache: Loaded boot cache 0.05s 74MB C:/Users/Kappa/AppData/Local/UnrealEngine/4.19/DerivedDataCache/Boot.ddc.
[2018.08.21-13.46.22:192][  0]LogDerivedDataCache: Display: Loaded Boot cache: C:/Users/Kappa/AppData/Local/UnrealEngine/4.19/DerivedDataCache/Boot.ddc
[2018.08.21-13.46.22:193][  0]LogDerivedDataCache: FDerivedDataBackendGraph:  Pak pak cache file ../../../../../DarkActive/Unreal Projects/DarkCrystalstutter/DerivedDataCache/DDC.ddp not found, will not use a pak cache.
[2018.08.21-13.46.22:193][  0]LogDerivedDataCache: Unable to find inner node Pak for hierarchical cache Hierarchy.
[2018.08.21-13.46.22:193][  0]LogDerivedDataCache: FDerivedDataBackendGraph:  CompressedPak pak cache file ../../../../../DarkActive/Unreal Projects/DarkCrystalstutter/DerivedDataCache/Compressed.ddp not found, will not use a pak cache.
[2018.08.21-13.46.22:193][  0]LogDerivedDataCache: Unable to find inner node CompressedPak for hierarchical cache Hierarchy.
[2018.08.21-13.46.22:203][  0]LogDerivedDataCache: Display: Pak cache opened for reading ../../../Engine/DerivedDataCache/Compressed.ddp.
[2018.08.21-13.46.22:215][  0]LogDerivedDataCache: Using Local data cache path C:/Users/Kappa/AppData/Local/UnrealEngine/Common/DerivedDataCache: Writable
[2018.08.21-13.46.22:215][  0]LogDerivedDataCache: Shared data cache path not found in *engine.ini, will not use an Shared cache.
[2018.08.21-13.46.22:215][  0]LogDerivedDataCache: Unable to find inner node Shared for hierarchical cache Hierarchy.
[2018.08.21-13.46.22:223][  0]LogMaterial: Verifying Global Shaders for PCD3D_SM5
[2018.08.21-13.46.22:223][  0]LogSlate: Using Freetype 2.6.0
[2018.08.21-13.46.22:224][  0]LogSlate: SlateFontCache - WITH_FREETYPE: 1, WITH_HARFBUZZ: 1
[2018.08.21-13.46.22:224][  0]LogSlate: SlateFontCache - WITH_FREETYPE: 1, WITH_HARFBUZZ: 1
[2018.08.21-13.46.22:302][  0]LogAssetRegistry: FAssetRegistry took 0.0247 seconds to start up
[2018.08.21-13.46.22:522][  0]LogInit: Selected Device Profile: [Windows]
[2018.08.21-13.46.22:619][  0]LogSimplygon: Simplygon DLL not present - disabling.
[2018.08.21-13.46.22:621][  0]LogMeshReduction: Using SimplygonSwarm for distributed automatic mesh merging
[2018.08.21-13.46.22:621][  0]LogMeshReduction: Using QuadricMeshReduction for automatic static mesh reduction
[2018.08.21-13.46.22:621][  0]LogMeshReduction: No automatic skeletal mesh reduction module available
[2018.08.21-13.46.22:621][  0]LogMeshReduction: No automatic mesh merging module available
[2018.08.21-13.46.22:621][  0]LogMeshMerging: No automatic mesh merging module available
[2018.08.21-13.46.22:644][  0]LogNetVersion: DarkCrystalstutter , NetCL: 3944462, EngineNetVer: 2, GameNetVer: 0 (Checksum: 1586386174)
[2018.08.21-13.46.22:960][  0]LogPackageLocalizationCache: Processed 9 localized package path(s) for 2 prioritized culture(s) in 0.050513 seconds
[2018.08.21-13.46.22:964][  0]LogUObjectArray: 36735 objects as part of root set at end of initial load.
[2018.08.21-13.46.22:964][  0]LogUObjectAllocator: 7528576 out of 0 bytes used by permanent object pool.
[2018.08.21-13.46.22:964][  0]LogUObjectArray: CloseDisregardForGC: 0/0 objects in disregard for GC pool
[2018.08.21-13.46.24:777][  0]LogTcpMessaging: Initializing TcpMessaging bridge
[2018.08.21-13.46.24:797][  0]LogUdpMessaging: Initializing bridge on interface 0.0.0.0:0 to multicast group 230.0.0.1:6666.
[2018.08.21-13.46.25:070][  0]SourceControl: Source control is disabled
[2018.08.21-13.46.25:070][  0]SourceControl: Source control is disabled
[2018.08.21-13.46.25:079][  0]SourceControl: Source control is disabled
[2018.08.21-13.46.25:089][  0]SourceControl: Source control is disabled
[2018.08.21-13.46.25:402][  0]LogAndroidPermission: UAndroidPermissionCallbackProxy::GetInstance
[2018.08.21-13.46.25:487][  0]LogOcInput: OculusInput pre-init called
[2018.08.21-13.46.25:552][  0]LogEngine: Initializing Engine...
[2018.08.21-13.46.25:553][  0]LogHMD: Failed to initialize OpenVR with code 110
[2018.08.21-13.46.25:554][  0]LogStats: UGameplayTagsManager::ConstructGameplayTagTree: Construct from data asset -  0.000 s
[2018.08.21-13.46.25:554][  0]LogStats: UGameplayTagsManager::ConstructGameplayTagTree: GameplayTagTreeChangedEvent.Broadcast -  0.000 s
[2018.08.21-13.46.25:720][  0]LogAIModule: Creating AISystem for world Untitled
[2018.08.21-13.46.25:730][  0]LogInit: XAudio2 using 'Speakers (Logitech G633 Gaming Headset)' : 2 channels at 48 kHz using 16 bits per sample (channel mask 0x3)
[2018.08.21-13.46.25:737][  0]LogInit: FAudioDevice initialized.
[2018.08.21-13.46.25:775][  0]LogDerivedDataCache: Saved boot cache 0.04s 74MB C:/Users/Kappa/AppData/Local/UnrealEngine/4.19/DerivedDataCache/Boot.ddc.
[2018.08.21-13.46.25:780][  0]LogInit: Texture streaming: Enabled
[2018.08.21-13.46.25:790][  0]LogEngineSessionManager: EngineSessionManager initialized
[2018.08.21-13.46.25:799][  0]LogInit: Transaction tracking system initialized
[2018.08.21-13.46.25:813][  0]BlueprintLog: New page: Editor Load
[2018.08.21-13.46.25:867][  0]LocalizationService: Localization service is disabled
[2018.08.21-13.46.25:935][  0]LogConsoleResponse: Display: 
[2018.08.21-13.46.26:140][  0]LogCook: Display: Max memory allowance for cook 16384mb min free memory 0mb
[2018.08.21-13.46.26:140][  0]LogCook: Display: Mobile HDR setting 1
[2018.08.21-13.46.26:140][  0]LogGameplayTags: Display: UGameplayTagsManager::DoneAddingNativeTags. DelegateIsBound: 0
[2018.08.21-13.46.26:140][  0]LogStats: UGameplayTagsManager::ConstructGameplayTagTree: Construct from data asset -  0.000 s
[2018.08.21-13.46.26:140][  0]LogStats: UGameplayTagsManager::ConstructGameplayTagTree: GameplayTagTreeChangedEvent.Broadcast -  0.000 s
[2018.08.21-13.46.26:202][  0]LogFileCache: Scanning file cache for directory 'G:/DarkActive/Unreal Projects/DarkCrystalstutter/Content/' took 0.03s
[2018.08.21-13.46.26:353][  0]SourceControl: Source control is disabled
[2018.08.21-13.46.26:353][  0]Cmd: MAP LOAD FILE="../../../../../DarkActive/Unreal Projects/DarkCrystalstutter/Content/Maps/MainMenu.umap" TEMPLATE=0 SHOWPROGRESS=1 FEATURELEVEL=3
[2018.08.21-13.46.26:356][  0]LightingResults: New page: Lighting Build
[2018.08.21-13.46.26:358][  0]MapCheck: New page: Map Check
[2018.08.21-13.46.26:358][  0]LightingResults: New page: Lighting Build
[2018.08.21-13.46.26:389][  0]LogUObjectGlobals: Created PersistentFrame Addr=0x00000163439c4400, Size=624, Default__GameInfoInstance_C Function /Game/Blueprints/AllLevels/GameInfoInstance.GameInfoInstance_C:ExecuteUbergraph_GameInfoInstance
[2018.08.21-13.46.26:401][  0]LogUObjectGlobals: Created PersistentFrame Addr=0x0000016344227fd8, Size=40, Default__ErrorDialog_C Function /Game/UI/MainMenu/ErrorDialog.ErrorDialog_C:ExecuteUbergraph_ErrorDialog
[2018.08.21-13.46.26:410][  0]LogUObjectGlobals: Created PersistentFrame Addr=0x00000163442195d0, Size=80, Default__HostMenu_C Function /Game/UI/MainMenu/HostMenu.HostMenu_C:ExecuteUbergraph_HostMenu
[2018.08.21-13.46.26:421][  0]LogUObjectGlobals: Created PersistentFrame Addr=0x0000016344227df8, Size=40, Default__MainMenu_C Function /Game/UI/MainMenu/MainMenu.MainMenu_C:ExecuteUbergraph_MainMenu
[2018.08.21-13.46.26:431][  0]LogUObjectGlobals: Created PersistentFrame Addr=0x0000016362d06f60, Size=104, Default__OptionsMenu_C Function /Game/UI/MainMenu/OptionsMenu.OptionsMenu_C:ExecuteUbergraph_OptionsMenu
[2018.08.21-13.46.26:448][  0]LogUObjectGlobals: Created PersistentFrame Addr=0x000001634421d580, Size=600, Default__ServerMenu_C Function /Game/UI/MainMenu/ServerMenu.ServerMenu_C:ExecuteUbergraph_ServerMenu
[2018.08.21-13.46.26:519][  0]LogUObjectGlobals: Destroyed PersistentFrame Addr=0x00000163439c4400, Size=624
[2018.08.21-13.46.26:519][  0]LogUObjectGlobals: Created PersistentFrame Addr=0x000001634ed33b00, Size=624, Default__GameInfoInstance_C Function /Engine/Transient.REINST_GameInfoInstance_C_3:ExecuteUbergraph_GameInfoInstance
[2018.08.21-13.46.26:519][  0]LogUObjectGlobals: Destroyed PersistentFrame Addr=0x0000016344227fd8, Size=40
[2018.08.21-13.46.26:519][  0]LogUObjectGlobals: Created PersistentFrame Addr=0x0000016344227fd8, Size=40, Default__ErrorDialog_C Function /Engine/Transient.REINST_ErrorDialog_C_0:ExecuteUbergraph_ErrorDialog
[2018.08.21-13.46.26:520][  0]LogUObjectGlobals: Destroyed PersistentFrame Addr=0x00000163442195d0, Size=80
[2018.08.21-13.46.26:520][  0]LogUObjectGlobals: Created PersistentFrame Addr=0x0000016347befec0, Size=80, Default__HostMenu_C Function /Engine/Transient.REINST_HostMenu_C_1:ExecuteUbergraph_HostMenu
[2018.08.21-13.46.26:520][  0]LogUObjectGlobals: Destroyed PersistentFrame Addr=0x0000016344227df8, Size=40
[2018.08.21-13.46.26:520][  0]LogUObjectGlobals: Created PersistentFrame Addr=0x0000016344227df8, Size=40, Default__MainMenu_C Function /Engine/Transient.REINST_MainMenu_C_3:ExecuteUbergraph_MainMenu
[2018.08.21-13.46.26:521][  0]LogUObjectGlobals: Destroyed PersistentFrame Addr=0x0000016362d06f60, Size=104
[2018.08.21-13.46.26:521][  0]LogUObjectGlobals: Created PersistentFrame Addr=0x0000016347bfb580, Size=104, Default__OptionsMenu_C Function /Engine/Transient.REINST_OptionsMenu_C_4:ExecuteUbergraph_OptionsMenu
[2018.08.21-13.46.26:521][  0]LogUObjectGlobals: Destroyed PersistentFrame Addr=0x000001634421d580, Size=600
[2018.08.21-13.46.26:521][  0]LogUObjectGlobals: Created PersistentFrame Addr=0x000001634ed33100, Size=600, Default__ServerMenu_C Function /Engine/Transient.REINST_ServerMenu_C_5:ExecuteUbergraph_ServerMenu
[2018.08.21-13.46.26:547][  0]LogUObjectGlobals: Created PersistentFrame Addr=0x00000163479c4900, Size=624, Default__GameInfoInstance_C Function /Game/Blueprints/AllLevels/GameInfoInstance.GameInfoInstance_C:ExecuteUbergraph_GameInfoInstance
[2018.08.21-13.46.26:548][  0]LogUObjectGlobals: Created PersistentFrame Addr=0x00000163479b3a10, Size=40, Default__ErrorDialog_C Function /Game/UI/MainMenu/ErrorDialog.ErrorDialog_C:ExecuteUbergraph_ErrorDialog
[2018.08.21-13.46.26:549][  0]LogUObjectGlobals: Created PersistentFrame Addr=0x0000016347933470, Size=80, Default__HostMenu_C Function /Game/UI/MainMenu/HostMenu.HostMenu_C:ExecuteUbergraph_HostMenu
[2018.08.21-13.46.26:550][  0]LogUObjectGlobals: Created PersistentFrame Addr=0x00000163479b38a8, Size=40, Default__MainMenu_C Function /Game/UI/MainMenu/MainMenu.MainMenu_C:ExecuteUbergraph_MainMenu
[2018.08.21-13.46.26:552][  0]LogUObjectGlobals: Created PersistentFrame Addr=0x00000163478cda60, Size=104, Default__OptionsMenu_C Function /Game/UI/MainMenu/OptionsMenu.OptionsMenu_C:ExecuteUbergraph_OptionsMenu
[2018.08.21-13.46.26:554][  0]LogUObjectGlobals: Created PersistentFrame Addr=0x0000016347929f80, Size=608, Default__ServerMenu_C Function /Game/UI/MainMenu/ServerMenu.ServerMenu_C:ExecuteUbergraph_ServerMenu
[2018.08.21-13.46.26:565][  0]LogUObjectGlobals: Created PersistentFrame Addr=0x00000163478ab120, Size=32, Default__MainMenu_C Function /Game/Maps/MainMenu.MainMenu_C:ExecuteUbergraph_MainMenu
[2018.08.21-13.46.26:566][  0]LogUObjectGlobals: Destroyed PersistentFrame Addr=0x00000163478ab120, Size=32
[2018.08.21-13.46.26:566][  0]LogUObjectGlobals: Created PersistentFrame Addr=0x00000163478ab120, Size=32, MainMenu_C_0 Function /Engine/Transient.REINST_MainMenu_C_13:ExecuteUbergraph_MainMenu
[2018.08.21-13.46.26:566][  0]LogUObjectGlobals: Created PersistentFrame Addr=0x00000163478abba0, Size=32, Default__MainMenu_C Function /Game/Maps/MainMenu.MainMenu_C:ExecuteUbergraph_MainMenu
[2018.08.21-13.46.26:657][  0]LogAIModule: Creating AISystem for world MainMenu
[2018.08.21-13.46.26:658][  0]LogEditorServer: Finished looking for orphan Actors (0.000 secs)
[2018.08.21-13.46.26:667][  0]LogUObjectGlobals: Destroyed PersistentFrame Addr=0x000001634ed33b00, Size=624
[2018.08.21-13.46.26:667][  0]LogUObjectGlobals: Destroyed PersistentFrame Addr=0x0000016344227fd8, Size=40
[2018.08.21-13.46.26:667][  0]LogUObjectGlobals: Destroyed PersistentFrame Addr=0x0000016347befec0, Size=80
[2018.08.21-13.46.26:667][  0]LogUObjectGlobals: Destroyed PersistentFrame Addr=0x0000016344227df8, Size=40
[2018.08.21-13.46.26:667][  0]LogUObjectGlobals: Destroyed PersistentFrame Addr=0x0000016347bfb580, Size=104
[2018.08.21-13.46.26:667][  0]LogUObjectGlobals: Destroyed PersistentFrame Addr=0x000001634ed33100, Size=600
[2018.08.21-13.46.26:667][  0]LogUObjectGlobals: Destroyed PersistentFrame Addr=0x00000163478ab120, Size=32
[2018.08.21-13.46.26:668][  0]Cmd: MAP CHECKDEP NOCLEARLOG
[2018.08.21-13.46.26:692][  0]MapCheck: Map check complete: 0 Error(s), 0 Warning(s), took 24.456ms to complete.
[2018.08.21-13.46.26:693][  0]LogFileHelpers: Loading map 'MainMenu' took 0.339
[2018.08.21-13.46.26:837][  0]LogCollectionManager: Loaded 0 collections in 0.000988 seconds
[2018.08.21-13.46.26:876][  0]LogFileCache: Scanning file cache for directory 'G:/DarkActive/Unreal Projects/DarkCrystalstutter/Saved/Collections/' took 0.01s
[2018.08.21-13.46.26:877][  0]LogFileCache: Scanning file cache for directory 'G:/DarkActive/Unreal Projects/DarkCrystalstutter/Content/Developers/Kappa/Collections/' took 0.01s
[2018.08.21-13.46.26:877][  0]LogFileCache: Scanning file cache for directory 'G:/DarkActive/Unreal Projects/DarkCrystalstutter/Content/Collections/' took 0.01s
[2018.08.21-13.46.26:877][  0]LogCollectionManager: Rebuilt the GUID cache for 0 collections in 0.000000 seconds
[2018.08.21-13.46.26:883][  0]LogContentBrowser: Native class hierarchy populated in 0.0065 seconds. Added 2492 classes and 575 folders.
[2018.08.21-13.46.26:887][  0]LogContentBrowser: Native class hierarchy updated for 'WidgetCarousel' in 0.0001 seconds. Added 0 classes and 0 folders.
[2018.08.21-13.46.27:072][  0]LogContentBrowser: Native class hierarchy updated for 'AddContentDialog' in 0.0002 seconds. Added 0 classes and 0 folders.
[2018.08.21-13.46.27:076][  0]LogContentBrowser: Native class hierarchy updated for 'SceneOutliner' in 0.0002 seconds. Added 1 classes and 2 folders.
[2018.08.21-13.46.27:121][  0]LogSlate: Took 0.000136 seconds to synchronously load lazily loaded font '../../../Engine/Content/Slate/Fonts/Roboto-Regular.ttf' (155K)
[2018.08.21-13.46.27:126][  0]LogSlate: Took 0.002727 seconds to synchronously load lazily loaded font '../../../Engine/Content/Slate/Fonts/Roboto-Bold.ttf' (160K)
[2018.08.21-13.46.27:132][  0]LogSlate: Took 0.002995 seconds to synchronously load lazily loaded font '../../../Engine/Content/Editor/Slate/Fonts/FontAwesome.ttf' (139K)
[2018.08.21-13.46.27:230][  0]LogRenderer: Reallocating scene render targets to support 1616x796 Format 10 NumSamples 1 (Frame:1).
[2018.08.21-13.46.27:329][  0]LogContentBrowser: Native class hierarchy updated for 'HierarchicalLODOutliner' in 0.0002 seconds. Added 0 classes and 0 folders.
[2018.08.21-13.46.27:329][  0]LogLoad: (Engine Initialization) Total time: 9.47 seconds
[2018.08.21-13.46.27:329][  0]LogLoad: (Engine Initialization) Total Blueprint compile time: 0.00 seconds
[2018.08.21-13.46.27:338][  0]LogWindowsTextInputMethodSystem: Display: IME system now deactivated.
[2018.08.21-13.46.27:357][  0]LogContentStreaming: Texture pool size now 1000 MB
[2018.08.21-13.46.27:467][  1]LogAssetRegistry: Asset discovery search completed in 5.1864 seconds
[2018.08.21-13.46.27:470][  1]LogCollectionManager: Rebuilt the object cache for 0 collections in 0.000000 seconds (found 0 objects)
[2018.08.21-13.46.27:470][  1]LogCollectionManager: Fixed up redirectors for 0 collections in 0.000071 seconds (updated 0 objects)
[2018.08.21-13.46.28:366][104]LogSlate: Took 0.002738 seconds to synchronously load lazily loaded font '../../../Engine/Content/Slate/Fonts/Roboto-Light.ttf' (167K)
[2018.08.21-13.46.29:266][211]LogSlate: FSceneViewport::OnFocusLost() reason 0
[2018.08.21-13.46.41:651][693]LogSlate: Prevented a slow task dialog from being summoned while a context menu was open
[2018.08.21-13.46.45:380][693]LogTexture: Display: Building textures: T_CliffRockTile_03_D (AutoDXT, 2048X2048)
[2018.08.21-13.46.45:380][693]LogTexture: Display: Building textures: T_CliffRock_03_N (BC5, 4096X4096)
[2018.08.21-13.46.45:380][693]LogTexture: Display: Building textures: T_Cliff01_N (BC5, 8192X8192)
[2018.08.21-13.46.45:380][693]LogMaterial: Missing cached shader map for material M_Photoscan_Master, compiling. 
[2018.08.21-13.46.50:722][693]LogShaderCompilers: Display: Shaders left to compile 173
[2018.08.21-13.46.50:723][693]LogShaderCompilers: Display: Shaders left to compile 163
[2018.08.21-13.46.50:723][693]LogShaderCompilers: Display: Shaders left to compile 153
[2018.08.21-13.46.50:723][693]LogShaderCompilers: Display: Shaders left to compile 143
[2018.08.21-13.46.50:723][693]LogShaderCompilers: Display: Shaders left to compile 133
[2018.08.21-13.46.50:723][693]LogShaderCompilers: Display: Shaders left to compile 123
[2018.08.21-13.46.50:723][693]LogShaderCompilers: Display: Shaders left to compile 113
[2018.08.21-13.46.50:723][693]LogShaderCompilers: Display: Shaders left to compile 103
[2018.08.21-13.46.50:723][693]LogShaderCompilers: Display: Shaders left to compile 93
[2018.08.21-13.46.50:723][693]LogTexture: Display: Building textures: T_Cliff01_D_CC_R (AutoDXT, 8192X8192)
[2018.08.21-13.47.19:761][693]LogShaderCompilers: Display: Shaders left to compile 83
[2018.08.21-13.47.19:761][693]LogShaderCompilers: Display: Shaders left to compile 73
[2018.08.21-13.47.19:761][693]LogShaderCompilers: Display: Shaders left to compile 63
[2018.08.21-13.47.19:761][693]LogShaderCompilers: Display: Shaders left to compile 53
[2018.08.21-13.47.19:761][693]LogShaderCompilers: Display: Shaders left to compile 43
[2018.08.21-13.47.19:761][693]LogShaderCompilers: Display: Shaders left to compile 33
[2018.08.21-13.47.19:761][693]LogShaderCompilers: Display: Shaders left to compile 23
[2018.08.21-13.47.19:761][693]LogShaderCompilers: Display: Shaders left to compile 13
[2018.08.21-13.47.19:761][693]LogShaderCompilers: Display: Shaders left to compile 3
[2018.08.21-13.47.19:761][693]LogMaterial: Missing cached shader map for material M_Photoscan_Master, compiling. 
[2018.08.21-13.47.19:894][693]LogShaderCompilers: Display: Shaders left to compile 173
[2018.08.21-13.47.19:894][693]LogShaderCompilers: Display: Shaders left to compile 163
[2018.08.21-13.47.19:894][693]LogShaderCompilers: Display: Shaders left to compile 153
[2018.08.21-13.47.19:894][693]LogShaderCompilers: Display: Shaders left to compile 143
[2018.08.21-13.47.19:894][693]LogStaticMesh: Building static mesh SM_Cliff01...
[2018.08.21-13.47.20:297][693]LogStaticMesh: Built static mesh [0.40s] /Game/KiteDemo/Environments/Cliffs/Cliff01/SM_Cliff01.SM_Cliff01
[2018.08.21-13.47.24:372][693]LogTexture: Display: Building textures: BogMyrtle_01_Atlas_Billboards_Tex (AutoDXT, 2048X2048)
[2018.08.21-13.47.24:372][693]LogTexture: Display: Building textures: BogMyrtleBush_01_Atlas_Billboards_Tex (AutoDXT, 2048X2048)
[2018.08.21-13.47.24:372][693]LogTexture: Display: Building textures: BogMyrtleBush_01_Atlas_Billboards_Normal_Tex (BC5, 2048X2048)
[2018.08.21-13.47.24:372][693]LogTexture: Display: Building textures: T_BogMyrtleBtm_01_D (AutoDXT, 4096X4096)
[2018.08.21-13.47.24:372][693]LogShaderCompilers: Display: Shaders left to compile 133
[2018.08.21-13.47.24:372][693]LogTexture: Display: Building textures: T_BogMyrtleBtm_01_N (BC5, 4096X4096)
[2018.08.21-13.47.24:372][693]LogTexture: Display: Building textures: BogMyrtle_01_Atlas_Billboards_Normal_Tex (BC5, 2048X2048)
[2018.08.21-13.47.24:372][693]LogTexture: Display: Building textures: BogMyrtle_01_Atlas_Tex (AutoDXT, 4096X4096)
[2018.08.21-13.47.24:372][693]LogShaderCompilers: Display: Shaders left to compile 123
[2018.08.21-13.47.24:372][693]LogTexture: Display: Building textures: BogMyrtle_01_Atlas_Normal_Tex (BC5, 4096X4096)
[2018.08.21-13.47.24:372][693]LogMaterial: Missing cached shader map for material BogMyrtle_01_Billboard_Mat, compiling. 
[2018.08.21-13.47.26:513][693]LogShaderCompilers: Display: Shaders left to compile 230
[2018.08.21-13.47.26:513][693]LogShaderCompilers: Display: Shaders left to compile 220
[2018.08.21-13.47.26:513][693]LogShaderCompilers: Display: Shaders left to compile 210
[2018.08.21-13.47.26:513][693]LogShaderCompilers: Display: Shaders left to compile 200
[2018.08.21-13.47.26:513][693]LogMaterial: Missing cached shader map for material BogMyrtle_01_Fronds_Mat, compiling. 
[2018.08.21-13.47.26:595][693]LogStaticMesh: Building static mesh BogMyrtleBush_01...
[2018.08.21-13.47.26:892][693]LogStaticMesh: Built static mesh [0.30s] /Game/KiteDemo/Environments/Foliage/BogMyrtleBush_01/BogMyrtleBush_01.BogMyrtleBush_01
[2018.08.21-13.47.28:264][693]LogTexture: Display: Building textures: BogMyrtleBush_02_Atlas_Billboards_Normal_Tex (BC5, 2048X2048)
[2018.08.21-13.47.28:264][693]LogTexture: Display: Building textures: BogMyrtleBush_02_Atlas_Billboards_Tex (AutoDXT, 2048X2048)
[2018.08.21-13.47.28:264][693]LogShaderCompilers: Display: Shaders left to compile 307
[2018.08.21-13.47.28:264][693]LogShaderCompilers: Display: Shaders left to compile 297
[2018.08.21-13.47.28:264][693]LogShaderCompilers: Display: Shaders left to compile 287
[2018.08.21-13.47.28:264][693]LogStaticMesh: Building static mesh BogMyrtleBush_02...
[2018.08.21-13.47.28:944][693]LogShaderCompilers: Display: Shaders left to compile 277
[2018.08.21-13.47.28:944][693]LogStaticMesh: Built static mesh [0.68s] /Game/KiteDemo/Environments/Foliage/BogMyrtleBush_02/BogMyrtleBush_02.BogMyrtleBush_02
[2018.08.21-13.47.29:025][693]LogStaticMesh: Building static mesh BogMyrtle_01...
[2018.08.21-13.47.29:288][693]LogShaderCompilers: Display: Shaders left to compile 267
[2018.08.21-13.47.29:288][693]LogStaticMesh: Built static mesh [0.26s] /Game/KiteDemo/Environments/Foliage/BogMyrtle_01/BogMyrtle_01.BogMyrtle_01
[2018.08.21-13.47.30:726][693]LogShaderCompilers: Display: Shaders left to compile 257
[2018.08.21-13.47.30:726][693]LogTexture: Display: Building textures: T_Water_Screen_Noise_Soft2 (AutoDXT, 1024X1024)
[2018.08.21-13.47.30:726][693]LogTexture: Display: Building textures: T_Ice_Noise_N (BC5, 1024X1024)
[2018.08.21-13.47.30:726][693]LogTexture: Display: Building textures: T_Fern_01_D (AutoDXT, 2048X2048)
[2018.08.21-13.47.30:726][693]LogTexture: Display: Building textures: T_TilingNoise06_N (BC5, 2048X2048)
[2018.08.21-13.47.30:726][693]LogTexture: Display: Building textures: T_Fern_01_N (BC5, 2048X2048)
[2018.08.21-13.47.30:726][693]LogShaderCompilers: Display: Shaders left to compile 247
[2018.08.21-13.47.30:726][693]LogShaderCompilers: Display: Shaders left to compile 237
[2018.08.21-13.47.30:726][693]LogMaterial: Missing cached shader map for material M_Fern_01, compiling. 
[2018.08.21-13.47.31:056][693]LogTexture: Display: Building textures: T_Water_Screen_Noise_Soft (AutoDXT, 1024X1024)
[2018.08.21-13.47.31:056][693]LogMaterial: Missing cached shader map for material M_Fern_01, compiling. 
[2018.08.21-13.47.31:108][693]LogStaticMesh: Building static mesh SM_Fern_01...
[2018.08.21-13.47.31:228][693]LogStaticMesh: Built static mesh [0.12s] /Game/KiteDemo/Environments/Foliage/Ferns/SM_Fern_01.SM_Fern_01
[2018.08.21-13.47.31:247][693]LogStaticMesh: Building static mesh SM_Fern_02...
[2018.08.21-13.47.31:365][693]LogStaticMesh: Built static mesh [0.12s] /Game/KiteDemo/Environments/Foliage/Ferns/SM_Fern_02.SM_Fern_02
[2018.08.21-13.47.31:383][693]LogStaticMesh: Building static mesh SM_Fern_03...
[2018.08.21-13.47.31:493][693]LogStaticMesh: Built static mesh [0.11s] /Game/KiteDemo/Environments/Foliage/Ferns/SM_Fern_03.SM_Fern_03
[2018.08.21-13.47.32:455][693]LogTexture: Display: Building textures: T_SwirlNoise (G8, 512X512)
[2018.08.21-13.47.32:456][693]LogTexture: Display: Building textures: T_Buttercup_Patch_01_M (AutoDXT, 2048X2048)
[2018.08.21-13.47.32:456][693]LogShaderCompilers: Display: Shaders left to compile 461
[2018.08.21-13.47.32:456][693]LogTexture: Display: Building textures: T_Buttercup_Patch_01_D (AutoDXT, 2048X2048)
[2018.08.21-13.47.32:456][693]LogShaderCompilers: Display: Shaders left to compile 451
[2018.08.21-13.47.32:456][693]LogMaterial: Missing cached shader map for material M_Buttercup_Patch_01, compiling. 
[2018.08.21-13.47.32:521][693]LogMaterial: Missing cached shader map for material M_Buttercup_Patch_01, compiling. 
[2018.08.21-13.47.32:580][693]LogStaticMesh: Building static mesh SM_Buttercup_Patch_01...
[2018.08.21-13.47.32:676][693]LogShaderCompilers: Display: Shaders left to compile 675
[2018.08.21-13.47.32:676][693]LogStaticMesh: Built static mesh [0.10s] /Game/KiteDemo/Environments/Foliage/Flowers/Buttercup/SM_Buttercup_Patch_01.SM_Buttercup_Patch_01
[2018.08.21-13.47.34:602][693]LogTexture: Display: Building textures: T_FieldScabious01_M (AutoDXT, 2048X2048)
[2018.08.21-13.47.34:602][693]LogTexture: Display: Building textures: T_FieldScabious01_N (BC5, 2048X2048)
[2018.08.21-13.47.34:602][693]LogTexture: Display: Building textures: T_FieldScabious01_D (AutoDXT, 2048X2048)
[2018.08.21-13.47.34:602][693]LogShaderCompilers: Display: Shaders left to compile 665
[2018.08.21-13.47.34:602][693]LogShaderCompilers: Display: Shaders left to compile 655
[2018.08.21-13.47.34:602][693]LogShaderCompilers: Display: Shaders left to compile 645
[2018.08.21-13.47.34:602][693]LogMaterial: Missing cached shader map for material M_FieldScabious_01, compiling. 
[2018.08.21-13.47.34:702][693]LogMaterial: Missing cached shader map for material M_FieldScabious_01, compiling. 
[2018.08.21-13.47.34:766][693]LogStaticMesh: Building static mesh SM_FieldScabious_01...
[2018.08.21-13.47.34:955][693]LogShaderCompilers: Display: Shaders left to compile 869
[2018.08.21-13.47.34:955][693]LogStaticMesh: Built static mesh [0.19s] /Game/KiteDemo/Environments/Foliage/Flowers/FieldScabious/SM_FieldScabious_01.SM_FieldScabious_01
[2018.08.21-13.47.36:664][693]LogTexture: Display: Building textures: T_HeatherBranch4_Mask2 (AutoDXT, 1024X1024)
[2018.08.21-13.47.36:665][693]LogTexture: Display: Building textures: T_Ice_Noise (AutoDXT, 1024X1024)
[2018.08.21-13.47.36:665][693]LogTexture: Display: Building textures: T_HeatherBranch4_D (AutoDXT, 2048X2048)
[2018.08.21-13.47.36:665][693]LogTexture: Display: Building textures: T_HeatherBranch4_N (BC5, 2048X2048)
[2018.08.21-13.47.36:665][693]LogMaterial: Missing cached shader map for material M_HeatherNew_Master, compiling. 
[2018.08.21-13.47.38:946][693]LogTexture: Display: Building textures: T_Grass_Blobby_Height_01 (AutoDXT, 2048X2048)
[2018.08.21-13.47.38:946][693]LogShaderCompilers: Display: Shaders left to compile 976
[2018.08.21-13.47.38:946][693]LogShaderCompilers: Display: Shaders left to compile 966
[2018.08.21-13.47.38:946][693]LogShaderCompilers: Display: Shaders left to compile 956
[2018.08.21-13.47.38:946][693]LogShaderCompilers: Display: Shaders left to compile 946
[2018.08.21-13.47.38:946][693]LogMaterial: Missing cached shader map for material M_HeatherNew_MasterWorldColorVarience, compiling. 
[2018.08.21-13.47.39:231][693]LogTexture: Display: Building textures: T_GDC_TilingRocks_01_DispMask (AutoDXT, 1024X1024)
[2018.08.21-13.47.39:231][693]LogShaderCompilers: Display: Shaders left to compile 1053
[2018.08.21-13.47.39:231][693]LogMaterial: Missing cached shader map for material M_HeatherNew_Master, compiling. 
[2018.08.21-13.47.39:274][693]LogMaterial: Missing cached shader map for material M_HeatherNew_MasterWorldColorVarience, compiling. 
[2018.08.21-13.47.39:326][693]LogMaterial: Missing cached shader map for material M_HeatherNew_MasterWorldColorVarience, compiling. 
[2018.08.21-13.47.39:366][693]LogStaticMesh: Building static mesh SM_Heather_Mesh_Clumps2...
[2018.08.21-13.47.39:393][693]LogStaticMesh: Built static mesh [0.03s] /Game/KiteDemo/Environments/Foliage/Flowers/Heather/SM_Heather_Mesh_Clumps2.SM_Heather_Mesh_Clumps2
[2018.08.21-13.47.39:403][693]LogStaticMesh: Building static mesh SM_Heather_Mesh_Clumps2_WorldPopulate...
[2018.08.21-13.47.39:478][693]LogStaticMesh: Built static mesh [0.07s] /Game/KiteDemo/Environments/Foliage/Flowers/Heather/SM_Heather_Mesh_Clumps2_WorldPopulate.SM_Heather_Mesh_Clumps2_WorldPopulate
[2018.08.21-13.47.41:247][693]LogTexture: Display: Building textures: T_Yarrow_D (AutoDXT, 2048X2048)
[2018.08.21-13.47.41:247][693]LogTexture: Display: Building textures: T_Yarrow_N (BC5, 2048X2048)
[2018.08.21-13.47.41:247][693]LogShaderCompilers: Display: Shaders left to compile 1394
[2018.08.21-13.47.41:247][693]LogShaderCompilers: Display: Shaders left to compile 1384
[2018.08.21-13.47.41:247][693]LogShaderCompilers: Display: Shaders left to compile 1374
[2018.08.21-13.47.41:247][693]LogMaterial: Missing cached shader map for material M_HeatherNew_Master, compiling. 
[2018.08.21-13.47.41:719][693]LogTexture: Display: Building textures: T_Yarrow_M (AutoDXT, 2048X2048)
[2018.08.21-13.47.41:719][693]LogStaticMesh: Building static mesh SM_Yarrow...
[2018.08.21-13.47.41:924][693]LogShaderCompilers: Display: Shaders left to compile 1481
[2018.08.21-13.47.41:924][693]LogStaticMesh: Built static mesh [0.20s] /Game/KiteDemo/Environments/Foliage/Flowers/Yarrow/SM_Yarrow.SM_Yarrow
[2018.08.21-13.47.41:946][693]LogStaticMesh: Building static mesh SM_Yarrow3...
[2018.08.21-13.47.42:146][693]LogStaticMesh: Built static mesh [0.20s] /Game/KiteDemo/Environments/Foliage/Flowers/Yarrow/SM_Yarrow3.SM_Yarrow3
[2018.08.21-13.47.42:995][693]LogShaderCompilers: Display: Shaders left to compile 1471
[2018.08.21-13.47.42:996][693]LogTexture: Display: Building textures: T_FieldGrass_01_D (AutoDXT, 1024X1024)
[2018.08.21-13.47.42:996][693]LogTexture: Display: Building textures: T_FieldGrass_02_M (AutoDXT, 1024X1024)
[2018.08.21-13.47.42:996][693]LogShaderCompilers: Display: Shaders left to compile 1461
[2018.08.21-13.47.42:996][693]LogMaterial: Missing cached shader map for material M_FieldGrass_01, compiling. 
[2018.08.21-13.47.43:091][693]LogMaterial: Missing cached shader map for material M_FieldGrass_01, compiling. 
[2018.08.21-13.47.43:132][693]LogMaterial: Missing cached shader map for material M_FieldGrass_01, compiling. 
[2018.08.21-13.47.43:173][693]LogStaticMesh: Building static mesh SM_FieldGrass_01...
[2018.08.21-13.47.43:223][693]LogStaticMesh: Built static mesh [0.05s] /Game/KiteDemo/Environments/Foliage/Grass/FieldGrass/SM_FieldGrass_01.SM_FieldGrass_01
[2018.08.21-13.47.55:214][693]LogShaderCompilers: Display: Shaders left to compile 1802
[2018.08.21-13.47.55:214][693]LogTexture: Display: Building textures: T_DeadLeavesAtlasTop_01_D (AutoDXT, 4096X4096)
[2018.08.21-13.47.55:214][693]LogTexture: Display: Building textures: T_DeadLeavesAtlas_01_D (AutoDXT, 4096X4096)
[2018.08.21-13.47.55:214][693]LogTexture: Display: Building textures: T_DeadLeavesAtlas_01_N (BC5, 4096X4096)
[2018.08.21-13.47.55:214][693]LogShaderCompilers: Display: Shaders left to compile 1792
[2018.08.21-13.47.55:214][693]LogShaderCompilers: Display: Shaders left to compile 1782
[2018.08.21-13.47.55:214][693]LogShaderCompilers: Display: Shaders left to compile 1772
[2018.08.21-13.47.55:214][693]LogShaderCompilers: Display: Shaders left to compile 1762
[2018.08.21-13.47.55:214][693]LogShaderCompilers: Display: Shaders left to compile 1752
[2018.08.21-13.47.55:214][693]LogShaderCompilers: Display: Shaders left to compile 1742
[2018.08.21-13.47.55:214][693]LogShaderCompilers: Display: Shaders left to compile 1732
[2018.08.21-13.47.55:214][693]LogShaderCompilers: Display: Shaders left to compile 1722
[2018.08.21-13.47.55:214][693]LogShaderCompilers: Display: Shaders left to compile 1712
[2018.08.21-13.47.55:214][693]LogShaderCompilers: Display: Shaders left to compile 1702
[2018.08.21-13.47.55:214][693]LogShaderCompilers: Display: Shaders left to compile 1692
[2018.08.21-13.47.55:214][693]LogShaderCompilers: Display: Shaders left to compile 1682
[2018.08.21-13.47.55:215][693]LogShaderCompilers: Display: Shaders left to compile 1672
[2018.08.21-13.47.55:215][693]LogShaderCompilers: Display: Shaders left to compile 1662
[2018.08.21-13.47.55:215][693]LogShaderCompilers: Display: Shaders left to compile 1652
[2018.08.21-13.47.55:215][693]LogShaderCompilers: Display: Shaders left to compile 1642
[2018.08.21-13.47.55:215][693]LogShaderCompilers: Display: Shaders left to compile 1632
[2018.08.21-13.47.55:215][693]LogMaterial: Missing cached shader map for material M_DeadLeaves, compiling. 
[2018.08.21-13.47.55:359][693]LogStaticMesh: Building static mesh SM_DeadLeaves...
[2018.08.21-13.47.55:621][693]LogStaticMesh: Built static mesh [0.26s] /Game/KiteDemo/Environments/Foliage/Leaves/SM_DeadLeaves.SM_DeadLeaves
[2018.08.21-13.47.55:653][693]LogStaticMesh: Building static mesh SM_DeadLeaves_Flat...
[2018.08.21-13.47.55:894][693]LogStaticMesh: Built static mesh [0.24s] /Game/KiteDemo/Environments/Foliage/Leaves/SM_DeadLeaves_Flat.SM_DeadLeaves_Flat
[2018.08.21-13.48.05:235][693]LogShaderCompilers: Display: Shaders left to compile 1737
[2018.08.21-13.48.05:235][693]LogShaderCompilers: Display: Shaders left to compile 1727
[2018.08.21-13.48.05:235][693]LogShaderCompilers: Display: Shaders left to compile 1717
[2018.08.21-13.48.05:235][693]LogShaderCompilers: Display: Shaders left to compile 1707
[2018.08.21-13.48.05:235][693]LogShaderCompilers: Display: Shaders left to compile 1697
[2018.08.21-13.48.05:235][693]LogShaderCompilers: Display: Shaders left to compile 1687
[2018.08.21-13.48.05:235][693]LogTexture: Display: Building textures: T_AlpinePatch001_N (BC5, 8192X8192)
[2018.08.21-13.48.05:235][693]LogShaderCompilers: Display: Shaders left to compile 1677
[2018.08.21-13.48.05:235][693]LogShaderCompilers: Display: Shaders left to compile 1667
[2018.08.21-13.48.05:235][693]LogShaderCompilers: Display: Shaders left to compile 1657
[2018.08.21-13.48.05:235][693]LogShaderCompilers: Display: Shaders left to compile 1647
[2018.08.21-13.48.05:235][693]LogShaderCompilers: Display: Shaders left to compile 1637
[2018.08.21-13.48.05:235][693]LogShaderCompilers: Display: Shaders left to compile 1627
[2018.08.21-13.48.05:235][693]LogTexture: Display: Building textures: T_AlpinePatch001_D_R (AutoDXT, 8192X8192)
[2018.08.21-13.48.49:207][693]LogShaderCompilers: Display: Shaders left to compile 1617
[2018.08.21-13.48.49:207][693]LogShaderCompilers: Display: Shaders left to compile 1607
[2018.08.21-13.48.49:207][693]LogShaderCompilers: Display: Shaders left to compile 1597
[2018.08.21-13.48.49:207][693]LogShaderCompilers: Display: Shaders left to compile 1587
[2018.08.21-13.48.49:207][693]LogShaderCompilers: Display: Shaders left to compile 1577
[2018.08.21-13.48.49:207][693]LogShaderCompilers: Display: Shaders left to compile 1567
[2018.08.21-13.48.49:207][693]LogShaderCompilers: Display: Shaders left to compile 1557
[2018.08.21-13.48.49:207][693]LogShaderCompilers: Display: Shaders left to compile 1547
[2018.08.21-13.48.49:208][693]LogShaderCompilers: Display: Shaders left to compile 1537
[2018.08.21-13.48.49:208][693]LogShaderCompilers: Display: Shaders left to compile 1527
[2018.08.21-13.48.49:208][693]LogShaderCompilers: Display: Shaders left to compile 1517
[2018.08.21-13.48.49:208][693]LogShaderCompilers: Display: Shaders left to compile 1507
[2018.08.21-13.48.49:208][693]LogShaderCompilers: Display: Shaders left to compile 1497
[2018.08.21-13.48.49:208][693]LogShaderCompilers: Display: Shaders left to compile 1487
[2018.08.21-13.48.49:208][693]LogShaderCompilers: Display: Shaders left to compile 1477
[2018.08.21-13.48.49:208][693]LogShaderCompilers: Display: Shaders left to compile 1467
[2018.08.21-13.48.49:208][693]LogShaderCompilers: Display: Shaders left to compile 1457
[2018.08.21-13.48.49:208][693]LogShaderCompilers: Display: Shaders left to compile 1447
[2018.08.21-13.48.49:208][693]LogShaderCompilers: Display: Shaders left to compile 1437
[2018.08.21-13.48.49:208][693]LogShaderCompilers: Display: Shaders left to compile 1427
[2018.08.21-13.48.49:208][693]LogShaderCompilers: Display: Shaders left to compile 1417
[2018.08.21-13.48.49:208][693]LogShaderCompilers: Display: Shaders left to compile 1407
[2018.08.21-13.48.49:208][693]LogShaderCompilers: Display: Shaders left to compile 1397
[2018.08.21-13.48.49:208][693]LogShaderCompilers: Display: Shaders left to compile 1387
[2018.08.21-13.48.49:208][693]LogShaderCompilers: Display: Shaders left to compile 1377
[2018.08.21-13.48.49:208][693]LogShaderCompilers: Display: Shaders left to compile 1367
[2018.08.21-13.48.49:208][693]LogShaderCompilers: Display: Shaders left to compile 1357
[2018.08.21-13.48.49:208][693]LogShaderCompilers: Display: Shaders left to compile 1347
[2018.08.21-13.48.49:208][693]LogShaderCompilers: Display: Shaders left to compile 1337
[2018.08.21-13.48.49:208][693]LogShaderCompilers: Display: Shaders left to compile 1327
[2018.08.21-13.48.49:208][693]LogShaderCompilers: Display: Shaders left to compile 1317
[2018.08.21-13.48.49:208][693]LogShaderCompilers: Display: Shaders left to compile 1307
[2018.08.21-13.48.49:208][693]LogShaderCompilers: Display: Shaders left to compile 1297
[2018.08.21-13.48.49:208][693]LogShaderCompilers: Display: Shaders left to compile 1287
[2018.08.21-13.48.49:208][693]LogShaderCompilers: Display: Shaders left to compile 1277
[2018.08.21-13.48.49:208][693]LogShaderCompilers: Display: Shaders left to compile 1267
[2018.08.21-13.48.49:208][693]LogShaderCompilers: Display: Shaders left to compile 1257
[2018.08.21-13.48.49:208][693]LogShaderCompilers: Display: Shaders left to compile 1247
[2018.08.21-13.48.49:208][693]LogShaderCompilers: Display: Shaders left to compile 1237
[2018.08.21-13.48.49:208][693]LogShaderCompilers: Display: Shaders left to compile 1227
[2018.08.21-13.48.49:208][693]LogShaderCompilers: Display: Shaders left to compile 1217
[2018.08.21-13.48.49:208][693]LogShaderCompilers: Display: Shaders left to compile 1207
[2018.08.21-13.48.49:208][693]LogShaderCompilers: Display: Shaders left to compile 1197
[2018.08.21-13.48.49:208][693]LogShaderCompilers: Display: Shaders left to compile 1187
[2018.08.21-13.48.49:208][693]LogShaderCompilers: Display: Shaders left to compile 1177
[2018.08.21-13.48.49:208][693]LogShaderCompilers: Display: Shaders left to compile 1167
[2018.08.21-13.48.49:208][693]LogShaderCompilers: Display: Shaders left to compile 1157
[2018.08.21-13.48.49:208][693]LogShaderCompilers: Display: Shaders left to compile 1147
[2018.08.21-13.48.49:208][693]LogShaderCompilers: Display: Shaders left to compile 1137
[2018.08.21-13.48.49:208][693]LogShaderCompilers: Display: Shaders left to compile 1127
[2018.08.21-13.48.49:208][693]LogShaderCompilers: Display: Shaders left to compile 1117
[2018.08.21-13.48.49:208][693]LogShaderCompilers: Display: Shaders left to compile 1107
[2018.08.21-13.48.49:208][693]LogShaderCompilers: Display: Shaders left to compile 1097
[2018.08.21-13.48.49:208][693]LogShaderCompilers: Display: Shaders left to compile 1087
[2018.08.21-13.48.49:208][693]LogShaderCompilers: Display: Shaders left to compile 1077
[2018.08.21-13.48.49:208][693]LogShaderCompilers: Display: Shaders left to compile 1067
[2018.08.21-13.48.49:209][693]LogShaderCompilers: Display: Shaders left to compile 1057
[2018.08.21-13.48.49:209][693]LogShaderCompilers: Display: Shaders left to compile 1047
[2018.08.21-13.48.49:209][693]LogShaderCompilers: Display: Shaders left to compile 1037
[2018.08.21-13.48.49:209][693]LogShaderCompilers: Display: Shaders left to compile 1027
[2018.08.21-13.48.49:209][693]LogShaderCompilers: Display: Shaders left to compile 1017
[2018.08.21-13.48.49:209][693]LogShaderCompilers: Display: Shaders left to compile 1007
[2018.08.21-13.48.49:209][693]LogTexture: Display: Building textures: T_AlpinePatch001_D_alt_R (AutoDXT, 8192X8192)
[2018.08.21-13.49.29:028][693]LogShaderCompilers: Display: Shaders left to compile 997
[2018.08.21-13.49.29:028][693]LogShaderCompilers: Display: Shaders left to compile 987
[2018.08.21-13.49.29:028][693]LogShaderCompilers: Display: Shaders left to compile 977
[2018.08.21-13.49.29:028][693]LogShaderCompilers: Display: Shaders left to compile 967
[2018.08.21-13.49.29:028][693]LogShaderCompilers: Display: Shaders left to compile 957
[2018.08.21-13.49.29:028][693]LogShaderCompilers: Display: Shaders left to compile 947
[2018.08.21-13.49.29:028][693]LogShaderCompilers: Display: Shaders left to compile 937
[2018.08.21-13.49.29:028][693]LogShaderCompilers: Display: Shaders left to compile 927
[2018.08.21-13.49.29:028][693]LogShaderCompilers: Display: Shaders left to compile 917
[2018.08.21-13.49.29:028][693]LogShaderCompilers: Display: Shaders left to compile 907
[2018.08.21-13.49.29:028][693]LogShaderCompilers: Display: Shaders left to compile 897
[2018.08.21-13.49.29:028][693]LogShaderCompilers: Display: Shaders left to compile 887
[2018.08.21-13.49.29:028][693]LogShaderCompilers: Display: Shaders left to compile 877
[2018.08.21-13.49.29:028][693]LogShaderCompilers: Display: Shaders left to compile 867
[2018.08.21-13.49.29:028][693]LogShaderCompilers: Display: Shaders left to compile 857
[2018.08.21-13.49.29:028][693]LogShaderCompilers: Display: Shaders left to compile 847
[2018.08.21-13.49.29:028][693]LogShaderCompilers: Display: Shaders left to compile 837
[2018.08.21-13.49.29:028][693]LogShaderCompilers: Display: Shaders left to compile 827
[2018.08.21-13.49.29:028][693]LogShaderCompilers: Display: Shaders left to compile 817
[2018.08.21-13.49.29:029][693]LogShaderCompilers: Display: Shaders left to compile 807
[2018.08.21-13.49.29:029][693]LogShaderCompilers: Display: Shaders left to compile 797
[2018.08.21-13.49.29:029][693]LogShaderCompilers: Display: Shaders left to compile 787
[2018.08.21-13.49.29:029][693]LogShaderCompilers: Display: Shaders left to compile 777
[2018.08.21-13.49.29:029][693]LogShaderCompilers: Display: Shaders left to compile 767
[2018.08.21-13.49.29:029][693]LogShaderCompilers: Display: Shaders left to compile 757
[2018.08.21-13.49.29:029][693]LogShaderCompilers: Display: Shaders left to compile 747
[2018.08.21-13.49.29:029][693]LogShaderCompilers: Display: Shaders left to compile 737
[2018.08.21-13.49.29:029][693]LogShaderCompilers: Display: Shaders left to compile 727
[2018.08.21-13.49.29:029][693]LogShaderCompilers: Display: Shaders left to compile 717
[2018.08.21-13.49.29:029][693]LogShaderCompilers: Display: Shaders left to compile 707
[2018.08.21-13.49.29:029][693]LogShaderCompilers: Display: Shaders left to compile 697
[2018.08.21-13.49.29:029][693]LogShaderCompilers: Display: Shaders left to compile 687
[2018.08.21-13.49.29:029][693]LogShaderCompilers: Display: Shaders left to compile 677
[2018.08.21-13.49.29:029][693]LogShaderCompilers: Display: Shaders left to compile 667
[2018.08.21-13.49.29:029][693]LogShaderCompilers: Display: Shaders left to compile 657
[2018.08.21-13.49.29:029][693]LogShaderCompilers: Display: Shaders left to compile 647
[2018.08.21-13.49.29:029][693]LogShaderCompilers: Display: Shaders left to compile 637
[2018.08.21-13.49.29:029][693]LogShaderCompilers: Display: Shaders left to compile 627
[2018.08.21-13.49.29:029][693]LogShaderCompilers: Display: Shaders left to compile 617
[2018.08.21-13.49.29:029][693]LogShaderCompilers: Display: Shaders left to compile 607
[2018.08.21-13.49.29:029][693]LogShaderCompilers: Display: Shaders left to compile 597
[2018.08.21-13.49.29:029][693]LogShaderCompilers: Display: Shaders left to compile 587
[2018.08.21-13.49.29:029][693]LogShaderCompilers: Display: Shaders left to compile 577
[2018.08.21-13.49.29:029][693]LogShaderCompilers: Display: Shaders left to compile 567
[2018.08.21-13.49.29:029][693]LogShaderCompilers: Display: Shaders left to compile 557
[2018.08.21-13.49.29:029][693]LogShaderCompilers: Display: Shaders left to compile 547
[2018.08.21-13.49.29:029][693]LogShaderCompilers: Display: Shaders left to compile 537
[2018.08.21-13.49.29:029][693]LogShaderCompilers: Display: Shaders left to compile 527
[2018.08.21-13.49.29:029][693]LogShaderCompilers: Display: Shaders left to compile 517
[2018.08.21-13.49.29:029][693]LogShaderCompilers: Display: Shaders left to compile 507
[2018.08.21-13.49.29:029][693]LogShaderCompilers: Display: Shaders left to compile 497
[2018.08.21-13.49.29:029][693]LogShaderCompilers: Display: Shaders left to compile 487
[2018.08.21-13.49.29:029][693]LogShaderCompilers: Display: Shaders left to compile 477
[2018.08.21-13.49.29:029][693]LogShaderCompilers: Display: Shaders left to compile 467
[2018.08.21-13.49.29:029][693]LogShaderCompilers: Display: Shaders left to compile 457
[2018.08.21-13.49.29:029][693]LogShaderCompilers: Display: Shaders left to compile 447
[2018.08.21-13.49.29:029][693]LogTexture: Display: Building textures: T_Forest_Path_001A_N (BC5, 4096X4096)
[2018.08.21-13.49.29:029][693]LogShaderCompilers: Display: Shaders left to compile 437
[2018.08.21-13.49.29:029][693]LogShaderCompilers: Display: Shaders left to compile 427
[2018.08.21-13.49.29:029][693]LogTexture: Display: Building textures: T_Forest_Path_001A_D_R (AutoDXT, 4096X4096)
[2018.08.21-13.49.47:540][693]LogShaderCompilers: Display: Shaders left to compile 417
[2018.08.21-13.49.47:541][693]LogShaderCompilers: Display: Shaders left to compile 407
[2018.08.21-13.49.47:541][693]LogShaderCompilers: Display: Shaders left to compile 397
[2018.08.21-13.49.47:541][693]LogShaderCompilers: Display: Shaders left to compile 387
[2018.08.21-13.49.47:541][693]LogShaderCompilers: Display: Shaders left to compile 377
[2018.08.21-13.49.47:541][693]LogShaderCompilers: Display: Shaders left to compile 367
[2018.08.21-13.49.47:541][693]LogShaderCompilers: Display: Shaders left to compile 357
[2018.08.21-13.49.47:541][693]LogShaderCompilers: Display: Shaders left to compile 347
[2018.08.21-13.49.47:541][693]LogShaderCompilers: Display: Shaders left to compile 337
[2018.08.21-13.49.47:541][693]LogShaderCompilers: Display: Shaders left to compile 327
[2018.08.21-13.49.47:541][693]LogShaderCompilers: Display: Shaders left to compile 317
[2018.08.21-13.49.47:541][693]LogShaderCompilers: Display: Shaders left to compile 307
[2018.08.21-13.49.47:541][693]LogShaderCompilers: Display: Shaders left to compile 297
[2018.08.21-13.49.47:541][693]LogShaderCompilers: Display: Shaders left to compile 287
[2018.08.21-13.49.47:541][693]LogShaderCompilers: Display: Shaders left to compile 277
[2018.08.21-13.49.47:541][693]LogTexture: Display: Building textures: T_Forest_Path_001B_N (BC5, 8192X8192)
[2018.08.21-13.49.47:541][693]LogShaderCompilers: Display: Shaders left to compile 267
[2018.08.21-13.49.47:541][693]LogShaderCompilers: Display: Shaders left to compile 257
[2018.08.21-13.49.47:541][693]LogShaderCompilers: Display: Shaders left to compile 247
[2018.08.21-13.49.47:541][693]LogShaderCompilers: Display: Shaders left to compile 237
[2018.08.21-13.49.47:541][693]LogShaderCompilers: Display: Shaders left to compile 227
[2018.08.21-13.49.47:541][693]LogShaderCompilers: Display: Shaders left to compile 217
[2018.08.21-13.49.47:541][693]LogShaderCompilers: Display: Shaders left to compile 207
[2018.08.21-13.49.47:541][693]LogTexture: Display: Building textures: T_Forest_Path_001B_D_R (AutoDXT, 8192X8192)
[2018.08.21-13.50.35:830][693]LogShaderCompilers: Display: Shaders left to compile 197
[2018.08.21-13.50.35:830][693]LogShaderCompilers: Display: Shaders left to compile 187
[2018.08.21-13.50.35:830][693]LogShaderCompilers: Display: Shaders left to compile 177
[2018.08.21-13.50.35:830][693]LogShaderCompilers: Display: Shaders left to compile 167
[2018.08.21-13.50.35:830][693]LogShaderCompilers: Display: Shaders left to compile 157
[2018.08.21-13.50.35:830][693]LogShaderCompilers: Display: Shaders left to compile 147
[2018.08.21-13.50.35:830][693]LogShaderCompilers: Display: Shaders left to compile 137
[2018.08.21-13.50.35:830][693]LogShaderCompilers: Display: Shaders left to compile 127
[2018.08.21-13.50.35:830][693]LogShaderCompilers: Display: Shaders left to compile 117
[2018.08.21-13.50.35:830][693]LogShaderCompilers: Display: Shaders left to compile 107
[2018.08.21-13.50.35:830][693]LogShaderCompilers: Display: Shaders left to compile 97
[2018.08.21-13.50.35:830][693]LogShaderCompilers: Display: Shaders left to compile 87
[2018.08.21-13.50.35:830][693]LogShaderCompilers: Display: Shaders left to compile 77
[2018.08.21-13.50.35:830][693]LogShaderCompilers: Display: Shaders left to compile 67
[2018.08.21-13.50.35:830][693]LogShaderCompilers: Display: Shaders left to compile 57
[2018.08.21-13.50.35:830][693]LogShaderCompilers: Display: Shaders left to compile 47
[2018.08.21-13.50.35:830][693]LogShaderCompilers: Display: Shaders left to compile 37
[2018.08.21-13.50.35:830][693]LogShaderCompilers: Display: Shaders left to compile 27
[2018.08.21-13.50.35:830][693]LogShaderCompilers: Display: Shaders left to compile 17
[2018.08.21-13.50.35:830][693]LogShaderCompilers: Display: Shaders left to compile 7
[2018.08.21-13.50.35:830][693]LogTexture: Display: Building textures: T_MacroVariation (AutoDXT, 2048X2048)
[2018.08.21-13.50.35:830][693]LogTexture: Display: Building textures: T_GDC_Tiling_LeafPathStones_H (AutoDXT, 4096X4096)
[2018.08.21-13.50.35:830][693]LogTexture: Display: Building textures: T_GDC_Tiling_LeafpathStones_N (BC5, 4096X4096)
[2018.08.21-13.50.35:830][693]LogTexture: Display: Building textures: T_Tile_PebblyRiverbank_H (AutoDXT, 8192X8192)
[2018.08.21-13.50.35:830][693]LogTexture: Display: Building textures: T_Tile_PebblyRiverbank_N (BC5, 8192X8192)
[2018.08.21-13.50.35:830][693]LogTexture: Display: Building textures: T_Ground_Grass_N (BC5, 2048X2048)
[2018.08.21-13.50.35:830][693]LogTexture: Display: Building textures: T_Tile_PebblyRiverbank_D_R (AutoDXT, 8192X8192)
