Log file open, 08/21/18 20:42:45
LogWindows: Failed to load 'aqProf.dll' (GetLastError=126)
LogWindows: File 'aqProf.dll' does not exist
LogWindows: Failed to load 'VtuneApi.dll' (GetLastError=126)
LogWindows: File 'VtuneApi.dll' does not exist
LogWindows: Failed to load 'VtuneApi32e.dll' (GetLastError=126)
LogWindows: File 'VtuneApi32e.dll' does not exist
LogInit: Display: Running engine for game: DarkCrystal
LogPlatformFile: Not using cached read wrapper
LogInit: Display: RandInit(862207877) SRandInit(862207878).
LogInit: Read version file with build ID '3944462'
LogInit: Overriding engine version to CL 4033788, compatible CL 3944462
LogInit: Registered custom module enumerator with build ID '3944462'
LogTaskGraph: Started task graph with 5 named threads and 17 total threads with 3 sets of task threads.
LogStats: Stats thread started at 0.216449
LogD3D11RHI: Aftermath initialized
LogICUInternationalization: Display: ICU TimeZone Detection - Raw Offset: -8:00, Platform Override: ''
LogModuleManager: Display: Found up-to-date module file ../../../Engine/Plugins/Online/OnlineSubsystemSteam/Binaries/Win64/UE4Editor-OnlineSubsystemSteam.dll (API version 3944462).
LogModuleManager: Display: Found up-to-date module file ../../../Engine/Plugins/Online/OnlineSubsystem/Binaries/Win64/UE4Editor-OnlineSubsystem.dll (API version 3944462).
LogModuleManager: Display: Found up-to-date module file ../../../Engine/Plugins/Online/OnlineSubsystemUtils/Binaries/Win64/UE4Editor-OnlineSubsystemUtils.dll (API version 3944462).
LogModuleManager: Display: Found up-to-date module file ../../../Engine/Plugins/Online/OnlineSubsystemUtils/Binaries/Win64/UE4Editor-OnlineBlueprintSupport.dll (API version 3944462).
LogModuleManager: Display: Found up-to-date module file ../../../Engine/Plugins/VictoryPlugin/Binaries/Win64/UE4Editor-VictoryBPLibrary.dll (API version 3944462).
LogModuleManager: Display: Found up-to-date module file ../../../Engine/Plugins/Runtime/ApexDestruction/Binaries/Win64/UE4Editor-ApexDestruction.dll (API version 3944462).
LogModuleManager: Display: Found up-to-date module file ../../../Engine/Plugins/Runtime/ApexDestruction/Binaries/Win64/UE4Editor-ApexDestructionEditor.dll (API version 3944462).
LogModuleManager: Display: Found up-to-date module file ../../../Engine/Plugins/AdvancedSessions/AdvancedSessions/Binaries/Win64/UE4Editor-AdvancedSessions.dll (API version 3944462).
LogModuleManager: Display: Found up-to-date module file ../../../Engine/Plugins/AdvancedSessions/AdvancedSteamSessions/Binaries/Win64/UE4Editor-AdvancedSteamSessions.dll (API version 3944462).
LogModuleManager: Display: Found up-to-date module file ../../../Engine/Plugins/2D/Paper2D/Binaries/Win64/UE4Editor-Paper2D.dll (API version 3944462).
LogModuleManager: Display: Found up-to-date module file ../../../Engine/Plugins/2D/Paper2D/Binaries/Win64/UE4Editor-Paper2DEditor.dll (API version 3944462).
LogModuleManager: Display: Found up-to-date module file ../../../Engine/Plugins/2D/Paper2D/Binaries/Win64/UE4Editor-PaperSpriteSheetImporter.dll (API version 3944462).
LogModuleManager: Display: Found up-to-date module file ../../../Engine/Plugins/2D/Paper2D/Binaries/Win64/UE4Editor-PaperTiledImporter.dll (API version 3944462).
LogModuleManager: Display: Found up-to-date module file ../../../Engine/Plugins/2D/Paper2D/Binaries/Win64/UE4Editor-SmartSnapping.dll (API version 3944462).
LogModuleManager: Display: Found up-to-date module file ../../../Engine/Plugins/Blendables/LightPropagationVolume/Binaries/Win64/UE4Editor-LightPropagationVolumeRuntime.dll (API version 3944462).
LogModuleManager: Display: Found up-to-date module file ../../../Engine/Plugins/Blendables/LightPropagationVolume/Binaries/Win64/UE4Editor-LightPropagationVolumeEditor.dll (API version 3944462).
LogModuleManager: Display: Found up-to-date module file ../../../Engine/Plugins/Developer/CLionSourceCodeAccess/Binaries/Win64/UE4Editor-CLionSourceCodeAccess.dll (API version 3944462).
LogModuleManager: Display: Found up-to-date module file ../../../Engine/Plugins/Developer/GitSourceControl/Binaries/Win64/UE4Editor-GitSourceControl.dll (API version 3944462).
LogModuleManager: Display: Found up-to-date module file ../../../Engine/Plugins/Developer/PerforceSourceControl/Binaries/Win64/UE4Editor-PerforceSourceControl.dll (API version 3944462).
LogModuleManager: Display: Found up-to-date module file ../../../Engine/Plugins/Developer/SubversionSourceControl/Binaries/Win64/UE4Editor-SubversionSourceControl.dll (API version 3944462).
LogModuleManager: Display: Found up-to-date module file ../../../Engine/Plugins/Developer/UObjectPlugin/Binaries/Win64/UE4Editor-UObjectPlugin.dll (API version 3944462).
LogModuleManager: Display: Found up-to-date module file ../../../Engine/Plugins/Developer/VisualStudioCodeSourceCodeAccess/Binaries/Win64/UE4Editor-VisualStudioCodeSourceCodeAccess.dll (API version 3944462).
LogModuleManager: Display: Found up-to-date module file ../../../Engine/Plugins/Developer/VisualStudioSourceCodeAccess/Binaries/Win64/UE4Editor-VisualStudioSourceCodeAccess.dll (API version 3944462).
LogModuleManager: Display: Found up-to-date module file ../../../Engine/Plugins/Editor/AssetManagerEditor/Binaries/Win64/UE4Editor-AssetManagerEditor.dll (API version 3944462).
LogModuleManager: Display: Found up-to-date module file ../../../Engine/Plugins/Editor/CryptoKeys/Binaries/Win64/UE4Editor-CryptoKeys.dll (API version 3944462).
LogModuleManager: Display: Found up-to-date module file ../../../Engine/Plugins/Editor/CryptoKeys/Binaries/Win64/UE4Editor-CryptoKeysOpenSSL.dll (API version 3944462).
LogModuleManager: Display: Found up-to-date module file ../../../Engine/Plugins/Editor/DataValidation/Binaries/Win64/UE4Editor-DataValidation.dll (API version 3944462).
LogModuleManager: Display: Found up-to-date module file ../../../Engine/Plugins/Editor/FacialAnimation/Binaries/Win64/UE4Editor-FacialAnimation.dll (API version 3944462).
LogModuleManager: Display: Found up-to-date module file ../../../Engine/Plugins/Editor/FacialAnimation/Binaries/Win64/UE4Editor-FacialAnimationEditor.dll (API version 3944462).
LogModuleManager: Display: Found up-to-date module file ../../../Engine/Plugins/Editor/GameplayTagsEditor/Binaries/Win64/UE4Editor-GameplayTagsEditor.dll (API version 3944462).
LogModuleManager: Display: Found up-to-date module file ../../../Engine/Plugins/Editor/MobileLauncherProfileWizard/Binaries/Win64/UE4Editor-MobileLauncherProfileWizard.dll (API version 3944462).
LogModuleManager: Display: Found up-to-date module file ../../../Engine/Plugins/Editor/PluginBrowser/Binaries/Win64/UE4Editor-PluginBrowser.dll (API version 3944462).
LogModuleManager: Display: Found up-to-date module file ../../../Engine/Plugins/Editor/SpeedTreeImporter/Binaries/Win64/UE4Editor-SpeedTreeImporter.dll (API version 3944462).
LogModuleManager: Display: Found up-to-date module file ../../../Engine/Plugins/Enterprise/DatasmithContent/Binaries/Win64/UE4Editor-DatasmithContent.dll (API version 3944462).
LogModuleManager: Display: Found up-to-date module file ../../../Engine/Plugins/Experimental/AlembicImporter/Binaries/Win64/UE4Editor-AlembicImporter.dll (API version 3944462).
LogModuleManager: Display: Found up-to-date module file ../../../Engine/Plugins/Experimental/AlembicImporter/Binaries/Win64/UE4Editor-AlembicLibrary.dll (API version 3944462).
LogModuleManager: Display: Found up-to-date module file ../../../Engine/Plugins/Experimental/CharacterAI/Binaries/Win64/UE4Editor-CharacterAI.dll (API version 3944462).
LogModuleManager: Display: Found up-to-date module file ../../../Engine/Plugins/Experimental/HTML5Networking/Binaries/Win64/UE4Editor-HTML5Networking.dll (API version 3944462).
LogModuleManager: Display: Found up-to-date module file ../../../Engine/Plugins/Media/AndroidMedia/Binaries/Win64/UE4Editor-AndroidMediaEditor.dll (API version 3944462).
LogModuleManager: Display: Found up-to-date module file ../../../Engine/Plugins/Media/AndroidMedia/Binaries/Win64/UE4Editor-AndroidMediaFactory.dll (API version 3944462).
LogModuleManager: Display: Found up-to-date module file ../../../Engine/Plugins/Media/AvfMedia/Binaries/Win64/UE4Editor-AvfMediaEditor.dll (API version 3944462).
LogModuleManager: Display: Found up-to-date module file ../../../Engine/Plugins/Media/AvfMedia/Binaries/Win64/UE4Editor-AvfMediaFactory.dll (API version 3944462).
LogModuleManager: Display: Found up-to-date module file ../../../Engine/Plugins/Media/AvfMedia/Binaries/Win64/UE4Editor-AvfMediaFactory.dll (API version 3944462).
LogModuleManager: Display: Found up-to-date module file ../../../Engine/Plugins/Media/ImgMedia/Binaries/Win64/UE4Editor-ImgMedia.dll (API version 3944462).
LogModuleManager: Display: Found up-to-date module file ../../../Engine/Plugins/Media/ImgMedia/Binaries/Win64/UE4Editor-ImgMediaEditor.dll (API version 3944462).
LogModuleManager: Display: Found up-to-date module file ../../../Engine/Plugins/Media/ImgMedia/Binaries/Win64/UE4Editor-ImgMediaFactory.dll (API version 3944462).
LogModuleManager: Display: Found up-to-date module file ../../../Engine/Plugins/Media/ImgMedia/Binaries/Win64/UE4Editor-ImgMediaFactory.dll (API version 3944462).
LogModuleManager: Display: Found up-to-date module file ../../../Engine/Plugins/Media/ImgMedia/Binaries/Win64/UE4Editor-OpenExrWrapper.dll (API version 3944462).
LogModuleManager: Display: Found up-to-date module file ../../../Engine/Plugins/Media/LinearTimecode/Binaries/Win64/UE4Editor-LinearTimecode.dll (API version 3944462).
LogModuleManager: Display: Found up-to-date module file ../../../Engine/Plugins/Media/MediaCompositing/Binaries/Win64/UE4Editor-MediaCompositing.dll (API version 3944462).
LogModuleManager: Display: Found up-to-date module file ../../../Engine/Plugins/Media/MediaCompositing/Binaries/Win64/UE4Editor-MediaCompositingEditor.dll (API version 3944462).
LogModuleManager: Display: Found up-to-date module file ../../../Engine/Plugins/Media/MediaPlayerEditor/Binaries/Win64/UE4Editor-MediaPlayerEditor.dll (API version 3944462).
LogModuleManager: Display: Found up-to-date module file ../../../Engine/Plugins/Media/WmfMedia/Binaries/Win64/UE4Editor-WmfMedia.dll (API version 3944462).
LogModuleManager: Display: Found up-to-date module file ../../../Engine/Plugins/Media/WmfMedia/Binaries/Win64/UE4Editor-WmfMediaEditor.dll (API version 3944462).
LogModuleManager: Display: Found up-to-date module file ../../../Engine/Plugins/Media/WmfMedia/Binaries/Win64/UE4Editor-WmfMediaFactory.dll (API version 3944462).
LogModuleManager: Display: Found up-to-date module file ../../../Engine/Plugins/Media/WmfMedia/Binaries/Win64/UE4Editor-WmfMediaFactory.dll (API version 3944462).
LogModuleManager: Display: Found up-to-date module file ../../../Engine/Plugins/Messaging/TcpMessaging/Binaries/Win64/UE4Editor-TcpMessaging.dll (API version 3944462).
LogModuleManager: Display: Found up-to-date module file ../../../Engine/Plugins/Messaging/UdpMessaging/Binaries/Win64/UE4Editor-UdpMessaging.dll (API version 3944462).
LogModuleManager: Display: Found up-to-date module file ../../../Engine/Plugins/MovieScene/ActorSequence/Binaries/Win64/UE4Editor-ActorSequence.dll (API version 3944462).
LogModuleManager: Display: Found up-to-date module file ../../../Engine/Plugins/MovieScene/LevelSequenceEditor/Binaries/Win64/UE4Editor-LevelSequenceEditor.dll (API version 3944462).
LogModuleManager: Display: Found up-to-date module file ../../../Engine/Plugins/MovieScene/MatineeToLevelSequence/Binaries/Win64/UE4Editor-MatineeToLevelSequence.dll (API version 3944462).
LogModuleManager: Display: Found up-to-date module file ../../../Engine/Plugins/NetcodeUnitTest/NetcodeUnitTest/Binaries/Win64/UE4Editor-NetcodeUnitTest.dll (API version 3944462).
LogModuleManager: Display: Found up-to-date module file ../../../Engine/Plugins/NetcodeUnitTest/NUTUnrealEngine4/Binaries/Win64/UE4Editor-NUTUnrealEngine4.dll (API version 3944462).
LogModuleManager: Display: Found up-to-date module file ../../../Engine/Plugins/Runtime/AndroidPermission/Binaries/Win64/UE4Editor-AndroidPermission.dll (API version 3944462).
LogModuleManager: Display: Found up-to-date module file ../../../Engine/Plugins/Online/OnlineSubsystemNull/Binaries/Win64/UE4Editor-OnlineSubsystemNull.dll (API version 3944462).
LogModuleManager: Display: Found up-to-date module file ../../../Engine/Plugins/Runtime/AndroidDeviceProfileSelector/Binaries/Win64/UE4Editor-AndroidDeviceProfileSelector.dll (API version 3944462).
LogModuleManager: Display: Found up-to-date module file ../../../Engine/Plugins/Runtime/AppleARKit/Binaries/Win64/UE4Editor-AppleARKit.dll (API version 3944462).
LogModuleManager: Display: Found up-to-date module file ../../../Engine/Plugins/Runtime/ProceduralMeshComponent/Binaries/Win64/UE4Editor-ProceduralMeshComponent.dll (API version 3944462).
LogModuleManager: Display: Found up-to-date module file ../../../Engine/Plugins/Runtime/ProceduralMeshComponent/Binaries/Win64/UE4Editor-ProceduralMeshComponentEditor.dll (API version 3944462).
LogModuleManager: Display: Found up-to-date module file ../../../Engine/Plugins/Animation/LiveLink/Binaries/Win64/UE4Editor-LiveLink.dll (API version 3944462).
LogModuleManager: Display: Found up-to-date module file ../../../Engine/Plugins/Animation/LiveLink/Binaries/Win64/UE4Editor-LiveLinkEditor.dll (API version 3944462).
LogModuleManager: Display: Found up-to-date module file ../../../Engine/Plugins/Runtime/ArchVisCharacter/Binaries/Win64/UE4Editor-ArchVisCharacter.dll (API version 3944462).
LogModuleManager: Display: Found up-to-date module file ../../../Engine/Plugins/Runtime/AudioCapture/Binaries/Win64/UE4Editor-AudioCapture.dll (API version 3944462).
LogModuleManager: Display: Found up-to-date module file ../../../Engine/Plugins/Runtime/AudioCapture/Binaries/Win64/UE4Editor-AudioCaptureEditor.dll (API version 3944462).
LogModuleManager: Display: Found up-to-date module file ../../../Engine/Plugins/Runtime/CableComponent/Binaries/Win64/UE4Editor-CableComponent.dll (API version 3944462).
LogModuleManager: Display: Found up-to-date module file ../../../Engine/Plugins/Runtime/CustomMeshComponent/Binaries/Win64/UE4Editor-CustomMeshComponent.dll (API version 3944462).
LogModuleManager: Display: Found up-to-date module file ../../../Engine/Plugins/Runtime/ExampleDeviceProfileSelector/Binaries/Win64/UE4Editor-ExampleDeviceProfileSelector.dll (API version 3944462).
LogModuleManager: Display: Found up-to-date module file ../../../Engine/Plugins/Runtime/ImmediatePhysics/Binaries/Win64/UE4Editor-ImmediatePhysics.dll (API version 3944462).
LogModuleManager: Display: Found up-to-date module file ../../../Engine/Plugins/Runtime/ImmediatePhysics/Binaries/Win64/UE4Editor-ImmediatePhysicsEditor.dll (API version 3944462).
LogModuleManager: Display: Found up-to-date module file ../../../Engine/Plugins/Runtime/LocationServicesBPLibrary/Binaries/Win64/UE4Editor-LocationServicesBPLibrary.dll (API version 3944462).
LogModuleManager: Display: Found up-to-date module file ../../../Engine/Plugins/Runtime/MobilePatchingUtils/Binaries/Win64/UE4Editor-MobilePatchingUtils.dll (API version 3944462).
LogModuleManager: Display: Found up-to-date module file ../../../Engine/Plugins/Runtime/Oculus/OculusVR/Binaries/Win64/UE4Editor-OculusHMD.dll (API version 3944462).
LogModuleManager: Display: Found up-to-date module file ../../../Engine/Plugins/Runtime/Oculus/OculusVR/Binaries/Win64/UE4Editor-OculusInput.dll (API version 3944462).
LogModuleManager: Display: Found up-to-date module file ../../../Engine/Plugins/Runtime/Oculus/OculusVR/Binaries/Win64/UE4Editor-OculusEditor.dll (API version 3944462).
LogModuleManager: Display: Found up-to-date module file ../../../Engine/Plugins/Runtime/PhysXVehicles/Binaries/Win64/UE4Editor-PhysXVehicles.dll (API version 3944462).
LogModuleManager: Display: Found up-to-date module file ../../../Engine/Plugins/Runtime/PhysXVehicles/Binaries/Win64/UE4Editor-PhysXVehiclesEditor.dll (API version 3944462).
LogModuleManager: Display: Found up-to-date module file ../../../Engine/Plugins/Runtime/RuntimePhysXCooking/Binaries/Win64/UE4Editor-RuntimePhysXCooking.dll (API version 3944462).
LogModuleManager: Display: Found up-to-date module file ../../../Engine/Plugins/Runtime/Steam/SteamVR/Binaries/Win64/UE4Editor-SteamVR.dll (API version 3944462).
LogModuleManager: Display: Found up-to-date module file ../../../Engine/Plugins/Runtime/Steam/SteamVR/Binaries/Win64/UE4Editor-SteamVRController.dll (API version 3944462).
LogModuleManager: Display: Found up-to-date module file ../../../Engine/Plugins/Runtime/WindowsMoviePlayer/Binaries/Win64/UE4Editor-WindowsMoviePlayer.dll (API version 3944462).
LogPluginManager: Mounting plugin Paper2D
LogPluginManager: Mounting plugin AdvancedSessions
LogPluginManager: Mounting plugin AdvancedSteamSessions
LogPluginManager: Mounting plugin LiveLink
LogPluginManager: Mounting plugin LightPropagationVolume
LogPluginManager: Mounting plugin CLionSourceCodeAccess
LogPluginManager: Mounting plugin CodeLiteSourceCodeAccess
LogPluginManager: Mounting plugin GitSourceControl
LogPluginManager: Mounting plugin KDevelopSourceCodeAccess
LogPluginManager: Mounting plugin NullSourceCodeAccess
LogPluginManager: Mounting plugin PerforceSourceControl
LogPluginManager: Mounting plugin SubversionSourceControl
LogPluginManager: Mounting plugin UObjectPlugin
LogPluginManager: Mounting plugin VisualStudioCodeSourceCodeAccess
LogPluginManager: Mounting plugin VisualStudioSourceCodeAccess
LogPluginManager: Mounting plugin XCodeSourceCodeAccess
LogPluginManager: Mounting plugin AssetManagerEditor
LogPluginManager: Mounting plugin CryptoKeys
LogPluginManager: Mounting plugin DataValidation
LogPluginManager: Mounting plugin FacialAnimation
LogPluginManager: Mounting plugin GameplayTagsEditor
LogPluginManager: Mounting plugin MobileLauncherProfileWizard
LogPluginManager: Mounting plugin PluginBrowser
LogPluginManager: Mounting plugin SpeedTreeImporter
LogPluginManager: Mounting plugin DatasmithContent
LogPluginManager: Mounting plugin AlembicImporter
LogPluginManager: Mounting plugin CharacterAI
LogPluginManager: Mounting plugin HTML5Networking
LogPluginManager: Mounting plugin AndroidMedia
LogPluginManager: Mounting plugin AvfMedia
LogPluginManager: Mounting plugin ImgMedia
LogPluginManager: Mounting plugin LinearTimecode
LogPluginManager: Mounting plugin MediaCompositing
LogPluginManager: Mounting plugin MediaPlayerEditor
LogPluginManager: Mounting plugin WmfMedia
LogPluginManager: Mounting plugin TcpMessaging
LogPluginManager: Mounting plugin UdpMessaging
LogPluginManager: Mounting plugin ActorSequence
LogPluginManager: Mounting plugin LevelSequenceEditor
LogPluginManager: Mounting plugin MatineeToLevelSequence
LogPluginManager: Mounting plugin NetcodeUnitTest
LogPluginManager: Mounting plugin NUTUnrealEngine4
LogPluginManager: Mounting plugin OnlineSubsystemGooglePlay
LogPluginManager: Mounting plugin OnlineSubsystemIOS
LogPluginManager: Mounting plugin OnlineSubsystem
LogPluginManager: Mounting plugin OnlineSubsystemNull
LogPluginManager: Mounting plugin OnlineSubsystemSteam
LogPluginManager: Mounting plugin OnlineSubsystemUtils
LogPluginManager: Mounting plugin AndroidDeviceProfileSelector
LogPluginManager: Mounting plugin AndroidMoviePlayer
LogPluginManager: Mounting plugin AndroidPermission
LogPluginManager: Mounting plugin ApexDestruction
LogPluginManager: Mounting plugin AppleARKit
LogPluginManager: Mounting plugin AppleMoviePlayer
LogPluginManager: Mounting plugin ArchVisCharacter
LogPluginManager: Mounting plugin AudioCapture
LogPluginManager: Mounting plugin CableComponent
LogPluginManager: Mounting plugin CustomMeshComponent
LogPluginManager: Mounting plugin ExampleDeviceProfileSelector
LogPluginManager: Mounting plugin GoogleCloudMessaging
LogPluginManager: Mounting plugin ImmediatePhysics
LogPluginManager: Mounting plugin IOSDeviceProfileSelector
LogPluginManager: Mounting plugin LinuxDeviceProfileSelector
LogPluginManager: Mounting plugin LocationServicesBPLibrary
LogPluginManager: Mounting plugin MobilePatchingUtils
LogPluginManager: Mounting plugin OculusVR
LogPluginManager: Plugin shader directory ../../../Engine/Plugins/Runtime/Oculus/OculusVR/Shaders found
LogPluginManager: Mapping shader source directory ../../../Engine/Plugins/Runtime/Oculus/OculusVR/Shaders to virtual directory /Plugin/OculusVR
LogPluginManager: Mounting plugin PhysXVehicles
LogPluginManager: Mounting plugin ProceduralMeshComponent
LogPluginManager: Mounting plugin RuntimePhysXCooking
LogPluginManager: Mounting plugin SteamVR
LogPluginManager: Mounting plugin WindowsMoviePlayer
LogPluginManager: Mounting plugin VictoryBPLibrary
LogStreaming: Display: Took  0.770s to configure plugins.
LogInit: Using libcurl 7.47.1
LogInit:  - built for x86_64-pc-win32
LogInit:  - supports SSL with OpenSSL/1.0.2g
LogInit:  - supports HTTP deflate (compression) using libz 1.2.8
LogInit:  - other features:
LogInit:      CURL_VERSION_SSL
LogInit:      CURL_VERSION_LIBZ
LogInit:      CURL_VERSION_IPV6
LogInit:      CURL_VERSION_ASYNCHDNS
LogInit:      CURL_VERSION_LARGEFILE
LogInit:      CURL_VERSION_IDN
LogInit:  CurlRequestOptions (configurable via config and command line):
LogInit:  - bVerifyPeer = false  - Libcurl will NOT verify peer certificate
LogInit:  - bUseHttpProxy = false  - Libcurl will NOT use HTTP proxy
LogInit:  - bDontReuseConnections = false  - Libcurl will reuse connections
LogInit:  - CertBundlePath = nullptr  - Libcurl will use whatever was configured at build time.
LogInit:  - MaxHostConnections = 16  - Libcurl will limit the number of connections to a host
LogInit:  - LocalHostAddr = Default
LogOnline: Display: STEAM: Loading Steam SDK 1.39
LogWindows: Failed to load '../../../Engine/Binaries/ThirdParty/Steamworks/Steamv139/Win64/steamclient64.dll' (GetLastError=126)
LogWindows: File '../../../Engine/Binaries/ThirdParty/Steamworks/Steamv139/Win64/steamclient64.dll' does not exist
LogOnline: Warning: STEAM: Steam API disabled!
LogOnline: Display: STEAM: OnlineSubsystemSteam::Shutdown()
LogInit: WinSock: version 1.1 (2.2), MaxSocks=32767, MaxUdp=65467
LogInit: WinSock: I am DESKTOP-LI0N2FC (192.168.29.155:0)
LogInit: Build: ++UE4+Release-4.19-CL-4033788
LogInit: Engine Version: 4.19.2-4033788+++UE4+Release-4.19
LogInit: Compatible Engine Version: 4.19.0-3944462+++UE4+Release-4.19
LogInit: Net CL: 3944462
LogDevObjectVersion: Number of dev versions registered: 18
LogDevObjectVersion:   Dev-Blueprints (B0D832E4-1F89-4F0D-ACCF-7EB736FD4AA2): 10
LogDevObjectVersion:   Dev-Build (E1C64328-A22C-4D53-A36C-8E866417BD8C): 0
LogDevObjectVersion:   Dev-Core (375EC13C-06E4-48FB-B500-84F0262A717E): 2
LogDevObjectVersion:   Dev-Editor (E4B068ED-F494-42E9-A231-DA0B2E46BB41): 23
LogDevObjectVersion:   Dev-Framework (CFFC743F-43B0-4480-9391-14DF171D2073): 33
LogDevObjectVersion:   Dev-Mobile (B02B49B5-BB20-44E9-A304-32B752E40360): 2
LogDevObjectVersion:   Dev-Networking (A4E4105C-59A1-49B5-A7C5-40C4547EDFEE): 0
LogDevObjectVersion:   Dev-Online (39C831C9-5AE6-47DC-9A44-9C173E1C8E7C): 0
LogDevObjectVersion:   Dev-Physics (78F01B33-EBEA-4F98-B9B4-84EACCB95AA2): 0
LogDevObjectVersion:   Dev-Platform (6631380F-2D4D-43E0-8009-CF276956A95A): 0
LogDevObjectVersion:   Dev-Rendering (12F88B9F-8875-4AFC-A67C-D90C383ABD29): 25
LogDevObjectVersion:   Dev-Sequencer (7B5AE74C-D270-4C10-A958-57980B212A5A): 6
LogDevObjectVersion:   Dev-VR (D7296918-1DD6-4BDD-9DE2-64A83CC13884): 1
LogDevObjectVersion:   Dev-LoadTimes (C2A15278-BFE7-4AFE-6C17-90FF531DF755): 1
LogDevObjectVersion:   Private-Geometry (6EACA3D4-40EC-4CC1-B786-8BED09428FC5): 2
LogDevObjectVersion:   Dev-AnimPhys (29E575DD-E0A3-4627-9D10-D276232CDCEA): 16
LogDevObjectVersion:   Dev-ReflectionCapture (6B266CEC-1EC7-4B8F-A30B-E4D90942FC07): 1
LogDevObjectVersion:   Dev-Automation (0DF73D61-A23F-47EA-B727-89E90C41499A): 1
LogInit: Compiled (64-bit): Apr 27 2018 02:06:57
LogInit: Compiled with Visual C++: 19.00.24215.01
LogInit: Build Configuration: Development
LogInit: Branch Name: ++UE4+Release-4.19
LogInit: Command Line:  /Game/Maps/Arena01 -game -PIEVIACONSOLE -ResX=640 -ResY=480  -Multiprocess -messaging -SessionName="Play in Standalone Game" -port=17777 -windowed GameUserSettingsINI="G:/DarkActive/Unreal Projects/DarkCrystal/Saved/Config/Windows/PIEGameUserSettings0.ini" -MultiprocessSaveConfig  -MultiprocessOSS -server -log 
LogInit: Base Directory: G:/Epic Games/UE_4.19/Engine/Binaries/Win64/
LogInit: Installed Engine Build: 1
LogStreaming: Display: Took  0.009s to delete old logs.
LogInit: Presizing for max 8388607 objects, including 0 objects not considered by GC, pre-allocating 0 bytes for permanent pool.
LogInit: Object subsystem initialized
[2018.08.22-03.42.46:375][  0]LogInit: Selected Device Profile: [Windows]
[2018.08.22-03.42.46:375][  0]LogInit: Applying CVar settings loaded from the selected device profile: [Windows]
[2018.08.22-03.42.46:380][  0]LogInit: Computer: DESKTOP-LI0N2FC
[2018.08.22-03.42.46:380][  0]LogInit: User: Kappa
[2018.08.22-03.42.46:380][  0]LogInit: CPU Page size=4096, Cores=4
[2018.08.22-03.42.46:381][  0]LogInit: High frequency timer resolution =4.101571 MHz
[2018.08.22-03.42.46:381][  0]LogMemory: Memory total: Physical=31.9GB (32GB approx)
[2018.08.22-03.42.46:381][  0]LogMemory: Platform Memory Stats for Windows
[2018.08.22-03.42.46:381][  0]LogMemory: Process Physical Memory: 276.54 MB used, 276.54 MB peak
[2018.08.22-03.42.46:382][  0]LogMemory: Process Virtual Memory: 276.41 MB used, 276.41 MB peak
[2018.08.22-03.42.46:382][  0]LogMemory: Physical Memory: 13640.55 MB used,  19052.26 MB free, 32692.81 MB total
[2018.08.22-03.42.46:382][  0]LogMemory: Virtual Memory: 4801.96 MB used,  19052.26 MB free, 134217728.00 MB total
[2018.08.22-03.42.46:394][  0]LogInit: Using OS detected language (en-US).
[2018.08.22-03.42.46:394][  0]LogInit: Using OS detected locale (en-US).
[2018.08.22-03.42.46:394][  0]LogTextLocalizationManager: No localization for 'en-US' exists, so 'en' will be used for the language.
[2018.08.22-03.42.46:394][  0]LogTextLocalizationManager: No localization for 'en-US' exists, so 'en' will be used for the locale.
[2018.08.22-03.42.46:724][  0]LogStreaming: Display: Took  0.330s to EndInitTextLocalization.
[2018.08.22-03.42.46:737][  0]LogShaderCompilers: Guid format shader working directory is -8 characters bigger than the processId version (../../../../../DarkActive/Unreal Projects/DarkCrystal/Intermediate/Shaders/WorkingDirectory/15320/).
[2018.08.22-03.42.46:737][  0]LogShaderCompilers: Cleaned the shader compiler working directory 'C:/Users/Kappa/AppData/Local/Temp/UnrealShaderWorkingDir/BF1BC17443DACDFED8EA73B8FC6B7878/'.
[2018.08.22-03.42.46:912][  0]LogTemp: Display: Loaded TP WindowsClientTargetPlatform
[2018.08.22-03.42.46:926][  0]LogTemp: Display: Loaded TP WindowsNoEditorTargetPlatform
[2018.08.22-03.42.46:938][  0]LogTemp: Display: Loaded TP WindowsServerTargetPlatform
[2018.08.22-03.42.46:948][  0]LogTemp: Display: Loaded TP WindowsTargetPlatform
[2018.08.22-03.42.46:948][  0]LogTargetPlatformManager: Display: Building Assets For Windows
[2018.08.22-03.42.47:020][  0]LogXGEController: Cannot use XGE Controller as Incredibuild is not installed on this machine.
[2018.08.22-03.42.47:020][  0]LogShaderCompilers: Cannot use XGE Shader Compiler as Incredibuild is not installed on this machine.
[2018.08.22-03.42.47:021][  0]LogShaderCompilers: Display: Using Local Shader Compiler.
[2018.08.22-03.42.47:408][  0]LogDerivedDataCache: Display: Max Cache Size: 512 MB
[2018.08.22-03.42.47:468][  0]LogDerivedDataCache: Loaded boot cache 0.06s 74MB C:/Users/Kappa/AppData/Local/UnrealEngine/4.19/DerivedDataCache/Boot.ddc.
[2018.08.22-03.42.47:468][  0]LogDerivedDataCache: Display: Loaded Boot cache: C:/Users/Kappa/AppData/Local/UnrealEngine/4.19/DerivedDataCache/Boot.ddc
[2018.08.22-03.42.47:469][  0]LogDerivedDataCache: FDerivedDataBackendGraph:  Pak pak cache file ../../../../../DarkActive/Unreal Projects/DarkCrystal/DerivedDataCache/DDC.ddp not found, will not use a pak cache.
[2018.08.22-03.42.47:469][  0]LogDerivedDataCache: Unable to find inner node Pak for hierarchical cache Hierarchy.
[2018.08.22-03.42.47:470][  0]LogDerivedDataCache: FDerivedDataBackendGraph:  CompressedPak pak cache file ../../../../../DarkActive/Unreal Projects/DarkCrystal/DerivedDataCache/Compressed.ddp not found, will not use a pak cache.
[2018.08.22-03.42.47:470][  0]LogDerivedDataCache: Unable to find inner node CompressedPak for hierarchical cache Hierarchy.
[2018.08.22-03.42.47:483][  0]LogDerivedDataCache: Display: Pak cache opened for reading ../../../Engine/DerivedDataCache/Compressed.ddp.
[2018.08.22-03.42.47:495][  0]LogDerivedDataCache: Using Local data cache path C:/Users/Kappa/AppData/Local/UnrealEngine/Common/DerivedDataCache: Writable
[2018.08.22-03.42.47:495][  0]LogDerivedDataCache: Shared data cache path not found in *engine.ini, will not use an Shared cache.
[2018.08.22-03.42.47:495][  0]LogDerivedDataCache: Unable to find inner node Shared for hierarchical cache Hierarchy.
[2018.08.22-03.42.47:528][  0]LogAssetRegistry: FAssetRegistry took 0.0046 seconds to start up
[2018.08.22-03.42.47:705][  0]LogPackageLocalizationCache: Processed 9 localized package path(s) for 1 prioritized culture(s) in 0.010477 seconds
[2018.08.22-03.42.47:781][  0]LogInit: Selected Device Profile: [Windows]
[2018.08.22-03.42.47:822][  0]LogSimplygon: Simplygon DLL not present - disabling.
[2018.08.22-03.42.47:824][  0]LogMeshReduction: Using SimplygonSwarm for distributed automatic mesh merging
[2018.08.22-03.42.47:824][  0]LogMeshReduction: Using QuadricMeshReduction for automatic static mesh reduction
[2018.08.22-03.42.47:825][  0]LogMeshReduction: No automatic skeletal mesh reduction module available
[2018.08.22-03.42.47:825][  0]LogMeshReduction: No automatic mesh merging module available
[2018.08.22-03.42.47:825][  0]LogMeshMerging: No automatic mesh merging module available
[2018.08.22-03.42.47:843][  0]LogNetVersion: DarkCrystal , NetCL: 3944462, EngineNetVer: 2, GameNetVer: 0 (Checksum: 1178499891)
[2018.08.22-03.42.48:186][  0]LogTcpMessaging: Initializing TcpMessaging bridge
[2018.08.22-03.42.48:207][  0]LogUdpMessaging: Initializing bridge on interface 0.0.0.0:0 to multicast group 230.0.0.1:6666.
[2018.08.22-03.42.48:303][  0]LogCollectionManager: Loaded 0 collections in 0.000987 seconds
[2018.08.22-03.42.48:339][  0]LogFileCache: Scanning file cache for directory 'G:/DarkActive/Unreal Projects/DarkCrystal/Saved/Collections/' took 0.01s
[2018.08.22-03.42.48:339][  0]LogFileCache: Scanning file cache for directory 'G:/DarkActive/Unreal Projects/DarkCrystal/Content/Developers/Kappa/Collections/' took 0.01s
[2018.08.22-03.42.48:339][  0]LogFileCache: Scanning file cache for directory 'G:/DarkActive/Unreal Projects/DarkCrystal/Content/Collections/' took 0.01s
[2018.08.22-03.42.48:340][  0]LogCollectionManager: Rebuilt the object cache for 0 collections in 0.000000 seconds (found 0 objects)
[2018.08.22-03.42.48:340][  0]LogCollectionManager: Fixed up redirectors for 0 collections in 0.001184 seconds (updated 0 objects)
[2018.08.22-03.42.48:470][  0]SourceControl: Source control is disabled
[2018.08.22-03.42.48:471][  0]SourceControl: Source control is disabled
[2018.08.22-03.42.48:483][  0]SourceControl: Source control is disabled
[2018.08.22-03.42.48:738][  0]LogAndroidPermission: UAndroidPermissionCallbackProxy::GetInstance
[2018.08.22-03.42.48:841][  0]LogOcInput: OculusInput pre-init called
[2018.08.22-03.42.48:871][  0]LogUObjectArray: 41286 objects as part of root set at end of initial load.
[2018.08.22-03.42.48:872][  0]LogUObjectAllocator: 8567592 out of 0 bytes used by permanent object pool.
[2018.08.22-03.42.48:872][  0]LogUObjectArray: CloseDisregardForGC: 0/0 objects in disregard for GC pool
[2018.08.22-03.42.48:902][  0]LogEngine: Initializing Engine...
[2018.08.22-03.42.48:903][  0]LogStats: UGameplayTagsManager::ConstructGameplayTagTree: Construct from data asset -  0.000 s
[2018.08.22-03.42.48:903][  0]LogStats: UGameplayTagsManager::ConstructGameplayTagTree: GameplayTagTreeChangedEvent.Broadcast -  0.000 s
[2018.08.22-03.42.48:925][  0]LogInit: Texture streaming: Disabled
[2018.08.22-03.42.48:966][  0]LogUObjectGlobals: Created PersistentFrame Addr=0x00000216fd2dac00, Size=624, Default__GameInfoInstance_C Function /Game/Blueprints/AllLevels/GameInfoInstance.GameInfoInstance_C:ExecuteUbergraph_GameInfoInstance
[2018.08.22-03.42.48:969][  0]LogUObjectGlobals: Created PersistentFrame Addr=0x000002168ae21508, Size=40, Default__ErrorDialog_C Function /Game/UI/MainMenu/ErrorDialog.ErrorDialog_C:ExecuteUbergraph_ErrorDialog
[2018.08.22-03.42.48:976][  0]LogUObjectGlobals: Created PersistentFrame Addr=0x00000216fc8ffdd0, Size=80, Default__HostMenu_C Function /Game/UI/MainMenu/HostMenu.HostMenu_C:ExecuteUbergraph_HostMenu
[2018.08.22-03.42.48:984][  0]LogUObjectGlobals: Created PersistentFrame Addr=0x000002168ae215a8, Size=40, Default__MainMenu_C Function /Game/UI/MainMenu/MainMenu.MainMenu_C:ExecuteUbergraph_MainMenu
[2018.08.22-03.42.48:989][  0]LogUObjectGlobals: Created PersistentFrame Addr=0x00000216fc8cebe0, Size=104, Default__OptionsMenu_C Function /Game/UI/MainMenu/OptionsMenu.OptionsMenu_C:ExecuteUbergraph_OptionsMenu
[2018.08.22-03.42.49:006][  0]LogUObjectGlobals: Created PersistentFrame Addr=0x00000216fc8b2200, Size=600, Default__ServerMenu_C Function /Game/UI/MainMenu/ServerMenu.ServerMenu_C:ExecuteUbergraph_ServerMenu
[2018.08.22-03.42.49:061][  0]LogUObjectGlobals: Destroyed PersistentFrame Addr=0x00000216fd2dac00, Size=624
[2018.08.22-03.42.49:061][  0]LogUObjectGlobals: Created PersistentFrame Addr=0x000002168caa9a80, Size=624, Default__GameInfoInstance_C Function /Engine/Transient.REINST_GameInfoInstance_C_2:ExecuteUbergraph_GameInfoInstance
[2018.08.22-03.42.49:063][  0]LogUObjectGlobals: Destroyed PersistentFrame Addr=0x000002168ae21508, Size=40
[2018.08.22-03.42.49:063][  0]LogUObjectGlobals: Created PersistentFrame Addr=0x000002168ce816c0, Size=40, Default__ErrorDialog_C Function /Engine/Transient.REINST_ErrorDialog_C_0:ExecuteUbergraph_ErrorDialog
[2018.08.22-03.42.49:064][  0]LogUObjectGlobals: Destroyed PersistentFrame Addr=0x00000216fc8ffdd0, Size=80
[2018.08.22-03.42.49:064][  0]LogUObjectGlobals: Created PersistentFrame Addr=0x00000216853e6ac0, Size=80, Default__HostMenu_C Function /Engine/Transient.REINST_HostMenu_C_1:ExecuteUbergraph_HostMenu
[2018.08.22-03.42.49:065][  0]LogUObjectGlobals: Destroyed PersistentFrame Addr=0x000002168ae215a8, Size=40
[2018.08.22-03.42.49:065][  0]LogUObjectGlobals: Created PersistentFrame Addr=0x000002168ce815d0, Size=40, Default__MainMenu_C Function /Engine/Transient.REINST_MainMenu_C_3:ExecuteUbergraph_MainMenu
[2018.08.22-03.42.49:066][  0]LogUObjectGlobals: Destroyed PersistentFrame Addr=0x00000216fc8cebe0, Size=104
[2018.08.22-03.42.49:066][  0]LogUObjectGlobals: Created PersistentFrame Addr=0x00000216853f2da0, Size=104, Default__OptionsMenu_C Function /Engine/Transient.REINST_OptionsMenu_C_4:ExecuteUbergraph_OptionsMenu
[2018.08.22-03.42.49:068][  0]LogUObjectGlobals: Destroyed PersistentFrame Addr=0x00000216fc8b2200, Size=600
[2018.08.22-03.42.49:068][  0]LogUObjectGlobals: Created PersistentFrame Addr=0x000002168caa9080, Size=600, Default__ServerMenu_C Function /Engine/Transient.REINST_ServerMenu_C_5:ExecuteUbergraph_ServerMenu
[2018.08.22-03.42.49:099][  0]LogUObjectGlobals: Created PersistentFrame Addr=0x000002168518e980, Size=624, Default__GameInfoInstance_C Function /Game/Blueprints/AllLevels/GameInfoInstance.GameInfoInstance_C:ExecuteUbergraph_GameInfoInstance
[2018.08.22-03.42.49:101][  0]LogUObjectGlobals: Created PersistentFrame Addr=0x000002168ce81d50, Size=40, Default__ErrorDialog_C Function /Game/UI/MainMenu/ErrorDialog.ErrorDialog_C:ExecuteUbergraph_ErrorDialog
[2018.08.22-03.42.49:103][  0]LogUObjectGlobals: Created PersistentFrame Addr=0x000002168611bdd0, Size=80, Default__HostMenu_C Function /Game/UI/MainMenu/HostMenu.HostMenu_C:ExecuteUbergraph_HostMenu
[2018.08.22-03.42.49:104][  0]LogUObjectGlobals: Created PersistentFrame Addr=0x000002168ce82728, Size=40, Default__MainMenu_C Function /Game/UI/MainMenu/MainMenu.MainMenu_C:ExecuteUbergraph_MainMenu
[2018.08.22-03.42.49:106][  0]LogUObjectGlobals: Created PersistentFrame Addr=0x00000216860df970, Size=104, Default__OptionsMenu_C Function /Game/UI/MainMenu/OptionsMenu.OptionsMenu_C:ExecuteUbergraph_OptionsMenu
[2018.08.22-03.42.49:109][  0]LogUObjectGlobals: Created PersistentFrame Addr=0x00000216860e7380, Size=592, Default__ServerMenu_C Function /Game/UI/MainMenu/ServerMenu.ServerMenu_C:ExecuteUbergraph_ServerMenu
[2018.08.22-03.42.49:128][  0]LogInit: Display: Game Engine Initialized.
[2018.08.22-03.42.49:128][  0]LogGameplayTags: Display: UGameplayTagsManager::DoneAddingNativeTags. DelegateIsBound: 0
[2018.08.22-03.42.49:129][  0]LogStats: UGameplayTagsManager::ConstructGameplayTagTree: Construct from data asset -  0.000 s
[2018.08.22-03.42.49:129][  0]LogStats: UGameplayTagsManager::ConstructGameplayTagTree: GameplayTagTreeChangedEvent.Broadcast -  0.000 s
[2018.08.22-03.42.49:188][  0]LogInit: Display: Starting Game.
[2018.08.22-03.42.49:188][  0]LogNet: Browse: /Game/Maps/Arena01?Name=Player
[2018.08.22-03.42.49:189][  0]LogLoad: LoadMap: /Game/Maps/Arena01?Name=Player
[2018.08.22-03.42.49:204][  0]LogUObjectGlobals: Destroyed PersistentFrame Addr=0x000002168caa9a80, Size=624
[2018.08.22-03.42.49:204][  0]LogUObjectGlobals: Destroyed PersistentFrame Addr=0x000002168ce816c0, Size=40
[2018.08.22-03.42.49:204][  0]LogUObjectGlobals: Destroyed PersistentFrame Addr=0x00000216853e6ac0, Size=80
[2018.08.22-03.42.49:205][  0]LogUObjectGlobals: Destroyed PersistentFrame Addr=0x000002168ce815d0, Size=40
[2018.08.22-03.42.49:206][  0]LogUObjectGlobals: Destroyed PersistentFrame Addr=0x00000216853f2da0, Size=104
[2018.08.22-03.42.49:206][  0]LogUObjectGlobals: Destroyed PersistentFrame Addr=0x000002168caa9080, Size=600
[2018.08.22-03.42.49:238][  0]LogUObjectGlobals: Created PersistentFrame Addr=0x000002168515ea00, Size=256, Default__GameplayGM_C Function /Game/Blueprints/Gameplay/GameplayGM.GameplayGM_C:ExecuteUbergraph_GameplayGM
[2018.08.22-03.42.49:246][  0]LogLinker: Can't find file '/Game/Blueprints/Characters/Female/Kachujin/Animations/Montages/AM_Roll'
[2018.08.22-03.42.49:246][  0]LogLinker: Can't find file '/Game/Blueprints/Characters/Female/Kachujin/Animations/Montages/AM_Roll'
[2018.08.22-03.42.49:247][  0]LogUObjectGlobals: Created PersistentFrame Addr=0x000002168caa8e00, Size=544, Default__BP_BaseCharacter_C Function /Game/Characters/BP_BaseCharacter.BP_BaseCharacter_C:ExecuteUbergraph_BP_BaseCharacter
[2018.08.22-03.42.49:263][  0]LogUObjectGlobals: Created PersistentFrame Addr=0x0000021685290680, Size=32, Default__ABP_WoodenBow_C Function /Game/Blueprints/Items/Weapons/WoodenBow/ABP_WoodenBow.ABP_WoodenBow_C:ExecuteUbergraph_ABP_WoodenBow
[2018.08.22-03.42.49:269][  0]LogUObjectGlobals: Created PersistentFrame Addr=0x00000216860cc590, Size=72, Default__BPC_MontageManager_C Function /Game/Blueprints/Components/BPC_MontageManager.BPC_MontageManager_C:ExecuteUbergraph_BPC_MontageManager
[2018.08.22-03.42.49:286][  0]LogUObjectGlobals: Created PersistentFrame Addr=0x0000021685919600, Size=2544, Default__GameplayPC_C Function /Game/Blueprints/Gameplay/GameplayPC.GameplayPC_C:ExecuteUbergraph_GameplayPC
[2018.08.22-03.42.49:289][  0]LogUObjectGlobals: Created PersistentFrame Addr=0x00000216852a8220, Size=96, Default__GameplayPS_C Function /Game/Blueprints/Gameplay/GameplayPS.GameplayPS_C:ExecuteUbergraph_GameplayPS
[2018.08.22-03.42.49:310][  0]LogUObjectGlobals: Created PersistentFrame Addr=0x0000021688cf2700, Size=320, Default__ChatWindow_C Function /Game/UI/AllLevels/ChatWindow.ChatWindow_C:ExecuteUbergraph_ChatWindow
[2018.08.22-03.42.49:313][  0]LogUObjectGlobals: Created PersistentFrame Addr=0x000002168caf4480, Size=888, Default__LobbyPC_C Function /Game/Blueprints/Lobby/LobbyPC.LobbyPC_C:ExecuteUbergraph_LobbyPC
[2018.08.22-03.42.49:315][  0]LogUObjectGlobals: Created PersistentFrame Addr=0x0000021688cc9000, Size=752, Default__LobbyGM_C Function /Game/Blueprints/Lobby/LobbyGM.LobbyGM_C:ExecuteUbergraph_LobbyGM
[2018.08.22-03.42.49:320][  0]LogUObjectGlobals: Created PersistentFrame Addr=0x0000021688cd0400, Size=544, Default__BP_MaleCharacter_C Function /Game/Characters/BP_BaseCharacter.BP_BaseCharacter_C:ExecuteUbergraph_BP_BaseCharacter
[2018.08.22-03.42.49:330][  0]LogUObjectGlobals: Created PersistentFrame Addr=0x0000021688917600, Size=544, Default__BP_MaleCharacter_C Function /Game/Characters/BP_BaseCharacter.BP_BaseCharacter_C:ExecuteUbergraph_BP_BaseCharacter
[2018.08.22-03.42.49:343][  0]LogUObjectGlobals: Created PersistentFrame Addr=0x00000216fc8cf200, Size=112, Default__ABP_BerserkerDefault_C Function /Game/Characters/Berserker_S1/Blueprints/ABP_BerserkerDefault.ABP_BerserkerDefault_C:ExecuteUbergraph_ABP_BerserkerDefault
[2018.08.22-03.42.49:367][  0]LogUObjectGlobals: Created PersistentFrame Addr=0x000002168950a980, Size=544, Default__BP_FemaleCharacter_C Function /Game/Characters/BP_BaseCharacter.BP_BaseCharacter_C:ExecuteUbergraph_BP_BaseCharacter
[2018.08.22-03.42.49:370][  0]LogUObjectGlobals: Created PersistentFrame Addr=0x0000021688905b80, Size=128, Default__ABP_Kachujin_C Function /Game/Characters/Kachujin/ABP_Kachujin.ABP_Kachujin_C:ExecuteUbergraph_ABP_Kachujin
[2018.08.22-03.42.49:409][  0]LogUObjectGlobals: Created PersistentFrame Addr=0x00000216897e1a80, Size=544, Default__Tusk_C Function /Game/Characters/BP_BaseCharacter.BP_BaseCharacter_C:ExecuteUbergraph_BP_BaseCharacter
[2018.08.22-03.42.49:412][  0]LogUObjectGlobals: Created PersistentFrame Addr=0x00000216898cdf40, Size=64, Default__0_BaseAnimBP_C Function /Game/InfinityBladeWarriors/Animations/0_BaseAnimBP.0_BaseAnimBP_C:ExecuteUbergraph_0_BaseAnimBP
[2018.08.22-03.42.49:432][  0]LogUObjectGlobals: Created PersistentFrame Addr=0x0000021689908680, Size=320, Default__LobbyMenu_C Function /Game/UI/Lobby/LobbyMenu.LobbyMenu_C:ExecuteUbergraph_LobbyMenu
[2018.08.22-03.42.49:436][  0]LogUObjectGlobals: Created PersistentFrame Addr=0x0000021689d09210, Size=80, Default__CharacterSelect_C Function /Game/UI/Lobby/CharacterSelect.CharacterSelect_C:ExecuteUbergraph_CharacterSelect
[2018.08.22-03.42.49:447][  0]LogUObjectGlobals: Created PersistentFrame Addr=0x0000021689881540, Size=192, Default__GameSettings_C Function /Game/UI/Lobby/GameSettings.GameSettings_C:ExecuteUbergraph_GameSettings
[2018.08.22-03.42.49:448][  0]LogUObjectGlobals: Created PersistentFrame Addr=0x00000216898c61c0, Size=32, Default__PlayerButton_C Function /Game/UI/Lobby/PlayerButton.PlayerButton_C:ExecuteUbergraph_PlayerButton
[2018.08.22-03.42.49:477][  0]LogUObjectGlobals: Created PersistentFrame Addr=0x000002168c6899d8, Size=4, Default__ConnectedPlayer_C Function /Game/UI/Lobby/ConnectedPlayer.ConnectedPlayer_C:ExecuteUbergraph_ConnectedPlayer
[2018.08.22-03.42.49:590][  0]LogUObjectGlobals: Destroyed PersistentFrame Addr=0x00000216898cdf40, Size=64
[2018.08.22-03.42.49:590][  0]LogUObjectGlobals: Created PersistentFrame Addr=0x000002168e186680, Size=64, Default__0_BaseAnimBP_C Function /Engine/Transient.REINST_0_BaseAnimBP_C_0:ExecuteUbergraph_0_BaseAnimBP
[2018.08.22-03.42.49:594][  0]LogUObjectGlobals: Destroyed PersistentFrame Addr=0x00000216fc8cf200, Size=112
[2018.08.22-03.42.49:594][  0]LogUObjectGlobals: Created PersistentFrame Addr=0x000002168ed99830, Size=112, Default__ABP_BerserkerDefault_C Function /Engine/Transient.REINST_ABP_BerserkerDefault_C_1:ExecuteUbergraph_ABP_BerserkerDefault
[2018.08.22-03.42.49:595][  0]LogUObjectGlobals: Destroyed PersistentFrame Addr=0x0000021688905b80, Size=128
[2018.08.22-03.42.49:595][  0]LogUObjectGlobals: Created PersistentFrame Addr=0x000002168e1cc600, Size=128, Default__ABP_Kachujin_C Function /Engine/Transient.REINST_ABP_Kachujin_C_2:ExecuteUbergraph_ABP_Kachujin
[2018.08.22-03.42.49:595][  0]LogUObjectGlobals: Destroyed PersistentFrame Addr=0x0000021685290680, Size=32
[2018.08.22-03.42.49:595][  0]LogUObjectGlobals: Created PersistentFrame Addr=0x000002168ed58a60, Size=32, Default__ABP_WoodenBow_C Function /Engine/Transient.REINST_ABP_WoodenBow_C_3:ExecuteUbergraph_ABP_WoodenBow
[2018.08.22-03.42.49:596][  0]LogUObjectGlobals: Destroyed PersistentFrame Addr=0x00000216860cc590, Size=72
[2018.08.22-03.42.49:596][  0]LogUObjectGlobals: Created PersistentFrame Addr=0x000002168ecf7100, Size=72, Default__BPC_MontageManager_C Function /Engine/Transient.REINST_BPC_MontageManager_C_19:ExecuteUbergraph_BPC_MontageManager
[2018.08.22-03.42.49:598][  0]LogUObjectGlobals: Destroyed PersistentFrame Addr=0x000002168caa8e00, Size=544
[2018.08.22-03.42.49:598][  0]LogUObjectGlobals: Created PersistentFrame Addr=0x000002168e108e00, Size=544, Default__BP_BaseCharacter_C Function /Engine/Transient.REINST_BP_BaseCharacter_C_23:ExecuteUbergraph_BP_BaseCharacter
[2018.08.22-03.42.49:599][  0]LogUObjectGlobals: Destroyed PersistentFrame Addr=0x0000021689d09210, Size=80
[2018.08.22-03.42.49:599][  0]LogUObjectGlobals: Created PersistentFrame Addr=0x000002168ecf4180, Size=80, Default__CharacterSelect_C Function /Engine/Transient.REINST_CharacterSelect_C_6:ExecuteUbergraph_CharacterSelect
[2018.08.22-03.42.49:600][  0]LogUObjectGlobals: Destroyed PersistentFrame Addr=0x0000021688cf2700, Size=320
[2018.08.22-03.42.49:602][  0]LogUObjectGlobals: Created PersistentFrame Addr=0x000002168ecd3c40, Size=320, Default__ChatWindow_C Function /Engine/Transient.REINST_ChatWindow_C_8:ExecuteUbergraph_ChatWindow
[2018.08.22-03.42.49:602][  0]LogUObjectGlobals: Destroyed PersistentFrame Addr=0x000002168c6899d8, Size=4
[2018.08.22-03.42.49:602][  0]LogUObjectGlobals: Created PersistentFrame Addr=0x000002168d99cf78, Size=4, Default__ConnectedPlayer_C Function /Engine/Transient.REINST_ConnectedPlayer_C_9:ExecuteUbergraph_ConnectedPlayer
[2018.08.22-03.42.49:604][  0]LogUObjectGlobals: Destroyed PersistentFrame Addr=0x0000021685919600, Size=2544
[2018.08.22-03.42.49:605][  0]LogUObjectGlobals: Created PersistentFrame Addr=0x00000216860fa080, Size=2544, Default__GameplayPC_C Function /Engine/Transient.REINST_GameplayPC_C_26:ExecuteUbergraph_GameplayPC
[2018.08.22-03.42.49:605][  0]LogUObjectGlobals: Destroyed PersistentFrame Addr=0x00000216852a8220, Size=96
[2018.08.22-03.42.49:605][  0]LogUObjectGlobals: Created PersistentFrame Addr=0x000002168e174be0, Size=96, Default__GameplayPS_C Function /Engine/Transient.REINST_GameplayPS_C_27:ExecuteUbergraph_GameplayPS
[2018.08.22-03.42.49:606][  0]LogUObjectGlobals: Destroyed PersistentFrame Addr=0x0000021689881540, Size=192
[2018.08.22-03.42.49:606][  0]LogUObjectGlobals: Created PersistentFrame Addr=0x000002168e1990c0, Size=192, Default__GameSettings_C Function /Engine/Transient.REINST_GameSettings_C_11:ExecuteUbergraph_GameSettings
[2018.08.22-03.42.49:606][  0]LogUObjectGlobals: Destroyed PersistentFrame Addr=0x0000021689908680, Size=320
[2018.08.22-03.42.49:606][  0]LogUObjectGlobals: Created PersistentFrame Addr=0x000002168ecd3240, Size=320, Default__LobbyMenu_C Function /Engine/Transient.REINST_LobbyMenu_C_12:ExecuteUbergraph_LobbyMenu
[2018.08.22-03.42.49:607][  0]LogUObjectGlobals: Destroyed PersistentFrame Addr=0x000002168caf4480, Size=888
[2018.08.22-03.42.49:607][  0]LogUObjectGlobals: Created PersistentFrame Addr=0x000002168ec74b80, Size=888, Default__LobbyPC_C Function /Engine/Transient.REINST_LobbyPC_C_28:ExecuteUbergraph_LobbyPC
[2018.08.22-03.42.49:608][  0]LogUObjectGlobals: Destroyed PersistentFrame Addr=0x00000216898c61c0, Size=32
[2018.08.22-03.42.49:608][  0]LogUObjectGlobals: Created PersistentFrame Addr=0x000002168ed583a0, Size=32, Default__PlayerButton_C Function /Engine/Transient.REINST_PlayerButton_C_13:ExecuteUbergraph_PlayerButton
[2018.08.22-03.42.49:608][  0]LogUObjectGlobals: Destroyed PersistentFrame Addr=0x000002168950a980, Size=544
[2018.08.22-03.42.49:608][  0]LogUObjectGlobals: Created PersistentFrame Addr=0x000002168e10a700, Size=544, Default__BP_FemaleCharacter_C Function /Engine/Transient.REINST_BP_BaseCharacter_C_23:ExecuteUbergraph_BP_BaseCharacter
[2018.08.22-03.42.49:609][  0]LogUObjectGlobals: Destroyed PersistentFrame Addr=0x0000021688917600, Size=544
[2018.08.22-03.42.49:609][  0]LogUObjectGlobals: Created PersistentFrame Addr=0x000002168e108680, Size=544, Default__BP_MaleCharacter_C Function /Engine/Transient.REINST_BP_BaseCharacter_C_23:ExecuteUbergraph_BP_BaseCharacter
[2018.08.22-03.42.49:610][  0]LogUObjectGlobals: Destroyed PersistentFrame Addr=0x000002168515ea00, Size=256
[2018.08.22-03.42.49:610][  0]LogUObjectGlobals: Created PersistentFrame Addr=0x00000216860c4b00, Size=256, Default__GameplayGM_C Function /Engine/Transient.REINST_GameplayGM_C_32:ExecuteUbergraph_GameplayGM
[2018.08.22-03.42.49:610][  0]LogUObjectGlobals: Destroyed PersistentFrame Addr=0x0000021688cc9000, Size=752
[2018.08.22-03.42.49:610][  0]LogUObjectGlobals: Created PersistentFrame Addr=0x000002168ec52e00, Size=752, Default__LobbyGM_C Function /Engine/Transient.REINST_LobbyGM_C_33:ExecuteUbergraph_LobbyGM
[2018.08.22-03.42.49:613][  0]LogUObjectGlobals: Destroyed PersistentFrame Addr=0x00000216897e1a80, Size=544
[2018.08.22-03.42.49:613][  0]LogUObjectGlobals: Created PersistentFrame Addr=0x000002168e108400, Size=544, Default__Tusk_C Function /Engine/Transient.REINST_BP_BaseCharacter_C_23:ExecuteUbergraph_BP_BaseCharacter
[2018.08.22-03.42.49:767][  0]LogUObjectGlobals: Created PersistentFrame Addr=0x000002168f1be200, Size=72, Default__0_BaseAnimBP_C Function /Game/InfinityBladeWarriors/Animations/0_BaseAnimBP.0_BaseAnimBP_C:ExecuteUbergraph_0_BaseAnimBP
[2018.08.22-03.42.49:768][  0]LogUObjectGlobals: Created PersistentFrame Addr=0x000002168f15d280, Size=112, Default__ABP_BerserkerDefault_C Function /Game/Characters/Berserker_S1/Blueprints/ABP_BerserkerDefault.ABP_BerserkerDefault_C:ExecuteUbergraph_ABP_BerserkerDefault
[2018.08.22-03.42.49:770][  0]LogUObjectGlobals: Created PersistentFrame Addr=0x0000021689897580, Size=128, Default__ABP_Kachujin_C Function /Game/Characters/Kachujin/ABP_Kachujin.ABP_Kachujin_C:ExecuteUbergraph_ABP_Kachujin
[2018.08.22-03.42.49:771][  0]LogUObjectGlobals: Created PersistentFrame Addr=0x000002168f14a480, Size=32, Default__ABP_WoodenBow_C Function /Game/Blueprints/Items/Weapons/WoodenBow/ABP_WoodenBow.ABP_WoodenBow_C:ExecuteUbergraph_ABP_WoodenBow
[2018.08.22-03.42.49:776][  0]LogUObjectGlobals: Created PersistentFrame Addr=0x000002168f0ce0c0, Size=72, Default__BPC_MontageManager_C Function /Game/Blueprints/Components/BPC_MontageManager.BPC_MontageManager_C:ExecuteUbergraph_BPC_MontageManager
[2018.08.22-03.42.49:783][  0]LogUObjectGlobals: Created PersistentFrame Addr=0x000002168f03ae80, Size=544, Default__BP_BaseCharacter_C Function /Game/Characters/BP_BaseCharacter.BP_BaseCharacter_C:ExecuteUbergraph_BP_BaseCharacter
[2018.08.22-03.42.49:785][  0]LogUObjectGlobals: Created PersistentFrame Addr=0x000002168f020d60, Size=80, Default__CharacterSelect_C Function /Game/UI/Lobby/CharacterSelect.CharacterSelect_C:ExecuteUbergraph_CharacterSelect
[2018.08.22-03.42.49:787][  0]LogUObjectGlobals: Created PersistentFrame Addr=0x000002168f1b5800, Size=320, Default__ChatWindow_C Function /Game/UI/AllLevels/ChatWindow.ChatWindow_C:ExecuteUbergraph_ChatWindow
[2018.08.22-03.42.49:788][  0]LogUObjectGlobals: Created PersistentFrame Addr=0x000002168c1258f8, Size=4, Default__ConnectedPlayer_C Function /Game/UI/Lobby/ConnectedPlayer.ConnectedPlayer_C:ExecuteUbergraph_ConnectedPlayer
[2018.08.22-03.42.49:798][  0]LogUObjectGlobals: Created PersistentFrame Addr=0x000002168efceb00, Size=2544, Default__GameplayPC_C Function /Game/Blueprints/Gameplay/GameplayPC.GameplayPC_C:ExecuteUbergraph_GameplayPC
[2018.08.22-03.42.49:801][  0]LogUObjectGlobals: Created PersistentFrame Addr=0x000002168ef17280, Size=96, Default__GameplayPS_C Function /Game/Blueprints/Gameplay/GameplayPS.GameplayPS_C:ExecuteUbergraph_GameplayPS
[2018.08.22-03.42.49:804][  0]LogUObjectGlobals: Created PersistentFrame Addr=0x000002168feb6080, Size=192, Default__GameSettings_C Function /Game/UI/Lobby/GameSettings.GameSettings_C:ExecuteUbergraph_GameSettings
[2018.08.22-03.42.49:807][  0]LogUObjectGlobals: Created PersistentFrame Addr=0x000002168f1b4f40, Size=320, Default__LobbyMenu_C Function /Game/UI/Lobby/LobbyMenu.LobbyMenu_C:ExecuteUbergraph_LobbyMenu
[2018.08.22-03.42.49:810][  0]LogUObjectGlobals: Created PersistentFrame Addr=0x000002168fe55600, Size=880, Default__LobbyPC_C Function /Game/Blueprints/Lobby/LobbyPC.LobbyPC_C:ExecuteUbergraph_LobbyPC
[2018.08.22-03.42.49:811][  0]LogUObjectGlobals: Created PersistentFrame Addr=0x000002168fe641c0, Size=32, Default__PlayerButton_C Function /Game/UI/Lobby/PlayerButton.PlayerButton_C:ExecuteUbergraph_PlayerButton
[2018.08.22-03.42.49:812][  0]LogUObjectGlobals: Created PersistentFrame Addr=0x000002168fe0ac00, Size=544, Default__BP_FemaleCharacter_C Function /Game/Characters/BP_BaseCharacter.BP_BaseCharacter_C:ExecuteUbergraph_BP_BaseCharacter
[2018.08.22-03.42.49:812][  0]LogUObjectGlobals: Created PersistentFrame Addr=0x000002168fe0a700, Size=544, Default__BP_MaleCharacter_C Function /Game/Characters/BP_BaseCharacter.BP_BaseCharacter_C:ExecuteUbergraph_BP_BaseCharacter
[2018.08.22-03.42.49:814][  0]LogUObjectGlobals: Created PersistentFrame Addr=0x000002168fdbb700, Size=256, Default__GameplayGM_C Function /Game/Blueprints/Gameplay/GameplayGM.GameplayGM_C:ExecuteUbergraph_GameplayGM
[2018.08.22-03.42.49:818][  0]LogUObjectGlobals: Created PersistentFrame Addr=0x000002168fdd2780, Size=784, Default__LobbyGM_C Function /Game/Blueprints/Lobby/LobbyGM.LobbyGM_C:ExecuteUbergraph_LobbyGM
[2018.08.22-03.42.49:819][  0]LogUObjectGlobals: Created PersistentFrame Addr=0x000002168fe08400, Size=544, Default__Tusk_C Function /Game/Characters/BP_BaseCharacter.BP_BaseCharacter_C:ExecuteUbergraph_BP_BaseCharacter
[2018.08.22-03.42.50:254][  0]LogSkeletalMesh: Skeletal Mesh found in DDC [0.231131ms] /Game/Blueprints/Items/Weapons/WoodenBow/SK_WoodenBow.SK_WoodenBow
[2018.08.22-03.42.50:276][  0]LogSkeletalMesh: Skeletal Mesh found in DDC [1.118596ms] /Game/Characters/Kachujin/SK_Kachujin.SK_Kachujin
[2018.08.22-03.42.50:281][  0]LogSkeletalMesh: Skeletal Mesh found in DDC [3.132946ms] /Game/Characters/Berserker_S1/Meshes/Combines/SK_Berserker.SK_Berserker
[2018.08.22-03.42.50:303][  0]LogSkeletalMesh: Skeletal Mesh found in DDC [0.492494ms] /Game/InfinityBladeWarriors/Character/CompleteCharacters/SK_CharM_Tusk.SK_CharM_Tusk
[2018.08.22-03.42.50:313][  0]LogSkeletalMesh: Skeletal Mesh found in DDC [0.170666ms] /Game/Blueprints/Items/Weapons/RelicSword/SK_RelicSword.SK_RelicSword
[2018.08.22-03.42.50:406][  0]LogAIModule: Creating AISystem for world Arena01
[2018.08.22-03.42.50:406][  0]LogLoad: Game class is 'GameplayGM_C'
[2018.08.22-03.42.50:407][  0]LogOnline: Warning: STEAM: Steam API disabled!
[2018.08.22-03.42.50:408][  0]LogOnline: Display: STEAM: OnlineSubsystemSteam::Shutdown()
[2018.08.22-03.42.50:408][  0]LogTemp: Display: ParseSettings for GameNetDriver
[2018.08.22-03.42.50:408][  0]LogTemp: Display: ParseSettings for IpNetDriver_0
[2018.08.22-03.42.50:408][  0]LogTemp: Display: ParseSettings for GameNetDriver
[2018.08.22-03.42.50:408][  0]LogInit: WinSock: Socket queue 131072 / 131072
[2018.08.22-03.42.50:409][  0]PacketHandlerLog: Loaded PacketHandler component: Engine.EngineHandlerComponentFactory (StatelessConnectHandlerComponent)
[2018.08.22-03.42.50:409][  0]LogNet: GameNetDriver IpNetDriver_0 IpNetDriver listening on port 17777
[2018.08.22-03.42.50:411][  0]LogWorld: Bringing World /Game/Maps/Arena01.Arena01 up for play (max tick rate 30) at 2018.08.21-20.42.50
[2018.08.22-03.42.50:412][  0]LogOnline: Warning: OSS: AutoLogin missing AUTH_LOGIN=<login id>.
[2018.08.22-03.42.50:412][  0]LogWorld: Bringing up level for play took: 0.002237
[2018.08.22-03.42.50:412][  0]LogGameMode: Display: Match State Changed from EnteringMap to WaitingToStart
[2018.08.22-03.42.50:412][  0]LogGameState: Match State Changed from EnteringMap to WaitingToStart
[2018.08.22-03.42.50:413][  0]LogLoad: Took 1.224580 seconds to LoadMap(/Game/Maps/Arena01)
[2018.08.22-03.42.50:427][  0]LogLoad: (Engine Initialization) Total time: 5.86 seconds
[2018.08.22-03.42.50:427][  0]LogLoad: (Engine Initialization) Total Blueprint compile time: 0.00 seconds
[2018.08.22-03.42.50:501][  1]LogNet: NotifyAcceptingConnection accepted from: 127.0.0.1:54292
[2018.08.22-03.42.50:501][  1]LogHandshake: SendConnectChallenge. Timestamp: 0.066770, Cookie: 075015039036109056120211053107070151199252106075071255086162
[2018.08.22-03.42.50:501][  1]LogNet: NotifyAcceptingConnection accepted from: 127.0.0.1:54293
[2018.08.22-03.42.50:502][  1]LogHandshake: SendConnectChallenge. Timestamp: 0.066770, Cookie: 177052183040005075202161053188179055019162206212197066250043
[2018.08.22-03.42.50:601][  4]LogNet: NotifyAcceptingConnection accepted from: 127.0.0.1:54293
[2018.08.22-03.42.50:601][  4]LogHandshake: SendChallengeAck. InCookie: 177052183040005075202161053188179055019162206212197066250043
[2018.08.22-03.42.50:602][  4]LogNet: Server accepting post-challenge connection from: 127.0.0.1:54293
[2018.08.22-03.42.50:602][  4]PacketHandlerLog: Loaded PacketHandler component: Engine.EngineHandlerComponentFactory (StatelessConnectHandlerComponent)
[2018.08.22-03.42.50:602][  4]LogNet: NotifyAcceptedConnection: Name: Arena01, TimeStamp: 08/21/18 20:42:50, [UNetConnection] RemoteAddr: 127.0.0.1:54293, Name: IpConnection_0, Driver: GameNetDriver IpNetDriver_0, IsServer: YES, PC: NULL, Owner: NULL, UniqueId: INVALID
[2018.08.22-03.42.50:602][  4]LogNet: AddClientConnection: Added client connection: [UNetConnection] RemoteAddr: 127.0.0.1:54293, Name: IpConnection_0, Driver: GameNetDriver IpNetDriver_0, IsServer: YES, PC: NULL, Owner: NULL, UniqueId: INVALID
[2018.08.22-03.42.50:602][  4]LogNet: NotifyAcceptingConnection accepted from: 127.0.0.1:54292
[2018.08.22-03.42.50:603][  4]LogHandshake: SendChallengeAck. InCookie: 075015039036109056120211053107070151199252106075071255086162
[2018.08.22-03.42.50:603][  4]LogNet: Server accepting post-challenge connection from: 127.0.0.1:54292
[2018.08.22-03.42.50:603][  4]PacketHandlerLog: Loaded PacketHandler component: Engine.EngineHandlerComponentFactory (StatelessConnectHandlerComponent)
[2018.08.22-03.42.50:604][  4]LogNet: NotifyAcceptedConnection: Name: Arena01, TimeStamp: 08/21/18 20:42:50, [UNetConnection] RemoteAddr: 127.0.0.1:54292, Name: IpConnection_1, Driver: GameNetDriver IpNetDriver_0, IsServer: YES, PC: NULL, Owner: NULL, UniqueId: INVALID
[2018.08.22-03.42.50:604][  4]LogNet: AddClientConnection: Added client connection: [UNetConnection] RemoteAddr: 127.0.0.1:54292, Name: IpConnection_1, Driver: GameNetDriver IpNetDriver_0, IsServer: YES, PC: NULL, Owner: NULL, UniqueId: INVALID
[2018.08.22-03.42.50:604][  4]LogNet: NotifyAcceptingChannel Control 0 server World /Game/Maps/Arena01.Arena01: Accepted
[2018.08.22-03.42.50:604][  4]LogNet: Remote platform little endian=1
[2018.08.22-03.42.50:604][  4]LogNet: This platform little endian=1
[2018.08.22-03.42.50:605][  4]LogNetVersion: DarkCrystal 1.0.0.0, NetCL: 3944462, EngineNetVer: 2, GameNetVer: 0 (Checksum: 162565633)
[2018.08.22-03.42.50:634][  5]LogNet: Login request: /Game/Maps/MainMenu?Name=DESKTOP-LI0N2FC-6CEEAA90479696BB001CCEB326779AFB userId: DESKTOP-LI0N2FC-6CEEAA90479696BB001CCEB326779AFB
[2018.08.22-03.42.50:634][  5]LogNet: NotifyAcceptingChannel Control 0 server World /Game/Maps/Arena01.Arena01: Accepted
[2018.08.22-03.42.50:635][  5]LogNet: Remote platform little endian=1
[2018.08.22-03.42.50:635][  5]LogNet: This platform little endian=1
[2018.08.22-03.42.50:635][  5]LogNet: Client netspeed is 10000
[2018.08.22-03.42.50:667][  6]LogNet: Login request: /Game/Maps/MainMenu?Name=DESKTOP-LI0N2FC-B216B5904D34FA075E04BBA1B540D7DF userId: DESKTOP-LI0N2FC-B216B5904D34FA075E04BBA1B540D7DF
[2018.08.22-03.42.50:700][  7]LogNet: Client netspeed is 10000
[2018.08.22-03.42.51:429][ 29]LogNet: NotifyAcceptingConnection accepted from: 127.0.0.1:54291
[2018.08.22-03.42.51:429][ 29]LogHandshake: SendConnectChallenge. Timestamp: 0.994801, Cookie: 001068232167140197209153154255249232130240004048040112026096
[2018.08.22-03.42.51:462][ 30]LogNet: NotifyAcceptingConnection accepted from: 127.0.0.1:54291
[2018.08.22-03.42.51:462][ 30]LogHandshake: SendChallengeAck. InCookie: 001068232167140197209153154255249232130240004048040112026096
[2018.08.22-03.42.51:463][ 30]LogNet: Server accepting post-challenge connection from: 127.0.0.1:54291
[2018.08.22-03.42.51:463][ 30]PacketHandlerLog: Loaded PacketHandler component: Engine.EngineHandlerComponentFactory (StatelessConnectHandlerComponent)
[2018.08.22-03.42.51:465][ 30]LogNet: NotifyAcceptedConnection: Name: Arena01, TimeStamp: 08/21/18 20:42:51, [UNetConnection] RemoteAddr: 127.0.0.1:54291, Name: IpConnection_2, Driver: GameNetDriver IpNetDriver_0, IsServer: YES, PC: NULL, Owner: NULL, UniqueId: INVALID
[2018.08.22-03.42.51:466][ 30]LogNet: AddClientConnection: Added client connection: [UNetConnection] RemoteAddr: 127.0.0.1:54291, Name: IpConnection_2, Driver: GameNetDriver IpNetDriver_0, IsServer: YES, PC: NULL, Owner: NULL, UniqueId: INVALID
[2018.08.22-03.42.51:467][ 30]LogNet: NotifyAcceptingChannel Control 0 server World /Game/Maps/Arena01.Arena01: Accepted
[2018.08.22-03.42.51:467][ 30]LogNet: Remote platform little endian=1
[2018.08.22-03.42.51:467][ 30]LogNet: This platform little endian=1
[2018.08.22-03.42.51:494][ 31]LogNet: Login request: /Game/Maps/MainMenu?Name=DESKTOP-LI0N2FC-81F8C110401C73F1240A0DBD6388318E userId: DESKTOP-LI0N2FC-81F8C110401C73F1240A0DBD6388318E
[2018.08.22-03.42.51:528][ 32]LogNet: Client netspeed is 10000
[2018.08.22-03.42.51:825][ 41]LogNet: Join request: /Game/Maps/MainMenu?Name=DESKTOP-LI0N2FC-6CEEAA90479696BB001CCEB326779AFB?SplitscreenCount=1
[2018.08.22-03.42.51:825][ 41]LogOnline: Warning: OSS: No game present to join for session (GameSession)
[2018.08.22-03.42.51:827][ 41]LogGameMode: Display: Match State Changed from WaitingToStart to InProgress
[2018.08.22-03.42.51:831][ 41]LogGameState: Match State Changed from WaitingToStart to InProgress
[2018.08.22-03.42.51:831][ 41]LogNet: Join succeeded: DESKTOP-LI0N2FC-6CEE
[2018.08.22-03.42.51:857][ 42]LogNet: Join request: /Game/Maps/MainMenu?Name=DESKTOP-LI0N2FC-B216B5904D34FA075E04BBA1B540D7DF?SplitscreenCount=1
[2018.08.22-03.42.51:858][ 42]LogOnline: Warning: OSS: No game present to join for session (GameSession)
[2018.08.22-03.42.51:863][ 42]LogNet: Join succeeded: DESKTOP-LI0N2FC-B216
[2018.08.22-03.42.51:958][ 45]LogNetPackageMap: Warning: SanityCheckExport: CacheObject == NULL. NetGUID: 1, Object: /Game/Mannequin/Character/Textures/UE4_LOGO_CARD.UE4_LOGO_CARD, Expected: T_Ceramic_Tile_M
[2018.08.22-03.42.51:959][ 45]LogNetPackageMap: Warning: SanityCheckExport: Name mismatch. NetGUID: 1, Object: /Game/Mannequin/Character/Textures/UE4_LOGO_CARD.UE4_LOGO_CARD, Expected: T_Ceramic_Tile_M
[2018.08.22-03.42.51:959][ 45]LogNetPackageMap: Warning: SanityCheckExport: Outer mismatch. Object: /Game/Mannequin/Character/Textures/UE4_LOGO_CARD.UE4_LOGO_CARD, NetGUID: 1, Current: /Game/Mannequin/Character/Textures/UE4_LOGO_CARD, Expected: /Game/StarterContent/Textures/T_Ceramic_Tile_M
[2018.08.22-03.42.51:963][ 45]LogBlueprintUserMessages: [GameplayGM_C_0] 0
[2018.08.22-03.42.52:126][ 50]LogNetPackageMap: Warning: SanityCheckExport: CacheObject == NULL. NetGUID: 1, Object: /Game/Mannequin/Character/Textures/UE4_LOGO_CARD.UE4_LOGO_CARD, Expected: T_Ceramic_Tile_M
[2018.08.22-03.42.52:127][ 50]LogNetPackageMap: Warning: SanityCheckExport: Name mismatch. NetGUID: 1, Object: /Game/Mannequin/Character/Textures/UE4_LOGO_CARD.UE4_LOGO_CARD, Expected: T_Ceramic_Tile_M
[2018.08.22-03.42.52:127][ 50]LogNetPackageMap: Warning: SanityCheckExport: Outer mismatch. Object: /Game/Mannequin/Character/Textures/UE4_LOGO_CARD.UE4_LOGO_CARD, NetGUID: 1, Current: /Game/Mannequin/Character/Textures/UE4_LOGO_CARD, Expected: /Game/StarterContent/Textures/T_Ceramic_Tile_M
[2018.08.22-03.42.52:130][ 50]LogBlueprintUserMessages: [GameplayGM_C_0] 1
[2018.08.22-03.42.52:324][ 56]LogBlueprintUserMessages: [GameplayPC_C_0] Controller ID-0 selected weapon slot: Null Hand: false
[2018.08.22-03.42.52:358][ 57]LogBlueprintUserMessages: [GameplayPC_C_1] Controller ID-1 selected weapon slot: Null Hand: false
[2018.08.22-03.42.52:392][ 58]LogBlueprintUserMessages: [GameplayPC_C_0] Reset Jump controller id: 0
[2018.08.22-03.42.52:529][ 62]LogBlueprintUserMessages: [GameplayPC_C_1] Reset Jump controller id: 1
[2018.08.22-03.42.52:831][ 71]LogBlueprintUserMessages: [GameplayPC_C_0] Controller ID-0 selected weapon slot: Null Hand: false
[2018.08.22-03.42.52:865][ 72]LogBlueprintUserMessages: [GameplayPC_C_1] Controller ID-1 selected weapon slot: Null Hand: false
[2018.08.22-03.42.52:899][ 73]LogNet: Join request: /Game/Maps/MainMenu?Name=DESKTOP-LI0N2FC-81F8C110401C73F1240A0DBD6388318E?SplitscreenCount=1
[2018.08.22-03.42.52:899][ 73]LogOnline: Warning: OSS: No game present to join for session (GameSession)
[2018.08.22-03.42.52:903][ 73]LogNet: Join succeeded: DESKTOP-LI0N2FC-81F8
[2018.08.22-03.42.53:031][ 77]LogNetPackageMap: Warning: SanityCheckExport: CacheObject == NULL. NetGUID: 1, Object: /Game/Mannequin/Character/Textures/UE4_LOGO_CARD.UE4_LOGO_CARD, Expected: T_Ceramic_Tile_M
[2018.08.22-03.42.53:032][ 77]LogNetPackageMap: Warning: SanityCheckExport: Name mismatch. NetGUID: 1, Object: /Game/Mannequin/Character/Textures/UE4_LOGO_CARD.UE4_LOGO_CARD, Expected: T_Ceramic_Tile_M
[2018.08.22-03.42.53:032][ 77]LogNetPackageMap: Warning: SanityCheckExport: Outer mismatch. Object: /Game/Mannequin/Character/Textures/UE4_LOGO_CARD.UE4_LOGO_CARD, NetGUID: 1, Current: /Game/Mannequin/Character/Textures/UE4_LOGO_CARD, Expected: /Game/StarterContent/Textures/T_Ceramic_Tile_M
[2018.08.22-03.42.53:036][ 77]LogBlueprintUserMessages: [GameplayGM_C_0] 2
[2018.08.22-03.42.53:332][ 86]LogBlueprintUserMessages: [GameplayPC_C_0] Controller ID-0 selected weapon slot: Null Hand: false
[2018.08.22-03.42.53:366][ 87]LogBlueprintUserMessages: [GameplayPC_C_1] Controller ID-1 selected weapon slot: Null Hand: false
[2018.08.22-03.42.53:366][ 87]LogBlueprintUserMessages: [GameplayPC_C_2] Controller ID-2 selected weapon slot: Null Hand: false
[2018.08.22-03.42.53:433][ 89]LogBlueprintUserMessages: [GameplayPC_C_2] Reset Jump controller id: 2
[2018.08.22-03.42.53:833][101]LogBlueprintUserMessages: [GameplayPC_C_0] Controller ID-0 selected weapon slot: Null Hand: false
[2018.08.22-03.42.53:867][102]LogBlueprintUserMessages: [GameplayPC_C_1] Controller ID-1 selected weapon slot: Null Hand: false
[2018.08.22-03.42.53:867][102]LogBlueprintUserMessages: [GameplayPC_C_2] Controller ID-2 selected weapon slot: Null Hand: false
[2018.08.22-03.42.54:335][116]LogBlueprintUserMessages: [GameplayPC_C_0] Controller ID-0 selected weapon slot: Null Hand: false
[2018.08.22-03.42.54:369][117]LogBlueprintUserMessages: [GameplayPC_C_1] Controller ID-1 selected weapon slot: Null Hand: false
[2018.08.22-03.42.54:369][117]LogBlueprintUserMessages: [GameplayPC_C_2] Controller ID-2 selected weapon slot: Null Hand: false
[2018.08.22-03.42.54:838][131]LogBlueprintUserMessages: [GameplayPC_C_0] Controller ID-0 selected weapon slot: Null Hand: false
[2018.08.22-03.42.54:871][132]LogBlueprintUserMessages: [GameplayPC_C_1] Controller ID-1 selected weapon slot: Null Hand: false
[2018.08.22-03.42.54:871][132]LogBlueprintUserMessages: [GameplayPC_C_2] Controller ID-2 selected weapon slot: Null Hand: false
[2018.08.22-03.42.55:369][147]LogBlueprintUserMessages: [GameplayPC_C_0] Controller ID-0 selected weapon slot: Null Hand: false
[2018.08.22-03.42.55:403][148]LogBlueprintUserMessages: [GameplayPC_C_1] Controller ID-1 selected weapon slot: Null Hand: false
[2018.08.22-03.42.55:403][148]LogBlueprintUserMessages: [GameplayPC_C_2] Controller ID-2 selected weapon slot: Null Hand: false
[2018.08.22-03.42.55:871][162]LogBlueprintUserMessages: [GameplayPC_C_0] Controller ID-0 selected weapon slot: Null Hand: false
[2018.08.22-03.42.55:905][163]LogBlueprintUserMessages: [GameplayPC_C_1] Controller ID-1 selected weapon slot: Null Hand: false
[2018.08.22-03.42.55:905][163]LogBlueprintUserMessages: [GameplayPC_C_2] Controller ID-2 selected weapon slot: Null Hand: false
[2018.08.22-03.42.56:403][178]LogBlueprintUserMessages: [GameplayPC_C_0] Controller ID-0 selected weapon slot: Null Hand: false
[2018.08.22-03.42.56:437][179]LogBlueprintUserMessages: [GameplayPC_C_1] Controller ID-1 selected weapon slot: Null Hand: false
[2018.08.22-03.42.56:437][179]LogBlueprintUserMessages: [GameplayPC_C_2] Controller ID-2 selected weapon slot: Null Hand: false
[2018.08.22-03.42.56:936][194]LogBlueprintUserMessages: [GameplayPC_C_0] Controller ID-0 selected weapon slot: Null Hand: false
[2018.08.22-03.42.56:970][195]LogBlueprintUserMessages: [GameplayPC_C_1] Controller ID-1 selected weapon slot: Null Hand: false
[2018.08.22-03.42.56:970][195]LogBlueprintUserMessages: [GameplayPC_C_2] Controller ID-2 selected weapon slot: Null Hand: false
[2018.08.22-03.42.57:468][210]LogBlueprintUserMessages: [GameplayPC_C_0] Controller ID-0 selected weapon slot: Null Hand: false
[2018.08.22-03.42.57:501][211]LogBlueprintUserMessages: [GameplayPC_C_1] Controller ID-1 selected weapon slot: Null Hand: false
[2018.08.22-03.42.57:501][211]LogBlueprintUserMessages: [GameplayPC_C_2] Controller ID-2 selected weapon slot: Null Hand: false
[2018.08.22-03.42.57:999][226]LogBlueprintUserMessages: [GameplayPC_C_0] Controller ID-0 selected weapon slot: Null Hand: false
[2018.08.22-03.42.58:033][227]LogBlueprintUserMessages: [GameplayPC_C_1] Controller ID-1 selected weapon slot: Null Hand: false
[2018.08.22-03.42.58:033][227]LogBlueprintUserMessages: [GameplayPC_C_2] Controller ID-2 selected weapon slot: Null Hand: false
[2018.08.22-03.42.58:531][242]LogBlueprintUserMessages: [GameplayPC_C_0] Controller ID-0 selected weapon slot: Null Hand: false
[2018.08.22-03.42.58:564][243]LogBlueprintUserMessages: [GameplayPC_C_1] Controller ID-1 selected weapon slot: Null Hand: false
[2018.08.22-03.42.58:564][243]LogBlueprintUserMessages: [GameplayPC_C_2] Controller ID-2 selected weapon slot: Null Hand: false
[2018.08.22-03.42.59:060][258]LogBlueprintUserMessages: [GameplayPC_C_0] Controller ID-0 selected weapon slot: Null Hand: false
[2018.08.22-03.42.59:094][259]LogBlueprintUserMessages: [GameplayPC_C_1] Controller ID-1 selected weapon slot: Null Hand: false
[2018.08.22-03.42.59:094][259]LogBlueprintUserMessages: [GameplayPC_C_2] Controller ID-2 selected weapon slot: Null Hand: false
[2018.08.22-03.42.59:593][274]LogBlueprintUserMessages: [GameplayPC_C_0] Controller ID-0 selected weapon slot: Null Hand: false
[2018.08.22-03.42.59:626][275]LogBlueprintUserMessages: [GameplayPC_C_1] Controller ID-1 selected weapon slot: Null Hand: false
[2018.08.22-03.42.59:626][275]LogBlueprintUserMessages: [GameplayPC_C_2] Controller ID-2 selected weapon slot: Null Hand: false
[2018.08.22-03.43.00:127][290]LogBlueprintUserMessages: [GameplayPC_C_0] Controller ID-0 selected weapon slot: Null Hand: false
[2018.08.22-03.43.00:127][290]LogBlueprintUserMessages: [GameplayPC_C_1] Controller ID-1 selected weapon slot: Null Hand: false
[2018.08.22-03.43.00:128][290]LogBlueprintUserMessages: [GameplayPC_C_2] Controller ID-2 selected weapon slot: Null Hand: false
[2018.08.22-03.43.00:657][306]LogBlueprintUserMessages: [GameplayPC_C_0] Controller ID-0 selected weapon slot: Null Hand: false
[2018.08.22-03.43.00:657][306]LogBlueprintUserMessages: [GameplayPC_C_1] Controller ID-1 selected weapon slot: Null Hand: false
[2018.08.22-03.43.00:658][306]LogBlueprintUserMessages: [GameplayPC_C_2] Controller ID-2 selected weapon slot: Null Hand: false
[2018.08.22-03.43.01:186][322]LogBlueprintUserMessages: [GameplayPC_C_0] Controller ID-0 selected weapon slot: Null Hand: false
[2018.08.22-03.43.01:186][322]LogBlueprintUserMessages: [GameplayPC_C_1] Controller ID-1 selected weapon slot: Null Hand: false
[2018.08.22-03.43.01:187][322]LogBlueprintUserMessages: [GameplayPC_C_2] Controller ID-2 selected weapon slot: Null Hand: false
[2018.08.22-03.43.01:716][338]LogBlueprintUserMessages: [GameplayPC_C_0] Controller ID-0 selected weapon slot: Null Hand: false
[2018.08.22-03.43.01:716][338]LogBlueprintUserMessages: [GameplayPC_C_1] Controller ID-1 selected weapon slot: Null Hand: false
[2018.08.22-03.43.01:717][338]LogBlueprintUserMessages: [GameplayPC_C_2] Controller ID-2 selected weapon slot: Null Hand: false
[2018.08.22-03.43.02:245][354]LogBlueprintUserMessages: [GameplayPC_C_0] Controller ID-0 selected weapon slot: Null Hand: false
[2018.08.22-03.43.02:245][354]LogBlueprintUserMessages: [GameplayPC_C_1] Controller ID-1 selected weapon slot: Null Hand: false
[2018.08.22-03.43.02:246][354]LogBlueprintUserMessages: [GameplayPC_C_2] Controller ID-2 selected weapon slot: Null Hand: false
[2018.08.22-03.43.02:747][369]LogBlueprintUserMessages: [GameplayPC_C_0] Controller ID-0 selected weapon slot: Null Hand: false
[2018.08.22-03.43.02:747][369]LogBlueprintUserMessages: [GameplayPC_C_1] Controller ID-1 selected weapon slot: Null Hand: false
[2018.08.22-03.43.02:748][369]LogBlueprintUserMessages: [GameplayPC_C_2] Controller ID-2 selected weapon slot: Null Hand: false
[2018.08.22-03.43.03:280][385]LogBlueprintUserMessages: [GameplayPC_C_0] Controller ID-0 selected weapon slot: Null Hand: false
[2018.08.22-03.43.03:280][385]LogBlueprintUserMessages: [GameplayPC_C_1] Controller ID-1 selected weapon slot: Null Hand: false
[2018.08.22-03.43.03:281][385]LogBlueprintUserMessages: [GameplayPC_C_2] Controller ID-2 selected weapon slot: Null Hand: false
[2018.08.22-03.43.03:346][387]LogBlueprintUserMessages: [GameplayPC_C_1] Reset Jump controller id: 1
[2018.08.22-03.43.03:810][401]LogBlueprintUserMessages: [GameplayPC_C_0] Controller ID-0 selected weapon slot: Null Hand: false
[2018.08.22-03.43.03:810][401]LogBlueprintUserMessages: [GameplayPC_C_1] Controller ID-1 selected weapon slot: Null Hand: false
[2018.08.22-03.43.03:811][401]LogBlueprintUserMessages: [GameplayPC_C_2] Controller ID-2 selected weapon slot: Null Hand: false
[2018.08.22-03.43.03:943][405]LogNet: UChannel::ReceivedSequencedBunch: Bunch.bClose == true. ChIndex == 0. Calling ConditionalCleanUp.
[2018.08.22-03.43.03:943][405]LogNet: UChannel::CleanUp: ChIndex == 0. Closing connection. [UChannel] ChIndex: 0, Closing: 0 [UNetConnection] RemoteAddr: 127.0.0.1:54292, Name: IpConnection_1, Driver: GameNetDriver IpNetDriver_0, IsServer: YES, PC: GameplayPC_C_1, Owner: GameplayPC_C_1, UniqueId: DESKTOP-LI0N2FC-B216B5904D34FA075E04BBA1B540D7DF
[2018.08.22-03.43.03:944][405]LogNet: UNetConnection::Close: [UNetConnection] RemoteAddr: 127.0.0.1:54292, Name: IpConnection_1, Driver: GameNetDriver IpNetDriver_0, IsServer: YES, PC: GameplayPC_C_1, Owner: GameplayPC_C_1, UniqueId: DESKTOP-LI0N2FC-B216B5904D34FA075E04BBA1B540D7DF, Channels: 13, Time: 2018.08.22-03.43.03
[2018.08.22-03.43.03:944][405]LogNet: UChannel::Close: Sending CloseBunch. ChIndex == 0. Name: [UChannel] ChIndex: 0, Closing: 0 [UNetConnection] RemoteAddr: 127.0.0.1:54292, Name: IpConnection_1, Driver: GameNetDriver IpNetDriver_0, IsServer: YES, PC: GameplayPC_C_1, Owner: GameplayPC_C_1, UniqueId: DESKTOP-LI0N2FC-B216B5904D34FA075E04BBA1B540D7DF
[2018.08.22-03.43.03:945][405]LogOnline: Warning: OSS: Can't destroy a null online session (GameSession)
[2018.08.22-03.43.03:945][405]LogOnline: Warning: OSS: No game present to leave for session (GameSession)
[2018.08.22-03.43.04:340][417]LogBlueprintUserMessages: [GameplayPC_C_0] Controller ID-0 selected weapon slot: Null Hand: false
[2018.08.22-03.43.04:340][417]LogBlueprintUserMessages: [GameplayPC_C_2] Controller ID-2 selected weapon slot: Null Hand: false
[2018.08.22-03.43.04:737][429]LogNet: UChannel::ReceivedSequencedBunch: Bunch.bClose == true. ChIndex == 0. Calling ConditionalCleanUp.
[2018.08.22-03.43.04:737][429]LogNet: UChannel::CleanUp: ChIndex == 0. Closing connection. [UChannel] ChIndex: 0, Closing: 0 [UNetConnection] RemoteAddr: 127.0.0.1:54293, Name: IpConnection_0, Driver: GameNetDriver IpNetDriver_0, IsServer: YES, PC: GameplayPC_C_0, Owner: GameplayPC_C_0, UniqueId: DESKTOP-LI0N2FC-6CEEAA90479696BB001CCEB326779AFB
[2018.08.22-03.43.04:738][429]LogNet: UNetConnection::Close: [UNetConnection] RemoteAddr: 127.0.0.1:54293, Name: IpConnection_0, Driver: GameNetDriver IpNetDriver_0, IsServer: YES, PC: GameplayPC_C_0, Owner: GameplayPC_C_0, UniqueId: DESKTOP-LI0N2FC-6CEEAA90479696BB001CCEB326779AFB, Channels: 10, Time: 2018.08.22-03.43.04
[2018.08.22-03.43.04:738][429]LogNet: UChannel::Close: Sending CloseBunch. ChIndex == 0. Name: [UChannel] ChIndex: 0, Closing: 0 [UNetConnection] RemoteAddr: 127.0.0.1:54293, Name: IpConnection_0, Driver: GameNetDriver IpNetDriver_0, IsServer: YES, PC: GameplayPC_C_0, Owner: GameplayPC_C_0, UniqueId: DESKTOP-LI0N2FC-6CEEAA90479696BB001CCEB326779AFB
[2018.08.22-03.43.04:739][429]LogOnline: Warning: OSS: Can't destroy a null online session (GameSession)
[2018.08.22-03.43.04:739][429]LogOnline: Warning: OSS: No game present to leave for session (GameSession)
[2018.08.22-03.43.04:869][433]LogBlueprintUserMessages: [GameplayPC_C_2] Controller ID-2 selected weapon slot: Null Hand: false
[2018.08.22-03.43.05:396][449]LogBlueprintUserMessages: [GameplayPC_C_2] Controller ID-2 selected weapon slot: Null Hand: false
[2018.08.22-03.43.05:429][450]LogNet: UChannel::ReceivedSequencedBunch: Bunch.bClose == true. ChIndex == 0. Calling ConditionalCleanUp.
[2018.08.22-03.43.05:429][450]LogNet: UChannel::CleanUp: ChIndex == 0. Closing connection. [UChannel] ChIndex: 0, Closing: 0 [UNetConnection] RemoteAddr: 127.0.0.1:54291, Name: IpConnection_2, Driver: GameNetDriver IpNetDriver_0, IsServer: YES, PC: GameplayPC_C_2, Owner: GameplayPC_C_2, UniqueId: DESKTOP-LI0N2FC-81F8C110401C73F1240A0DBD6388318E
[2018.08.22-03.43.05:429][450]LogNet: UNetConnection::Close: [UNetConnection] RemoteAddr: 127.0.0.1:54291, Name: IpConnection_2, Driver: GameNetDriver IpNetDriver_0, IsServer: YES, PC: GameplayPC_C_2, Owner: GameplayPC_C_2, UniqueId: DESKTOP-LI0N2FC-81F8C110401C73F1240A0DBD6388318E, Channels: 9, Time: 2018.08.22-03.43.05
[2018.08.22-03.43.05:430][450]LogNet: UChannel::Close: Sending CloseBunch. ChIndex == 0. Name: [UChannel] ChIndex: 0, Closing: 0 [UNetConnection] RemoteAddr: 127.0.0.1:54291, Name: IpConnection_2, Driver: GameNetDriver IpNetDriver_0, IsServer: YES, PC: GameplayPC_C_2, Owner: GameplayPC_C_2, UniqueId: DESKTOP-LI0N2FC-81F8C110401C73F1240A0DBD6388318E
[2018.08.22-03.43.05:430][450]LogOnline: Warning: OSS: Can't destroy a null online session (GameSession)
[2018.08.22-03.43.05:431][450]LogOnline: Warning: OSS: No game present to leave for session (GameSession)
