Log file open, 08/21/18 19:47:34
LogWindows: Failed to load 'aqProf.dll' (GetLastError=126)
LogWindows: File 'aqProf.dll' does not exist
LogWindows: Failed to load 'VtuneApi.dll' (GetLastError=126)
LogWindows: File 'VtuneApi.dll' does not exist
LogWindows: Failed to load 'VtuneApi32e.dll' (GetLastError=126)
LogWindows: File 'VtuneApi32e.dll' does not exist
LogInit: Display: Running engine for game: DarkCrystal
LogPlatformFile: Not using cached read wrapper
LogInit: Display: RandInit(165862378) SRandInit(165862378).
LogInit: Read version file with build ID '3944462'
LogInit: Overriding engine version to CL 4033788, compatible CL 3944462
LogInit: Registered custom module enumerator with build ID '3944462'
LogTaskGraph: Started task graph with 5 named threads and 23 total threads with 3 sets of task threads.
LogStats: Stats thread started at 0.251382
LogD3D11RHI: Aftermath initialized
LogICUInternationalization: Display: ICU TimeZone Detection - Raw Offset: -8:00, Platform Override: ''
LogModuleManager: Display: Found up-to-date module file ../../../Engine/Plugins/Online/OnlineSubsystemSteam/Binaries/Win64/UE4Editor-OnlineSubsystemSteam.dll (API version 3944462).
LogModuleManager: Display: Found up-to-date module file ../../../Engine/Plugins/Online/OnlineSubsystem/Binaries/Win64/UE4Editor-OnlineSubsystem.dll (API version 3944462).
LogModuleManager: Display: Found up-to-date module file ../../../Engine/Plugins/Online/OnlineSubsystemUtils/Binaries/Win64/UE4Editor-OnlineSubsystemUtils.dll (API version 3944462).
LogModuleManager: Display: Found up-to-date module file ../../../Engine/Plugins/Online/OnlineSubsystemUtils/Binaries/Win64/UE4Editor-OnlineBlueprintSupport.dll (API version 3944462).
LogModuleManager: Display: Found up-to-date module file ../../../Engine/Plugins/VictoryPlugin/Binaries/Win64/UE4Editor-VictoryBPLibrary.dll (API version 3944462).
LogModuleManager: Display: Found up-to-date module file ../../../Engine/Plugins/Runtime/ApexDestruction/Binaries/Win64/UE4Editor-ApexDestruction.dll (API version 3944462).
LogModuleManager: Display: Found up-to-date module file ../../../Engine/Plugins/Runtime/ApexDestruction/Binaries/Win64/UE4Editor-ApexDestructionEditor.dll (API version 3944462).
LogModuleManager: Display: Found up-to-date module file ../../../Engine/Plugins/AdvancedSessions/AdvancedSessions/Binaries/Win64/UE4Editor-AdvancedSessions.dll (API version 3944462).
LogModuleManager: Display: Found up-to-date module file ../../../Engine/Plugins/AdvancedSessions/AdvancedSteamSessions/Binaries/Win64/UE4Editor-AdvancedSteamSessions.dll (API version 3944462).
LogModuleManager: Display: Found up-to-date module file ../../../Engine/Plugins/2D/Paper2D/Binaries/Win64/UE4Editor-Paper2D.dll (API version 3944462).
LogModuleManager: Display: Found up-to-date module file ../../../Engine/Plugins/2D/Paper2D/Binaries/Win64/UE4Editor-Paper2DEditor.dll (API version 3944462).
LogModuleManager: Display: Found up-to-date module file ../../../Engine/Plugins/2D/Paper2D/Binaries/Win64/UE4Editor-PaperSpriteSheetImporter.dll (API version 3944462).
LogModuleManager: Display: Found up-to-date module file ../../../Engine/Plugins/2D/Paper2D/Binaries/Win64/UE4Editor-PaperTiledImporter.dll (API version 3944462).
LogModuleManager: Display: Found up-to-date module file ../../../Engine/Plugins/2D/Paper2D/Binaries/Win64/UE4Editor-SmartSnapping.dll (API version 3944462).
LogModuleManager: Display: Found up-to-date module file ../../../Engine/Plugins/Blendables/LightPropagationVolume/Binaries/Win64/UE4Editor-LightPropagationVolumeRuntime.dll (API version 3944462).
LogModuleManager: Display: Found up-to-date module file ../../../Engine/Plugins/Blendables/LightPropagationVolume/Binaries/Win64/UE4Editor-LightPropagationVolumeEditor.dll (API version 3944462).
LogModuleManager: Display: Found up-to-date module file ../../../Engine/Plugins/Developer/CLionSourceCodeAccess/Binaries/Win64/UE4Editor-CLionSourceCodeAccess.dll (API version 3944462).
LogModuleManager: Display: Found up-to-date module file ../../../Engine/Plugins/Developer/GitSourceControl/Binaries/Win64/UE4Editor-GitSourceControl.dll (API version 3944462).
LogModuleManager: Display: Found up-to-date module file ../../../Engine/Plugins/Developer/PerforceSourceControl/Binaries/Win64/UE4Editor-PerforceSourceControl.dll (API version 3944462).
LogModuleManager: Display: Found up-to-date module file ../../../Engine/Plugins/Developer/SubversionSourceControl/Binaries/Win64/UE4Editor-SubversionSourceControl.dll (API version 3944462).
LogModuleManager: Display: Found up-to-date module file ../../../Engine/Plugins/Developer/UObjectPlugin/Binaries/Win64/UE4Editor-UObjectPlugin.dll (API version 3944462).
LogModuleManager: Display: Found up-to-date module file ../../../Engine/Plugins/Developer/VisualStudioCodeSourceCodeAccess/Binaries/Win64/UE4Editor-VisualStudioCodeSourceCodeAccess.dll (API version 3944462).
LogModuleManager: Display: Found up-to-date module file ../../../Engine/Plugins/Developer/VisualStudioSourceCodeAccess/Binaries/Win64/UE4Editor-VisualStudioSourceCodeAccess.dll (API version 3944462).
LogModuleManager: Display: Found up-to-date module file ../../../Engine/Plugins/Editor/AssetManagerEditor/Binaries/Win64/UE4Editor-AssetManagerEditor.dll (API version 3944462).
LogModuleManager: Display: Found up-to-date module file ../../../Engine/Plugins/Editor/CryptoKeys/Binaries/Win64/UE4Editor-CryptoKeys.dll (API version 3944462).
LogModuleManager: Display: Found up-to-date module file ../../../Engine/Plugins/Editor/CryptoKeys/Binaries/Win64/UE4Editor-CryptoKeysOpenSSL.dll (API version 3944462).
LogModuleManager: Display: Found up-to-date module file ../../../Engine/Plugins/Editor/DataValidation/Binaries/Win64/UE4Editor-DataValidation.dll (API version 3944462).
LogModuleManager: Display: Found up-to-date module file ../../../Engine/Plugins/Editor/FacialAnimation/Binaries/Win64/UE4Editor-FacialAnimation.dll (API version 3944462).
LogModuleManager: Display: Found up-to-date module file ../../../Engine/Plugins/Editor/FacialAnimation/Binaries/Win64/UE4Editor-FacialAnimationEditor.dll (API version 3944462).
LogModuleManager: Display: Found up-to-date module file ../../../Engine/Plugins/Editor/GameplayTagsEditor/Binaries/Win64/UE4Editor-GameplayTagsEditor.dll (API version 3944462).
LogModuleManager: Display: Found up-to-date module file ../../../Engine/Plugins/Editor/MobileLauncherProfileWizard/Binaries/Win64/UE4Editor-MobileLauncherProfileWizard.dll (API version 3944462).
LogModuleManager: Display: Found up-to-date module file ../../../Engine/Plugins/Editor/PluginBrowser/Binaries/Win64/UE4Editor-PluginBrowser.dll (API version 3944462).
LogModuleManager: Display: Found up-to-date module file ../../../Engine/Plugins/Editor/SpeedTreeImporter/Binaries/Win64/UE4Editor-SpeedTreeImporter.dll (API version 3944462).
LogModuleManager: Display: Found up-to-date module file ../../../Engine/Plugins/Enterprise/DatasmithContent/Binaries/Win64/UE4Editor-DatasmithContent.dll (API version 3944462).
LogModuleManager: Display: Found up-to-date module file ../../../Engine/Plugins/Experimental/AlembicImporter/Binaries/Win64/UE4Editor-AlembicImporter.dll (API version 3944462).
LogModuleManager: Display: Found up-to-date module file ../../../Engine/Plugins/Experimental/AlembicImporter/Binaries/Win64/UE4Editor-AlembicLibrary.dll (API version 3944462).
LogModuleManager: Display: Found up-to-date module file ../../../Engine/Plugins/Experimental/CharacterAI/Binaries/Win64/UE4Editor-CharacterAI.dll (API version 3944462).
LogModuleManager: Display: Found up-to-date module file ../../../Engine/Plugins/Experimental/HTML5Networking/Binaries/Win64/UE4Editor-HTML5Networking.dll (API version 3944462).
LogModuleManager: Display: Found up-to-date module file ../../../Engine/Plugins/Media/AndroidMedia/Binaries/Win64/UE4Editor-AndroidMediaEditor.dll (API version 3944462).
LogModuleManager: Display: Found up-to-date module file ../../../Engine/Plugins/Media/AndroidMedia/Binaries/Win64/UE4Editor-AndroidMediaFactory.dll (API version 3944462).
LogModuleManager: Display: Found up-to-date module file ../../../Engine/Plugins/Media/AvfMedia/Binaries/Win64/UE4Editor-AvfMediaEditor.dll (API version 3944462).
LogModuleManager: Display: Found up-to-date module file ../../../Engine/Plugins/Media/AvfMedia/Binaries/Win64/UE4Editor-AvfMediaFactory.dll (API version 3944462).
LogModuleManager: Display: Found up-to-date module file ../../../Engine/Plugins/Media/AvfMedia/Binaries/Win64/UE4Editor-AvfMediaFactory.dll (API version 3944462).
LogModuleManager: Display: Found up-to-date module file ../../../Engine/Plugins/Media/ImgMedia/Binaries/Win64/UE4Editor-ImgMedia.dll (API version 3944462).
LogModuleManager: Display: Found up-to-date module file ../../../Engine/Plugins/Media/ImgMedia/Binaries/Win64/UE4Editor-ImgMediaEditor.dll (API version 3944462).
LogModuleManager: Display: Found up-to-date module file ../../../Engine/Plugins/Media/ImgMedia/Binaries/Win64/UE4Editor-ImgMediaFactory.dll (API version 3944462).
LogModuleManager: Display: Found up-to-date module file ../../../Engine/Plugins/Media/ImgMedia/Binaries/Win64/UE4Editor-ImgMediaFactory.dll (API version 3944462).
LogModuleManager: Display: Found up-to-date module file ../../../Engine/Plugins/Media/ImgMedia/Binaries/Win64/UE4Editor-OpenExrWrapper.dll (API version 3944462).
LogModuleManager: Display: Found up-to-date module file ../../../Engine/Plugins/Media/LinearTimecode/Binaries/Win64/UE4Editor-LinearTimecode.dll (API version 3944462).
LogModuleManager: Display: Found up-to-date module file ../../../Engine/Plugins/Media/MediaCompositing/Binaries/Win64/UE4Editor-MediaCompositing.dll (API version 3944462).
LogModuleManager: Display: Found up-to-date module file ../../../Engine/Plugins/Media/MediaCompositing/Binaries/Win64/UE4Editor-MediaCompositingEditor.dll (API version 3944462).
LogModuleManager: Display: Found up-to-date module file ../../../Engine/Plugins/Media/MediaPlayerEditor/Binaries/Win64/UE4Editor-MediaPlayerEditor.dll (API version 3944462).
LogModuleManager: Display: Found up-to-date module file ../../../Engine/Plugins/Media/WmfMedia/Binaries/Win64/UE4Editor-WmfMedia.dll (API version 3944462).
LogModuleManager: Display: Found up-to-date module file ../../../Engine/Plugins/Media/WmfMedia/Binaries/Win64/UE4Editor-WmfMediaEditor.dll (API version 3944462).
LogModuleManager: Display: Found up-to-date module file ../../../Engine/Plugins/Media/WmfMedia/Binaries/Win64/UE4Editor-WmfMediaFactory.dll (API version 3944462).
LogModuleManager: Display: Found up-to-date module file ../../../Engine/Plugins/Media/WmfMedia/Binaries/Win64/UE4Editor-WmfMediaFactory.dll (API version 3944462).
LogModuleManager: Display: Found up-to-date module file ../../../Engine/Plugins/Messaging/TcpMessaging/Binaries/Win64/UE4Editor-TcpMessaging.dll (API version 3944462).
LogModuleManager: Display: Found up-to-date module file ../../../Engine/Plugins/Messaging/UdpMessaging/Binaries/Win64/UE4Editor-UdpMessaging.dll (API version 3944462).
LogModuleManager: Display: Found up-to-date module file ../../../Engine/Plugins/MovieScene/ActorSequence/Binaries/Win64/UE4Editor-ActorSequence.dll (API version 3944462).
LogModuleManager: Display: Found up-to-date module file ../../../Engine/Plugins/MovieScene/LevelSequenceEditor/Binaries/Win64/UE4Editor-LevelSequenceEditor.dll (API version 3944462).
LogModuleManager: Display: Found up-to-date module file ../../../Engine/Plugins/MovieScene/MatineeToLevelSequence/Binaries/Win64/UE4Editor-MatineeToLevelSequence.dll (API version 3944462).
LogModuleManager: Display: Found up-to-date module file ../../../Engine/Plugins/NetcodeUnitTest/NetcodeUnitTest/Binaries/Win64/UE4Editor-NetcodeUnitTest.dll (API version 3944462).
LogModuleManager: Display: Found up-to-date module file ../../../Engine/Plugins/NetcodeUnitTest/NUTUnrealEngine4/Binaries/Win64/UE4Editor-NUTUnrealEngine4.dll (API version 3944462).
LogModuleManager: Display: Found up-to-date module file ../../../Engine/Plugins/Runtime/AndroidPermission/Binaries/Win64/UE4Editor-AndroidPermission.dll (API version 3944462).
LogModuleManager: Display: Found up-to-date module file ../../../Engine/Plugins/Online/OnlineSubsystemNull/Binaries/Win64/UE4Editor-OnlineSubsystemNull.dll (API version 3944462).
LogModuleManager: Display: Found up-to-date module file ../../../Engine/Plugins/Runtime/AndroidDeviceProfileSelector/Binaries/Win64/UE4Editor-AndroidDeviceProfileSelector.dll (API version 3944462).
LogModuleManager: Display: Found up-to-date module file ../../../Engine/Plugins/Runtime/AppleARKit/Binaries/Win64/UE4Editor-AppleARKit.dll (API version 3944462).
LogModuleManager: Display: Found up-to-date module file ../../../Engine/Plugins/Runtime/ProceduralMeshComponent/Binaries/Win64/UE4Editor-ProceduralMeshComponent.dll (API version 3944462).
LogModuleManager: Display: Found up-to-date module file ../../../Engine/Plugins/Runtime/ProceduralMeshComponent/Binaries/Win64/UE4Editor-ProceduralMeshComponentEditor.dll (API version 3944462).
LogModuleManager: Display: Found up-to-date module file ../../../Engine/Plugins/Animation/LiveLink/Binaries/Win64/UE4Editor-LiveLink.dll (API version 3944462).
LogModuleManager: Display: Found up-to-date module file ../../../Engine/Plugins/Animation/LiveLink/Binaries/Win64/UE4Editor-LiveLinkEditor.dll (API version 3944462).
LogModuleManager: Display: Found up-to-date module file ../../../Engine/Plugins/Runtime/ArchVisCharacter/Binaries/Win64/UE4Editor-ArchVisCharacter.dll (API version 3944462).
LogModuleManager: Display: Found up-to-date module file ../../../Engine/Plugins/Runtime/AudioCapture/Binaries/Win64/UE4Editor-AudioCapture.dll (API version 3944462).
LogModuleManager: Display: Found up-to-date module file ../../../Engine/Plugins/Runtime/AudioCapture/Binaries/Win64/UE4Editor-AudioCaptureEditor.dll (API version 3944462).
LogModuleManager: Display: Found up-to-date module file ../../../Engine/Plugins/Runtime/CableComponent/Binaries/Win64/UE4Editor-CableComponent.dll (API version 3944462).
LogModuleManager: Display: Found up-to-date module file ../../../Engine/Plugins/Runtime/CustomMeshComponent/Binaries/Win64/UE4Editor-CustomMeshComponent.dll (API version 3944462).
LogModuleManager: Display: Found up-to-date module file ../../../Engine/Plugins/Runtime/ExampleDeviceProfileSelector/Binaries/Win64/UE4Editor-ExampleDeviceProfileSelector.dll (API version 3944462).
LogModuleManager: Display: Found up-to-date module file ../../../Engine/Plugins/Runtime/ImmediatePhysics/Binaries/Win64/UE4Editor-ImmediatePhysics.dll (API version 3944462).
LogModuleManager: Display: Found up-to-date module file ../../../Engine/Plugins/Runtime/ImmediatePhysics/Binaries/Win64/UE4Editor-ImmediatePhysicsEditor.dll (API version 3944462).
LogModuleManager: Display: Found up-to-date module file ../../../Engine/Plugins/Runtime/LocationServicesBPLibrary/Binaries/Win64/UE4Editor-LocationServicesBPLibrary.dll (API version 3944462).
LogModuleManager: Display: Found up-to-date module file ../../../Engine/Plugins/Runtime/MobilePatchingUtils/Binaries/Win64/UE4Editor-MobilePatchingUtils.dll (API version 3944462).
LogModuleManager: Display: Found up-to-date module file ../../../Engine/Plugins/Runtime/Oculus/OculusVR/Binaries/Win64/UE4Editor-OculusHMD.dll (API version 3944462).
LogModuleManager: Display: Found up-to-date module file ../../../Engine/Plugins/Runtime/Oculus/OculusVR/Binaries/Win64/UE4Editor-OculusInput.dll (API version 3944462).
LogModuleManager: Display: Found up-to-date module file ../../../Engine/Plugins/Runtime/Oculus/OculusVR/Binaries/Win64/UE4Editor-OculusEditor.dll (API version 3944462).
LogModuleManager: Display: Found up-to-date module file ../../../Engine/Plugins/Runtime/PhysXVehicles/Binaries/Win64/UE4Editor-PhysXVehicles.dll (API version 3944462).
LogModuleManager: Display: Found up-to-date module file ../../../Engine/Plugins/Runtime/PhysXVehicles/Binaries/Win64/UE4Editor-PhysXVehiclesEditor.dll (API version 3944462).
LogModuleManager: Display: Found up-to-date module file ../../../Engine/Plugins/Runtime/RuntimePhysXCooking/Binaries/Win64/UE4Editor-RuntimePhysXCooking.dll (API version 3944462).
LogModuleManager: Display: Found up-to-date module file ../../../Engine/Plugins/Runtime/Steam/SteamVR/Binaries/Win64/UE4Editor-SteamVR.dll (API version 3944462).
LogModuleManager: Display: Found up-to-date module file ../../../Engine/Plugins/Runtime/Steam/SteamVR/Binaries/Win64/UE4Editor-SteamVRController.dll (API version 3944462).
LogModuleManager: Display: Found up-to-date module file ../../../Engine/Plugins/Runtime/WindowsMoviePlayer/Binaries/Win64/UE4Editor-WindowsMoviePlayer.dll (API version 3944462).
LogPluginManager: Mounting plugin Paper2D
LogPluginManager: Mounting plugin AdvancedSessions
LogPluginManager: Mounting plugin AdvancedSteamSessions
LogPluginManager: Mounting plugin LiveLink
LogPluginManager: Mounting plugin LightPropagationVolume
LogPluginManager: Mounting plugin CLionSourceCodeAccess
LogPluginManager: Mounting plugin CodeLiteSourceCodeAccess
LogPluginManager: Mounting plugin GitSourceControl
LogPluginManager: Mounting plugin KDevelopSourceCodeAccess
LogPluginManager: Mounting plugin NullSourceCodeAccess
LogPluginManager: Mounting plugin PerforceSourceControl
LogPluginManager: Mounting plugin SubversionSourceControl
LogPluginManager: Mounting plugin UObjectPlugin
LogPluginManager: Mounting plugin VisualStudioCodeSourceCodeAccess
LogPluginManager: Mounting plugin VisualStudioSourceCodeAccess
LogPluginManager: Mounting plugin XCodeSourceCodeAccess
LogPluginManager: Mounting plugin AssetManagerEditor
LogPluginManager: Mounting plugin CryptoKeys
LogPluginManager: Mounting plugin DataValidation
LogPluginManager: Mounting plugin FacialAnimation
LogPluginManager: Mounting plugin GameplayTagsEditor
LogPluginManager: Mounting plugin MobileLauncherProfileWizard
LogPluginManager: Mounting plugin PluginBrowser
LogPluginManager: Mounting plugin SpeedTreeImporter
LogPluginManager: Mounting plugin DatasmithContent
LogPluginManager: Mounting plugin AlembicImporter
LogPluginManager: Mounting plugin CharacterAI
LogPluginManager: Mounting plugin HTML5Networking
LogPluginManager: Mounting plugin AndroidMedia
LogPluginManager: Mounting plugin AvfMedia
LogPluginManager: Mounting plugin ImgMedia
LogPluginManager: Mounting plugin LinearTimecode
LogPluginManager: Mounting plugin MediaCompositing
LogPluginManager: Mounting plugin MediaPlayerEditor
LogPluginManager: Mounting plugin WmfMedia
LogPluginManager: Mounting plugin TcpMessaging
LogPluginManager: Mounting plugin UdpMessaging
LogPluginManager: Mounting plugin ActorSequence
LogPluginManager: Mounting plugin LevelSequenceEditor
LogPluginManager: Mounting plugin MatineeToLevelSequence
LogPluginManager: Mounting plugin NetcodeUnitTest
LogPluginManager: Mounting plugin NUTUnrealEngine4
LogPluginManager: Mounting plugin OnlineSubsystemGooglePlay
LogPluginManager: Mounting plugin OnlineSubsystemIOS
LogPluginManager: Mounting plugin OnlineSubsystem
LogPluginManager: Mounting plugin OnlineSubsystemNull
LogPluginManager: Mounting plugin OnlineSubsystemSteam
LogPluginManager: Mounting plugin OnlineSubsystemUtils
LogPluginManager: Mounting plugin AndroidDeviceProfileSelector
LogPluginManager: Mounting plugin AndroidMoviePlayer
LogPluginManager: Mounting plugin AndroidPermission
LogPluginManager: Mounting plugin ApexDestruction
LogPluginManager: Mounting plugin AppleARKit
LogPluginManager: Mounting plugin AppleMoviePlayer
LogPluginManager: Mounting plugin ArchVisCharacter
LogPluginManager: Mounting plugin AudioCapture
LogPluginManager: Mounting plugin CableComponent
LogPluginManager: Mounting plugin CustomMeshComponent
LogPluginManager: Mounting plugin ExampleDeviceProfileSelector
LogPluginManager: Mounting plugin GoogleCloudMessaging
LogPluginManager: Mounting plugin ImmediatePhysics
LogPluginManager: Mounting plugin IOSDeviceProfileSelector
LogPluginManager: Mounting plugin LinuxDeviceProfileSelector
LogPluginManager: Mounting plugin LocationServicesBPLibrary
LogPluginManager: Mounting plugin MobilePatchingUtils
LogPluginManager: Mounting plugin OculusVR
LogPluginManager: Plugin shader directory ../../../Engine/Plugins/Runtime/Oculus/OculusVR/Shaders found
LogPluginManager: Mapping shader source directory ../../../Engine/Plugins/Runtime/Oculus/OculusVR/Shaders to virtual directory /Plugin/OculusVR
LogPluginManager: Mounting plugin PhysXVehicles
LogPluginManager: Mounting plugin ProceduralMeshComponent
LogPluginManager: Mounting plugin RuntimePhysXCooking
LogPluginManager: Mounting plugin SteamVR
LogPluginManager: Mounting plugin WindowsMoviePlayer
LogPluginManager: Mounting plugin VictoryBPLibrary
LogStreaming: Display: Took  0.550s to configure plugins.
LogInit: Using libcurl 7.47.1
LogInit:  - built for x86_64-pc-win32
LogInit:  - supports SSL with OpenSSL/1.0.2g
LogInit:  - supports HTTP deflate (compression) using libz 1.2.8
LogInit:  - other features:
LogInit:      CURL_VERSION_SSL
LogInit:      CURL_VERSION_LIBZ
LogInit:      CURL_VERSION_IPV6
LogInit:      CURL_VERSION_ASYNCHDNS
LogInit:      CURL_VERSION_LARGEFILE
LogInit:      CURL_VERSION_IDN
LogInit:  CurlRequestOptions (configurable via config and command line):
LogInit:  - bVerifyPeer = false  - Libcurl will NOT verify peer certificate
LogInit:  - bUseHttpProxy = false  - Libcurl will NOT use HTTP proxy
LogInit:  - bDontReuseConnections = false  - Libcurl will reuse connections
LogInit:  - CertBundlePath = nullptr  - Libcurl will use whatever was configured at build time.
LogInit:  - MaxHostConnections = 16  - Libcurl will limit the number of connections to a host
LogInit:  - LocalHostAddr = Default
LogOnline: Display: STEAM: Loading Steam SDK 1.39
LogOnline: Warning: STEAM: Steam API disabled!
LogOnline: Display: STEAM: OnlineSubsystemSteam::Shutdown()
LogInit: WinSock: version 1.1 (2.2), MaxSocks=32767, MaxUdp=65467
LogInit: WinSock: I am DESKTOP-LI0N2FC (192.168.29.155:0)
LogInit: Build: ++UE4+Release-4.19-CL-4033788
LogInit: Engine Version: 4.19.2-4033788+++UE4+Release-4.19
LogInit: Compatible Engine Version: 4.19.0-3944462+++UE4+Release-4.19
LogInit: Net CL: 3944462
LogDevObjectVersion: Number of dev versions registered: 18
LogDevObjectVersion:   Dev-Blueprints (B0D832E4-1F89-4F0D-ACCF-7EB736FD4AA2): 10
LogDevObjectVersion:   Dev-Build (E1C64328-A22C-4D53-A36C-8E866417BD8C): 0
LogDevObjectVersion:   Dev-Core (375EC13C-06E4-48FB-B500-84F0262A717E): 2
LogDevObjectVersion:   Dev-Editor (E4B068ED-F494-42E9-A231-DA0B2E46BB41): 23
LogDevObjectVersion:   Dev-Framework (CFFC743F-43B0-4480-9391-14DF171D2073): 33
LogDevObjectVersion:   Dev-Mobile (B02B49B5-BB20-44E9-A304-32B752E40360): 2
LogDevObjectVersion:   Dev-Networking (A4E4105C-59A1-49B5-A7C5-40C4547EDFEE): 0
LogDevObjectVersion:   Dev-Online (39C831C9-5AE6-47DC-9A44-9C173E1C8E7C): 0
LogDevObjectVersion:   Dev-Physics (78F01B33-EBEA-4F98-B9B4-84EACCB95AA2): 0
LogDevObjectVersion:   Dev-Platform (6631380F-2D4D-43E0-8009-CF276956A95A): 0
LogDevObjectVersion:   Dev-Rendering (12F88B9F-8875-4AFC-A67C-D90C383ABD29): 25
LogDevObjectVersion:   Dev-Sequencer (7B5AE74C-D270-4C10-A958-57980B212A5A): 6
LogDevObjectVersion:   Dev-VR (D7296918-1DD6-4BDD-9DE2-64A83CC13884): 1
LogDevObjectVersion:   Dev-LoadTimes (C2A15278-BFE7-4AFE-6C17-90FF531DF755): 1
LogDevObjectVersion:   Private-Geometry (6EACA3D4-40EC-4CC1-B786-8BED09428FC5): 2
LogDevObjectVersion:   Dev-AnimPhys (29E575DD-E0A3-4627-9D10-D276232CDCEA): 16
LogDevObjectVersion:   Dev-ReflectionCapture (6B266CEC-1EC7-4B8F-A30B-E4D90942FC07): 1
LogDevObjectVersion:   Dev-Automation (0DF73D61-A23F-47EA-B727-89E90C41499A): 1
LogInit: Compiled (64-bit): Apr 27 2018 02:06:57
LogInit: Compiled with Visual C++: 19.00.24215.01
LogInit: Build Configuration: Development
LogInit: Branch Name: ++UE4+Release-4.19
LogInit: Command Line:  
LogInit: Base Directory: G:/Epic Games/UE_4.19/Engine/Binaries/Win64/
LogInit: Installed Engine Build: 1
LogStreaming: Display: Took  0.006s to delete old logs.
LogInit: Presizing for max 8388607 objects, including 0 objects not considered by GC, pre-allocating 0 bytes for permanent pool.
LogInit: Object subsystem initialized
[2018.08.22-02.47.34:916][  0]LogInit: Selected Device Profile: [Windows]
[2018.08.22-02.47.34:916][  0]LogInit: Applying CVar settings loaded from the selected device profile: [Windows]
[2018.08.22-02.47.34:935][  0]LogInit: Computer: DESKTOP-LI0N2FC
[2018.08.22-02.47.34:935][  0]LogInit: User: Kappa
[2018.08.22-02.47.34:935][  0]LogInit: CPU Page size=4096, Cores=4
[2018.08.22-02.47.34:935][  0]LogInit: High frequency timer resolution =4.101571 MHz
[2018.08.22-02.47.34:936][  0]LogMemory: Memory total: Physical=31.9GB (32GB approx)
[2018.08.22-02.47.34:936][  0]LogMemory: Platform Memory Stats for Windows
[2018.08.22-02.47.34:936][  0]LogMemory: Process Physical Memory: 275.85 MB used, 275.85 MB peak
[2018.08.22-02.47.34:936][  0]LogMemory: Process Virtual Memory: 264.82 MB used, 264.82 MB peak
[2018.08.22-02.47.34:936][  0]LogMemory: Physical Memory: 7533.73 MB used,  25159.08 MB free, 32692.81 MB total
[2018.08.22-02.47.34:936][  0]LogMemory: Virtual Memory: 4797.07 MB used,  25159.08 MB free, 134217728.00 MB total
[2018.08.22-02.47.34:945][  0]LogInit: Using OS detected language (en-US).
[2018.08.22-02.47.34:945][  0]LogInit: Using OS detected locale (en-US).
[2018.08.22-02.47.34:946][  0]LogTextLocalizationManager: No specific localization for 'en-US' exists, so the 'en' localization will be used.
[2018.08.22-02.47.35:236][  0]LogStreaming: Display: Took  0.292s to EndInitTextLocalization.
[2018.08.22-02.47.35:236][  0]LogInit: Setting process to per monitor DPI aware
[2018.08.22-02.47.35:260][  0]LogSlate: New Slate User Created.  User Index 0, Is Virtual User: 0
[2018.08.22-02.47.35:260][  0]LogSlate: Slate User Registered.  User Index 0, Is Virtual User: 0
[2018.08.22-02.47.35:370][  0]LogD3D11RHI: D3D11 adapters:
[2018.08.22-02.47.35:407][  0]LogD3D11RHI:    0. 'NVIDIA GeForce GTX 1070' (Feature Level 11_0)
[2018.08.22-02.47.35:407][  0]LogD3D11RHI:       8096/0/16346 MB DedicatedVideo/DedicatedSystem/SharedSystem, Outputs:2, VendorId:0x10de
[2018.08.22-02.47.35:408][  0]LogD3D11RHI:    1. 'Microsoft Basic Render Driver' (Feature Level 11_0)
[2018.08.22-02.47.35:408][  0]LogD3D11RHI:       0/0/16346 MB DedicatedVideo/DedicatedSystem/SharedSystem, Outputs:0, VendorId:0x1414
[2018.08.22-02.47.35:408][  0]LogD3D11RHI: Chosen D3D11 Adapter: 0
[2018.08.22-02.47.35:412][  0]LogD3D11RHI: Creating new Direct3DDevice
[2018.08.22-02.47.35:412][  0]LogD3D11RHI:     GPU DeviceId: 0x1b81 (for the marketing name, search the web for "GPU Device Id")
[2018.08.22-02.47.35:412][  0]LogWindows: EnumDisplayDevices:
[2018.08.22-02.47.35:412][  0]LogWindows:    0. 'NVIDIA GeForce GTX 1070' (P:1 D:1)
[2018.08.22-02.47.35:413][  0]LogWindows:    1. 'NVIDIA GeForce GTX 1070' (P:0 D:1)
[2018.08.22-02.47.35:413][  0]LogWindows:    2. 'NVIDIA GeForce GTX 1070' (P:0 D:0)
[2018.08.22-02.47.35:413][  0]LogWindows:    3. 'NVIDIA GeForce GTX 1070' (P:0 D:0)
[2018.08.22-02.47.35:413][  0]LogWindows: DebugString: GetVideoDriverDetailsInvalid PrimaryIsNotTheChoosenAdapter GetVideoDriverDetailsInvalid PrimaryIsNotTheChoosenAdapter GetVideoDriverDetailsInvalid PrimaryIsNotTheChoosenAdapter GetVideoDriverDetailsInvalid PrimaryIsNotTheChoosenAdapter FoundDriverCount:0 
[2018.08.22-02.47.35:413][  0]LogD3D11RHI:     Adapter Name: NVIDIA GeForce GTX 1070
[2018.08.22-02.47.35:413][  0]LogD3D11RHI:   Driver Version: Unknown (internal:Unknown, unified:Unknown)
[2018.08.22-02.47.35:413][  0]LogD3D11RHI:      Driver Date: Unknown
[2018.08.22-02.47.35:413][  0]LogRHI: Texture pool is 5667 MB (70% of 8096 MB)
[2018.08.22-02.47.35:432][  0]LogD3D11RHI: [Aftermath] Aftermath enabled but failed to initialize
[2018.08.22-02.47.35:432][  0]LogD3D11RHI: [Aftermath] Aftermath enabled and primed
[2018.08.22-02.47.35:432][  0]LogD3D11RHI: Async texture creation enabled
[2018.08.22-02.47.35:447][  0]LogD3D11RHI: GPU Timing Frequency: 1000.000000 (Debug: 2 2)
[2018.08.22-02.47.35:536][  0]LogShaderCompilers: Guid format shader working directory is -7 characters bigger than the processId version (../../../../../DarkActive/Unreal Projects/DarkCrystal/Intermediate/Shaders/WorkingDirectory/3116/).
[2018.08.22-02.47.35:536][  0]LogShaderCompilers: Cleaned the shader compiler working directory 'C:/Users/Kappa/AppData/Local/Temp/UnrealShaderWorkingDir/D006768647F514B89FA762B73D1D340C/'.
[2018.08.22-02.47.35:683][  0]LogTemp: Display: Loaded TP AllDesktopTargetPlatform
[2018.08.22-02.47.35:692][  0]LogTemp: Display: Loaded TP MacClientTargetPlatform
[2018.08.22-02.47.35:701][  0]LogTemp: Display: Loaded TP MacNoEditorTargetPlatform
[2018.08.22-02.47.35:710][  0]LogTemp: Display: Loaded TP MacServerTargetPlatform
[2018.08.22-02.47.35:719][  0]LogTemp: Display: Loaded TP MacTargetPlatform
[2018.08.22-02.47.35:728][  0]LogTemp: Display: Loaded TP WindowsClientTargetPlatform
[2018.08.22-02.47.35:737][  0]LogTemp: Display: Loaded TP WindowsNoEditorTargetPlatform
[2018.08.22-02.47.35:746][  0]LogTemp: Display: Loaded TP WindowsServerTargetPlatform
[2018.08.22-02.47.35:750][  0]LogTemp: Display: Loaded TP WindowsTargetPlatform
[2018.08.22-02.47.35:758][  0]LogTemp: Display: Loaded TP Android_ASTCTargetPlatform
[2018.08.22-02.47.35:766][  0]LogTemp: Display: Loaded TP Android_ATCTargetPlatform
[2018.08.22-02.47.35:774][  0]LogTemp: Display: Loaded TP Android_DXTTargetPlatform
[2018.08.22-02.47.35:782][  0]LogTemp: Display: Loaded TP Android_ETC1aTargetPlatform
[2018.08.22-02.47.35:790][  0]LogTemp: Display: Loaded TP Android_ETC1TargetPlatform
[2018.08.22-02.47.35:798][  0]LogTemp: Display: Loaded TP Android_ETC2TargetPlatform
[2018.08.22-02.47.35:814][  0]LogTemp: Display: Loaded TP Android_MultiTargetPlatform
[2018.08.22-02.47.35:814][  0]LogTemp: Display: Loaded TP Android_PVRTCTargetPlatform
[2018.08.22-02.47.35:822][  0]LogTemp: Display: Loaded TP AndroidTargetPlatform
[2018.08.22-02.47.35:823][  0]LogTemp: Display: Loaded TP HTML5TargetPlatform
[2018.08.22-02.47.35:853][  0]LogTemp: Display: Loaded TP IOSTargetPlatform
[2018.08.22-02.47.35:860][  0]LogTemp: Display: Loaded TP TVOSTargetPlatform
[2018.08.22-02.47.35:868][  0]LogTemp: Display: Loaded TP LinuxClientTargetPlatform
[2018.08.22-02.47.35:876][  0]LogTemp: Display: Loaded TP LinuxNoEditorTargetPlatform
[2018.08.22-02.47.35:884][  0]LogTemp: Display: Loaded TP LinuxServerTargetPlatform
[2018.08.22-02.47.35:892][  0]LogTemp: Display: Loaded TP LinuxTargetPlatform
[2018.08.22-02.47.35:892][  0]LogTargetPlatformManager: Display: Building Assets For Windows
[2018.08.22-02.47.35:953][  0]LogXGEController: Cleaning working directory: C:/Users/Kappa/AppData/Local/Temp/UnrealXGEWorkingDir/
[2018.08.22-02.47.35:953][  0]LogXGEController: Cannot use XGE Controller as Incredibuild is not installed on this machine.
[2018.08.22-02.47.35:953][  0]LogShaderCompilers: Cannot use XGE Shader Compiler as Incredibuild is not installed on this machine.
[2018.08.22-02.47.35:953][  0]LogShaderCompilers: Display: Using Local Shader Compiler.
[2018.08.22-02.47.36:391][  0]LogDerivedDataCache: Display: Max Cache Size: 512 MB
[2018.08.22-02.47.36:439][  0]LogDerivedDataCache: Loaded boot cache 0.05s 74MB C:/Users/Kappa/AppData/Local/UnrealEngine/4.19/DerivedDataCache/Boot.ddc.
[2018.08.22-02.47.36:439][  0]LogDerivedDataCache: Display: Loaded Boot cache: C:/Users/Kappa/AppData/Local/UnrealEngine/4.19/DerivedDataCache/Boot.ddc
[2018.08.22-02.47.36:439][  0]LogDerivedDataCache: FDerivedDataBackendGraph:  Pak pak cache file ../../../../../DarkActive/Unreal Projects/DarkCrystal/DerivedDataCache/DDC.ddp not found, will not use a pak cache.
[2018.08.22-02.47.36:439][  0]LogDerivedDataCache: Unable to find inner node Pak for hierarchical cache Hierarchy.
[2018.08.22-02.47.36:439][  0]LogDerivedDataCache: FDerivedDataBackendGraph:  CompressedPak pak cache file ../../../../../DarkActive/Unreal Projects/DarkCrystal/DerivedDataCache/Compressed.ddp not found, will not use a pak cache.
[2018.08.22-02.47.36:440][  0]LogDerivedDataCache: Unable to find inner node CompressedPak for hierarchical cache Hierarchy.
[2018.08.22-02.47.36:452][  0]LogDerivedDataCache: Display: Pak cache opened for reading ../../../Engine/DerivedDataCache/Compressed.ddp.
[2018.08.22-02.47.36:464][  0]LogDerivedDataCache: Using Local data cache path C:/Users/Kappa/AppData/Local/UnrealEngine/Common/DerivedDataCache: Writable
[2018.08.22-02.47.36:464][  0]LogDerivedDataCache: Shared data cache path not found in *engine.ini, will not use an Shared cache.
[2018.08.22-02.47.36:464][  0]LogDerivedDataCache: Unable to find inner node Shared for hierarchical cache Hierarchy.
[2018.08.22-02.47.36:472][  0]LogMaterial: Verifying Global Shaders for PCD3D_SM5
[2018.08.22-02.47.36:472][  0]LogSlate: Using Freetype 2.6.0
[2018.08.22-02.47.36:473][  0]LogSlate: SlateFontCache - WITH_FREETYPE: 1, WITH_HARFBUZZ: 1
[2018.08.22-02.47.36:473][  0]LogSlate: SlateFontCache - WITH_FREETYPE: 1, WITH_HARFBUZZ: 1
[2018.08.22-02.47.36:553][  0]LogAssetRegistry: FAssetRegistry took 0.0249 seconds to start up
[2018.08.22-02.47.36:770][  0]LogInit: Selected Device Profile: [Windows]
[2018.08.22-02.47.36:862][  0]LogSimplygon: Simplygon DLL not present - disabling.
[2018.08.22-02.47.36:863][  0]LogMeshReduction: Using SimplygonSwarm for distributed automatic mesh merging
[2018.08.22-02.47.36:863][  0]LogMeshReduction: Using QuadricMeshReduction for automatic static mesh reduction
[2018.08.22-02.47.36:863][  0]LogMeshReduction: No automatic skeletal mesh reduction module available
[2018.08.22-02.47.36:863][  0]LogMeshReduction: No automatic mesh merging module available
[2018.08.22-02.47.36:863][  0]LogMeshMerging: No automatic mesh merging module available
[2018.08.22-02.47.36:882][  0]LogNetVersion: DarkCrystal , NetCL: 3944462, EngineNetVer: 2, GameNetVer: 0 (Checksum: 1178499891)
[2018.08.22-02.47.37:142][  0]LogPackageLocalizationCache: Processed 9 localized package path(s) for 2 prioritized culture(s) in 0.041189 seconds
[2018.08.22-02.47.37:146][  0]LogUObjectArray: 36735 objects as part of root set at end of initial load.
[2018.08.22-02.47.37:146][  0]LogUObjectAllocator: 7528584 out of 0 bytes used by permanent object pool.
[2018.08.22-02.47.37:146][  0]LogUObjectArray: CloseDisregardForGC: 0/0 objects in disregard for GC pool
[2018.08.22-02.47.38:180][  0]LogTcpMessaging: Initializing TcpMessaging bridge
[2018.08.22-02.47.38:201][  0]LogUdpMessaging: Initializing bridge on interface 0.0.0.0:0 to multicast group 230.0.0.1:6666.
[2018.08.22-02.47.38:465][  0]SourceControl: Source control is disabled
[2018.08.22-02.47.38:465][  0]SourceControl: Source control is disabled
[2018.08.22-02.47.38:473][  0]SourceControl: Source control is disabled
[2018.08.22-02.47.38:482][  0]SourceControl: Source control is disabled
[2018.08.22-02.47.38:782][  0]LogAndroidPermission: UAndroidPermissionCallbackProxy::GetInstance
[2018.08.22-02.47.38:865][  0]LogOcInput: OculusInput pre-init called
[2018.08.22-02.47.38:932][  0]LogEngine: Initializing Engine...
[2018.08.22-02.47.38:933][  0]LogHMD: Failed to initialize OpenVR with code 110
[2018.08.22-02.47.38:934][  0]LogStats: UGameplayTagsManager::ConstructGameplayTagTree: Construct from data asset -  0.000 s
[2018.08.22-02.47.38:934][  0]LogStats: UGameplayTagsManager::ConstructGameplayTagTree: GameplayTagTreeChangedEvent.Broadcast -  0.000 s
[2018.08.22-02.47.39:076][  0]LogAIModule: Creating AISystem for world Untitled
[2018.08.22-02.47.39:085][  0]LogInit: XAudio2 using 'Speakers (Logitech G633 Gaming Headset)' : 2 channels at 48 kHz using 16 bits per sample (channel mask 0x3)
[2018.08.22-02.47.39:097][  0]LogInit: FAudioDevice initialized.
[2018.08.22-02.47.39:136][  0]LogDerivedDataCache: Saved boot cache 0.04s 74MB C:/Users/Kappa/AppData/Local/UnrealEngine/4.19/DerivedDataCache/Boot.ddc.
[2018.08.22-02.47.39:141][  0]LogInit: Texture streaming: Enabled
[2018.08.22-02.47.39:150][  0]LogEngineSessionManager: EngineSessionManager initialized
[2018.08.22-02.47.39:160][  0]LogInit: Transaction tracking system initialized
[2018.08.22-02.47.39:174][  0]BlueprintLog: New page: Editor Load
[2018.08.22-02.47.39:222][  0]LocalizationService: Localization service is disabled
[2018.08.22-02.47.39:283][  0]LogConsoleResponse: Display: 
[2018.08.22-02.47.39:373][  0]LogCook: Display: Max memory allowance for cook 16384mb min free memory 0mb
[2018.08.22-02.47.39:373][  0]LogCook: Display: Mobile HDR setting 1
[2018.08.22-02.47.39:373][  0]LogGameplayTags: Display: UGameplayTagsManager::DoneAddingNativeTags. DelegateIsBound: 0
[2018.08.22-02.47.39:373][  0]LogStats: UGameplayTagsManager::ConstructGameplayTagTree: Construct from data asset -  0.000 s
[2018.08.22-02.47.39:373][  0]LogStats: UGameplayTagsManager::ConstructGameplayTagTree: GameplayTagTreeChangedEvent.Broadcast -  0.000 s
[2018.08.22-02.47.39:573][  0]LogFileCache: Scanning file cache for directory 'G:/DarkActive/Unreal Projects/DarkCrystal/Content/' took 0.02s
[2018.08.22-02.47.39:573][  0]SourceControl: Source control is disabled
[2018.08.22-02.47.39:573][  0]Cmd: MAP LOAD FILE="../../../../../DarkActive/Unreal Projects/DarkCrystal/Content/Maps/MainMenu.umap" TEMPLATE=0 SHOWPROGRESS=1 FEATURELEVEL=3
[2018.08.22-02.47.39:573][  0]LightingResults: New page: Lighting Build
[2018.08.22-02.47.39:575][  0]MapCheck: New page: Map Check
[2018.08.22-02.47.39:575][  0]LightingResults: New page: Lighting Build
[2018.08.22-02.47.39:599][  0]LogUObjectGlobals: Created PersistentFrame Addr=0x0000029df2049800, Size=624, Default__GameInfoInstance_C Function /Game/Blueprints/AllLevels/GameInfoInstance.GameInfoInstance_C:ExecuteUbergraph_GameInfoInstance
[2018.08.22-02.47.39:606][  0]LogUObjectGlobals: Created PersistentFrame Addr=0x0000029d94a4ffb0, Size=40, Default__ErrorDialog_C Function /Game/UI/MainMenu/ErrorDialog.ErrorDialog_C:ExecuteUbergraph_ErrorDialog
[2018.08.22-02.47.39:612][  0]LogUObjectGlobals: Created PersistentFrame Addr=0x0000029d94a49580, Size=80, Default__HostMenu_C Function /Game/UI/MainMenu/HostMenu.HostMenu_C:ExecuteUbergraph_HostMenu
[2018.08.22-02.47.39:620][  0]LogUObjectGlobals: Created PersistentFrame Addr=0x0000029d94a4fe70, Size=40, Default__MainMenu_C Function /Game/UI/MainMenu/MainMenu.MainMenu_C:ExecuteUbergraph_MainMenu
[2018.08.22-02.47.39:625][  0]LogUObjectGlobals: Created PersistentFrame Addr=0x0000029d91246fd0, Size=104, Default__OptionsMenu_C Function /Game/UI/MainMenu/OptionsMenu.OptionsMenu_C:ExecuteUbergraph_OptionsMenu
[2018.08.22-02.47.39:637][  0]LogUObjectGlobals: Created PersistentFrame Addr=0x0000029d9471ee80, Size=600, Default__ServerMenu_C Function /Game/UI/MainMenu/ServerMenu.ServerMenu_C:ExecuteUbergraph_ServerMenu
[2018.08.22-02.47.39:678][  0]LogUObjectGlobals: Destroyed PersistentFrame Addr=0x0000029df2049800, Size=624
[2018.08.22-02.47.39:678][  0]LogUObjectGlobals: Created PersistentFrame Addr=0x0000029d8389e700, Size=624, Default__GameInfoInstance_C Function /Engine/Transient.REINST_GameInfoInstance_C_3:ExecuteUbergraph_GameInfoInstance
[2018.08.22-02.47.39:678][  0]LogUObjectGlobals: Destroyed PersistentFrame Addr=0x0000029d94a4ffb0, Size=40
[2018.08.22-02.47.39:678][  0]LogUObjectGlobals: Created PersistentFrame Addr=0x0000029d94a4ffb0, Size=40, Default__ErrorDialog_C Function /Engine/Transient.REINST_ErrorDialog_C_0:ExecuteUbergraph_ErrorDialog
[2018.08.22-02.47.39:679][  0]LogUObjectGlobals: Destroyed PersistentFrame Addr=0x0000029d94a49580, Size=80
[2018.08.22-02.47.39:679][  0]LogUObjectGlobals: Created PersistentFrame Addr=0x0000029d9502f830, Size=80, Default__HostMenu_C Function /Engine/Transient.REINST_HostMenu_C_1:ExecuteUbergraph_HostMenu
[2018.08.22-02.47.39:679][  0]LogUObjectGlobals: Destroyed PersistentFrame Addr=0x0000029d94a4fe70, Size=40
[2018.08.22-02.47.39:679][  0]LogUObjectGlobals: Created PersistentFrame Addr=0x0000029d94a4fe70, Size=40, Default__MainMenu_C Function /Engine/Transient.REINST_MainMenu_C_3:ExecuteUbergraph_MainMenu
[2018.08.22-02.47.39:680][  0]LogUObjectGlobals: Destroyed PersistentFrame Addr=0x0000029d91246fd0, Size=104
[2018.08.22-02.47.39:680][  0]LogUObjectGlobals: Created PersistentFrame Addr=0x0000029d9501f580, Size=104, Default__OptionsMenu_C Function /Engine/Transient.REINST_OptionsMenu_C_4:ExecuteUbergraph_OptionsMenu
[2018.08.22-02.47.39:680][  0]LogUObjectGlobals: Destroyed PersistentFrame Addr=0x0000029d9471ee80, Size=600
[2018.08.22-02.47.39:680][  0]LogUObjectGlobals: Created PersistentFrame Addr=0x0000029d8389dd00, Size=600, Default__ServerMenu_C Function /Engine/Transient.REINST_ServerMenu_C_5:ExecuteUbergraph_ServerMenu
[2018.08.22-02.47.39:706][  0]LogUObjectGlobals: Created PersistentFrame Addr=0x0000029d94dce980, Size=624, Default__GameInfoInstance_C Function /Game/Blueprints/AllLevels/GameInfoInstance.GameInfoInstance_C:ExecuteUbergraph_GameInfoInstance
[2018.08.22-02.47.39:708][  0]LogUObjectGlobals: Created PersistentFrame Addr=0x0000029d94dd7a38, Size=40, Default__ErrorDialog_C Function /Game/UI/MainMenu/ErrorDialog.ErrorDialog_C:ExecuteUbergraph_ErrorDialog
[2018.08.22-02.47.39:709][  0]LogUObjectGlobals: Created PersistentFrame Addr=0x0000029d94d4b830, Size=80, Default__HostMenu_C Function /Game/UI/MainMenu/HostMenu.HostMenu_C:ExecuteUbergraph_HostMenu
[2018.08.22-02.47.39:710][  0]LogUObjectGlobals: Created PersistentFrame Addr=0x0000029d94dd78d0, Size=40, Default__MainMenu_C Function /Game/UI/MainMenu/MainMenu.MainMenu_C:ExecuteUbergraph_MainMenu
[2018.08.22-02.47.39:712][  0]LogUObjectGlobals: Created PersistentFrame Addr=0x0000029d94cf5a60, Size=104, Default__OptionsMenu_C Function /Game/UI/MainMenu/OptionsMenu.OptionsMenu_C:ExecuteUbergraph_OptionsMenu
[2018.08.22-02.47.39:714][  0]LogUObjectGlobals: Created PersistentFrame Addr=0x0000029d94cfb380, Size=608, Default__ServerMenu_C Function /Game/UI/MainMenu/ServerMenu.ServerMenu_C:ExecuteUbergraph_ServerMenu
[2018.08.22-02.47.39:724][  0]LogUObjectGlobals: Created PersistentFrame Addr=0x0000029d94cbf6a0, Size=32, Default__MainMenu_C Function /Game/Maps/MainMenu.MainMenu_C:ExecuteUbergraph_MainMenu
[2018.08.22-02.47.39:725][  0]LogUObjectGlobals: Destroyed PersistentFrame Addr=0x0000029d94cbf6a0, Size=32
[2018.08.22-02.47.39:725][  0]LogUObjectGlobals: Created PersistentFrame Addr=0x0000029d94cbf6a0, Size=32, MainMenu_C_0 Function /Engine/Transient.REINST_MainMenu_C_13:ExecuteUbergraph_MainMenu
[2018.08.22-02.47.39:726][  0]LogUObjectGlobals: Created PersistentFrame Addr=0x0000029d94cbf960, Size=32, Default__MainMenu_C Function /Game/Maps/MainMenu.MainMenu_C:ExecuteUbergraph_MainMenu
[2018.08.22-02.47.39:817][  0]LogAIModule: Creating AISystem for world MainMenu
[2018.08.22-02.47.39:818][  0]LogEditorServer: Finished looking for orphan Actors (0.000 secs)
[2018.08.22-02.47.39:827][  0]LogUObjectGlobals: Destroyed PersistentFrame Addr=0x0000029d8389e700, Size=624
[2018.08.22-02.47.39:828][  0]LogUObjectGlobals: Destroyed PersistentFrame Addr=0x0000029d94a4ffb0, Size=40
[2018.08.22-02.47.39:828][  0]LogUObjectGlobals: Destroyed PersistentFrame Addr=0x0000029d9502f830, Size=80
[2018.08.22-02.47.39:828][  0]LogUObjectGlobals: Destroyed PersistentFrame Addr=0x0000029d94a4fe70, Size=40
[2018.08.22-02.47.39:828][  0]LogUObjectGlobals: Destroyed PersistentFrame Addr=0x0000029d9501f580, Size=104
[2018.08.22-02.47.39:828][  0]LogUObjectGlobals: Destroyed PersistentFrame Addr=0x0000029d8389dd00, Size=600
[2018.08.22-02.47.39:828][  0]LogUObjectGlobals: Destroyed PersistentFrame Addr=0x0000029d94cbf6a0, Size=32
[2018.08.22-02.47.39:829][  0]Cmd: MAP CHECKDEP NOCLEARLOG
[2018.08.22-02.47.39:853][  0]MapCheck: Map check complete: 0 Error(s), 0 Warning(s), took 24.048ms to complete.
[2018.08.22-02.47.39:853][  0]LogFileHelpers: Loading map 'MainMenu' took 0.280
[2018.08.22-02.47.39:965][  0]LogCollectionManager: Loaded 0 collections in 0.001000 seconds
[2018.08.22-02.47.40:004][  0]LogFileCache: Scanning file cache for directory 'G:/DarkActive/Unreal Projects/DarkCrystal/Saved/Collections/' took 0.01s
[2018.08.22-02.47.40:004][  0]LogFileCache: Scanning file cache for directory 'G:/DarkActive/Unreal Projects/DarkCrystal/Content/Developers/Kappa/Collections/' took 0.01s
[2018.08.22-02.47.40:004][  0]LogFileCache: Scanning file cache for directory 'G:/DarkActive/Unreal Projects/DarkCrystal/Content/Collections/' took 0.01s
[2018.08.22-02.47.40:004][  0]LogCollectionManager: Rebuilt the GUID cache for 0 collections in 0.000000 seconds
[2018.08.22-02.47.40:010][  0]LogContentBrowser: Native class hierarchy populated in 0.0064 seconds. Added 2492 classes and 575 folders.
[2018.08.22-02.47.40:014][  0]LogContentBrowser: Native class hierarchy updated for 'WidgetCarousel' in 0.0001 seconds. Added 0 classes and 0 folders.
[2018.08.22-02.47.40:037][  0]LogContentBrowser: Native class hierarchy updated for 'AddContentDialog' in 0.0001 seconds. Added 0 classes and 0 folders.
[2018.08.22-02.47.40:041][  0]LogContentBrowser: Native class hierarchy updated for 'SceneOutliner' in 0.0002 seconds. Added 1 classes and 2 folders.
[2018.08.22-02.47.40:086][  0]LogSlate: Took 0.000224 seconds to synchronously load lazily loaded font '../../../Engine/Content/Slate/Fonts/Roboto-Regular.ttf' (155K)
[2018.08.22-02.47.40:087][  0]LogSlate: Took 0.000113 seconds to synchronously load lazily loaded font '../../../Engine/Content/Slate/Fonts/Roboto-Bold.ttf' (160K)
[2018.08.22-02.47.40:091][  0]LogSlate: Took 0.000164 seconds to synchronously load lazily loaded font '../../../Engine/Content/Editor/Slate/Fonts/FontAwesome.ttf' (139K)
[2018.08.22-02.47.40:154][  0]LogRenderer: Reallocating scene render targets to support 1616x796 Format 10 NumSamples 1 (Frame:1).
[2018.08.22-02.47.40:247][  0]LogContentBrowser: Native class hierarchy updated for 'HierarchicalLODOutliner' in 0.0002 seconds. Added 0 classes and 0 folders.
[2018.08.22-02.47.40:247][  0]LogLoad: (Engine Initialization) Total time: 6.88 seconds
[2018.08.22-02.47.40:247][  0]LogLoad: (Engine Initialization) Total Blueprint compile time: 0.00 seconds
[2018.08.22-02.47.40:264][  0]LogWindowsTextInputMethodSystem: Display: IME system now deactivated.
[2018.08.22-02.47.40:282][  0]LogContentStreaming: Texture pool size now 1000 MB
[2018.08.22-02.47.40:341][  1]LogAssetRegistry: Asset discovery search completed in 3.8102 seconds
[2018.08.22-02.47.40:344][  1]LogCollectionManager: Rebuilt the object cache for 0 collections in 0.000000 seconds (found 0 objects)
[2018.08.22-02.47.40:344][  1]LogCollectionManager: Fixed up redirectors for 0 collections in 0.000048 seconds (updated 0 objects)
[2018.08.22-02.47.43:269][348]LogSlate: FSceneViewport::OnFocusLost() reason 0
[2018.08.22-02.47.47:144][811]LogSlate: Took 0.000147 seconds to synchronously load lazily loaded font '../../../Engine/Content/Slate/Fonts/Roboto-Light.ttf' (167K)
[2018.08.22-02.47.47:235][811]LogLinker: Can't find file '/Game/Blueprints/Characters/Female/Kachujin/Animations/Montages/AM_Roll'
[2018.08.22-02.47.47:235][811]LogLinker: Can't find file '/Game/Blueprints/Characters/Female/Kachujin/Animations/Montages/AM_Roll'
[2018.08.22-02.47.47:236][811]LogUObjectGlobals: Created PersistentFrame Addr=0x0000029dbfbbc400, Size=544, Default__0_Base_C Function /Game/Blueprints/Characters/0_Base.0_Base_C:ExecuteUbergraph_0_Base
[2018.08.22-02.47.47:244][811]LogUObjectGlobals: Created PersistentFrame Addr=0x0000029dbfe844e0, Size=32, Default__ABP_WoodenBow_C Function /Game/Blueprints/Items/Weapons/WoodenBow/ABP_WoodenBow.ABP_WoodenBow_C:ExecuteUbergraph_ABP_WoodenBow
[2018.08.22-02.47.47:266][811]LogUObjectGlobals: Created PersistentFrame Addr=0x0000029dbfec5400, Size=256, Default__GameplayGM_C Function /Game/Blueprints/Gameplay/GameplayGM.GameplayGM_C:ExecuteUbergraph_GameplayGM
[2018.08.22-02.47.47:267][811]LogUObjectGlobals: Created PersistentFrame Addr=0x0000029dfd7e31f0, Size=72, Default__BPC_MontageManager_C Function /Game/Blueprints/Components/BPC_MontageManager.BPC_MontageManager_C:ExecuteUbergraph_BPC_MontageManager
[2018.08.22-02.47.47:284][811]LogUObjectGlobals: Created PersistentFrame Addr=0x0000029dbf36ee80, Size=544, Default__BP_MaleCharacter_C Function /Game/Blueprints/Characters/0_Base.0_Base_C:ExecuteUbergraph_0_Base
[2018.08.22-02.47.47:288][811]LogUObjectGlobals: Created PersistentFrame Addr=0x0000029dbf342080, Size=2528, Default__GameplayPC_C Function /Game/Blueprints/Gameplay/GameplayPC.GameplayPC_C:ExecuteUbergraph_GameplayPC
[2018.08.22-02.47.47:306][811]LogUObjectGlobals: Created PersistentFrame Addr=0x0000029dbfec89a0, Size=96, Default__GameplayPS_C Function /Game/Blueprints/Gameplay/GameplayPS.GameplayPS_C:ExecuteUbergraph_GameplayPS
[2018.08.22-02.47.47:356][811]LogUObjectGlobals: Created PersistentFrame Addr=0x0000029d86e86480, Size=544, Default__BP_FemaleCharacter_C Function /Game/Blueprints/Characters/0_Base.0_Base_C:ExecuteUbergraph_0_Base
[2018.08.22-02.47.47:358][811]LogUObjectGlobals: Created PersistentFrame Addr=0x0000029d8655ad40, Size=320, Default__ChatWindow_C Function /Game/UI/AllLevels/ChatWindow.ChatWindow_C:ExecuteUbergraph_ChatWindow
[2018.08.22-02.47.47:360][811]LogUObjectGlobals: Created PersistentFrame Addr=0x0000029d86a70480, Size=888, Default__LobbyPC_C Function /Game/Blueprints/Lobby/LobbyPC.LobbyPC_C:ExecuteUbergraph_LobbyPC
[2018.08.22-02.47.47:361][811]LogUObjectGlobals: Created PersistentFrame Addr=0x0000029d86e33d00, Size=752, Default__LobbyGM_C Function /Game/Blueprints/Lobby/LobbyGM.LobbyGM_C:ExecuteUbergraph_LobbyGM
[2018.08.22-02.47.47:376][811]LogUObjectGlobals: Created PersistentFrame Addr=0x0000029d86e2ae00, Size=64, Default__0_BaseAnimBP_C Function /Game/InfinityBladeWarriors/Animations/0_BaseAnimBP.0_BaseAnimBP_C:ExecuteUbergraph_0_BaseAnimBP
[2018.08.22-02.47.47:388][811]LogUObjectGlobals: Created PersistentFrame Addr=0x0000029d87a64400, Size=544, Default__Tusk_C Function /Game/Blueprints/Characters/0_Base.0_Base_C:ExecuteUbergraph_0_Base
[2018.08.22-02.47.47:404][811]LogUObjectGlobals: Created PersistentFrame Addr=0x0000029d87632e80, Size=544, Default__Tusk_C Function /Game/Blueprints/Characters/0_Base.0_Base_C:ExecuteUbergraph_0_Base
[2018.08.22-02.47.47:404][811]LogUObjectGlobals: Created PersistentFrame Addr=0x0000029d87632c00, Size=544, Default__BP_FemaleCharacter_C Function /Game/Blueprints/Characters/0_Base.0_Base_C:ExecuteUbergraph_0_Base
[2018.08.22-02.47.47:406][811]LogUObjectGlobals: Created PersistentFrame Addr=0x0000029d87a91f80, Size=128, Default__ABP_Kachujin_C Function /Game/Characters/Kachujin/ABP_Kachujin.ABP_Kachujin_C:ExecuteUbergraph_ABP_Kachujin
[2018.08.22-02.47.47:419][811]LogUObjectGlobals: Created PersistentFrame Addr=0x0000029d8756ce00, Size=544, Default__BP_MaleCharacter_C Function /Game/Blueprints/Characters/0_Base.0_Base_C:ExecuteUbergraph_0_Base
[2018.08.22-02.47.47:450][811]LogUObjectGlobals: Created PersistentFrame Addr=0x0000029d871f3dd0, Size=112, Default__ABP_BerserkerDefault_C Function /Game/Characters/Berserker_S1/Blueprints/ABP_BerserkerDefault.ABP_BerserkerDefault_C:ExecuteUbergraph_ABP_BerserkerDefault
[2018.08.22-02.47.47:584][811]LogUObjectGlobals: Created PersistentFrame Addr=0x0000029d8c175bc0, Size=80, Default__CharacterSelect_C Function /Game/UI/Lobby/CharacterSelect.CharacterSelect_C:ExecuteUbergraph_CharacterSelect
[2018.08.22-02.47.47:587][811]LogUObjectGlobals: Created PersistentFrame Addr=0x0000029d8c162fc0, Size=312, Default__LobbyMenu_C Function /Game/UI/Lobby/LobbyMenu.LobbyMenu_C:ExecuteUbergraph_LobbyMenu
[2018.08.22-02.47.47:595][811]LogUObjectGlobals: Created PersistentFrame Addr=0x0000029d8c1676d0, Size=4, Default__ConnectedPlayer_C Function /Game/UI/Lobby/ConnectedPlayer.ConnectedPlayer_C:ExecuteUbergraph_ConnectedPlayer
[2018.08.22-02.47.47:604][811]LogUObjectGlobals: Created PersistentFrame Addr=0x0000029d891d97a0, Size=32, Default__PlayerButton_C Function /Game/UI/Lobby/PlayerButton.PlayerButton_C:ExecuteUbergraph_PlayerButton
[2018.08.22-02.47.47:609][811]LogUObjectGlobals: Created PersistentFrame Addr=0x0000029d8bd27b80, Size=192, Default__GameSettings_C Function /Game/UI/Lobby/GameSettings.GameSettings_C:ExecuteUbergraph_GameSettings
[2018.08.22-02.47.47:704][811]LogLinker: Display: CreateExport: Failed to load Parent for Function /Game/Blueprints/Items/Weapons/BP_BaseWeapon.BP_BaseWeapon_C:UserConstructionScript; removing parent information, but keeping function
[2018.08.22-02.47.47:751][811]LogUObjectGlobals: Destroyed PersistentFrame Addr=0x0000029d86e2ae00, Size=64
[2018.08.22-02.47.47:751][811]LogUObjectGlobals: Created PersistentFrame Addr=0x0000029d8c519080, Size=64, Default__0_BaseAnimBP_C Function /Engine/Transient.REINST_0_BaseAnimBP_C_0:ExecuteUbergraph_0_BaseAnimBP
[2018.08.22-02.47.47:753][811]LogUObjectGlobals: Destroyed PersistentFrame Addr=0x0000029d871f3dd0, Size=112
[2018.08.22-02.47.47:753][811]LogUObjectGlobals: Created PersistentFrame Addr=0x0000029d8c8eb900, Size=112, Default__ABP_BerserkerDefault_C Function /Engine/Transient.REINST_ABP_BerserkerDefault_C_1:ExecuteUbergraph_ABP_BerserkerDefault
[2018.08.22-02.47.47:753][811]LogUObjectGlobals: Destroyed PersistentFrame Addr=0x0000029d87a91f80, Size=128
[2018.08.22-02.47.47:753][811]LogUObjectGlobals: Created PersistentFrame Addr=0x0000029d8c510100, Size=128, Default__ABP_Kachujin_C Function /Engine/Transient.REINST_ABP_Kachujin_C_2:ExecuteUbergraph_ABP_Kachujin
[2018.08.22-02.47.47:753][811]LogUObjectGlobals: Destroyed PersistentFrame Addr=0x0000029dbfe844e0, Size=32
[2018.08.22-02.47.47:754][811]LogUObjectGlobals: Created PersistentFrame Addr=0x0000029d8c8d13c0, Size=32, Default__ABP_WoodenBow_C Function /Engine/Transient.REINST_ABP_WoodenBow_C_3:ExecuteUbergraph_ABP_WoodenBow
[2018.08.22-02.47.47:754][811]LogUObjectGlobals: Destroyed PersistentFrame Addr=0x0000029dfd7e31f0, Size=72
[2018.08.22-02.47.47:754][811]LogUObjectGlobals: Created PersistentFrame Addr=0x0000029d87584220, Size=72, Default__BPC_MontageManager_C Function /Engine/Transient.REINST_BPC_MontageManager_C_30:ExecuteUbergraph_BPC_MontageManager
[2018.08.22-02.47.47:755][811]LogUObjectGlobals: Destroyed PersistentFrame Addr=0x0000029dbfbbc400, Size=544
[2018.08.22-02.47.47:755][811]LogUObjectGlobals: Created PersistentFrame Addr=0x0000029d8c6b2480, Size=544, Default__0_Base_C Function /Engine/Transient.REINST_0_Base_C_33:ExecuteUbergraph_0_Base
[2018.08.22-02.47.47:756][811]LogUObjectGlobals: Destroyed PersistentFrame Addr=0x0000029d8c175bc0, Size=80
[2018.08.22-02.47.47:756][811]LogUObjectGlobals: Created PersistentFrame Addr=0x0000029d8c9353f0, Size=80, Default__CharacterSelect_C Function /Engine/Transient.REINST_CharacterSelect_C_6:ExecuteUbergraph_CharacterSelect
[2018.08.22-02.47.47:757][811]LogUObjectGlobals: Destroyed PersistentFrame Addr=0x0000029d8655ad40, Size=320
[2018.08.22-02.47.47:757][811]LogUObjectGlobals: Created PersistentFrame Addr=0x0000029d8c6cd580, Size=320, Default__ChatWindow_C Function /Engine/Transient.REINST_ChatWindow_C_8:ExecuteUbergraph_ChatWindow
[2018.08.22-02.47.47:757][811]LogUObjectGlobals: Destroyed PersistentFrame Addr=0x0000029d8c1676d0, Size=4
[2018.08.22-02.47.47:757][811]LogUObjectGlobals: Created PersistentFrame Addr=0x0000029d8b805640, Size=4, Default__ConnectedPlayer_C Function /Engine/Transient.REINST_ConnectedPlayer_C_9:ExecuteUbergraph_ConnectedPlayer
[2018.08.22-02.47.47:759][811]LogUObjectGlobals: Destroyed PersistentFrame Addr=0x0000029dbf342080, Size=2528
[2018.08.22-02.47.47:759][811]LogUObjectGlobals: Created PersistentFrame Addr=0x0000029d8c94e080, Size=2528, Default__GameplayPC_C Function /Engine/Transient.REINST_GameplayPC_C_36:ExecuteUbergraph_GameplayPC
[2018.08.22-02.47.47:759][811]LogUObjectGlobals: Destroyed PersistentFrame Addr=0x0000029dbfec89a0, Size=96
[2018.08.22-02.47.47:759][811]LogUObjectGlobals: Created PersistentFrame Addr=0x0000029d8c8b6e00, Size=96, Default__GameplayPS_C Function /Engine/Transient.REINST_GameplayPS_C_37:ExecuteUbergraph_GameplayPS
[2018.08.22-02.47.47:759][811]LogUObjectGlobals: Destroyed PersistentFrame Addr=0x0000029d8bd27b80, Size=192
[2018.08.22-02.47.47:759][811]LogUObjectGlobals: Created PersistentFrame Addr=0x0000029d8755fe80, Size=192, Default__GameSettings_C Function /Engine/Transient.REINST_GameSettings_C_11:ExecuteUbergraph_GameSettings
[2018.08.22-02.47.47:760][811]LogUObjectGlobals: Destroyed PersistentFrame Addr=0x0000029d8c162fc0, Size=312
[2018.08.22-02.47.47:760][811]LogUObjectGlobals: Created PersistentFrame Addr=0x0000029d8c6cca40, Size=312, Default__LobbyMenu_C Function /Engine/Transient.REINST_LobbyMenu_C_12:ExecuteUbergraph_LobbyMenu
[2018.08.22-02.47.47:761][811]LogUObjectGlobals: Destroyed PersistentFrame Addr=0x0000029d86a70480, Size=888
[2018.08.22-02.47.47:761][811]LogUObjectGlobals: Created PersistentFrame Addr=0x0000029d8cd74800, Size=888, Default__LobbyPC_C Function /Engine/Transient.REINST_LobbyPC_C_38:ExecuteUbergraph_LobbyPC
[2018.08.22-02.47.47:761][811]LogUObjectGlobals: Destroyed PersistentFrame Addr=0x0000029d891d97a0, Size=32
[2018.08.22-02.47.47:761][811]LogUObjectGlobals: Created PersistentFrame Addr=0x0000029d8c8d0700, Size=32, Default__PlayerButton_C Function /Engine/Transient.REINST_PlayerButton_C_13:ExecuteUbergraph_PlayerButton
[2018.08.22-02.47.47:761][811]LogUObjectGlobals: Destroyed PersistentFrame Addr=0x0000029d87632c00, Size=544
[2018.08.22-02.47.47:761][811]LogUObjectGlobals: Created PersistentFrame Addr=0x0000029d8c6b3100, Size=544, Default__BP_FemaleCharacter_C Function /Engine/Transient.REINST_0_Base_C_33:ExecuteUbergraph_0_Base
[2018.08.22-02.47.47:761][811]LogUObjectGlobals: Destroyed PersistentFrame Addr=0x0000029d8756ce00, Size=544
[2018.08.22-02.47.47:761][811]LogUObjectGlobals: Created PersistentFrame Addr=0x0000029d8c6b1d00, Size=544, Default__BP_MaleCharacter_C Function /Engine/Transient.REINST_0_Base_C_33:ExecuteUbergraph_0_Base
[2018.08.22-02.47.47:762][811]LogUObjectGlobals: Destroyed PersistentFrame Addr=0x0000029dbfec5400, Size=256
[2018.08.22-02.47.47:762][811]LogUObjectGlobals: Created PersistentFrame Addr=0x0000029d875c6c00, Size=256, Default__GameplayGM_C Function /Engine/Transient.REINST_GameplayGM_C_41:ExecuteUbergraph_GameplayGM
[2018.08.22-02.47.47:762][811]LogUObjectGlobals: Destroyed PersistentFrame Addr=0x0000029d86e33d00, Size=752
[2018.08.22-02.47.47:762][811]LogUObjectGlobals: Created PersistentFrame Addr=0x0000029d8cd43700, Size=752, Default__LobbyGM_C Function /Engine/Transient.REINST_LobbyGM_C_42:ExecuteUbergraph_LobbyGM
[2018.08.22-02.47.47:762][811]LogUObjectGlobals: Destroyed PersistentFrame Addr=0x0000029d87632e80, Size=544
[2018.08.22-02.47.47:762][811]LogUObjectGlobals: Created PersistentFrame Addr=0x0000029d8c6b1a80, Size=544, Default__Tusk_C Function /Engine/Transient.REINST_0_Base_C_33:ExecuteUbergraph_0_Base
[2018.08.22-02.47.47:880][811]LogUObjectGlobals: Created PersistentFrame Addr=0x0000029d9145a7a0, Size=72, Default__0_BaseAnimBP_C Function /Game/InfinityBladeWarriors/Animations/0_BaseAnimBP.0_BaseAnimBP_C:ExecuteUbergraph_0_BaseAnimBP
[2018.08.22-02.47.47:881][811]LogUObjectGlobals: Created PersistentFrame Addr=0x0000029d913f9ec0, Size=112, Default__ABP_BerserkerDefault_C Function /Game/Characters/Berserker_S1/Blueprints/ABP_BerserkerDefault.ABP_BerserkerDefault_C:ExecuteUbergraph_ABP_BerserkerDefault
[2018.08.22-02.47.47:883][811]LogUObjectGlobals: Created PersistentFrame Addr=0x0000029d913b3700, Size=128, Default__ABP_Kachujin_C Function /Game/Characters/Kachujin/ABP_Kachujin.ABP_Kachujin_C:ExecuteUbergraph_ABP_Kachujin
[2018.08.22-02.47.47:884][811]LogUObjectGlobals: Created PersistentFrame Addr=0x0000029d9140d180, Size=32, Default__ABP_WoodenBow_C Function /Game/Blueprints/Items/Weapons/WoodenBow/ABP_WoodenBow.ABP_WoodenBow_C:ExecuteUbergraph_ABP_WoodenBow
[2018.08.22-02.47.47:887][811]LogUObjectGlobals: Created PersistentFrame Addr=0x0000029d913622a0, Size=72, Default__BPC_MontageManager_C Function /Game/Blueprints/Components/BPC_MontageManager.BPC_MontageManager_C:ExecuteUbergraph_BPC_MontageManager
[2018.08.22-02.47.47:892][811]LogUObjectGlobals: Created PersistentFrame Addr=0x0000029d8d169080, Size=544, Default__0_Base_C Function /Game/Blueprints/Characters/0_Base.0_Base_C:ExecuteUbergraph_0_Base
[2018.08.22-02.47.47:895][811]LogUObjectGlobals: Created PersistentFrame Addr=0x0000029d8d0d4bd0, Size=80, Default__CharacterSelect_C Function /Game/UI/Lobby/CharacterSelect.CharacterSelect_C:ExecuteUbergraph_CharacterSelect
[2018.08.22-02.47.47:896][811]LogUObjectGlobals: Created PersistentFrame Addr=0x0000029d9144e980, Size=320, Default__ChatWindow_C Function /Game/UI/AllLevels/ChatWindow.ChatWindow_C:ExecuteUbergraph_ChatWindow
[2018.08.22-02.47.47:896][811]LogUObjectGlobals: Created PersistentFrame Addr=0x0000029d91402bc8, Size=4, Default__ConnectedPlayer_C Function /Game/UI/Lobby/ConnectedPlayer.ConnectedPlayer_C:ExecuteUbergraph_ConnectedPlayer
[2018.08.22-02.47.47:905][811]LogUObjectGlobals: Created PersistentFrame Addr=0x0000029d8d05f580, Size=2528, Default__GameplayPC_C Function /Game/Blueprints/Gameplay/GameplayPC.GameplayPC_C:ExecuteUbergraph_GameplayPC
[2018.08.22-02.47.47:909][811]LogUObjectGlobals: Created PersistentFrame Addr=0x0000029d8cfed600, Size=96, Default__GameplayPS_C Function /Game/Blueprints/Gameplay/GameplayPS.GameplayPS_C:ExecuteUbergraph_GameplayPS
[2018.08.22-02.47.47:911][811]LogUObjectGlobals: Created PersistentFrame Addr=0x0000029d8ced5b40, Size=192, Default__GameSettings_C Function /Game/UI/Lobby/GameSettings.GameSettings_C:ExecuteUbergraph_GameSettings
[2018.08.22-02.47.47:914][811]LogUObjectGlobals: Created PersistentFrame Addr=0x0000029d9144e340, Size=320, Default__LobbyMenu_C Function /Game/UI/Lobby/LobbyMenu.LobbyMenu_C:ExecuteUbergraph_LobbyMenu
[2018.08.22-02.47.47:917][811]LogUObjectGlobals: Created PersistentFrame Addr=0x0000029d8ce7a080, Size=888, Default__LobbyPC_C Function /Game/Blueprints/Lobby/LobbyPC.LobbyPC_C:ExecuteUbergraph_LobbyPC
[2018.08.22-02.47.47:918][811]LogUObjectGlobals: Created PersistentFrame Addr=0x0000029d8ce22840, Size=32, Default__PlayerButton_C Function /Game/UI/Lobby/PlayerButton.PlayerButton_C:ExecuteUbergraph_PlayerButton
[2018.08.22-02.47.47:919][811]LogUObjectGlobals: Created PersistentFrame Addr=0x0000029d8cdfee80, Size=544, Default__BP_FemaleCharacter_C Function /Game/Blueprints/Characters/0_Base.0_Base_C:ExecuteUbergraph_0_Base
[2018.08.22-02.47.47:919][811]LogUObjectGlobals: Created PersistentFrame Addr=0x0000029d8cdfe980, Size=544, Default__BP_MaleCharacter_C Function /Game/Blueprints/Characters/0_Base.0_Base_C:ExecuteUbergraph_0_Base
[2018.08.22-02.47.47:920][811]LogUObjectGlobals: Created PersistentFrame Addr=0x0000029d8cdabc00, Size=256, Default__GameplayGM_C Function /Game/Blueprints/Gameplay/GameplayGM.GameplayGM_C:ExecuteUbergraph_GameplayGM
[2018.08.22-02.47.47:923][811]LogUObjectGlobals: Created PersistentFrame Addr=0x0000029d8cdaeb00, Size=752, Default__LobbyGM_C Function /Game/Blueprints/Lobby/LobbyGM.LobbyGM_C:ExecuteUbergraph_LobbyGM
[2018.08.22-02.47.47:924][811]LogUObjectGlobals: Created PersistentFrame Addr=0x0000029d8cdfd580, Size=544, Default__Tusk_C Function /Game/Blueprints/Characters/0_Base.0_Base_C:ExecuteUbergraph_0_Base
[2018.08.22-02.47.48:231][811]LogSkeletalMesh: Skeletal Mesh found in DDC [0.363519ms] /Game/InfinityBladeWarriors/Character/CompleteCharacters/SK_CharM_Tusk.SK_CharM_Tusk
[2018.08.22-02.47.48:246][811]LogSkeletalMesh: Skeletal Mesh found in DDC [2.449793ms] /Game/Characters/Berserker_S1/Meshes/Combines/SK_Berserker.SK_Berserker
[2018.08.22-02.47.48:343][811]LogSkeletalMesh: Skeletal Mesh found in DDC [0.151162ms] /Game/Blueprints/Items/Weapons/RelicSword/SK_RelicSword.SK_RelicSword
[2018.08.22-02.47.48:403][811]LogSkeletalMesh: Skeletal Mesh found in DDC [0.917697ms] /Game/Characters/Kachujin/SK_Kachujin.SK_Kachujin
[2018.08.22-02.47.48:505][811]LogSkeletalMesh: Skeletal Mesh found in DDC [0.186270ms] /Game/Blueprints/Items/Weapons/WoodenBow/SK_WoodenBow.SK_WoodenBow
[2018.08.22-02.47.48:669][811]LogAIModule: Creating AISystem for world Arena01
[2018.08.22-02.47.48:693][811]LogUObjectGlobals: Destroyed PersistentFrame Addr=0x0000029d875c6c00, Size=256
[2018.08.22-02.47.48:694][811]LogUObjectGlobals: Destroyed PersistentFrame Addr=0x0000029d8c8d13c0, Size=32
[2018.08.22-02.47.48:694][811]LogUObjectGlobals: Destroyed PersistentFrame Addr=0x0000029d8c6b2480, Size=544
[2018.08.22-02.47.48:694][811]LogUObjectGlobals: Destroyed PersistentFrame Addr=0x0000029d87584220, Size=72
[2018.08.22-02.47.48:694][811]LogUObjectGlobals: Destroyed PersistentFrame Addr=0x0000029d8c6b1d00, Size=544
[2018.08.22-02.47.48:694][811]LogUObjectGlobals: Destroyed PersistentFrame Addr=0x0000029d8c94e080, Size=2528
[2018.08.22-02.47.48:694][811]LogUObjectGlobals: Destroyed PersistentFrame Addr=0x0000029d8c8b6e00, Size=96
[2018.08.22-02.47.48:694][811]LogUObjectGlobals: Destroyed PersistentFrame Addr=0x0000029d8c6b3100, Size=544
[2018.08.22-02.47.48:694][811]LogUObjectGlobals: Destroyed PersistentFrame Addr=0x0000029d8c6cd580, Size=320
[2018.08.22-02.47.48:694][811]LogUObjectGlobals: Destroyed PersistentFrame Addr=0x0000029d8cd74800, Size=888
[2018.08.22-02.47.48:694][811]LogUObjectGlobals: Destroyed PersistentFrame Addr=0x0000029d8cd43700, Size=752
[2018.08.22-02.47.48:694][811]LogUObjectGlobals: Destroyed PersistentFrame Addr=0x0000029d8c519080, Size=64
[2018.08.22-02.47.48:694][811]LogUObjectGlobals: Destroyed PersistentFrame Addr=0x0000029d8c6b1a80, Size=544
[2018.08.22-02.47.48:694][811]LogUObjectGlobals: Destroyed PersistentFrame Addr=0x0000029d8c510100, Size=128
[2018.08.22-02.47.48:694][811]LogUObjectGlobals: Destroyed PersistentFrame Addr=0x0000029d8c8eb900, Size=112
[2018.08.22-02.47.48:694][811]LogUObjectGlobals: Destroyed PersistentFrame Addr=0x0000029d8c9353f0, Size=80
[2018.08.22-02.47.48:694][811]LogUObjectGlobals: Destroyed PersistentFrame Addr=0x0000029d8c6cca40, Size=312
[2018.08.22-02.47.48:694][811]LogUObjectGlobals: Destroyed PersistentFrame Addr=0x0000029d8b805640, Size=4
[2018.08.22-02.47.48:694][811]LogUObjectGlobals: Destroyed PersistentFrame Addr=0x0000029d8c8d0700, Size=32
[2018.08.22-02.47.48:694][811]LogUObjectGlobals: Destroyed PersistentFrame Addr=0x0000029d8755fe80, Size=192
[2018.08.22-02.47.48:700][811]Cmd: MAP LOAD FILE="../../../../../DarkActive/Unreal Projects/DarkCrystal/Content/Maps/Arena01.umap" TEMPLATE=0 SHOWPROGRESS=1 FEATURELEVEL=3
[2018.08.22-02.47.48:700][811]LightingResults: New page: Lighting Build
[2018.08.22-02.47.48:700][811]LoadErrors: New page: Loading map: Arena01.umap
[2018.08.22-02.47.48:700][811]MapCheck: New page: Map Check
[2018.08.22-02.47.48:700][811]LightingResults: New page: Lighting Build
[2018.08.22-02.47.48:710][811]LogUObjectGlobals: Destroyed PersistentFrame Addr=0x0000029d94cbf960, Size=32
[2018.08.22-02.47.48:782][811]LogEditorServer: Finished looking for orphan Actors (0.000 secs)
[2018.08.22-02.47.48:824][811]Cmd: MAP CHECKDEP NOCLEARLOG
[2018.08.22-02.47.48:873][811]MapCheck: Map check complete: 0 Error(s), 0 Warning(s), took 48.331ms to complete.
[2018.08.22-02.47.48:873][811]LogFileHelpers: Loading map 'Arena01' took 0.174
[2018.08.22-02.47.50:397][986]LogTemp: Repeating last play command: Standalone Game
[2018.08.22-02.49.36:294][618]LogSkeletalMesh: Skeletal Mesh found in DDC [6.014524ms] /Game/AnimStarterPack/UE4_Mannequin/Mesh/SK_Mannequin.SK_Mannequin
[2018.08.22-02.49.59:423][140]LogSlate: Window 'Pick Parent Class' being destroyed
[2018.08.22-02.50.57:154][ 83]LogSlate: Window 'Save Content' being destroyed
[2018.08.22-02.50.57:170][ 83]Cmd: OBJ SAVEPACKAGE PACKAGE="/Game/AnimStarterPack/UE4_Mannequin/TestBP" FILE="../../../../../DarkActive/Unreal Projects/DarkCrystal/Content/AnimStarterPack/UE4_Mannequin/TestBP.uasset" SILENT=true
[2018.08.22-02.50.57:178][ 83]LogSavePackage: Save=6.92ms
[2018.08.22-02.50.57:178][ 83]LogSavePackage: Moving '../../../../../DarkActive/Unreal Projects/DarkCrystal/Saved/TestBPF0DE320843E2F56483C764BD4DA4A23B.tmp' to '../../../../../DarkActive/Unreal Projects/DarkCrystal/Content/AnimStarterPack/UE4_Mannequin/TestBP.uasset'
[2018.08.22-02.50.57:180][ 83]LogSavePackage: Display: Finished SavePackage ../../../../../DarkActive/Unreal Projects/DarkCrystal/Content/AnimStarterPack/UE4_Mannequin/TestBP.uasset
[2018.08.22-02.51.13:209][388]LogSlate: Window 'Delete Assets' being destroyed
[2018.08.22-02.54.39:871][928]LogWindows: Warning: CreateProc failed: The system cannot find the file specified. (0x00000002)
[2018.08.22-02.54.39:871][928]LogWindows: Warning: URL: C:/Program Files/Git/bin/git.exe version
[2018.08.22-02.54.39:871][928]LogWindows: Warning: CreateProc failed: The system cannot find the file specified. (0x00000002)
[2018.08.22-02.54.39:871][928]LogWindows: Warning: URL: C:/Program Files (x86)/Git/bin/git.exe version
[2018.08.22-02.54.39:871][928]LogWindows: Warning: CreateProc failed: The system cannot find the file specified. (0x00000002)
[2018.08.22-02.54.39:871][928]LogWindows: Warning: URL: C:\Users\Kappa\AppData\Local/Programs/Git/cmd/git.exe version
[2018.08.22-02.54.39:872][928]LogWindows: Warning: CreateProc failed: The system cannot find the file specified. (0x00000002)
[2018.08.22-02.54.39:872][928]LogWindows: Warning: URL: C:/Program Files (x86)/SmartGit/git/bin/git.exe version
[2018.08.22-02.54.39:872][928]LogWindows: Warning: CreateProc failed: The system cannot find the file specified. (0x00000002)
[2018.08.22-02.54.39:872][928]LogWindows: Warning: URL: C:/Program Files (x86)/SmartGit/bin/git.exe version
[2018.08.22-02.54.39:872][928]LogWindows: Warning: CreateProc failed: The system cannot find the file specified. (0x00000002)
[2018.08.22-02.54.39:872][928]LogWindows: Warning: URL: C:\Users\Kappa\AppData\Local/Atlassian/SourceTree/git_local/bin/git.exe version
[2018.08.22-02.54.39:872][928]LogWindows: Warning: CreateProc failed: The system cannot find the file specified. (0x00000002)
[2018.08.22-02.54.39:872][928]LogWindows: Warning: URL: C:/Program Files (x86)/fournova/Tower/vendor/Git/bin/git.exe version
