Log file open, 08/09/18 05:16:01
LogWindows: Failed to load 'aqProf.dll' (GetLastError=126)
LogWindows: File 'aqProf.dll' does not exist
LogWindows: Failed to load 'VtuneApi.dll' (GetLastError=126)
LogWindows: File 'VtuneApi.dll' does not exist
LogWindows: Failed to load 'VtuneApi32e.dll' (GetLastError=126)
LogWindows: File 'VtuneApi32e.dll' does not exist
LogInit: Display: Running engine for game: DarkCrystal
LogPlatformFile: Not using cached read wrapper
LogInit: Display: RandInit(-112592544) SRandInit(-112592544).
LogInit: Read version file with build ID '3944462'
LogInit: Overriding engine version to CL 4033788, compatible CL 3944462
LogInit: Registered custom module enumerator with build ID '3944462'
LogTaskGraph: Started task graph with 5 named threads and 23 total threads with 3 sets of task threads.
LogStats: Stats thread started at 0.260531
LogD3D11RHI: Aftermath initialized
LogICUInternationalization: Display: ICU TimeZone Detection - Raw Offset: -8:00, Platform Override: ''
LogModuleManager: Display: Found up-to-date module file ../../../Engine/Plugins/Online/OnlineSubsystemSteam/Binaries/Win64/UE4Editor-OnlineSubsystemSteam.dll (API version 3944462).
LogModuleManager: Display: Found up-to-date module file ../../../Engine/Plugins/Online/OnlineSubsystem/Binaries/Win64/UE4Editor-OnlineSubsystem.dll (API version 3944462).
LogModuleManager: Display: Found up-to-date module file ../../../Engine/Plugins/Online/OnlineSubsystemUtils/Binaries/Win64/UE4Editor-OnlineSubsystemUtils.dll (API version 3944462).
LogModuleManager: Display: Found up-to-date module file ../../../Engine/Plugins/Online/OnlineSubsystemUtils/Binaries/Win64/UE4Editor-OnlineBlueprintSupport.dll (API version 3944462).
LogModuleManager: Display: Found up-to-date module file ../../../Engine/Plugins/VictoryPlugin/Binaries/Win64/UE4Editor-VictoryBPLibrary.dll (API version 3944462).
LogModuleManager: Display: Found up-to-date module file ../../../Engine/Plugins/Runtime/ApexDestruction/Binaries/Win64/UE4Editor-ApexDestruction.dll (API version 3944462).
LogModuleManager: Display: Found up-to-date module file ../../../Engine/Plugins/Runtime/ApexDestruction/Binaries/Win64/UE4Editor-ApexDestructionEditor.dll (API version 3944462).
LogModuleManager: Display: Found up-to-date module file ../../../Engine/Plugins/AdvancedSessions/AdvancedSessions/Binaries/Win64/UE4Editor-AdvancedSessions.dll (API version 3944462).
LogModuleManager: Display: Found up-to-date module file ../../../Engine/Plugins/AdvancedSessions/AdvancedSteamSessions/Binaries/Win64/UE4Editor-AdvancedSteamSessions.dll (API version 3944462).
LogModuleManager: Display: Found up-to-date module file ../../../Engine/Plugins/2D/Paper2D/Binaries/Win64/UE4Editor-Paper2D.dll (API version 3944462).
LogModuleManager: Display: Found up-to-date module file ../../../Engine/Plugins/2D/Paper2D/Binaries/Win64/UE4Editor-Paper2DEditor.dll (API version 3944462).
LogModuleManager: Display: Found up-to-date module file ../../../Engine/Plugins/2D/Paper2D/Binaries/Win64/UE4Editor-PaperSpriteSheetImporter.dll (API version 3944462).
LogModuleManager: Display: Found up-to-date module file ../../../Engine/Plugins/2D/Paper2D/Binaries/Win64/UE4Editor-PaperTiledImporter.dll (API version 3944462).
LogModuleManager: Display: Found up-to-date module file ../../../Engine/Plugins/2D/Paper2D/Binaries/Win64/UE4Editor-SmartSnapping.dll (API version 3944462).
LogModuleManager: Display: Found up-to-date module file ../../../Engine/Plugins/Blendables/LightPropagationVolume/Binaries/Win64/UE4Editor-LightPropagationVolumeRuntime.dll (API version 3944462).
LogModuleManager: Display: Found up-to-date module file ../../../Engine/Plugins/Blendables/LightPropagationVolume/Binaries/Win64/UE4Editor-LightPropagationVolumeEditor.dll (API version 3944462).
LogModuleManager: Display: Found up-to-date module file ../../../Engine/Plugins/Developer/CLionSourceCodeAccess/Binaries/Win64/UE4Editor-CLionSourceCodeAccess.dll (API version 3944462).
LogModuleManager: Display: Found up-to-date module file ../../../Engine/Plugins/Developer/GitSourceControl/Binaries/Win64/UE4Editor-GitSourceControl.dll (API version 3944462).
LogModuleManager: Display: Found up-to-date module file ../../../Engine/Plugins/Developer/PerforceSourceControl/Binaries/Win64/UE4Editor-PerforceSourceControl.dll (API version 3944462).
LogModuleManager: Display: Found up-to-date module file ../../../Engine/Plugins/Developer/SubversionSourceControl/Binaries/Win64/UE4Editor-SubversionSourceControl.dll (API version 3944462).
LogModuleManager: Display: Found up-to-date module file ../../../Engine/Plugins/Developer/UObjectPlugin/Binaries/Win64/UE4Editor-UObjectPlugin.dll (API version 3944462).
LogModuleManager: Display: Found up-to-date module file ../../../Engine/Plugins/Developer/VisualStudioCodeSourceCodeAccess/Binaries/Win64/UE4Editor-VisualStudioCodeSourceCodeAccess.dll (API version 3944462).
LogModuleManager: Display: Found up-to-date module file ../../../Engine/Plugins/Developer/VisualStudioSourceCodeAccess/Binaries/Win64/UE4Editor-VisualStudioSourceCodeAccess.dll (API version 3944462).
LogModuleManager: Display: Found up-to-date module file ../../../Engine/Plugins/Editor/AssetManagerEditor/Binaries/Win64/UE4Editor-AssetManagerEditor.dll (API version 3944462).
LogModuleManager: Display: Found up-to-date module file ../../../Engine/Plugins/Editor/CryptoKeys/Binaries/Win64/UE4Editor-CryptoKeys.dll (API version 3944462).
LogModuleManager: Display: Found up-to-date module file ../../../Engine/Plugins/Editor/CryptoKeys/Binaries/Win64/UE4Editor-CryptoKeysOpenSSL.dll (API version 3944462).
LogModuleManager: Display: Found up-to-date module file ../../../Engine/Plugins/Editor/DataValidation/Binaries/Win64/UE4Editor-DataValidation.dll (API version 3944462).
LogModuleManager: Display: Found up-to-date module file ../../../Engine/Plugins/Editor/FacialAnimation/Binaries/Win64/UE4Editor-FacialAnimation.dll (API version 3944462).
LogModuleManager: Display: Found up-to-date module file ../../../Engine/Plugins/Editor/FacialAnimation/Binaries/Win64/UE4Editor-FacialAnimationEditor.dll (API version 3944462).
LogModuleManager: Display: Found up-to-date module file ../../../Engine/Plugins/Editor/GameplayTagsEditor/Binaries/Win64/UE4Editor-GameplayTagsEditor.dll (API version 3944462).
LogModuleManager: Display: Found up-to-date module file ../../../Engine/Plugins/Editor/MobileLauncherProfileWizard/Binaries/Win64/UE4Editor-MobileLauncherProfileWizard.dll (API version 3944462).
LogModuleManager: Display: Found up-to-date module file ../../../Engine/Plugins/Editor/PluginBrowser/Binaries/Win64/UE4Editor-PluginBrowser.dll (API version 3944462).
LogModuleManager: Display: Found up-to-date module file ../../../Engine/Plugins/Editor/SpeedTreeImporter/Binaries/Win64/UE4Editor-SpeedTreeImporter.dll (API version 3944462).
LogModuleManager: Display: Found up-to-date module file ../../../Engine/Plugins/Enterprise/DatasmithContent/Binaries/Win64/UE4Editor-DatasmithContent.dll (API version 3944462).
LogModuleManager: Display: Found up-to-date module file ../../../Engine/Plugins/Experimental/AlembicImporter/Binaries/Win64/UE4Editor-AlembicImporter.dll (API version 3944462).
LogModuleManager: Display: Found up-to-date module file ../../../Engine/Plugins/Experimental/AlembicImporter/Binaries/Win64/UE4Editor-AlembicLibrary.dll (API version 3944462).
LogModuleManager: Display: Found up-to-date module file ../../../Engine/Plugins/Experimental/CharacterAI/Binaries/Win64/UE4Editor-CharacterAI.dll (API version 3944462).
LogModuleManager: Display: Found up-to-date module file ../../../Engine/Plugins/Experimental/HTML5Networking/Binaries/Win64/UE4Editor-HTML5Networking.dll (API version 3944462).
LogModuleManager: Display: Found up-to-date module file ../../../Engine/Plugins/Media/AndroidMedia/Binaries/Win64/UE4Editor-AndroidMediaEditor.dll (API version 3944462).
LogModuleManager: Display: Found up-to-date module file ../../../Engine/Plugins/Media/AndroidMedia/Binaries/Win64/UE4Editor-AndroidMediaFactory.dll (API version 3944462).
LogModuleManager: Display: Found up-to-date module file ../../../Engine/Plugins/Media/AvfMedia/Binaries/Win64/UE4Editor-AvfMediaEditor.dll (API version 3944462).
LogModuleManager: Display: Found up-to-date module file ../../../Engine/Plugins/Media/AvfMedia/Binaries/Win64/UE4Editor-AvfMediaFactory.dll (API version 3944462).
LogModuleManager: Display: Found up-to-date module file ../../../Engine/Plugins/Media/AvfMedia/Binaries/Win64/UE4Editor-AvfMediaFactory.dll (API version 3944462).
LogModuleManager: Display: Found up-to-date module file ../../../Engine/Plugins/Media/ImgMedia/Binaries/Win64/UE4Editor-ImgMedia.dll (API version 3944462).
LogModuleManager: Display: Found up-to-date module file ../../../Engine/Plugins/Media/ImgMedia/Binaries/Win64/UE4Editor-ImgMediaEditor.dll (API version 3944462).
LogModuleManager: Display: Found up-to-date module file ../../../Engine/Plugins/Media/ImgMedia/Binaries/Win64/UE4Editor-ImgMediaFactory.dll (API version 3944462).
LogModuleManager: Display: Found up-to-date module file ../../../Engine/Plugins/Media/ImgMedia/Binaries/Win64/UE4Editor-ImgMediaFactory.dll (API version 3944462).
LogModuleManager: Display: Found up-to-date module file ../../../Engine/Plugins/Media/ImgMedia/Binaries/Win64/UE4Editor-OpenExrWrapper.dll (API version 3944462).
LogModuleManager: Display: Found up-to-date module file ../../../Engine/Plugins/Media/LinearTimecode/Binaries/Win64/UE4Editor-LinearTimecode.dll (API version 3944462).
LogModuleManager: Display: Found up-to-date module file ../../../Engine/Plugins/Media/MediaCompositing/Binaries/Win64/UE4Editor-MediaCompositing.dll (API version 3944462).
LogModuleManager: Display: Found up-to-date module file ../../../Engine/Plugins/Media/MediaCompositing/Binaries/Win64/UE4Editor-MediaCompositingEditor.dll (API version 3944462).
LogModuleManager: Display: Found up-to-date module file ../../../Engine/Plugins/Media/MediaPlayerEditor/Binaries/Win64/UE4Editor-MediaPlayerEditor.dll (API version 3944462).
LogModuleManager: Display: Found up-to-date module file ../../../Engine/Plugins/Media/WmfMedia/Binaries/Win64/UE4Editor-WmfMedia.dll (API version 3944462).
LogModuleManager: Display: Found up-to-date module file ../../../Engine/Plugins/Media/WmfMedia/Binaries/Win64/UE4Editor-WmfMediaEditor.dll (API version 3944462).
LogModuleManager: Display: Found up-to-date module file ../../../Engine/Plugins/Media/WmfMedia/Binaries/Win64/UE4Editor-WmfMediaFactory.dll (API version 3944462).
LogModuleManager: Display: Found up-to-date module file ../../../Engine/Plugins/Media/WmfMedia/Binaries/Win64/UE4Editor-WmfMediaFactory.dll (API version 3944462).
LogModuleManager: Display: Found up-to-date module file ../../../Engine/Plugins/Messaging/TcpMessaging/Binaries/Win64/UE4Editor-TcpMessaging.dll (API version 3944462).
LogModuleManager: Display: Found up-to-date module file ../../../Engine/Plugins/Messaging/UdpMessaging/Binaries/Win64/UE4Editor-UdpMessaging.dll (API version 3944462).
LogModuleManager: Display: Found up-to-date module file ../../../Engine/Plugins/MovieScene/ActorSequence/Binaries/Win64/UE4Editor-ActorSequence.dll (API version 3944462).
LogModuleManager: Display: Found up-to-date module file ../../../Engine/Plugins/MovieScene/LevelSequenceEditor/Binaries/Win64/UE4Editor-LevelSequenceEditor.dll (API version 3944462).
LogModuleManager: Display: Found up-to-date module file ../../../Engine/Plugins/MovieScene/MatineeToLevelSequence/Binaries/Win64/UE4Editor-MatineeToLevelSequence.dll (API version 3944462).
LogModuleManager: Display: Found up-to-date module file ../../../Engine/Plugins/NetcodeUnitTest/NetcodeUnitTest/Binaries/Win64/UE4Editor-NetcodeUnitTest.dll (API version 3944462).
LogModuleManager: Display: Found up-to-date module file ../../../Engine/Plugins/NetcodeUnitTest/NUTUnrealEngine4/Binaries/Win64/UE4Editor-NUTUnrealEngine4.dll (API version 3944462).
LogModuleManager: Display: Found up-to-date module file ../../../Engine/Plugins/Runtime/AndroidPermission/Binaries/Win64/UE4Editor-AndroidPermission.dll (API version 3944462).
LogModuleManager: Display: Found up-to-date module file ../../../Engine/Plugins/Online/OnlineSubsystemNull/Binaries/Win64/UE4Editor-OnlineSubsystemNull.dll (API version 3944462).
LogModuleManager: Display: Found up-to-date module file ../../../Engine/Plugins/Runtime/AndroidDeviceProfileSelector/Binaries/Win64/UE4Editor-AndroidDeviceProfileSelector.dll (API version 3944462).
LogModuleManager: Display: Found up-to-date module file ../../../Engine/Plugins/Runtime/AppleARKit/Binaries/Win64/UE4Editor-AppleARKit.dll (API version 3944462).
LogModuleManager: Display: Found up-to-date module file ../../../Engine/Plugins/Runtime/ProceduralMeshComponent/Binaries/Win64/UE4Editor-ProceduralMeshComponent.dll (API version 3944462).
LogModuleManager: Display: Found up-to-date module file ../../../Engine/Plugins/Runtime/ProceduralMeshComponent/Binaries/Win64/UE4Editor-ProceduralMeshComponentEditor.dll (API version 3944462).
LogModuleManager: Display: Found up-to-date module file ../../../Engine/Plugins/Animation/LiveLink/Binaries/Win64/UE4Editor-LiveLink.dll (API version 3944462).
LogModuleManager: Display: Found up-to-date module file ../../../Engine/Plugins/Animation/LiveLink/Binaries/Win64/UE4Editor-LiveLinkEditor.dll (API version 3944462).
LogModuleManager: Display: Found up-to-date module file ../../../Engine/Plugins/Runtime/ArchVisCharacter/Binaries/Win64/UE4Editor-ArchVisCharacter.dll (API version 3944462).
LogModuleManager: Display: Found up-to-date module file ../../../Engine/Plugins/Runtime/AudioCapture/Binaries/Win64/UE4Editor-AudioCapture.dll (API version 3944462).
LogModuleManager: Display: Found up-to-date module file ../../../Engine/Plugins/Runtime/AudioCapture/Binaries/Win64/UE4Editor-AudioCaptureEditor.dll (API version 3944462).
LogModuleManager: Display: Found up-to-date module file ../../../Engine/Plugins/Runtime/CableComponent/Binaries/Win64/UE4Editor-CableComponent.dll (API version 3944462).
LogModuleManager: Display: Found up-to-date module file ../../../Engine/Plugins/Runtime/CustomMeshComponent/Binaries/Win64/UE4Editor-CustomMeshComponent.dll (API version 3944462).
LogModuleManager: Display: Found up-to-date module file ../../../Engine/Plugins/Runtime/ExampleDeviceProfileSelector/Binaries/Win64/UE4Editor-ExampleDeviceProfileSelector.dll (API version 3944462).
LogModuleManager: Display: Found up-to-date module file ../../../Engine/Plugins/Runtime/ImmediatePhysics/Binaries/Win64/UE4Editor-ImmediatePhysics.dll (API version 3944462).
LogModuleManager: Display: Found up-to-date module file ../../../Engine/Plugins/Runtime/ImmediatePhysics/Binaries/Win64/UE4Editor-ImmediatePhysicsEditor.dll (API version 3944462).
LogModuleManager: Display: Found up-to-date module file ../../../Engine/Plugins/Runtime/LocationServicesBPLibrary/Binaries/Win64/UE4Editor-LocationServicesBPLibrary.dll (API version 3944462).
LogModuleManager: Display: Found up-to-date module file ../../../Engine/Plugins/Runtime/MobilePatchingUtils/Binaries/Win64/UE4Editor-MobilePatchingUtils.dll (API version 3944462).
LogModuleManager: Display: Found up-to-date module file ../../../Engine/Plugins/Runtime/Oculus/OculusVR/Binaries/Win64/UE4Editor-OculusHMD.dll (API version 3944462).
LogModuleManager: Display: Found up-to-date module file ../../../Engine/Plugins/Runtime/Oculus/OculusVR/Binaries/Win64/UE4Editor-OculusInput.dll (API version 3944462).
LogModuleManager: Display: Found up-to-date module file ../../../Engine/Plugins/Runtime/Oculus/OculusVR/Binaries/Win64/UE4Editor-OculusEditor.dll (API version 3944462).
LogModuleManager: Display: Found up-to-date module file ../../../Engine/Plugins/Runtime/PhysXVehicles/Binaries/Win64/UE4Editor-PhysXVehicles.dll (API version 3944462).
LogModuleManager: Display: Found up-to-date module file ../../../Engine/Plugins/Runtime/PhysXVehicles/Binaries/Win64/UE4Editor-PhysXVehiclesEditor.dll (API version 3944462).
LogModuleManager: Display: Found up-to-date module file ../../../Engine/Plugins/Runtime/RuntimePhysXCooking/Binaries/Win64/UE4Editor-RuntimePhysXCooking.dll (API version 3944462).
LogModuleManager: Display: Found up-to-date module file ../../../Engine/Plugins/Runtime/Steam/SteamVR/Binaries/Win64/UE4Editor-SteamVR.dll (API version 3944462).
LogModuleManager: Display: Found up-to-date module file ../../../Engine/Plugins/Runtime/Steam/SteamVR/Binaries/Win64/UE4Editor-SteamVRController.dll (API version 3944462).
LogModuleManager: Display: Found up-to-date module file ../../../Engine/Plugins/Runtime/WindowsMoviePlayer/Binaries/Win64/UE4Editor-WindowsMoviePlayer.dll (API version 3944462).
LogPluginManager: Mounting plugin Paper2D
LogPluginManager: Mounting plugin AdvancedSessions
LogPluginManager: Mounting plugin AdvancedSteamSessions
LogPluginManager: Mounting plugin LiveLink
LogPluginManager: Mounting plugin LightPropagationVolume
LogPluginManager: Mounting plugin CLionSourceCodeAccess
LogPluginManager: Mounting plugin CodeLiteSourceCodeAccess
LogPluginManager: Mounting plugin GitSourceControl
LogPluginManager: Mounting plugin KDevelopSourceCodeAccess
LogPluginManager: Mounting plugin NullSourceCodeAccess
LogPluginManager: Mounting plugin PerforceSourceControl
LogPluginManager: Mounting plugin SubversionSourceControl
LogPluginManager: Mounting plugin UObjectPlugin
LogPluginManager: Mounting plugin VisualStudioCodeSourceCodeAccess
LogPluginManager: Mounting plugin VisualStudioSourceCodeAccess
LogPluginManager: Mounting plugin XCodeSourceCodeAccess
LogPluginManager: Mounting plugin AssetManagerEditor
LogPluginManager: Mounting plugin CryptoKeys
LogPluginManager: Mounting plugin DataValidation
LogPluginManager: Mounting plugin FacialAnimation
LogPluginManager: Mounting plugin GameplayTagsEditor
LogPluginManager: Mounting plugin MobileLauncherProfileWizard
LogPluginManager: Mounting plugin PluginBrowser
LogPluginManager: Mounting plugin SpeedTreeImporter
LogPluginManager: Mounting plugin DatasmithContent
LogPluginManager: Mounting plugin AlembicImporter
LogPluginManager: Mounting plugin CharacterAI
LogPluginManager: Mounting plugin HTML5Networking
LogPluginManager: Mounting plugin AndroidMedia
LogPluginManager: Mounting plugin AvfMedia
LogPluginManager: Mounting plugin ImgMedia
LogPluginManager: Mounting plugin LinearTimecode
LogPluginManager: Mounting plugin MediaCompositing
LogPluginManager: Mounting plugin MediaPlayerEditor
LogPluginManager: Mounting plugin WmfMedia
LogPluginManager: Mounting plugin TcpMessaging
LogPluginManager: Mounting plugin UdpMessaging
LogPluginManager: Mounting plugin ActorSequence
LogPluginManager: Mounting plugin LevelSequenceEditor
LogPluginManager: Mounting plugin MatineeToLevelSequence
LogPluginManager: Mounting plugin NetcodeUnitTest
LogPluginManager: Mounting plugin NUTUnrealEngine4
LogPluginManager: Mounting plugin OnlineSubsystemGooglePlay
LogPluginManager: Mounting plugin OnlineSubsystemIOS
LogPluginManager: Mounting plugin OnlineSubsystem
LogPluginManager: Mounting plugin OnlineSubsystemNull
LogPluginManager: Mounting plugin OnlineSubsystemSteam
LogPluginManager: Mounting plugin OnlineSubsystemUtils
LogPluginManager: Mounting plugin AndroidDeviceProfileSelector
LogPluginManager: Mounting plugin AndroidMoviePlayer
LogPluginManager: Mounting plugin AndroidPermission
LogPluginManager: Mounting plugin ApexDestruction
LogPluginManager: Mounting plugin AppleARKit
LogPluginManager: Mounting plugin AppleMoviePlayer
LogPluginManager: Mounting plugin ArchVisCharacter
LogPluginManager: Mounting plugin AudioCapture
LogPluginManager: Mounting plugin CableComponent
LogPluginManager: Mounting plugin CustomMeshComponent
LogPluginManager: Mounting plugin ExampleDeviceProfileSelector
LogPluginManager: Mounting plugin GoogleCloudMessaging
LogPluginManager: Mounting plugin ImmediatePhysics
LogPluginManager: Mounting plugin IOSDeviceProfileSelector
LogPluginManager: Mounting plugin LinuxDeviceProfileSelector
LogPluginManager: Mounting plugin LocationServicesBPLibrary
LogPluginManager: Mounting plugin MobilePatchingUtils
LogPluginManager: Mounting plugin OculusVR
LogPluginManager: Plugin shader directory ../../../Engine/Plugins/Runtime/Oculus/OculusVR/Shaders found
LogPluginManager: Mapping shader source directory ../../../Engine/Plugins/Runtime/Oculus/OculusVR/Shaders to virtual directory /Plugin/OculusVR
LogPluginManager: Mounting plugin PhysXVehicles
LogPluginManager: Mounting plugin ProceduralMeshComponent
LogPluginManager: Mounting plugin RuntimePhysXCooking
LogPluginManager: Mounting plugin SteamVR
LogPluginManager: Mounting plugin WindowsMoviePlayer
LogPluginManager: Mounting plugin VictoryBPLibrary
LogStreaming: Display: Took  0.674s to configure plugins.
LogInit: Using libcurl 7.47.1
LogInit:  - built for x86_64-pc-win32
LogInit:  - supports SSL with OpenSSL/1.0.2g
LogInit:  - supports HTTP deflate (compression) using libz 1.2.8
LogInit:  - other features:
LogInit:      CURL_VERSION_SSL
LogInit:      CURL_VERSION_LIBZ
LogInit:      CURL_VERSION_IPV6
LogInit:      CURL_VERSION_ASYNCHDNS
LogInit:      CURL_VERSION_LARGEFILE
LogInit:      CURL_VERSION_IDN
LogInit:  CurlRequestOptions (configurable via config and command line):
LogInit:  - bVerifyPeer = false  - Libcurl will NOT verify peer certificate
LogInit:  - bUseHttpProxy = false  - Libcurl will NOT use HTTP proxy
LogInit:  - bDontReuseConnections = false  - Libcurl will reuse connections
LogInit:  - CertBundlePath = nullptr  - Libcurl will use whatever was configured at build time.
LogInit:  - MaxHostConnections = 16  - Libcurl will limit the number of connections to a host
LogInit:  - LocalHostAddr = Default
LogOnline: Display: STEAM: Loading Steam SDK 1.39
LogOnline: Warning: STEAM: Steam API disabled!
LogOnline: Display: STEAM: OnlineSubsystemSteam::Shutdown()
LogInit: WinSock: version 1.1 (2.2), MaxSocks=32767, MaxUdp=65467
LogInit: WinSock: I am DESKTOP-LI0N2FC (192.168.29.155:0)
LogInit: Build: ++UE4+Release-4.19-CL-4033788
LogInit: Engine Version: 4.19.2-4033788+++UE4+Release-4.19
LogInit: Compatible Engine Version: 4.19.0-3944462+++UE4+Release-4.19
LogInit: Net CL: 3944462
LogDevObjectVersion: Number of dev versions registered: 18
LogDevObjectVersion:   Dev-Blueprints (B0D832E4-1F89-4F0D-ACCF-7EB736FD4AA2): 10
LogDevObjectVersion:   Dev-Build (E1C64328-A22C-4D53-A36C-8E866417BD8C): 0
LogDevObjectVersion:   Dev-Core (375EC13C-06E4-48FB-B500-84F0262A717E): 2
LogDevObjectVersion:   Dev-Editor (E4B068ED-F494-42E9-A231-DA0B2E46BB41): 23
LogDevObjectVersion:   Dev-Framework (CFFC743F-43B0-4480-9391-14DF171D2073): 33
LogDevObjectVersion:   Dev-Mobile (B02B49B5-BB20-44E9-A304-32B752E40360): 2
LogDevObjectVersion:   Dev-Networking (A4E4105C-59A1-49B5-A7C5-40C4547EDFEE): 0
LogDevObjectVersion:   Dev-Online (39C831C9-5AE6-47DC-9A44-9C173E1C8E7C): 0
LogDevObjectVersion:   Dev-Physics (78F01B33-EBEA-4F98-B9B4-84EACCB95AA2): 0
LogDevObjectVersion:   Dev-Platform (6631380F-2D4D-43E0-8009-CF276956A95A): 0
LogDevObjectVersion:   Dev-Rendering (12F88B9F-8875-4AFC-A67C-D90C383ABD29): 25
LogDevObjectVersion:   Dev-Sequencer (7B5AE74C-D270-4C10-A958-57980B212A5A): 6
LogDevObjectVersion:   Dev-VR (D7296918-1DD6-4BDD-9DE2-64A83CC13884): 1
LogDevObjectVersion:   Dev-LoadTimes (C2A15278-BFE7-4AFE-6C17-90FF531DF755): 1
LogDevObjectVersion:   Private-Geometry (6EACA3D4-40EC-4CC1-B786-8BED09428FC5): 2
LogDevObjectVersion:   Dev-AnimPhys (29E575DD-E0A3-4627-9D10-D276232CDCEA): 16
LogDevObjectVersion:   Dev-ReflectionCapture (6B266CEC-1EC7-4B8F-A30B-E4D90942FC07): 1
LogDevObjectVersion:   Dev-Automation (0DF73D61-A23F-47EA-B727-89E90C41499A): 1
LogInit: Compiled (64-bit): Apr 27 2018 02:06:57
LogInit: Compiled with Visual C++: 19.00.24215.01
LogInit: Build Configuration: Development
LogInit: Branch Name: ++UE4+Release-4.19
LogInit: Command Line:  /Game/Maps/Arena01?Listen -game -PIEVIACONSOLE -ResX=640 -ResY=480  -Multiprocess -messaging -SessionName="Play in Standalone Game" -port=17777 -windowed GameUserSettingsINI="G:/DarkActive/Unreal Projects/DarkCrystal/Saved/Config/Windows/PIEGameUserSettings0.ini" -MultiprocessSaveConfig  -MultiprocessOSS WinX=-1912 WinY=550 SAVEWINPOS=1
LogInit: Base Directory: G:/Epic Games/UE_4.19/Engine/Binaries/Win64/
LogInit: Installed Engine Build: 1
LogStreaming: Display: Took  0.000s to delete old logs.
LogInit: Presizing for max 8388607 objects, including 0 objects not considered by GC, pre-allocating 0 bytes for permanent pool.
LogInit: Object subsystem initialized
[2018.08.09-12.16.01:963][  0]LogInit: Selected Device Profile: [Windows]
[2018.08.09-12.16.01:963][  0]LogInit: Applying CVar settings loaded from the selected device profile: [Windows]
[2018.08.09-12.16.01:966][  0]LogInit: Computer: DESKTOP-LI0N2FC
[2018.08.09-12.16.01:966][  0]LogInit: User: Kappa
[2018.08.09-12.16.01:967][  0]LogInit: CPU Page size=4096, Cores=4
[2018.08.09-12.16.01:967][  0]LogInit: High frequency timer resolution =4.101563 MHz
[2018.08.09-12.16.01:967][  0]LogMemory: Memory total: Physical=31.9GB (32GB approx)
[2018.08.09-12.16.01:967][  0]LogMemory: Platform Memory Stats for Windows
[2018.08.09-12.16.01:967][  0]LogMemory: Process Physical Memory: 276.33 MB used, 276.33 MB peak
[2018.08.09-12.16.01:967][  0]LogMemory: Process Virtual Memory: 276.90 MB used, 276.90 MB peak
[2018.08.09-12.16.01:967][  0]LogMemory: Physical Memory: 12752.25 MB used,  19940.56 MB free, 32692.81 MB total
[2018.08.09-12.16.01:967][  0]LogMemory: Virtual Memory: 4807.95 MB used,  19940.56 MB free, 134217728.00 MB total
[2018.08.09-12.16.01:977][  0]LogInit: Using OS detected language (en-US).
[2018.08.09-12.16.01:977][  0]LogInit: Using OS detected locale (en-US).
[2018.08.09-12.16.01:977][  0]LogTextLocalizationManager: No localization for 'en-US' exists, so 'en' will be used for the language.
[2018.08.09-12.16.01:977][  0]LogTextLocalizationManager: No localization for 'en-US' exists, so 'en' will be used for the locale.
[2018.08.09-12.16.02:332][  0]LogStreaming: Display: Took  0.356s to EndInitTextLocalization.
[2018.08.09-12.16.02:421][  0]LogSlate: New Slate User Created.  User Index 0, Is Virtual User: 0
[2018.08.09-12.16.02:421][  0]LogSlate: Slate User Registered.  User Index 0, Is Virtual User: 0
[2018.08.09-12.16.02:444][  0]LogD3D11RHI: D3D11 adapters:
[2018.08.09-12.16.02:496][  0]LogD3D11RHI:    0. 'NVIDIA GeForce GTX 1070' (Feature Level 11_0)
[2018.08.09-12.16.02:496][  0]LogD3D11RHI:       8096/0/16346 MB DedicatedVideo/DedicatedSystem/SharedSystem, Outputs:2, VendorId:0x10de
[2018.08.09-12.16.02:498][  0]LogD3D11RHI:    1. 'Microsoft Basic Render Driver' (Feature Level 11_0)
[2018.08.09-12.16.02:498][  0]LogD3D11RHI:       0/0/16346 MB DedicatedVideo/DedicatedSystem/SharedSystem, Outputs:0, VendorId:0x1414
[2018.08.09-12.16.02:498][  0]LogD3D11RHI: Chosen D3D11 Adapter: 0
[2018.08.09-12.16.02:505][  0]LogD3D11RHI: Creating new Direct3DDevice
[2018.08.09-12.16.02:505][  0]LogD3D11RHI:     GPU DeviceId: 0x1b81 (for the marketing name, search the web for "GPU Device Id")
[2018.08.09-12.16.02:505][  0]LogWindows: EnumDisplayDevices:
[2018.08.09-12.16.02:506][  0]LogWindows:    0. 'NVIDIA GeForce GTX 1070' (P:1 D:1)
[2018.08.09-12.16.02:506][  0]LogWindows:    1. 'NVIDIA GeForce GTX 1070' (P:0 D:1)
[2018.08.09-12.16.02:506][  0]LogWindows:    2. 'NVIDIA GeForce GTX 1070' (P:0 D:0)
[2018.08.09-12.16.02:506][  0]LogWindows:    3. 'NVIDIA GeForce GTX 1070' (P:0 D:0)
[2018.08.09-12.16.02:506][  0]LogWindows: DebugString: GetVideoDriverDetailsInvalid PrimaryIsNotTheChoosenAdapter GetVideoDriverDetailsInvalid PrimaryIsNotTheChoosenAdapter GetVideoDriverDetailsInvalid PrimaryIsNotTheChoosenAdapter GetVideoDriverDetailsInvalid PrimaryIsNotTheChoosenAdapter FoundDriverCount:0 
[2018.08.09-12.16.02:506][  0]LogD3D11RHI:     Adapter Name: NVIDIA GeForce GTX 1070
[2018.08.09-12.16.02:506][  0]LogD3D11RHI:   Driver Version: Unknown (internal:Unknown, unified:Unknown)
[2018.08.09-12.16.02:506][  0]LogD3D11RHI:      Driver Date: Unknown
[2018.08.09-12.16.02:506][  0]LogRHI: Texture pool is 5667 MB (70% of 8096 MB)
[2018.08.09-12.16.02:533][  0]LogD3D11RHI: [Aftermath] Aftermath enabled but failed to initialize
[2018.08.09-12.16.02:533][  0]LogD3D11RHI: [Aftermath] Aftermath enabled and primed
[2018.08.09-12.16.02:533][  0]LogD3D11RHI: Async texture creation enabled
[2018.08.09-12.16.02:545][  0]LogD3D11RHI: GPU Timing Frequency: 1000.000000 (Debug: 2 1)
[2018.08.09-12.16.02:728][  0]LogShaderCompilers: Guid format shader working directory is -7 characters bigger than the processId version (../../../../../DarkActive/Unreal Projects/DarkCrystal/Intermediate/Shaders/WorkingDirectory/9876/).
[2018.08.09-12.16.02:728][  0]LogShaderCompilers: Cleaned the shader compiler working directory 'C:/Users/Kappa/AppData/Local/Temp/UnrealShaderWorkingDir/AB2FA04D4DE832270695319B02709C71/'.
[2018.08.09-12.16.02:848][  0]LogTemp: Display: Loaded TP WindowsClientTargetPlatform
[2018.08.09-12.16.02:856][  0]LogTemp: Display: Loaded TP WindowsNoEditorTargetPlatform
[2018.08.09-12.16.02:865][  0]LogTemp: Display: Loaded TP WindowsServerTargetPlatform
[2018.08.09-12.16.02:875][  0]LogTemp: Display: Loaded TP WindowsTargetPlatform
[2018.08.09-12.16.02:875][  0]LogTargetPlatformManager: Display: Building Assets For Windows
[2018.08.09-12.16.02:937][  0]LogXGEController: Cannot use XGE Controller as Incredibuild is not installed on this machine.
[2018.08.09-12.16.02:937][  0]LogShaderCompilers: Cannot use XGE Shader Compiler as Incredibuild is not installed on this machine.
[2018.08.09-12.16.02:937][  0]LogShaderCompilers: Display: Using Local Shader Compiler.
[2018.08.09-12.16.03:388][  0]LogDerivedDataCache: Display: Max Cache Size: 512 MB
[2018.08.09-12.16.03:443][  0]LogDerivedDataCache: Loaded boot cache 0.05s 74MB C:/Users/Kappa/AppData/Local/UnrealEngine/4.19/DerivedDataCache/Boot.ddc.
[2018.08.09-12.16.03:443][  0]LogDerivedDataCache: Display: Loaded Boot cache: C:/Users/Kappa/AppData/Local/UnrealEngine/4.19/DerivedDataCache/Boot.ddc
[2018.08.09-12.16.03:443][  0]LogDerivedDataCache: FDerivedDataBackendGraph:  Pak pak cache file ../../../../../DarkActive/Unreal Projects/DarkCrystal/DerivedDataCache/DDC.ddp not found, will not use a pak cache.
[2018.08.09-12.16.03:443][  0]LogDerivedDataCache: Unable to find inner node Pak for hierarchical cache Hierarchy.
[2018.08.09-12.16.03:443][  0]LogDerivedDataCache: FDerivedDataBackendGraph:  CompressedPak pak cache file ../../../../../DarkActive/Unreal Projects/DarkCrystal/DerivedDataCache/Compressed.ddp not found, will not use a pak cache.
[2018.08.09-12.16.03:443][  0]LogDerivedDataCache: Unable to find inner node CompressedPak for hierarchical cache Hierarchy.
[2018.08.09-12.16.03:455][  0]LogDerivedDataCache: Display: Pak cache opened for reading ../../../Engine/DerivedDataCache/Compressed.ddp.
[2018.08.09-12.16.03:467][  0]LogDerivedDataCache: Using Local data cache path C:/Users/Kappa/AppData/Local/UnrealEngine/Common/DerivedDataCache: Writable
[2018.08.09-12.16.03:467][  0]LogDerivedDataCache: Shared data cache path not found in *engine.ini, will not use an Shared cache.
[2018.08.09-12.16.03:467][  0]LogDerivedDataCache: Unable to find inner node Shared for hierarchical cache Hierarchy.
[2018.08.09-12.16.03:475][  0]LogMaterial: Verifying Global Shaders for PCD3D_SM5
[2018.08.09-12.16.03:475][  0]LogSlate: Using Freetype 2.6.0
[2018.08.09-12.16.03:475][  0]LogSlate: SlateFontCache - WITH_FREETYPE: 1, WITH_HARFBUZZ: 1
[2018.08.09-12.16.03:475][  0]LogSlate: SlateFontCache - WITH_FREETYPE: 1, WITH_HARFBUZZ: 1
[2018.08.09-12.16.03:535][  0]LogAssetRegistry: FAssetRegistry took 0.0041 seconds to start up
[2018.08.09-12.16.03:684][  0]LogPackageLocalizationCache: Processed 9 localized package path(s) for 1 prioritized culture(s) in 0.014377 seconds
[2018.08.09-12.16.03:752][  0]LogInit: Selected Device Profile: [Windows]
[2018.08.09-12.16.03:855][  0]LogSimplygon: Simplygon DLL not present - disabling.
[2018.08.09-12.16.03:857][  0]LogMeshReduction: Using SimplygonSwarm for distributed automatic mesh merging
[2018.08.09-12.16.03:857][  0]LogMeshReduction: Using QuadricMeshReduction for automatic static mesh reduction
[2018.08.09-12.16.03:857][  0]LogMeshReduction: No automatic skeletal mesh reduction module available
[2018.08.09-12.16.03:858][  0]LogMeshReduction: No automatic mesh merging module available
[2018.08.09-12.16.03:858][  0]LogMeshMerging: No automatic mesh merging module available
[2018.08.09-12.16.03:878][  0]LogNetVersion: DarkCrystal , NetCL: 3944462, EngineNetVer: 2, GameNetVer: 0 (Checksum: 1178499891)
[2018.08.09-12.16.04:313][  0]LogMoviePlayer: Initializing movie player
[2018.08.09-12.16.04:625][  0]LogTcpMessaging: Initializing TcpMessaging bridge
[2018.08.09-12.16.04:648][  0]LogUdpMessaging: Initializing bridge on interface 0.0.0.0:0 to multicast group 230.0.0.1:6666.
[2018.08.09-12.16.04:739][  0]LogCollectionManager: Loaded 0 collections in 0.000948 seconds
[2018.08.09-12.16.04:773][  0]LogFileCache: Scanning file cache for directory 'G:/DarkActive/Unreal Projects/DarkCrystal/Saved/Collections/' took 0.01s
[2018.08.09-12.16.04:773][  0]LogFileCache: Scanning file cache for directory 'G:/DarkActive/Unreal Projects/DarkCrystal/Content/Developers/Kappa/Collections/' took 0.01s
[2018.08.09-12.16.04:773][  0]LogFileCache: Scanning file cache for directory 'G:/DarkActive/Unreal Projects/DarkCrystal/Content/Collections/' took 0.01s
[2018.08.09-12.16.04:773][  0]LogCollectionManager: Rebuilt the object cache for 0 collections in 0.000000 seconds (found 0 objects)
[2018.08.09-12.16.04:773][  0]LogCollectionManager: Fixed up redirectors for 0 collections in 0.000063 seconds (updated 0 objects)
[2018.08.09-12.16.04:885][  0]SourceControl: Source control is disabled
[2018.08.09-12.16.04:885][  0]SourceControl: Source control is disabled
[2018.08.09-12.16.04:895][  0]SourceControl: Source control is disabled
[2018.08.09-12.16.05:117][  0]LogAndroidPermission: UAndroidPermissionCallbackProxy::GetInstance
[2018.08.09-12.16.05:207][  0]LogOcInput: OculusInput pre-init called
[2018.08.09-12.16.05:232][  0]LogUObjectArray: 42361 objects as part of root set at end of initial load.
[2018.08.09-12.16.05:232][  0]LogUObjectAllocator: 8957760 out of 0 bytes used by permanent object pool.
[2018.08.09-12.16.05:232][  0]LogUObjectArray: CloseDisregardForGC: 0/0 objects in disregard for GC pool
[2018.08.09-12.16.05:269][  0]LogEngine: Initializing Engine...
[2018.08.09-12.16.05:270][  0]LogHMD: Failed to initialize OpenVR with code 110
[2018.08.09-12.16.05:282][  0]LogStats: UGameplayTagsManager::ConstructGameplayTagTree: Construct from data asset -  0.000 s
[2018.08.09-12.16.05:282][  0]LogStats: UGameplayTagsManager::ConstructGameplayTagTree: GameplayTagTreeChangedEvent.Broadcast -  0.000 s
[2018.08.09-12.16.05:414][  0]LogInit: XAudio2 using 'Speakers (Logitech G633 Gaming Headset)' : 2 channels at 48 kHz using 16 bits per sample (channel mask 0x3)
[2018.08.09-12.16.05:426][  0]LogInit: FAudioDevice initialized.
[2018.08.09-12.16.05:445][  0]LogInit: Texture streaming: Enabled
[2018.08.09-12.16.05:542][  0]LogUObjectGlobals: Created PersistentFrame Addr=0x000001e609253600, Size=624, Default__GameInfoInstance_C Function /Game/Blueprints/AllLevels/GameInfoInstance.GameInfoInstance_C:ExecuteUbergraph_GameInfoInstance
[2018.08.09-12.16.05:547][  0]LogUObjectGlobals: Created PersistentFrame Addr=0x000001e607b24d10, Size=40, Default__ErrorDialog_C Function /Game/UI/MainMenu/ErrorDialog.ErrorDialog_C:ExecuteUbergraph_ErrorDialog
[2018.08.09-12.16.05:554][  0]LogUObjectGlobals: Created PersistentFrame Addr=0x000001e60924a070, Size=80, Default__HostMenu_C Function /Game/UI/MainMenu/HostMenu.HostMenu_C:ExecuteUbergraph_HostMenu
[2018.08.09-12.16.05:561][  0]LogUObjectGlobals: Created PersistentFrame Addr=0x000001e607b24c70, Size=40, Default__MainMenu_C Function /Game/UI/MainMenu/MainMenu.MainMenu_C:ExecuteUbergraph_MainMenu
[2018.08.09-12.16.05:566][  0]LogUObjectGlobals: Created PersistentFrame Addr=0x000001e6091e68d0, Size=104, Default__OptionsMenu_C Function /Game/UI/MainMenu/OptionsMenu.OptionsMenu_C:ExecuteUbergraph_OptionsMenu
[2018.08.09-12.16.05:583][  0]LogUObjectGlobals: Created PersistentFrame Addr=0x000001e6091aec00, Size=600, Default__ServerMenu_C Function /Game/UI/MainMenu/ServerMenu.ServerMenu_C:ExecuteUbergraph_ServerMenu
[2018.08.09-12.16.05:623][  0]LogUObjectGlobals: Destroyed PersistentFrame Addr=0x000001e609253600, Size=624
[2018.08.09-12.16.05:623][  0]LogUObjectGlobals: Created PersistentFrame Addr=0x000001e60b4aa480, Size=624, Default__GameInfoInstance_C Function /Engine/Transient.REINST_GameInfoInstance_C_2:ExecuteUbergraph_GameInfoInstance
[2018.08.09-12.16.05:624][  0]LogUObjectGlobals: Destroyed PersistentFrame Addr=0x000001e607b24d10, Size=40
[2018.08.09-12.16.05:624][  0]LogUObjectGlobals: Created PersistentFrame Addr=0x000001e608b19be8, Size=40, Default__ErrorDialog_C Function /Engine/Transient.REINST_ErrorDialog_C_0:ExecuteUbergraph_ErrorDialog
[2018.08.09-12.16.05:624][  0]LogUObjectGlobals: Destroyed PersistentFrame Addr=0x000001e60924a070, Size=80
[2018.08.09-12.16.05:624][  0]LogUObjectGlobals: Created PersistentFrame Addr=0x000001e60b4b45e0, Size=80, Default__HostMenu_C Function /Engine/Transient.REINST_HostMenu_C_1:ExecuteUbergraph_HostMenu
[2018.08.09-12.16.05:625][  0]LogUObjectGlobals: Destroyed PersistentFrame Addr=0x000001e607b24c70, Size=40
[2018.08.09-12.16.05:625][  0]LogUObjectGlobals: Created PersistentFrame Addr=0x000001e608b19af8, Size=40, Default__MainMenu_C Function /Engine/Transient.REINST_MainMenu_C_3:ExecuteUbergraph_MainMenu
[2018.08.09-12.16.05:625][  0]LogUObjectGlobals: Destroyed PersistentFrame Addr=0x000001e6091e68d0, Size=104
[2018.08.09-12.16.05:625][  0]LogUObjectGlobals: Created PersistentFrame Addr=0x000001e60b5929b0, Size=104, Default__OptionsMenu_C Function /Engine/Transient.REINST_OptionsMenu_C_4:ExecuteUbergraph_OptionsMenu
[2018.08.09-12.16.05:626][  0]LogUObjectGlobals: Destroyed PersistentFrame Addr=0x000001e6091aec00, Size=600
[2018.08.09-12.16.05:626][  0]LogUObjectGlobals: Created PersistentFrame Addr=0x000001e60b4a9a80, Size=600, Default__ServerMenu_C Function /Engine/Transient.REINST_ServerMenu_C_5:ExecuteUbergraph_ServerMenu
[2018.08.09-12.16.05:653][  0]LogUObjectGlobals: Created PersistentFrame Addr=0x000001e60bb8a980, Size=624, Default__GameInfoInstance_C Function /Game/Blueprints/AllLevels/GameInfoInstance.GameInfoInstance_C:ExecuteUbergraph_GameInfoInstance
[2018.08.09-12.16.05:654][  0]LogUObjectGlobals: Created PersistentFrame Addr=0x000001e608b1a278, Size=40, Default__ErrorDialog_C Function /Game/UI/MainMenu/ErrorDialog.ErrorDialog_C:ExecuteUbergraph_ErrorDialog
[2018.08.09-12.16.05:655][  0]LogUObjectGlobals: Created PersistentFrame Addr=0x000001e60bb4ce50, Size=80, Default__HostMenu_C Function /Game/UI/MainMenu/HostMenu.HostMenu_C:ExecuteUbergraph_HostMenu
[2018.08.09-12.16.05:656][  0]LogUObjectGlobals: Created PersistentFrame Addr=0x000001e608b1ac50, Size=40, Default__MainMenu_C Function /Game/UI/MainMenu/MainMenu.MainMenu_C:ExecuteUbergraph_MainMenu
[2018.08.09-12.16.05:658][  0]LogUObjectGlobals: Created PersistentFrame Addr=0x000001e60badf580, Size=104, Default__OptionsMenu_C Function /Game/UI/MainMenu/OptionsMenu.OptionsMenu_C:ExecuteUbergraph_OptionsMenu
[2018.08.09-12.16.05:660][  0]LogUObjectGlobals: Created PersistentFrame Addr=0x000001e60baeb380, Size=592, Default__ServerMenu_C Function /Game/UI/MainMenu/ServerMenu.ServerMenu_C:ExecuteUbergraph_ServerMenu
[2018.08.09-12.16.05:683][  0]LogInit: Display: Game Engine Initialized.
[2018.08.09-12.16.05:683][  0]LogGameplayTags: Display: UGameplayTagsManager::DoneAddingNativeTags. DelegateIsBound: 0
[2018.08.09-12.16.05:683][  0]LogStats: UGameplayTagsManager::ConstructGameplayTagTree: Construct from data asset -  0.000 s
[2018.08.09-12.16.05:683][  0]LogStats: UGameplayTagsManager::ConstructGameplayTagTree: GameplayTagTreeChangedEvent.Broadcast -  0.000 s
[2018.08.09-12.16.05:740][  0]LogInit: Display: Starting Game.
[2018.08.09-12.16.05:740][  0]LogNet: Browse: /Game/Maps/Arena01?Name=Player?Listen
[2018.08.09-12.16.05:740][  0]LogLoad: LoadMap: /Game/Maps/Arena01?Name=Player?Listen
[2018.08.09-12.16.05:750][  0]LogUObjectGlobals: Destroyed PersistentFrame Addr=0x000001e60b4aa480, Size=624
[2018.08.09-12.16.05:750][  0]LogUObjectGlobals: Destroyed PersistentFrame Addr=0x000001e608b19be8, Size=40
[2018.08.09-12.16.05:750][  0]LogUObjectGlobals: Destroyed PersistentFrame Addr=0x000001e60b4b45e0, Size=80
[2018.08.09-12.16.05:751][  0]LogUObjectGlobals: Destroyed PersistentFrame Addr=0x000001e608b19af8, Size=40
[2018.08.09-12.16.05:751][  0]LogUObjectGlobals: Destroyed PersistentFrame Addr=0x000001e60b5929b0, Size=104
[2018.08.09-12.16.05:751][  0]LogUObjectGlobals: Destroyed PersistentFrame Addr=0x000001e60b4a9a80, Size=600
[2018.08.09-12.16.05:784][  0]LogUObjectGlobals: Created PersistentFrame Addr=0x000001e6560e6b00, Size=1104, Default__0_Base_C Function /Game/Blueprints/Characters/0_Base.0_Base_C:ExecuteUbergraph_0_Base
[2018.08.09-12.16.05:793][  0]LogUObjectGlobals: Created PersistentFrame Addr=0x000001e60bba2d60, Size=32, Default__ABP_WoodenBow_C Function /Game/Blueprints/Items/Weapons/WoodenBow/ABP_WoodenBow.ABP_WoodenBow_C:ExecuteUbergraph_ABP_WoodenBow
[2018.08.09-12.16.05:799][  0]LogUObjectGlobals: Created PersistentFrame Addr=0x000001e60b5c34c0, Size=72, Default__BPC_MontageManager_C Function /Game/Blueprints/Components/BPC_MontageManager.BPC_MontageManager_C:ExecuteUbergraph_BPC_MontageManager
[2018.08.09-12.16.05:829][  0]LogUObjectGlobals: Created PersistentFrame Addr=0x000001e60bf29600, Size=1104, Default__BP_FemaleCharacter_C Function /Game/Blueprints/Characters/0_Base.0_Base_C:ExecuteUbergraph_0_Base
[2018.08.09-12.16.05:831][  0]LogUObjectGlobals: Created PersistentFrame Addr=0x000001e60bb30e80, Size=88, Default__ABP_Kachujin_C Function /Game/Blueprints/Characters/Female/Kachujin/ABP_Kachujin.ABP_Kachujin_C:ExecuteUbergraph_ABP_Kachujin
[2018.08.09-12.16.05:881][  0]LogUObjectGlobals: Destroyed PersistentFrame Addr=0x000001e60bb30e80, Size=88
[2018.08.09-12.16.05:881][  0]LogUObjectGlobals: Created PersistentFrame Addr=0x000001e605e5a980, Size=88, Default__ABP_Kachujin_C Function /Engine/Transient.REINST_ABP_Kachujin_C_0:ExecuteUbergraph_ABP_Kachujin
[2018.08.09-12.16.05:882][  0]LogUObjectGlobals: Destroyed PersistentFrame Addr=0x000001e60bba2d60, Size=32
[2018.08.09-12.16.05:882][  0]LogUObjectGlobals: Created PersistentFrame Addr=0x000001e615b67680, Size=32, Default__ABP_WoodenBow_C Function /Engine/Transient.REINST_ABP_WoodenBow_C_1:ExecuteUbergraph_ABP_WoodenBow
[2018.08.09-12.16.05:883][  0]LogUObjectGlobals: Destroyed PersistentFrame Addr=0x000001e60b5c34c0, Size=72
[2018.08.09-12.16.05:883][  0]LogUObjectGlobals: Created PersistentFrame Addr=0x000001e615703a10, Size=72, Default__BPC_MontageManager_C Function /Engine/Transient.REINST_BPC_MontageManager_C_18:ExecuteUbergraph_BPC_MontageManager
[2018.08.09-12.16.05:884][  0]LogUObjectGlobals: Destroyed PersistentFrame Addr=0x000001e6560e6b00, Size=1104
[2018.08.09-12.16.05:884][  0]LogUObjectGlobals: Created PersistentFrame Addr=0x000001e615b1f200, Size=1104, Default__0_Base_C Function /Engine/Transient.REINST_0_Base_C_21:ExecuteUbergraph_0_Base
[2018.08.09-12.16.05:884][  0]LogUObjectGlobals: Destroyed PersistentFrame Addr=0x000001e60bf29600, Size=1104
[2018.08.09-12.16.05:884][  0]LogUObjectGlobals: Created PersistentFrame Addr=0x000001e615b3dd00, Size=1104, Default__BP_FemaleCharacter_C Function /Engine/Transient.REINST_0_Base_C_21:ExecuteUbergraph_0_Base
[2018.08.09-12.16.05:915][  0]LogBlueprint: Warning: [Compiler 0_Base] InputAction Event references unknown Action 'Attack' for  InputAction Attack
[2018.08.09-12.16.05:926][  0]LogUObjectGlobals: Created PersistentFrame Addr=0x000001e6167842e0, Size=88, Default__ABP_Kachujin_C Function /Game/Blueprints/Characters/Female/Kachujin/ABP_Kachujin.ABP_Kachujin_C:ExecuteUbergraph_ABP_Kachujin
[2018.08.09-12.16.05:927][  0]LogUObjectGlobals: Created PersistentFrame Addr=0x000001e616646e60, Size=32, Default__ABP_WoodenBow_C Function /Game/Blueprints/Items/Weapons/WoodenBow/ABP_WoodenBow.ABP_WoodenBow_C:ExecuteUbergraph_ABP_WoodenBow
[2018.08.09-12.16.05:930][  0]LogUObjectGlobals: Created PersistentFrame Addr=0x000001e6165ded90, Size=72, Default__BPC_MontageManager_C Function /Game/Blueprints/Components/BPC_MontageManager.BPC_MontageManager_C:ExecuteUbergraph_BPC_MontageManager
[2018.08.09-12.16.05:935][  0]LogUObjectGlobals: Created PersistentFrame Addr=0x000001e61655ab00, Size=1104, Default__0_Base_C Function /Game/Blueprints/Characters/0_Base.0_Base_C:ExecuteUbergraph_0_Base
[2018.08.09-12.16.05:936][  0]LogUObjectGlobals: Created PersistentFrame Addr=0x000001e616558100, Size=1104, Default__BP_FemaleCharacter_C Function /Game/Blueprints/Characters/0_Base.0_Base_C:ExecuteUbergraph_0_Base
[2018.08.09-12.16.05:951][  0]LogBlueprint: Warning: [Compiler 0_Base] [0005.68] Compile of 0_Base successful, but with 1 Warning(s) [in 89 ms] (/Game/Blueprints/Characters/0_Base.0_Base)
[2018.08.09-12.16.06:032][  0]LogSkeletalMesh: Skeletal Mesh found in DDC [0.349379ms] /Game/Blueprints/Items/Weapons/RelicSword/SK_RelicSword.SK_RelicSword
[2018.08.09-12.16.06:039][  0]LogSkeletalMesh: Skeletal Mesh found in DDC [1.348754ms] /Game/Blueprints/Characters/Female/Kachujin/SK_Kachujin.SK_Kachujin
[2018.08.09-12.16.06:079][  0]LogSkeletalMesh: Skeletal Mesh found in DDC [0.216747ms] /Game/Blueprints/Items/Weapons/WoodenBow/SK_WoodenBow.SK_WoodenBow
[2018.08.09-12.16.06:085][  0]LogAIModule: Creating AISystem for world Arena01
[2018.08.09-12.16.06:086][  0]LogLoad: Game class is 'ThirdPersonGameMode_C'
[2018.08.09-12.16.06:086][  0]LogOnline: Warning: STEAM: Steam API disabled!
[2018.08.09-12.16.06:086][  0]LogOnline: Display: STEAM: OnlineSubsystemSteam::Shutdown()
[2018.08.09-12.16.06:086][  0]LogTemp: Display: ParseSettings for GameNetDriver
[2018.08.09-12.16.06:086][  0]LogTemp: Display: ParseSettings for IpNetDriver_0
[2018.08.09-12.16.06:086][  0]LogTemp: Display: ParseSettings for GameNetDriver
[2018.08.09-12.16.06:086][  0]LogInit: WinSock: Socket queue 131072 / 131072
[2018.08.09-12.16.06:086][  0]PacketHandlerLog: Loaded PacketHandler component: Engine.EngineHandlerComponentFactory (StatelessConnectHandlerComponent)
[2018.08.09-12.16.06:086][  0]LogNet: GameNetDriver IpNetDriver_0 IpNetDriver listening on port 17777
[2018.08.09-12.16.06:088][  0]LogWorld: Bringing World /Game/Maps/Arena01.Arena01 up for play (max tick rate 0) at 2018.08.09-05.16.06
[2018.08.09-12.16.06:088][  0]LogOnline: Warning: OSS: AutoLogin missing AUTH_LOGIN=<login id>.
[2018.08.09-12.16.06:088][  0]LogWorld: Bringing up level for play took: 0.001829
[2018.08.09-12.16.06:089][  0]LogOnline: Warning: OSS: No game present to join for session (GameSession)
[2018.08.09-12.16.06:090][  0]LogGameMode: Display: Match State Changed from EnteringMap to WaitingToStart
[2018.08.09-12.16.06:090][  0]LogGameState: Match State Changed from EnteringMap to WaitingToStart
[2018.08.09-12.16.06:090][  0]LogGameMode: Display: Match State Changed from WaitingToStart to InProgress
[2018.08.09-12.16.06:091][  0]LogGameState: Match State Changed from WaitingToStart to InProgress
[2018.08.09-12.16.06:091][  0]LogLoad: Took 0.351671 seconds to LoadMap(/Game/Maps/Arena01)
[2018.08.09-12.16.06:145][  0]LogLoad: (Engine Initialization) Total time: 5.87 seconds
[2018.08.09-12.16.06:145][  0]LogLoad: (Engine Initialization) Total Blueprint compile time: 0.00 seconds
[2018.08.09-12.16.06:169][  0]LogRenderer: Reallocating scene render targets to support 640x480 Format 10 NumSamples 1 (Frame:1).
[2018.08.09-12.16.06:203][  0]LogWindowsTextInputMethodSystem: Display: IME system now deactivated.
[2018.08.09-12.16.06:207][  0]LogContentStreaming: Texture pool size now 1000 MB
[2018.08.09-12.16.06:774][ 34]LogNet: NotifyAcceptingConnection accepted from: 127.0.0.1:56568
[2018.08.09-12.16.06:774][ 34]LogHandshake: SendConnectChallenge. Timestamp: 0.588829, Cookie: 024095148048097127134225194021081007048167101247191109214019
[2018.08.09-12.16.06:790][ 35]LogNet: NotifyAcceptingConnection accepted from: 127.0.0.1:56568
[2018.08.09-12.16.06:790][ 35]LogHandshake: SendChallengeAck. InCookie: 024095148048097127134225194021081007048167101247191109214019
[2018.08.09-12.16.06:790][ 35]LogNet: Server accepting post-challenge connection from: 127.0.0.1:56568
[2018.08.09-12.16.06:790][ 35]PacketHandlerLog: Loaded PacketHandler component: Engine.EngineHandlerComponentFactory (StatelessConnectHandlerComponent)
[2018.08.09-12.16.06:790][ 35]LogNet: NotifyAcceptedConnection: Name: Arena01, TimeStamp: 08/09/18 05:16:06, [UNetConnection] RemoteAddr: 127.0.0.1:56568, Name: IpConnection_0, Driver: GameNetDriver IpNetDriver_0, IsServer: YES, PC: NULL, Owner: NULL, UniqueId: INVALID
[2018.08.09-12.16.06:790][ 35]LogNet: AddClientConnection: Added client connection: [UNetConnection] RemoteAddr: 127.0.0.1:56568, Name: IpConnection_0, Driver: GameNetDriver IpNetDriver_0, IsServer: YES, PC: NULL, Owner: NULL, UniqueId: INVALID
[2018.08.09-12.16.06:806][ 36]LogNet: NotifyAcceptingChannel Control 0 server World /Game/Maps/Arena01.Arena01: Accepted
[2018.08.09-12.16.06:806][ 36]LogNet: Remote platform little endian=1
[2018.08.09-12.16.06:806][ 36]LogNet: This platform little endian=1
[2018.08.09-12.16.06:806][ 36]LogNetVersion: DarkCrystal 1.0.0.0, NetCL: 3944462, EngineNetVer: 2, GameNetVer: 0 (Checksum: 162565633)
[2018.08.09-12.16.06:822][ 37]LogNet: Login request: /Game/Maps/MainMenu?Name=DESKTOP-LI0N2FC-0F98427E4C48FCB139E4A8A43B7A31CF userId: DESKTOP-LI0N2FC-0F98427E4C48FCB139E4A8A43B7A31CF
[2018.08.09-12.16.06:837][ 38]LogNet: Client netspeed is 10000
[2018.08.09-12.16.07:193][ 60]LogNet: Join request: /Game/Maps/MainMenu?Name=DESKTOP-LI0N2FC-0F98427E4C48FCB139E4A8A43B7A31CF?SplitscreenCount=1
[2018.08.09-12.16.07:193][ 60]LogOnline: Warning: OSS: No game present to join for session (GameSession)
[2018.08.09-12.16.07:195][ 60]LogNet: Join succeeded: DESKTOP-LI0N2FC-0F98
[2018.08.09-12.16.14:064][486]LogBlueprintUserMessages: [BP_FemaleCharacter_C_0] Bow
[2018.08.09-12.17.03:119][521]LogSlate: Window 'DarkCrystal (64-bit, PCD3D_SM5) ' being destroyed
[2018.08.09-12.17.03:119][521]LogWindowsTextInputMethodSystem: Display: IME system now deactivated.
[2018.08.09-12.17.03:127][521]LogOnline: Warning: OSS: No game present to leave for session (GameSession)
[2018.08.09-12.17.03:127][521]LogEngine: All Windows Closed
[2018.08.09-12.17.03:127][521]LogWindows: FPlatformMisc::RequestExit(0)
[2018.08.09-12.17.03:131][522]LogNet: World NetDriver shutdown IpNetDriver_0 [GameNetDriver]
[2018.08.09-12.17.03:131][522]LogNet: DestroyNamedNetDriver IpNetDriver_0 [GameNetDriver]
[2018.08.09-12.17.03:131][522]LogNet: UNetConnection::Cleanup: Closing open connection. [UNetConnection] RemoteAddr: 127.0.0.1:56568, Name: IpConnection_0, Driver: GameNetDriver IpNetDriver_0, IsServer: YES, PC: PlayerController_1, Owner: PlayerController_1, UniqueId: DESKTOP-LI0N2FC-0F98427E4C48FCB139E4A8A43B7A31CF
[2018.08.09-12.17.03:131][522]LogNet: UNetConnection::Close: [UNetConnection] RemoteAddr: 127.0.0.1:56568, Name: IpConnection_0, Driver: GameNetDriver IpNetDriver_0, IsServer: YES, PC: PlayerController_1, Owner: PlayerController_1, UniqueId: DESKTOP-LI0N2FC-0F98427E4C48FCB139E4A8A43B7A31CF, Channels: 11, Time: 2018.08.09-12.17.03
[2018.08.09-12.17.03:131][522]LogNet: UChannel::Close: Sending CloseBunch. ChIndex == 0. Name: [UChannel] ChIndex: 0, Closing: 0 [UNetConnection] RemoteAddr: 127.0.0.1:56568, Name: IpConnection_0, Driver: GameNetDriver IpNetDriver_0, IsServer: YES, PC: PlayerController_1, Owner: PlayerController_1, UniqueId: DESKTOP-LI0N2FC-0F98427E4C48FCB139E4A8A43B7A31CF
[2018.08.09-12.17.03:132][522]LogExit: GameNetDriver IpNetDriver_0 shut down
[2018.08.09-12.17.03:314][522]LogSlate: Slate User Destroyed.  User Index 0, Is Virtual User: 0
[2018.08.09-12.17.03:314][522]LogExit: Preparing to exit.
[2018.08.09-12.17.03:314][522]LogMoviePlayer: Shutting down movie player
[2018.08.09-12.17.03:705][522]LogExit: Game engine shut down
[2018.08.09-12.17.03:706][522]LogUObjectGlobals: Destroyed PersistentFrame Addr=0x000001e605e5a980, Size=88
[2018.08.09-12.17.03:706][522]LogUObjectGlobals: Destroyed PersistentFrame Addr=0x000001e615b3dd00, Size=1104
[2018.08.09-12.17.03:707][522]LogUObjectGlobals: Destroyed PersistentFrame Addr=0x000001e615703a10, Size=72
[2018.08.09-12.17.03:707][522]LogUObjectGlobals: Destroyed PersistentFrame Addr=0x000001e615b67680, Size=32
[2018.08.09-12.17.03:707][522]LogUObjectGlobals: Destroyed PersistentFrame Addr=0x000001e615b1f200, Size=1104
[2018.08.09-12.17.03:707][522]LogUObjectGlobals: Destroyed PersistentFrame Addr=0x000001e60bb8a980, Size=624
[2018.08.09-12.17.03:707][522]LogUObjectGlobals: Destroyed PersistentFrame Addr=0x000001e608b1a278, Size=40
[2018.08.09-12.17.03:707][522]LogUObjectGlobals: Destroyed PersistentFrame Addr=0x000001e60bb4ce50, Size=80
[2018.08.09-12.17.03:707][522]LogUObjectGlobals: Destroyed PersistentFrame Addr=0x000001e608b1ac50, Size=40
[2018.08.09-12.17.03:707][522]LogUObjectGlobals: Destroyed PersistentFrame Addr=0x000001e60badf580, Size=104
[2018.08.09-12.17.03:707][522]LogUObjectGlobals: Destroyed PersistentFrame Addr=0x000001e60baeb380, Size=592
[2018.08.09-12.17.03:707][522]LogUObjectGlobals: Destroyed PersistentFrame Addr=0x000001e6167842e0, Size=88
[2018.08.09-12.17.03:707][522]LogUObjectGlobals: Destroyed PersistentFrame Addr=0x000001e616646e60, Size=32
[2018.08.09-12.17.03:707][522]LogUObjectGlobals: Destroyed PersistentFrame Addr=0x000001e6165ded90, Size=72
[2018.08.09-12.17.03:707][522]LogUObjectGlobals: Destroyed PersistentFrame Addr=0x000001e61655ab00, Size=1104
[2018.08.09-12.17.03:707][522]LogUObjectGlobals: Destroyed PersistentFrame Addr=0x000001e616558100, Size=1104
[2018.08.09-12.17.03:747][522]LogExit: Object subsystem successfully closed.
[2018.08.09-12.17.03:755][522]LogShaderCompilers: Display: Shaders left to compile 0
[2018.08.09-12.17.03:756][522]LogD3D11RHI: Shutdown
[2018.08.09-12.17.03:756][522]LogD3D11RHI: CleanupD3DDevice
[2018.08.09-12.17.03:757][522]LogD3D11RHI: ~FD3D11DynamicRHI
[2018.08.09-12.17.03:761][522]LogModuleManager: Shutting down and abandoning module SequenceRecorderSections (350)
[2018.08.09-12.17.03:761][522]LogModuleManager: Shutting down and abandoning module SequenceRecorder (348)
[2018.08.09-12.17.03:762][522]LogModuleManager: Shutting down and abandoning module AutomationController (346)
[2018.08.09-12.17.03:762][522]LogModuleManager: Shutting down and abandoning module AutomationWorker (344)
[2018.08.09-12.17.03:762][522]LogModuleManager: Shutting down and abandoning module Voice (342)
[2018.08.09-12.17.03:762][522]LogModuleManager: Shutting down and abandoning module AIModule (340)
[2018.08.09-12.17.03:762][522]LogModuleManager: Shutting down and abandoning module GameplayDebugger (339)
[2018.08.09-12.17.03:762][522]LogModuleManager: Shutting down and abandoning module AITestSuite (337)
[2018.08.09-12.17.03:762][522]LogModuleManager: Shutting down and abandoning module WmfMediaFactory (334)
[2018.08.09-12.17.03:762][522]LogModuleManager: Shutting down and abandoning module OpenExrWrapper (332)
[2018.08.09-12.17.03:762][522]LogModuleManager: Shutting down and abandoning module ImgMediaFactory (330)
[2018.08.09-12.17.03:762][522]LogModuleManager: Shutting down and abandoning module AvfMediaFactory (328)
[2018.08.09-12.17.03:762][522]LogModuleManager: Shutting down and abandoning module CharacterAI (326)
[2018.08.09-12.17.03:762][522]LogModuleManager: Shutting down and abandoning module SessionServices (324)
[2018.08.09-12.17.03:762][522]LogModuleManager: Shutting down and abandoning module MovieSceneCapture (322)
[2018.08.09-12.17.03:762][522]LogModuleManager: Shutting down and abandoning module MovieSceneTracks (320)
[2018.08.09-12.17.03:762][522]LogModuleManager: Shutting down and abandoning module MovieScene (318)
[2018.08.09-12.17.03:762][522]LogModuleManager: Shutting down and abandoning module GeometryCache (316)
[2018.08.09-12.17.03:762][522]LogModuleManager: Shutting down and abandoning module GeometryCacheEd (315)
[2018.08.09-12.17.03:762][522]LogModuleManager: Shutting down and abandoning module StreamingPauseRendering (312)
[2018.08.09-12.17.03:762][522]LogModuleManager: Shutting down and abandoning module PortalServices (310)
[2018.08.09-12.17.03:762][522]LogModuleManager: Shutting down and abandoning module PortalRpc (308)
[2018.08.09-12.17.03:762][522]LogModuleManager: Shutting down and abandoning module MessagingRpc (306)
[2018.08.09-12.17.03:762][522]LogModuleManager: Shutting down and abandoning module ProfilerService (304)
[2018.08.09-12.17.03:862][522]LogModuleManager: Shutting down and abandoning module TaskGraph (302)
[2018.08.09-12.17.03:862][522]LogModuleManager: Shutting down and abandoning module SteamVRController (300)
[2018.08.09-12.17.03:862][522]LogModuleManager: Shutting down and abandoning module ProceduralMeshComponent (298)
[2018.08.09-12.17.03:862][522]LogModuleManager: Shutting down and abandoning module OculusInput (296)
[2018.08.09-12.17.03:862][522]LogModuleManager: Shutting down and abandoning module MobilePatchingUtils (294)
[2018.08.09-12.17.03:862][522]LogModuleManager: Shutting down and abandoning module CustomMeshComponent (292)
[2018.08.09-12.17.03:862][522]LogModuleManager: Shutting down and abandoning module CableComponent (290)
[2018.08.09-12.17.03:862][522]LogModuleManager: Shutting down and abandoning module AudioCapture (288)
[2018.08.09-12.17.03:862][522]LogModuleManager: Shutting down and abandoning module ArchVisCharacter (286)
[2018.08.09-12.17.03:862][522]LogModuleManager: Shutting down and abandoning module AndroidPermission (284)
[2018.08.09-12.17.03:862][522]LogModuleManager: Shutting down and abandoning module NUTUnrealEngine4 (282)
[2018.08.09-12.17.03:862][522]LogModuleManager: Shutting down and abandoning module NetcodeUnitTest (280)
[2018.08.09-12.17.03:862][522]LogModuleManager: Shutting down and abandoning module MediaCompositing (278)
[2018.08.09-12.17.03:862][522]LogModuleManager: Shutting down and abandoning module LinearTimecode (276)
[2018.08.09-12.17.03:862][522]LogModuleManager: Shutting down and abandoning module ImgMedia (274)
[2018.08.09-12.17.03:863][522]LogModuleManager: Shutting down and abandoning module HTML5Networking (272)
[2018.08.09-12.17.03:863][522]LogModuleManager: Shutting down and abandoning module DatasmithContent (270)
[2018.08.09-12.17.03:863][522]LogModuleManager: Shutting down and abandoning module CryptoKeysOpenSSL (268)
[2018.08.09-12.17.03:863][522]LogModuleManager: Shutting down and abandoning module CryptoKeys (266)
[2018.08.09-12.17.03:863][522]LogModuleManager: Shutting down and abandoning module VisualStudioSourceCodeAccess (264)
[2018.08.09-12.17.03:863][522]LogModuleManager: Shutting down and abandoning module HotReload (263)
[2018.08.09-12.17.03:863][522]LogModuleManager: Shutting down and abandoning module VisualStudioCodeSourceCodeAccess (260)
[2018.08.09-12.17.03:864][522]LogModuleManager: Shutting down and abandoning module UObjectPlugin (258)
[2018.08.09-12.17.03:864][522]LogModuleManager: Shutting down and abandoning module SubversionSourceControl (256)
[2018.08.09-12.17.03:864][522]LogModuleManager: Shutting down and abandoning module PerforceSourceControl (254)
[2018.08.09-12.17.03:864][522]LogModuleManager: Shutting down and abandoning module SourceControl (253)
[2018.08.09-12.17.03:864][522]LogModuleManager: Shutting down and abandoning module CLionSourceCodeAccess (250)
[2018.08.09-12.17.03:864][522]LogModuleManager: Shutting down and abandoning module VictoryBPLibrary (248)
[2018.08.09-12.17.03:864][522]LogModuleManager: Shutting down and abandoning module RuntimePhysXCooking (246)
[2018.08.09-12.17.03:864][522]LogModuleManager: Shutting down and abandoning module PhysXVehiclesEditor (244)
[2018.08.09-12.17.03:864][522]LogModuleManager: Shutting down and abandoning module PhysXVehicles (242)
[2018.08.09-12.17.03:864][522]LogModuleManager: Shutting down and abandoning module LocationServicesBPLibrary (240)
[2018.08.09-12.17.03:864][522]LogModuleManager: Shutting down and abandoning module ImmediatePhysicsEditor (238)
[2018.08.09-12.17.03:864][522]LogModuleManager: Shutting down and abandoning module ImmediatePhysics (236)
[2018.08.09-12.17.03:864][522]LogModuleManager: Shutting down and abandoning module ApexDestructionEditor (234)
[2018.08.09-12.17.03:864][522]LogModuleManager: Shutting down and abandoning module ContentBrowser (233)
[2018.08.09-12.17.03:864][522]LogModuleManager: Shutting down and abandoning module CollectionManager (232)
[2018.08.09-12.17.03:864][522]LogDirectoryWatcher: A directory notification for 'G:/DarkActive/Unreal Projects/DarkCrystal/Content/Collections/' was aborted.
[2018.08.09-12.17.03:864][522]LogDirectoryWatcher: A directory notification for 'G:/DarkActive/Unreal Projects/DarkCrystal/Content/Developers/Kappa/Collections/' was aborted.
[2018.08.09-12.17.03:864][522]LogDirectoryWatcher: A directory notification for 'G:/DarkActive/Unreal Projects/DarkCrystal/Saved/Collections/' was aborted.
[2018.08.09-12.17.03:864][522]LogModuleManager: Shutting down and abandoning module DirectoryWatcher (231)
[2018.08.09-12.17.03:864][522]LogModuleManager: Shutting down and abandoning module ApexDestruction (226)
[2018.08.09-12.17.03:864][522]LogModuleManager: Shutting down and abandoning module ActorSequence (224)
[2018.08.09-12.17.03:864][522]LogModuleManager: Shutting down and abandoning module UdpMessaging (222)
[2018.08.09-12.17.03:965][522]LogModuleManager: Shutting down and abandoning module TcpMessaging (220)
[2018.08.09-12.17.04:660][522]LogModuleManager: Shutting down and abandoning module GameplayTagsEditor (218)
[2018.08.09-12.17.04:660][522]LogModuleManager: Shutting down and abandoning module FacialAnimation (216)
[2018.08.09-12.17.04:660][522]LogModuleManager: Shutting down and abandoning module DataValidation (214)
[2018.08.09-12.17.04:660][522]LogModuleManager: Shutting down and abandoning module AssetManagerEditor (212)
[2018.08.09-12.17.04:660][522]LogModuleManager: Shutting down and abandoning module TreeMap (211)
[2018.08.09-12.17.04:660][522]LogModuleManager: Shutting down and abandoning module LightPropagationVolumeRuntime (208)
[2018.08.09-12.17.04:660][522]LogModuleManager: Shutting down and abandoning module LiveLink (206)
[2018.08.09-12.17.05:590][522]LogModuleManager: Shutting down and abandoning module AdvancedSteamSessions (204)
[2018.08.09-12.17.05:590][522]LogModuleManager: Shutting down and abandoning module AdvancedSessions (202)
[2018.08.09-12.17.05:590][522]LogModuleManager: Shutting down and abandoning module Paper2D (200)
[2018.08.09-12.17.05:590][522]LogModuleManager: Shutting down and abandoning module PIEPreviewDeviceProfileSelector (198)
[2018.08.09-12.17.05:590][522]LogModuleManager: Shutting down and abandoning module WindowsMoviePlayer (196)
[2018.08.09-12.17.05:590][522]LogModuleManager: Shutting down and abandoning module WmfMedia (194)
[2018.08.09-12.17.05:590][522]LogModuleManager: Shutting down and abandoning module Media (193)
[2018.08.09-12.17.05:596][522]LogModuleManager: Shutting down and abandoning module PacketHandler (190)
[2018.08.09-12.17.05:596][522]LogModuleManager: Shutting down and abandoning module ClothingSystemEditor (188)
[2018.08.09-12.17.05:596][522]LogModuleManager: Shutting down and abandoning module ClothingSystemRuntime (186)
[2018.08.09-12.17.05:596][522]LogModuleManager: Shutting down and abandoning module MediaAssets (184)
[2018.08.09-12.17.05:596][522]LogModuleManager: Shutting down and abandoning module Overlay (182)
[2018.08.09-12.17.05:596][522]LogModuleManager: Shutting down and abandoning module OverlayEditor (181)
[2018.08.09-12.17.05:596][522]LogModuleManager: Shutting down and abandoning module VREditor (178)
[2018.08.09-12.17.05:596][522]LogModuleManager: Shutting down and abandoning module StringTableEditor (176)
[2018.08.09-12.17.05:596][522]LogModuleManager: Shutting down and abandoning module GameplayTasksEditor (174)
[2018.08.09-12.17.05:596][522]LogModuleManager: Shutting down and abandoning module BehaviorTreeEditor (172)
[2018.08.09-12.17.05:596][522]LogModuleManager: Shutting down and abandoning module FunctionalTesting (170)
[2018.08.09-12.17.05:596][522]LogModuleManager: Shutting down and abandoning module CollisionAnalyzer (168)
[2018.08.09-12.17.05:596][522]LogModuleManager: Shutting down and abandoning module WorkspaceMenuStructure (167)
[2018.08.09-12.17.05:596][522]LogModuleManager: Shutting down and abandoning module UMG (164)
[2018.08.09-12.17.05:596][522]LogModuleManager: Shutting down and abandoning module UMGEditor (163)
[2018.08.09-12.17.05:596][522]LogModuleManager: Shutting down and abandoning module Sequencer (162)
[2018.08.09-12.17.05:596][522]LogModuleManager: Shutting down and abandoning module MessageLog (159)
[2018.08.09-12.17.05:596][522]LogModuleManager: Shutting down and abandoning module SlateReflector (154)
[2018.08.09-12.17.05:596][522]LogModuleManager: Shutting down and abandoning module Slate (152)
[2018.08.09-12.17.05:596][522]LogModuleManager: Shutting down and abandoning module EditorStyle (150)
[2018.08.09-12.17.05:597][522]LogModuleManager: Shutting down and abandoning module MRMesh (148)
[2018.08.09-12.17.05:597][522]LogModuleManager: Shutting down and abandoning module Messaging (146)
[2018.08.09-12.17.05:597][522]LogModuleManager: Shutting down and abandoning module SourceCodeAccess (144)
[2018.08.09-12.17.05:597][522]LogModuleManager: Shutting down and abandoning module HeadMountedDisplay (142)
[2018.08.09-12.17.05:597][522]LogModuleManager: Shutting down and abandoning module XAudio2 (140)
[2018.08.09-12.17.05:597][522]LogModuleManager: Shutting down and abandoning module Networking (138)
[2018.08.09-12.17.05:597][522]LogModuleManager: Shutting down and abandoning module Core (136)
[2018.08.09-12.17.05:597][522]LogModuleManager: Shutting down and abandoning module LevelSequence (134)
[2018.08.09-12.17.05:597][522]LogModuleManager: Shutting down and abandoning module KismetCompiler (132)
[2018.08.09-12.17.05:597][522]LogModuleManager: Shutting down and abandoning module MeshUtilities (130)
[2018.08.09-12.17.05:597][522]LogModuleManager: Shutting down and abandoning module MeshMergeUtilities (129)
[2018.08.09-12.17.05:597][522]LogModuleManager: Shutting down and abandoning module MeshReductionInterface (128)
[2018.08.09-12.17.05:597][522]LogModuleManager: Shutting down and abandoning module SimplygonSwarm (127)
[2018.08.09-12.17.05:597][522]LogModuleManager: Shutting down and abandoning module SimplygonMeshReduction (125)
[2018.08.09-12.17.05:597][522]LogModuleManager: Shutting down and abandoning module QuadricMeshReduction (123)
[2018.08.09-12.17.05:597][522]LogModuleManager: Shutting down and abandoning module MaterialBaking (119)
[2018.08.09-12.17.05:597][522]LogModuleManager: Shutting down and abandoning module DerivedDataCache (114)
[2018.08.09-12.17.06:007][522]LogDerivedDataCache: Shutdown
[2018.08.09-12.17.06:007][522]LogModuleManager: Shutting down and abandoning module XGEController (112)
[2018.08.09-12.17.06:007][522]LogModuleManager: Shutting down and abandoning module TargetPlatform (110)
[2018.08.09-12.17.06:007][522]LogModuleManager: Shutting down and abandoning module VulkanShaderFormat (109)
[2018.08.09-12.17.06:007][522]LogModuleManager: Shutting down and abandoning module ShaderFormatVectorVM (107)
[2018.08.09-12.17.06:007][522]LogModuleManager: Shutting down and abandoning module ShaderFormatOpenGL (105)
[2018.08.09-12.17.06:007][522]LogModuleManager: Shutting down and abandoning module ShaderFormatD3D (103)
[2018.08.09-12.17.06:007][522]LogModuleManager: Shutting down and abandoning module MetalShaderFormat (101)
[2018.08.09-12.17.06:007][522]LogModuleManager: Shutting down and abandoning module TextureFormatUncompressed (99)
[2018.08.09-12.17.06:007][522]LogModuleManager: Shutting down and abandoning module TextureFormatPVR (97)
[2018.08.09-12.17.06:007][522]LogModuleManager: Shutting down and abandoning module TextureFormatDXT (95)
[2018.08.09-12.17.06:007][522]LogModuleManager: Shutting down and abandoning module TextureFormatIntelISPCTexComp (93)
[2018.08.09-12.17.06:007][522]LogModuleManager: Shutting down and abandoning module TextureFormatASTC (91)
[2018.08.09-12.17.06:007][522]LogModuleManager: Shutting down and abandoning module ImageWrapper (90)
[2018.08.09-12.17.06:007][522]LogModuleManager: Shutting down and abandoning module TextureFormatAndroid (87)
[2018.08.09-12.17.06:007][522]LogModuleManager: Shutting down and abandoning module AudioFormatOpus (85)
[2018.08.09-12.17.06:007][522]LogModuleManager: Shutting down and abandoning module AudioFormatOgg (83)
[2018.08.09-12.17.06:007][522]LogModuleManager: Shutting down and abandoning module AudioFormatADPCM (81)
[2018.08.09-12.17.06:008][522]LogModuleManager: Shutting down and abandoning module WindowsTargetPlatform (79)
[2018.08.09-12.17.06:008][522]LogModuleManager: Shutting down and abandoning module WindowsServerTargetPlatform (77)
[2018.08.09-12.17.06:008][522]LogModuleManager: Shutting down and abandoning module WindowsNoEditorTargetPlatform (75)
[2018.08.09-12.17.06:008][522]LogModuleManager: Shutting down and abandoning module WindowsClientTargetPlatform (73)
[2018.08.09-12.17.06:008][522]LogModuleManager: Shutting down and abandoning module InputCore (70)
[2018.08.09-12.17.06:008][522]LogModuleManager: Shutting down and abandoning module Settings (68)
[2018.08.09-12.17.06:008][522]LogModuleManager: Shutting down and abandoning module PhysXCooking (66)
[2018.08.09-12.17.06:008][522]LogModuleManager: Shutting down and abandoning module SteamVR (64)
[2018.08.09-12.17.06:008][522]LogModuleManager: Shutting down and abandoning module OculusHMD (62)
[2018.08.09-12.17.06:008][522]LogModuleManager: Shutting down and abandoning module ExampleDeviceProfileSelector (60)
[2018.08.09-12.17.06:008][522]LogModuleManager: Shutting down and abandoning module AppleARKit (58)
[2018.08.09-12.17.06:008][522]LogModuleManager: Shutting down and abandoning module AugmentedReality (57)
[2018.08.09-12.17.06:008][522]LogModuleManager: Shutting down and abandoning module OnlineBlueprintSupport (54)
[2018.08.09-12.17.06:008][522]LogModuleManager: Shutting down and abandoning module OnlineSubsystem (50)
[2018.08.09-12.17.06:008][522]LogOnline: Display: OSS: FOnlineSubsystemNull::Shutdown()
[2018.08.09-12.17.06:008][522]LogOnline: Display: OSS: FOnlineAsyncTaskManager::Stop() ActiveTask:0000000000000000 Tasks[0/0]
[2018.08.09-12.17.06:008][522]LogOnline: Display: OSS: FOnlineAsyncTaskManager::Exit() started
[2018.08.09-12.17.06:008][522]LogOnline: Display: OSS: FOnlineAsyncTaskManager::Exit() finished
[2018.08.09-12.17.06:008][522]LogModuleManager: Shutting down and abandoning module XMPP (43)
[2018.08.09-12.17.06:008][522]LogModuleManager: Shutting down and abandoning module HTTP (41)
[2018.08.09-12.17.06:040][522]LogModuleManager: Shutting down and abandoning module SSL (40)
[2018.08.09-12.17.06:041][522]LogModuleManager: Shutting down and abandoning module AnimationModifiers (36)
[2018.08.09-12.17.06:041][522]LogModuleManager: Shutting down and abandoning module PropertyEditor (35)
[2018.08.09-12.17.06:041][522]LogModuleManager: Shutting down and abandoning module AudioEditor (32)
[2018.08.09-12.17.06:041][522]LogModuleManager: Shutting down and abandoning module TextureCompressor (30)
[2018.08.09-12.17.06:041][522]LogModuleManager: Shutting down and abandoning module ShaderCore (28)
[2018.08.09-12.17.06:041][522]LogModuleManager: Shutting down and abandoning module Landscape (26)
[2018.08.09-12.17.06:041][522]LogModuleManager: Shutting down and abandoning module SlateRHIRenderer (24)
[2018.08.09-12.17.06:041][522]LogModuleManager: Shutting down and abandoning module OpenGLDrv (22)
[2018.08.09-12.17.06:041][522]LogModuleManager: Shutting down and abandoning module D3D11RHI (20)
[2018.08.09-12.17.06:041][522]LogModuleManager: Shutting down and abandoning module AnimGraphRuntime (18)
[2018.08.09-12.17.06:041][522]LogModuleManager: Shutting down and abandoning module Renderer (16)
[2018.08.09-12.17.06:041][522]LogModuleManager: Shutting down and abandoning module Engine (14)
[2018.08.09-12.17.06:041][522]LogModuleManager: Shutting down and abandoning module CoreUObject (12)
[2018.08.09-12.17.06:041][522]LogModuleManager: Shutting down and abandoning module NetworkFile (10)
[2018.08.09-12.17.06:041][522]LogModuleManager: Shutting down and abandoning module CookedIterativeFile (8)
[2018.08.09-12.17.06:041][522]LogModuleManager: Shutting down and abandoning module StreamingFile (6)
[2018.08.09-12.17.06:041][522]LogModuleManager: Shutting down and abandoning module SandboxFile (4)
[2018.08.09-12.17.06:041][522]LogModuleManager: Shutting down and abandoning module PakFile (2)
[2018.08.09-12.17.06:044][522]LogExit: Exiting.
[2018.08.09-12.17.06:078][522]Log file closed, 08/09/18 05:17:06
