Log file open, 08/09/18 05:30:25
LogWindows: Failed to load 'aqProf.dll' (GetLastError=126)
LogWindows: File 'aqProf.dll' does not exist
LogWindows: Failed to load 'VtuneApi.dll' (GetLastError=126)
LogWindows: File 'VtuneApi.dll' does not exist
LogWindows: Failed to load 'VtuneApi32e.dll' (GetLastError=126)
LogWindows: File 'VtuneApi32e.dll' does not exist
LogInit: Display: Running engine for game: DarkCrystal
LogPlatformFile: Not using cached read wrapper
LogInit: Display: RandInit(-861251143) SRandInit(-861251143).
LogInit: Read version file with build ID '3944462'
LogInit: Overriding engine version to CL 4033788, compatible CL 3944462
LogInit: Registered custom module enumerator with build ID '3944462'
LogTaskGraph: Started task graph with 5 named threads and 23 total threads with 3 sets of task threads.
LogStats: Stats thread started at 0.254529
LogD3D11RHI: Aftermath initialized
LogICUInternationalization: Display: ICU TimeZone Detection - Raw Offset: -8:00, Platform Override: ''
LogModuleManager: Display: Found up-to-date module file ../../../Engine/Plugins/Online/OnlineSubsystemSteam/Binaries/Win64/UE4Editor-OnlineSubsystemSteam.dll (API version 3944462).
LogModuleManager: Display: Found up-to-date module file ../../../Engine/Plugins/Online/OnlineSubsystem/Binaries/Win64/UE4Editor-OnlineSubsystem.dll (API version 3944462).
LogModuleManager: Display: Found up-to-date module file ../../../Engine/Plugins/Online/OnlineSubsystemUtils/Binaries/Win64/UE4Editor-OnlineSubsystemUtils.dll (API version 3944462).
LogModuleManager: Display: Found up-to-date module file ../../../Engine/Plugins/Online/OnlineSubsystemUtils/Binaries/Win64/UE4Editor-OnlineBlueprintSupport.dll (API version 3944462).
LogModuleManager: Display: Found up-to-date module file ../../../Engine/Plugins/VictoryPlugin/Binaries/Win64/UE4Editor-VictoryBPLibrary.dll (API version 3944462).
LogModuleManager: Display: Found up-to-date module file ../../../Engine/Plugins/Runtime/ApexDestruction/Binaries/Win64/UE4Editor-ApexDestruction.dll (API version 3944462).
LogModuleManager: Display: Found up-to-date module file ../../../Engine/Plugins/Runtime/ApexDestruction/Binaries/Win64/UE4Editor-ApexDestructionEditor.dll (API version 3944462).
LogModuleManager: Display: Found up-to-date module file ../../../Engine/Plugins/AdvancedSessions/AdvancedSessions/Binaries/Win64/UE4Editor-AdvancedSessions.dll (API version 3944462).
LogModuleManager: Display: Found up-to-date module file ../../../Engine/Plugins/AdvancedSessions/AdvancedSteamSessions/Binaries/Win64/UE4Editor-AdvancedSteamSessions.dll (API version 3944462).
LogModuleManager: Display: Found up-to-date module file ../../../Engine/Plugins/2D/Paper2D/Binaries/Win64/UE4Editor-Paper2D.dll (API version 3944462).
LogModuleManager: Display: Found up-to-date module file ../../../Engine/Plugins/2D/Paper2D/Binaries/Win64/UE4Editor-Paper2DEditor.dll (API version 3944462).
LogModuleManager: Display: Found up-to-date module file ../../../Engine/Plugins/2D/Paper2D/Binaries/Win64/UE4Editor-PaperSpriteSheetImporter.dll (API version 3944462).
LogModuleManager: Display: Found up-to-date module file ../../../Engine/Plugins/2D/Paper2D/Binaries/Win64/UE4Editor-PaperTiledImporter.dll (API version 3944462).
LogModuleManager: Display: Found up-to-date module file ../../../Engine/Plugins/2D/Paper2D/Binaries/Win64/UE4Editor-SmartSnapping.dll (API version 3944462).
LogModuleManager: Display: Found up-to-date module file ../../../Engine/Plugins/Blendables/LightPropagationVolume/Binaries/Win64/UE4Editor-LightPropagationVolumeRuntime.dll (API version 3944462).
LogModuleManager: Display: Found up-to-date module file ../../../Engine/Plugins/Blendables/LightPropagationVolume/Binaries/Win64/UE4Editor-LightPropagationVolumeEditor.dll (API version 3944462).
LogModuleManager: Display: Found up-to-date module file ../../../Engine/Plugins/Developer/CLionSourceCodeAccess/Binaries/Win64/UE4Editor-CLionSourceCodeAccess.dll (API version 3944462).
LogModuleManager: Display: Found up-to-date module file ../../../Engine/Plugins/Developer/GitSourceControl/Binaries/Win64/UE4Editor-GitSourceControl.dll (API version 3944462).
LogModuleManager: Display: Found up-to-date module file ../../../Engine/Plugins/Developer/PerforceSourceControl/Binaries/Win64/UE4Editor-PerforceSourceControl.dll (API version 3944462).
LogModuleManager: Display: Found up-to-date module file ../../../Engine/Plugins/Developer/SubversionSourceControl/Binaries/Win64/UE4Editor-SubversionSourceControl.dll (API version 3944462).
LogModuleManager: Display: Found up-to-date module file ../../../Engine/Plugins/Developer/UObjectPlugin/Binaries/Win64/UE4Editor-UObjectPlugin.dll (API version 3944462).
LogModuleManager: Display: Found up-to-date module file ../../../Engine/Plugins/Developer/VisualStudioCodeSourceCodeAccess/Binaries/Win64/UE4Editor-VisualStudioCodeSourceCodeAccess.dll (API version 3944462).
LogModuleManager: Display: Found up-to-date module file ../../../Engine/Plugins/Developer/VisualStudioSourceCodeAccess/Binaries/Win64/UE4Editor-VisualStudioSourceCodeAccess.dll (API version 3944462).
LogModuleManager: Display: Found up-to-date module file ../../../Engine/Plugins/Editor/AssetManagerEditor/Binaries/Win64/UE4Editor-AssetManagerEditor.dll (API version 3944462).
LogModuleManager: Display: Found up-to-date module file ../../../Engine/Plugins/Editor/CryptoKeys/Binaries/Win64/UE4Editor-CryptoKeys.dll (API version 3944462).
LogModuleManager: Display: Found up-to-date module file ../../../Engine/Plugins/Editor/CryptoKeys/Binaries/Win64/UE4Editor-CryptoKeysOpenSSL.dll (API version 3944462).
LogModuleManager: Display: Found up-to-date module file ../../../Engine/Plugins/Editor/DataValidation/Binaries/Win64/UE4Editor-DataValidation.dll (API version 3944462).
LogModuleManager: Display: Found up-to-date module file ../../../Engine/Plugins/Editor/FacialAnimation/Binaries/Win64/UE4Editor-FacialAnimation.dll (API version 3944462).
LogModuleManager: Display: Found up-to-date module file ../../../Engine/Plugins/Editor/FacialAnimation/Binaries/Win64/UE4Editor-FacialAnimationEditor.dll (API version 3944462).
LogModuleManager: Display: Found up-to-date module file ../../../Engine/Plugins/Editor/GameplayTagsEditor/Binaries/Win64/UE4Editor-GameplayTagsEditor.dll (API version 3944462).
LogModuleManager: Display: Found up-to-date module file ../../../Engine/Plugins/Editor/MobileLauncherProfileWizard/Binaries/Win64/UE4Editor-MobileLauncherProfileWizard.dll (API version 3944462).
LogModuleManager: Display: Found up-to-date module file ../../../Engine/Plugins/Editor/PluginBrowser/Binaries/Win64/UE4Editor-PluginBrowser.dll (API version 3944462).
LogModuleManager: Display: Found up-to-date module file ../../../Engine/Plugins/Editor/SpeedTreeImporter/Binaries/Win64/UE4Editor-SpeedTreeImporter.dll (API version 3944462).
LogModuleManager: Display: Found up-to-date module file ../../../Engine/Plugins/Enterprise/DatasmithContent/Binaries/Win64/UE4Editor-DatasmithContent.dll (API version 3944462).
LogModuleManager: Display: Found up-to-date module file ../../../Engine/Plugins/Experimental/AlembicImporter/Binaries/Win64/UE4Editor-AlembicImporter.dll (API version 3944462).
LogModuleManager: Display: Found up-to-date module file ../../../Engine/Plugins/Experimental/AlembicImporter/Binaries/Win64/UE4Editor-AlembicLibrary.dll (API version 3944462).
LogModuleManager: Display: Found up-to-date module file ../../../Engine/Plugins/Experimental/CharacterAI/Binaries/Win64/UE4Editor-CharacterAI.dll (API version 3944462).
LogModuleManager: Display: Found up-to-date module file ../../../Engine/Plugins/Experimental/HTML5Networking/Binaries/Win64/UE4Editor-HTML5Networking.dll (API version 3944462).
LogModuleManager: Display: Found up-to-date module file ../../../Engine/Plugins/Media/AndroidMedia/Binaries/Win64/UE4Editor-AndroidMediaEditor.dll (API version 3944462).
LogModuleManager: Display: Found up-to-date module file ../../../Engine/Plugins/Media/AndroidMedia/Binaries/Win64/UE4Editor-AndroidMediaFactory.dll (API version 3944462).
LogModuleManager: Display: Found up-to-date module file ../../../Engine/Plugins/Media/AvfMedia/Binaries/Win64/UE4Editor-AvfMediaEditor.dll (API version 3944462).
LogModuleManager: Display: Found up-to-date module file ../../../Engine/Plugins/Media/AvfMedia/Binaries/Win64/UE4Editor-AvfMediaFactory.dll (API version 3944462).
LogModuleManager: Display: Found up-to-date module file ../../../Engine/Plugins/Media/AvfMedia/Binaries/Win64/UE4Editor-AvfMediaFactory.dll (API version 3944462).
LogModuleManager: Display: Found up-to-date module file ../../../Engine/Plugins/Media/ImgMedia/Binaries/Win64/UE4Editor-ImgMedia.dll (API version 3944462).
LogModuleManager: Display: Found up-to-date module file ../../../Engine/Plugins/Media/ImgMedia/Binaries/Win64/UE4Editor-ImgMediaEditor.dll (API version 3944462).
LogModuleManager: Display: Found up-to-date module file ../../../Engine/Plugins/Media/ImgMedia/Binaries/Win64/UE4Editor-ImgMediaFactory.dll (API version 3944462).
LogModuleManager: Display: Found up-to-date module file ../../../Engine/Plugins/Media/ImgMedia/Binaries/Win64/UE4Editor-ImgMediaFactory.dll (API version 3944462).
LogModuleManager: Display: Found up-to-date module file ../../../Engine/Plugins/Media/ImgMedia/Binaries/Win64/UE4Editor-OpenExrWrapper.dll (API version 3944462).
LogModuleManager: Display: Found up-to-date module file ../../../Engine/Plugins/Media/LinearTimecode/Binaries/Win64/UE4Editor-LinearTimecode.dll (API version 3944462).
LogModuleManager: Display: Found up-to-date module file ../../../Engine/Plugins/Media/MediaCompositing/Binaries/Win64/UE4Editor-MediaCompositing.dll (API version 3944462).
LogModuleManager: Display: Found up-to-date module file ../../../Engine/Plugins/Media/MediaCompositing/Binaries/Win64/UE4Editor-MediaCompositingEditor.dll (API version 3944462).
LogModuleManager: Display: Found up-to-date module file ../../../Engine/Plugins/Media/MediaPlayerEditor/Binaries/Win64/UE4Editor-MediaPlayerEditor.dll (API version 3944462).
LogModuleManager: Display: Found up-to-date module file ../../../Engine/Plugins/Media/WmfMedia/Binaries/Win64/UE4Editor-WmfMedia.dll (API version 3944462).
LogModuleManager: Display: Found up-to-date module file ../../../Engine/Plugins/Media/WmfMedia/Binaries/Win64/UE4Editor-WmfMediaEditor.dll (API version 3944462).
LogModuleManager: Display: Found up-to-date module file ../../../Engine/Plugins/Media/WmfMedia/Binaries/Win64/UE4Editor-WmfMediaFactory.dll (API version 3944462).
LogModuleManager: Display: Found up-to-date module file ../../../Engine/Plugins/Media/WmfMedia/Binaries/Win64/UE4Editor-WmfMediaFactory.dll (API version 3944462).
LogModuleManager: Display: Found up-to-date module file ../../../Engine/Plugins/Messaging/TcpMessaging/Binaries/Win64/UE4Editor-TcpMessaging.dll (API version 3944462).
LogModuleManager: Display: Found up-to-date module file ../../../Engine/Plugins/Messaging/UdpMessaging/Binaries/Win64/UE4Editor-UdpMessaging.dll (API version 3944462).
LogModuleManager: Display: Found up-to-date module file ../../../Engine/Plugins/MovieScene/ActorSequence/Binaries/Win64/UE4Editor-ActorSequence.dll (API version 3944462).
LogModuleManager: Display: Found up-to-date module file ../../../Engine/Plugins/MovieScene/LevelSequenceEditor/Binaries/Win64/UE4Editor-LevelSequenceEditor.dll (API version 3944462).
LogModuleManager: Display: Found up-to-date module file ../../../Engine/Plugins/MovieScene/MatineeToLevelSequence/Binaries/Win64/UE4Editor-MatineeToLevelSequence.dll (API version 3944462).
LogModuleManager: Display: Found up-to-date module file ../../../Engine/Plugins/NetcodeUnitTest/NetcodeUnitTest/Binaries/Win64/UE4Editor-NetcodeUnitTest.dll (API version 3944462).
LogModuleManager: Display: Found up-to-date module file ../../../Engine/Plugins/NetcodeUnitTest/NUTUnrealEngine4/Binaries/Win64/UE4Editor-NUTUnrealEngine4.dll (API version 3944462).
LogModuleManager: Display: Found up-to-date module file ../../../Engine/Plugins/Runtime/AndroidPermission/Binaries/Win64/UE4Editor-AndroidPermission.dll (API version 3944462).
LogModuleManager: Display: Found up-to-date module file ../../../Engine/Plugins/Online/OnlineSubsystemNull/Binaries/Win64/UE4Editor-OnlineSubsystemNull.dll (API version 3944462).
LogModuleManager: Display: Found up-to-date module file ../../../Engine/Plugins/Runtime/AndroidDeviceProfileSelector/Binaries/Win64/UE4Editor-AndroidDeviceProfileSelector.dll (API version 3944462).
LogModuleManager: Display: Found up-to-date module file ../../../Engine/Plugins/Runtime/AppleARKit/Binaries/Win64/UE4Editor-AppleARKit.dll (API version 3944462).
LogModuleManager: Display: Found up-to-date module file ../../../Engine/Plugins/Runtime/ProceduralMeshComponent/Binaries/Win64/UE4Editor-ProceduralMeshComponent.dll (API version 3944462).
LogModuleManager: Display: Found up-to-date module file ../../../Engine/Plugins/Runtime/ProceduralMeshComponent/Binaries/Win64/UE4Editor-ProceduralMeshComponentEditor.dll (API version 3944462).
LogModuleManager: Display: Found up-to-date module file ../../../Engine/Plugins/Animation/LiveLink/Binaries/Win64/UE4Editor-LiveLink.dll (API version 3944462).
LogModuleManager: Display: Found up-to-date module file ../../../Engine/Plugins/Animation/LiveLink/Binaries/Win64/UE4Editor-LiveLinkEditor.dll (API version 3944462).
LogModuleManager: Display: Found up-to-date module file ../../../Engine/Plugins/Runtime/ArchVisCharacter/Binaries/Win64/UE4Editor-ArchVisCharacter.dll (API version 3944462).
LogModuleManager: Display: Found up-to-date module file ../../../Engine/Plugins/Runtime/AudioCapture/Binaries/Win64/UE4Editor-AudioCapture.dll (API version 3944462).
LogModuleManager: Display: Found up-to-date module file ../../../Engine/Plugins/Runtime/AudioCapture/Binaries/Win64/UE4Editor-AudioCaptureEditor.dll (API version 3944462).
LogModuleManager: Display: Found up-to-date module file ../../../Engine/Plugins/Runtime/CableComponent/Binaries/Win64/UE4Editor-CableComponent.dll (API version 3944462).
LogModuleManager: Display: Found up-to-date module file ../../../Engine/Plugins/Runtime/CustomMeshComponent/Binaries/Win64/UE4Editor-CustomMeshComponent.dll (API version 3944462).
LogModuleManager: Display: Found up-to-date module file ../../../Engine/Plugins/Runtime/ExampleDeviceProfileSelector/Binaries/Win64/UE4Editor-ExampleDeviceProfileSelector.dll (API version 3944462).
LogModuleManager: Display: Found up-to-date module file ../../../Engine/Plugins/Runtime/ImmediatePhysics/Binaries/Win64/UE4Editor-ImmediatePhysics.dll (API version 3944462).
LogModuleManager: Display: Found up-to-date module file ../../../Engine/Plugins/Runtime/ImmediatePhysics/Binaries/Win64/UE4Editor-ImmediatePhysicsEditor.dll (API version 3944462).
LogModuleManager: Display: Found up-to-date module file ../../../Engine/Plugins/Runtime/LocationServicesBPLibrary/Binaries/Win64/UE4Editor-LocationServicesBPLibrary.dll (API version 3944462).
LogModuleManager: Display: Found up-to-date module file ../../../Engine/Plugins/Runtime/MobilePatchingUtils/Binaries/Win64/UE4Editor-MobilePatchingUtils.dll (API version 3944462).
LogModuleManager: Display: Found up-to-date module file ../../../Engine/Plugins/Runtime/Oculus/OculusVR/Binaries/Win64/UE4Editor-OculusHMD.dll (API version 3944462).
LogModuleManager: Display: Found up-to-date module file ../../../Engine/Plugins/Runtime/Oculus/OculusVR/Binaries/Win64/UE4Editor-OculusInput.dll (API version 3944462).
LogModuleManager: Display: Found up-to-date module file ../../../Engine/Plugins/Runtime/Oculus/OculusVR/Binaries/Win64/UE4Editor-OculusEditor.dll (API version 3944462).
LogModuleManager: Display: Found up-to-date module file ../../../Engine/Plugins/Runtime/PhysXVehicles/Binaries/Win64/UE4Editor-PhysXVehicles.dll (API version 3944462).
LogModuleManager: Display: Found up-to-date module file ../../../Engine/Plugins/Runtime/PhysXVehicles/Binaries/Win64/UE4Editor-PhysXVehiclesEditor.dll (API version 3944462).
LogModuleManager: Display: Found up-to-date module file ../../../Engine/Plugins/Runtime/RuntimePhysXCooking/Binaries/Win64/UE4Editor-RuntimePhysXCooking.dll (API version 3944462).
LogModuleManager: Display: Found up-to-date module file ../../../Engine/Plugins/Runtime/Steam/SteamVR/Binaries/Win64/UE4Editor-SteamVR.dll (API version 3944462).
LogModuleManager: Display: Found up-to-date module file ../../../Engine/Plugins/Runtime/Steam/SteamVR/Binaries/Win64/UE4Editor-SteamVRController.dll (API version 3944462).
LogModuleManager: Display: Found up-to-date module file ../../../Engine/Plugins/Runtime/WindowsMoviePlayer/Binaries/Win64/UE4Editor-WindowsMoviePlayer.dll (API version 3944462).
LogPluginManager: Mounting plugin Paper2D
LogPluginManager: Mounting plugin AdvancedSessions
LogPluginManager: Mounting plugin AdvancedSteamSessions
LogPluginManager: Mounting plugin LiveLink
LogPluginManager: Mounting plugin LightPropagationVolume
LogPluginManager: Mounting plugin CLionSourceCodeAccess
LogPluginManager: Mounting plugin CodeLiteSourceCodeAccess
LogPluginManager: Mounting plugin GitSourceControl
LogPluginManager: Mounting plugin KDevelopSourceCodeAccess
LogPluginManager: Mounting plugin NullSourceCodeAccess
LogPluginManager: Mounting plugin PerforceSourceControl
LogPluginManager: Mounting plugin SubversionSourceControl
LogPluginManager: Mounting plugin UObjectPlugin
LogPluginManager: Mounting plugin VisualStudioCodeSourceCodeAccess
LogPluginManager: Mounting plugin VisualStudioSourceCodeAccess
LogPluginManager: Mounting plugin XCodeSourceCodeAccess
LogPluginManager: Mounting plugin AssetManagerEditor
LogPluginManager: Mounting plugin CryptoKeys
LogPluginManager: Mounting plugin DataValidation
LogPluginManager: Mounting plugin FacialAnimation
LogPluginManager: Mounting plugin GameplayTagsEditor
LogPluginManager: Mounting plugin MobileLauncherProfileWizard
LogPluginManager: Mounting plugin PluginBrowser
LogPluginManager: Mounting plugin SpeedTreeImporter
LogPluginManager: Mounting plugin DatasmithContent
LogPluginManager: Mounting plugin AlembicImporter
LogPluginManager: Mounting plugin CharacterAI
LogPluginManager: Mounting plugin HTML5Networking
LogPluginManager: Mounting plugin AndroidMedia
LogPluginManager: Mounting plugin AvfMedia
LogPluginManager: Mounting plugin ImgMedia
LogPluginManager: Mounting plugin LinearTimecode
LogPluginManager: Mounting plugin MediaCompositing
LogPluginManager: Mounting plugin MediaPlayerEditor
LogPluginManager: Mounting plugin WmfMedia
LogPluginManager: Mounting plugin TcpMessaging
LogPluginManager: Mounting plugin UdpMessaging
LogPluginManager: Mounting plugin ActorSequence
LogPluginManager: Mounting plugin LevelSequenceEditor
LogPluginManager: Mounting plugin MatineeToLevelSequence
LogPluginManager: Mounting plugin NetcodeUnitTest
LogPluginManager: Mounting plugin NUTUnrealEngine4
LogPluginManager: Mounting plugin OnlineSubsystemGooglePlay
LogPluginManager: Mounting plugin OnlineSubsystemIOS
LogPluginManager: Mounting plugin OnlineSubsystem
LogPluginManager: Mounting plugin OnlineSubsystemNull
LogPluginManager: Mounting plugin OnlineSubsystemSteam
LogPluginManager: Mounting plugin OnlineSubsystemUtils
LogPluginManager: Mounting plugin AndroidDeviceProfileSelector
LogPluginManager: Mounting plugin AndroidMoviePlayer
LogPluginManager: Mounting plugin AndroidPermission
LogPluginManager: Mounting plugin ApexDestruction
LogPluginManager: Mounting plugin AppleARKit
LogPluginManager: Mounting plugin AppleMoviePlayer
LogPluginManager: Mounting plugin ArchVisCharacter
LogPluginManager: Mounting plugin AudioCapture
LogPluginManager: Mounting plugin CableComponent
LogPluginManager: Mounting plugin CustomMeshComponent
LogPluginManager: Mounting plugin ExampleDeviceProfileSelector
LogPluginManager: Mounting plugin GoogleCloudMessaging
LogPluginManager: Mounting plugin ImmediatePhysics
LogPluginManager: Mounting plugin IOSDeviceProfileSelector
LogPluginManager: Mounting plugin LinuxDeviceProfileSelector
LogPluginManager: Mounting plugin LocationServicesBPLibrary
LogPluginManager: Mounting plugin MobilePatchingUtils
LogPluginManager: Mounting plugin OculusVR
LogPluginManager: Plugin shader directory ../../../Engine/Plugins/Runtime/Oculus/OculusVR/Shaders found
LogPluginManager: Mapping shader source directory ../../../Engine/Plugins/Runtime/Oculus/OculusVR/Shaders to virtual directory /Plugin/OculusVR
LogPluginManager: Mounting plugin PhysXVehicles
LogPluginManager: Mounting plugin ProceduralMeshComponent
LogPluginManager: Mounting plugin RuntimePhysXCooking
LogPluginManager: Mounting plugin SteamVR
LogPluginManager: Mounting plugin WindowsMoviePlayer
LogPluginManager: Mounting plugin VictoryBPLibrary
LogStreaming: Display: Took  0.576s to configure plugins.
LogInit: Using libcurl 7.47.1
LogInit:  - built for x86_64-pc-win32
LogInit:  - supports SSL with OpenSSL/1.0.2g
LogInit:  - supports HTTP deflate (compression) using libz 1.2.8
LogInit:  - other features:
LogInit:      CURL_VERSION_SSL
LogInit:      CURL_VERSION_LIBZ
LogInit:      CURL_VERSION_IPV6
LogInit:      CURL_VERSION_ASYNCHDNS
LogInit:      CURL_VERSION_LARGEFILE
LogInit:      CURL_VERSION_IDN
LogInit:  CurlRequestOptions (configurable via config and command line):
LogInit:  - bVerifyPeer = false  - Libcurl will NOT verify peer certificate
LogInit:  - bUseHttpProxy = false  - Libcurl will NOT use HTTP proxy
LogInit:  - bDontReuseConnections = false  - Libcurl will reuse connections
LogInit:  - CertBundlePath = nullptr  - Libcurl will use whatever was configured at build time.
LogInit:  - MaxHostConnections = 16  - Libcurl will limit the number of connections to a host
LogInit:  - LocalHostAddr = Default
LogOnline: Display: STEAM: Loading Steam SDK 1.39
LogOnline: Warning: STEAM: Steam API disabled!
LogOnline: Display: STEAM: OnlineSubsystemSteam::Shutdown()
LogInit: WinSock: version 1.1 (2.2), MaxSocks=32767, MaxUdp=65467
LogInit: WinSock: I am DESKTOP-LI0N2FC (192.168.29.155:0)
LogInit: Build: ++UE4+Release-4.19-CL-4033788
LogInit: Engine Version: 4.19.2-4033788+++UE4+Release-4.19
LogInit: Compatible Engine Version: 4.19.0-3944462+++UE4+Release-4.19
LogInit: Net CL: 3944462
LogDevObjectVersion: Number of dev versions registered: 18
LogDevObjectVersion:   Dev-Blueprints (B0D832E4-1F89-4F0D-ACCF-7EB736FD4AA2): 10
LogDevObjectVersion:   Dev-Build (E1C64328-A22C-4D53-A36C-8E866417BD8C): 0
LogDevObjectVersion:   Dev-Core (375EC13C-06E4-48FB-B500-84F0262A717E): 2
LogDevObjectVersion:   Dev-Editor (E4B068ED-F494-42E9-A231-DA0B2E46BB41): 23
LogDevObjectVersion:   Dev-Framework (CFFC743F-43B0-4480-9391-14DF171D2073): 33
LogDevObjectVersion:   Dev-Mobile (B02B49B5-BB20-44E9-A304-32B752E40360): 2
LogDevObjectVersion:   Dev-Networking (A4E4105C-59A1-49B5-A7C5-40C4547EDFEE): 0
LogDevObjectVersion:   Dev-Online (39C831C9-5AE6-47DC-9A44-9C173E1C8E7C): 0
LogDevObjectVersion:   Dev-Physics (78F01B33-EBEA-4F98-B9B4-84EACCB95AA2): 0
LogDevObjectVersion:   Dev-Platform (6631380F-2D4D-43E0-8009-CF276956A95A): 0
LogDevObjectVersion:   Dev-Rendering (12F88B9F-8875-4AFC-A67C-D90C383ABD29): 25
LogDevObjectVersion:   Dev-Sequencer (7B5AE74C-D270-4C10-A958-57980B212A5A): 6
LogDevObjectVersion:   Dev-VR (D7296918-1DD6-4BDD-9DE2-64A83CC13884): 1
LogDevObjectVersion:   Dev-LoadTimes (C2A15278-BFE7-4AFE-6C17-90FF531DF755): 1
LogDevObjectVersion:   Private-Geometry (6EACA3D4-40EC-4CC1-B786-8BED09428FC5): 2
LogDevObjectVersion:   Dev-AnimPhys (29E575DD-E0A3-4627-9D10-D276232CDCEA): 16
LogDevObjectVersion:   Dev-ReflectionCapture (6B266CEC-1EC7-4B8F-A30B-E4D90942FC07): 1
LogDevObjectVersion:   Dev-Automation (0DF73D61-A23F-47EA-B727-89E90C41499A): 1
LogInit: Compiled (64-bit): Apr 27 2018 02:06:57
LogInit: Compiled with Visual C++: 19.00.24215.01
LogInit: Build Configuration: Development
LogInit: Branch Name: ++UE4+Release-4.19
LogInit: Command Line:  
LogInit: Base Directory: G:/Epic Games/UE_4.19/Engine/Binaries/Win64/
LogInit: Installed Engine Build: 1
LogStreaming: Display: Took  0.001s to delete old logs.
LogInit: Presizing for max 8388607 objects, including 0 objects not considered by GC, pre-allocating 0 bytes for permanent pool.
LogInit: Object subsystem initialized
[2018.08.09-12.30.26:475][  0]LogInit: Selected Device Profile: [Windows]
[2018.08.09-12.30.26:475][  0]LogInit: Applying CVar settings loaded from the selected device profile: [Windows]
[2018.08.09-12.30.26:484][  0]LogInit: Computer: DESKTOP-LI0N2FC
[2018.08.09-12.30.26:484][  0]LogInit: User: Kappa
[2018.08.09-12.30.26:484][  0]LogInit: CPU Page size=4096, Cores=4
[2018.08.09-12.30.26:484][  0]LogInit: High frequency timer resolution =4.101563 MHz
[2018.08.09-12.30.26:484][  0]LogMemory: Memory total: Physical=31.9GB (32GB approx)
[2018.08.09-12.30.26:484][  0]LogMemory: Platform Memory Stats for Windows
[2018.08.09-12.30.26:484][  0]LogMemory: Process Physical Memory: 276.16 MB used, 276.16 MB peak
[2018.08.09-12.30.26:484][  0]LogMemory: Process Virtual Memory: 276.95 MB used, 276.95 MB peak
[2018.08.09-12.30.26:484][  0]LogMemory: Physical Memory: 11332.48 MB used,  21360.32 MB free, 32692.81 MB total
[2018.08.09-12.30.26:484][  0]LogMemory: Virtual Memory: 4807.95 MB used,  21360.32 MB free, 134217728.00 MB total
[2018.08.09-12.30.26:493][  0]LogInit: Using OS detected language (en-US).
[2018.08.09-12.30.26:493][  0]LogInit: Using OS detected locale (en-US).
[2018.08.09-12.30.26:495][  0]LogTextLocalizationManager: No specific localization for 'en-US' exists, so the 'en' localization will be used.
[2018.08.09-12.30.26:797][  0]LogStreaming: Display: Took  0.303s to EndInitTextLocalization.
[2018.08.09-12.30.26:797][  0]LogInit: Setting process to per monitor DPI aware
[2018.08.09-12.30.26:866][  0]LogSlate: New Slate User Created.  User Index 0, Is Virtual User: 0
[2018.08.09-12.30.26:866][  0]LogSlate: Slate User Registered.  User Index 0, Is Virtual User: 0
[2018.08.09-12.30.26:985][  0]LogD3D11RHI: D3D11 adapters:
[2018.08.09-12.30.27:012][  0]LogD3D11RHI:    0. 'NVIDIA GeForce GTX 1070' (Feature Level 11_0)
[2018.08.09-12.30.27:012][  0]LogD3D11RHI:       8096/0/16346 MB DedicatedVideo/DedicatedSystem/SharedSystem, Outputs:2, VendorId:0x10de
[2018.08.09-12.30.27:013][  0]LogD3D11RHI:    1. 'Microsoft Basic Render Driver' (Feature Level 11_0)
[2018.08.09-12.30.27:013][  0]LogD3D11RHI:       0/0/16346 MB DedicatedVideo/DedicatedSystem/SharedSystem, Outputs:0, VendorId:0x1414
[2018.08.09-12.30.27:013][  0]LogD3D11RHI: Chosen D3D11 Adapter: 0
[2018.08.09-12.30.27:019][  0]LogD3D11RHI: Creating new Direct3DDevice
[2018.08.09-12.30.27:019][  0]LogD3D11RHI:     GPU DeviceId: 0x1b81 (for the marketing name, search the web for "GPU Device Id")
[2018.08.09-12.30.27:019][  0]LogWindows: EnumDisplayDevices:
[2018.08.09-12.30.27:019][  0]LogWindows:    0. 'NVIDIA GeForce GTX 1070' (P:1 D:1)
[2018.08.09-12.30.27:019][  0]LogWindows:    1. 'NVIDIA GeForce GTX 1070' (P:0 D:1)
[2018.08.09-12.30.27:019][  0]LogWindows:    2. 'NVIDIA GeForce GTX 1070' (P:0 D:0)
[2018.08.09-12.30.27:019][  0]LogWindows:    3. 'NVIDIA GeForce GTX 1070' (P:0 D:0)
[2018.08.09-12.30.27:019][  0]LogWindows: DebugString: GetVideoDriverDetailsInvalid PrimaryIsNotTheChoosenAdapter GetVideoDriverDetailsInvalid PrimaryIsNotTheChoosenAdapter GetVideoDriverDetailsInvalid PrimaryIsNotTheChoosenAdapter GetVideoDriverDetailsInvalid PrimaryIsNotTheChoosenAdapter FoundDriverCount:0 
[2018.08.09-12.30.27:019][  0]LogD3D11RHI:     Adapter Name: NVIDIA GeForce GTX 1070
[2018.08.09-12.30.27:019][  0]LogD3D11RHI:   Driver Version: Unknown (internal:Unknown, unified:Unknown)
[2018.08.09-12.30.27:019][  0]LogD3D11RHI:      Driver Date: Unknown
[2018.08.09-12.30.27:019][  0]LogRHI: Texture pool is 5667 MB (70% of 8096 MB)
[2018.08.09-12.30.27:041][  0]LogD3D11RHI: [Aftermath] Aftermath enabled but failed to initialize
[2018.08.09-12.30.27:041][  0]LogD3D11RHI: [Aftermath] Aftermath enabled and primed
[2018.08.09-12.30.27:041][  0]LogD3D11RHI: Async texture creation enabled
[2018.08.09-12.30.27:051][  0]LogD3D11RHI: GPU Timing Frequency: 1000.000000 (Debug: 2 1)
[2018.08.09-12.30.27:142][  0]LogShaderCompilers: Guid format shader working directory is -7 characters bigger than the processId version (../../../../../DarkActive/Unreal Projects/DarkCrystal/Intermediate/Shaders/WorkingDirectory/4780/).
[2018.08.09-12.30.27:142][  0]LogShaderCompilers: Cleaned the shader compiler working directory 'C:/Users/Kappa/AppData/Local/Temp/UnrealShaderWorkingDir/2EB799F041DFF1FDF6CCFF93590C531F/'.
[2018.08.09-12.30.27:317][  0]LogTemp: Display: Loaded TP AllDesktopTargetPlatform
[2018.08.09-12.30.27:326][  0]LogTemp: Display: Loaded TP MacClientTargetPlatform
[2018.08.09-12.30.27:335][  0]LogTemp: Display: Loaded TP MacNoEditorTargetPlatform
[2018.08.09-12.30.27:344][  0]LogTemp: Display: Loaded TP MacServerTargetPlatform
[2018.08.09-12.30.27:353][  0]LogTemp: Display: Loaded TP MacTargetPlatform
[2018.08.09-12.30.27:362][  0]LogTemp: Display: Loaded TP WindowsClientTargetPlatform
[2018.08.09-12.30.27:372][  0]LogTemp: Display: Loaded TP WindowsNoEditorTargetPlatform
[2018.08.09-12.30.27:381][  0]LogTemp: Display: Loaded TP WindowsServerTargetPlatform
[2018.08.09-12.30.27:385][  0]LogTemp: Display: Loaded TP WindowsTargetPlatform
[2018.08.09-12.30.27:393][  0]LogTemp: Display: Loaded TP Android_ASTCTargetPlatform
[2018.08.09-12.30.27:401][  0]LogTemp: Display: Loaded TP Android_ATCTargetPlatform
[2018.08.09-12.30.27:409][  0]LogTemp: Display: Loaded TP Android_DXTTargetPlatform
[2018.08.09-12.30.27:417][  0]LogTemp: Display: Loaded TP Android_ETC1aTargetPlatform
[2018.08.09-12.30.27:425][  0]LogTemp: Display: Loaded TP Android_ETC1TargetPlatform
[2018.08.09-12.30.27:433][  0]LogTemp: Display: Loaded TP Android_ETC2TargetPlatform
[2018.08.09-12.30.27:449][  0]LogTemp: Display: Loaded TP Android_MultiTargetPlatform
[2018.08.09-12.30.27:449][  0]LogTemp: Display: Loaded TP Android_PVRTCTargetPlatform
[2018.08.09-12.30.27:457][  0]LogTemp: Display: Loaded TP AndroidTargetPlatform
[2018.08.09-12.30.27:458][  0]LogTemp: Display: Loaded TP HTML5TargetPlatform
[2018.08.09-12.30.27:490][  0]LogTemp: Display: Loaded TP IOSTargetPlatform
[2018.08.09-12.30.27:498][  0]LogTemp: Display: Loaded TP TVOSTargetPlatform
[2018.08.09-12.30.27:506][  0]LogTemp: Display: Loaded TP LinuxClientTargetPlatform
[2018.08.09-12.30.27:515][  0]LogTemp: Display: Loaded TP LinuxNoEditorTargetPlatform
[2018.08.09-12.30.27:523][  0]LogTemp: Display: Loaded TP LinuxServerTargetPlatform
[2018.08.09-12.30.27:532][  0]LogTemp: Display: Loaded TP LinuxTargetPlatform
[2018.08.09-12.30.27:532][  0]LogTargetPlatformManager: Display: Building Assets For Windows
[2018.08.09-12.30.27:593][  0]LogXGEController: Cannot use XGE Controller as Incredibuild is not installed on this machine.
[2018.08.09-12.30.27:593][  0]LogShaderCompilers: Cannot use XGE Shader Compiler as Incredibuild is not installed on this machine.
[2018.08.09-12.30.27:593][  0]LogShaderCompilers: Display: Using Local Shader Compiler.
[2018.08.09-12.30.28:026][  0]LogDerivedDataCache: Display: Max Cache Size: 512 MB
[2018.08.09-12.30.28:072][  0]LogDerivedDataCache: Loaded boot cache 0.05s 74MB C:/Users/Kappa/AppData/Local/UnrealEngine/4.19/DerivedDataCache/Boot.ddc.
[2018.08.09-12.30.28:072][  0]LogDerivedDataCache: Display: Loaded Boot cache: C:/Users/Kappa/AppData/Local/UnrealEngine/4.19/DerivedDataCache/Boot.ddc
[2018.08.09-12.30.28:072][  0]LogDerivedDataCache: FDerivedDataBackendGraph:  Pak pak cache file ../../../../../DarkActive/Unreal Projects/DarkCrystal/DerivedDataCache/DDC.ddp not found, will not use a pak cache.
[2018.08.09-12.30.28:072][  0]LogDerivedDataCache: Unable to find inner node Pak for hierarchical cache Hierarchy.
[2018.08.09-12.30.28:072][  0]LogDerivedDataCache: FDerivedDataBackendGraph:  CompressedPak pak cache file ../../../../../DarkActive/Unreal Projects/DarkCrystal/DerivedDataCache/Compressed.ddp not found, will not use a pak cache.
[2018.08.09-12.30.28:072][  0]LogDerivedDataCache: Unable to find inner node CompressedPak for hierarchical cache Hierarchy.
[2018.08.09-12.30.28:083][  0]LogDerivedDataCache: Display: Pak cache opened for reading ../../../Engine/DerivedDataCache/Compressed.ddp.
[2018.08.09-12.30.28:095][  0]LogDerivedDataCache: Using Local data cache path C:/Users/Kappa/AppData/Local/UnrealEngine/Common/DerivedDataCache: Writable
[2018.08.09-12.30.28:095][  0]LogDerivedDataCache: Shared data cache path not found in *engine.ini, will not use an Shared cache.
[2018.08.09-12.30.28:095][  0]LogDerivedDataCache: Unable to find inner node Shared for hierarchical cache Hierarchy.
[2018.08.09-12.30.28:103][  0]LogMaterial: Verifying Global Shaders for PCD3D_SM5
[2018.08.09-12.30.28:103][  0]LogSlate: Using Freetype 2.6.0
[2018.08.09-12.30.28:103][  0]LogSlate: SlateFontCache - WITH_FREETYPE: 1, WITH_HARFBUZZ: 1
[2018.08.09-12.30.28:103][  0]LogSlate: SlateFontCache - WITH_FREETYPE: 1, WITH_HARFBUZZ: 1
[2018.08.09-12.30.28:182][  0]LogAssetRegistry: FAssetRegistry took 0.0248 seconds to start up
[2018.08.09-12.30.28:386][  0]LogInit: Selected Device Profile: [Windows]
[2018.08.09-12.30.28:477][  0]LogSimplygon: Simplygon DLL not present - disabling.
[2018.08.09-12.30.28:479][  0]LogMeshReduction: Using SimplygonSwarm for distributed automatic mesh merging
[2018.08.09-12.30.28:479][  0]LogMeshReduction: Using QuadricMeshReduction for automatic static mesh reduction
[2018.08.09-12.30.28:479][  0]LogMeshReduction: No automatic skeletal mesh reduction module available
[2018.08.09-12.30.28:479][  0]LogMeshReduction: No automatic mesh merging module available
[2018.08.09-12.30.28:479][  0]LogMeshMerging: No automatic mesh merging module available
[2018.08.09-12.30.28:498][  0]LogNetVersion: DarkCrystal , NetCL: 3944462, EngineNetVer: 2, GameNetVer: 0 (Checksum: 1178499891)
[2018.08.09-12.30.28:789][  0]LogPackageLocalizationCache: Processed 9 localized package path(s) for 2 prioritized culture(s) in 0.045091 seconds
[2018.08.09-12.30.28:793][  0]LogUObjectArray: 36735 objects as part of root set at end of initial load.
[2018.08.09-12.30.28:793][  0]LogUObjectAllocator: 7528576 out of 0 bytes used by permanent object pool.
[2018.08.09-12.30.28:793][  0]LogUObjectArray: CloseDisregardForGC: 0/0 objects in disregard for GC pool
[2018.08.09-12.30.29:890][  0]LogTcpMessaging: Initializing TcpMessaging bridge
[2018.08.09-12.30.29:910][  0]LogUdpMessaging: Initializing bridge on interface 0.0.0.0:0 to multicast group 230.0.0.1:6666.
[2018.08.09-12.30.30:166][  0]SourceControl: Source control is disabled
[2018.08.09-12.30.30:166][  0]SourceControl: Source control is disabled
[2018.08.09-12.30.30:175][  0]SourceControl: Source control is disabled
[2018.08.09-12.30.30:186][  0]SourceControl: Source control is disabled
[2018.08.09-12.30.30:493][  0]LogAndroidPermission: UAndroidPermissionCallbackProxy::GetInstance
[2018.08.09-12.30.30:583][  0]LogOcInput: OculusInput pre-init called
[2018.08.09-12.30.30:653][  0]LogEngine: Initializing Engine...
[2018.08.09-12.30.30:654][  0]LogHMD: Failed to initialize OpenVR with code 110
[2018.08.09-12.30.30:655][  0]LogStats: UGameplayTagsManager::ConstructGameplayTagTree: Construct from data asset -  0.000 s
[2018.08.09-12.30.30:655][  0]LogStats: UGameplayTagsManager::ConstructGameplayTagTree: GameplayTagTreeChangedEvent.Broadcast -  0.000 s
[2018.08.09-12.30.30:810][  0]LogAIModule: Creating AISystem for world Untitled
[2018.08.09-12.30.30:820][  0]LogInit: XAudio2 using 'Speakers (Logitech G633 Gaming Headset)' : 2 channels at 48 kHz using 16 bits per sample (channel mask 0x3)
[2018.08.09-12.30.30:828][  0]LogInit: FAudioDevice initialized.
[2018.08.09-12.30.30:872][  0]LogDerivedDataCache: Saved boot cache 0.04s 74MB C:/Users/Kappa/AppData/Local/UnrealEngine/4.19/DerivedDataCache/Boot.ddc.
[2018.08.09-12.30.30:877][  0]LogInit: Texture streaming: Enabled
[2018.08.09-12.30.30:887][  0]LogEngineSessionManager: EngineSessionManager initialized
[2018.08.09-12.30.30:899][  0]LogInit: Transaction tracking system initialized
[2018.08.09-12.30.30:917][  0]BlueprintLog: New page: Editor Load
[2018.08.09-12.30.30:971][  0]LocalizationService: Localization service is disabled
[2018.08.09-12.30.31:031][  0]LogConsoleResponse: Display: 
[2018.08.09-12.30.31:132][  0]LogCook: Display: Max memory allowance for cook 16384mb min free memory 0mb
[2018.08.09-12.30.31:132][  0]LogCook: Display: Mobile HDR setting 1
[2018.08.09-12.30.31:132][  0]LogGameplayTags: Display: UGameplayTagsManager::DoneAddingNativeTags. DelegateIsBound: 0
[2018.08.09-12.30.31:132][  0]LogStats: UGameplayTagsManager::ConstructGameplayTagTree: Construct from data asset -  0.000 s
[2018.08.09-12.30.31:132][  0]LogStats: UGameplayTagsManager::ConstructGameplayTagTree: GameplayTagTreeChangedEvent.Broadcast -  0.000 s
[2018.08.09-12.30.31:299][  0]LogFileCache: Scanning file cache for directory 'G:/DarkActive/Unreal Projects/DarkCrystal/Content/' took 0.02s
[2018.08.09-12.30.31:329][  0]SourceControl: Source control is disabled
[2018.08.09-12.30.31:329][  0]Cmd: MAP LOAD FILE="../../../../../DarkActive/Unreal Projects/DarkCrystal/Content/Maps/MainMenu.umap" TEMPLATE=0 SHOWPROGRESS=1 FEATURELEVEL=3
[2018.08.09-12.30.31:329][  0]LightingResults: New page: Lighting Build
[2018.08.09-12.30.31:331][  0]MapCheck: New page: Map Check
[2018.08.09-12.30.31:331][  0]LightingResults: New page: Lighting Build
[2018.08.09-12.30.31:356][  0]LogUObjectGlobals: Created PersistentFrame Addr=0x00000181bf684400, Size=624, Default__GameInfoInstance_C Function /Game/Blueprints/AllLevels/GameInfoInstance.GameInfoInstance_C:ExecuteUbergraph_GameInfoInstance
[2018.08.09-12.30.31:362][  0]LogUObjectGlobals: Created PersistentFrame Addr=0x00000181a0543fd8, Size=40, Default__ErrorDialog_C Function /Game/UI/MainMenu/ErrorDialog.ErrorDialog_C:ExecuteUbergraph_ErrorDialog
[2018.08.09-12.30.31:368][  0]LogUObjectGlobals: Created PersistentFrame Addr=0x00000181a054cf40, Size=80, Default__HostMenu_C Function /Game/UI/MainMenu/HostMenu.HostMenu_C:ExecuteUbergraph_HostMenu
[2018.08.09-12.30.31:377][  0]LogUObjectGlobals: Created PersistentFrame Addr=0x00000181a0543e98, Size=40, Default__MainMenu_C Function /Game/UI/MainMenu/MainMenu.MainMenu_C:ExecuteUbergraph_MainMenu
[2018.08.09-12.30.31:382][  0]LogUObjectGlobals: Created PersistentFrame Addr=0x00000181bed8afd0, Size=104, Default__OptionsMenu_C Function /Game/UI/MainMenu/OptionsMenu.OptionsMenu_C:ExecuteUbergraph_OptionsMenu
[2018.08.09-12.30.31:394][  0]LogUObjectGlobals: Created PersistentFrame Addr=0x00000181a0549580, Size=600, Default__ServerMenu_C Function /Game/UI/MainMenu/ServerMenu.ServerMenu_C:ExecuteUbergraph_ServerMenu
[2018.08.09-12.30.31:435][  0]LogUObjectGlobals: Destroyed PersistentFrame Addr=0x00000181bf684400, Size=624
[2018.08.09-12.30.31:435][  0]LogUObjectGlobals: Created PersistentFrame Addr=0x00000181a1cd8e00, Size=624, Default__GameInfoInstance_C Function /Engine/Transient.REINST_GameInfoInstance_C_3:ExecuteUbergraph_GameInfoInstance
[2018.08.09-12.30.31:435][  0]LogUObjectGlobals: Destroyed PersistentFrame Addr=0x00000181a0543fd8, Size=40
[2018.08.09-12.30.31:435][  0]LogUObjectGlobals: Created PersistentFrame Addr=0x00000181a0543fd8, Size=40, Default__ErrorDialog_C Function /Engine/Transient.REINST_ErrorDialog_C_0:ExecuteUbergraph_ErrorDialog
[2018.08.09-12.30.31:436][  0]LogUObjectGlobals: Destroyed PersistentFrame Addr=0x00000181a054cf40, Size=80
[2018.08.09-12.30.31:436][  0]LogUObjectGlobals: Created PersistentFrame Addr=0x00000181a213b240, Size=80, Default__HostMenu_C Function /Engine/Transient.REINST_HostMenu_C_1:ExecuteUbergraph_HostMenu
[2018.08.09-12.30.31:437][  0]LogUObjectGlobals: Destroyed PersistentFrame Addr=0x00000181a0543e98, Size=40
[2018.08.09-12.30.31:437][  0]LogUObjectGlobals: Created PersistentFrame Addr=0x00000181a0543e98, Size=40, Default__MainMenu_C Function /Engine/Transient.REINST_MainMenu_C_3:ExecuteUbergraph_MainMenu
[2018.08.09-12.30.31:437][  0]LogUObjectGlobals: Destroyed PersistentFrame Addr=0x00000181bed8afd0, Size=104
[2018.08.09-12.30.31:437][  0]LogUObjectGlobals: Created PersistentFrame Addr=0x00000181a21234a0, Size=104, Default__OptionsMenu_C Function /Engine/Transient.REINST_OptionsMenu_C_4:ExecuteUbergraph_OptionsMenu
[2018.08.09-12.30.31:437][  0]LogUObjectGlobals: Destroyed PersistentFrame Addr=0x00000181a0549580, Size=600
[2018.08.09-12.30.31:438][  0]LogUObjectGlobals: Created PersistentFrame Addr=0x00000181a1cd8400, Size=600, Default__ServerMenu_C Function /Engine/Transient.REINST_ServerMenu_C_5:ExecuteUbergraph_ServerMenu
[2018.08.09-12.30.31:465][  0]LogUObjectGlobals: Created PersistentFrame Addr=0x00000181a1ee9800, Size=624, Default__GameInfoInstance_C Function /Game/Blueprints/AllLevels/GameInfoInstance.GameInfoInstance_C:ExecuteUbergraph_GameInfoInstance
[2018.08.09-12.30.31:467][  0]LogUObjectGlobals: Created PersistentFrame Addr=0x00000181a1ecfa10, Size=40, Default__ErrorDialog_C Function /Game/UI/MainMenu/ErrorDialog.ErrorDialog_C:ExecuteUbergraph_ErrorDialog
[2018.08.09-12.30.31:468][  0]LogUObjectGlobals: Created PersistentFrame Addr=0x00000181a4fa24d0, Size=80, Default__HostMenu_C Function /Game/UI/MainMenu/HostMenu.HostMenu_C:ExecuteUbergraph_HostMenu
[2018.08.09-12.30.31:469][  0]LogUObjectGlobals: Created PersistentFrame Addr=0x00000181a1ecf8a8, Size=40, Default__MainMenu_C Function /Game/UI/MainMenu/MainMenu.MainMenu_C:ExecuteUbergraph_MainMenu
[2018.08.09-12.30.31:471][  0]LogUObjectGlobals: Created PersistentFrame Addr=0x00000181a4f299f0, Size=104, Default__OptionsMenu_C Function /Game/UI/MainMenu/OptionsMenu.OptionsMenu_C:ExecuteUbergraph_OptionsMenu
[2018.08.09-12.30.31:474][  0]LogUObjectGlobals: Created PersistentFrame Addr=0x00000181a4f4b100, Size=608, Default__ServerMenu_C Function /Game/UI/MainMenu/ServerMenu.ServerMenu_C:ExecuteUbergraph_ServerMenu
[2018.08.09-12.30.31:485][  0]LogUObjectGlobals: Created PersistentFrame Addr=0x00000181a4f06d60, Size=32, Default__MainMenu_C Function /Game/Maps/MainMenu.MainMenu_C:ExecuteUbergraph_MainMenu
[2018.08.09-12.30.31:485][  0]LogUObjectGlobals: Destroyed PersistentFrame Addr=0x00000181a4f06d60, Size=32
[2018.08.09-12.30.31:486][  0]LogUObjectGlobals: Created PersistentFrame Addr=0x00000181a4f06d60, Size=32, MainMenu_C_0 Function /Engine/Transient.REINST_MainMenu_C_13:ExecuteUbergraph_MainMenu
[2018.08.09-12.30.31:486][  0]LogUObjectGlobals: Created PersistentFrame Addr=0x00000181a4f077c0, Size=32, Default__MainMenu_C Function /Game/Maps/MainMenu.MainMenu_C:ExecuteUbergraph_MainMenu
[2018.08.09-12.30.31:583][  0]LogAIModule: Creating AISystem for world MainMenu
[2018.08.09-12.30.31:584][  0]LogEditorServer: Finished looking for orphan Actors (0.000 secs)
[2018.08.09-12.30.31:595][  0]LogUObjectGlobals: Destroyed PersistentFrame Addr=0x00000181a1cd8e00, Size=624
[2018.08.09-12.30.31:595][  0]LogUObjectGlobals: Destroyed PersistentFrame Addr=0x00000181a0543fd8, Size=40
[2018.08.09-12.30.31:595][  0]LogUObjectGlobals: Destroyed PersistentFrame Addr=0x00000181a213b240, Size=80
[2018.08.09-12.30.31:595][  0]LogUObjectGlobals: Destroyed PersistentFrame Addr=0x00000181a0543e98, Size=40
[2018.08.09-12.30.31:595][  0]LogUObjectGlobals: Destroyed PersistentFrame Addr=0x00000181a21234a0, Size=104
[2018.08.09-12.30.31:595][  0]LogUObjectGlobals: Destroyed PersistentFrame Addr=0x00000181a1cd8400, Size=600
[2018.08.09-12.30.31:595][  0]LogUObjectGlobals: Destroyed PersistentFrame Addr=0x00000181a4f06d60, Size=32
[2018.08.09-12.30.31:596][  0]Cmd: MAP CHECKDEP NOCLEARLOG
[2018.08.09-12.30.31:620][  0]MapCheck: Map check complete: 0 Error(s), 0 Warning(s), took 24.933ms to complete.
[2018.08.09-12.30.31:620][  0]LogFileHelpers: Loading map 'MainMenu' took 0.291
[2018.08.09-12.30.31:779][  0]LogCollectionManager: Loaded 0 collections in 0.001043 seconds
[2018.08.09-12.30.31:819][  0]LogFileCache: Scanning file cache for directory 'G:/DarkActive/Unreal Projects/DarkCrystal/Saved/Collections/' took 0.01s
[2018.08.09-12.30.31:819][  0]LogFileCache: Scanning file cache for directory 'G:/DarkActive/Unreal Projects/DarkCrystal/Content/Developers/Kappa/Collections/' took 0.01s
[2018.08.09-12.30.31:819][  0]LogFileCache: Scanning file cache for directory 'G:/DarkActive/Unreal Projects/DarkCrystal/Content/Collections/' took 0.01s
[2018.08.09-12.30.31:819][  0]LogCollectionManager: Rebuilt the GUID cache for 0 collections in 0.000000 seconds
[2018.08.09-12.30.31:825][  0]LogContentBrowser: Native class hierarchy populated in 0.0064 seconds. Added 2492 classes and 575 folders.
[2018.08.09-12.30.31:830][  0]LogContentBrowser: Native class hierarchy updated for 'WidgetCarousel' in 0.0002 seconds. Added 0 classes and 0 folders.
[2018.08.09-12.30.31:852][  0]LogContentBrowser: Native class hierarchy updated for 'AddContentDialog' in 0.0001 seconds. Added 0 classes and 0 folders.
[2018.08.09-12.30.31:856][  0]LogContentBrowser: Native class hierarchy updated for 'SceneOutliner' in 0.0002 seconds. Added 1 classes and 2 folders.
[2018.08.09-12.30.31:918][  0]LogSlate: Took 0.000137 seconds to synchronously load lazily loaded font '../../../Engine/Content/Slate/Fonts/Roboto-Regular.ttf' (155K)
[2018.08.09-12.30.31:919][  0]LogSlate: Took 0.000152 seconds to synchronously load lazily loaded font '../../../Engine/Content/Slate/Fonts/Roboto-Bold.ttf' (160K)
[2018.08.09-12.30.31:923][  0]LogSlate: Took 0.000140 seconds to synchronously load lazily loaded font '../../../Engine/Content/Editor/Slate/Fonts/FontAwesome.ttf' (139K)
[2018.08.09-12.30.31:991][  0]LogRenderer: Reallocating scene render targets to support 1616x796 Format 10 NumSamples 1 (Frame:1).
[2018.08.09-12.30.32:093][  0]LogContentBrowser: Native class hierarchy updated for 'HierarchicalLODOutliner' in 0.0002 seconds. Added 0 classes and 0 folders.
[2018.08.09-12.30.32:093][  0]LogLoad: (Engine Initialization) Total time: 7.19 seconds
[2018.08.09-12.30.32:093][  0]LogLoad: (Engine Initialization) Total Blueprint compile time: 0.00 seconds
[2018.08.09-12.30.32:102][  0]LogWindowsTextInputMethodSystem: Display: IME system now deactivated.
[2018.08.09-12.30.32:121][  0]LogContentStreaming: Texture pool size now 1000 MB
[2018.08.09-12.30.32:206][  1]LogAssetRegistry: Asset discovery search completed in 4.0459 seconds
[2018.08.09-12.30.32:208][  1]LogCollectionManager: Rebuilt the object cache for 0 collections in 0.000000 seconds (found 0 objects)
[2018.08.09-12.30.32:208][  1]LogCollectionManager: Fixed up redirectors for 0 collections in 0.000049 seconds (updated 0 objects)
[2018.08.09-12.30.33:150][ 91]LogSlate: Took 0.000160 seconds to synchronously load lazily loaded font '../../../Engine/Content/Slate/Fonts/Roboto-Light.ttf' (167K)
[2018.08.09-12.30.34:599][216]LogSlate: FSceneViewport::OnFocusLost() reason 0
[2018.08.09-12.31.02:224][775]LogWindows: Warning: CreateProc failed: The system cannot find the file specified. (0x00000002)
[2018.08.09-12.31.02:224][775]LogWindows: Warning: URL: C:/Program Files/Git/bin/git.exe version
[2018.08.09-12.31.02:225][775]LogWindows: Warning: CreateProc failed: The system cannot find the file specified. (0x00000002)
[2018.08.09-12.31.02:225][775]LogWindows: Warning: URL: C:/Program Files (x86)/Git/bin/git.exe version
[2018.08.09-12.31.02:225][775]LogWindows: Warning: CreateProc failed: The system cannot find the file specified. (0x00000002)
[2018.08.09-12.31.02:225][775]LogWindows: Warning: URL: C:\Users\Kappa\AppData\Local/Programs/Git/cmd/git.exe version
[2018.08.09-12.31.02:225][775]LogWindows: Warning: CreateProc failed: The system cannot find the file specified. (0x00000002)
[2018.08.09-12.31.02:225][775]LogWindows: Warning: URL: C:/Program Files (x86)/SmartGit/git/bin/git.exe version
[2018.08.09-12.31.02:225][775]LogWindows: Warning: CreateProc failed: The system cannot find the file specified. (0x00000002)
[2018.08.09-12.31.02:225][775]LogWindows: Warning: URL: C:/Program Files (x86)/SmartGit/bin/git.exe version
[2018.08.09-12.31.02:225][775]LogWindows: Warning: CreateProc failed: The system cannot find the file specified. (0x00000002)
[2018.08.09-12.31.02:225][775]LogWindows: Warning: URL: C:\Users\Kappa\AppData\Local/Atlassian/SourceTree/git_local/bin/git.exe version
[2018.08.09-12.31.02:225][775]LogWindows: Warning: CreateProc failed: The system cannot find the file specified. (0x00000002)
[2018.08.09-12.31.02:225][775]LogWindows: Warning: URL: C:/Program Files (x86)/fournova/Tower/vendor/Git/bin/git.exe version
[2018.08.09-12.31.21:841][174]LogWindows: Warning: CreateProc failed: The system cannot find the file specified. (0x00000002)
[2018.08.09-12.31.21:841][174]LogWindows: Warning: URL: Started implementation of Bow aiming. version
[2018.08.09-12.31.36:157][506]LogSlate: Window 'Source Control Login' being destroyed
[2018.08.09-12.31.43:180][215]SourceControl: fatal: G:/Epic Games/UE_4.19/Engine/Content: 'G:/Epic Games/UE_4.19/Engine/Content' is outside repository
[2018.08.09-12.31.55:500][215]LogSlate: Window 'Submit Files' being destroyed
