Log file open, 08/21/18 06:07:26
LogWindows: Failed to load 'aqProf.dll' (GetLastError=126)
LogWindows: File 'aqProf.dll' does not exist
LogWindows: Failed to load 'VtuneApi.dll' (GetLastError=126)
LogWindows: File 'VtuneApi.dll' does not exist
LogWindows: Failed to load 'VtuneApi32e.dll' (GetLastError=126)
LogWindows: File 'VtuneApi32e.dll' does not exist
LogInit: Display: Running engine for game: DarkCrystal
LogPlatformFile: Not using cached read wrapper
LogInit: Display: RandInit(277320154) SRandInit(277320154).
LogInit: Read version file with build ID '3944462'
LogInit: Overriding engine version to CL 4033788, compatible CL 3944462
LogInit: Registered custom module enumerator with build ID '3944462'
LogTaskGraph: Started task graph with 5 named threads and 23 total threads with 3 sets of task threads.
LogStats: Stats thread started at 0.277322
LogD3D11RHI: Aftermath initialized
LogICUInternationalization: Display: ICU TimeZone Detection - Raw Offset: -8:00, Platform Override: ''
LogModuleManager: Display: Found up-to-date module file ../../../Engine/Plugins/Online/OnlineSubsystemSteam/Binaries/Win64/UE4Editor-OnlineSubsystemSteam.dll (API version 3944462).
LogModuleManager: Display: Found up-to-date module file ../../../Engine/Plugins/Online/OnlineSubsystem/Binaries/Win64/UE4Editor-OnlineSubsystem.dll (API version 3944462).
LogModuleManager: Display: Found up-to-date module file ../../../Engine/Plugins/Online/OnlineSubsystemUtils/Binaries/Win64/UE4Editor-OnlineSubsystemUtils.dll (API version 3944462).
LogModuleManager: Display: Found up-to-date module file ../../../Engine/Plugins/Online/OnlineSubsystemUtils/Binaries/Win64/UE4Editor-OnlineBlueprintSupport.dll (API version 3944462).
LogModuleManager: Display: Found up-to-date module file ../../../Engine/Plugins/VictoryPlugin/Binaries/Win64/UE4Editor-VictoryBPLibrary.dll (API version 3944462).
LogModuleManager: Display: Found up-to-date module file ../../../Engine/Plugins/Runtime/ApexDestruction/Binaries/Win64/UE4Editor-ApexDestruction.dll (API version 3944462).
LogModuleManager: Display: Found up-to-date module file ../../../Engine/Plugins/Runtime/ApexDestruction/Binaries/Win64/UE4Editor-ApexDestructionEditor.dll (API version 3944462).
LogModuleManager: Display: Found up-to-date module file ../../../Engine/Plugins/AdvancedSessions/AdvancedSessions/Binaries/Win64/UE4Editor-AdvancedSessions.dll (API version 3944462).
LogModuleManager: Display: Found up-to-date module file ../../../Engine/Plugins/AdvancedSessions/AdvancedSteamSessions/Binaries/Win64/UE4Editor-AdvancedSteamSessions.dll (API version 3944462).
LogModuleManager: Display: Found up-to-date module file ../../../Engine/Plugins/2D/Paper2D/Binaries/Win64/UE4Editor-Paper2D.dll (API version 3944462).
LogModuleManager: Display: Found up-to-date module file ../../../Engine/Plugins/2D/Paper2D/Binaries/Win64/UE4Editor-Paper2DEditor.dll (API version 3944462).
LogModuleManager: Display: Found up-to-date module file ../../../Engine/Plugins/2D/Paper2D/Binaries/Win64/UE4Editor-PaperSpriteSheetImporter.dll (API version 3944462).
LogModuleManager: Display: Found up-to-date module file ../../../Engine/Plugins/2D/Paper2D/Binaries/Win64/UE4Editor-PaperTiledImporter.dll (API version 3944462).
LogModuleManager: Display: Found up-to-date module file ../../../Engine/Plugins/2D/Paper2D/Binaries/Win64/UE4Editor-SmartSnapping.dll (API version 3944462).
LogModuleManager: Display: Found up-to-date module file ../../../Engine/Plugins/Blendables/LightPropagationVolume/Binaries/Win64/UE4Editor-LightPropagationVolumeRuntime.dll (API version 3944462).
LogModuleManager: Display: Found up-to-date module file ../../../Engine/Plugins/Blendables/LightPropagationVolume/Binaries/Win64/UE4Editor-LightPropagationVolumeEditor.dll (API version 3944462).
LogModuleManager: Display: Found up-to-date module file ../../../Engine/Plugins/Developer/CLionSourceCodeAccess/Binaries/Win64/UE4Editor-CLionSourceCodeAccess.dll (API version 3944462).
LogModuleManager: Display: Found up-to-date module file ../../../Engine/Plugins/Developer/GitSourceControl/Binaries/Win64/UE4Editor-GitSourceControl.dll (API version 3944462).
LogModuleManager: Display: Found up-to-date module file ../../../Engine/Plugins/Developer/PerforceSourceControl/Binaries/Win64/UE4Editor-PerforceSourceControl.dll (API version 3944462).
LogModuleManager: Display: Found up-to-date module file ../../../Engine/Plugins/Developer/SubversionSourceControl/Binaries/Win64/UE4Editor-SubversionSourceControl.dll (API version 3944462).
LogModuleManager: Display: Found up-to-date module file ../../../Engine/Plugins/Developer/UObjectPlugin/Binaries/Win64/UE4Editor-UObjectPlugin.dll (API version 3944462).
LogModuleManager: Display: Found up-to-date module file ../../../Engine/Plugins/Developer/VisualStudioCodeSourceCodeAccess/Binaries/Win64/UE4Editor-VisualStudioCodeSourceCodeAccess.dll (API version 3944462).
LogModuleManager: Display: Found up-to-date module file ../../../Engine/Plugins/Developer/VisualStudioSourceCodeAccess/Binaries/Win64/UE4Editor-VisualStudioSourceCodeAccess.dll (API version 3944462).
LogModuleManager: Display: Found up-to-date module file ../../../Engine/Plugins/Editor/AssetManagerEditor/Binaries/Win64/UE4Editor-AssetManagerEditor.dll (API version 3944462).
LogModuleManager: Display: Found up-to-date module file ../../../Engine/Plugins/Editor/CryptoKeys/Binaries/Win64/UE4Editor-CryptoKeys.dll (API version 3944462).
LogModuleManager: Display: Found up-to-date module file ../../../Engine/Plugins/Editor/CryptoKeys/Binaries/Win64/UE4Editor-CryptoKeysOpenSSL.dll (API version 3944462).
LogModuleManager: Display: Found up-to-date module file ../../../Engine/Plugins/Editor/DataValidation/Binaries/Win64/UE4Editor-DataValidation.dll (API version 3944462).
LogModuleManager: Display: Found up-to-date module file ../../../Engine/Plugins/Editor/FacialAnimation/Binaries/Win64/UE4Editor-FacialAnimation.dll (API version 3944462).
LogModuleManager: Display: Found up-to-date module file ../../../Engine/Plugins/Editor/FacialAnimation/Binaries/Win64/UE4Editor-FacialAnimationEditor.dll (API version 3944462).
LogModuleManager: Display: Found up-to-date module file ../../../Engine/Plugins/Editor/GameplayTagsEditor/Binaries/Win64/UE4Editor-GameplayTagsEditor.dll (API version 3944462).
LogModuleManager: Display: Found up-to-date module file ../../../Engine/Plugins/Editor/MobileLauncherProfileWizard/Binaries/Win64/UE4Editor-MobileLauncherProfileWizard.dll (API version 3944462).
LogModuleManager: Display: Found up-to-date module file ../../../Engine/Plugins/Editor/PluginBrowser/Binaries/Win64/UE4Editor-PluginBrowser.dll (API version 3944462).
LogModuleManager: Display: Found up-to-date module file ../../../Engine/Plugins/Editor/SpeedTreeImporter/Binaries/Win64/UE4Editor-SpeedTreeImporter.dll (API version 3944462).
LogModuleManager: Display: Found up-to-date module file ../../../Engine/Plugins/Enterprise/DatasmithContent/Binaries/Win64/UE4Editor-DatasmithContent.dll (API version 3944462).
LogModuleManager: Display: Found up-to-date module file ../../../Engine/Plugins/Experimental/AlembicImporter/Binaries/Win64/UE4Editor-AlembicImporter.dll (API version 3944462).
LogModuleManager: Display: Found up-to-date module file ../../../Engine/Plugins/Experimental/AlembicImporter/Binaries/Win64/UE4Editor-AlembicLibrary.dll (API version 3944462).
LogModuleManager: Display: Found up-to-date module file ../../../Engine/Plugins/Experimental/CharacterAI/Binaries/Win64/UE4Editor-CharacterAI.dll (API version 3944462).
LogModuleManager: Display: Found up-to-date module file ../../../Engine/Plugins/Experimental/HTML5Networking/Binaries/Win64/UE4Editor-HTML5Networking.dll (API version 3944462).
LogModuleManager: Display: Found up-to-date module file ../../../Engine/Plugins/Media/AndroidMedia/Binaries/Win64/UE4Editor-AndroidMediaEditor.dll (API version 3944462).
LogModuleManager: Display: Found up-to-date module file ../../../Engine/Plugins/Media/AndroidMedia/Binaries/Win64/UE4Editor-AndroidMediaFactory.dll (API version 3944462).
LogModuleManager: Display: Found up-to-date module file ../../../Engine/Plugins/Media/AvfMedia/Binaries/Win64/UE4Editor-AvfMediaEditor.dll (API version 3944462).
LogModuleManager: Display: Found up-to-date module file ../../../Engine/Plugins/Media/AvfMedia/Binaries/Win64/UE4Editor-AvfMediaFactory.dll (API version 3944462).
LogModuleManager: Display: Found up-to-date module file ../../../Engine/Plugins/Media/AvfMedia/Binaries/Win64/UE4Editor-AvfMediaFactory.dll (API version 3944462).
LogModuleManager: Display: Found up-to-date module file ../../../Engine/Plugins/Media/ImgMedia/Binaries/Win64/UE4Editor-ImgMedia.dll (API version 3944462).
LogModuleManager: Display: Found up-to-date module file ../../../Engine/Plugins/Media/ImgMedia/Binaries/Win64/UE4Editor-ImgMediaEditor.dll (API version 3944462).
LogModuleManager: Display: Found up-to-date module file ../../../Engine/Plugins/Media/ImgMedia/Binaries/Win64/UE4Editor-ImgMediaFactory.dll (API version 3944462).
LogModuleManager: Display: Found up-to-date module file ../../../Engine/Plugins/Media/ImgMedia/Binaries/Win64/UE4Editor-ImgMediaFactory.dll (API version 3944462).
LogModuleManager: Display: Found up-to-date module file ../../../Engine/Plugins/Media/ImgMedia/Binaries/Win64/UE4Editor-OpenExrWrapper.dll (API version 3944462).
LogModuleManager: Display: Found up-to-date module file ../../../Engine/Plugins/Media/LinearTimecode/Binaries/Win64/UE4Editor-LinearTimecode.dll (API version 3944462).
LogModuleManager: Display: Found up-to-date module file ../../../Engine/Plugins/Media/MediaCompositing/Binaries/Win64/UE4Editor-MediaCompositing.dll (API version 3944462).
LogModuleManager: Display: Found up-to-date module file ../../../Engine/Plugins/Media/MediaCompositing/Binaries/Win64/UE4Editor-MediaCompositingEditor.dll (API version 3944462).
LogModuleManager: Display: Found up-to-date module file ../../../Engine/Plugins/Media/MediaPlayerEditor/Binaries/Win64/UE4Editor-MediaPlayerEditor.dll (API version 3944462).
LogModuleManager: Display: Found up-to-date module file ../../../Engine/Plugins/Media/WmfMedia/Binaries/Win64/UE4Editor-WmfMedia.dll (API version 3944462).
LogModuleManager: Display: Found up-to-date module file ../../../Engine/Plugins/Media/WmfMedia/Binaries/Win64/UE4Editor-WmfMediaEditor.dll (API version 3944462).
LogModuleManager: Display: Found up-to-date module file ../../../Engine/Plugins/Media/WmfMedia/Binaries/Win64/UE4Editor-WmfMediaFactory.dll (API version 3944462).
LogModuleManager: Display: Found up-to-date module file ../../../Engine/Plugins/Media/WmfMedia/Binaries/Win64/UE4Editor-WmfMediaFactory.dll (API version 3944462).
LogModuleManager: Display: Found up-to-date module file ../../../Engine/Plugins/Messaging/TcpMessaging/Binaries/Win64/UE4Editor-TcpMessaging.dll (API version 3944462).
LogModuleManager: Display: Found up-to-date module file ../../../Engine/Plugins/Messaging/UdpMessaging/Binaries/Win64/UE4Editor-UdpMessaging.dll (API version 3944462).
LogModuleManager: Display: Found up-to-date module file ../../../Engine/Plugins/MovieScene/ActorSequence/Binaries/Win64/UE4Editor-ActorSequence.dll (API version 3944462).
LogModuleManager: Display: Found up-to-date module file ../../../Engine/Plugins/MovieScene/LevelSequenceEditor/Binaries/Win64/UE4Editor-LevelSequenceEditor.dll (API version 3944462).
LogModuleManager: Display: Found up-to-date module file ../../../Engine/Plugins/MovieScene/MatineeToLevelSequence/Binaries/Win64/UE4Editor-MatineeToLevelSequence.dll (API version 3944462).
LogModuleManager: Display: Found up-to-date module file ../../../Engine/Plugins/NetcodeUnitTest/NetcodeUnitTest/Binaries/Win64/UE4Editor-NetcodeUnitTest.dll (API version 3944462).
LogModuleManager: Display: Found up-to-date module file ../../../Engine/Plugins/NetcodeUnitTest/NUTUnrealEngine4/Binaries/Win64/UE4Editor-NUTUnrealEngine4.dll (API version 3944462).
LogModuleManager: Display: Found up-to-date module file ../../../Engine/Plugins/Runtime/AndroidPermission/Binaries/Win64/UE4Editor-AndroidPermission.dll (API version 3944462).
LogModuleManager: Display: Found up-to-date module file ../../../Engine/Plugins/Online/OnlineSubsystemNull/Binaries/Win64/UE4Editor-OnlineSubsystemNull.dll (API version 3944462).
LogModuleManager: Display: Found up-to-date module file ../../../Engine/Plugins/Runtime/AndroidDeviceProfileSelector/Binaries/Win64/UE4Editor-AndroidDeviceProfileSelector.dll (API version 3944462).
LogModuleManager: Display: Found up-to-date module file ../../../Engine/Plugins/Runtime/AppleARKit/Binaries/Win64/UE4Editor-AppleARKit.dll (API version 3944462).
LogModuleManager: Display: Found up-to-date module file ../../../Engine/Plugins/Runtime/ProceduralMeshComponent/Binaries/Win64/UE4Editor-ProceduralMeshComponent.dll (API version 3944462).
LogModuleManager: Display: Found up-to-date module file ../../../Engine/Plugins/Runtime/ProceduralMeshComponent/Binaries/Win64/UE4Editor-ProceduralMeshComponentEditor.dll (API version 3944462).
LogModuleManager: Display: Found up-to-date module file ../../../Engine/Plugins/Animation/LiveLink/Binaries/Win64/UE4Editor-LiveLink.dll (API version 3944462).
LogModuleManager: Display: Found up-to-date module file ../../../Engine/Plugins/Animation/LiveLink/Binaries/Win64/UE4Editor-LiveLinkEditor.dll (API version 3944462).
LogModuleManager: Display: Found up-to-date module file ../../../Engine/Plugins/Runtime/ArchVisCharacter/Binaries/Win64/UE4Editor-ArchVisCharacter.dll (API version 3944462).
LogModuleManager: Display: Found up-to-date module file ../../../Engine/Plugins/Runtime/AudioCapture/Binaries/Win64/UE4Editor-AudioCapture.dll (API version 3944462).
LogModuleManager: Display: Found up-to-date module file ../../../Engine/Plugins/Runtime/AudioCapture/Binaries/Win64/UE4Editor-AudioCaptureEditor.dll (API version 3944462).
LogModuleManager: Display: Found up-to-date module file ../../../Engine/Plugins/Runtime/CableComponent/Binaries/Win64/UE4Editor-CableComponent.dll (API version 3944462).
LogModuleManager: Display: Found up-to-date module file ../../../Engine/Plugins/Runtime/CustomMeshComponent/Binaries/Win64/UE4Editor-CustomMeshComponent.dll (API version 3944462).
LogModuleManager: Display: Found up-to-date module file ../../../Engine/Plugins/Runtime/ExampleDeviceProfileSelector/Binaries/Win64/UE4Editor-ExampleDeviceProfileSelector.dll (API version 3944462).
LogModuleManager: Display: Found up-to-date module file ../../../Engine/Plugins/Runtime/ImmediatePhysics/Binaries/Win64/UE4Editor-ImmediatePhysics.dll (API version 3944462).
LogModuleManager: Display: Found up-to-date module file ../../../Engine/Plugins/Runtime/ImmediatePhysics/Binaries/Win64/UE4Editor-ImmediatePhysicsEditor.dll (API version 3944462).
LogModuleManager: Display: Found up-to-date module file ../../../Engine/Plugins/Runtime/LocationServicesBPLibrary/Binaries/Win64/UE4Editor-LocationServicesBPLibrary.dll (API version 3944462).
LogModuleManager: Display: Found up-to-date module file ../../../Engine/Plugins/Runtime/MobilePatchingUtils/Binaries/Win64/UE4Editor-MobilePatchingUtils.dll (API version 3944462).
LogModuleManager: Display: Found up-to-date module file ../../../Engine/Plugins/Runtime/Oculus/OculusVR/Binaries/Win64/UE4Editor-OculusHMD.dll (API version 3944462).
LogModuleManager: Display: Found up-to-date module file ../../../Engine/Plugins/Runtime/Oculus/OculusVR/Binaries/Win64/UE4Editor-OculusInput.dll (API version 3944462).
LogModuleManager: Display: Found up-to-date module file ../../../Engine/Plugins/Runtime/Oculus/OculusVR/Binaries/Win64/UE4Editor-OculusEditor.dll (API version 3944462).
LogModuleManager: Display: Found up-to-date module file ../../../Engine/Plugins/Runtime/PhysXVehicles/Binaries/Win64/UE4Editor-PhysXVehicles.dll (API version 3944462).
LogModuleManager: Display: Found up-to-date module file ../../../Engine/Plugins/Runtime/PhysXVehicles/Binaries/Win64/UE4Editor-PhysXVehiclesEditor.dll (API version 3944462).
LogModuleManager: Display: Found up-to-date module file ../../../Engine/Plugins/Runtime/RuntimePhysXCooking/Binaries/Win64/UE4Editor-RuntimePhysXCooking.dll (API version 3944462).
LogModuleManager: Display: Found up-to-date module file ../../../Engine/Plugins/Runtime/Steam/SteamVR/Binaries/Win64/UE4Editor-SteamVR.dll (API version 3944462).
LogModuleManager: Display: Found up-to-date module file ../../../Engine/Plugins/Runtime/Steam/SteamVR/Binaries/Win64/UE4Editor-SteamVRController.dll (API version 3944462).
LogModuleManager: Display: Found up-to-date module file ../../../Engine/Plugins/Runtime/WindowsMoviePlayer/Binaries/Win64/UE4Editor-WindowsMoviePlayer.dll (API version 3944462).
LogPluginManager: Mounting plugin Paper2D
LogPluginManager: Mounting plugin AdvancedSessions
LogPluginManager: Mounting plugin AdvancedSteamSessions
LogPluginManager: Mounting plugin LiveLink
LogPluginManager: Mounting plugin LightPropagationVolume
LogPluginManager: Mounting plugin CLionSourceCodeAccess
LogPluginManager: Mounting plugin CodeLiteSourceCodeAccess
LogPluginManager: Mounting plugin GitSourceControl
LogPluginManager: Mounting plugin KDevelopSourceCodeAccess
LogPluginManager: Mounting plugin NullSourceCodeAccess
LogPluginManager: Mounting plugin PerforceSourceControl
LogPluginManager: Mounting plugin SubversionSourceControl
LogPluginManager: Mounting plugin UObjectPlugin
LogPluginManager: Mounting plugin VisualStudioCodeSourceCodeAccess
LogPluginManager: Mounting plugin VisualStudioSourceCodeAccess
LogPluginManager: Mounting plugin XCodeSourceCodeAccess
LogPluginManager: Mounting plugin AssetManagerEditor
LogPluginManager: Mounting plugin CryptoKeys
LogPluginManager: Mounting plugin DataValidation
LogPluginManager: Mounting plugin FacialAnimation
LogPluginManager: Mounting plugin GameplayTagsEditor
LogPluginManager: Mounting plugin MobileLauncherProfileWizard
LogPluginManager: Mounting plugin PluginBrowser
LogPluginManager: Mounting plugin SpeedTreeImporter
LogPluginManager: Mounting plugin DatasmithContent
LogPluginManager: Mounting plugin AlembicImporter
LogPluginManager: Mounting plugin CharacterAI
LogPluginManager: Mounting plugin HTML5Networking
LogPluginManager: Mounting plugin AndroidMedia
LogPluginManager: Mounting plugin AvfMedia
LogPluginManager: Mounting plugin ImgMedia
LogPluginManager: Mounting plugin LinearTimecode
LogPluginManager: Mounting plugin MediaCompositing
LogPluginManager: Mounting plugin MediaPlayerEditor
LogPluginManager: Mounting plugin WmfMedia
LogPluginManager: Mounting plugin TcpMessaging
LogPluginManager: Mounting plugin UdpMessaging
LogPluginManager: Mounting plugin ActorSequence
LogPluginManager: Mounting plugin LevelSequenceEditor
LogPluginManager: Mounting plugin MatineeToLevelSequence
LogPluginManager: Mounting plugin NetcodeUnitTest
LogPluginManager: Mounting plugin NUTUnrealEngine4
LogPluginManager: Mounting plugin OnlineSubsystemGooglePlay
LogPluginManager: Mounting plugin OnlineSubsystemIOS
LogPluginManager: Mounting plugin OnlineSubsystem
LogPluginManager: Mounting plugin OnlineSubsystemNull
LogPluginManager: Mounting plugin OnlineSubsystemSteam
LogPluginManager: Mounting plugin OnlineSubsystemUtils
LogPluginManager: Mounting plugin AndroidDeviceProfileSelector
LogPluginManager: Mounting plugin AndroidMoviePlayer
LogPluginManager: Mounting plugin AndroidPermission
LogPluginManager: Mounting plugin ApexDestruction
LogPluginManager: Mounting plugin AppleARKit
LogPluginManager: Mounting plugin AppleMoviePlayer
LogPluginManager: Mounting plugin ArchVisCharacter
LogPluginManager: Mounting plugin AudioCapture
LogPluginManager: Mounting plugin CableComponent
LogPluginManager: Mounting plugin CustomMeshComponent
LogPluginManager: Mounting plugin ExampleDeviceProfileSelector
LogPluginManager: Mounting plugin GoogleCloudMessaging
LogPluginManager: Mounting plugin ImmediatePhysics
LogPluginManager: Mounting plugin IOSDeviceProfileSelector
LogPluginManager: Mounting plugin LinuxDeviceProfileSelector
LogPluginManager: Mounting plugin LocationServicesBPLibrary
LogPluginManager: Mounting plugin MobilePatchingUtils
LogPluginManager: Mounting plugin OculusVR
LogPluginManager: Plugin shader directory ../../../Engine/Plugins/Runtime/Oculus/OculusVR/Shaders found
LogPluginManager: Mapping shader source directory ../../../Engine/Plugins/Runtime/Oculus/OculusVR/Shaders to virtual directory /Plugin/OculusVR
LogPluginManager: Mounting plugin PhysXVehicles
LogPluginManager: Mounting plugin ProceduralMeshComponent
LogPluginManager: Mounting plugin RuntimePhysXCooking
LogPluginManager: Mounting plugin SteamVR
LogPluginManager: Mounting plugin WindowsMoviePlayer
LogPluginManager: Mounting plugin VictoryBPLibrary
LogStreaming: Display: Took  0.725s to configure plugins.
LogInit: Using libcurl 7.47.1
LogInit:  - built for x86_64-pc-win32
LogInit:  - supports SSL with OpenSSL/1.0.2g
LogInit:  - supports HTTP deflate (compression) using libz 1.2.8
LogInit:  - other features:
LogInit:      CURL_VERSION_SSL
LogInit:      CURL_VERSION_LIBZ
LogInit:      CURL_VERSION_IPV6
LogInit:      CURL_VERSION_ASYNCHDNS
LogInit:      CURL_VERSION_LARGEFILE
LogInit:      CURL_VERSION_IDN
LogInit:  CurlRequestOptions (configurable via config and command line):
LogInit:  - bVerifyPeer = false  - Libcurl will NOT verify peer certificate
LogInit:  - bUseHttpProxy = false  - Libcurl will NOT use HTTP proxy
LogInit:  - bDontReuseConnections = false  - Libcurl will reuse connections
LogInit:  - CertBundlePath = nullptr  - Libcurl will use whatever was configured at build time.
LogInit:  - MaxHostConnections = 16  - Libcurl will limit the number of connections to a host
LogInit:  - LocalHostAddr = Default
LogOnline: Display: STEAM: Loading Steam SDK 1.39
LogOnline: Warning: STEAM: Steam API disabled!
LogOnline: Display: STEAM: OnlineSubsystemSteam::Shutdown()
LogInit: WinSock: version 1.1 (2.2), MaxSocks=32767, MaxUdp=65467
LogInit: WinSock: I am DESKTOP-LI0N2FC (192.168.29.155:0)
LogInit: Build: ++UE4+Release-4.19-CL-4033788
LogInit: Engine Version: 4.19.2-4033788+++UE4+Release-4.19
LogInit: Compatible Engine Version: 4.19.0-3944462+++UE4+Release-4.19
LogInit: Net CL: 3944462
LogDevObjectVersion: Number of dev versions registered: 18
LogDevObjectVersion:   Dev-Blueprints (B0D832E4-1F89-4F0D-ACCF-7EB736FD4AA2): 10
LogDevObjectVersion:   Dev-Build (E1C64328-A22C-4D53-A36C-8E866417BD8C): 0
LogDevObjectVersion:   Dev-Core (375EC13C-06E4-48FB-B500-84F0262A717E): 2
LogDevObjectVersion:   Dev-Editor (E4B068ED-F494-42E9-A231-DA0B2E46BB41): 23
LogDevObjectVersion:   Dev-Framework (CFFC743F-43B0-4480-9391-14DF171D2073): 33
LogDevObjectVersion:   Dev-Mobile (B02B49B5-BB20-44E9-A304-32B752E40360): 2
LogDevObjectVersion:   Dev-Networking (A4E4105C-59A1-49B5-A7C5-40C4547EDFEE): 0
LogDevObjectVersion:   Dev-Online (39C831C9-5AE6-47DC-9A44-9C173E1C8E7C): 0
LogDevObjectVersion:   Dev-Physics (78F01B33-EBEA-4F98-B9B4-84EACCB95AA2): 0
LogDevObjectVersion:   Dev-Platform (6631380F-2D4D-43E0-8009-CF276956A95A): 0
LogDevObjectVersion:   Dev-Rendering (12F88B9F-8875-4AFC-A67C-D90C383ABD29): 25
LogDevObjectVersion:   Dev-Sequencer (7B5AE74C-D270-4C10-A958-57980B212A5A): 6
LogDevObjectVersion:   Dev-VR (D7296918-1DD6-4BDD-9DE2-64A83CC13884): 1
LogDevObjectVersion:   Dev-LoadTimes (C2A15278-BFE7-4AFE-6C17-90FF531DF755): 1
LogDevObjectVersion:   Private-Geometry (6EACA3D4-40EC-4CC1-B786-8BED09428FC5): 2
LogDevObjectVersion:   Dev-AnimPhys (29E575DD-E0A3-4627-9D10-D276232CDCEA): 16
LogDevObjectVersion:   Dev-ReflectionCapture (6B266CEC-1EC7-4B8F-A30B-E4D90942FC07): 1
LogDevObjectVersion:   Dev-Automation (0DF73D61-A23F-47EA-B727-89E90C41499A): 1
LogInit: Compiled (64-bit): Apr 27 2018 02:06:57
LogInit: Compiled with Visual C++: 19.00.24215.01
LogInit: Build Configuration: Development
LogInit: Branch Name: ++UE4+Release-4.19
LogInit: Command Line:  127.0.0.1:17777 -game -PIEVIACONSOLE -ResX=640 -ResY=480  -Multiprocess -messaging -SessionName="Play in Standalone Game" -windowed GameUserSettingsINI="G:/DarkActive/Unreal Projects/DarkCrystal/Saved/Config/Windows/PIEGameUserSettings1.ini" -MultiprocessSaveConfig  -MultiprocessOSS WinX=-1256 WinY=550 SAVEWINPOS=1
LogInit: Base Directory: G:/Epic Games/UE_4.19/Engine/Binaries/Win64/
LogInit: Installed Engine Build: 1
LogStreaming: Display: Took  0.004s to delete old logs.
LogInit: Presizing for max 8388607 objects, including 0 objects not considered by GC, pre-allocating 0 bytes for permanent pool.
LogInit: Object subsystem initialized
[2018.08.21-13.07.27:818][  0]LogInit: Selected Device Profile: [Windows]
[2018.08.21-13.07.27:818][  0]LogInit: Applying CVar settings loaded from the selected device profile: [Windows]
[2018.08.21-13.07.27:821][  0]LogInit: Computer: DESKTOP-LI0N2FC
[2018.08.21-13.07.27:821][  0]LogInit: User: Kappa
[2018.08.21-13.07.27:821][  0]LogInit: CPU Page size=4096, Cores=4
[2018.08.21-13.07.27:821][  0]LogInit: High frequency timer resolution =4.101557 MHz
[2018.08.21-13.07.27:821][  0]LogMemory: Memory total: Physical=31.9GB (32GB approx)
[2018.08.21-13.07.27:821][  0]LogMemory: Platform Memory Stats for Windows
[2018.08.21-13.07.27:821][  0]LogMemory: Process Physical Memory: 276.91 MB used, 276.91 MB peak
[2018.08.21-13.07.27:821][  0]LogMemory: Process Virtual Memory: 277.04 MB used, 277.04 MB peak
[2018.08.21-13.07.27:821][  0]LogMemory: Physical Memory: 13219.77 MB used,  19473.04 MB free, 32692.81 MB total
[2018.08.21-13.07.27:821][  0]LogMemory: Virtual Memory: 4809.07 MB used,  19473.04 MB free, 134217728.00 MB total
[2018.08.21-13.07.27:835][  0]LogInit: Using OS detected language (en-US).
[2018.08.21-13.07.27:835][  0]LogInit: Using OS detected locale (en-US).
[2018.08.21-13.07.27:835][  0]LogTextLocalizationManager: No localization for 'en-US' exists, so 'en' will be used for the language.
[2018.08.21-13.07.27:835][  0]LogTextLocalizationManager: No localization for 'en-US' exists, so 'en' will be used for the locale.
[2018.08.21-13.07.28:192][  0]LogStreaming: Display: Took  0.358s to EndInitTextLocalization.
[2018.08.21-13.07.28:227][  0]LogSlate: New Slate User Created.  User Index 0, Is Virtual User: 0
[2018.08.21-13.07.28:227][  0]LogSlate: Slate User Registered.  User Index 0, Is Virtual User: 0
[2018.08.21-13.07.28:239][  0]LogD3D11RHI: D3D11 adapters:
[2018.08.21-13.07.28:277][  0]LogD3D11RHI:    0. 'NVIDIA GeForce GTX 1070' (Feature Level 11_0)
[2018.08.21-13.07.28:277][  0]LogD3D11RHI:       8096/0/16346 MB DedicatedVideo/DedicatedSystem/SharedSystem, Outputs:2, VendorId:0x10de
[2018.08.21-13.07.28:278][  0]LogD3D11RHI:    1. 'Microsoft Basic Render Driver' (Feature Level 11_0)
[2018.08.21-13.07.28:278][  0]LogD3D11RHI:       0/0/16346 MB DedicatedVideo/DedicatedSystem/SharedSystem, Outputs:0, VendorId:0x1414
[2018.08.21-13.07.28:278][  0]LogD3D11RHI: Chosen D3D11 Adapter: 0
[2018.08.21-13.07.28:285][  0]LogD3D11RHI: Creating new Direct3DDevice
[2018.08.21-13.07.28:285][  0]LogD3D11RHI:     GPU DeviceId: 0x1b81 (for the marketing name, search the web for "GPU Device Id")
[2018.08.21-13.07.28:285][  0]LogWindows: EnumDisplayDevices:
[2018.08.21-13.07.28:285][  0]LogWindows:    0. 'NVIDIA GeForce GTX 1070' (P:1 D:1)
[2018.08.21-13.07.28:285][  0]LogWindows:    1. 'NVIDIA GeForce GTX 1070' (P:0 D:1)
[2018.08.21-13.07.28:285][  0]LogWindows:    2. 'NVIDIA GeForce GTX 1070' (P:0 D:0)
[2018.08.21-13.07.28:286][  0]LogWindows:    3. 'NVIDIA GeForce GTX 1070' (P:0 D:0)
[2018.08.21-13.07.28:286][  0]LogWindows: DebugString: GetVideoDriverDetailsInvalid PrimaryIsNotTheChoosenAdapter GetVideoDriverDetailsInvalid PrimaryIsNotTheChoosenAdapter GetVideoDriverDetailsInvalid PrimaryIsNotTheChoosenAdapter GetVideoDriverDetailsInvalid PrimaryIsNotTheChoosenAdapter FoundDriverCount:0 
[2018.08.21-13.07.28:286][  0]LogD3D11RHI:     Adapter Name: NVIDIA GeForce GTX 1070
[2018.08.21-13.07.28:286][  0]LogD3D11RHI:   Driver Version: Unknown (internal:Unknown, unified:Unknown)
[2018.08.21-13.07.28:286][  0]LogD3D11RHI:      Driver Date: Unknown
[2018.08.21-13.07.28:286][  0]LogRHI: Texture pool is 5667 MB (70% of 8096 MB)
[2018.08.21-13.07.28:359][  0]LogD3D11RHI: [Aftermath] Aftermath enabled but failed to initialize
[2018.08.21-13.07.28:359][  0]LogD3D11RHI: [Aftermath] Aftermath enabled and primed
[2018.08.21-13.07.28:359][  0]LogD3D11RHI: Async texture creation enabled
[2018.08.21-13.07.28:376][  0]LogD3D11RHI: GPU Timing Frequency: 1000.000000 (Debug: 2 2)
[2018.08.21-13.07.28:551][  0]LogShaderCompilers: Guid format shader working directory is -8 characters bigger than the processId version (../../../../../DarkActive/Unreal Projects/DarkCrystal/Intermediate/Shaders/WorkingDirectory/18040/).
[2018.08.21-13.07.28:551][  0]LogShaderCompilers: Cleaned the shader compiler working directory 'C:/Users/Kappa/AppData/Local/Temp/UnrealShaderWorkingDir/490DE61E487679E5864D12919F1E90C4/'.
[2018.08.21-13.07.28:651][  0]LogTemp: Display: Loaded TP WindowsClientTargetPlatform
[2018.08.21-13.07.28:660][  0]LogTemp: Display: Loaded TP WindowsNoEditorTargetPlatform
[2018.08.21-13.07.28:672][  0]LogTemp: Display: Loaded TP WindowsServerTargetPlatform
[2018.08.21-13.07.28:683][  0]LogTemp: Display: Loaded TP WindowsTargetPlatform
[2018.08.21-13.07.28:683][  0]LogTargetPlatformManager: Display: Building Assets For Windows
[2018.08.21-13.07.28:750][  0]LogXGEController: Cannot use XGE Controller as Incredibuild is not installed on this machine.
[2018.08.21-13.07.28:750][  0]LogShaderCompilers: Cannot use XGE Shader Compiler as Incredibuild is not installed on this machine.
[2018.08.21-13.07.28:750][  0]LogShaderCompilers: Display: Using Local Shader Compiler.
[2018.08.21-13.07.29:247][  0]LogDerivedDataCache: Display: Max Cache Size: 512 MB
[2018.08.21-13.07.29:306][  0]LogDerivedDataCache: Loaded boot cache 0.06s 74MB C:/Users/Kappa/AppData/Local/UnrealEngine/4.19/DerivedDataCache/Boot.ddc.
[2018.08.21-13.07.29:306][  0]LogDerivedDataCache: Display: Loaded Boot cache: C:/Users/Kappa/AppData/Local/UnrealEngine/4.19/DerivedDataCache/Boot.ddc
[2018.08.21-13.07.29:306][  0]LogDerivedDataCache: FDerivedDataBackendGraph:  Pak pak cache file ../../../../../DarkActive/Unreal Projects/DarkCrystal/DerivedDataCache/DDC.ddp not found, will not use a pak cache.
[2018.08.21-13.07.29:306][  0]LogDerivedDataCache: Unable to find inner node Pak for hierarchical cache Hierarchy.
[2018.08.21-13.07.29:306][  0]LogDerivedDataCache: FDerivedDataBackendGraph:  CompressedPak pak cache file ../../../../../DarkActive/Unreal Projects/DarkCrystal/DerivedDataCache/Compressed.ddp not found, will not use a pak cache.
[2018.08.21-13.07.29:306][  0]LogDerivedDataCache: Unable to find inner node CompressedPak for hierarchical cache Hierarchy.
[2018.08.21-13.07.29:319][  0]LogDerivedDataCache: Display: Pak cache opened for reading ../../../Engine/DerivedDataCache/Compressed.ddp.
[2018.08.21-13.07.29:331][  0]LogDerivedDataCache: Using Local data cache path C:/Users/Kappa/AppData/Local/UnrealEngine/Common/DerivedDataCache: Writable
[2018.08.21-13.07.29:331][  0]LogDerivedDataCache: Shared data cache path not found in *engine.ini, will not use an Shared cache.
[2018.08.21-13.07.29:331][  0]LogDerivedDataCache: Unable to find inner node Shared for hierarchical cache Hierarchy.
[2018.08.21-13.07.29:339][  0]LogMaterial: Verifying Global Shaders for PCD3D_SM5
[2018.08.21-13.07.29:340][  0]LogSlate: Using Freetype 2.6.0
[2018.08.21-13.07.29:340][  0]LogSlate: SlateFontCache - WITH_FREETYPE: 1, WITH_HARFBUZZ: 1
[2018.08.21-13.07.29:340][  0]LogSlate: SlateFontCache - WITH_FREETYPE: 1, WITH_HARFBUZZ: 1
[2018.08.21-13.07.29:402][  0]LogAssetRegistry: FAssetRegistry took 0.0040 seconds to start up
[2018.08.21-13.07.29:564][  0]LogPackageLocalizationCache: Processed 9 localized package path(s) for 1 prioritized culture(s) in 0.009342 seconds
[2018.08.21-13.07.29:641][  0]LogInit: Selected Device Profile: [Windows]
[2018.08.21-13.07.29:738][  0]LogSimplygon: Simplygon DLL not present - disabling.
[2018.08.21-13.07.29:740][  0]LogMeshReduction: Using SimplygonSwarm for distributed automatic mesh merging
[2018.08.21-13.07.29:740][  0]LogMeshReduction: Using QuadricMeshReduction for automatic static mesh reduction
[2018.08.21-13.07.29:740][  0]LogMeshReduction: No automatic skeletal mesh reduction module available
[2018.08.21-13.07.29:740][  0]LogMeshReduction: No automatic mesh merging module available
[2018.08.21-13.07.29:740][  0]LogMeshMerging: No automatic mesh merging module available
[2018.08.21-13.07.29:760][  0]LogNetVersion: DarkCrystal , NetCL: 3944462, EngineNetVer: 2, GameNetVer: 0 (Checksum: 1178499891)
[2018.08.21-13.07.30:200][  0]LogMoviePlayer: Initializing movie player
[2018.08.21-13.07.30:444][  0]LogTcpMessaging: Initializing TcpMessaging bridge
[2018.08.21-13.07.30:465][  0]LogUdpMessaging: Initializing bridge on interface 0.0.0.0:0 to multicast group 230.0.0.1:6666.
[2018.08.21-13.07.30:558][  0]LogCollectionManager: Loaded 0 collections in 0.001286 seconds
[2018.08.21-13.07.30:593][  0]LogFileCache: Scanning file cache for directory 'G:/DarkActive/Unreal Projects/DarkCrystal/Saved/Collections/' took 0.01s
[2018.08.21-13.07.30:593][  0]LogFileCache: Scanning file cache for directory 'G:/DarkActive/Unreal Projects/DarkCrystal/Content/Developers/Kappa/Collections/' took 0.01s
[2018.08.21-13.07.30:593][  0]LogFileCache: Scanning file cache for directory 'G:/DarkActive/Unreal Projects/DarkCrystal/Content/Collections/' took 0.01s
[2018.08.21-13.07.30:593][  0]LogCollectionManager: Rebuilt the object cache for 0 collections in 0.000000 seconds (found 0 objects)
[2018.08.21-13.07.30:593][  0]LogCollectionManager: Fixed up redirectors for 0 collections in 0.000063 seconds (updated 0 objects)
[2018.08.21-13.07.30:706][  0]SourceControl: Source control is disabled
[2018.08.21-13.07.30:706][  0]SourceControl: Source control is disabled
[2018.08.21-13.07.30:716][  0]SourceControl: Source control is disabled
[2018.08.21-13.07.30:952][  0]LogAndroidPermission: UAndroidPermissionCallbackProxy::GetInstance
[2018.08.21-13.07.31:049][  0]LogOcInput: OculusInput pre-init called
[2018.08.21-13.07.31:083][  0]LogUObjectArray: 42361 objects as part of root set at end of initial load.
[2018.08.21-13.07.31:083][  0]LogUObjectAllocator: 8957752 out of 0 bytes used by permanent object pool.
[2018.08.21-13.07.31:083][  0]LogUObjectArray: CloseDisregardForGC: 0/0 objects in disregard for GC pool
[2018.08.21-13.07.31:126][  0]LogEngine: Initializing Engine...
[2018.08.21-13.07.31:127][  0]LogHMD: Failed to initialize OpenVR with code 110
[2018.08.21-13.07.31:138][  0]LogStats: UGameplayTagsManager::ConstructGameplayTagTree: Construct from data asset -  0.000 s
[2018.08.21-13.07.31:138][  0]LogStats: UGameplayTagsManager::ConstructGameplayTagTree: GameplayTagTreeChangedEvent.Broadcast -  0.000 s
[2018.08.21-13.07.31:295][  0]LogInit: XAudio2 using 'Speakers (Logitech G633 Gaming Headset)' : 2 channels at 48 kHz using 16 bits per sample (channel mask 0x3)
[2018.08.21-13.07.31:304][  0]LogInit: FAudioDevice initialized.
[2018.08.21-13.07.31:328][  0]LogInit: Texture streaming: Enabled
[2018.08.21-13.07.31:417][  0]LogUObjectGlobals: Created PersistentFrame Addr=0x0000024fc2eb2200, Size=624, Default__GameInfoInstance_C Function /Game/Blueprints/AllLevels/GameInfoInstance.GameInfoInstance_C:ExecuteUbergraph_GameInfoInstance
[2018.08.21-13.07.31:419][  0]LogUObjectGlobals: Created PersistentFrame Addr=0x0000024fc2670e28, Size=40, Default__ErrorDialog_C Function /Game/UI/MainMenu/ErrorDialog.ErrorDialog_C:ExecuteUbergraph_ErrorDialog
[2018.08.21-13.07.31:426][  0]LogUObjectGlobals: Created PersistentFrame Addr=0x0000024fc2e99f80, Size=80, Default__HostMenu_C Function /Game/UI/MainMenu/HostMenu.HostMenu_C:ExecuteUbergraph_HostMenu
[2018.08.21-13.07.31:433][  0]LogUObjectGlobals: Created PersistentFrame Addr=0x0000024fc2670d88, Size=40, Default__MainMenu_C Function /Game/UI/MainMenu/MainMenu.MainMenu_C:ExecuteUbergraph_MainMenu
[2018.08.21-13.07.31:438][  0]LogUObjectGlobals: Created PersistentFrame Addr=0x0000024fc2e4a8d0, Size=104, Default__OptionsMenu_C Function /Game/UI/MainMenu/OptionsMenu.OptionsMenu_C:ExecuteUbergraph_OptionsMenu
[2018.08.21-13.07.31:462][  0]LogUObjectGlobals: Created PersistentFrame Addr=0x0000024fc2e79800, Size=600, Default__ServerMenu_C Function /Game/UI/MainMenu/ServerMenu.ServerMenu_C:ExecuteUbergraph_ServerMenu
[2018.08.21-13.07.31:508][  0]LogUObjectGlobals: Destroyed PersistentFrame Addr=0x0000024fc2eb2200, Size=624
[2018.08.21-13.07.31:508][  0]LogUObjectGlobals: Created PersistentFrame Addr=0x0000024fc2ac9080, Size=624, Default__GameInfoInstance_C Function /Engine/Transient.REINST_GameInfoInstance_C_2:ExecuteUbergraph_GameInfoInstance
[2018.08.21-13.07.31:509][  0]LogUObjectGlobals: Destroyed PersistentFrame Addr=0x0000024fc2670e28, Size=40
[2018.08.21-13.07.31:509][  0]LogUObjectGlobals: Created PersistentFrame Addr=0x0000024fc2b1dda0, Size=40, Default__ErrorDialog_C Function /Engine/Transient.REINST_ErrorDialog_C_0:ExecuteUbergraph_ErrorDialog
[2018.08.21-13.07.31:509][  0]LogUObjectGlobals: Destroyed PersistentFrame Addr=0x0000024fc2e99f80, Size=80
[2018.08.21-13.07.31:510][  0]LogUObjectGlobals: Created PersistentFrame Addr=0x0000024fb46b08b0, Size=80, Default__HostMenu_C Function /Engine/Transient.REINST_HostMenu_C_1:ExecuteUbergraph_HostMenu
[2018.08.21-13.07.31:510][  0]LogUObjectGlobals: Destroyed PersistentFrame Addr=0x0000024fc2670d88, Size=40
[2018.08.21-13.07.31:510][  0]LogUObjectGlobals: Created PersistentFrame Addr=0x0000024fc2b1dcb0, Size=40, Default__MainMenu_C Function /Engine/Transient.REINST_MainMenu_C_3:ExecuteUbergraph_MainMenu
[2018.08.21-13.07.31:510][  0]LogUObjectGlobals: Destroyed PersistentFrame Addr=0x0000024fc2e4a8d0, Size=104
[2018.08.21-13.07.31:510][  0]LogUObjectGlobals: Created PersistentFrame Addr=0x0000024fb45d2a90, Size=104, Default__OptionsMenu_C Function /Engine/Transient.REINST_OptionsMenu_C_4:ExecuteUbergraph_OptionsMenu
[2018.08.21-13.07.31:511][  0]LogUObjectGlobals: Destroyed PersistentFrame Addr=0x0000024fc2e79800, Size=600
[2018.08.21-13.07.31:511][  0]LogUObjectGlobals: Created PersistentFrame Addr=0x0000024fc2ac8680, Size=600, Default__ServerMenu_C Function /Engine/Transient.REINST_ServerMenu_C_5:ExecuteUbergraph_ServerMenu
[2018.08.21-13.07.31:542][  0]LogUObjectGlobals: Created PersistentFrame Addr=0x0000024fb512dd00, Size=624, Default__GameInfoInstance_C Function /Game/Blueprints/AllLevels/GameInfoInstance.GameInfoInstance_C:ExecuteUbergraph_GameInfoInstance
[2018.08.21-13.07.31:543][  0]LogUObjectGlobals: Created PersistentFrame Addr=0x0000024fc2b1e430, Size=40, Default__ErrorDialog_C Function /Game/UI/MainMenu/ErrorDialog.ErrorDialog_C:ExecuteUbergraph_ErrorDialog
[2018.08.21-13.07.31:544][  0]LogUObjectGlobals: Created PersistentFrame Addr=0x0000024fb50da110, Size=80, Default__HostMenu_C Function /Game/UI/MainMenu/HostMenu.HostMenu_C:ExecuteUbergraph_HostMenu
[2018.08.21-13.07.31:545][  0]LogUObjectGlobals: Created PersistentFrame Addr=0x0000024fc2b1ee08, Size=40, Default__MainMenu_C Function /Game/UI/MainMenu/MainMenu.MainMenu_C:ExecuteUbergraph_MainMenu
[2018.08.21-13.07.31:547][  0]LogUObjectGlobals: Created PersistentFrame Addr=0x0000024fb507b660, Size=104, Default__OptionsMenu_C Function /Game/UI/MainMenu/OptionsMenu.OptionsMenu_C:ExecuteUbergraph_OptionsMenu
[2018.08.21-13.07.31:549][  0]LogUObjectGlobals: Created PersistentFrame Addr=0x0000024fb508f600, Size=592, Default__ServerMenu_C Function /Game/UI/MainMenu/ServerMenu.ServerMenu_C:ExecuteUbergraph_ServerMenu
[2018.08.21-13.07.31:573][  0]LogInit: Display: Game Engine Initialized.
[2018.08.21-13.07.31:573][  0]LogGameplayTags: Display: UGameplayTagsManager::DoneAddingNativeTags. DelegateIsBound: 0
[2018.08.21-13.07.31:573][  0]LogStats: UGameplayTagsManager::ConstructGameplayTagTree: Construct from data asset -  0.000 s
[2018.08.21-13.07.31:573][  0]LogStats: UGameplayTagsManager::ConstructGameplayTagTree: GameplayTagTreeChangedEvent.Broadcast -  0.000 s
[2018.08.21-13.07.31:633][  0]LogInit: Display: Starting Game.
[2018.08.21-13.07.31:633][  0]LogNet: Browse: 127.0.0.1:17777//Game/Maps/MainMenu?Name=Player
[2018.08.21-13.07.31:633][  0]LogOnline: Warning: STEAM: Steam API disabled!
[2018.08.21-13.07.31:633][  0]LogOnline: Display: STEAM: OnlineSubsystemSteam::Shutdown()
[2018.08.21-13.07.31:634][  0]LogTemp: Display: ParseSettings for GameNetDriver
[2018.08.21-13.07.31:634][  0]LogTemp: Display: ParseSettings for IpNetDriver_0
[2018.08.21-13.07.31:634][  0]LogTemp: Display: ParseSettings for PendingNetDriver
[2018.08.21-13.07.31:634][  0]LogInit: WinSock: Socket queue 32768 / 32768
[2018.08.21-13.07.31:634][  0]PacketHandlerLog: Loaded PacketHandler component: Engine.EngineHandlerComponentFactory (StatelessConnectHandlerComponent)
[2018.08.21-13.07.31:634][  0]LogNet: Game client on port 17777, rate 10000
[2018.08.21-13.07.31:692][  0]LogLoad: (Engine Initialization) Total time: 5.70 seconds
[2018.08.21-13.07.31:692][  0]LogLoad: (Engine Initialization) Total Blueprint compile time: 0.00 seconds
[2018.08.21-13.07.31:708][  0]LogWindowsTextInputMethodSystem: Display: IME system now deactivated.
[2018.08.21-13.07.31:711][  0]LogContentStreaming: Texture pool size now 1000 MB
[2018.08.21-13.07.32:692][ 61]LogHandshake: SendChallengeResponse. Timestamp: 0.016129, Cookie: 119038119115050192040231217081059123060117208055251053013230
[2018.08.21-13.07.32:757][ 65]LogNetVersion: DarkCrystal 1.0.0.0, NetCL: 3944462, EngineNetVer: 2, GameNetVer: 0 (Checksum: 162565633)
[2018.08.21-13.07.32:757][ 65]LogNet: UPendingNetGame::SendInitialJoin: Sending hello. [UNetConnection] RemoteAddr: 127.0.0.1:17777, Name: IpConnection_0, Driver: PendingNetDriver IpNetDriver_0, IsServer: NO, PC: NULL, Owner: NULL, UniqueId: INVALID
[2018.08.21-13.07.32:789][ 67]LogNet: Welcomed by server (Level: /Game/Maps/Arena01, Game: /Game/Blueprints/Gameplay/GameplayGM.GameplayGM_C)
[2018.08.21-13.07.32:789][ 67]LogLoad: LoadMap: 127.0.0.1:17777//Game/Maps/Arena01?Name=Player?game=/Game/Blueprints/Gameplay/GameplayGM.GameplayGM_C
[2018.08.21-13.07.32:799][ 67]LogUObjectGlobals: Destroyed PersistentFrame Addr=0x0000024fc2ac9080, Size=624
[2018.08.21-13.07.32:799][ 67]LogUObjectGlobals: Destroyed PersistentFrame Addr=0x0000024fc2b1dda0, Size=40
[2018.08.21-13.07.32:799][ 67]LogUObjectGlobals: Destroyed PersistentFrame Addr=0x0000024fb46b08b0, Size=80
[2018.08.21-13.07.32:799][ 67]LogUObjectGlobals: Destroyed PersistentFrame Addr=0x0000024fc2b1dcb0, Size=40
[2018.08.21-13.07.32:799][ 67]LogUObjectGlobals: Destroyed PersistentFrame Addr=0x0000024fb45d2a90, Size=104
[2018.08.21-13.07.32:799][ 67]LogUObjectGlobals: Destroyed PersistentFrame Addr=0x0000024fc2ac8680, Size=600
[2018.08.21-13.07.32:831][ 67]LogUObjectGlobals: Created PersistentFrame Addr=0x0000024fb50af900, Size=256, Default__GameplayGM_C Function /Game/Blueprints/Gameplay/GameplayGM.GameplayGM_C:ExecuteUbergraph_GameplayGM
[2018.08.21-13.07.32:852][ 67]LogLinker: Can't find file '/Game/Blueprints/Characters/Female/Kachujin/Animations/Montages/AM_Roll'
[2018.08.21-13.07.32:852][ 67]LogLinker: Can't find file '/Game/Blueprints/Characters/Female/Kachujin/Animations/Montages/AM_Roll'
[2018.08.21-13.07.32:854][ 67]LogUObjectGlobals: Created PersistentFrame Addr=0x0000024fc2ac8180, Size=544, Default__0_Base_C Function /Game/Blueprints/Characters/0_Base.0_Base_C:ExecuteUbergraph_0_Base
[2018.08.21-13.07.32:882][ 67]LogUObjectGlobals: Created PersistentFrame Addr=0x0000024fb52337a0, Size=32, Default__ABP_WoodenBow_C Function /Game/Blueprints/Items/Weapons/WoodenBow/ABP_WoodenBow.ABP_WoodenBow_C:ExecuteUbergraph_ABP_WoodenBow
[2018.08.21-13.07.32:891][ 67]LogUObjectGlobals: Created PersistentFrame Addr=0x0000024fb46b0720, Size=72, Default__BPC_MontageManager_C Function /Game/Blueprints/Components/BPC_MontageManager.BPC_MontageManager_C:ExecuteUbergraph_BPC_MontageManager
[2018.08.21-13.07.32:913][ 67]LogUObjectGlobals: Created PersistentFrame Addr=0x0000024fb3bb0100, Size=2512, Default__GameplayPC_C Function /Game/Blueprints/Gameplay/GameplayPC.GameplayPC_C:ExecuteUbergraph_GameplayPC
[2018.08.21-13.07.32:917][ 67]LogUObjectGlobals: Created PersistentFrame Addr=0x0000024fb50951e0, Size=96, Default__GameplayPS_C Function /Game/Blueprints/Gameplay/GameplayPS.GameplayPS_C:ExecuteUbergraph_GameplayPS
[2018.08.21-13.07.32:940][ 67]LogUObjectGlobals: Created PersistentFrame Addr=0x0000024fce4cec00, Size=320, Default__ChatWindow_C Function /Game/UI/AllLevels/ChatWindow.ChatWindow_C:ExecuteUbergraph_ChatWindow
[2018.08.21-13.07.32:942][ 67]LogUObjectGlobals: Created PersistentFrame Addr=0x0000024fb468e780, Size=888, Default__LobbyPC_C Function /Game/Blueprints/Lobby/LobbyPC.LobbyPC_C:ExecuteUbergraph_LobbyPC
[2018.08.21-13.07.32:944][ 67]LogUObjectGlobals: Created PersistentFrame Addr=0x0000024fce485900, Size=752, Default__LobbyGM_C Function /Game/Blueprints/Lobby/LobbyGM.LobbyGM_C:ExecuteUbergraph_LobbyGM
[2018.08.21-13.07.32:948][ 67]LogUObjectGlobals: Created PersistentFrame Addr=0x0000024fce491580, Size=544, Default__BP_MaleCharacter_C Function /Game/Blueprints/Characters/0_Base.0_Base_C:ExecuteUbergraph_0_Base
[2018.08.21-13.07.32:955][ 67]LogUObjectGlobals: Created PersistentFrame Addr=0x0000024fce490e00, Size=544, Default__BP_MaleCharacter_C Function /Game/Blueprints/Characters/0_Base.0_Base_C:ExecuteUbergraph_0_Base
[2018.08.21-13.07.32:967][ 67]LogUObjectGlobals: Created PersistentFrame Addr=0x0000024fb4f250c0, Size=112, Default__ABP_BerserkerDefault_C Function /Game/Characters/Berserker_S1/Blueprints/ABP_BerserkerDefault.ABP_BerserkerDefault_C:ExecuteUbergraph_ABP_BerserkerDefault
[2018.08.21-13.07.32:988][ 67]LogUObjectGlobals: Created PersistentFrame Addr=0x0000024fce001300, Size=544, Default__BP_FemaleCharacter_C Function /Game/Blueprints/Characters/0_Base.0_Base_C:ExecuteUbergraph_0_Base
[2018.08.21-13.07.32:991][ 67]LogUObjectGlobals: Created PersistentFrame Addr=0x0000024fcdce3c00, Size=128, Default__ABP_Kachujin_C Function /Game/Characters/Kachujin/ABP_Kachujin.ABP_Kachujin_C:ExecuteUbergraph_ABP_Kachujin
[2018.08.21-13.07.33:028][ 67]LogUObjectGlobals: Created PersistentFrame Addr=0x0000024fce820400, Size=544, Default__Tusk_C Function /Game/Blueprints/Characters/0_Base.0_Base_C:ExecuteUbergraph_0_Base
[2018.08.21-13.07.33:031][ 67]LogUObjectGlobals: Created PersistentFrame Addr=0x0000024fce8a52c0, Size=64, Default__0_BaseAnimBP_C Function /Game/InfinityBladeWarriors/Animations/0_BaseAnimBP.0_BaseAnimBP_C:ExecuteUbergraph_0_BaseAnimBP
[2018.08.21-13.07.33:051][ 67]LogUObjectGlobals: Created PersistentFrame Addr=0x0000024fce841580, Size=312, Default__LobbyMenu_C Function /Game/UI/Lobby/LobbyMenu.LobbyMenu_C:ExecuteUbergraph_LobbyMenu
[2018.08.21-13.07.33:054][ 67]LogUObjectGlobals: Created PersistentFrame Addr=0x0000024fcf09f330, Size=80, Default__CharacterSelect_C Function /Game/UI/Lobby/CharacterSelect.CharacterSelect_C:ExecuteUbergraph_CharacterSelect
[2018.08.21-13.07.33:080][ 67]LogUObjectGlobals: Created PersistentFrame Addr=0x0000024fcf0c6b00, Size=192, Default__GameSettings_C Function /Game/UI/Lobby/GameSettings.GameSettings_C:ExecuteUbergraph_GameSettings
[2018.08.21-13.07.33:084][ 67]LogUObjectGlobals: Created PersistentFrame Addr=0x0000024fce8814c0, Size=32, Default__PlayerButton_C Function /Game/UI/Lobby/PlayerButton.PlayerButton_C:ExecuteUbergraph_PlayerButton
[2018.08.21-13.07.33:113][ 67]LogUObjectGlobals: Created PersistentFrame Addr=0x0000024fc2af4f00, Size=4, Default__ConnectedPlayer_C Function /Game/UI/Lobby/ConnectedPlayer.ConnectedPlayer_C:ExecuteUbergraph_ConnectedPlayer
[2018.08.21-13.07.33:224][ 67]LogUObjectGlobals: Destroyed PersistentFrame Addr=0x0000024fce8a52c0, Size=64
[2018.08.21-13.07.33:224][ 67]LogUObjectGlobals: Created PersistentFrame Addr=0x0000024fcfb1f480, Size=64, Default__0_BaseAnimBP_C Function /Engine/Transient.REINST_0_BaseAnimBP_C_0:ExecuteUbergraph_0_BaseAnimBP
[2018.08.21-13.07.33:226][ 67]LogUObjectGlobals: Destroyed PersistentFrame Addr=0x0000024fb4f250c0, Size=112
[2018.08.21-13.07.33:226][ 67]LogUObjectGlobals: Created PersistentFrame Addr=0x0000024fd0746320, Size=112, Default__ABP_BerserkerDefault_C Function /Engine/Transient.REINST_ABP_BerserkerDefault_C_1:ExecuteUbergraph_ABP_BerserkerDefault
[2018.08.21-13.07.33:227][ 67]LogUObjectGlobals: Destroyed PersistentFrame Addr=0x0000024fcdce3c00, Size=128
[2018.08.21-13.07.33:227][ 67]LogUObjectGlobals: Created PersistentFrame Addr=0x0000024fb472c680, Size=128, Default__ABP_Kachujin_C Function /Engine/Transient.REINST_ABP_Kachujin_C_2:ExecuteUbergraph_ABP_Kachujin
[2018.08.21-13.07.33:228][ 67]LogUObjectGlobals: Destroyed PersistentFrame Addr=0x0000024fb52337a0, Size=32
[2018.08.21-13.07.33:228][ 67]LogUObjectGlobals: Created PersistentFrame Addr=0x0000024fd070d700, Size=32, Default__ABP_WoodenBow_C Function /Engine/Transient.REINST_ABP_WoodenBow_C_3:ExecuteUbergraph_ABP_WoodenBow
[2018.08.21-13.07.33:229][ 67]LogUObjectGlobals: Destroyed PersistentFrame Addr=0x0000024fb46b0720, Size=72
[2018.08.21-13.07.33:229][ 67]LogUObjectGlobals: Created PersistentFrame Addr=0x0000024fd06c6980, Size=72, Default__BPC_MontageManager_C Function /Engine/Transient.REINST_BPC_MontageManager_C_19:ExecuteUbergraph_BPC_MontageManager
[2018.08.21-13.07.33:231][ 67]LogUObjectGlobals: Destroyed PersistentFrame Addr=0x0000024fc2ac8180, Size=544
[2018.08.21-13.07.33:231][ 67]LogUObjectGlobals: Created PersistentFrame Addr=0x0000024fd06bbb00, Size=544, Default__0_Base_C Function /Engine/Transient.REINST_0_Base_C_23:ExecuteUbergraph_0_Base
[2018.08.21-13.07.33:232][ 67]LogUObjectGlobals: Destroyed PersistentFrame Addr=0x0000024fcf09f330, Size=80
[2018.08.21-13.07.33:232][ 67]LogUObjectGlobals: Created PersistentFrame Addr=0x0000024fd068fa10, Size=80, Default__CharacterSelect_C Function /Engine/Transient.REINST_CharacterSelect_C_6:ExecuteUbergraph_CharacterSelect
[2018.08.21-13.07.33:232][ 67]LogUObjectGlobals: Destroyed PersistentFrame Addr=0x0000024fce4cec00, Size=320
[2018.08.21-13.07.33:232][ 67]LogUObjectGlobals: Created PersistentFrame Addr=0x0000024fcfb8d440, Size=320, Default__ChatWindow_C Function /Engine/Transient.REINST_ChatWindow_C_8:ExecuteUbergraph_ChatWindow
[2018.08.21-13.07.33:233][ 67]LogUObjectGlobals: Destroyed PersistentFrame Addr=0x0000024fc2af4f00, Size=4
[2018.08.21-13.07.33:233][ 67]LogUObjectGlobals: Created PersistentFrame Addr=0x0000024fcfbadb20, Size=4, Default__ConnectedPlayer_C Function /Engine/Transient.REINST_ConnectedPlayer_C_9:ExecuteUbergraph_ConnectedPlayer
[2018.08.21-13.07.33:234][ 67]LogUObjectGlobals: Destroyed PersistentFrame Addr=0x0000024fb3bb0100, Size=2512
[2018.08.21-13.07.33:234][ 67]LogUObjectGlobals: Created PersistentFrame Addr=0x0000024fd0695600, Size=2512, Default__GameplayPC_C Function /Engine/Transient.REINST_GameplayPC_C_26:ExecuteUbergraph_GameplayPC
[2018.08.21-13.07.33:234][ 67]LogUObjectGlobals: Destroyed PersistentFrame Addr=0x0000024fb50951e0, Size=96
[2018.08.21-13.07.33:234][ 67]LogUObjectGlobals: Created PersistentFrame Addr=0x0000024fd068bca0, Size=96, Default__GameplayPS_C Function /Engine/Transient.REINST_GameplayPS_C_27:ExecuteUbergraph_GameplayPS
[2018.08.21-13.07.33:235][ 67]LogUObjectGlobals: Destroyed PersistentFrame Addr=0x0000024fcf0c6b00, Size=192
[2018.08.21-13.07.33:235][ 67]LogUObjectGlobals: Created PersistentFrame Addr=0x0000024fce8884c0, Size=192, Default__GameSettings_C Function /Engine/Transient.REINST_GameSettings_C_11:ExecuteUbergraph_GameSettings
[2018.08.21-13.07.33:236][ 67]LogUObjectGlobals: Destroyed PersistentFrame Addr=0x0000024fce841580, Size=312
[2018.08.21-13.07.33:236][ 67]LogUObjectGlobals: Created PersistentFrame Addr=0x0000024fcfb8c900, Size=312, Default__LobbyMenu_C Function /Engine/Transient.REINST_LobbyMenu_C_12:ExecuteUbergraph_LobbyMenu
[2018.08.21-13.07.33:237][ 67]LogUObjectGlobals: Destroyed PersistentFrame Addr=0x0000024fb468e780, Size=888
[2018.08.21-13.07.33:237][ 67]LogUObjectGlobals: Created PersistentFrame Addr=0x0000024fd0632780, Size=888, Default__LobbyPC_C Function /Engine/Transient.REINST_LobbyPC_C_28:ExecuteUbergraph_LobbyPC
[2018.08.21-13.07.33:238][ 67]LogUObjectGlobals: Destroyed PersistentFrame Addr=0x0000024fce8814c0, Size=32
[2018.08.21-13.07.33:238][ 67]LogUObjectGlobals: Created PersistentFrame Addr=0x0000024fd070cf80, Size=32, Default__PlayerButton_C Function /Engine/Transient.REINST_PlayerButton_C_13:ExecuteUbergraph_PlayerButton
[2018.08.21-13.07.33:238][ 67]LogUObjectGlobals: Destroyed PersistentFrame Addr=0x0000024fce001300, Size=544
[2018.08.21-13.07.33:238][ 67]LogUObjectGlobals: Created PersistentFrame Addr=0x0000024fd06bb380, Size=544, Default__BP_FemaleCharacter_C Function /Engine/Transient.REINST_0_Base_C_23:ExecuteUbergraph_0_Base
[2018.08.21-13.07.33:238][ 67]LogUObjectGlobals: Destroyed PersistentFrame Addr=0x0000024fce490e00, Size=544
[2018.08.21-13.07.33:238][ 67]LogUObjectGlobals: Created PersistentFrame Addr=0x0000024fd06bb100, Size=544, Default__BP_MaleCharacter_C Function /Engine/Transient.REINST_0_Base_C_23:ExecuteUbergraph_0_Base
[2018.08.21-13.07.33:238][ 67]LogUObjectGlobals: Destroyed PersistentFrame Addr=0x0000024fb50af900, Size=256
[2018.08.21-13.07.33:239][ 67]LogUObjectGlobals: Created PersistentFrame Addr=0x0000024fb4f1d400, Size=256, Default__GameplayGM_C Function /Engine/Transient.REINST_GameplayGM_C_32:ExecuteUbergraph_GameplayGM
[2018.08.21-13.07.33:239][ 67]LogUObjectGlobals: Destroyed PersistentFrame Addr=0x0000024fce485900, Size=752
[2018.08.21-13.07.33:239][ 67]LogUObjectGlobals: Created PersistentFrame Addr=0x0000024fd0625000, Size=752, Default__LobbyGM_C Function /Engine/Transient.REINST_LobbyGM_C_33:ExecuteUbergraph_LobbyGM
[2018.08.21-13.07.33:239][ 67]LogUObjectGlobals: Destroyed PersistentFrame Addr=0x0000024fce820400, Size=544
[2018.08.21-13.07.33:239][ 67]LogUObjectGlobals: Created PersistentFrame Addr=0x0000024fd06bae80, Size=544, Default__Tusk_C Function /Engine/Transient.REINST_0_Base_C_23:ExecuteUbergraph_0_Base
[2018.08.21-13.07.33:389][ 67]LogUObjectGlobals: Created PersistentFrame Addr=0x0000024fc0c09bc0, Size=72, Default__0_BaseAnimBP_C Function /Game/InfinityBladeWarriors/Animations/0_BaseAnimBP.0_BaseAnimBP_C:ExecuteUbergraph_0_BaseAnimBP
[2018.08.21-13.07.33:389][ 67]LogUObjectGlobals: Created PersistentFrame Addr=0x0000024fc0c70e90, Size=112, Default__ABP_BerserkerDefault_C Function /Game/Characters/Berserker_S1/Blueprints/ABP_BerserkerDefault.ABP_BerserkerDefault_C:ExecuteUbergraph_ABP_BerserkerDefault
[2018.08.21-13.07.33:391][ 67]LogUObjectGlobals: Created PersistentFrame Addr=0x0000024fce9fc480, Size=128, Default__ABP_Kachujin_C Function /Game/Characters/Kachujin/ABP_Kachujin.ABP_Kachujin_C:ExecuteUbergraph_ABP_Kachujin
[2018.08.21-13.07.33:391][ 67]LogUObjectGlobals: Created PersistentFrame Addr=0x0000024fc0c508a0, Size=32, Default__ABP_WoodenBow_C Function /Game/Blueprints/Items/Weapons/WoodenBow/ABP_WoodenBow.ABP_WoodenBow_C:ExecuteUbergraph_ABP_WoodenBow
[2018.08.21-13.07.33:395][ 67]LogUObjectGlobals: Created PersistentFrame Addr=0x0000024fd0ca1bc0, Size=72, Default__BPC_MontageManager_C Function /Game/Blueprints/Components/BPC_MontageManager.BPC_MontageManager_C:ExecuteUbergraph_BPC_MontageManager
[2018.08.21-13.07.33:401][ 67]LogUObjectGlobals: Created PersistentFrame Addr=0x0000024fd0c2ec00, Size=536, Default__0_Base_C Function /Game/Blueprints/Characters/0_Base.0_Base_C:ExecuteUbergraph_0_Base
[2018.08.21-13.07.33:403][ 67]LogUObjectGlobals: Created PersistentFrame Addr=0x0000024fd0c15080, Size=80, Default__CharacterSelect_C Function /Game/UI/Lobby/CharacterSelect.CharacterSelect_C:ExecuteUbergraph_CharacterSelect
[2018.08.21-13.07.33:404][ 67]LogUObjectGlobals: Created PersistentFrame Addr=0x0000024fd0c8b100, Size=320, Default__ChatWindow_C Function /Game/UI/AllLevels/ChatWindow.ChatWindow_C:ExecuteUbergraph_ChatWindow
[2018.08.21-13.07.33:404][ 67]LogUObjectGlobals: Created PersistentFrame Addr=0x0000024fcfd6e100, Size=4, Default__ConnectedPlayer_C Function /Game/UI/Lobby/ConnectedPlayer.ConnectedPlayer_C:ExecuteUbergraph_ConnectedPlayer
[2018.08.21-13.07.33:414][ 67]LogUObjectGlobals: Created PersistentFrame Addr=0x0000024fd0be5600, Size=2512, Default__GameplayPC_C Function /Game/Blueprints/Gameplay/GameplayPC.GameplayPC_C:ExecuteUbergraph_GameplayPC
[2018.08.21-13.07.33:416][ 67]LogUObjectGlobals: Created PersistentFrame Addr=0x0000024fd0b25f00, Size=96, Default__GameplayPS_C Function /Game/Blueprints/Gameplay/GameplayPS.GameplayPS_C:ExecuteUbergraph_GameplayPS
[2018.08.21-13.07.33:418][ 67]LogUObjectGlobals: Created PersistentFrame Addr=0x0000024fd0a92140, Size=192, Default__GameSettings_C Function /Game/UI/Lobby/GameSettings.GameSettings_C:ExecuteUbergraph_GameSettings
[2018.08.21-13.07.33:420][ 67]LogUObjectGlobals: Created PersistentFrame Addr=0x0000024fd0c8a840, Size=320, Default__LobbyMenu_C Function /Game/UI/Lobby/LobbyMenu.LobbyMenu_C:ExecuteUbergraph_LobbyMenu
[2018.08.21-13.07.33:423][ 67]LogUObjectGlobals: Created PersistentFrame Addr=0x0000024fd09bf580, Size=880, Default__LobbyPC_C Function /Game/Blueprints/Lobby/LobbyPC.LobbyPC_C:ExecuteUbergraph_LobbyPC
[2018.08.21-13.07.33:424][ 67]LogUObjectGlobals: Created PersistentFrame Addr=0x0000024fd09ceea0, Size=32, Default__PlayerButton_C Function /Game/UI/Lobby/PlayerButton.PlayerButton_C:ExecuteUbergraph_PlayerButton
[2018.08.21-13.07.33:425][ 67]LogUObjectGlobals: Created PersistentFrame Addr=0x0000024fd0a06200, Size=536, Default__BP_FemaleCharacter_C Function /Game/Blueprints/Characters/0_Base.0_Base_C:ExecuteUbergraph_0_Base
[2018.08.21-13.07.33:425][ 67]LogUObjectGlobals: Created PersistentFrame Addr=0x0000024fd0a05d00, Size=536, Default__BP_MaleCharacter_C Function /Game/Blueprints/Characters/0_Base.0_Base_C:ExecuteUbergraph_0_Base
[2018.08.21-13.07.33:427][ 67]LogUObjectGlobals: Created PersistentFrame Addr=0x0000024fd0991900, Size=256, Default__GameplayGM_C Function /Game/Blueprints/Gameplay/GameplayGM.GameplayGM_C:ExecuteUbergraph_GameplayGM
[2018.08.21-13.07.33:430][ 67]LogUObjectGlobals: Created PersistentFrame Addr=0x0000024fd09bc800, Size=784, Default__LobbyGM_C Function /Game/Blueprints/Lobby/LobbyGM.LobbyGM_C:ExecuteUbergraph_LobbyGM
[2018.08.21-13.07.33:431][ 67]LogUObjectGlobals: Created PersistentFrame Addr=0x0000024fd0963880, Size=536, Default__Tusk_C Function /Game/Blueprints/Characters/0_Base.0_Base_C:ExecuteUbergraph_0_Base
[2018.08.21-13.07.33:798][ 67]LogSkeletalMesh: Skeletal Mesh found in DDC [1.348756ms] /Game/Characters/Kachujin/SK_Kachujin.SK_Kachujin
[2018.08.21-13.07.33:805][ 67]LogSkeletalMesh: Skeletal Mesh found in DDC [0.302568ms] /Game/Blueprints/Items/Weapons/WoodenBow/SK_WoodenBow.SK_WoodenBow
[2018.08.21-13.07.33:823][ 67]LogSkeletalMesh: Skeletal Mesh found in DDC [3.379936ms] /Game/Characters/Berserker_S1/Meshes/Combines/SK_Berserker.SK_Berserker
[2018.08.21-13.07.33:850][ 67]LogSkeletalMesh: Skeletal Mesh found in DDC [0.401311ms] /Game/InfinityBladeWarriors/Character/CompleteCharacters/SK_CharM_Tusk.SK_CharM_Tusk
[2018.08.21-13.07.33:900][ 67]LogSkeletalMesh: Skeletal Mesh found in DDC [0.214065ms] /Game/Blueprints/Items/Weapons/RelicSword/SK_RelicSword.SK_RelicSword
[2018.08.21-13.07.34:038][ 67]LogAIModule: Creating AISystem for world Arena01
[2018.08.21-13.07.34:038][ 67]LogTemp: Display: ParseSettings for GameNetDriver
[2018.08.21-13.07.34:041][ 67]LogWorld: Bringing World /Game/Maps/Arena01.Arena01 up for play (max tick rate 0) at 2018.08.21-06.07.34
[2018.08.21-13.07.34:041][ 67]LogWorld: Bringing up level for play took: 0.002058
[2018.08.21-13.07.34:044][ 67]LogLoad: Took 1.255802 seconds to LoadMap(/Game/Maps/Arena01)
[2018.08.21-13.07.34:093][ 68]LogRenderer: Reallocating scene render targets to support 640x480 Format 10 NumSamples 1 (Frame:1).
[2018.08.21-13.07.34:155][ 68]LogOnline: Warning: OSS: No game present to join for session (GameSession)
[2018.08.21-13.07.34:197][ 71]LogSlate: Took 0.000171 seconds to synchronously load lazily loaded font '../../../Engine/Content/Slate/Fonts/Roboto-Regular.ttf' (155K)
[2018.08.21-13.07.34:440][ 86]LogOnline: Warning: OSS: No game present to join for session (GameSession)
[2018.08.21-13.07.34:473][ 88]LogOnline: Warning: OSS: No game present to join for session (GameSession)
[2018.08.21-13.07.35:656][161]LogScript: Warning: Attempted to access BP_FemaleCharacter_C_0 via property PlayerCharacterReference, but BP_FemaleCharacter_C_0 is pending kill
	GameplayPC_C /Game/Maps/Arena01.Arena01:PersistentLevel.GameplayPC_C_0
	Function /Game/Blueprints/Gameplay/GameplayPC.GameplayPC_C:SetAimRotation:0218
[2018.08.21-13.07.35:656][161]LogScript: Warning: Script call stack:
	Function /Game/Blueprints/Gameplay/GameplayPC.GameplayPC_C:UpdateAim
	Function /Game/Blueprints/Gameplay/GameplayPC.GameplayPC_C:ExecuteUbergraph_GameplayPC
	Function /Game/Blueprints/Gameplay/GameplayPC.GameplayPC_C:UpdateAimRotation
	Function /Game/Blueprints/Gameplay/GameplayPC.GameplayPC_C:SetAimRotation

[2018.08.21-13.07.35:656][161]LogScript: Warning: Accessed None
	GameplayPC_C /Game/Maps/Arena01.Arena01:PersistentLevel.GameplayPC_C_0
	Function /Game/Blueprints/Gameplay/GameplayPC.GameplayPC_C:SetAimRotation:022D
[2018.08.21-13.07.35:656][161]LogScript: Warning: Script call stack:
	Function /Game/Blueprints/Gameplay/GameplayPC.GameplayPC_C:UpdateAim
	Function /Game/Blueprints/Gameplay/GameplayPC.GameplayPC_C:ExecuteUbergraph_GameplayPC
	Function /Game/Blueprints/Gameplay/GameplayPC.GameplayPC_C:UpdateAimRotation
	Function /Game/Blueprints/Gameplay/GameplayPC.GameplayPC_C:SetAimRotation

[2018.08.21-13.07.35:656][161]LogScript: Warning: Attempted to access BP_FemaleCharacter_C_0 via property PlayerCharacterReference, but BP_FemaleCharacter_C_0 is pending kill
	GameplayPC_C /Game/Maps/Arena01.Arena01:PersistentLevel.GameplayPC_C_0
	Function /Game/Blueprints/Gameplay/GameplayPC.GameplayPC_C:SetAimRotation:024F
[2018.08.21-13.07.35:656][161]LogScript: Warning: Script call stack:
	Function /Game/Blueprints/Gameplay/GameplayPC.GameplayPC_C:UpdateAim
	Function /Game/Blueprints/Gameplay/GameplayPC.GameplayPC_C:ExecuteUbergraph_GameplayPC
	Function /Game/Blueprints/Gameplay/GameplayPC.GameplayPC_C:UpdateAimRotation
	Function /Game/Blueprints/Gameplay/GameplayPC.GameplayPC_C:SetAimRotation

[2018.08.21-13.07.35:657][161]LogScript: Warning: Accessed None
	GameplayPC_C /Game/Maps/Arena01.Arena01:PersistentLevel.GameplayPC_C_0
	Function /Game/Blueprints/Gameplay/GameplayPC.GameplayPC_C:SetAimRotation:0264
[2018.08.21-13.07.35:657][161]LogScript: Warning: Script call stack:
	Function /Game/Blueprints/Gameplay/GameplayPC.GameplayPC_C:UpdateAim
	Function /Game/Blueprints/Gameplay/GameplayPC.GameplayPC_C:ExecuteUbergraph_GameplayPC
	Function /Game/Blueprints/Gameplay/GameplayPC.GameplayPC_C:UpdateAimRotation
	Function /Game/Blueprints/Gameplay/GameplayPC.GameplayPC_C:SetAimRotation

[2018.08.21-13.07.35:657][161]LogScript: Warning: Attempted to access BP_FemaleCharacter_C_0 via property PlayerCharacterReference, but BP_FemaleCharacter_C_0 is pending kill
	GameplayPC_C /Game/Maps/Arena01.Arena01:PersistentLevel.GameplayPC_C_0
	Function /Game/Blueprints/Gameplay/GameplayPC.GameplayPC_C:SetAimRotation:028D
[2018.08.21-13.07.35:657][161]LogScript: Warning: Script call stack:
	Function /Game/Blueprints/Gameplay/GameplayPC.GameplayPC_C:UpdateAim
	Function /Game/Blueprints/Gameplay/GameplayPC.GameplayPC_C:ExecuteUbergraph_GameplayPC
	Function /Game/Blueprints/Gameplay/GameplayPC.GameplayPC_C:UpdateAimRotation
	Function /Game/Blueprints/Gameplay/GameplayPC.GameplayPC_C:SetAimRotation

[2018.08.21-13.07.35:657][161]LogScript: Warning: Attempted to assign to None
	GameplayPC_C /Game/Maps/Arena01.Arena01:PersistentLevel.GameplayPC_C_0
	Function /Game/Blueprints/Gameplay/GameplayPC.GameplayPC_C:SetAimRotation:02A2
[2018.08.21-13.07.35:657][161]LogScript: Warning: Script call stack:
	Function /Game/Blueprints/Gameplay/GameplayPC.GameplayPC_C:UpdateAim
	Function /Game/Blueprints/Gameplay/GameplayPC.GameplayPC_C:ExecuteUbergraph_GameplayPC
	Function /Game/Blueprints/Gameplay/GameplayPC.GameplayPC_C:UpdateAimRotation
	Function /Game/Blueprints/Gameplay/GameplayPC.GameplayPC_C:SetAimRotation

[2018.08.21-13.07.35:657][161]LogScript: Warning: Attempted to access BP_FemaleCharacter_C_0 via property PlayerCharacterReference, but BP_FemaleCharacter_C_0 is pending kill
	GameplayPC_C /Game/Maps/Arena01.Arena01:PersistentLevel.GameplayPC_C_0
	Function /Game/Blueprints/Gameplay/GameplayPC.GameplayPC_C:SetAimRotation:02BA
[2018.08.21-13.07.35:657][161]LogScript: Warning: Script call stack:
	Function /Game/Blueprints/Gameplay/GameplayPC.GameplayPC_C:UpdateAim
	Function /Game/Blueprints/Gameplay/GameplayPC.GameplayPC_C:ExecuteUbergraph_GameplayPC
	Function /Game/Blueprints/Gameplay/GameplayPC.GameplayPC_C:UpdateAimRotation
	Function /Game/Blueprints/Gameplay/GameplayPC.GameplayPC_C:SetAimRotation

[2018.08.21-13.07.35:657][161]LogScript: Warning: Attempted to assign to None
	GameplayPC_C /Game/Maps/Arena01.Arena01:PersistentLevel.GameplayPC_C_0
	Function /Game/Blueprints/Gameplay/GameplayPC.GameplayPC_C:SetAimRotation:02CF
[2018.08.21-13.07.35:657][161]LogScript: Warning: Script call stack:
	Function /Game/Blueprints/Gameplay/GameplayPC.GameplayPC_C:UpdateAim
	Function /Game/Blueprints/Gameplay/GameplayPC.GameplayPC_C:ExecuteUbergraph_GameplayPC
	Function /Game/Blueprints/Gameplay/GameplayPC.GameplayPC_C:UpdateAimRotation
	Function /Game/Blueprints/Gameplay/GameplayPC.GameplayPC_C:SetAimRotation

[2018.08.21-13.07.35:657][161]LogScript: Warning: Attempted to access BP_FemaleCharacter_C_0 via property PlayerCharacterReference, but BP_FemaleCharacter_C_0 is pending kill
	GameplayPC_C /Game/Maps/Arena01.Arena01:PersistentLevel.GameplayPC_C_0
	Function /Game/Blueprints/Gameplay/GameplayPC.GameplayPC_C:SetAimRotation:02E8
[2018.08.21-13.07.35:657][161]LogScript: Warning: Script call stack:
	Function /Game/Blueprints/Gameplay/GameplayPC.GameplayPC_C:UpdateAim
	Function /Game/Blueprints/Gameplay/GameplayPC.GameplayPC_C:ExecuteUbergraph_GameplayPC
	Function /Game/Blueprints/Gameplay/GameplayPC.GameplayPC_C:UpdateAimRotation
	Function /Game/Blueprints/Gameplay/GameplayPC.GameplayPC_C:SetAimRotation

[2018.08.21-13.07.35:657][161]LogScript: Warning: Accessed None
	GameplayPC_C /Game/Maps/Arena01.Arena01:PersistentLevel.GameplayPC_C_0
	Function /Game/Blueprints/Gameplay/GameplayPC.GameplayPC_C:SetAimRotation:02FD
[2018.08.21-13.07.35:657][161]LogScript: Warning: Script call stack:
	Function /Game/Blueprints/Gameplay/GameplayPC.GameplayPC_C:UpdateAim
	Function /Game/Blueprints/Gameplay/GameplayPC.GameplayPC_C:ExecuteUbergraph_GameplayPC
	Function /Game/Blueprints/Gameplay/GameplayPC.GameplayPC_C:UpdateAimRotation
	Function /Game/Blueprints/Gameplay/GameplayPC.GameplayPC_C:SetAimRotation

[2018.08.21-13.07.35:657][161]LogScript: Warning: Attempted to assign to None
	GameplayPC_C /Game/Maps/Arena01.Arena01:PersistentLevel.GameplayPC_C_0
	Function /Game/Blueprints/Gameplay/GameplayPC.GameplayPC_C:SetAimRotation:0312
[2018.08.21-13.07.35:657][161]LogScript: Warning: Script call stack:
	Function /Game/Blueprints/Gameplay/GameplayPC.GameplayPC_C:UpdateAim
	Function /Game/Blueprints/Gameplay/GameplayPC.GameplayPC_C:ExecuteUbergraph_GameplayPC
	Function /Game/Blueprints/Gameplay/GameplayPC.GameplayPC_C:UpdateAimRotation
	Function /Game/Blueprints/Gameplay/GameplayPC.GameplayPC_C:SetAimRotation

[2018.08.21-13.07.35:672][162]LogScript: Warning: Attempted to access BP_FemaleCharacter_C_0 via property PlayerCharacterReference, but BP_FemaleCharacter_C_0 is pending kill
	GameplayPC_C /Game/Maps/Arena01.Arena01:PersistentLevel.GameplayPC_C_0
	Function /Game/Blueprints/Gameplay/GameplayPC.GameplayPC_C:UpdateCrosshair:006C
[2018.08.21-13.07.35:672][162]LogScript: Warning: Script call stack:
	Function /Game/Blueprints/Gameplay/GameplayPC.GameplayPC_C:UpdateAim
	Function /Game/Blueprints/Gameplay/GameplayPC.GameplayPC_C:ExecuteUbergraph_GameplayPC
	Function /Game/Blueprints/Gameplay/GameplayPC.GameplayPC_C:UpdateCrosshair

[2018.08.21-13.07.35:672][162]LogScript: Warning: Accessed None
	GameplayPC_C /Game/Maps/Arena01.Arena01:PersistentLevel.GameplayPC_C_0
	Function /Game/Blueprints/Gameplay/GameplayPC.GameplayPC_C:UpdateCrosshair:0081
[2018.08.21-13.07.35:672][162]LogScript: Warning: Script call stack:
	Function /Game/Blueprints/Gameplay/GameplayPC.GameplayPC_C:UpdateAim
	Function /Game/Blueprints/Gameplay/GameplayPC.GameplayPC_C:ExecuteUbergraph_GameplayPC
	Function /Game/Blueprints/Gameplay/GameplayPC.GameplayPC_C:UpdateCrosshair

[2018.08.21-13.07.35:672][162]LogScript: Warning: Attempted to access BP_FemaleCharacter_C_0 via property PlayerCharacterReference, but BP_FemaleCharacter_C_0 is pending kill
	GameplayPC_C /Game/Maps/Arena01.Arena01:PersistentLevel.GameplayPC_C_0
	Function /Game/Blueprints/Gameplay/GameplayPC.GameplayPC_C:UpdateCrosshair:00B4
[2018.08.21-13.07.35:672][162]LogScript: Warning: Script call stack:
	Function /Game/Blueprints/Gameplay/GameplayPC.GameplayPC_C:UpdateAim
	Function /Game/Blueprints/Gameplay/GameplayPC.GameplayPC_C:ExecuteUbergraph_GameplayPC
	Function /Game/Blueprints/Gameplay/GameplayPC.GameplayPC_C:UpdateCrosshair

[2018.08.21-13.07.35:672][162]LogScript: Warning: Accessed None
	GameplayPC_C /Game/Maps/Arena01.Arena01:PersistentLevel.GameplayPC_C_0
	Function /Game/Blueprints/Gameplay/GameplayPC.GameplayPC_C:UpdateCrosshair:00C9
[2018.08.21-13.07.35:673][162]LogScript: Warning: Script call stack:
	Function /Game/Blueprints/Gameplay/GameplayPC.GameplayPC_C:UpdateAim
	Function /Game/Blueprints/Gameplay/GameplayPC.GameplayPC_C:ExecuteUbergraph_GameplayPC
	Function /Game/Blueprints/Gameplay/GameplayPC.GameplayPC_C:UpdateCrosshair

[2018.08.21-13.07.35:673][162]LogScript: Warning: Attempted to access BP_FemaleCharacter_C_0 via property PlayerCharacterReference, but BP_FemaleCharacter_C_0 is pending kill
	GameplayPC_C /Game/Maps/Arena01.Arena01:PersistentLevel.GameplayPC_C_0
	Function /Game/Blueprints/Gameplay/GameplayPC.GameplayPC_C:SetAimRotation:0218
[2018.08.21-13.07.35:673][162]LogScript: Warning: Script call stack:
	Function /Game/Blueprints/Gameplay/GameplayPC.GameplayPC_C:UpdateAim
	Function /Game/Blueprints/Gameplay/GameplayPC.GameplayPC_C:ExecuteUbergraph_GameplayPC
	Function /Game/Blueprints/Gameplay/GameplayPC.GameplayPC_C:UpdateAimRotation
	Function /Game/Blueprints/Gameplay/GameplayPC.GameplayPC_C:SetAimRotation

[2018.08.21-13.07.35:673][162]LogScript: Warning: Accessed None
	GameplayPC_C /Game/Maps/Arena01.Arena01:PersistentLevel.GameplayPC_C_0
	Function /Game/Blueprints/Gameplay/GameplayPC.GameplayPC_C:SetAimRotation:022D
[2018.08.21-13.07.35:673][162]LogScript: Warning: Script call stack:
	Function /Game/Blueprints/Gameplay/GameplayPC.GameplayPC_C:UpdateAim
	Function /Game/Blueprints/Gameplay/GameplayPC.GameplayPC_C:ExecuteUbergraph_GameplayPC
	Function /Game/Blueprints/Gameplay/GameplayPC.GameplayPC_C:UpdateAimRotation
	Function /Game/Blueprints/Gameplay/GameplayPC.GameplayPC_C:SetAimRotation

[2018.08.21-13.07.35:768][168]LogBlueprintUserMessages: [GameplayPC_C_0] git here
[2018.08.21-13.08.08:632][203]LogBlueprintUserMessages: [GameplayPC_C_0] Reset Jump controller id: 2
[2018.08.21-13.08.08:919][219]LogSlate: Window 'DarkCrystal (64-bit, PCD3D_SM5) ' being destroyed
[2018.08.21-13.08.08:919][219]LogWindowsTextInputMethodSystem: Display: IME system now deactivated.
[2018.08.21-13.08.08:921][219]LogEngine: All Windows Closed
[2018.08.21-13.08.08:921][219]LogWindows: FPlatformMisc::RequestExit(0)
[2018.08.21-13.08.08:925][220]LogNet: World NetDriver shutdown IpNetDriver_0 [GameNetDriver]
[2018.08.21-13.08.08:925][220]LogNet: DestroyNamedNetDriver IpNetDriver_0 [GameNetDriver]
[2018.08.21-13.08.08:925][220]LogNet: UNetConnection::Close: [UNetConnection] RemoteAddr: 127.0.0.1:17777, Name: IpConnection_0, Driver: GameNetDriver IpNetDriver_0, IsServer: NO, PC: GameplayPC_C_0, Owner: GameplayPC_C_0, UniqueId: DESKTOP-LI0N2FC-C7C88C884F07230E39A017BCFECC07AD, Channels: 13, Time: 2018.08.21-13.08.08
[2018.08.21-13.08.08:925][220]LogNet: UChannel::Close: Sending CloseBunch. ChIndex == 0. Name: [UChannel] ChIndex: 0, Closing: 0 [UNetConnection] RemoteAddr: 127.0.0.1:17777, Name: IpConnection_0, Driver: GameNetDriver IpNetDriver_0, IsServer: NO, PC: GameplayPC_C_0, Owner: GameplayPC_C_0, UniqueId: DESKTOP-LI0N2FC-C7C88C884F07230E39A017BCFECC07AD
[2018.08.21-13.08.08:925][220]LogExit: GameNetDriver IpNetDriver_0 shut down
[2018.08.21-13.08.09:156][220]LogSlate: Slate User Destroyed.  User Index 0, Is Virtual User: 0
[2018.08.21-13.08.09:156][220]LogExit: Preparing to exit.
[2018.08.21-13.08.09:156][220]LogMoviePlayer: Shutting down movie player
[2018.08.21-13.08.09:531][220]LogExit: Game engine shut down
[2018.08.21-13.08.09:532][220]LogUObjectGlobals: Destroyed PersistentFrame Addr=0x0000024fd068bca0, Size=96
[2018.08.21-13.08.09:532][220]LogUObjectGlobals: Destroyed PersistentFrame Addr=0x0000024fd0695600, Size=2512
[2018.08.21-13.08.09:533][220]LogUObjectGlobals: Destroyed PersistentFrame Addr=0x0000024fd06c6980, Size=72
[2018.08.21-13.08.09:533][220]LogUObjectGlobals: Destroyed PersistentFrame Addr=0x0000024fd070d700, Size=32
[2018.08.21-13.08.09:533][220]LogUObjectGlobals: Destroyed PersistentFrame Addr=0x0000024fd06bbb00, Size=544
[2018.08.21-13.08.09:533][220]LogUObjectGlobals: Destroyed PersistentFrame Addr=0x0000024fb4f1d400, Size=256
[2018.08.21-13.08.09:533][220]LogUObjectGlobals: Destroyed PersistentFrame Addr=0x0000024fb512dd00, Size=624
[2018.08.21-13.08.09:533][220]LogUObjectGlobals: Destroyed PersistentFrame Addr=0x0000024fc2b1e430, Size=40
[2018.08.21-13.08.09:533][220]LogUObjectGlobals: Destroyed PersistentFrame Addr=0x0000024fb50da110, Size=80
[2018.08.21-13.08.09:533][220]LogUObjectGlobals: Destroyed PersistentFrame Addr=0x0000024fc2b1ee08, Size=40
[2018.08.21-13.08.09:533][220]LogUObjectGlobals: Destroyed PersistentFrame Addr=0x0000024fb507b660, Size=104
[2018.08.21-13.08.09:533][220]LogUObjectGlobals: Destroyed PersistentFrame Addr=0x0000024fb508f600, Size=592
[2018.08.21-13.08.09:536][220]LogUObjectGlobals: Destroyed PersistentFrame Addr=0x0000024fcfb8d440, Size=320
[2018.08.21-13.08.09:536][220]LogUObjectGlobals: Destroyed PersistentFrame Addr=0x0000024fd0632780, Size=888
[2018.08.21-13.08.09:536][220]LogUObjectGlobals: Destroyed PersistentFrame Addr=0x0000024fd0625000, Size=752
[2018.08.21-13.08.09:536][220]LogUObjectGlobals: Destroyed PersistentFrame Addr=0x0000024fd06bb100, Size=544
[2018.08.21-13.08.09:536][220]LogUObjectGlobals: Destroyed PersistentFrame Addr=0x0000024fd0746320, Size=112
[2018.08.21-13.08.09:536][220]LogUObjectGlobals: Destroyed PersistentFrame Addr=0x0000024fd06bb380, Size=544
[2018.08.21-13.08.09:536][220]LogUObjectGlobals: Destroyed PersistentFrame Addr=0x0000024fb472c680, Size=128
[2018.08.21-13.08.09:537][220]LogUObjectGlobals: Destroyed PersistentFrame Addr=0x0000024fd06bae80, Size=544
[2018.08.21-13.08.09:537][220]LogUObjectGlobals: Destroyed PersistentFrame Addr=0x0000024fcfb1f480, Size=64
[2018.08.21-13.08.09:537][220]LogUObjectGlobals: Destroyed PersistentFrame Addr=0x0000024fcfb8c900, Size=312
[2018.08.21-13.08.09:537][220]LogUObjectGlobals: Destroyed PersistentFrame Addr=0x0000024fd068fa10, Size=80
[2018.08.21-13.08.09:537][220]LogUObjectGlobals: Destroyed PersistentFrame Addr=0x0000024fce8884c0, Size=192
[2018.08.21-13.08.09:537][220]LogUObjectGlobals: Destroyed PersistentFrame Addr=0x0000024fd070cf80, Size=32
[2018.08.21-13.08.09:537][220]LogUObjectGlobals: Destroyed PersistentFrame Addr=0x0000024fcfbadb20, Size=4
[2018.08.21-13.08.09:538][220]LogUObjectGlobals: Destroyed PersistentFrame Addr=0x0000024fc0c09bc0, Size=72
[2018.08.21-13.08.09:538][220]LogUObjectGlobals: Destroyed PersistentFrame Addr=0x0000024fc0c70e90, Size=112
[2018.08.21-13.08.09:538][220]LogUObjectGlobals: Destroyed PersistentFrame Addr=0x0000024fce9fc480, Size=128
[2018.08.21-13.08.09:538][220]LogUObjectGlobals: Destroyed PersistentFrame Addr=0x0000024fc0c508a0, Size=32
[2018.08.21-13.08.09:538][220]LogUObjectGlobals: Destroyed PersistentFrame Addr=0x0000024fd0ca1bc0, Size=72
[2018.08.21-13.08.09:538][220]LogUObjectGlobals: Destroyed PersistentFrame Addr=0x0000024fd0c2ec00, Size=536
[2018.08.21-13.08.09:538][220]LogUObjectGlobals: Destroyed PersistentFrame Addr=0x0000024fd0c15080, Size=80
[2018.08.21-13.08.09:538][220]LogUObjectGlobals: Destroyed PersistentFrame Addr=0x0000024fd0c8b100, Size=320
[2018.08.21-13.08.09:538][220]LogUObjectGlobals: Destroyed PersistentFrame Addr=0x0000024fcfd6e100, Size=4
[2018.08.21-13.08.09:538][220]LogUObjectGlobals: Destroyed PersistentFrame Addr=0x0000024fd0be5600, Size=2512
[2018.08.21-13.08.09:538][220]LogUObjectGlobals: Destroyed PersistentFrame Addr=0x0000024fd0b25f00, Size=96
[2018.08.21-13.08.09:538][220]LogUObjectGlobals: Destroyed PersistentFrame Addr=0x0000024fd0a92140, Size=192
[2018.08.21-13.08.09:538][220]LogUObjectGlobals: Destroyed PersistentFrame Addr=0x0000024fd0c8a840, Size=320
[2018.08.21-13.08.09:538][220]LogUObjectGlobals: Destroyed PersistentFrame Addr=0x0000024fd09bf580, Size=880
[2018.08.21-13.08.09:538][220]LogUObjectGlobals: Destroyed PersistentFrame Addr=0x0000024fd09ceea0, Size=32
[2018.08.21-13.08.09:538][220]LogUObjectGlobals: Destroyed PersistentFrame Addr=0x0000024fd0a06200, Size=536
[2018.08.21-13.08.09:538][220]LogUObjectGlobals: Destroyed PersistentFrame Addr=0x0000024fd0a05d00, Size=536
[2018.08.21-13.08.09:538][220]LogUObjectGlobals: Destroyed PersistentFrame Addr=0x0000024fd0991900, Size=256
[2018.08.21-13.08.09:538][220]LogUObjectGlobals: Destroyed PersistentFrame Addr=0x0000024fd09bc800, Size=784
[2018.08.21-13.08.09:538][220]LogUObjectGlobals: Destroyed PersistentFrame Addr=0x0000024fd0963880, Size=536
[2018.08.21-13.08.09:589][220]LogExit: Object subsystem successfully closed.
[2018.08.21-13.08.09:604][220]LogShaderCompilers: Display: Shaders left to compile 0
[2018.08.21-13.08.09:606][220]LogD3D11RHI: Shutdown
[2018.08.21-13.08.09:606][220]LogD3D11RHI: CleanupD3DDevice
[2018.08.21-13.08.09:608][220]LogD3D11RHI: ~FD3D11DynamicRHI
[2018.08.21-13.08.09:611][220]LogModuleManager: Shutting down and abandoning module Voice (352)
[2018.08.21-13.08.09:611][220]LogModuleManager: Shutting down and abandoning module AIModule (348)
[2018.08.21-13.08.09:611][220]LogModuleManager: Shutting down and abandoning module GameplayDebugger (347)
[2018.08.21-13.08.09:611][220]LogModuleManager: Shutting down and abandoning module AITestSuite (345)
[2018.08.21-13.08.09:611][220]LogModuleManager: Shutting down and abandoning module SequenceRecorderSections (342)
[2018.08.21-13.08.09:611][220]LogModuleManager: Shutting down and abandoning module SequenceRecorder (340)
[2018.08.21-13.08.09:611][220]LogModuleManager: Shutting down and abandoning module AutomationController (338)
[2018.08.21-13.08.09:611][220]LogModuleManager: Shutting down and abandoning module AutomationWorker (336)
[2018.08.21-13.08.09:611][220]LogModuleManager: Shutting down and abandoning module WmfMediaFactory (334)
[2018.08.21-13.08.09:611][220]LogModuleManager: Shutting down and abandoning module OpenExrWrapper (332)
[2018.08.21-13.08.09:611][220]LogModuleManager: Shutting down and abandoning module ImgMediaFactory (330)
[2018.08.21-13.08.09:611][220]LogModuleManager: Shutting down and abandoning module AvfMediaFactory (328)
[2018.08.21-13.08.09:611][220]LogModuleManager: Shutting down and abandoning module CharacterAI (326)
[2018.08.21-13.08.09:611][220]LogModuleManager: Shutting down and abandoning module SessionServices (324)
[2018.08.21-13.08.09:611][220]LogModuleManager: Shutting down and abandoning module MovieSceneCapture (322)
[2018.08.21-13.08.09:611][220]LogModuleManager: Shutting down and abandoning module MovieSceneTracks (320)
[2018.08.21-13.08.09:611][220]LogModuleManager: Shutting down and abandoning module MovieScene (318)
[2018.08.21-13.08.09:611][220]LogModuleManager: Shutting down and abandoning module GeometryCache (316)
[2018.08.21-13.08.09:611][220]LogModuleManager: Shutting down and abandoning module GeometryCacheEd (315)
[2018.08.21-13.08.09:611][220]LogModuleManager: Shutting down and abandoning module StreamingPauseRendering (312)
[2018.08.21-13.08.09:612][220]LogModuleManager: Shutting down and abandoning module PortalServices (310)
[2018.08.21-13.08.09:612][220]LogModuleManager: Shutting down and abandoning module PortalRpc (308)
[2018.08.21-13.08.09:612][220]LogModuleManager: Shutting down and abandoning module MessagingRpc (306)
[2018.08.21-13.08.09:612][220]LogModuleManager: Shutting down and abandoning module ProfilerService (304)
[2018.08.21-13.08.09:671][220]LogModuleManager: Shutting down and abandoning module TaskGraph (302)
[2018.08.21-13.08.09:671][220]LogModuleManager: Shutting down and abandoning module SteamVRController (300)
[2018.08.21-13.08.09:671][220]LogModuleManager: Shutting down and abandoning module ProceduralMeshComponent (298)
[2018.08.21-13.08.09:671][220]LogModuleManager: Shutting down and abandoning module OculusInput (296)
[2018.08.21-13.08.09:671][220]LogModuleManager: Shutting down and abandoning module MobilePatchingUtils (294)
[2018.08.21-13.08.09:671][220]LogModuleManager: Shutting down and abandoning module CustomMeshComponent (292)
[2018.08.21-13.08.09:671][220]LogModuleManager: Shutting down and abandoning module CableComponent (290)
[2018.08.21-13.08.09:671][220]LogModuleManager: Shutting down and abandoning module AudioCapture (288)
[2018.08.21-13.08.09:671][220]LogModuleManager: Shutting down and abandoning module ArchVisCharacter (286)
[2018.08.21-13.08.09:671][220]LogModuleManager: Shutting down and abandoning module AndroidPermission (284)
[2018.08.21-13.08.09:671][220]LogModuleManager: Shutting down and abandoning module NUTUnrealEngine4 (282)
[2018.08.21-13.08.09:671][220]LogModuleManager: Shutting down and abandoning module NetcodeUnitTest (280)
[2018.08.21-13.08.09:671][220]LogModuleManager: Shutting down and abandoning module MediaCompositing (278)
[2018.08.21-13.08.09:671][220]LogModuleManager: Shutting down and abandoning module LinearTimecode (276)
[2018.08.21-13.08.09:671][220]LogModuleManager: Shutting down and abandoning module ImgMedia (274)
[2018.08.21-13.08.09:673][220]LogModuleManager: Shutting down and abandoning module HTML5Networking (272)
[2018.08.21-13.08.09:673][220]LogModuleManager: Shutting down and abandoning module DatasmithContent (270)
[2018.08.21-13.08.09:673][220]LogModuleManager: Shutting down and abandoning module CryptoKeysOpenSSL (268)
[2018.08.21-13.08.09:673][220]LogModuleManager: Shutting down and abandoning module CryptoKeys (266)
[2018.08.21-13.08.09:673][220]LogModuleManager: Shutting down and abandoning module VisualStudioSourceCodeAccess (264)
[2018.08.21-13.08.09:673][220]LogModuleManager: Shutting down and abandoning module HotReload (263)
[2018.08.21-13.08.09:673][220]LogModuleManager: Shutting down and abandoning module VisualStudioCodeSourceCodeAccess (260)
[2018.08.21-13.08.09:673][220]LogModuleManager: Shutting down and abandoning module UObjectPlugin (258)
[2018.08.21-13.08.09:673][220]LogModuleManager: Shutting down and abandoning module SubversionSourceControl (256)
[2018.08.21-13.08.09:673][220]LogModuleManager: Shutting down and abandoning module PerforceSourceControl (254)
[2018.08.21-13.08.09:673][220]LogModuleManager: Shutting down and abandoning module SourceControl (253)
[2018.08.21-13.08.09:673][220]LogModuleManager: Shutting down and abandoning module CLionSourceCodeAccess (250)
[2018.08.21-13.08.09:673][220]LogModuleManager: Shutting down and abandoning module VictoryBPLibrary (248)
[2018.08.21-13.08.09:673][220]LogModuleManager: Shutting down and abandoning module RuntimePhysXCooking (246)
[2018.08.21-13.08.09:673][220]LogModuleManager: Shutting down and abandoning module PhysXVehiclesEditor (244)
[2018.08.21-13.08.09:673][220]LogModuleManager: Shutting down and abandoning module PhysXVehicles (242)
[2018.08.21-13.08.09:673][220]LogModuleManager: Shutting down and abandoning module LocationServicesBPLibrary (240)
[2018.08.21-13.08.09:673][220]LogModuleManager: Shutting down and abandoning module ImmediatePhysicsEditor (238)
[2018.08.21-13.08.09:673][220]LogModuleManager: Shutting down and abandoning module ImmediatePhysics (236)
[2018.08.21-13.08.09:673][220]LogModuleManager: Shutting down and abandoning module ApexDestructionEditor (234)
[2018.08.21-13.08.09:673][220]LogModuleManager: Shutting down and abandoning module ContentBrowser (233)
[2018.08.21-13.08.09:673][220]LogModuleManager: Shutting down and abandoning module CollectionManager (232)
[2018.08.21-13.08.09:673][220]LogDirectoryWatcher: A directory notification for 'G:/DarkActive/Unreal Projects/DarkCrystal/Content/Collections/' was aborted.
[2018.08.21-13.08.09:673][220]LogDirectoryWatcher: A directory notification for 'G:/DarkActive/Unreal Projects/DarkCrystal/Content/Developers/Kappa/Collections/' was aborted.
[2018.08.21-13.08.09:673][220]LogDirectoryWatcher: A directory notification for 'G:/DarkActive/Unreal Projects/DarkCrystal/Saved/Collections/' was aborted.
[2018.08.21-13.08.09:673][220]LogModuleManager: Shutting down and abandoning module DirectoryWatcher (231)
[2018.08.21-13.08.09:673][220]LogModuleManager: Shutting down and abandoning module ApexDestruction (226)
[2018.08.21-13.08.09:673][220]LogModuleManager: Shutting down and abandoning module ActorSequence (224)
[2018.08.21-13.08.09:673][220]LogModuleManager: Shutting down and abandoning module UdpMessaging (222)
[2018.08.21-13.08.09:774][220]LogModuleManager: Shutting down and abandoning module TcpMessaging (220)
[2018.08.21-13.08.10:469][220]LogModuleManager: Shutting down and abandoning module GameplayTagsEditor (218)
[2018.08.21-13.08.10:469][220]LogModuleManager: Shutting down and abandoning module FacialAnimation (216)
[2018.08.21-13.08.10:469][220]LogModuleManager: Shutting down and abandoning module DataValidation (214)
[2018.08.21-13.08.10:469][220]LogModuleManager: Shutting down and abandoning module AssetManagerEditor (212)
[2018.08.21-13.08.10:469][220]LogModuleManager: Shutting down and abandoning module TreeMap (211)
[2018.08.21-13.08.10:469][220]LogModuleManager: Shutting down and abandoning module LightPropagationVolumeRuntime (208)
[2018.08.21-13.08.10:469][220]LogModuleManager: Shutting down and abandoning module LiveLink (206)
[2018.08.21-13.08.11:393][220]LogModuleManager: Shutting down and abandoning module AdvancedSteamSessions (204)
[2018.08.21-13.08.11:393][220]LogModuleManager: Shutting down and abandoning module AdvancedSessions (202)
[2018.08.21-13.08.11:393][220]LogModuleManager: Shutting down and abandoning module Paper2D (200)
[2018.08.21-13.08.11:394][220]LogModuleManager: Shutting down and abandoning module PIEPreviewDeviceProfileSelector (198)
[2018.08.21-13.08.11:394][220]LogModuleManager: Shutting down and abandoning module WindowsMoviePlayer (196)
[2018.08.21-13.08.11:394][220]LogModuleManager: Shutting down and abandoning module WmfMedia (194)
[2018.08.21-13.08.11:395][220]LogModuleManager: Shutting down and abandoning module Media (193)
[2018.08.21-13.08.11:402][220]LogModuleManager: Shutting down and abandoning module PacketHandler (190)
[2018.08.21-13.08.11:402][220]LogModuleManager: Shutting down and abandoning module ClothingSystemEditor (188)
[2018.08.21-13.08.11:402][220]LogModuleManager: Shutting down and abandoning module ClothingSystemRuntime (186)
[2018.08.21-13.08.11:402][220]LogModuleManager: Shutting down and abandoning module MediaAssets (184)
[2018.08.21-13.08.11:402][220]LogModuleManager: Shutting down and abandoning module Overlay (182)
[2018.08.21-13.08.11:402][220]LogModuleManager: Shutting down and abandoning module OverlayEditor (181)
[2018.08.21-13.08.11:402][220]LogModuleManager: Shutting down and abandoning module VREditor (178)
[2018.08.21-13.08.11:402][220]LogModuleManager: Shutting down and abandoning module StringTableEditor (176)
[2018.08.21-13.08.11:402][220]LogModuleManager: Shutting down and abandoning module GameplayTasksEditor (174)
[2018.08.21-13.08.11:402][220]LogModuleManager: Shutting down and abandoning module BehaviorTreeEditor (172)
[2018.08.21-13.08.11:402][220]LogModuleManager: Shutting down and abandoning module FunctionalTesting (170)
[2018.08.21-13.08.11:402][220]LogModuleManager: Shutting down and abandoning module CollisionAnalyzer (168)
[2018.08.21-13.08.11:402][220]LogModuleManager: Shutting down and abandoning module WorkspaceMenuStructure (167)
[2018.08.21-13.08.11:402][220]LogModuleManager: Shutting down and abandoning module UMG (164)
[2018.08.21-13.08.11:402][220]LogModuleManager: Shutting down and abandoning module UMGEditor (163)
[2018.08.21-13.08.11:402][220]LogModuleManager: Shutting down and abandoning module Sequencer (162)
[2018.08.21-13.08.11:403][220]LogModuleManager: Shutting down and abandoning module MessageLog (159)
[2018.08.21-13.08.11:403][220]LogModuleManager: Shutting down and abandoning module SlateReflector (154)
[2018.08.21-13.08.11:403][220]LogModuleManager: Shutting down and abandoning module Slate (152)
[2018.08.21-13.08.11:403][220]LogModuleManager: Shutting down and abandoning module EditorStyle (150)
[2018.08.21-13.08.11:406][220]LogModuleManager: Shutting down and abandoning module MRMesh (148)
[2018.08.21-13.08.11:406][220]LogModuleManager: Shutting down and abandoning module Messaging (146)
[2018.08.21-13.08.11:406][220]LogModuleManager: Shutting down and abandoning module SourceCodeAccess (144)
[2018.08.21-13.08.11:406][220]LogModuleManager: Shutting down and abandoning module HeadMountedDisplay (142)
[2018.08.21-13.08.11:406][220]LogModuleManager: Shutting down and abandoning module XAudio2 (140)
[2018.08.21-13.08.11:406][220]LogModuleManager: Shutting down and abandoning module Networking (138)
[2018.08.21-13.08.11:406][220]LogModuleManager: Shutting down and abandoning module Core (136)
[2018.08.21-13.08.11:406][220]LogModuleManager: Shutting down and abandoning module LevelSequence (134)
[2018.08.21-13.08.11:406][220]LogModuleManager: Shutting down and abandoning module KismetCompiler (132)
[2018.08.21-13.08.11:406][220]LogModuleManager: Shutting down and abandoning module MeshUtilities (130)
[2018.08.21-13.08.11:406][220]LogModuleManager: Shutting down and abandoning module MeshMergeUtilities (129)
[2018.08.21-13.08.11:406][220]LogModuleManager: Shutting down and abandoning module MeshReductionInterface (128)
[2018.08.21-13.08.11:406][220]LogModuleManager: Shutting down and abandoning module SimplygonSwarm (127)
[2018.08.21-13.08.11:406][220]LogModuleManager: Shutting down and abandoning module SimplygonMeshReduction (125)
[2018.08.21-13.08.11:406][220]LogModuleManager: Shutting down and abandoning module QuadricMeshReduction (123)
[2018.08.21-13.08.11:406][220]LogModuleManager: Shutting down and abandoning module MaterialBaking (119)
[2018.08.21-13.08.11:406][220]LogModuleManager: Shutting down and abandoning module DerivedDataCache (114)
[2018.08.21-13.08.11:864][220]LogDerivedDataCache: Shutdown
[2018.08.21-13.08.11:864][220]LogModuleManager: Shutting down and abandoning module XGEController (112)
[2018.08.21-13.08.11:864][220]LogModuleManager: Shutting down and abandoning module TargetPlatform (110)
[2018.08.21-13.08.11:864][220]LogModuleManager: Shutting down and abandoning module VulkanShaderFormat (109)
[2018.08.21-13.08.11:864][220]LogModuleManager: Shutting down and abandoning module ShaderFormatVectorVM (107)
[2018.08.21-13.08.11:864][220]LogModuleManager: Shutting down and abandoning module ShaderFormatOpenGL (105)
[2018.08.21-13.08.11:864][220]LogModuleManager: Shutting down and abandoning module ShaderFormatD3D (103)
[2018.08.21-13.08.11:864][220]LogModuleManager: Shutting down and abandoning module MetalShaderFormat (101)
[2018.08.21-13.08.11:864][220]LogModuleManager: Shutting down and abandoning module TextureFormatUncompressed (99)
[2018.08.21-13.08.11:864][220]LogModuleManager: Shutting down and abandoning module TextureFormatPVR (97)
[2018.08.21-13.08.11:864][220]LogModuleManager: Shutting down and abandoning module TextureFormatDXT (95)
[2018.08.21-13.08.11:864][220]LogModuleManager: Shutting down and abandoning module TextureFormatIntelISPCTexComp (93)
[2018.08.21-13.08.11:864][220]LogModuleManager: Shutting down and abandoning module TextureFormatASTC (91)
[2018.08.21-13.08.11:864][220]LogModuleManager: Shutting down and abandoning module ImageWrapper (90)
[2018.08.21-13.08.11:864][220]LogModuleManager: Shutting down and abandoning module TextureFormatAndroid (87)
[2018.08.21-13.08.11:864][220]LogModuleManager: Shutting down and abandoning module AudioFormatOpus (85)
[2018.08.21-13.08.11:864][220]LogModuleManager: Shutting down and abandoning module AudioFormatOgg (83)
[2018.08.21-13.08.11:864][220]LogModuleManager: Shutting down and abandoning module AudioFormatADPCM (81)
[2018.08.21-13.08.11:864][220]LogModuleManager: Shutting down and abandoning module WindowsTargetPlatform (79)
[2018.08.21-13.08.11:865][220]LogModuleManager: Shutting down and abandoning module WindowsServerTargetPlatform (77)
[2018.08.21-13.08.11:865][220]LogModuleManager: Shutting down and abandoning module WindowsNoEditorTargetPlatform (75)
[2018.08.21-13.08.11:865][220]LogModuleManager: Shutting down and abandoning module WindowsClientTargetPlatform (73)
[2018.08.21-13.08.11:865][220]LogModuleManager: Shutting down and abandoning module InputCore (70)
[2018.08.21-13.08.11:865][220]LogModuleManager: Shutting down and abandoning module Settings (68)
[2018.08.21-13.08.11:865][220]LogModuleManager: Shutting down and abandoning module PhysXCooking (66)
[2018.08.21-13.08.11:865][220]LogModuleManager: Shutting down and abandoning module SteamVR (64)
[2018.08.21-13.08.11:865][220]LogModuleManager: Shutting down and abandoning module OculusHMD (62)
[2018.08.21-13.08.11:865][220]LogModuleManager: Shutting down and abandoning module ExampleDeviceProfileSelector (60)
[2018.08.21-13.08.11:865][220]LogModuleManager: Shutting down and abandoning module AppleARKit (58)
[2018.08.21-13.08.11:865][220]LogModuleManager: Shutting down and abandoning module AugmentedReality (57)
[2018.08.21-13.08.11:865][220]LogModuleManager: Shutting down and abandoning module OnlineBlueprintSupport (54)
[2018.08.21-13.08.11:865][220]LogModuleManager: Shutting down and abandoning module OnlineSubsystem (50)
[2018.08.21-13.08.11:865][220]LogOnline: Display: OSS: FOnlineSubsystemNull::Shutdown()
[2018.08.21-13.08.11:865][220]LogOnline: Display: OSS: FOnlineAsyncTaskManager::Stop() ActiveTask:0000000000000000 Tasks[0/0]
[2018.08.21-13.08.11:865][220]LogOnline: Display: OSS: FOnlineAsyncTaskManager::Exit() started
[2018.08.21-13.08.11:865][220]LogOnline: Display: OSS: FOnlineAsyncTaskManager::Exit() finished
[2018.08.21-13.08.11:865][220]LogModuleManager: Shutting down and abandoning module XMPP (43)
[2018.08.21-13.08.11:865][220]LogModuleManager: Shutting down and abandoning module HTTP (41)
[2018.08.21-13.08.11:885][220]LogModuleManager: Shutting down and abandoning module SSL (40)
[2018.08.21-13.08.11:886][220]LogModuleManager: Shutting down and abandoning module AnimationModifiers (36)
[2018.08.21-13.08.11:886][220]LogModuleManager: Shutting down and abandoning module PropertyEditor (35)
[2018.08.21-13.08.11:886][220]LogModuleManager: Shutting down and abandoning module AudioEditor (32)
[2018.08.21-13.08.11:886][220]LogModuleManager: Shutting down and abandoning module TextureCompressor (30)
[2018.08.21-13.08.11:886][220]LogModuleManager: Shutting down and abandoning module ShaderCore (28)
[2018.08.21-13.08.11:886][220]LogModuleManager: Shutting down and abandoning module Landscape (26)
[2018.08.21-13.08.11:886][220]LogModuleManager: Shutting down and abandoning module SlateRHIRenderer (24)
[2018.08.21-13.08.11:886][220]LogModuleManager: Shutting down and abandoning module OpenGLDrv (22)
[2018.08.21-13.08.11:886][220]LogModuleManager: Shutting down and abandoning module D3D11RHI (20)
[2018.08.21-13.08.11:886][220]LogModuleManager: Shutting down and abandoning module AnimGraphRuntime (18)
[2018.08.21-13.08.11:886][220]LogModuleManager: Shutting down and abandoning module Renderer (16)
[2018.08.21-13.08.11:886][220]LogModuleManager: Shutting down and abandoning module Engine (14)
[2018.08.21-13.08.11:886][220]LogModuleManager: Shutting down and abandoning module CoreUObject (12)
[2018.08.21-13.08.11:886][220]LogModuleManager: Shutting down and abandoning module NetworkFile (10)
[2018.08.21-13.08.11:886][220]LogModuleManager: Shutting down and abandoning module CookedIterativeFile (8)
[2018.08.21-13.08.11:886][220]LogModuleManager: Shutting down and abandoning module StreamingFile (6)
[2018.08.21-13.08.11:886][220]LogModuleManager: Shutting down and abandoning module SandboxFile (4)
[2018.08.21-13.08.11:886][220]LogModuleManager: Shutting down and abandoning module PakFile (2)
[2018.08.21-13.08.11:889][220]LogExit: Exiting.
[2018.08.21-13.08.11:932][220]Log file closed, 08/21/18 06:08:11
