Log file open, 08/21/18 08:14:31
LogWindows: Failed to load 'aqProf.dll' (GetLastError=126)
LogWindows: File 'aqProf.dll' does not exist
LogWindows: Failed to load 'VtuneApi.dll' (GetLastError=126)
LogWindows: File 'VtuneApi.dll' does not exist
LogWindows: Failed to load 'VtuneApi32e.dll' (GetLastError=126)
LogWindows: File 'VtuneApi32e.dll' does not exist
LogInit: Display: Running engine for game: DarkCrystalstutter
LogPlatformFile: Not using cached read wrapper
LogInit: Display: RandInit(1411942575) SRandInit(1411942575).
LogInit: Read version file with build ID '3944462'
LogInit: Overriding engine version to CL 4033788, compatible CL 3944462
LogInit: Registered custom module enumerator with build ID '3944462'
LogTaskGraph: Started task graph with 5 named threads and 17 total threads with 3 sets of task threads.
LogStats: Stats thread started at 0.214548
LogD3D11RHI: Aftermath initialized
LogICUInternationalization: Display: ICU TimeZone Detection - Raw Offset: -8:00, Platform Override: ''
LogModuleManager: Display: Found up-to-date module file ../../../Engine/Plugins/Online/OnlineSubsystemSteam/Binaries/Win64/UE4Editor-OnlineSubsystemSteam.dll (API version 3944462).
LogModuleManager: Display: Found up-to-date module file ../../../Engine/Plugins/Online/OnlineSubsystem/Binaries/Win64/UE4Editor-OnlineSubsystem.dll (API version 3944462).
LogModuleManager: Display: Found up-to-date module file ../../../Engine/Plugins/Online/OnlineSubsystemUtils/Binaries/Win64/UE4Editor-OnlineSubsystemUtils.dll (API version 3944462).
LogModuleManager: Display: Found up-to-date module file ../../../Engine/Plugins/Online/OnlineSubsystemUtils/Binaries/Win64/UE4Editor-OnlineBlueprintSupport.dll (API version 3944462).
LogModuleManager: Display: Found up-to-date module file ../../../Engine/Plugins/VictoryPlugin/Binaries/Win64/UE4Editor-VictoryBPLibrary.dll (API version 3944462).
LogModuleManager: Display: Found up-to-date module file ../../../Engine/Plugins/Runtime/ApexDestruction/Binaries/Win64/UE4Editor-ApexDestruction.dll (API version 3944462).
LogModuleManager: Display: Found up-to-date module file ../../../Engine/Plugins/Runtime/ApexDestruction/Binaries/Win64/UE4Editor-ApexDestructionEditor.dll (API version 3944462).
LogModuleManager: Display: Found up-to-date module file ../../../Engine/Plugins/AdvancedSessions/AdvancedSessions/Binaries/Win64/UE4Editor-AdvancedSessions.dll (API version 3944462).
LogModuleManager: Display: Found up-to-date module file ../../../Engine/Plugins/AdvancedSessions/AdvancedSteamSessions/Binaries/Win64/UE4Editor-AdvancedSteamSessions.dll (API version 3944462).
LogModuleManager: Display: Found up-to-date module file ../../../Engine/Plugins/2D/Paper2D/Binaries/Win64/UE4Editor-Paper2D.dll (API version 3944462).
LogModuleManager: Display: Found up-to-date module file ../../../Engine/Plugins/2D/Paper2D/Binaries/Win64/UE4Editor-Paper2DEditor.dll (API version 3944462).
LogModuleManager: Display: Found up-to-date module file ../../../Engine/Plugins/2D/Paper2D/Binaries/Win64/UE4Editor-PaperSpriteSheetImporter.dll (API version 3944462).
LogModuleManager: Display: Found up-to-date module file ../../../Engine/Plugins/2D/Paper2D/Binaries/Win64/UE4Editor-PaperTiledImporter.dll (API version 3944462).
LogModuleManager: Display: Found up-to-date module file ../../../Engine/Plugins/2D/Paper2D/Binaries/Win64/UE4Editor-SmartSnapping.dll (API version 3944462).
LogModuleManager: Display: Found up-to-date module file ../../../Engine/Plugins/Blendables/LightPropagationVolume/Binaries/Win64/UE4Editor-LightPropagationVolumeRuntime.dll (API version 3944462).
LogModuleManager: Display: Found up-to-date module file ../../../Engine/Plugins/Blendables/LightPropagationVolume/Binaries/Win64/UE4Editor-LightPropagationVolumeEditor.dll (API version 3944462).
LogModuleManager: Display: Found up-to-date module file ../../../Engine/Plugins/Developer/CLionSourceCodeAccess/Binaries/Win64/UE4Editor-CLionSourceCodeAccess.dll (API version 3944462).
LogModuleManager: Display: Found up-to-date module file ../../../Engine/Plugins/Developer/GitSourceControl/Binaries/Win64/UE4Editor-GitSourceControl.dll (API version 3944462).
LogModuleManager: Display: Found up-to-date module file ../../../Engine/Plugins/Developer/PerforceSourceControl/Binaries/Win64/UE4Editor-PerforceSourceControl.dll (API version 3944462).
LogModuleManager: Display: Found up-to-date module file ../../../Engine/Plugins/Developer/SubversionSourceControl/Binaries/Win64/UE4Editor-SubversionSourceControl.dll (API version 3944462).
LogModuleManager: Display: Found up-to-date module file ../../../Engine/Plugins/Developer/UObjectPlugin/Binaries/Win64/UE4Editor-UObjectPlugin.dll (API version 3944462).
LogModuleManager: Display: Found up-to-date module file ../../../Engine/Plugins/Developer/VisualStudioCodeSourceCodeAccess/Binaries/Win64/UE4Editor-VisualStudioCodeSourceCodeAccess.dll (API version 3944462).
LogModuleManager: Display: Found up-to-date module file ../../../Engine/Plugins/Developer/VisualStudioSourceCodeAccess/Binaries/Win64/UE4Editor-VisualStudioSourceCodeAccess.dll (API version 3944462).
LogModuleManager: Display: Found up-to-date module file ../../../Engine/Plugins/Editor/AssetManagerEditor/Binaries/Win64/UE4Editor-AssetManagerEditor.dll (API version 3944462).
LogModuleManager: Display: Found up-to-date module file ../../../Engine/Plugins/Editor/CryptoKeys/Binaries/Win64/UE4Editor-CryptoKeys.dll (API version 3944462).
LogModuleManager: Display: Found up-to-date module file ../../../Engine/Plugins/Editor/CryptoKeys/Binaries/Win64/UE4Editor-CryptoKeysOpenSSL.dll (API version 3944462).
LogModuleManager: Display: Found up-to-date module file ../../../Engine/Plugins/Editor/DataValidation/Binaries/Win64/UE4Editor-DataValidation.dll (API version 3944462).
LogModuleManager: Display: Found up-to-date module file ../../../Engine/Plugins/Editor/FacialAnimation/Binaries/Win64/UE4Editor-FacialAnimation.dll (API version 3944462).
LogModuleManager: Display: Found up-to-date module file ../../../Engine/Plugins/Editor/FacialAnimation/Binaries/Win64/UE4Editor-FacialAnimationEditor.dll (API version 3944462).
LogModuleManager: Display: Found up-to-date module file ../../../Engine/Plugins/Editor/GameplayTagsEditor/Binaries/Win64/UE4Editor-GameplayTagsEditor.dll (API version 3944462).
LogModuleManager: Display: Found up-to-date module file ../../../Engine/Plugins/Editor/MobileLauncherProfileWizard/Binaries/Win64/UE4Editor-MobileLauncherProfileWizard.dll (API version 3944462).
LogModuleManager: Display: Found up-to-date module file ../../../Engine/Plugins/Editor/PluginBrowser/Binaries/Win64/UE4Editor-PluginBrowser.dll (API version 3944462).
LogModuleManager: Display: Found up-to-date module file ../../../Engine/Plugins/Editor/SpeedTreeImporter/Binaries/Win64/UE4Editor-SpeedTreeImporter.dll (API version 3944462).
LogModuleManager: Display: Found up-to-date module file ../../../Engine/Plugins/Enterprise/DatasmithContent/Binaries/Win64/UE4Editor-DatasmithContent.dll (API version 3944462).
LogModuleManager: Display: Found up-to-date module file ../../../Engine/Plugins/Experimental/AlembicImporter/Binaries/Win64/UE4Editor-AlembicImporter.dll (API version 3944462).
LogModuleManager: Display: Found up-to-date module file ../../../Engine/Plugins/Experimental/AlembicImporter/Binaries/Win64/UE4Editor-AlembicLibrary.dll (API version 3944462).
LogModuleManager: Display: Found up-to-date module file ../../../Engine/Plugins/Experimental/CharacterAI/Binaries/Win64/UE4Editor-CharacterAI.dll (API version 3944462).
LogModuleManager: Display: Found up-to-date module file ../../../Engine/Plugins/Experimental/HTML5Networking/Binaries/Win64/UE4Editor-HTML5Networking.dll (API version 3944462).
LogModuleManager: Display: Found up-to-date module file ../../../Engine/Plugins/Media/AndroidMedia/Binaries/Win64/UE4Editor-AndroidMediaEditor.dll (API version 3944462).
LogModuleManager: Display: Found up-to-date module file ../../../Engine/Plugins/Media/AndroidMedia/Binaries/Win64/UE4Editor-AndroidMediaFactory.dll (API version 3944462).
LogModuleManager: Display: Found up-to-date module file ../../../Engine/Plugins/Media/AvfMedia/Binaries/Win64/UE4Editor-AvfMediaEditor.dll (API version 3944462).
LogModuleManager: Display: Found up-to-date module file ../../../Engine/Plugins/Media/AvfMedia/Binaries/Win64/UE4Editor-AvfMediaFactory.dll (API version 3944462).
LogModuleManager: Display: Found up-to-date module file ../../../Engine/Plugins/Media/AvfMedia/Binaries/Win64/UE4Editor-AvfMediaFactory.dll (API version 3944462).
LogModuleManager: Display: Found up-to-date module file ../../../Engine/Plugins/Media/ImgMedia/Binaries/Win64/UE4Editor-ImgMedia.dll (API version 3944462).
LogModuleManager: Display: Found up-to-date module file ../../../Engine/Plugins/Media/ImgMedia/Binaries/Win64/UE4Editor-ImgMediaEditor.dll (API version 3944462).
LogModuleManager: Display: Found up-to-date module file ../../../Engine/Plugins/Media/ImgMedia/Binaries/Win64/UE4Editor-ImgMediaFactory.dll (API version 3944462).
LogModuleManager: Display: Found up-to-date module file ../../../Engine/Plugins/Media/ImgMedia/Binaries/Win64/UE4Editor-ImgMediaFactory.dll (API version 3944462).
LogModuleManager: Display: Found up-to-date module file ../../../Engine/Plugins/Media/ImgMedia/Binaries/Win64/UE4Editor-OpenExrWrapper.dll (API version 3944462).
LogModuleManager: Display: Found up-to-date module file ../../../Engine/Plugins/Media/LinearTimecode/Binaries/Win64/UE4Editor-LinearTimecode.dll (API version 3944462).
LogModuleManager: Display: Found up-to-date module file ../../../Engine/Plugins/Media/MediaCompositing/Binaries/Win64/UE4Editor-MediaCompositing.dll (API version 3944462).
LogModuleManager: Display: Found up-to-date module file ../../../Engine/Plugins/Media/MediaCompositing/Binaries/Win64/UE4Editor-MediaCompositingEditor.dll (API version 3944462).
LogModuleManager: Display: Found up-to-date module file ../../../Engine/Plugins/Media/MediaPlayerEditor/Binaries/Win64/UE4Editor-MediaPlayerEditor.dll (API version 3944462).
LogModuleManager: Display: Found up-to-date module file ../../../Engine/Plugins/Media/WmfMedia/Binaries/Win64/UE4Editor-WmfMedia.dll (API version 3944462).
LogModuleManager: Display: Found up-to-date module file ../../../Engine/Plugins/Media/WmfMedia/Binaries/Win64/UE4Editor-WmfMediaEditor.dll (API version 3944462).
LogModuleManager: Display: Found up-to-date module file ../../../Engine/Plugins/Media/WmfMedia/Binaries/Win64/UE4Editor-WmfMediaFactory.dll (API version 3944462).
LogModuleManager: Display: Found up-to-date module file ../../../Engine/Plugins/Media/WmfMedia/Binaries/Win64/UE4Editor-WmfMediaFactory.dll (API version 3944462).
LogModuleManager: Display: Found up-to-date module file ../../../Engine/Plugins/Messaging/TcpMessaging/Binaries/Win64/UE4Editor-TcpMessaging.dll (API version 3944462).
LogModuleManager: Display: Found up-to-date module file ../../../Engine/Plugins/Messaging/UdpMessaging/Binaries/Win64/UE4Editor-UdpMessaging.dll (API version 3944462).
LogModuleManager: Display: Found up-to-date module file ../../../Engine/Plugins/MovieScene/ActorSequence/Binaries/Win64/UE4Editor-ActorSequence.dll (API version 3944462).
LogModuleManager: Display: Found up-to-date module file ../../../Engine/Plugins/MovieScene/LevelSequenceEditor/Binaries/Win64/UE4Editor-LevelSequenceEditor.dll (API version 3944462).
LogModuleManager: Display: Found up-to-date module file ../../../Engine/Plugins/MovieScene/MatineeToLevelSequence/Binaries/Win64/UE4Editor-MatineeToLevelSequence.dll (API version 3944462).
LogModuleManager: Display: Found up-to-date module file ../../../Engine/Plugins/NetcodeUnitTest/NetcodeUnitTest/Binaries/Win64/UE4Editor-NetcodeUnitTest.dll (API version 3944462).
LogModuleManager: Display: Found up-to-date module file ../../../Engine/Plugins/NetcodeUnitTest/NUTUnrealEngine4/Binaries/Win64/UE4Editor-NUTUnrealEngine4.dll (API version 3944462).
LogModuleManager: Display: Found up-to-date module file ../../../Engine/Plugins/Runtime/AndroidPermission/Binaries/Win64/UE4Editor-AndroidPermission.dll (API version 3944462).
LogModuleManager: Display: Found up-to-date module file ../../../Engine/Plugins/Online/OnlineSubsystemNull/Binaries/Win64/UE4Editor-OnlineSubsystemNull.dll (API version 3944462).
LogModuleManager: Display: Found up-to-date module file ../../../Engine/Plugins/Runtime/AndroidDeviceProfileSelector/Binaries/Win64/UE4Editor-AndroidDeviceProfileSelector.dll (API version 3944462).
LogModuleManager: Display: Found up-to-date module file ../../../Engine/Plugins/Runtime/AppleARKit/Binaries/Win64/UE4Editor-AppleARKit.dll (API version 3944462).
LogModuleManager: Display: Found up-to-date module file ../../../Engine/Plugins/Runtime/ProceduralMeshComponent/Binaries/Win64/UE4Editor-ProceduralMeshComponent.dll (API version 3944462).
LogModuleManager: Display: Found up-to-date module file ../../../Engine/Plugins/Runtime/ProceduralMeshComponent/Binaries/Win64/UE4Editor-ProceduralMeshComponentEditor.dll (API version 3944462).
LogModuleManager: Display: Found up-to-date module file ../../../Engine/Plugins/Animation/LiveLink/Binaries/Win64/UE4Editor-LiveLink.dll (API version 3944462).
LogModuleManager: Display: Found up-to-date module file ../../../Engine/Plugins/Animation/LiveLink/Binaries/Win64/UE4Editor-LiveLinkEditor.dll (API version 3944462).
LogModuleManager: Display: Found up-to-date module file ../../../Engine/Plugins/Runtime/ArchVisCharacter/Binaries/Win64/UE4Editor-ArchVisCharacter.dll (API version 3944462).
LogModuleManager: Display: Found up-to-date module file ../../../Engine/Plugins/Runtime/AudioCapture/Binaries/Win64/UE4Editor-AudioCapture.dll (API version 3944462).
LogModuleManager: Display: Found up-to-date module file ../../../Engine/Plugins/Runtime/AudioCapture/Binaries/Win64/UE4Editor-AudioCaptureEditor.dll (API version 3944462).
LogModuleManager: Display: Found up-to-date module file ../../../Engine/Plugins/Runtime/CableComponent/Binaries/Win64/UE4Editor-CableComponent.dll (API version 3944462).
LogModuleManager: Display: Found up-to-date module file ../../../Engine/Plugins/Runtime/CustomMeshComponent/Binaries/Win64/UE4Editor-CustomMeshComponent.dll (API version 3944462).
LogModuleManager: Display: Found up-to-date module file ../../../Engine/Plugins/Runtime/ExampleDeviceProfileSelector/Binaries/Win64/UE4Editor-ExampleDeviceProfileSelector.dll (API version 3944462).
LogModuleManager: Display: Found up-to-date module file ../../../Engine/Plugins/Runtime/ImmediatePhysics/Binaries/Win64/UE4Editor-ImmediatePhysics.dll (API version 3944462).
LogModuleManager: Display: Found up-to-date module file ../../../Engine/Plugins/Runtime/ImmediatePhysics/Binaries/Win64/UE4Editor-ImmediatePhysicsEditor.dll (API version 3944462).
LogModuleManager: Display: Found up-to-date module file ../../../Engine/Plugins/Runtime/LocationServicesBPLibrary/Binaries/Win64/UE4Editor-LocationServicesBPLibrary.dll (API version 3944462).
LogModuleManager: Display: Found up-to-date module file ../../../Engine/Plugins/Runtime/MobilePatchingUtils/Binaries/Win64/UE4Editor-MobilePatchingUtils.dll (API version 3944462).
LogModuleManager: Display: Found up-to-date module file ../../../Engine/Plugins/Runtime/Oculus/OculusVR/Binaries/Win64/UE4Editor-OculusHMD.dll (API version 3944462).
LogModuleManager: Display: Found up-to-date module file ../../../Engine/Plugins/Runtime/Oculus/OculusVR/Binaries/Win64/UE4Editor-OculusInput.dll (API version 3944462).
LogModuleManager: Display: Found up-to-date module file ../../../Engine/Plugins/Runtime/Oculus/OculusVR/Binaries/Win64/UE4Editor-OculusEditor.dll (API version 3944462).
LogModuleManager: Display: Found up-to-date module file ../../../Engine/Plugins/Runtime/PhysXVehicles/Binaries/Win64/UE4Editor-PhysXVehicles.dll (API version 3944462).
LogModuleManager: Display: Found up-to-date module file ../../../Engine/Plugins/Runtime/PhysXVehicles/Binaries/Win64/UE4Editor-PhysXVehiclesEditor.dll (API version 3944462).
LogModuleManager: Display: Found up-to-date module file ../../../Engine/Plugins/Runtime/RuntimePhysXCooking/Binaries/Win64/UE4Editor-RuntimePhysXCooking.dll (API version 3944462).
LogModuleManager: Display: Found up-to-date module file ../../../Engine/Plugins/Runtime/Steam/SteamVR/Binaries/Win64/UE4Editor-SteamVR.dll (API version 3944462).
LogModuleManager: Display: Found up-to-date module file ../../../Engine/Plugins/Runtime/Steam/SteamVR/Binaries/Win64/UE4Editor-SteamVRController.dll (API version 3944462).
LogModuleManager: Display: Found up-to-date module file ../../../Engine/Plugins/Runtime/WindowsMoviePlayer/Binaries/Win64/UE4Editor-WindowsMoviePlayer.dll (API version 3944462).
LogPluginManager: Mounting plugin Paper2D
LogPluginManager: Mounting plugin AdvancedSessions
LogPluginManager: Mounting plugin AdvancedSteamSessions
LogPluginManager: Mounting plugin LiveLink
LogPluginManager: Mounting plugin LightPropagationVolume
LogPluginManager: Mounting plugin CLionSourceCodeAccess
LogPluginManager: Mounting plugin CodeLiteSourceCodeAccess
LogPluginManager: Mounting plugin GitSourceControl
LogPluginManager: Mounting plugin KDevelopSourceCodeAccess
LogPluginManager: Mounting plugin NullSourceCodeAccess
LogPluginManager: Mounting plugin PerforceSourceControl
LogPluginManager: Mounting plugin SubversionSourceControl
LogPluginManager: Mounting plugin UObjectPlugin
LogPluginManager: Mounting plugin VisualStudioCodeSourceCodeAccess
LogPluginManager: Mounting plugin VisualStudioSourceCodeAccess
LogPluginManager: Mounting plugin XCodeSourceCodeAccess
LogPluginManager: Mounting plugin AssetManagerEditor
LogPluginManager: Mounting plugin CryptoKeys
LogPluginManager: Mounting plugin DataValidation
LogPluginManager: Mounting plugin FacialAnimation
LogPluginManager: Mounting plugin GameplayTagsEditor
LogPluginManager: Mounting plugin MobileLauncherProfileWizard
LogPluginManager: Mounting plugin PluginBrowser
LogPluginManager: Mounting plugin SpeedTreeImporter
LogPluginManager: Mounting plugin DatasmithContent
LogPluginManager: Mounting plugin AlembicImporter
LogPluginManager: Mounting plugin CharacterAI
LogPluginManager: Mounting plugin HTML5Networking
LogPluginManager: Mounting plugin AndroidMedia
LogPluginManager: Mounting plugin AvfMedia
LogPluginManager: Mounting plugin ImgMedia
LogPluginManager: Mounting plugin LinearTimecode
LogPluginManager: Mounting plugin MediaCompositing
LogPluginManager: Mounting plugin MediaPlayerEditor
LogPluginManager: Mounting plugin WmfMedia
LogPluginManager: Mounting plugin TcpMessaging
LogPluginManager: Mounting plugin UdpMessaging
LogPluginManager: Mounting plugin ActorSequence
LogPluginManager: Mounting plugin LevelSequenceEditor
LogPluginManager: Mounting plugin MatineeToLevelSequence
LogPluginManager: Mounting plugin NetcodeUnitTest
LogPluginManager: Mounting plugin NUTUnrealEngine4
LogPluginManager: Mounting plugin OnlineSubsystemGooglePlay
LogPluginManager: Mounting plugin OnlineSubsystemIOS
LogPluginManager: Mounting plugin OnlineSubsystem
LogPluginManager: Mounting plugin OnlineSubsystemNull
LogPluginManager: Mounting plugin OnlineSubsystemSteam
LogPluginManager: Mounting plugin OnlineSubsystemUtils
LogPluginManager: Mounting plugin AndroidDeviceProfileSelector
LogPluginManager: Mounting plugin AndroidMoviePlayer
LogPluginManager: Mounting plugin AndroidPermission
LogPluginManager: Mounting plugin ApexDestruction
LogPluginManager: Mounting plugin AppleARKit
LogPluginManager: Mounting plugin AppleMoviePlayer
LogPluginManager: Mounting plugin ArchVisCharacter
LogPluginManager: Mounting plugin AudioCapture
LogPluginManager: Mounting plugin CableComponent
LogPluginManager: Mounting plugin CustomMeshComponent
LogPluginManager: Mounting plugin ExampleDeviceProfileSelector
LogPluginManager: Mounting plugin GoogleCloudMessaging
LogPluginManager: Mounting plugin ImmediatePhysics
LogPluginManager: Mounting plugin IOSDeviceProfileSelector
LogPluginManager: Mounting plugin LinuxDeviceProfileSelector
LogPluginManager: Mounting plugin LocationServicesBPLibrary
LogPluginManager: Mounting plugin MobilePatchingUtils
LogPluginManager: Mounting plugin OculusVR
LogPluginManager: Plugin shader directory ../../../Engine/Plugins/Runtime/Oculus/OculusVR/Shaders found
LogPluginManager: Mapping shader source directory ../../../Engine/Plugins/Runtime/Oculus/OculusVR/Shaders to virtual directory /Plugin/OculusVR
LogPluginManager: Mounting plugin PhysXVehicles
LogPluginManager: Mounting plugin ProceduralMeshComponent
LogPluginManager: Mounting plugin RuntimePhysXCooking
LogPluginManager: Mounting plugin SteamVR
LogPluginManager: Mounting plugin WindowsMoviePlayer
LogPluginManager: Mounting plugin VictoryBPLibrary
LogStreaming: Display: Took  0.778s to configure plugins.
LogInit: Using libcurl 7.47.1
LogInit:  - built for x86_64-pc-win32
LogInit:  - supports SSL with OpenSSL/1.0.2g
LogInit:  - supports HTTP deflate (compression) using libz 1.2.8
LogInit:  - other features:
LogInit:      CURL_VERSION_SSL
LogInit:      CURL_VERSION_LIBZ
LogInit:      CURL_VERSION_IPV6
LogInit:      CURL_VERSION_ASYNCHDNS
LogInit:      CURL_VERSION_LARGEFILE
LogInit:      CURL_VERSION_IDN
LogInit:  CurlRequestOptions (configurable via config and command line):
LogInit:  - bVerifyPeer = false  - Libcurl will NOT verify peer certificate
LogInit:  - bUseHttpProxy = false  - Libcurl will NOT use HTTP proxy
LogInit:  - bDontReuseConnections = false  - Libcurl will reuse connections
LogInit:  - CertBundlePath = nullptr  - Libcurl will use whatever was configured at build time.
LogInit:  - MaxHostConnections = 16  - Libcurl will limit the number of connections to a host
LogInit:  - LocalHostAddr = Default
LogOnline: Display: STEAM: Loading Steam SDK 1.39
LogWindows: Failed to load '../../../Engine/Binaries/ThirdParty/Steamworks/Steamv139/Win64/steamclient64.dll' (GetLastError=126)
LogWindows: File '../../../Engine/Binaries/ThirdParty/Steamworks/Steamv139/Win64/steamclient64.dll' does not exist
LogOnline: Warning: STEAM: Steam API disabled!
LogOnline: Display: STEAM: OnlineSubsystemSteam::Shutdown()
LogInit: WinSock: version 1.1 (2.2), MaxSocks=32767, MaxUdp=65467
LogInit: WinSock: I am DESKTOP-LI0N2FC (192.168.29.155:0)
LogInit: Build: ++UE4+Release-4.19-CL-4033788
LogInit: Engine Version: 4.19.2-4033788+++UE4+Release-4.19
LogInit: Compatible Engine Version: 4.19.0-3944462+++UE4+Release-4.19
LogInit: Net CL: 3944462
LogDevObjectVersion: Number of dev versions registered: 18
LogDevObjectVersion:   Dev-Blueprints (B0D832E4-1F89-4F0D-ACCF-7EB736FD4AA2): 10
LogDevObjectVersion:   Dev-Build (E1C64328-A22C-4D53-A36C-8E866417BD8C): 0
LogDevObjectVersion:   Dev-Core (375EC13C-06E4-48FB-B500-84F0262A717E): 2
LogDevObjectVersion:   Dev-Editor (E4B068ED-F494-42E9-A231-DA0B2E46BB41): 23
LogDevObjectVersion:   Dev-Framework (CFFC743F-43B0-4480-9391-14DF171D2073): 33
LogDevObjectVersion:   Dev-Mobile (B02B49B5-BB20-44E9-A304-32B752E40360): 2
LogDevObjectVersion:   Dev-Networking (A4E4105C-59A1-49B5-A7C5-40C4547EDFEE): 0
LogDevObjectVersion:   Dev-Online (39C831C9-5AE6-47DC-9A44-9C173E1C8E7C): 0
LogDevObjectVersion:   Dev-Physics (78F01B33-EBEA-4F98-B9B4-84EACCB95AA2): 0
LogDevObjectVersion:   Dev-Platform (6631380F-2D4D-43E0-8009-CF276956A95A): 0
LogDevObjectVersion:   Dev-Rendering (12F88B9F-8875-4AFC-A67C-D90C383ABD29): 25
LogDevObjectVersion:   Dev-Sequencer (7B5AE74C-D270-4C10-A958-57980B212A5A): 6
LogDevObjectVersion:   Dev-VR (D7296918-1DD6-4BDD-9DE2-64A83CC13884): 1
LogDevObjectVersion:   Dev-LoadTimes (C2A15278-BFE7-4AFE-6C17-90FF531DF755): 1
LogDevObjectVersion:   Private-Geometry (6EACA3D4-40EC-4CC1-B786-8BED09428FC5): 2
LogDevObjectVersion:   Dev-AnimPhys (29E575DD-E0A3-4627-9D10-D276232CDCEA): 16
LogDevObjectVersion:   Dev-ReflectionCapture (6B266CEC-1EC7-4B8F-A30B-E4D90942FC07): 1
LogDevObjectVersion:   Dev-Automation (0DF73D61-A23F-47EA-B727-89E90C41499A): 1
LogInit: Compiled (64-bit): Apr 27 2018 02:06:57
LogInit: Compiled with Visual C++: 19.00.24215.01
LogInit: Build Configuration: Development
LogInit: Branch Name: ++UE4+Release-4.19
LogInit: Command Line:  /Game/Maps/Arena01 -game -PIEVIACONSOLE -ResX=640 -ResY=480  -Multiprocess -messaging -SessionName="Play in Standalone Game" -port=17777 -windowed GameUserSettingsINI="G:/DarkActive/Unreal Projects/DarkCrystalstutter/Saved/Config/Windows/PIEGameUserSettings0.ini" -MultiprocessSaveConfig  -MultiprocessOSS -server -log 
LogInit: Base Directory: G:/Epic Games/UE_4.19/Engine/Binaries/Win64/
LogInit: Installed Engine Build: 1
LogStreaming: Display: Took  0.008s to delete old logs.
LogInit: Presizing for max 8388607 objects, including 0 objects not considered by GC, pre-allocating 0 bytes for permanent pool.
LogInit: Object subsystem initialized
[2018.08.21-15.14.32:865][  0]LogInit: Selected Device Profile: [Windows]
[2018.08.21-15.14.32:865][  0]LogInit: Applying CVar settings loaded from the selected device profile: [Windows]
[2018.08.21-15.14.32:870][  0]LogInit: Computer: DESKTOP-LI0N2FC
[2018.08.21-15.14.32:870][  0]LogInit: User: Kappa
[2018.08.21-15.14.32:870][  0]LogInit: CPU Page size=4096, Cores=4
[2018.08.21-15.14.32:870][  0]LogInit: High frequency timer resolution =4.101571 MHz
[2018.08.21-15.14.32:871][  0]LogMemory: Memory total: Physical=31.9GB (32GB approx)
[2018.08.21-15.14.32:871][  0]LogMemory: Platform Memory Stats for Windows
[2018.08.21-15.14.32:871][  0]LogMemory: Process Physical Memory: 276.38 MB used, 276.38 MB peak
[2018.08.21-15.14.32:871][  0]LogMemory: Process Virtual Memory: 276.45 MB used, 276.45 MB peak
[2018.08.21-15.14.32:871][  0]LogMemory: Physical Memory: 13404.78 MB used,  19288.03 MB free, 32692.81 MB total
[2018.08.21-15.14.32:872][  0]LogMemory: Virtual Memory: 4801.96 MB used,  19288.03 MB free, 134217728.00 MB total
[2018.08.21-15.14.32:887][  0]LogInit: Using OS detected language (en-US).
[2018.08.21-15.14.32:887][  0]LogInit: Using OS detected locale (en-US).
[2018.08.21-15.14.32:889][  0]LogTextLocalizationManager: No localization for 'en-US' exists, so 'en' will be used for the language.
[2018.08.21-15.14.32:889][  0]LogTextLocalizationManager: No localization for 'en-US' exists, so 'en' will be used for the locale.
[2018.08.21-15.14.33:229][  0]LogStreaming: Display: Took  0.343s to EndInitTextLocalization.
[2018.08.21-15.14.33:244][  0]LogShaderCompilers: Guid format shader working directory is -13 characters bigger than the processId version (../../../../../DarkActive/Unreal Projects/DarkCrystalstutter/Intermediate/Shaders/WorkingDirectory/220/).
[2018.08.21-15.14.33:244][  0]LogShaderCompilers: Cleaned the shader compiler working directory 'C:/Users/Kappa/AppData/Local/Temp/UnrealShaderWorkingDir/DAEA8C014950D7FE8C28CE9668A0C885/'.
[2018.08.21-15.14.33:395][  0]LogTemp: Display: Loaded TP WindowsClientTargetPlatform
[2018.08.21-15.14.33:409][  0]LogTemp: Display: Loaded TP WindowsNoEditorTargetPlatform
[2018.08.21-15.14.33:423][  0]LogTemp: Display: Loaded TP WindowsServerTargetPlatform
[2018.08.21-15.14.33:437][  0]LogTemp: Display: Loaded TP WindowsTargetPlatform
[2018.08.21-15.14.33:437][  0]LogTargetPlatformManager: Display: Building Assets For Windows
[2018.08.21-15.14.33:516][  0]LogXGEController: Cannot use XGE Controller as Incredibuild is not installed on this machine.
[2018.08.21-15.14.33:516][  0]LogShaderCompilers: Cannot use XGE Shader Compiler as Incredibuild is not installed on this machine.
[2018.08.21-15.14.33:517][  0]LogShaderCompilers: Display: Using Local Shader Compiler.
[2018.08.21-15.14.33:892][  0]LogDerivedDataCache: Display: Max Cache Size: 512 MB
[2018.08.21-15.14.33:945][  0]LogDerivedDataCache: Loaded boot cache 0.05s 74MB C:/Users/Kappa/AppData/Local/UnrealEngine/4.19/DerivedDataCache/Boot.ddc.
[2018.08.21-15.14.33:945][  0]LogDerivedDataCache: Display: Loaded Boot cache: C:/Users/Kappa/AppData/Local/UnrealEngine/4.19/DerivedDataCache/Boot.ddc
[2018.08.21-15.14.33:946][  0]LogDerivedDataCache: FDerivedDataBackendGraph:  Pak pak cache file ../../../../../DarkActive/Unreal Projects/DarkCrystalstutter/DerivedDataCache/DDC.ddp not found, will not use a pak cache.
[2018.08.21-15.14.33:946][  0]LogDerivedDataCache: Unable to find inner node Pak for hierarchical cache Hierarchy.
[2018.08.21-15.14.33:947][  0]LogDerivedDataCache: FDerivedDataBackendGraph:  CompressedPak pak cache file ../../../../../DarkActive/Unreal Projects/DarkCrystalstutter/DerivedDataCache/Compressed.ddp not found, will not use a pak cache.
[2018.08.21-15.14.33:947][  0]LogDerivedDataCache: Unable to find inner node CompressedPak for hierarchical cache Hierarchy.
[2018.08.21-15.14.33:959][  0]LogDerivedDataCache: Display: Pak cache opened for reading ../../../Engine/DerivedDataCache/Compressed.ddp.
[2018.08.21-15.14.33:971][  0]LogDerivedDataCache: Using Local data cache path C:/Users/Kappa/AppData/Local/UnrealEngine/Common/DerivedDataCache: Writable
[2018.08.21-15.14.33:971][  0]LogDerivedDataCache: Shared data cache path not found in *engine.ini, will not use an Shared cache.
[2018.08.21-15.14.33:971][  0]LogDerivedDataCache: Unable to find inner node Shared for hierarchical cache Hierarchy.
[2018.08.21-15.14.34:006][  0]LogAssetRegistry: FAssetRegistry took 0.0043 seconds to start up
[2018.08.21-15.14.34:178][  0]LogPackageLocalizationCache: Processed 9 localized package path(s) for 1 prioritized culture(s) in 0.011359 seconds
[2018.08.21-15.14.34:264][  0]LogInit: Selected Device Profile: [Windows]
[2018.08.21-15.14.34:306][  0]LogSimplygon: Simplygon DLL not present - disabling.
[2018.08.21-15.14.34:308][  0]LogMeshReduction: Using SimplygonSwarm for distributed automatic mesh merging
[2018.08.21-15.14.34:309][  0]LogMeshReduction: Using QuadricMeshReduction for automatic static mesh reduction
[2018.08.21-15.14.34:309][  0]LogMeshReduction: No automatic skeletal mesh reduction module available
[2018.08.21-15.14.34:310][  0]LogMeshReduction: No automatic mesh merging module available
[2018.08.21-15.14.34:310][  0]LogMeshMerging: No automatic mesh merging module available
[2018.08.21-15.14.34:325][  0]LogNetVersion: DarkCrystalstutter , NetCL: 3944462, EngineNetVer: 2, GameNetVer: 0 (Checksum: 1586386174)
[2018.08.21-15.14.34:661][  0]LogTcpMessaging: Initializing TcpMessaging bridge
[2018.08.21-15.14.34:685][  0]LogUdpMessaging: Initializing bridge on interface 0.0.0.0:0 to multicast group 230.0.0.1:6666.
[2018.08.21-15.14.34:780][  0]LogCollectionManager: Loaded 0 collections in 0.000971 seconds
[2018.08.21-15.14.34:814][  0]LogFileCache: Scanning file cache for directory 'G:/DarkActive/Unreal Projects/DarkCrystalstutter/Saved/Collections/' took 0.01s
[2018.08.21-15.14.34:814][  0]LogFileCache: Scanning file cache for directory 'G:/DarkActive/Unreal Projects/DarkCrystalstutter/Content/Developers/Kappa/Collections/' took 0.01s
[2018.08.21-15.14.34:815][  0]LogFileCache: Scanning file cache for directory 'G:/DarkActive/Unreal Projects/DarkCrystalstutter/Content/Collections/' took 0.01s
[2018.08.21-15.14.34:815][  0]LogCollectionManager: Rebuilt the object cache for 0 collections in 0.000000 seconds (found 0 objects)
[2018.08.21-15.14.34:815][  0]LogCollectionManager: Fixed up redirectors for 0 collections in 0.001177 seconds (updated 0 objects)
[2018.08.21-15.14.34:934][  0]SourceControl: Source control is disabled
[2018.08.21-15.14.34:935][  0]SourceControl: Source control is disabled
[2018.08.21-15.14.34:946][  0]SourceControl: Source control is disabled
[2018.08.21-15.14.35:190][  0]LogAndroidPermission: UAndroidPermissionCallbackProxy::GetInstance
[2018.08.21-15.14.35:291][  0]LogOcInput: OculusInput pre-init called
[2018.08.21-15.14.35:318][  0]LogUObjectArray: 41286 objects as part of root set at end of initial load.
[2018.08.21-15.14.35:319][  0]LogUObjectAllocator: 8567600 out of 0 bytes used by permanent object pool.
[2018.08.21-15.14.35:319][  0]LogUObjectArray: CloseDisregardForGC: 0/0 objects in disregard for GC pool
[2018.08.21-15.14.35:348][  0]LogEngine: Initializing Engine...
[2018.08.21-15.14.35:350][  0]LogStats: UGameplayTagsManager::ConstructGameplayTagTree: Construct from data asset -  0.000 s
[2018.08.21-15.14.35:350][  0]LogStats: UGameplayTagsManager::ConstructGameplayTagTree: GameplayTagTreeChangedEvent.Broadcast -  0.000 s
[2018.08.21-15.14.35:372][  0]LogInit: Texture streaming: Disabled
[2018.08.21-15.14.35:416][  0]LogUObjectGlobals: Created PersistentFrame Addr=0x000002c75db32c00, Size=624, Default__GameInfoInstance_C Function /Game/Blueprints/AllLevels/GameInfoInstance.GameInfoInstance_C:ExecuteUbergraph_GameInfoInstance
[2018.08.21-15.14.35:419][  0]LogUObjectGlobals: Created PersistentFrame Addr=0x000002c76c585530, Size=40, Default__ErrorDialog_C Function /Game/UI/MainMenu/ErrorDialog.ErrorDialog_C:ExecuteUbergraph_ErrorDialog
[2018.08.21-15.14.35:426][  0]LogUObjectGlobals: Created PersistentFrame Addr=0x000002c76a72ff60, Size=80, Default__HostMenu_C Function /Game/UI/MainMenu/HostMenu.HostMenu_C:ExecuteUbergraph_HostMenu
[2018.08.21-15.14.35:434][  0]LogUObjectGlobals: Created PersistentFrame Addr=0x000002c76c5855d0, Size=40, Default__MainMenu_C Function /Game/UI/MainMenu/MainMenu.MainMenu_C:ExecuteUbergraph_MainMenu
[2018.08.21-15.14.35:440][  0]LogUObjectGlobals: Created PersistentFrame Addr=0x000002c76a70abe0, Size=104, Default__OptionsMenu_C Function /Game/UI/MainMenu/OptionsMenu.OptionsMenu_C:ExecuteUbergraph_OptionsMenu
[2018.08.21-15.14.35:457][  0]LogUObjectGlobals: Created PersistentFrame Addr=0x000002c76a6da200, Size=600, Default__ServerMenu_C Function /Game/UI/MainMenu/ServerMenu.ServerMenu_C:ExecuteUbergraph_ServerMenu
[2018.08.21-15.14.35:500][  0]LogUObjectGlobals: Destroyed PersistentFrame Addr=0x000002c75db32c00, Size=624
[2018.08.21-15.14.35:501][  0]LogUObjectGlobals: Created PersistentFrame Addr=0x000002c770718900, Size=624, Default__GameInfoInstance_C Function /Engine/Transient.REINST_GameInfoInstance_C_2:ExecuteUbergraph_GameInfoInstance
[2018.08.21-15.14.35:504][  0]LogUObjectGlobals: Destroyed PersistentFrame Addr=0x000002c76c585530, Size=40
[2018.08.21-15.14.35:504][  0]LogUObjectGlobals: Created PersistentFrame Addr=0x000002c76a6696c0, Size=40, Default__ErrorDialog_C Function /Engine/Transient.REINST_ErrorDialog_C_0:ExecuteUbergraph_ErrorDialog
[2018.08.21-15.14.35:506][  0]LogUObjectGlobals: Destroyed PersistentFrame Addr=0x000002c76a72ff60, Size=80
[2018.08.21-15.14.35:506][  0]LogUObjectGlobals: Created PersistentFrame Addr=0x000002c77034ec50, Size=80, Default__HostMenu_C Function /Engine/Transient.REINST_HostMenu_C_1:ExecuteUbergraph_HostMenu
[2018.08.21-15.14.35:508][  0]LogUObjectGlobals: Destroyed PersistentFrame Addr=0x000002c76c5855d0, Size=40
[2018.08.21-15.14.35:508][  0]LogUObjectGlobals: Created PersistentFrame Addr=0x000002c76a6695d0, Size=40, Default__MainMenu_C Function /Engine/Transient.REINST_MainMenu_C_3:ExecuteUbergraph_MainMenu
[2018.08.21-15.14.35:509][  0]LogUObjectGlobals: Destroyed PersistentFrame Addr=0x000002c76a70abe0, Size=104
[2018.08.21-15.14.35:509][  0]LogUObjectGlobals: Created PersistentFrame Addr=0x000002c77035ada0, Size=104, Default__OptionsMenu_C Function /Engine/Transient.REINST_OptionsMenu_C_4:ExecuteUbergraph_OptionsMenu
[2018.08.21-15.14.35:510][  0]LogUObjectGlobals: Destroyed PersistentFrame Addr=0x000002c76a6da200, Size=600
[2018.08.21-15.14.35:510][  0]LogUObjectGlobals: Created PersistentFrame Addr=0x000002c770317d80, Size=600, Default__ServerMenu_C Function /Engine/Transient.REINST_ServerMenu_C_5:ExecuteUbergraph_ServerMenu
[2018.08.21-15.14.35:539][  0]LogUObjectGlobals: Created PersistentFrame Addr=0x000002c77010d580, Size=624, Default__GameInfoInstance_C Function /Game/Blueprints/AllLevels/GameInfoInstance.GameInfoInstance_C:ExecuteUbergraph_GameInfoInstance
[2018.08.21-15.14.35:541][  0]LogUObjectGlobals: Created PersistentFrame Addr=0x000002c76a669d50, Size=40, Default__ErrorDialog_C Function /Game/UI/MainMenu/ErrorDialog.ErrorDialog_C:ExecuteUbergraph_ErrorDialog
[2018.08.21-15.14.35:545][  0]LogUObjectGlobals: Created PersistentFrame Addr=0x000002c7700e8bd0, Size=80, Default__HostMenu_C Function /Game/UI/MainMenu/HostMenu.HostMenu_C:ExecuteUbergraph_HostMenu
[2018.08.21-15.14.35:546][  0]LogUObjectGlobals: Created PersistentFrame Addr=0x000002c76a66a728, Size=40, Default__MainMenu_C Function /Game/UI/MainMenu/MainMenu.MainMenu_C:ExecuteUbergraph_MainMenu
[2018.08.21-15.14.35:548][  0]LogUObjectGlobals: Created PersistentFrame Addr=0x000002c770063970, Size=104, Default__OptionsMenu_C Function /Game/UI/MainMenu/OptionsMenu.OptionsMenu_C:ExecuteUbergraph_OptionsMenu
[2018.08.21-15.14.35:551][  0]LogUObjectGlobals: Created PersistentFrame Addr=0x000002c770082e80, Size=592, Default__ServerMenu_C Function /Game/UI/MainMenu/ServerMenu.ServerMenu_C:ExecuteUbergraph_ServerMenu
[2018.08.21-15.14.35:574][  0]LogInit: Display: Game Engine Initialized.
[2018.08.21-15.14.35:574][  0]LogGameplayTags: Display: UGameplayTagsManager::DoneAddingNativeTags. DelegateIsBound: 0
[2018.08.21-15.14.35:574][  0]LogStats: UGameplayTagsManager::ConstructGameplayTagTree: Construct from data asset -  0.000 s
[2018.08.21-15.14.35:575][  0]LogStats: UGameplayTagsManager::ConstructGameplayTagTree: GameplayTagTreeChangedEvent.Broadcast -  0.000 s
[2018.08.21-15.14.35:640][  0]LogInit: Display: Starting Game.
[2018.08.21-15.14.35:640][  0]LogNet: Browse: /Game/Maps/Arena01?Name=Player
[2018.08.21-15.14.35:641][  0]LogLoad: LoadMap: /Game/Maps/Arena01?Name=Player
[2018.08.21-15.14.35:656][  0]LogUObjectGlobals: Destroyed PersistentFrame Addr=0x000002c770718900, Size=624
[2018.08.21-15.14.35:656][  0]LogUObjectGlobals: Destroyed PersistentFrame Addr=0x000002c76a6696c0, Size=40
[2018.08.21-15.14.35:657][  0]LogUObjectGlobals: Destroyed PersistentFrame Addr=0x000002c77034ec50, Size=80
[2018.08.21-15.14.35:657][  0]LogUObjectGlobals: Destroyed PersistentFrame Addr=0x000002c76a6695d0, Size=40
[2018.08.21-15.14.35:657][  0]LogUObjectGlobals: Destroyed PersistentFrame Addr=0x000002c77035ada0, Size=104
[2018.08.21-15.14.35:657][  0]LogUObjectGlobals: Destroyed PersistentFrame Addr=0x000002c770317d80, Size=600
[2018.08.21-15.14.35:690][  0]LogUObjectGlobals: Created PersistentFrame Addr=0x000002c7700b4800, Size=256, Default__GameplayGM_C Function /Game/Blueprints/Gameplay/GameplayGM.GameplayGM_C:ExecuteUbergraph_GameplayGM
[2018.08.21-15.14.35:697][  0]LogLinker: Can't find file '/Game/Blueprints/Characters/Female/Kachujin/Animations/Montages/AM_Roll'
[2018.08.21-15.14.35:698][  0]LogLinker: Can't find file '/Game/Blueprints/Characters/Female/Kachujin/Animations/Montages/AM_Roll'
[2018.08.21-15.14.35:699][  0]LogUObjectGlobals: Created PersistentFrame Addr=0x000002c77071a700, Size=544, Default__0_Base_C Function /Game/Blueprints/Characters/0_Base.0_Base_C:ExecuteUbergraph_0_Base
[2018.08.21-15.14.35:714][  0]LogUObjectGlobals: Created PersistentFrame Addr=0x000002c7701ec680, Size=32, Default__ABP_WoodenBow_C Function /Game/Blueprints/Items/Weapons/WoodenBow/ABP_WoodenBow.ABP_WoodenBow_C:ExecuteUbergraph_ABP_WoodenBow
[2018.08.21-15.14.35:720][  0]LogUObjectGlobals: Created PersistentFrame Addr=0x000002c76a72f330, Size=72, Default__BPC_MontageManager_C Function /Game/Blueprints/Components/BPC_MontageManager.BPC_MontageManager_C:ExecuteUbergraph_BPC_MontageManager
[2018.08.21-15.14.35:738][  0]LogUObjectGlobals: Created PersistentFrame Addr=0x000002c770051600, Size=2528, Default__GameplayPC_C Function /Game/Blueprints/Gameplay/GameplayPC.GameplayPC_C:ExecuteUbergraph_GameplayPC
[2018.08.21-15.14.35:741][  0]LogUObjectGlobals: Created PersistentFrame Addr=0x000002c7702041c0, Size=96, Default__GameplayPS_C Function /Game/Blueprints/Gameplay/GameplayPS.GameplayPS_C:ExecuteUbergraph_GameplayPS
[2018.08.21-15.14.35:763][  0]LogUObjectGlobals: Created PersistentFrame Addr=0x000002c76ca65580, Size=320, Default__ChatWindow_C Function /Game/UI/AllLevels/ChatWindow.ChatWindow_C:ExecuteUbergraph_ChatWindow
[2018.08.21-15.14.35:766][  0]LogUObjectGlobals: Created PersistentFrame Addr=0x000002c76a6e3c80, Size=888, Default__LobbyPC_C Function /Game/Blueprints/Lobby/LobbyPC.LobbyPC_C:ExecuteUbergraph_LobbyPC
[2018.08.21-15.14.35:768][  0]LogUObjectGlobals: Created PersistentFrame Addr=0x000002c768f43d00, Size=752, Default__LobbyGM_C Function /Game/Blueprints/Lobby/LobbyGM.LobbyGM_C:ExecuteUbergraph_LobbyGM
[2018.08.21-15.14.35:771][  0]LogUObjectGlobals: Created PersistentFrame Addr=0x000002c768f1ee80, Size=544, Default__BP_MaleCharacter_C Function /Game/Blueprints/Characters/0_Base.0_Base_C:ExecuteUbergraph_0_Base
[2018.08.21-15.14.35:778][  0]LogUObjectGlobals: Created PersistentFrame Addr=0x000002c768f1e700, Size=544, Default__BP_MaleCharacter_C Function /Game/Blueprints/Characters/0_Base.0_Base_C:ExecuteUbergraph_0_Base
[2018.08.21-15.14.35:789][  0]LogUObjectGlobals: Created PersistentFrame Addr=0x000002c76a70ae80, Size=112, Default__ABP_BerserkerDefault_C Function /Game/Characters/Berserker_S1/Blueprints/ABP_BerserkerDefault.ABP_BerserkerDefault_C:ExecuteUbergraph_ABP_BerserkerDefault
[2018.08.21-15.14.35:812][  0]LogUObjectGlobals: Created PersistentFrame Addr=0x000002c7687f5f80, Size=544, Default__BP_FemaleCharacter_C Function /Game/Blueprints/Characters/0_Base.0_Base_C:ExecuteUbergraph_0_Base
[2018.08.21-15.14.35:815][  0]LogUObjectGlobals: Created PersistentFrame Addr=0x000002c76d127c00, Size=128, Default__ABP_Kachujin_C Function /Game/Characters/Kachujin/ABP_Kachujin.ABP_Kachujin_C:ExecuteUbergraph_ABP_Kachujin
[2018.08.21-15.14.35:849][  0]LogUObjectGlobals: Created PersistentFrame Addr=0x000002c76e1a9080, Size=544, Default__Tusk_C Function /Game/Blueprints/Characters/0_Base.0_Base_C:ExecuteUbergraph_0_Base
[2018.08.21-15.14.35:852][  0]LogUObjectGlobals: Created PersistentFrame Addr=0x000002c76e2860c0, Size=64, Default__0_BaseAnimBP_C Function /Game/InfinityBladeWarriors/Animations/0_BaseAnimBP.0_BaseAnimBP_C:ExecuteUbergraph_0_BaseAnimBP
[2018.08.21-15.14.35:872][  0]LogUObjectGlobals: Created PersistentFrame Addr=0x000002c76d60ca40, Size=312, Default__LobbyMenu_C Function /Game/UI/Lobby/LobbyMenu.LobbyMenu_C:ExecuteUbergraph_LobbyMenu
[2018.08.21-15.14.35:875][  0]LogUObjectGlobals: Created PersistentFrame Addr=0x000002c76da6d210, Size=80, Default__CharacterSelect_C Function /Game/UI/Lobby/CharacterSelect.CharacterSelect_C:ExecuteUbergraph_CharacterSelect
[2018.08.21-15.14.35:896][  0]LogUObjectGlobals: Created PersistentFrame Addr=0x000002c76de625c0, Size=192, Default__GameSettings_C Function /Game/UI/Lobby/GameSettings.GameSettings_C:ExecuteUbergraph_GameSettings
[2018.08.21-15.14.35:898][  0]LogUObjectGlobals: Created PersistentFrame Addr=0x000002c76e276820, Size=32, Default__PlayerButton_C Function /Game/UI/Lobby/PlayerButton.PlayerButton_C:ExecuteUbergraph_PlayerButton
[2018.08.21-15.14.35:926][  0]LogUObjectGlobals: Created PersistentFrame Addr=0x000002c76fa39890, Size=4, Default__ConnectedPlayer_C Function /Game/UI/Lobby/ConnectedPlayer.ConnectedPlayer_C:ExecuteUbergraph_ConnectedPlayer
[2018.08.21-15.14.36:038][  0]LogUObjectGlobals: Destroyed PersistentFrame Addr=0x000002c76e2860c0, Size=64
[2018.08.21-15.14.36:038][  0]LogUObjectGlobals: Created PersistentFrame Addr=0x000002c770f3d200, Size=64, Default__0_BaseAnimBP_C Function /Engine/Transient.REINST_0_BaseAnimBP_C_0:ExecuteUbergraph_0_BaseAnimBP
[2018.08.21-15.14.36:042][  0]LogUObjectGlobals: Destroyed PersistentFrame Addr=0x000002c76a70ae80, Size=112
[2018.08.21-15.14.36:042][  0]LogUObjectGlobals: Created PersistentFrame Addr=0x000002c770ca9280, Size=112, Default__ABP_BerserkerDefault_C Function /Engine/Transient.REINST_ABP_BerserkerDefault_C_1:ExecuteUbergraph_ABP_BerserkerDefault
[2018.08.21-15.14.36:044][  0]LogUObjectGlobals: Destroyed PersistentFrame Addr=0x000002c76d127c00, Size=128
[2018.08.21-15.14.36:044][  0]LogUObjectGlobals: Created PersistentFrame Addr=0x000002c770f19580, Size=128, Default__ABP_Kachujin_C Function /Engine/Transient.REINST_ABP_Kachujin_C_2:ExecuteUbergraph_ABP_Kachujin
[2018.08.21-15.14.36:044][  0]LogUObjectGlobals: Destroyed PersistentFrame Addr=0x000002c7701ec680, Size=32
[2018.08.21-15.14.36:044][  0]LogUObjectGlobals: Created PersistentFrame Addr=0x000002c770c3ae00, Size=32, Default__ABP_WoodenBow_C Function /Engine/Transient.REINST_ABP_WoodenBow_C_3:ExecuteUbergraph_ABP_WoodenBow
[2018.08.21-15.14.36:046][  0]LogUObjectGlobals: Destroyed PersistentFrame Addr=0x000002c76a72f330, Size=72
[2018.08.21-15.14.36:046][  0]LogUObjectGlobals: Created PersistentFrame Addr=0x000002c770bf7150, Size=72, Default__BPC_MontageManager_C Function /Engine/Transient.REINST_BPC_MontageManager_C_19:ExecuteUbergraph_BPC_MontageManager
[2018.08.21-15.14.36:047][  0]LogUObjectGlobals: Destroyed PersistentFrame Addr=0x000002c77071a700, Size=544
[2018.08.21-15.14.36:047][  0]LogUObjectGlobals: Created PersistentFrame Addr=0x000002c770f30900, Size=544, Default__0_Base_C Function /Engine/Transient.REINST_0_Base_C_23:ExecuteUbergraph_0_Base
[2018.08.21-15.14.36:050][  0]LogUObjectGlobals: Destroyed PersistentFrame Addr=0x000002c76da6d210, Size=80
[2018.08.21-15.14.36:050][  0]LogUObjectGlobals: Created PersistentFrame Addr=0x000002c770bf43b0, Size=80, Default__CharacterSelect_C Function /Engine/Transient.REINST_CharacterSelect_C_6:ExecuteUbergraph_CharacterSelect
[2018.08.21-15.14.36:050][  0]LogUObjectGlobals: Destroyed PersistentFrame Addr=0x000002c76ca65580, Size=320
[2018.08.21-15.14.36:050][  0]LogUObjectGlobals: Created PersistentFrame Addr=0x000002c770f25800, Size=320, Default__ChatWindow_C Function /Engine/Transient.REINST_ChatWindow_C_8:ExecuteUbergraph_ChatWindow
[2018.08.21-15.14.36:051][  0]LogUObjectGlobals: Destroyed PersistentFrame Addr=0x000002c76fa39890, Size=4
[2018.08.21-15.14.36:051][  0]LogUObjectGlobals: Created PersistentFrame Addr=0x000002c7717446e0, Size=4, Default__ConnectedPlayer_C Function /Engine/Transient.REINST_ConnectedPlayer_C_9:ExecuteUbergraph_ConnectedPlayer
[2018.08.21-15.14.36:053][  0]LogUObjectGlobals: Destroyed PersistentFrame Addr=0x000002c770051600, Size=2528
[2018.08.21-15.14.36:053][  0]LogUObjectGlobals: Created PersistentFrame Addr=0x000002c770310100, Size=2528, Default__GameplayPC_C Function /Engine/Transient.REINST_GameplayPC_C_26:ExecuteUbergraph_GameplayPC
[2018.08.21-15.14.36:053][  0]LogUObjectGlobals: Destroyed PersistentFrame Addr=0x000002c7702041c0, Size=96
[2018.08.21-15.14.36:053][  0]LogUObjectGlobals: Created PersistentFrame Addr=0x000002c770eec760, Size=96, Default__GameplayPS_C Function /Engine/Transient.REINST_GameplayPS_C_27:ExecuteUbergraph_GameplayPS
[2018.08.21-15.14.36:054][  0]LogUObjectGlobals: Destroyed PersistentFrame Addr=0x000002c76de625c0, Size=192
[2018.08.21-15.14.36:054][  0]LogUObjectGlobals: Created PersistentFrame Addr=0x000002c770c1f400, Size=192, Default__GameSettings_C Function /Engine/Transient.REINST_GameSettings_C_11:ExecuteUbergraph_GameSettings
[2018.08.21-15.14.36:056][  0]LogUObjectGlobals: Destroyed PersistentFrame Addr=0x000002c76d60ca40, Size=312
[2018.08.21-15.14.36:056][  0]LogUObjectGlobals: Created PersistentFrame Addr=0x000002c770f24cc0, Size=312, Default__LobbyMenu_C Function /Engine/Transient.REINST_LobbyMenu_C_12:ExecuteUbergraph_LobbyMenu
[2018.08.21-15.14.36:057][  0]LogUObjectGlobals: Destroyed PersistentFrame Addr=0x000002c76a6e3c80, Size=888
[2018.08.21-15.14.36:057][  0]LogUObjectGlobals: Created PersistentFrame Addr=0x000002c771208480, Size=888, Default__LobbyPC_C Function /Engine/Transient.REINST_LobbyPC_C_28:ExecuteUbergraph_LobbyPC
[2018.08.21-15.14.36:058][  0]LogUObjectGlobals: Destroyed PersistentFrame Addr=0x000002c76e276820, Size=32
[2018.08.21-15.14.36:059][  0]LogUObjectGlobals: Created PersistentFrame Addr=0x000002c770c3a680, Size=32, Default__PlayerButton_C Function /Engine/Transient.REINST_PlayerButton_C_13:ExecuteUbergraph_PlayerButton
[2018.08.21-15.14.36:060][  0]LogUObjectGlobals: Destroyed PersistentFrame Addr=0x000002c7687f5f80, Size=544
[2018.08.21-15.14.36:060][  0]LogUObjectGlobals: Created PersistentFrame Addr=0x000002c770bbfd80, Size=544, Default__BP_FemaleCharacter_C Function /Engine/Transient.REINST_0_Base_C_23:ExecuteUbergraph_0_Base
[2018.08.21-15.14.36:060][  0]LogUObjectGlobals: Destroyed PersistentFrame Addr=0x000002c768f1e700, Size=544
[2018.08.21-15.14.36:060][  0]LogUObjectGlobals: Created PersistentFrame Addr=0x000002c770bbfb00, Size=544, Default__BP_MaleCharacter_C Function /Engine/Transient.REINST_0_Base_C_23:ExecuteUbergraph_0_Base
[2018.08.21-15.14.36:061][  0]LogUObjectGlobals: Destroyed PersistentFrame Addr=0x000002c7700b4800, Size=256
[2018.08.21-15.14.36:061][  0]LogUObjectGlobals: Created PersistentFrame Addr=0x000002c771433000, Size=256, Default__GameplayGM_C Function /Engine/Transient.REINST_GameplayGM_C_32:ExecuteUbergraph_GameplayGM
[2018.08.21-15.14.36:062][  0]LogUObjectGlobals: Destroyed PersistentFrame Addr=0x000002c768f43d00, Size=752
[2018.08.21-15.14.36:062][  0]LogUObjectGlobals: Created PersistentFrame Addr=0x000002c76fff3100, Size=752, Default__LobbyGM_C Function /Engine/Transient.REINST_LobbyGM_C_33:ExecuteUbergraph_LobbyGM
[2018.08.21-15.14.36:062][  0]LogUObjectGlobals: Destroyed PersistentFrame Addr=0x000002c76e1a9080, Size=544
[2018.08.21-15.14.36:063][  0]LogUObjectGlobals: Created PersistentFrame Addr=0x000002c770bbf880, Size=544, Default__Tusk_C Function /Engine/Transient.REINST_0_Base_C_23:ExecuteUbergraph_0_Base
[2018.08.21-15.14.36:196][  0]LogUObjectGlobals: Created PersistentFrame Addr=0x000002c77224e160, Size=72, Default__0_BaseAnimBP_C Function /Game/InfinityBladeWarriors/Animations/0_BaseAnimBP.0_BaseAnimBP_C:ExecuteUbergraph_0_BaseAnimBP
[2018.08.21-15.14.36:197][  0]LogUObjectGlobals: Created PersistentFrame Addr=0x000002c7721dfba0, Size=112, Default__ABP_BerserkerDefault_C Function /Game/Characters/Berserker_S1/Blueprints/ABP_BerserkerDefault.ABP_BerserkerDefault_C:ExecuteUbergraph_ABP_BerserkerDefault
[2018.08.21-15.14.36:200][  0]LogUObjectGlobals: Created PersistentFrame Addr=0x000002c772211c00, Size=128, Default__ABP_Kachujin_C Function /Game/Characters/Kachujin/ABP_Kachujin.ABP_Kachujin_C:ExecuteUbergraph_ABP_Kachujin
[2018.08.21-15.14.36:201][  0]LogUObjectGlobals: Created PersistentFrame Addr=0x000002c7721c6080, Size=32, Default__ABP_WoodenBow_C Function /Game/Blueprints/Items/Weapons/WoodenBow/ABP_WoodenBow.ABP_WoodenBow_C:ExecuteUbergraph_ABP_WoodenBow
[2018.08.21-15.14.36:206][  0]LogUObjectGlobals: Created PersistentFrame Addr=0x000002c772166110, Size=72, Default__BPC_MontageManager_C Function /Game/Blueprints/Components/BPC_MontageManager.BPC_MontageManager_C:ExecuteUbergraph_BPC_MontageManager
[2018.08.21-15.14.36:212][  0]LogUObjectGlobals: Created PersistentFrame Addr=0x000002c77199da80, Size=536, Default__0_Base_C Function /Game/Blueprints/Characters/0_Base.0_Base_C:ExecuteUbergraph_0_Base
[2018.08.21-15.14.36:216][  0]LogUObjectGlobals: Created PersistentFrame Addr=0x000002c7720dd670, Size=80, Default__CharacterSelect_C Function /Game/UI/Lobby/CharacterSelect.CharacterSelect_C:ExecuteUbergraph_CharacterSelect
[2018.08.21-15.14.36:217][  0]LogUObjectGlobals: Created PersistentFrame Addr=0x000002c772153380, Size=320, Default__ChatWindow_C Function /Game/UI/AllLevels/ChatWindow.ChatWindow_C:ExecuteUbergraph_ChatWindow
[2018.08.21-15.14.36:218][  0]LogUObjectGlobals: Created PersistentFrame Addr=0x000002c772658cc0, Size=4, Default__ConnectedPlayer_C Function /Game/UI/Lobby/ConnectedPlayer.ConnectedPlayer_C:ExecuteUbergraph_ConnectedPlayer
[2018.08.21-15.14.36:229][  0]LogUObjectGlobals: Created PersistentFrame Addr=0x000002c772062b00, Size=2528, Default__GameplayPC_C Function /Game/Blueprints/Gameplay/GameplayPC.GameplayPC_C:ExecuteUbergraph_GameplayPC
[2018.08.21-15.14.36:232][  0]LogUObjectGlobals: Created PersistentFrame Addr=0x000002c771fa37c0, Size=96, Default__GameplayPS_C Function /Game/Blueprints/Gameplay/GameplayPS.GameplayPS_C:ExecuteUbergraph_GameplayPS
[2018.08.21-15.14.36:234][  0]LogUObjectGlobals: Created PersistentFrame Addr=0x000002c771f44e80, Size=192, Default__GameSettings_C Function /Game/UI/Lobby/GameSettings.GameSettings_C:ExecuteUbergraph_GameSettings
[2018.08.21-15.14.36:238][  0]LogUObjectGlobals: Created PersistentFrame Addr=0x000002c772152ac0, Size=320, Default__LobbyMenu_C Function /Game/UI/Lobby/LobbyMenu.LobbyMenu_C:ExecuteUbergraph_LobbyMenu
[2018.08.21-15.14.36:241][  0]LogUObjectGlobals: Created PersistentFrame Addr=0x000002c771edcf00, Size=880, Default__LobbyPC_C Function /Game/Blueprints/Lobby/LobbyPC.LobbyPC_C:ExecuteUbergraph_LobbyPC
[2018.08.21-15.14.36:242][  0]LogUObjectGlobals: Created PersistentFrame Addr=0x000002c771eec640, Size=32, Default__PlayerButton_C Function /Game/UI/Lobby/PlayerButton.PlayerButton_C:ExecuteUbergraph_PlayerButton
[2018.08.21-15.14.36:243][  0]LogUObjectGlobals: Created PersistentFrame Addr=0x000002c771e8ac00, Size=536, Default__BP_FemaleCharacter_C Function /Game/Blueprints/Characters/0_Base.0_Base_C:ExecuteUbergraph_0_Base
[2018.08.21-15.14.36:243][  0]LogUObjectGlobals: Created PersistentFrame Addr=0x000002c771e8a700, Size=536, Default__BP_MaleCharacter_C Function /Game/Blueprints/Characters/0_Base.0_Base_C:ExecuteUbergraph_0_Base
[2018.08.21-15.14.36:245][  0]LogUObjectGlobals: Created PersistentFrame Addr=0x000002c771e4bf00, Size=256, Default__GameplayGM_C Function /Game/Blueprints/Gameplay/GameplayGM.GameplayGM_C:ExecuteUbergraph_GameplayGM
[2018.08.21-15.14.36:249][  0]LogUObjectGlobals: Created PersistentFrame Addr=0x000002c771e6e080, Size=784, Default__LobbyGM_C Function /Game/Blueprints/Lobby/LobbyGM.LobbyGM_C:ExecuteUbergraph_LobbyGM
[2018.08.21-15.14.36:250][  0]LogUObjectGlobals: Created PersistentFrame Addr=0x000002c771e88400, Size=536, Default__Tusk_C Function /Game/Blueprints/Characters/0_Base.0_Base_C:ExecuteUbergraph_0_Base
[2018.08.21-15.14.36:657][  0]LogSkeletalMesh: Skeletal Mesh found in DDC [2.736512ms] /Game/Characters/Berserker_S1/Meshes/Combines/SK_Berserker.SK_Berserker
[2018.08.21-15.14.36:680][  0]LogSkeletalMesh: Skeletal Mesh found in DDC [0.445683ms] /Game/InfinityBladeWarriors/Character/CompleteCharacters/SK_CharM_Tusk.SK_CharM_Tusk
[2018.08.21-15.14.36:711][  0]LogSkeletalMesh: Skeletal Mesh found in DDC [0.220403ms] /Game/Blueprints/Items/Weapons/WoodenBow/SK_WoodenBow.SK_WoodenBow
[2018.08.21-15.14.36:718][  0]LogSkeletalMesh: Skeletal Mesh found in DDC [1.300233ms] /Game/Characters/Kachujin/SK_Kachujin.SK_Kachujin
[2018.08.21-15.14.36:721][  0]LogSkeletalMesh: Skeletal Mesh found in DDC [0.249417ms] /Game/Blueprints/Items/Weapons/RelicSword/SK_RelicSword.SK_RelicSword
[2018.08.21-15.14.36:809][  0]LogAIModule: Creating AISystem for world Arena01
[2018.08.21-15.14.36:810][  0]LogLoad: Game class is 'GameplayGM_C'
[2018.08.21-15.14.36:811][  0]LogOnline: Warning: STEAM: Steam API disabled!
[2018.08.21-15.14.36:811][  0]LogOnline: Display: STEAM: OnlineSubsystemSteam::Shutdown()
[2018.08.21-15.14.36:811][  0]LogTemp: Display: ParseSettings for GameNetDriver
[2018.08.21-15.14.36:811][  0]LogTemp: Display: ParseSettings for IpNetDriver_0
[2018.08.21-15.14.36:811][  0]LogTemp: Display: ParseSettings for GameNetDriver
[2018.08.21-15.14.36:812][  0]LogInit: WinSock: Socket queue 131072 / 131072
[2018.08.21-15.14.36:812][  0]PacketHandlerLog: Loaded PacketHandler component: Engine.EngineHandlerComponentFactory (StatelessConnectHandlerComponent)
[2018.08.21-15.14.36:812][  0]LogNet: GameNetDriver IpNetDriver_0 IpNetDriver listening on port 17777
[2018.08.21-15.14.36:814][  0]LogWorld: Bringing World /Game/Maps/Arena01.Arena01 up for play (max tick rate 30) at 2018.08.21-08.14.36
[2018.08.21-15.14.36:814][  0]LogOnline: Warning: OSS: AutoLogin missing AUTH_LOGIN=<login id>.
[2018.08.21-15.14.36:814][  0]LogWorld: Bringing up level for play took: 0.001770
[2018.08.21-15.14.36:815][  0]LogGameMode: Display: Match State Changed from EnteringMap to WaitingToStart
[2018.08.21-15.14.36:815][  0]LogGameState: Match State Changed from EnteringMap to WaitingToStart
[2018.08.21-15.14.36:815][  0]LogLoad: Took 1.173696 seconds to LoadMap(/Game/Maps/Arena01)
[2018.08.21-15.14.36:829][  0]LogLoad: (Engine Initialization) Total time: 5.75 seconds
[2018.08.21-15.14.36:829][  0]LogLoad: (Engine Initialization) Total Blueprint compile time: 0.00 seconds
[2018.08.21-15.14.36:930][  2]LogNet: NotifyAcceptingConnection accepted from: 127.0.0.1:61610
[2018.08.21-15.14.36:930][  2]LogHandshake: SendConnectChallenge. Timestamp: 0.100096, Cookie: 090070171229110109006085115046142191026233051207195024014039
[2018.08.21-15.14.36:930][  2]LogNet: NotifyAcceptingConnection accepted from: 127.0.0.1:61611
[2018.08.21-15.14.36:931][  2]LogHandshake: SendConnectChallenge. Timestamp: 0.100096, Cookie: 104177053028240186103129053034089065108043026166235148117052
[2018.08.21-15.14.36:963][  3]LogNet: NotifyAcceptingConnection accepted from: 127.0.0.1:61612
[2018.08.21-15.14.36:963][  3]LogHandshake: SendConnectChallenge. Timestamp: 0.133009, Cookie: 186045127137096077085010064085234224065014151088101120140226
[2018.08.21-15.14.36:997][  4]LogNet: NotifyAcceptingConnection accepted from: 127.0.0.1:61610
[2018.08.21-15.14.36:997][  4]LogHandshake: SendChallengeAck. InCookie: 090070171229110109006085115046142191026233051207195024014039
[2018.08.21-15.14.36:998][  4]LogNet: Server accepting post-challenge connection from: 127.0.0.1:61610
[2018.08.21-15.14.36:998][  4]PacketHandlerLog: Loaded PacketHandler component: Engine.EngineHandlerComponentFactory (StatelessConnectHandlerComponent)
[2018.08.21-15.14.36:999][  4]LogNet: NotifyAcceptedConnection: Name: Arena01, TimeStamp: 08/21/18 08:14:36, [UNetConnection] RemoteAddr: 127.0.0.1:61610, Name: IpConnection_0, Driver: GameNetDriver IpNetDriver_0, IsServer: YES, PC: NULL, Owner: NULL, UniqueId: INVALID
[2018.08.21-15.14.36:999][  4]LogNet: AddClientConnection: Added client connection: [UNetConnection] RemoteAddr: 127.0.0.1:61610, Name: IpConnection_0, Driver: GameNetDriver IpNetDriver_0, IsServer: YES, PC: NULL, Owner: NULL, UniqueId: INVALID
[2018.08.21-15.14.36:999][  4]LogNet: NotifyAcceptingConnection accepted from: 127.0.0.1:61611
[2018.08.21-15.14.36:999][  4]LogHandshake: SendChallengeAck. InCookie: 104177053028240186103129053034089065108043026166235148117052
[2018.08.21-15.14.37:000][  4]LogNet: Server accepting post-challenge connection from: 127.0.0.1:61611
[2018.08.21-15.14.37:000][  4]PacketHandlerLog: Loaded PacketHandler component: Engine.EngineHandlerComponentFactory (StatelessConnectHandlerComponent)
[2018.08.21-15.14.37:000][  4]LogNet: NotifyAcceptedConnection: Name: Arena01, TimeStamp: 08/21/18 08:14:37, [UNetConnection] RemoteAddr: 127.0.0.1:61611, Name: IpConnection_1, Driver: GameNetDriver IpNetDriver_0, IsServer: YES, PC: NULL, Owner: NULL, UniqueId: INVALID
[2018.08.21-15.14.37:000][  4]LogNet: AddClientConnection: Added client connection: [UNetConnection] RemoteAddr: 127.0.0.1:61611, Name: IpConnection_1, Driver: GameNetDriver IpNetDriver_0, IsServer: YES, PC: NULL, Owner: NULL, UniqueId: INVALID
[2018.08.21-15.14.37:030][  5]LogNet: NotifyAcceptingChannel Control 0 server World /Game/Maps/Arena01.Arena01: Accepted
[2018.08.21-15.14.37:030][  5]LogNet: Remote platform little endian=1
[2018.08.21-15.14.37:030][  5]LogNet: This platform little endian=1
[2018.08.21-15.14.37:031][  5]LogNetVersion: DarkCrystalstutter 1.0.0.0, NetCL: 3944462, EngineNetVer: 2, GameNetVer: 0 (Checksum: 454883313)
[2018.08.21-15.14.37:031][  5]LogNet: NotifyAcceptingConnection accepted from: 127.0.0.1:61612
[2018.08.21-15.14.37:031][  5]LogHandshake: SendChallengeAck. InCookie: 186045127137096077085010064085234224065014151088101120140226
[2018.08.21-15.14.37:032][  5]LogNet: Server accepting post-challenge connection from: 127.0.0.1:61612
[2018.08.21-15.14.37:032][  5]PacketHandlerLog: Loaded PacketHandler component: Engine.EngineHandlerComponentFactory (StatelessConnectHandlerComponent)
[2018.08.21-15.14.37:032][  5]LogNet: NotifyAcceptedConnection: Name: Arena01, TimeStamp: 08/21/18 08:14:37, [UNetConnection] RemoteAddr: 127.0.0.1:61612, Name: IpConnection_2, Driver: GameNetDriver IpNetDriver_0, IsServer: YES, PC: NULL, Owner: NULL, UniqueId: INVALID
[2018.08.21-15.14.37:032][  5]LogNet: AddClientConnection: Added client connection: [UNetConnection] RemoteAddr: 127.0.0.1:61612, Name: IpConnection_2, Driver: GameNetDriver IpNetDriver_0, IsServer: YES, PC: NULL, Owner: NULL, UniqueId: INVALID
[2018.08.21-15.14.37:032][  5]LogNet: NotifyAcceptingChannel Control 0 server World /Game/Maps/Arena01.Arena01: Accepted
[2018.08.21-15.14.37:033][  5]LogNet: Remote platform little endian=1
[2018.08.21-15.14.37:033][  5]LogNet: This platform little endian=1
[2018.08.21-15.14.37:063][  6]LogNet: NotifyAcceptingChannel Control 0 server World /Game/Maps/Arena01.Arena01: Accepted
[2018.08.21-15.14.37:063][  6]LogNet: Remote platform little endian=1
[2018.08.21-15.14.37:063][  6]LogNet: This platform little endian=1
[2018.08.21-15.14.37:064][  6]LogNet: Login request: /Game/Maps/MainMenu?Name=DESKTOP-LI0N2FC-5A7748C149634A574F2887B7D25D2B8D userId: DESKTOP-LI0N2FC-5A7748C149634A574F2887B7D25D2B8D
[2018.08.21-15.14.37:064][  6]LogNet: Login request: /Game/Maps/MainMenu?Name=DESKTOP-LI0N2FC-83F885654466B5A4E740F798671866E8 userId: DESKTOP-LI0N2FC-83F885654466B5A4E740F798671866E8
[2018.08.21-15.14.37:097][  7]LogNet: Login request: /Game/Maps/MainMenu?Name=DESKTOP-LI0N2FC-11A230A34355738EAC885F83442F510D userId: DESKTOP-LI0N2FC-11A230A34355738EAC885F83442F510D
[2018.08.21-15.14.37:097][  7]LogNet: Client netspeed is 10000
[2018.08.21-15.14.37:098][  7]LogNet: Client netspeed is 10000
[2018.08.21-15.14.37:130][  8]LogNet: Client netspeed is 10000
[2018.08.21-15.14.38:284][ 43]LogNet: Join request: /Game/Maps/MainMenu?Name=DESKTOP-LI0N2FC-83F885654466B5A4E740F798671866E8?SplitscreenCount=1
[2018.08.21-15.14.38:284][ 43]LogOnline: Warning: OSS: No game present to join for session (GameSession)
[2018.08.21-15.14.38:286][ 43]LogGameMode: Display: Match State Changed from WaitingToStart to InProgress
[2018.08.21-15.14.38:289][ 43]LogGameState: Match State Changed from WaitingToStart to InProgress
[2018.08.21-15.14.38:289][ 43]LogNet: Join succeeded: DESKTOP-LI0N2FC-83F8
[2018.08.21-15.14.38:289][ 43]LogNet: Join request: /Game/Maps/MainMenu?Name=DESKTOP-LI0N2FC-11A230A34355738EAC885F83442F510D?SplitscreenCount=1
[2018.08.21-15.14.38:290][ 43]LogOnline: Warning: OSS: No game present to join for session (GameSession)
[2018.08.21-15.14.38:293][ 43]LogNet: Join succeeded: DESKTOP-LI0N2FC-11A2
[2018.08.21-15.14.38:293][ 43]LogNet: Join request: /Game/Maps/MainMenu?Name=DESKTOP-LI0N2FC-5A7748C149634A574F2887B7D25D2B8D?SplitscreenCount=1
[2018.08.21-15.14.38:294][ 43]LogOnline: Warning: OSS: No game present to join for session (GameSession)
[2018.08.21-15.14.38:298][ 43]LogNet: Join succeeded: DESKTOP-LI0N2FC-5A77
[2018.08.21-15.14.38:451][ 48]LogNetPackageMap: Warning: SanityCheckExport: CacheObject == NULL. NetGUID: 1, Object: /Game/Mannequin/Character/Textures/UE4_LOGO_CARD.UE4_LOGO_CARD, Expected: T_Ceramic_Tile_M
[2018.08.21-15.14.38:452][ 48]LogNetPackageMap: Warning: SanityCheckExport: Name mismatch. NetGUID: 1, Object: /Game/Mannequin/Character/Textures/UE4_LOGO_CARD.UE4_LOGO_CARD, Expected: T_Ceramic_Tile_M
[2018.08.21-15.14.38:455][ 48]LogNetPackageMap: Warning: SanityCheckExport: Outer mismatch. Object: /Game/Mannequin/Character/Textures/UE4_LOGO_CARD.UE4_LOGO_CARD, NetGUID: 1, Current: /Game/Mannequin/Character/Textures/UE4_LOGO_CARD, Expected: /Game/StarterContent/Textures/T_Ceramic_Tile_M
[2018.08.21-15.14.38:460][ 48]LogBlueprintUserMessages: [GameplayGM_C_0] 0
[2018.08.21-15.14.38:518][ 50]LogNetPackageMap: Warning: SanityCheckExport: CacheObject == NULL. NetGUID: 1, Object: /Game/Mannequin/Character/Textures/UE4_LOGO_CARD.UE4_LOGO_CARD, Expected: T_Ceramic_Tile_M
[2018.08.21-15.14.38:519][ 50]LogNetPackageMap: Warning: SanityCheckExport: Name mismatch. NetGUID: 1, Object: /Game/Mannequin/Character/Textures/UE4_LOGO_CARD.UE4_LOGO_CARD, Expected: T_Ceramic_Tile_M
[2018.08.21-15.14.38:519][ 50]LogNetPackageMap: Warning: SanityCheckExport: Outer mismatch. Object: /Game/Mannequin/Character/Textures/UE4_LOGO_CARD.UE4_LOGO_CARD, NetGUID: 1, Current: /Game/Mannequin/Character/Textures/UE4_LOGO_CARD, Expected: /Game/StarterContent/Textures/T_Ceramic_Tile_M
[2018.08.21-15.14.38:524][ 50]LogBlueprintUserMessages: [GameplayGM_C_0] 1
[2018.08.21-15.14.38:524][ 50]LogNetPackageMap: Warning: SanityCheckExport: CacheObject == NULL. NetGUID: 1, Object: /Game/Mannequin/Character/Textures/UE4_LOGO_CARD.UE4_LOGO_CARD, Expected: T_Ceramic_Tile_M
[2018.08.21-15.14.38:524][ 50]LogNetPackageMap: Warning: SanityCheckExport: Name mismatch. NetGUID: 1, Object: /Game/Mannequin/Character/Textures/UE4_LOGO_CARD.UE4_LOGO_CARD, Expected: T_Ceramic_Tile_M
[2018.08.21-15.14.38:525][ 50]LogNetPackageMap: Warning: SanityCheckExport: Outer mismatch. Object: /Game/Mannequin/Character/Textures/UE4_LOGO_CARD.UE4_LOGO_CARD, NetGUID: 1, Current: /Game/Mannequin/Character/Textures/UE4_LOGO_CARD, Expected: /Game/StarterContent/Textures/T_Ceramic_Tile_M
[2018.08.21-15.14.38:530][ 50]LogBlueprintUserMessages: [GameplayGM_C_0] 2
[2018.08.21-15.14.38:753][ 57]LogBlueprintUserMessages: [GameplayPC_C_0] Controller ID-1 selected weapon slot: Null Hand: false
[2018.08.21-15.14.38:753][ 57]LogBlueprintUserMessages: [GameplayPC_C_1] Controller ID-0 selected weapon slot: Null Hand: false
[2018.08.21-15.14.38:754][ 57]LogBlueprintUserMessages: [GameplayPC_C_2] Controller ID-2 selected weapon slot: Null Hand: false
[2018.08.21-15.14.38:887][ 61]LogBlueprintUserMessages: [GameplayPC_C_1] Reset Jump controller id: 0
[2018.08.21-15.14.38:956][ 63]LogBlueprintUserMessages: [GameplayPC_C_0] Reset Jump controller id: 1
[2018.08.21-15.14.39:256][ 72]LogBlueprintUserMessages: [GameplayPC_C_0] Controller ID-1 selected weapon slot: Null Hand: false
[2018.08.21-15.14.39:257][ 72]LogBlueprintUserMessages: [GameplayPC_C_1] Controller ID-0 selected weapon slot: Null Hand: false
[2018.08.21-15.14.39:259][ 72]LogBlueprintUserMessages: [GameplayPC_C_2] Controller ID-2 selected weapon slot: Null Hand: false
[2018.08.21-15.14.39:785][ 88]LogBlueprintUserMessages: [GameplayPC_C_0] Controller ID-1 selected weapon slot: Null Hand: false
[2018.08.21-15.14.39:785][ 88]LogBlueprintUserMessages: [GameplayPC_C_1] Controller ID-0 selected weapon slot: Null Hand: false
[2018.08.21-15.14.39:786][ 88]LogBlueprintUserMessages: [GameplayPC_C_2] Controller ID-2 selected weapon slot: Null Hand: false
[2018.08.21-15.14.40:314][104]LogBlueprintUserMessages: [GameplayPC_C_0] Controller ID-1 selected weapon slot: Null Hand: false
[2018.08.21-15.14.40:314][104]LogBlueprintUserMessages: [GameplayPC_C_1] Controller ID-0 selected weapon slot: Null Hand: false
[2018.08.21-15.14.40:315][104]LogBlueprintUserMessages: [GameplayPC_C_2] Controller ID-2 selected weapon slot: Null Hand: false
[2018.08.21-15.14.40:514][110]LogBlueprintUserMessages: [DCGameState_C_0] Error: Selected weapon is invalid.
[2018.08.21-15.14.40:846][120]LogBlueprintUserMessages: [GameplayPC_C_0] Controller ID-1 selected weapon slot: Null Hand: false
[2018.08.21-15.14.40:846][120]LogBlueprintUserMessages: [GameplayPC_C_1] Controller ID-0 selected weapon slot: WeaponSlot1 Hand: false
[2018.08.21-15.14.40:847][120]LogBlueprintUserMessages: [GameplayPC_C_2] Controller ID-2 selected weapon slot: Null Hand: false
[2018.08.21-15.14.41:208][131]LogBlueprintUserMessages: [GameplayPC_C_1] state start Interaction
[2018.08.21-15.14.41:208][131]LogBlueprintUserMessages: [GameplayPC_C_1] state end Idle
[2018.08.21-15.14.41:374][136]LogBlueprintUserMessages: [GameplayPC_C_0] Controller ID-1 selected weapon slot: Null Hand: false
[2018.08.21-15.14.41:374][136]LogBlueprintUserMessages: [GameplayPC_C_1] Controller ID-0 selected weapon slot: WeaponSlot1 Hand: true
[2018.08.21-15.14.41:375][136]LogBlueprintUserMessages: [GameplayPC_C_2] Controller ID-2 selected weapon slot: Null Hand: false
[2018.08.21-15.14.41:904][152]LogBlueprintUserMessages: [GameplayPC_C_0] Controller ID-1 selected weapon slot: Null Hand: false
[2018.08.21-15.14.41:904][152]LogBlueprintUserMessages: [GameplayPC_C_1] Controller ID-0 selected weapon slot: WeaponSlot1 Hand: true
[2018.08.21-15.14.41:905][152]LogBlueprintUserMessages: [GameplayPC_C_2] Controller ID-2 selected weapon slot: Null Hand: false
[2018.08.21-15.14.42:036][156]LogBlueprintUserMessages: [GameplayPC_C_1] state start Interaction
[2018.08.21-15.14.42:036][156]LogBlueprintUserMessages: [GameplayPC_C_1] state end Idle
[2018.08.21-15.14.42:435][168]LogBlueprintUserMessages: [GameplayPC_C_0] Controller ID-1 selected weapon slot: Null Hand: false
[2018.08.21-15.14.42:435][168]LogBlueprintUserMessages: [GameplayPC_C_1] Controller ID-0 selected weapon slot: WeaponSlot1 Hand: false
[2018.08.21-15.14.42:436][168]LogBlueprintUserMessages: [GameplayPC_C_2] Controller ID-2 selected weapon slot: Null Hand: false
[2018.08.21-15.14.42:735][177]LogBlueprintUserMessages: [GameplayPC_C_1] state start Interaction
[2018.08.21-15.14.42:735][177]LogBlueprintUserMessages: [GameplayPC_C_1] state end Idle
[2018.08.21-15.14.42:968][184]LogBlueprintUserMessages: [GameplayPC_C_0] Controller ID-1 selected weapon slot: Null Hand: false
[2018.08.21-15.14.42:968][184]LogBlueprintUserMessages: [GameplayPC_C_1] Controller ID-0 selected weapon slot: WeaponSlot1 Hand: true
[2018.08.21-15.14.42:969][184]LogBlueprintUserMessages: [GameplayPC_C_2] Controller ID-2 selected weapon slot: Null Hand: false
[2018.08.21-15.14.43:465][199]LogBlueprintUserMessages: [GameplayPC_C_1] state start Interaction
[2018.08.21-15.14.43:465][199]LogBlueprintUserMessages: [GameplayPC_C_1] state end Idle
[2018.08.21-15.14.43:498][200]LogBlueprintUserMessages: [GameplayPC_C_0] Controller ID-1 selected weapon slot: Null Hand: false
[2018.08.21-15.14.43:498][200]LogBlueprintUserMessages: [GameplayPC_C_1] Controller ID-0 selected weapon slot: WeaponSlot1 Hand: false
[2018.08.21-15.14.43:499][200]LogBlueprintUserMessages: [GameplayPC_C_2] Controller ID-2 selected weapon slot: Null Hand: false
[2018.08.21-15.14.44:027][216]LogBlueprintUserMessages: [GameplayPC_C_0] Controller ID-1 selected weapon slot: Null Hand: false
[2018.08.21-15.14.44:027][216]LogBlueprintUserMessages: [GameplayPC_C_1] Controller ID-0 selected weapon slot: WeaponSlot1 Hand: false
[2018.08.21-15.14.44:028][216]LogBlueprintUserMessages: [GameplayPC_C_2] Controller ID-2 selected weapon slot: Null Hand: false
[2018.08.21-15.14.44:558][232]LogBlueprintUserMessages: [GameplayPC_C_1] state start Interaction
[2018.08.21-15.14.44:558][232]LogBlueprintUserMessages: [GameplayPC_C_1] state end Idle
[2018.08.21-15.14.44:559][232]LogBlueprintUserMessages: [GameplayPC_C_0] Controller ID-1 selected weapon slot: Null Hand: false
[2018.08.21-15.14.44:559][232]LogBlueprintUserMessages: [GameplayPC_C_1] Controller ID-0 selected weapon slot: WeaponSlot1 Hand: true
[2018.08.21-15.14.44:559][232]LogBlueprintUserMessages: [GameplayPC_C_2] Controller ID-2 selected weapon slot: Null Hand: false
[2018.08.21-15.14.45:086][248]LogBlueprintUserMessages: [GameplayPC_C_0] Controller ID-1 selected weapon slot: Null Hand: false
[2018.08.21-15.14.45:086][248]LogBlueprintUserMessages: [GameplayPC_C_1] Controller ID-0 selected weapon slot: WeaponSlot1 Hand: true
[2018.08.21-15.14.45:087][248]LogBlueprintUserMessages: [GameplayPC_C_2] Controller ID-2 selected weapon slot: Null Hand: false
[2018.08.21-15.14.45:417][258]LogBlueprintUserMessages: [GameplayPC_C_1] state start Interaction
[2018.08.21-15.14.45:417][258]LogBlueprintUserMessages: [GameplayPC_C_1] state end Idle
[2018.08.21-15.14.45:615][264]LogBlueprintUserMessages: [GameplayPC_C_0] Controller ID-1 selected weapon slot: Null Hand: false
[2018.08.21-15.14.45:615][264]LogBlueprintUserMessages: [GameplayPC_C_1] Controller ID-0 selected weapon slot: WeaponSlot1 Hand: false
[2018.08.21-15.14.45:616][264]LogBlueprintUserMessages: [GameplayPC_C_2] Controller ID-2 selected weapon slot: Null Hand: false
[2018.08.21-15.14.46:144][280]LogBlueprintUserMessages: [GameplayPC_C_0] Controller ID-1 selected weapon slot: Null Hand: false
[2018.08.21-15.14.46:144][280]LogBlueprintUserMessages: [GameplayPC_C_1] Controller ID-0 selected weapon slot: WeaponSlot1 Hand: false
[2018.08.21-15.14.46:145][280]LogBlueprintUserMessages: [GameplayPC_C_2] Controller ID-2 selected weapon slot: Null Hand: false
[2018.08.21-15.14.46:309][285]LogBlueprintUserMessages: [GameplayPC_C_1] state start Interaction
[2018.08.21-15.14.46:309][285]LogBlueprintUserMessages: [GameplayPC_C_1] state end Idle
[2018.08.21-15.14.46:675][296]LogBlueprintUserMessages: [GameplayPC_C_0] Controller ID-1 selected weapon slot: Null Hand: false
[2018.08.21-15.14.46:675][296]LogBlueprintUserMessages: [GameplayPC_C_1] Controller ID-0 selected weapon slot: WeaponSlot1 Hand: true
[2018.08.21-15.14.46:676][296]LogBlueprintUserMessages: [GameplayPC_C_2] Controller ID-2 selected weapon slot: Null Hand: false
[2018.08.21-15.14.47:071][308]LogBlueprintUserMessages: [GameplayPC_C_1] state start Interaction
[2018.08.21-15.14.47:071][308]LogBlueprintUserMessages: [GameplayPC_C_1] state end Idle
[2018.08.21-15.14.47:203][312]LogBlueprintUserMessages: [GameplayPC_C_0] Controller ID-1 selected weapon slot: Null Hand: false
[2018.08.21-15.14.47:203][312]LogBlueprintUserMessages: [GameplayPC_C_1] Controller ID-0 selected weapon slot: WeaponSlot1 Hand: false
[2018.08.21-15.14.47:204][312]LogBlueprintUserMessages: [GameplayPC_C_2] Controller ID-2 selected weapon slot: Null Hand: false
[2018.08.21-15.14.47:734][328]LogBlueprintUserMessages: [GameplayPC_C_0] Controller ID-1 selected weapon slot: Null Hand: false
[2018.08.21-15.14.47:734][328]LogBlueprintUserMessages: [GameplayPC_C_1] Controller ID-0 selected weapon slot: WeaponSlot1 Hand: false
[2018.08.21-15.14.47:735][328]LogBlueprintUserMessages: [GameplayPC_C_2] Controller ID-2 selected weapon slot: Null Hand: false
[2018.08.21-15.14.47:936][334]LogBlueprintUserMessages: [GameplayPC_C_1] state start Interaction
[2018.08.21-15.14.47:936][334]LogBlueprintUserMessages: [GameplayPC_C_1] state end Idle
[2018.08.21-15.14.48:235][343]LogBlueprintUserMessages: [GameplayPC_C_0] Controller ID-1 selected weapon slot: Null Hand: false
[2018.08.21-15.14.48:235][343]LogBlueprintUserMessages: [GameplayPC_C_1] Controller ID-0 selected weapon slot: WeaponSlot1 Hand: true
[2018.08.21-15.14.48:236][343]LogBlueprintUserMessages: [GameplayPC_C_2] Controller ID-2 selected weapon slot: Null Hand: false
[2018.08.21-15.14.48:763][359]LogBlueprintUserMessages: [GameplayPC_C_0] Controller ID-1 selected weapon slot: Null Hand: false
[2018.08.21-15.14.48:763][359]LogBlueprintUserMessages: [GameplayPC_C_1] Controller ID-0 selected weapon slot: WeaponSlot1 Hand: true
[2018.08.21-15.14.48:764][359]LogBlueprintUserMessages: [GameplayPC_C_2] Controller ID-2 selected weapon slot: Null Hand: false
[2018.08.21-15.14.48:862][362]LogBlueprintUserMessages: [GameplayPC_C_1] state start Interaction
[2018.08.21-15.14.48:862][362]LogBlueprintUserMessages: [GameplayPC_C_1] state end Idle
[2018.08.21-15.14.49:292][375]LogBlueprintUserMessages: [GameplayPC_C_0] Controller ID-1 selected weapon slot: Null Hand: false
[2018.08.21-15.14.49:292][375]LogBlueprintUserMessages: [GameplayPC_C_1] Controller ID-0 selected weapon slot: WeaponSlot1 Hand: false
[2018.08.21-15.14.49:293][375]LogBlueprintUserMessages: [GameplayPC_C_2] Controller ID-2 selected weapon slot: Null Hand: false
[2018.08.21-15.14.49:589][384]LogBlueprintUserMessages: [GameplayPC_C_1] state start Interaction
[2018.08.21-15.14.49:589][384]LogBlueprintUserMessages: [GameplayPC_C_1] state end Idle
[2018.08.21-15.14.49:820][391]LogBlueprintUserMessages: [GameplayPC_C_0] Controller ID-1 selected weapon slot: Null Hand: false
[2018.08.21-15.14.49:820][391]LogBlueprintUserMessages: [GameplayPC_C_1] Controller ID-0 selected weapon slot: WeaponSlot1 Hand: true
[2018.08.21-15.14.49:821][391]LogBlueprintUserMessages: [GameplayPC_C_2] Controller ID-2 selected weapon slot: Null Hand: false
[2018.08.21-15.14.50:347][407]LogBlueprintUserMessages: [GameplayPC_C_0] Controller ID-1 selected weapon slot: Null Hand: false
[2018.08.21-15.14.50:347][407]LogBlueprintUserMessages: [GameplayPC_C_1] Controller ID-0 selected weapon slot: WeaponSlot1 Hand: true
[2018.08.21-15.14.50:348][407]LogBlueprintUserMessages: [GameplayPC_C_2] Controller ID-2 selected weapon slot: Null Hand: false
[2018.08.21-15.14.50:380][408]LogBlueprintUserMessages: [GameplayPC_C_1] state start Interaction
[2018.08.21-15.14.50:380][408]LogBlueprintUserMessages: [GameplayPC_C_1] state end Idle
[2018.08.21-15.14.50:876][423]LogBlueprintUserMessages: [GameplayPC_C_0] Controller ID-1 selected weapon slot: Null Hand: false
[2018.08.21-15.14.50:876][423]LogBlueprintUserMessages: [GameplayPC_C_1] Controller ID-0 selected weapon slot: WeaponSlot1 Hand: false
[2018.08.21-15.14.50:877][423]LogBlueprintUserMessages: [GameplayPC_C_2] Controller ID-2 selected weapon slot: Null Hand: false
[2018.08.21-15.14.51:140][431]LogBlueprintUserMessages: [GameplayPC_C_1] state start Interaction
[2018.08.21-15.14.51:140][431]LogBlueprintUserMessages: [GameplayPC_C_1] state end Idle
[2018.08.21-15.14.51:406][439]LogBlueprintUserMessages: [GameplayPC_C_0] Controller ID-1 selected weapon slot: Null Hand: false
[2018.08.21-15.14.51:406][439]LogBlueprintUserMessages: [GameplayPC_C_1] Controller ID-0 selected weapon slot: WeaponSlot1 Hand: true
[2018.08.21-15.14.51:407][439]LogBlueprintUserMessages: [GameplayPC_C_2] Controller ID-2 selected weapon slot: Null Hand: false
[2018.08.21-15.14.51:934][455]LogBlueprintUserMessages: [GameplayPC_C_1] state start Interaction
[2018.08.21-15.14.51:934][455]LogBlueprintUserMessages: [GameplayPC_C_1] state end Idle
[2018.08.21-15.14.51:935][455]LogBlueprintUserMessages: [GameplayPC_C_0] Controller ID-1 selected weapon slot: Null Hand: false
[2018.08.21-15.14.51:935][455]LogBlueprintUserMessages: [GameplayPC_C_1] Controller ID-0 selected weapon slot: WeaponSlot1 Hand: true
[2018.08.21-15.14.51:935][455]LogBlueprintUserMessages: [GameplayPC_C_2] Controller ID-2 selected weapon slot: Null Hand: false
[2018.08.21-15.14.52:464][471]LogBlueprintUserMessages: [GameplayPC_C_0] Controller ID-1 selected weapon slot: Null Hand: false
[2018.08.21-15.14.52:464][471]LogBlueprintUserMessages: [GameplayPC_C_1] Controller ID-0 selected weapon slot: WeaponSlot1 Hand: false
[2018.08.21-15.14.52:465][471]LogBlueprintUserMessages: [GameplayPC_C_2] Controller ID-2 selected weapon slot: Null Hand: false
[2018.08.21-15.14.52:695][478]LogBlueprintUserMessages: [GameplayPC_C_1] state start Interaction
[2018.08.21-15.14.52:695][478]LogBlueprintUserMessages: [GameplayPC_C_1] state end Idle
[2018.08.21-15.14.52:994][487]LogBlueprintUserMessages: [GameplayPC_C_0] Controller ID-1 selected weapon slot: Null Hand: false
[2018.08.21-15.14.52:994][487]LogBlueprintUserMessages: [GameplayPC_C_1] Controller ID-0 selected weapon slot: WeaponSlot1 Hand: true
[2018.08.21-15.14.52:995][487]LogBlueprintUserMessages: [GameplayPC_C_2] Controller ID-2 selected weapon slot: Null Hand: false
[2018.08.21-15.14.53:523][503]LogBlueprintUserMessages: [GameplayPC_C_0] Controller ID-1 selected weapon slot: Null Hand: false
[2018.08.21-15.14.53:523][503]LogBlueprintUserMessages: [GameplayPC_C_1] Controller ID-0 selected weapon slot: WeaponSlot1 Hand: true
[2018.08.21-15.14.53:524][503]LogBlueprintUserMessages: [GameplayPC_C_2] Controller ID-2 selected weapon slot: Null Hand: false
[2018.08.21-15.14.54:053][519]LogBlueprintUserMessages: [GameplayPC_C_0] Controller ID-1 selected weapon slot: Null Hand: false
[2018.08.21-15.14.54:053][519]LogBlueprintUserMessages: [GameplayPC_C_1] Controller ID-0 selected weapon slot: WeaponSlot1 Hand: true
[2018.08.21-15.14.54:054][519]LogBlueprintUserMessages: [GameplayPC_C_2] Controller ID-2 selected weapon slot: Null Hand: false
[2018.08.21-15.14.54:153][522]LogBlueprintUserMessages: [GameplayPC_C_1] state start Interaction
[2018.08.21-15.14.54:153][522]LogBlueprintUserMessages: [GameplayPC_C_1] state end Idle
[2018.08.21-15.14.54:584][535]LogBlueprintUserMessages: [GameplayPC_C_0] Controller ID-1 selected weapon slot: Null Hand: false
[2018.08.21-15.14.54:584][535]LogBlueprintUserMessages: [GameplayPC_C_1] Controller ID-0 selected weapon slot: WeaponSlot1 Hand: false
[2018.08.21-15.14.54:585][535]LogBlueprintUserMessages: [GameplayPC_C_2] Controller ID-2 selected weapon slot: Null Hand: false
[2018.08.21-15.14.55:115][551]LogBlueprintUserMessages: [GameplayPC_C_0] Controller ID-1 selected weapon slot: Null Hand: false
[2018.08.21-15.14.55:115][551]LogBlueprintUserMessages: [GameplayPC_C_1] Controller ID-0 selected weapon slot: WeaponSlot1 Hand: false
[2018.08.21-15.14.55:116][551]LogBlueprintUserMessages: [GameplayPC_C_2] Controller ID-2 selected weapon slot: Null Hand: false
[2018.08.21-15.14.55:216][554]LogBlueprintUserMessages: [GameplayPC_C_1] state start Interaction
[2018.08.21-15.14.55:216][554]LogBlueprintUserMessages: [GameplayPC_C_1] state end Idle
[2018.08.21-15.14.55:646][567]LogBlueprintUserMessages: [GameplayPC_C_0] Controller ID-1 selected weapon slot: Null Hand: false
[2018.08.21-15.14.55:646][567]LogBlueprintUserMessages: [GameplayPC_C_1] Controller ID-0 selected weapon slot: WeaponSlot1 Hand: true
[2018.08.21-15.14.55:647][567]LogBlueprintUserMessages: [GameplayPC_C_2] Controller ID-2 selected weapon slot: Null Hand: false
[2018.08.21-15.14.56:177][583]LogBlueprintUserMessages: [GameplayPC_C_0] Controller ID-1 selected weapon slot: Null Hand: false
[2018.08.21-15.14.56:177][583]LogBlueprintUserMessages: [GameplayPC_C_1] Controller ID-0 selected weapon slot: WeaponSlot1 Hand: true
[2018.08.21-15.14.56:178][583]LogBlueprintUserMessages: [GameplayPC_C_2] Controller ID-2 selected weapon slot: Null Hand: false
[2018.08.21-15.14.56:707][599]LogBlueprintUserMessages: [GameplayPC_C_0] Controller ID-1 selected weapon slot: Null Hand: false
[2018.08.21-15.14.56:707][599]LogBlueprintUserMessages: [GameplayPC_C_1] Controller ID-0 selected weapon slot: WeaponSlot1 Hand: true
[2018.08.21-15.14.56:708][599]LogBlueprintUserMessages: [GameplayPC_C_2] Controller ID-2 selected weapon slot: Null Hand: false
[2018.08.21-15.14.57:207][614]LogBlueprintUserMessages: [GameplayPC_C_0] Controller ID-1 selected weapon slot: Null Hand: false
[2018.08.21-15.14.57:207][614]LogBlueprintUserMessages: [GameplayPC_C_1] Controller ID-0 selected weapon slot: WeaponSlot1 Hand: true
[2018.08.21-15.14.57:208][614]LogBlueprintUserMessages: [GameplayPC_C_2] Controller ID-2 selected weapon slot: Null Hand: false
[2018.08.21-15.14.57:740][630]LogBlueprintUserMessages: [GameplayPC_C_0] Controller ID-1 selected weapon slot: Null Hand: false
[2018.08.21-15.14.57:740][630]LogBlueprintUserMessages: [GameplayPC_C_1] Controller ID-0 selected weapon slot: WeaponSlot1 Hand: true
[2018.08.21-15.14.57:741][630]LogBlueprintUserMessages: [GameplayPC_C_2] Controller ID-2 selected weapon slot: Null Hand: false
[2018.08.21-15.14.58:270][646]LogBlueprintUserMessages: [GameplayPC_C_0] Controller ID-1 selected weapon slot: Null Hand: false
[2018.08.21-15.14.58:270][646]LogBlueprintUserMessages: [GameplayPC_C_1] Controller ID-0 selected weapon slot: WeaponSlot1 Hand: true
[2018.08.21-15.14.58:271][646]LogBlueprintUserMessages: [GameplayPC_C_2] Controller ID-2 selected weapon slot: Null Hand: false
[2018.08.21-15.14.58:801][662]LogBlueprintUserMessages: [GameplayPC_C_0] Controller ID-1 selected weapon slot: Null Hand: false
[2018.08.21-15.14.58:801][662]LogBlueprintUserMessages: [GameplayPC_C_1] Controller ID-0 selected weapon slot: WeaponSlot1 Hand: true
[2018.08.21-15.14.58:802][662]LogBlueprintUserMessages: [GameplayPC_C_2] Controller ID-2 selected weapon slot: Null Hand: false
[2018.08.21-15.14.59:332][678]LogBlueprintUserMessages: [GameplayPC_C_0] Controller ID-1 selected weapon slot: Null Hand: false
[2018.08.21-15.14.59:332][678]LogBlueprintUserMessages: [GameplayPC_C_1] Controller ID-0 selected weapon slot: WeaponSlot1 Hand: true
[2018.08.21-15.14.59:333][678]LogBlueprintUserMessages: [GameplayPC_C_2] Controller ID-2 selected weapon slot: Null Hand: false
[2018.08.21-15.14.59:860][694]LogBlueprintUserMessages: [GameplayPC_C_0] Controller ID-1 selected weapon slot: Null Hand: false
[2018.08.21-15.14.59:860][694]LogBlueprintUserMessages: [GameplayPC_C_1] Controller ID-0 selected weapon slot: WeaponSlot1 Hand: true
[2018.08.21-15.14.59:861][694]LogBlueprintUserMessages: [GameplayPC_C_2] Controller ID-2 selected weapon slot: Null Hand: false
[2018.08.21-15.14.59:993][698]LogBlueprintUserMessages: [GameplayPC_C_1] state start Interaction
[2018.08.21-15.14.59:993][698]LogBlueprintUserMessages: [GameplayPC_C_1] state end Idle
[2018.08.21-15.15.00:390][710]LogBlueprintUserMessages: [GameplayPC_C_0] Controller ID-1 selected weapon slot: Null Hand: false
[2018.08.21-15.15.00:391][710]LogBlueprintUserMessages: [GameplayPC_C_1] Controller ID-0 selected weapon slot: WeaponSlot1 Hand: false
[2018.08.21-15.15.00:392][710]LogBlueprintUserMessages: [GameplayPC_C_2] Controller ID-2 selected weapon slot: Null Hand: false
[2018.08.21-15.15.00:788][722]LogBlueprintUserMessages: [GameplayPC_C_1] state start Interaction
[2018.08.21-15.15.00:788][722]LogBlueprintUserMessages: [GameplayPC_C_1] state end Idle
[2018.08.21-15.15.00:920][726]LogBlueprintUserMessages: [GameplayPC_C_0] Controller ID-1 selected weapon slot: Null Hand: false
[2018.08.21-15.15.00:920][726]LogBlueprintUserMessages: [GameplayPC_C_1] Controller ID-0 selected weapon slot: WeaponSlot1 Hand: true
[2018.08.21-15.15.00:921][726]LogBlueprintUserMessages: [GameplayPC_C_2] Controller ID-2 selected weapon slot: Null Hand: false
[2018.08.21-15.15.01:449][742]LogBlueprintUserMessages: [GameplayPC_C_0] Controller ID-1 selected weapon slot: Null Hand: false
[2018.08.21-15.15.01:449][742]LogBlueprintUserMessages: [GameplayPC_C_1] Controller ID-0 selected weapon slot: WeaponSlot1 Hand: true
[2018.08.21-15.15.01:452][742]LogBlueprintUserMessages: [GameplayPC_C_2] Controller ID-2 selected weapon slot: Null Hand: false
[2018.08.21-15.15.01:548][745]LogBlueprintUserMessages: [GameplayPC_C_1] state start Interaction
[2018.08.21-15.15.01:548][745]LogBlueprintUserMessages: [GameplayPC_C_1] state end Idle
[2018.08.21-15.15.01:977][758]LogBlueprintUserMessages: [GameplayPC_C_0] Controller ID-1 selected weapon slot: Null Hand: false
[2018.08.21-15.15.01:977][758]LogBlueprintUserMessages: [GameplayPC_C_1] Controller ID-0 selected weapon slot: WeaponSlot1 Hand: false
[2018.08.21-15.15.01:978][758]LogBlueprintUserMessages: [GameplayPC_C_2] Controller ID-2 selected weapon slot: Null Hand: false
[2018.08.21-15.15.02:409][771]LogBlueprintUserMessages: [GameplayPC_C_1] state start Interaction
[2018.08.21-15.15.02:409][771]LogBlueprintUserMessages: [GameplayPC_C_1] state end Idle
[2018.08.21-15.15.02:509][774]LogBlueprintUserMessages: [GameplayPC_C_0] Controller ID-1 selected weapon slot: Null Hand: false
[2018.08.21-15.15.02:509][774]LogBlueprintUserMessages: [GameplayPC_C_1] Controller ID-0 selected weapon slot: WeaponSlot1 Hand: true
[2018.08.21-15.15.02:510][774]LogBlueprintUserMessages: [GameplayPC_C_2] Controller ID-2 selected weapon slot: Null Hand: false
[2018.08.21-15.15.03:039][790]LogBlueprintUserMessages: [GameplayPC_C_0] Controller ID-1 selected weapon slot: Null Hand: false
[2018.08.21-15.15.03:039][790]LogBlueprintUserMessages: [GameplayPC_C_1] Controller ID-0 selected weapon slot: WeaponSlot1 Hand: true
[2018.08.21-15.15.03:040][790]LogBlueprintUserMessages: [GameplayPC_C_2] Controller ID-2 selected weapon slot: Null Hand: false
[2018.08.21-15.15.03:336][799]LogBlueprintUserMessages: [GameplayPC_C_1] state start Interaction
[2018.08.21-15.15.03:336][799]LogBlueprintUserMessages: [GameplayPC_C_1] state end Idle
[2018.08.21-15.15.03:566][806]LogBlueprintUserMessages: [GameplayPC_C_0] Controller ID-1 selected weapon slot: Null Hand: false
[2018.08.21-15.15.03:566][806]LogBlueprintUserMessages: [GameplayPC_C_1] Controller ID-0 selected weapon slot: WeaponSlot1 Hand: false
[2018.08.21-15.15.03:567][806]LogBlueprintUserMessages: [GameplayPC_C_2] Controller ID-2 selected weapon slot: Null Hand: false
[2018.08.21-15.15.04:096][822]LogBlueprintUserMessages: [GameplayPC_C_0] Controller ID-1 selected weapon slot: Null Hand: false
[2018.08.21-15.15.04:096][822]LogBlueprintUserMessages: [GameplayPC_C_1] Controller ID-0 selected weapon slot: WeaponSlot1 Hand: false
[2018.08.21-15.15.04:097][822]LogBlueprintUserMessages: [GameplayPC_C_2] Controller ID-2 selected weapon slot: Null Hand: false
[2018.08.21-15.15.04:294][828]LogBlueprintUserMessages: [GameplayPC_C_1] state start Interaction
[2018.08.21-15.15.04:294][828]LogBlueprintUserMessages: [GameplayPC_C_1] state end Idle
[2018.08.21-15.15.04:627][838]LogBlueprintUserMessages: [GameplayPC_C_0] Controller ID-1 selected weapon slot: Null Hand: false
[2018.08.21-15.15.04:627][838]LogBlueprintUserMessages: [GameplayPC_C_1] Controller ID-0 selected weapon slot: WeaponSlot1 Hand: true
[2018.08.21-15.15.04:628][838]LogBlueprintUserMessages: [GameplayPC_C_2] Controller ID-2 selected weapon slot: Null Hand: false
[2018.08.21-15.15.05:155][854]LogBlueprintUserMessages: [GameplayPC_C_0] Controller ID-1 selected weapon slot: Null Hand: false
[2018.08.21-15.15.05:155][854]LogBlueprintUserMessages: [GameplayPC_C_1] Controller ID-0 selected weapon slot: WeaponSlot1 Hand: true
[2018.08.21-15.15.05:156][854]LogBlueprintUserMessages: [GameplayPC_C_2] Controller ID-2 selected weapon slot: Null Hand: false
[2018.08.21-15.15.05:221][856]LogBlueprintUserMessages: [GameplayPC_C_1] state start Interaction
[2018.08.21-15.15.05:221][856]LogBlueprintUserMessages: [GameplayPC_C_1] state end Idle
[2018.08.21-15.15.05:684][870]LogBlueprintUserMessages: [GameplayPC_C_0] Controller ID-1 selected weapon slot: Null Hand: false
[2018.08.21-15.15.05:684][870]LogBlueprintUserMessages: [GameplayPC_C_1] Controller ID-0 selected weapon slot: WeaponSlot1 Hand: false
[2018.08.21-15.15.05:685][870]LogBlueprintUserMessages: [GameplayPC_C_2] Controller ID-2 selected weapon slot: Null Hand: false
[2018.08.21-15.15.06:179][885]LogBlueprintUserMessages: [GameplayPC_C_1] state start Interaction
[2018.08.21-15.15.06:179][885]LogBlueprintUserMessages: [GameplayPC_C_1] state end Idle
[2018.08.21-15.15.06:212][886]LogBlueprintUserMessages: [GameplayPC_C_0] Controller ID-1 selected weapon slot: Null Hand: false
[2018.08.21-15.15.06:212][886]LogBlueprintUserMessages: [GameplayPC_C_1] Controller ID-0 selected weapon slot: WeaponSlot1 Hand: true
[2018.08.21-15.15.06:213][886]LogBlueprintUserMessages: [GameplayPC_C_2] Controller ID-2 selected weapon slot: Null Hand: false
[2018.08.21-15.15.06:742][902]LogBlueprintUserMessages: [GameplayPC_C_0] Controller ID-1 selected weapon slot: Null Hand: false
[2018.08.21-15.15.06:742][902]LogBlueprintUserMessages: [GameplayPC_C_1] Controller ID-0 selected weapon slot: WeaponSlot1 Hand: true
[2018.08.21-15.15.06:743][902]LogBlueprintUserMessages: [GameplayPC_C_2] Controller ID-2 selected weapon slot: Null Hand: false
[2018.08.21-15.15.07:243][917]LogBlueprintUserMessages: [GameplayPC_C_0] Controller ID-1 selected weapon slot: Null Hand: false
[2018.08.21-15.15.07:243][917]LogBlueprintUserMessages: [GameplayPC_C_1] Controller ID-0 selected weapon slot: WeaponSlot1 Hand: true
[2018.08.21-15.15.07:245][917]LogBlueprintUserMessages: [GameplayPC_C_2] Controller ID-2 selected weapon slot: Null Hand: false
[2018.08.21-15.15.07:773][933]LogBlueprintUserMessages: [GameplayPC_C_0] Controller ID-1 selected weapon slot: Null Hand: false
[2018.08.21-15.15.07:773][933]LogBlueprintUserMessages: [GameplayPC_C_1] Controller ID-0 selected weapon slot: WeaponSlot1 Hand: true
[2018.08.21-15.15.07:774][933]LogBlueprintUserMessages: [GameplayPC_C_2] Controller ID-2 selected weapon slot: Null Hand: false
[2018.08.21-15.15.08:138][944]LogBlueprintUserMessages: [GameplayPC_C_1] Reset Jump controller id: 0
[2018.08.21-15.15.08:305][949]LogBlueprintUserMessages: [GameplayPC_C_0] Controller ID-1 selected weapon slot: Null Hand: false
[2018.08.21-15.15.08:305][949]LogBlueprintUserMessages: [GameplayPC_C_1] Controller ID-0 selected weapon slot: WeaponSlot1 Hand: true
[2018.08.21-15.15.08:306][949]LogBlueprintUserMessages: [GameplayPC_C_2] Controller ID-2 selected weapon slot: Null Hand: false
[2018.08.21-15.15.08:700][961]LogNet: UChannel::ReceivedSequencedBunch: Bunch.bClose == true. ChIndex == 0. Calling ConditionalCleanUp.
[2018.08.21-15.15.08:700][961]LogNet: UChannel::CleanUp: ChIndex == 0. Closing connection. [UChannel] ChIndex: 0, Closing: 0 [UNetConnection] RemoteAddr: 127.0.0.1:61612, Name: IpConnection_2, Driver: GameNetDriver IpNetDriver_0, IsServer: YES, PC: GameplayPC_C_1, Owner: GameplayPC_C_1, UniqueId: DESKTOP-LI0N2FC-11A230A34355738EAC885F83442F510D
[2018.08.21-15.15.08:701][961]LogNet: UNetConnection::Close: [UNetConnection] RemoteAddr: 127.0.0.1:61612, Name: IpConnection_2, Driver: GameNetDriver IpNetDriver_0, IsServer: YES, PC: GameplayPC_C_1, Owner: GameplayPC_C_1, UniqueId: DESKTOP-LI0N2FC-11A230A34355738EAC885F83442F510D, Channels: 13, Time: 2018.08.21-15.15.08
[2018.08.21-15.15.08:701][961]LogNet: UChannel::Close: Sending CloseBunch. ChIndex == 0. Name: [UChannel] ChIndex: 0, Closing: 0 [UNetConnection] RemoteAddr: 127.0.0.1:61612, Name: IpConnection_2, Driver: GameNetDriver IpNetDriver_0, IsServer: YES, PC: GameplayPC_C_1, Owner: GameplayPC_C_1, UniqueId: DESKTOP-LI0N2FC-11A230A34355738EAC885F83442F510D
[2018.08.21-15.15.08:702][961]LogOnline: Warning: OSS: Can't destroy a null online session (GameSession)
[2018.08.21-15.15.08:702][961]LogOnline: Warning: OSS: No game present to leave for session (GameSession)
[2018.08.21-15.15.08:833][965]LogBlueprintUserMessages: [GameplayPC_C_0] Controller ID-1 selected weapon slot: Null Hand: false
[2018.08.21-15.15.08:833][965]LogBlueprintUserMessages: [GameplayPC_C_2] Controller ID-2 selected weapon slot: Null Hand: false
[2018.08.21-15.15.09:359][981]LogBlueprintUserMessages: [GameplayPC_C_0] Controller ID-1 selected weapon slot: Null Hand: false
[2018.08.21-15.15.09:359][981]LogBlueprintUserMessages: [GameplayPC_C_2] Controller ID-2 selected weapon slot: Null Hand: false
[2018.08.21-15.15.09:591][988]LogNet: UChannel::ReceivedSequencedBunch: Bunch.bClose == true. ChIndex == 0. Calling ConditionalCleanUp.
[2018.08.21-15.15.09:591][988]LogNet: UChannel::CleanUp: ChIndex == 0. Closing connection. [UChannel] ChIndex: 0, Closing: 0 [UNetConnection] RemoteAddr: 127.0.0.1:61611, Name: IpConnection_1, Driver: GameNetDriver IpNetDriver_0, IsServer: YES, PC: GameplayPC_C_2, Owner: GameplayPC_C_2, UniqueId: DESKTOP-LI0N2FC-5A7748C149634A574F2887B7D25D2B8D
[2018.08.21-15.15.09:591][988]LogNet: UNetConnection::Close: [UNetConnection] RemoteAddr: 127.0.0.1:61611, Name: IpConnection_1, Driver: GameNetDriver IpNetDriver_0, IsServer: YES, PC: GameplayPC_C_2, Owner: GameplayPC_C_2, UniqueId: DESKTOP-LI0N2FC-5A7748C149634A574F2887B7D25D2B8D, Channels: 12, Time: 2018.08.21-15.15.09
[2018.08.21-15.15.09:592][988]LogNet: UChannel::Close: Sending CloseBunch. ChIndex == 0. Name: [UChannel] ChIndex: 0, Closing: 0 [UNetConnection] RemoteAddr: 127.0.0.1:61611, Name: IpConnection_1, Driver: GameNetDriver IpNetDriver_0, IsServer: YES, PC: GameplayPC_C_2, Owner: GameplayPC_C_2, UniqueId: DESKTOP-LI0N2FC-5A7748C149634A574F2887B7D25D2B8D
[2018.08.21-15.15.09:592][988]LogOnline: Warning: OSS: Can't destroy a null online session (GameSession)
[2018.08.21-15.15.09:593][988]LogOnline: Warning: OSS: No game present to leave for session (GameSession)
[2018.08.21-15.15.09:890][997]LogBlueprintUserMessages: [GameplayPC_C_0] Controller ID-1 selected weapon slot: Null Hand: false
[2018.08.21-15.15.10:416][ 13]LogBlueprintUserMessages: [GameplayPC_C_0] Controller ID-1 selected weapon slot: Null Hand: false
[2018.08.21-15.15.10:515][ 16]LogNet: UChannel::ReceivedSequencedBunch: Bunch.bClose == true. ChIndex == 0. Calling ConditionalCleanUp.
[2018.08.21-15.15.10:515][ 16]LogNet: UChannel::CleanUp: ChIndex == 0. Closing connection. [UChannel] ChIndex: 0, Closing: 0 [UNetConnection] RemoteAddr: 127.0.0.1:61610, Name: IpConnection_0, Driver: GameNetDriver IpNetDriver_0, IsServer: YES, PC: GameplayPC_C_0, Owner: GameplayPC_C_0, UniqueId: DESKTOP-LI0N2FC-83F885654466B5A4E740F798671866E8
[2018.08.21-15.15.10:516][ 16]LogNet: UNetConnection::Close: [UNetConnection] RemoteAddr: 127.0.0.1:61610, Name: IpConnection_0, Driver: GameNetDriver IpNetDriver_0, IsServer: YES, PC: GameplayPC_C_0, Owner: GameplayPC_C_0, UniqueId: DESKTOP-LI0N2FC-83F885654466B5A4E740F798671866E8, Channels: 11, Time: 2018.08.21-15.15.10
[2018.08.21-15.15.10:516][ 16]LogNet: UChannel::Close: Sending CloseBunch. ChIndex == 0. Name: [UChannel] ChIndex: 0, Closing: 0 [UNetConnection] RemoteAddr: 127.0.0.1:61610, Name: IpConnection_0, Driver: GameNetDriver IpNetDriver_0, IsServer: YES, PC: GameplayPC_C_0, Owner: GameplayPC_C_0, UniqueId: DESKTOP-LI0N2FC-83F885654466B5A4E740F798671866E8
[2018.08.21-15.15.10:517][ 16]LogOnline: Warning: OSS: Can't destroy a null online session (GameSession)
[2018.08.21-15.15.10:517][ 16]LogOnline: Warning: OSS: No game present to leave for session (GameSession)
