Log file open, 08/21/18 06:20:40
LogWindows: Failed to load 'aqProf.dll' (GetLastError=126)
LogWindows: File 'aqProf.dll' does not exist
LogWindows: Failed to load 'VtuneApi.dll' (GetLastError=126)
LogWindows: File 'VtuneApi.dll' does not exist
LogWindows: Failed to load 'VtuneApi32e.dll' (GetLastError=126)
LogWindows: File 'VtuneApi32e.dll' does not exist
LogInit: Display: Running engine for game: DarkCrystal
LogPlatformFile: Not using cached read wrapper
LogInit: Display: RandInit(-760200621) SRandInit(-760200621).
LogInit: Read version file with build ID '3944462'
LogInit: Overriding engine version to CL 4033788, compatible CL 3944462
LogInit: Registered custom module enumerator with build ID '3944462'
LogTaskGraph: Started task graph with 5 named threads and 23 total threads with 3 sets of task threads.
LogStats: Stats thread started at 0.282081
LogD3D11RHI: Aftermath initialized
LogICUInternationalization: Display: ICU TimeZone Detection - Raw Offset: -8:00, Platform Override: ''
LogModuleManager: Display: Found up-to-date module file ../../../Engine/Plugins/Online/OnlineSubsystemSteam/Binaries/Win64/UE4Editor-OnlineSubsystemSteam.dll (API version 3944462).
LogModuleManager: Display: Found up-to-date module file ../../../Engine/Plugins/Online/OnlineSubsystem/Binaries/Win64/UE4Editor-OnlineSubsystem.dll (API version 3944462).
LogModuleManager: Display: Found up-to-date module file ../../../Engine/Plugins/Online/OnlineSubsystemUtils/Binaries/Win64/UE4Editor-OnlineSubsystemUtils.dll (API version 3944462).
LogModuleManager: Display: Found up-to-date module file ../../../Engine/Plugins/Online/OnlineSubsystemUtils/Binaries/Win64/UE4Editor-OnlineBlueprintSupport.dll (API version 3944462).
LogModuleManager: Display: Found up-to-date module file ../../../Engine/Plugins/VictoryPlugin/Binaries/Win64/UE4Editor-VictoryBPLibrary.dll (API version 3944462).
LogModuleManager: Display: Found up-to-date module file ../../../Engine/Plugins/Runtime/ApexDestruction/Binaries/Win64/UE4Editor-ApexDestruction.dll (API version 3944462).
LogModuleManager: Display: Found up-to-date module file ../../../Engine/Plugins/Runtime/ApexDestruction/Binaries/Win64/UE4Editor-ApexDestructionEditor.dll (API version 3944462).
LogModuleManager: Display: Found up-to-date module file ../../../Engine/Plugins/AdvancedSessions/AdvancedSessions/Binaries/Win64/UE4Editor-AdvancedSessions.dll (API version 3944462).
LogModuleManager: Display: Found up-to-date module file ../../../Engine/Plugins/AdvancedSessions/AdvancedSteamSessions/Binaries/Win64/UE4Editor-AdvancedSteamSessions.dll (API version 3944462).
LogModuleManager: Display: Found up-to-date module file ../../../Engine/Plugins/2D/Paper2D/Binaries/Win64/UE4Editor-Paper2D.dll (API version 3944462).
LogModuleManager: Display: Found up-to-date module file ../../../Engine/Plugins/2D/Paper2D/Binaries/Win64/UE4Editor-Paper2DEditor.dll (API version 3944462).
LogModuleManager: Display: Found up-to-date module file ../../../Engine/Plugins/2D/Paper2D/Binaries/Win64/UE4Editor-PaperSpriteSheetImporter.dll (API version 3944462).
LogModuleManager: Display: Found up-to-date module file ../../../Engine/Plugins/2D/Paper2D/Binaries/Win64/UE4Editor-PaperTiledImporter.dll (API version 3944462).
LogModuleManager: Display: Found up-to-date module file ../../../Engine/Plugins/2D/Paper2D/Binaries/Win64/UE4Editor-SmartSnapping.dll (API version 3944462).
LogModuleManager: Display: Found up-to-date module file ../../../Engine/Plugins/Blendables/LightPropagationVolume/Binaries/Win64/UE4Editor-LightPropagationVolumeRuntime.dll (API version 3944462).
LogModuleManager: Display: Found up-to-date module file ../../../Engine/Plugins/Blendables/LightPropagationVolume/Binaries/Win64/UE4Editor-LightPropagationVolumeEditor.dll (API version 3944462).
LogModuleManager: Display: Found up-to-date module file ../../../Engine/Plugins/Developer/CLionSourceCodeAccess/Binaries/Win64/UE4Editor-CLionSourceCodeAccess.dll (API version 3944462).
LogModuleManager: Display: Found up-to-date module file ../../../Engine/Plugins/Developer/GitSourceControl/Binaries/Win64/UE4Editor-GitSourceControl.dll (API version 3944462).
LogModuleManager: Display: Found up-to-date module file ../../../Engine/Plugins/Developer/PerforceSourceControl/Binaries/Win64/UE4Editor-PerforceSourceControl.dll (API version 3944462).
LogModuleManager: Display: Found up-to-date module file ../../../Engine/Plugins/Developer/SubversionSourceControl/Binaries/Win64/UE4Editor-SubversionSourceControl.dll (API version 3944462).
LogModuleManager: Display: Found up-to-date module file ../../../Engine/Plugins/Developer/UObjectPlugin/Binaries/Win64/UE4Editor-UObjectPlugin.dll (API version 3944462).
LogModuleManager: Display: Found up-to-date module file ../../../Engine/Plugins/Developer/VisualStudioCodeSourceCodeAccess/Binaries/Win64/UE4Editor-VisualStudioCodeSourceCodeAccess.dll (API version 3944462).
LogModuleManager: Display: Found up-to-date module file ../../../Engine/Plugins/Developer/VisualStudioSourceCodeAccess/Binaries/Win64/UE4Editor-VisualStudioSourceCodeAccess.dll (API version 3944462).
LogModuleManager: Display: Found up-to-date module file ../../../Engine/Plugins/Editor/AssetManagerEditor/Binaries/Win64/UE4Editor-AssetManagerEditor.dll (API version 3944462).
LogModuleManager: Display: Found up-to-date module file ../../../Engine/Plugins/Editor/CryptoKeys/Binaries/Win64/UE4Editor-CryptoKeys.dll (API version 3944462).
LogModuleManager: Display: Found up-to-date module file ../../../Engine/Plugins/Editor/CryptoKeys/Binaries/Win64/UE4Editor-CryptoKeysOpenSSL.dll (API version 3944462).
LogModuleManager: Display: Found up-to-date module file ../../../Engine/Plugins/Editor/DataValidation/Binaries/Win64/UE4Editor-DataValidation.dll (API version 3944462).
LogModuleManager: Display: Found up-to-date module file ../../../Engine/Plugins/Editor/FacialAnimation/Binaries/Win64/UE4Editor-FacialAnimation.dll (API version 3944462).
LogModuleManager: Display: Found up-to-date module file ../../../Engine/Plugins/Editor/FacialAnimation/Binaries/Win64/UE4Editor-FacialAnimationEditor.dll (API version 3944462).
LogModuleManager: Display: Found up-to-date module file ../../../Engine/Plugins/Editor/GameplayTagsEditor/Binaries/Win64/UE4Editor-GameplayTagsEditor.dll (API version 3944462).
LogModuleManager: Display: Found up-to-date module file ../../../Engine/Plugins/Editor/MobileLauncherProfileWizard/Binaries/Win64/UE4Editor-MobileLauncherProfileWizard.dll (API version 3944462).
LogModuleManager: Display: Found up-to-date module file ../../../Engine/Plugins/Editor/PluginBrowser/Binaries/Win64/UE4Editor-PluginBrowser.dll (API version 3944462).
LogModuleManager: Display: Found up-to-date module file ../../../Engine/Plugins/Editor/SpeedTreeImporter/Binaries/Win64/UE4Editor-SpeedTreeImporter.dll (API version 3944462).
LogModuleManager: Display: Found up-to-date module file ../../../Engine/Plugins/Enterprise/DatasmithContent/Binaries/Win64/UE4Editor-DatasmithContent.dll (API version 3944462).
LogModuleManager: Display: Found up-to-date module file ../../../Engine/Plugins/Experimental/AlembicImporter/Binaries/Win64/UE4Editor-AlembicImporter.dll (API version 3944462).
LogModuleManager: Display: Found up-to-date module file ../../../Engine/Plugins/Experimental/AlembicImporter/Binaries/Win64/UE4Editor-AlembicLibrary.dll (API version 3944462).
LogModuleManager: Display: Found up-to-date module file ../../../Engine/Plugins/Experimental/CharacterAI/Binaries/Win64/UE4Editor-CharacterAI.dll (API version 3944462).
LogModuleManager: Display: Found up-to-date module file ../../../Engine/Plugins/Experimental/HTML5Networking/Binaries/Win64/UE4Editor-HTML5Networking.dll (API version 3944462).
LogModuleManager: Display: Found up-to-date module file ../../../Engine/Plugins/Media/AndroidMedia/Binaries/Win64/UE4Editor-AndroidMediaEditor.dll (API version 3944462).
LogModuleManager: Display: Found up-to-date module file ../../../Engine/Plugins/Media/AndroidMedia/Binaries/Win64/UE4Editor-AndroidMediaFactory.dll (API version 3944462).
LogModuleManager: Display: Found up-to-date module file ../../../Engine/Plugins/Media/AvfMedia/Binaries/Win64/UE4Editor-AvfMediaEditor.dll (API version 3944462).
LogModuleManager: Display: Found up-to-date module file ../../../Engine/Plugins/Media/AvfMedia/Binaries/Win64/UE4Editor-AvfMediaFactory.dll (API version 3944462).
LogModuleManager: Display: Found up-to-date module file ../../../Engine/Plugins/Media/AvfMedia/Binaries/Win64/UE4Editor-AvfMediaFactory.dll (API version 3944462).
LogModuleManager: Display: Found up-to-date module file ../../../Engine/Plugins/Media/ImgMedia/Binaries/Win64/UE4Editor-ImgMedia.dll (API version 3944462).
LogModuleManager: Display: Found up-to-date module file ../../../Engine/Plugins/Media/ImgMedia/Binaries/Win64/UE4Editor-ImgMediaEditor.dll (API version 3944462).
LogModuleManager: Display: Found up-to-date module file ../../../Engine/Plugins/Media/ImgMedia/Binaries/Win64/UE4Editor-ImgMediaFactory.dll (API version 3944462).
LogModuleManager: Display: Found up-to-date module file ../../../Engine/Plugins/Media/ImgMedia/Binaries/Win64/UE4Editor-ImgMediaFactory.dll (API version 3944462).
LogModuleManager: Display: Found up-to-date module file ../../../Engine/Plugins/Media/ImgMedia/Binaries/Win64/UE4Editor-OpenExrWrapper.dll (API version 3944462).
LogModuleManager: Display: Found up-to-date module file ../../../Engine/Plugins/Media/LinearTimecode/Binaries/Win64/UE4Editor-LinearTimecode.dll (API version 3944462).
LogModuleManager: Display: Found up-to-date module file ../../../Engine/Plugins/Media/MediaCompositing/Binaries/Win64/UE4Editor-MediaCompositing.dll (API version 3944462).
LogModuleManager: Display: Found up-to-date module file ../../../Engine/Plugins/Media/MediaCompositing/Binaries/Win64/UE4Editor-MediaCompositingEditor.dll (API version 3944462).
LogModuleManager: Display: Found up-to-date module file ../../../Engine/Plugins/Media/MediaPlayerEditor/Binaries/Win64/UE4Editor-MediaPlayerEditor.dll (API version 3944462).
LogModuleManager: Display: Found up-to-date module file ../../../Engine/Plugins/Media/WmfMedia/Binaries/Win64/UE4Editor-WmfMedia.dll (API version 3944462).
LogModuleManager: Display: Found up-to-date module file ../../../Engine/Plugins/Media/WmfMedia/Binaries/Win64/UE4Editor-WmfMediaEditor.dll (API version 3944462).
LogModuleManager: Display: Found up-to-date module file ../../../Engine/Plugins/Media/WmfMedia/Binaries/Win64/UE4Editor-WmfMediaFactory.dll (API version 3944462).
LogModuleManager: Display: Found up-to-date module file ../../../Engine/Plugins/Media/WmfMedia/Binaries/Win64/UE4Editor-WmfMediaFactory.dll (API version 3944462).
LogModuleManager: Display: Found up-to-date module file ../../../Engine/Plugins/Messaging/TcpMessaging/Binaries/Win64/UE4Editor-TcpMessaging.dll (API version 3944462).
LogModuleManager: Display: Found up-to-date module file ../../../Engine/Plugins/Messaging/UdpMessaging/Binaries/Win64/UE4Editor-UdpMessaging.dll (API version 3944462).
LogModuleManager: Display: Found up-to-date module file ../../../Engine/Plugins/MovieScene/ActorSequence/Binaries/Win64/UE4Editor-ActorSequence.dll (API version 3944462).
LogModuleManager: Display: Found up-to-date module file ../../../Engine/Plugins/MovieScene/LevelSequenceEditor/Binaries/Win64/UE4Editor-LevelSequenceEditor.dll (API version 3944462).
LogModuleManager: Display: Found up-to-date module file ../../../Engine/Plugins/MovieScene/MatineeToLevelSequence/Binaries/Win64/UE4Editor-MatineeToLevelSequence.dll (API version 3944462).
LogModuleManager: Display: Found up-to-date module file ../../../Engine/Plugins/NetcodeUnitTest/NetcodeUnitTest/Binaries/Win64/UE4Editor-NetcodeUnitTest.dll (API version 3944462).
LogModuleManager: Display: Found up-to-date module file ../../../Engine/Plugins/NetcodeUnitTest/NUTUnrealEngine4/Binaries/Win64/UE4Editor-NUTUnrealEngine4.dll (API version 3944462).
LogModuleManager: Display: Found up-to-date module file ../../../Engine/Plugins/Runtime/AndroidPermission/Binaries/Win64/UE4Editor-AndroidPermission.dll (API version 3944462).
LogModuleManager: Display: Found up-to-date module file ../../../Engine/Plugins/Online/OnlineSubsystemNull/Binaries/Win64/UE4Editor-OnlineSubsystemNull.dll (API version 3944462).
LogModuleManager: Display: Found up-to-date module file ../../../Engine/Plugins/Runtime/AndroidDeviceProfileSelector/Binaries/Win64/UE4Editor-AndroidDeviceProfileSelector.dll (API version 3944462).
LogModuleManager: Display: Found up-to-date module file ../../../Engine/Plugins/Runtime/AppleARKit/Binaries/Win64/UE4Editor-AppleARKit.dll (API version 3944462).
LogModuleManager: Display: Found up-to-date module file ../../../Engine/Plugins/Runtime/ProceduralMeshComponent/Binaries/Win64/UE4Editor-ProceduralMeshComponent.dll (API version 3944462).
LogModuleManager: Display: Found up-to-date module file ../../../Engine/Plugins/Runtime/ProceduralMeshComponent/Binaries/Win64/UE4Editor-ProceduralMeshComponentEditor.dll (API version 3944462).
LogModuleManager: Display: Found up-to-date module file ../../../Engine/Plugins/Animation/LiveLink/Binaries/Win64/UE4Editor-LiveLink.dll (API version 3944462).
LogModuleManager: Display: Found up-to-date module file ../../../Engine/Plugins/Animation/LiveLink/Binaries/Win64/UE4Editor-LiveLinkEditor.dll (API version 3944462).
LogModuleManager: Display: Found up-to-date module file ../../../Engine/Plugins/Runtime/ArchVisCharacter/Binaries/Win64/UE4Editor-ArchVisCharacter.dll (API version 3944462).
LogModuleManager: Display: Found up-to-date module file ../../../Engine/Plugins/Runtime/AudioCapture/Binaries/Win64/UE4Editor-AudioCapture.dll (API version 3944462).
LogModuleManager: Display: Found up-to-date module file ../../../Engine/Plugins/Runtime/AudioCapture/Binaries/Win64/UE4Editor-AudioCaptureEditor.dll (API version 3944462).
LogModuleManager: Display: Found up-to-date module file ../../../Engine/Plugins/Runtime/CableComponent/Binaries/Win64/UE4Editor-CableComponent.dll (API version 3944462).
LogModuleManager: Display: Found up-to-date module file ../../../Engine/Plugins/Runtime/CustomMeshComponent/Binaries/Win64/UE4Editor-CustomMeshComponent.dll (API version 3944462).
LogModuleManager: Display: Found up-to-date module file ../../../Engine/Plugins/Runtime/ExampleDeviceProfileSelector/Binaries/Win64/UE4Editor-ExampleDeviceProfileSelector.dll (API version 3944462).
LogModuleManager: Display: Found up-to-date module file ../../../Engine/Plugins/Runtime/ImmediatePhysics/Binaries/Win64/UE4Editor-ImmediatePhysics.dll (API version 3944462).
LogModuleManager: Display: Found up-to-date module file ../../../Engine/Plugins/Runtime/ImmediatePhysics/Binaries/Win64/UE4Editor-ImmediatePhysicsEditor.dll (API version 3944462).
LogModuleManager: Display: Found up-to-date module file ../../../Engine/Plugins/Runtime/LocationServicesBPLibrary/Binaries/Win64/UE4Editor-LocationServicesBPLibrary.dll (API version 3944462).
LogModuleManager: Display: Found up-to-date module file ../../../Engine/Plugins/Runtime/MobilePatchingUtils/Binaries/Win64/UE4Editor-MobilePatchingUtils.dll (API version 3944462).
LogModuleManager: Display: Found up-to-date module file ../../../Engine/Plugins/Runtime/Oculus/OculusVR/Binaries/Win64/UE4Editor-OculusHMD.dll (API version 3944462).
LogModuleManager: Display: Found up-to-date module file ../../../Engine/Plugins/Runtime/Oculus/OculusVR/Binaries/Win64/UE4Editor-OculusInput.dll (API version 3944462).
LogModuleManager: Display: Found up-to-date module file ../../../Engine/Plugins/Runtime/Oculus/OculusVR/Binaries/Win64/UE4Editor-OculusEditor.dll (API version 3944462).
LogModuleManager: Display: Found up-to-date module file ../../../Engine/Plugins/Runtime/PhysXVehicles/Binaries/Win64/UE4Editor-PhysXVehicles.dll (API version 3944462).
LogModuleManager: Display: Found up-to-date module file ../../../Engine/Plugins/Runtime/PhysXVehicles/Binaries/Win64/UE4Editor-PhysXVehiclesEditor.dll (API version 3944462).
LogModuleManager: Display: Found up-to-date module file ../../../Engine/Plugins/Runtime/RuntimePhysXCooking/Binaries/Win64/UE4Editor-RuntimePhysXCooking.dll (API version 3944462).
LogModuleManager: Display: Found up-to-date module file ../../../Engine/Plugins/Runtime/Steam/SteamVR/Binaries/Win64/UE4Editor-SteamVR.dll (API version 3944462).
LogModuleManager: Display: Found up-to-date module file ../../../Engine/Plugins/Runtime/Steam/SteamVR/Binaries/Win64/UE4Editor-SteamVRController.dll (API version 3944462).
LogModuleManager: Display: Found up-to-date module file ../../../Engine/Plugins/Runtime/WindowsMoviePlayer/Binaries/Win64/UE4Editor-WindowsMoviePlayer.dll (API version 3944462).
LogPluginManager: Mounting plugin Paper2D
LogPluginManager: Mounting plugin AdvancedSessions
LogPluginManager: Mounting plugin AdvancedSteamSessions
LogPluginManager: Mounting plugin LiveLink
LogPluginManager: Mounting plugin LightPropagationVolume
LogPluginManager: Mounting plugin CLionSourceCodeAccess
LogPluginManager: Mounting plugin CodeLiteSourceCodeAccess
LogPluginManager: Mounting plugin GitSourceControl
LogPluginManager: Mounting plugin KDevelopSourceCodeAccess
LogPluginManager: Mounting plugin NullSourceCodeAccess
LogPluginManager: Mounting plugin PerforceSourceControl
LogPluginManager: Mounting plugin SubversionSourceControl
LogPluginManager: Mounting plugin UObjectPlugin
LogPluginManager: Mounting plugin VisualStudioCodeSourceCodeAccess
LogPluginManager: Mounting plugin VisualStudioSourceCodeAccess
LogPluginManager: Mounting plugin XCodeSourceCodeAccess
LogPluginManager: Mounting plugin AssetManagerEditor
LogPluginManager: Mounting plugin CryptoKeys
LogPluginManager: Mounting plugin DataValidation
LogPluginManager: Mounting plugin FacialAnimation
LogPluginManager: Mounting plugin GameplayTagsEditor
LogPluginManager: Mounting plugin MobileLauncherProfileWizard
LogPluginManager: Mounting plugin PluginBrowser
LogPluginManager: Mounting plugin SpeedTreeImporter
LogPluginManager: Mounting plugin DatasmithContent
LogPluginManager: Mounting plugin AlembicImporter
LogPluginManager: Mounting plugin CharacterAI
LogPluginManager: Mounting plugin HTML5Networking
LogPluginManager: Mounting plugin AndroidMedia
LogPluginManager: Mounting plugin AvfMedia
LogPluginManager: Mounting plugin ImgMedia
LogPluginManager: Mounting plugin LinearTimecode
LogPluginManager: Mounting plugin MediaCompositing
LogPluginManager: Mounting plugin MediaPlayerEditor
LogPluginManager: Mounting plugin WmfMedia
LogPluginManager: Mounting plugin TcpMessaging
LogPluginManager: Mounting plugin UdpMessaging
LogPluginManager: Mounting plugin ActorSequence
LogPluginManager: Mounting plugin LevelSequenceEditor
LogPluginManager: Mounting plugin MatineeToLevelSequence
LogPluginManager: Mounting plugin NetcodeUnitTest
LogPluginManager: Mounting plugin NUTUnrealEngine4
LogPluginManager: Mounting plugin OnlineSubsystemGooglePlay
LogPluginManager: Mounting plugin OnlineSubsystemIOS
LogPluginManager: Mounting plugin OnlineSubsystem
LogPluginManager: Mounting plugin OnlineSubsystemNull
LogPluginManager: Mounting plugin OnlineSubsystemSteam
LogPluginManager: Mounting plugin OnlineSubsystemUtils
LogPluginManager: Mounting plugin AndroidDeviceProfileSelector
LogPluginManager: Mounting plugin AndroidMoviePlayer
LogPluginManager: Mounting plugin AndroidPermission
LogPluginManager: Mounting plugin ApexDestruction
LogPluginManager: Mounting plugin AppleARKit
LogPluginManager: Mounting plugin AppleMoviePlayer
LogPluginManager: Mounting plugin ArchVisCharacter
LogPluginManager: Mounting plugin AudioCapture
LogPluginManager: Mounting plugin CableComponent
LogPluginManager: Mounting plugin CustomMeshComponent
LogPluginManager: Mounting plugin ExampleDeviceProfileSelector
LogPluginManager: Mounting plugin GoogleCloudMessaging
LogPluginManager: Mounting plugin ImmediatePhysics
LogPluginManager: Mounting plugin IOSDeviceProfileSelector
LogPluginManager: Mounting plugin LinuxDeviceProfileSelector
LogPluginManager: Mounting plugin LocationServicesBPLibrary
LogPluginManager: Mounting plugin MobilePatchingUtils
LogPluginManager: Mounting plugin OculusVR
LogPluginManager: Plugin shader directory ../../../Engine/Plugins/Runtime/Oculus/OculusVR/Shaders found
LogPluginManager: Mapping shader source directory ../../../Engine/Plugins/Runtime/Oculus/OculusVR/Shaders to virtual directory /Plugin/OculusVR
LogPluginManager: Mounting plugin PhysXVehicles
LogPluginManager: Mounting plugin ProceduralMeshComponent
LogPluginManager: Mounting plugin RuntimePhysXCooking
LogPluginManager: Mounting plugin SteamVR
LogPluginManager: Mounting plugin WindowsMoviePlayer
LogPluginManager: Mounting plugin VictoryBPLibrary
LogStreaming: Display: Took  0.715s to configure plugins.
LogInit: Using libcurl 7.47.1
LogInit:  - built for x86_64-pc-win32
LogInit:  - supports SSL with OpenSSL/1.0.2g
LogInit:  - supports HTTP deflate (compression) using libz 1.2.8
LogInit:  - other features:
LogInit:      CURL_VERSION_SSL
LogInit:      CURL_VERSION_LIBZ
LogInit:      CURL_VERSION_IPV6
LogInit:      CURL_VERSION_ASYNCHDNS
LogInit:      CURL_VERSION_LARGEFILE
LogInit:      CURL_VERSION_IDN
LogInit:  CurlRequestOptions (configurable via config and command line):
LogInit:  - bVerifyPeer = false  - Libcurl will NOT verify peer certificate
LogInit:  - bUseHttpProxy = false  - Libcurl will NOT use HTTP proxy
LogInit:  - bDontReuseConnections = false  - Libcurl will reuse connections
LogInit:  - CertBundlePath = nullptr  - Libcurl will use whatever was configured at build time.
LogInit:  - MaxHostConnections = 16  - Libcurl will limit the number of connections to a host
LogInit:  - LocalHostAddr = Default
LogOnline: Display: STEAM: Loading Steam SDK 1.39
LogOnline: Warning: STEAM: Steam API disabled!
LogOnline: Display: STEAM: OnlineSubsystemSteam::Shutdown()
LogInit: WinSock: version 1.1 (2.2), MaxSocks=32767, MaxUdp=65467
LogInit: WinSock: I am DESKTOP-LI0N2FC (192.168.29.155:0)
LogInit: Build: ++UE4+Release-4.19-CL-4033788
LogInit: Engine Version: 4.19.2-4033788+++UE4+Release-4.19
LogInit: Compatible Engine Version: 4.19.0-3944462+++UE4+Release-4.19
LogInit: Net CL: 3944462
LogDevObjectVersion: Number of dev versions registered: 18
LogDevObjectVersion:   Dev-Blueprints (B0D832E4-1F89-4F0D-ACCF-7EB736FD4AA2): 10
LogDevObjectVersion:   Dev-Build (E1C64328-A22C-4D53-A36C-8E866417BD8C): 0
LogDevObjectVersion:   Dev-Core (375EC13C-06E4-48FB-B500-84F0262A717E): 2
LogDevObjectVersion:   Dev-Editor (E4B068ED-F494-42E9-A231-DA0B2E46BB41): 23
LogDevObjectVersion:   Dev-Framework (CFFC743F-43B0-4480-9391-14DF171D2073): 33
LogDevObjectVersion:   Dev-Mobile (B02B49B5-BB20-44E9-A304-32B752E40360): 2
LogDevObjectVersion:   Dev-Networking (A4E4105C-59A1-49B5-A7C5-40C4547EDFEE): 0
LogDevObjectVersion:   Dev-Online (39C831C9-5AE6-47DC-9A44-9C173E1C8E7C): 0
LogDevObjectVersion:   Dev-Physics (78F01B33-EBEA-4F98-B9B4-84EACCB95AA2): 0
LogDevObjectVersion:   Dev-Platform (6631380F-2D4D-43E0-8009-CF276956A95A): 0
LogDevObjectVersion:   Dev-Rendering (12F88B9F-8875-4AFC-A67C-D90C383ABD29): 25
LogDevObjectVersion:   Dev-Sequencer (7B5AE74C-D270-4C10-A958-57980B212A5A): 6
LogDevObjectVersion:   Dev-VR (D7296918-1DD6-4BDD-9DE2-64A83CC13884): 1
LogDevObjectVersion:   Dev-LoadTimes (C2A15278-BFE7-4AFE-6C17-90FF531DF755): 1
LogDevObjectVersion:   Private-Geometry (6EACA3D4-40EC-4CC1-B786-8BED09428FC5): 2
LogDevObjectVersion:   Dev-AnimPhys (29E575DD-E0A3-4627-9D10-D276232CDCEA): 16
LogDevObjectVersion:   Dev-ReflectionCapture (6B266CEC-1EC7-4B8F-A30B-E4D90942FC07): 1
LogDevObjectVersion:   Dev-Automation (0DF73D61-A23F-47EA-B727-89E90C41499A): 1
LogInit: Compiled (64-bit): Apr 27 2018 02:06:57
LogInit: Compiled with Visual C++: 19.00.24215.01
LogInit: Build Configuration: Development
LogInit: Branch Name: ++UE4+Release-4.19
LogInit: Command Line:  127.0.0.1:17777 -game -PIEVIACONSOLE -ResX=640 -ResY=480  -Multiprocess -messaging -SessionName="Play in Standalone Game" -windowed GameUserSettingsINI="G:/DarkActive/Unreal Projects/DarkCrystal/Saved/Config/Windows/PIEGameUserSettings1.ini" -MultiprocessSaveConfig  -MultiprocessOSS WinX=-1256 WinY=550 SAVEWINPOS=1
LogInit: Base Directory: G:/Epic Games/UE_4.19/Engine/Binaries/Win64/
LogInit: Installed Engine Build: 1
LogStreaming: Display: Took  0.003s to delete old logs.
LogInit: Presizing for max 8388607 objects, including 0 objects not considered by GC, pre-allocating 0 bytes for permanent pool.
LogInit: Object subsystem initialized
[2018.08.21-13.20.41:993][  0]LogInit: Selected Device Profile: [Windows]
[2018.08.21-13.20.41:993][  0]LogInit: Applying CVar settings loaded from the selected device profile: [Windows]
[2018.08.21-13.20.41:996][  0]LogInit: Computer: DESKTOP-LI0N2FC
[2018.08.21-13.20.41:996][  0]LogInit: User: Kappa
[2018.08.21-13.20.41:996][  0]LogInit: CPU Page size=4096, Cores=4
[2018.08.21-13.20.41:996][  0]LogInit: High frequency timer resolution =4.101557 MHz
[2018.08.21-13.20.41:996][  0]LogMemory: Memory total: Physical=31.9GB (32GB approx)
[2018.08.21-13.20.41:996][  0]LogMemory: Platform Memory Stats for Windows
[2018.08.21-13.20.41:996][  0]LogMemory: Process Physical Memory: 276.79 MB used, 276.79 MB peak
[2018.08.21-13.20.41:996][  0]LogMemory: Process Virtual Memory: 276.93 MB used, 276.93 MB peak
[2018.08.21-13.20.41:996][  0]LogMemory: Physical Memory: 14230.15 MB used,  18462.66 MB free, 32692.81 MB total
[2018.08.21-13.20.41:996][  0]LogMemory: Virtual Memory: 4809.07 MB used,  18462.66 MB free, 134217728.00 MB total
[2018.08.21-13.20.42:007][  0]LogInit: Using OS detected language (en-US).
[2018.08.21-13.20.42:007][  0]LogInit: Using OS detected locale (en-US).
[2018.08.21-13.20.42:007][  0]LogTextLocalizationManager: No localization for 'en-US' exists, so 'en' will be used for the language.
[2018.08.21-13.20.42:007][  0]LogTextLocalizationManager: No localization for 'en-US' exists, so 'en' will be used for the locale.
[2018.08.21-13.20.42:366][  0]LogStreaming: Display: Took  0.359s to EndInitTextLocalization.
[2018.08.21-13.20.42:408][  0]LogSlate: New Slate User Created.  User Index 0, Is Virtual User: 0
[2018.08.21-13.20.42:408][  0]LogSlate: Slate User Registered.  User Index 0, Is Virtual User: 0
[2018.08.21-13.20.42:415][  0]LogD3D11RHI: D3D11 adapters:
[2018.08.21-13.20.42:456][  0]LogD3D11RHI:    0. 'NVIDIA GeForce GTX 1070' (Feature Level 11_0)
[2018.08.21-13.20.42:456][  0]LogD3D11RHI:       8096/0/16346 MB DedicatedVideo/DedicatedSystem/SharedSystem, Outputs:2, VendorId:0x10de
[2018.08.21-13.20.42:457][  0]LogD3D11RHI:    1. 'Microsoft Basic Render Driver' (Feature Level 11_0)
[2018.08.21-13.20.42:457][  0]LogD3D11RHI:       0/0/16346 MB DedicatedVideo/DedicatedSystem/SharedSystem, Outputs:0, VendorId:0x1414
[2018.08.21-13.20.42:457][  0]LogD3D11RHI: Chosen D3D11 Adapter: 0
[2018.08.21-13.20.42:464][  0]LogD3D11RHI: Creating new Direct3DDevice
[2018.08.21-13.20.42:464][  0]LogD3D11RHI:     GPU DeviceId: 0x1b81 (for the marketing name, search the web for "GPU Device Id")
[2018.08.21-13.20.42:464][  0]LogWindows: EnumDisplayDevices:
[2018.08.21-13.20.42:464][  0]LogWindows:    0. 'NVIDIA GeForce GTX 1070' (P:1 D:1)
[2018.08.21-13.20.42:464][  0]LogWindows:    1. 'NVIDIA GeForce GTX 1070' (P:0 D:1)
[2018.08.21-13.20.42:464][  0]LogWindows:    2. 'NVIDIA GeForce GTX 1070' (P:0 D:0)
[2018.08.21-13.20.42:464][  0]LogWindows:    3. 'NVIDIA GeForce GTX 1070' (P:0 D:0)
[2018.08.21-13.20.42:464][  0]LogWindows: DebugString: GetVideoDriverDetailsInvalid PrimaryIsNotTheChoosenAdapter GetVideoDriverDetailsInvalid PrimaryIsNotTheChoosenAdapter GetVideoDriverDetailsInvalid PrimaryIsNotTheChoosenAdapter GetVideoDriverDetailsInvalid PrimaryIsNotTheChoosenAdapter FoundDriverCount:0 
[2018.08.21-13.20.42:464][  0]LogD3D11RHI:     Adapter Name: NVIDIA GeForce GTX 1070
[2018.08.21-13.20.42:464][  0]LogD3D11RHI:   Driver Version: Unknown (internal:Unknown, unified:Unknown)
[2018.08.21-13.20.42:465][  0]LogD3D11RHI:      Driver Date: Unknown
[2018.08.21-13.20.42:465][  0]LogRHI: Texture pool is 5667 MB (70% of 8096 MB)
[2018.08.21-13.20.42:523][  0]LogD3D11RHI: [Aftermath] Aftermath enabled but failed to initialize
[2018.08.21-13.20.42:523][  0]LogD3D11RHI: [Aftermath] Aftermath enabled and primed
[2018.08.21-13.20.42:523][  0]LogD3D11RHI: Async texture creation enabled
[2018.08.21-13.20.42:533][  0]LogD3D11RHI: GPU Timing Frequency: 1000.000000 (Debug: 2 1)
[2018.08.21-13.20.42:665][  0]LogShaderCompilers: Guid format shader working directory is -8 characters bigger than the processId version (../../../../../DarkActive/Unreal Projects/DarkCrystal/Intermediate/Shaders/WorkingDirectory/15968/).
[2018.08.21-13.20.42:665][  0]LogShaderCompilers: Cleaned the shader compiler working directory 'C:/Users/Kappa/AppData/Local/Temp/UnrealShaderWorkingDir/EFBBF0F649780D8B82B70DBA8769FE05/'.
[2018.08.21-13.20.42:820][  0]LogTemp: Display: Loaded TP WindowsClientTargetPlatform
[2018.08.21-13.20.42:831][  0]LogTemp: Display: Loaded TP WindowsNoEditorTargetPlatform
[2018.08.21-13.20.42:841][  0]LogTemp: Display: Loaded TP WindowsServerTargetPlatform
[2018.08.21-13.20.42:850][  0]LogTemp: Display: Loaded TP WindowsTargetPlatform
[2018.08.21-13.20.42:850][  0]LogTargetPlatformManager: Display: Building Assets For Windows
[2018.08.21-13.20.42:914][  0]LogXGEController: Cannot use XGE Controller as Incredibuild is not installed on this machine.
[2018.08.21-13.20.42:914][  0]LogShaderCompilers: Cannot use XGE Shader Compiler as Incredibuild is not installed on this machine.
[2018.08.21-13.20.42:914][  0]LogShaderCompilers: Display: Using Local Shader Compiler.
[2018.08.21-13.20.43:381][  0]LogDerivedDataCache: Display: Max Cache Size: 512 MB
[2018.08.21-13.20.43:442][  0]LogDerivedDataCache: Loaded boot cache 0.06s 74MB C:/Users/Kappa/AppData/Local/UnrealEngine/4.19/DerivedDataCache/Boot.ddc.
[2018.08.21-13.20.43:442][  0]LogDerivedDataCache: Display: Loaded Boot cache: C:/Users/Kappa/AppData/Local/UnrealEngine/4.19/DerivedDataCache/Boot.ddc
[2018.08.21-13.20.43:442][  0]LogDerivedDataCache: FDerivedDataBackendGraph:  Pak pak cache file ../../../../../DarkActive/Unreal Projects/DarkCrystal/DerivedDataCache/DDC.ddp not found, will not use a pak cache.
[2018.08.21-13.20.43:442][  0]LogDerivedDataCache: Unable to find inner node Pak for hierarchical cache Hierarchy.
[2018.08.21-13.20.43:442][  0]LogDerivedDataCache: FDerivedDataBackendGraph:  CompressedPak pak cache file ../../../../../DarkActive/Unreal Projects/DarkCrystal/DerivedDataCache/Compressed.ddp not found, will not use a pak cache.
[2018.08.21-13.20.43:442][  0]LogDerivedDataCache: Unable to find inner node CompressedPak for hierarchical cache Hierarchy.
[2018.08.21-13.20.43:456][  0]LogDerivedDataCache: Display: Pak cache opened for reading ../../../Engine/DerivedDataCache/Compressed.ddp.
[2018.08.21-13.20.43:467][  0]LogDerivedDataCache: Using Local data cache path C:/Users/Kappa/AppData/Local/UnrealEngine/Common/DerivedDataCache: Writable
[2018.08.21-13.20.43:467][  0]LogDerivedDataCache: Shared data cache path not found in *engine.ini, will not use an Shared cache.
[2018.08.21-13.20.43:467][  0]LogDerivedDataCache: Unable to find inner node Shared for hierarchical cache Hierarchy.
[2018.08.21-13.20.43:477][  0]LogMaterial: Verifying Global Shaders for PCD3D_SM5
[2018.08.21-13.20.43:478][  0]LogSlate: Using Freetype 2.6.0
[2018.08.21-13.20.43:478][  0]LogSlate: SlateFontCache - WITH_FREETYPE: 1, WITH_HARFBUZZ: 1
[2018.08.21-13.20.43:478][  0]LogSlate: SlateFontCache - WITH_FREETYPE: 1, WITH_HARFBUZZ: 1
[2018.08.21-13.20.43:537][  0]LogAssetRegistry: FAssetRegistry took 0.0030 seconds to start up
[2018.08.21-13.20.43:693][  0]LogPackageLocalizationCache: Processed 9 localized package path(s) for 1 prioritized culture(s) in 0.009522 seconds
[2018.08.21-13.20.43:760][  0]LogInit: Selected Device Profile: [Windows]
[2018.08.21-13.20.43:853][  0]LogSimplygon: Simplygon DLL not present - disabling.
[2018.08.21-13.20.43:855][  0]LogMeshReduction: Using SimplygonSwarm for distributed automatic mesh merging
[2018.08.21-13.20.43:855][  0]LogMeshReduction: Using QuadricMeshReduction for automatic static mesh reduction
[2018.08.21-13.20.43:855][  0]LogMeshReduction: No automatic skeletal mesh reduction module available
[2018.08.21-13.20.43:855][  0]LogMeshReduction: No automatic mesh merging module available
[2018.08.21-13.20.43:855][  0]LogMeshMerging: No automatic mesh merging module available
[2018.08.21-13.20.43:874][  0]LogNetVersion: DarkCrystal , NetCL: 3944462, EngineNetVer: 2, GameNetVer: 0 (Checksum: 1178499891)
[2018.08.21-13.20.44:307][  0]LogMoviePlayer: Initializing movie player
[2018.08.21-13.20.44:538][  0]LogTcpMessaging: Initializing TcpMessaging bridge
[2018.08.21-13.20.44:559][  0]LogUdpMessaging: Initializing bridge on interface 0.0.0.0:0 to multicast group 230.0.0.1:6666.
[2018.08.21-13.20.44:654][  0]LogCollectionManager: Loaded 0 collections in 0.000904 seconds
[2018.08.21-13.20.44:688][  0]LogFileCache: Scanning file cache for directory 'G:/DarkActive/Unreal Projects/DarkCrystal/Saved/Collections/' took 0.01s
[2018.08.21-13.20.44:688][  0]LogFileCache: Scanning file cache for directory 'G:/DarkActive/Unreal Projects/DarkCrystal/Content/Developers/Kappa/Collections/' took 0.01s
[2018.08.21-13.20.44:688][  0]LogFileCache: Scanning file cache for directory 'G:/DarkActive/Unreal Projects/DarkCrystal/Content/Collections/' took 0.01s
[2018.08.21-13.20.44:688][  0]LogCollectionManager: Rebuilt the object cache for 0 collections in 0.000000 seconds (found 0 objects)
[2018.08.21-13.20.44:688][  0]LogCollectionManager: Fixed up redirectors for 0 collections in 0.000057 seconds (updated 0 objects)
[2018.08.21-13.20.44:806][  0]SourceControl: Source control is disabled
[2018.08.21-13.20.44:806][  0]SourceControl: Source control is disabled
[2018.08.21-13.20.44:817][  0]SourceControl: Source control is disabled
[2018.08.21-13.20.45:059][  0]LogAndroidPermission: UAndroidPermissionCallbackProxy::GetInstance
[2018.08.21-13.20.45:156][  0]LogOcInput: OculusInput pre-init called
[2018.08.21-13.20.45:188][  0]LogUObjectArray: 42361 objects as part of root set at end of initial load.
[2018.08.21-13.20.45:188][  0]LogUObjectAllocator: 8957752 out of 0 bytes used by permanent object pool.
[2018.08.21-13.20.45:188][  0]LogUObjectArray: CloseDisregardForGC: 0/0 objects in disregard for GC pool
[2018.08.21-13.20.45:232][  0]LogEngine: Initializing Engine...
[2018.08.21-13.20.45:233][  0]LogHMD: Failed to initialize OpenVR with code 110
[2018.08.21-13.20.45:245][  0]LogStats: UGameplayTagsManager::ConstructGameplayTagTree: Construct from data asset -  0.000 s
[2018.08.21-13.20.45:245][  0]LogStats: UGameplayTagsManager::ConstructGameplayTagTree: GameplayTagTreeChangedEvent.Broadcast -  0.000 s
[2018.08.21-13.20.45:400][  0]LogInit: XAudio2 using 'Speakers (Logitech G633 Gaming Headset)' : 2 channels at 48 kHz using 16 bits per sample (channel mask 0x3)
[2018.08.21-13.20.45:412][  0]LogInit: FAudioDevice initialized.
[2018.08.21-13.20.45:442][  0]LogInit: Texture streaming: Enabled
[2018.08.21-13.20.45:527][  0]LogUObjectGlobals: Created PersistentFrame Addr=0x000002229f0da200, Size=624, Default__GameInfoInstance_C Function /Game/Blueprints/AllLevels/GameInfoInstance.GameInfoInstance_C:ExecuteUbergraph_GameInfoInstance
[2018.08.21-13.20.45:530][  0]LogUObjectGlobals: Created PersistentFrame Addr=0x000002229f574e28, Size=40, Default__ErrorDialog_C Function /Game/UI/MainMenu/ErrorDialog.ErrorDialog_C:ExecuteUbergraph_ErrorDialog
[2018.08.21-13.20.45:536][  0]LogUObjectGlobals: Created PersistentFrame Addr=0x000002229f0c1ee0, Size=80, Default__HostMenu_C Function /Game/UI/MainMenu/HostMenu.HostMenu_C:ExecuteUbergraph_HostMenu
[2018.08.21-13.20.45:543][  0]LogUObjectGlobals: Created PersistentFrame Addr=0x000002229f574d88, Size=40, Default__MainMenu_C Function /Game/UI/MainMenu/MainMenu.MainMenu_C:ExecuteUbergraph_MainMenu
[2018.08.21-13.20.45:548][  0]LogUObjectGlobals: Created PersistentFrame Addr=0x000002229f0628d0, Size=104, Default__OptionsMenu_C Function /Game/UI/MainMenu/OptionsMenu.OptionsMenu_C:ExecuteUbergraph_OptionsMenu
[2018.08.21-13.20.45:569][  0]LogUObjectGlobals: Created PersistentFrame Addr=0x000002229f095800, Size=600, Default__ServerMenu_C Function /Game/UI/MainMenu/ServerMenu.ServerMenu_C:ExecuteUbergraph_ServerMenu
[2018.08.21-13.20.45:613][  0]LogUObjectGlobals: Destroyed PersistentFrame Addr=0x000002229f0da200, Size=624
[2018.08.21-13.20.45:613][  0]LogUObjectGlobals: Created PersistentFrame Addr=0x000002229ef21080, Size=624, Default__GameInfoInstance_C Function /Engine/Transient.REINST_GameInfoInstance_C_2:ExecuteUbergraph_GameInfoInstance
[2018.08.21-13.20.45:614][  0]LogUObjectGlobals: Destroyed PersistentFrame Addr=0x000002229f574e28, Size=40
[2018.08.21-13.20.45:614][  0]LogUObjectGlobals: Created PersistentFrame Addr=0x000002229ef69da0, Size=40, Default__ErrorDialog_C Function /Engine/Transient.REINST_ErrorDialog_C_0:ExecuteUbergraph_ErrorDialog
[2018.08.21-13.20.45:615][  0]LogUObjectGlobals: Destroyed PersistentFrame Addr=0x000002229f0c1ee0, Size=80
[2018.08.21-13.20.45:615][  0]LogUObjectGlobals: Created PersistentFrame Addr=0x0000022290fa89a0, Size=80, Default__HostMenu_C Function /Engine/Transient.REINST_HostMenu_C_1:ExecuteUbergraph_HostMenu
[2018.08.21-13.20.45:616][  0]LogUObjectGlobals: Destroyed PersistentFrame Addr=0x000002229f574d88, Size=40
[2018.08.21-13.20.45:616][  0]LogUObjectGlobals: Created PersistentFrame Addr=0x000002229ef69cb0, Size=40, Default__MainMenu_C Function /Engine/Transient.REINST_MainMenu_C_3:ExecuteUbergraph_MainMenu
[2018.08.21-13.20.45:616][  0]LogUObjectGlobals: Destroyed PersistentFrame Addr=0x000002229f0628d0, Size=104
[2018.08.21-13.20.45:616][  0]LogUObjectGlobals: Created PersistentFrame Addr=0x0000022291edea90, Size=104, Default__OptionsMenu_C Function /Engine/Transient.REINST_OptionsMenu_C_4:ExecuteUbergraph_OptionsMenu
[2018.08.21-13.20.45:617][  0]LogUObjectGlobals: Destroyed PersistentFrame Addr=0x000002229f095800, Size=600
[2018.08.21-13.20.45:617][  0]LogUObjectGlobals: Created PersistentFrame Addr=0x000002229ef20680, Size=600, Default__ServerMenu_C Function /Engine/Transient.REINST_ServerMenu_C_5:ExecuteUbergraph_ServerMenu
[2018.08.21-13.20.45:647][  0]LogUObjectGlobals: Created PersistentFrame Addr=0x0000022291225d00, Size=624, Default__GameInfoInstance_C Function /Game/Blueprints/AllLevels/GameInfoInstance.GameInfoInstance_C:ExecuteUbergraph_GameInfoInstance
[2018.08.21-13.20.45:648][  0]LogUObjectGlobals: Created PersistentFrame Addr=0x000002229ef6a430, Size=40, Default__ErrorDialog_C Function /Game/UI/MainMenu/ErrorDialog.ErrorDialog_C:ExecuteUbergraph_ErrorDialog
[2018.08.21-13.20.45:649][  0]LogUObjectGlobals: Created PersistentFrame Addr=0x00000222911d9990, Size=80, Default__HostMenu_C Function /Game/UI/MainMenu/HostMenu.HostMenu_C:ExecuteUbergraph_HostMenu
[2018.08.21-13.20.45:650][  0]LogUObjectGlobals: Created PersistentFrame Addr=0x000002229ef6ae08, Size=40, Default__MainMenu_C Function /Game/UI/MainMenu/MainMenu.MainMenu_C:ExecuteUbergraph_MainMenu
[2018.08.21-13.20.45:653][  0]LogUObjectGlobals: Created PersistentFrame Addr=0x0000022291167660, Size=104, Default__OptionsMenu_C Function /Game/UI/MainMenu/OptionsMenu.OptionsMenu_C:ExecuteUbergraph_OptionsMenu
[2018.08.21-13.20.45:655][  0]LogUObjectGlobals: Created PersistentFrame Addr=0x000002229118b600, Size=592, Default__ServerMenu_C Function /Game/UI/MainMenu/ServerMenu.ServerMenu_C:ExecuteUbergraph_ServerMenu
[2018.08.21-13.20.45:680][  0]LogInit: Display: Game Engine Initialized.
[2018.08.21-13.20.45:680][  0]LogGameplayTags: Display: UGameplayTagsManager::DoneAddingNativeTags. DelegateIsBound: 0
[2018.08.21-13.20.45:680][  0]LogStats: UGameplayTagsManager::ConstructGameplayTagTree: Construct from data asset -  0.000 s
[2018.08.21-13.20.45:681][  0]LogStats: UGameplayTagsManager::ConstructGameplayTagTree: GameplayTagTreeChangedEvent.Broadcast -  0.000 s
[2018.08.21-13.20.45:738][  0]LogInit: Display: Starting Game.
[2018.08.21-13.20.45:738][  0]LogNet: Browse: 127.0.0.1:17777//Game/Maps/MainMenu?Name=Player
[2018.08.21-13.20.45:738][  0]LogOnline: Warning: STEAM: Steam API disabled!
[2018.08.21-13.20.45:738][  0]LogOnline: Display: STEAM: OnlineSubsystemSteam::Shutdown()
[2018.08.21-13.20.45:738][  0]LogTemp: Display: ParseSettings for GameNetDriver
[2018.08.21-13.20.45:739][  0]LogTemp: Display: ParseSettings for IpNetDriver_0
[2018.08.21-13.20.45:739][  0]LogTemp: Display: ParseSettings for PendingNetDriver
[2018.08.21-13.20.45:739][  0]LogInit: WinSock: Socket queue 32768 / 32768
[2018.08.21-13.20.45:739][  0]PacketHandlerLog: Loaded PacketHandler component: Engine.EngineHandlerComponentFactory (StatelessConnectHandlerComponent)
[2018.08.21-13.20.45:739][  0]LogNet: Game client on port 17777, rate 10000
[2018.08.21-13.20.45:789][  0]LogLoad: (Engine Initialization) Total time: 5.61 seconds
[2018.08.21-13.20.45:789][  0]LogLoad: (Engine Initialization) Total Blueprint compile time: 0.00 seconds
[2018.08.21-13.20.45:806][  0]LogWindowsTextInputMethodSystem: Display: IME system now deactivated.
[2018.08.21-13.20.45:809][  0]LogContentStreaming: Texture pool size now 1000 MB
[2018.08.21-13.20.46:773][ 60]LogHandshake: SendChallengeResponse. Timestamp: 0.016129, Cookie: 037117196184057200037084116168018069174019199245209067169062
[2018.08.21-13.20.46:805][ 62]LogNetVersion: DarkCrystal 1.0.0.0, NetCL: 3944462, EngineNetVer: 2, GameNetVer: 0 (Checksum: 162565633)
[2018.08.21-13.20.46:805][ 62]LogNet: UPendingNetGame::SendInitialJoin: Sending hello. [UNetConnection] RemoteAddr: 127.0.0.1:17777, Name: IpConnection_0, Driver: PendingNetDriver IpNetDriver_0, IsServer: NO, PC: NULL, Owner: NULL, UniqueId: INVALID
[2018.08.21-13.20.46:837][ 64]LogNet: Welcomed by server (Level: /Game/Maps/Arena01, Game: /Game/Blueprints/Gameplay/GameplayGM.GameplayGM_C)
[2018.08.21-13.20.46:838][ 64]LogLoad: LoadMap: 127.0.0.1:17777//Game/Maps/Arena01?Name=Player?game=/Game/Blueprints/Gameplay/GameplayGM.GameplayGM_C
[2018.08.21-13.20.46:852][ 64]LogUObjectGlobals: Destroyed PersistentFrame Addr=0x000002229ef21080, Size=624
[2018.08.21-13.20.46:852][ 64]LogUObjectGlobals: Destroyed PersistentFrame Addr=0x000002229ef69da0, Size=40
[2018.08.21-13.20.46:852][ 64]LogUObjectGlobals: Destroyed PersistentFrame Addr=0x0000022290fa89a0, Size=80
[2018.08.21-13.20.46:852][ 64]LogUObjectGlobals: Destroyed PersistentFrame Addr=0x000002229ef69cb0, Size=40
[2018.08.21-13.20.46:852][ 64]LogUObjectGlobals: Destroyed PersistentFrame Addr=0x0000022291edea90, Size=104
[2018.08.21-13.20.46:853][ 64]LogUObjectGlobals: Destroyed PersistentFrame Addr=0x000002229ef20680, Size=600
[2018.08.21-13.20.46:902][ 64]LogUObjectGlobals: Created PersistentFrame Addr=0x00000222911a7900, Size=256, Default__GameplayGM_C Function /Game/Blueprints/Gameplay/GameplayGM.GameplayGM_C:ExecuteUbergraph_GameplayGM
[2018.08.21-13.20.46:917][ 64]LogLinker: Can't find file '/Game/Blueprints/Characters/Female/Kachujin/Animations/Montages/AM_Roll'
[2018.08.21-13.20.46:917][ 64]LogLinker: Can't find file '/Game/Blueprints/Characters/Female/Kachujin/Animations/Montages/AM_Roll'
[2018.08.21-13.20.46:918][ 64]LogUObjectGlobals: Created PersistentFrame Addr=0x000002229ef20180, Size=544, Default__0_Base_C Function /Game/Blueprints/Characters/0_Base.0_Base_C:ExecuteUbergraph_0_Base
[2018.08.21-13.20.46:938][ 64]LogUObjectGlobals: Created PersistentFrame Addr=0x00000222913277a0, Size=32, Default__ABP_WoodenBow_C Function /Game/Blueprints/Items/Weapons/WoodenBow/ABP_WoodenBow.ABP_WoodenBow_C:ExecuteUbergraph_ABP_WoodenBow
[2018.08.21-13.20.46:945][ 64]LogUObjectGlobals: Created PersistentFrame Addr=0x0000022291199e90, Size=72, Default__BPC_MontageManager_C Function /Game/Blueprints/Components/BPC_MontageManager.BPC_MontageManager_C:ExecuteUbergraph_BPC_MontageManager
[2018.08.21-13.20.46:970][ 64]LogUObjectGlobals: Created PersistentFrame Addr=0x0000022294300100, Size=2512, Default__GameplayPC_C Function /Game/Blueprints/Gameplay/GameplayPC.GameplayPC_C:ExecuteUbergraph_GameplayPC
[2018.08.21-13.20.46:974][ 64]LogUObjectGlobals: Created PersistentFrame Addr=0x00000222911911e0, Size=96, Default__GameplayPS_C Function /Game/Blueprints/Gameplay/GameplayPS.GameplayPS_C:ExecuteUbergraph_GameplayPS
[2018.08.21-13.20.46:997][ 64]LogUObjectGlobals: Created PersistentFrame Addr=0x00000222a79cf240, Size=320, Default__ChatWindow_C Function /Game/UI/AllLevels/ChatWindow.ChatWindow_C:ExecuteUbergraph_ChatWindow
[2018.08.21-13.20.47:000][ 64]LogUObjectGlobals: Created PersistentFrame Addr=0x0000022290fc2780, Size=888, Default__LobbyPC_C Function /Game/Blueprints/Lobby/LobbyPC.LobbyPC_C:ExecuteUbergraph_LobbyPC
[2018.08.21-13.20.47:001][ 64]LogUObjectGlobals: Created PersistentFrame Addr=0x00000222a7b01900, Size=752, Default__LobbyGM_C Function /Game/Blueprints/Lobby/LobbyGM.LobbyGM_C:ExecuteUbergraph_LobbyGM
[2018.08.21-13.20.47:005][ 64]LogUObjectGlobals: Created PersistentFrame Addr=0x00000222a7b09580, Size=544, Default__BP_MaleCharacter_C Function /Game/Blueprints/Characters/0_Base.0_Base_C:ExecuteUbergraph_0_Base
[2018.08.21-13.20.47:011][ 64]LogUObjectGlobals: Created PersistentFrame Addr=0x00000222a7b08e00, Size=544, Default__BP_MaleCharacter_C Function /Game/Blueprints/Characters/0_Base.0_Base_C:ExecuteUbergraph_0_Base
[2018.08.21-13.20.47:022][ 64]LogUObjectGlobals: Created PersistentFrame Addr=0x0000022291244540, Size=64, Default__ABP_NewBerserker_C Function /Game/Characters/Berserker_S1/Blueprints/ABP_NewBerserker.ABP_NewBerserker_C:ExecuteUbergraph_ABP_NewBerserker
[2018.08.21-13.20.47:032][ 64]LogUObjectGlobals: Created PersistentFrame Addr=0x00000222aa52da80, Size=544, Default__BP_FemaleCharacter_C Function /Game/Blueprints/Characters/0_Base.0_Base_C:ExecuteUbergraph_0_Base
[2018.08.21-13.20.47:035][ 64]LogUObjectGlobals: Created PersistentFrame Addr=0x0000022291148700, Size=128, Default__ABP_Kachujin_C Function /Game/Characters/Kachujin/ABP_Kachujin.ABP_Kachujin_C:ExecuteUbergraph_ABP_Kachujin
[2018.08.21-13.20.47:069][ 64]LogUObjectGlobals: Created PersistentFrame Addr=0x00000222aacbcb80, Size=544, Default__Tusk_C Function /Game/Blueprints/Characters/0_Base.0_Base_C:ExecuteUbergraph_0_Base
[2018.08.21-13.20.47:073][ 64]LogUObjectGlobals: Created PersistentFrame Addr=0x00000222aaa11300, Size=64, Default__0_BaseAnimBP_C Function /Game/InfinityBladeWarriors/Animations/0_BaseAnimBP.0_BaseAnimBP_C:ExecuteUbergraph_0_BaseAnimBP
[2018.08.21-13.20.47:091][ 64]LogUObjectGlobals: Created PersistentFrame Addr=0x00000222ab32ed40, Size=312, Default__LobbyMenu_C Function /Game/UI/Lobby/LobbyMenu.LobbyMenu_C:ExecuteUbergraph_LobbyMenu
[2018.08.21-13.20.47:094][ 64]LogUObjectGlobals: Created PersistentFrame Addr=0x00000222abf87380, Size=80, Default__CharacterSelect_C Function /Game/UI/Lobby/CharacterSelect.CharacterSelect_C:ExecuteUbergraph_CharacterSelect
[2018.08.21-13.20.47:111][ 64]LogUObjectGlobals: Created PersistentFrame Addr=0x00000222ab31bac0, Size=192, Default__GameSettings_C Function /Game/UI/Lobby/GameSettings.GameSettings_C:ExecuteUbergraph_GameSettings
[2018.08.21-13.20.47:114][ 64]LogUObjectGlobals: Created PersistentFrame Addr=0x00000222aaa46340, Size=32, Default__PlayerButton_C Function /Game/UI/Lobby/PlayerButton.PlayerButton_C:ExecuteUbergraph_PlayerButton
[2018.08.21-13.20.47:149][ 64]LogUObjectGlobals: Created PersistentFrame Addr=0x000002229ef3cd68, Size=4, Default__ConnectedPlayer_C Function /Game/UI/Lobby/ConnectedPlayer.ConnectedPlayer_C:ExecuteUbergraph_ConnectedPlayer
[2018.08.21-13.20.47:253][ 64]LogUObjectGlobals: Destroyed PersistentFrame Addr=0x00000222aaa11300, Size=64
[2018.08.21-13.20.47:253][ 64]LogUObjectGlobals: Created PersistentFrame Addr=0x00000222ac2b4f80, Size=64, Default__0_BaseAnimBP_C Function /Engine/Transient.REINST_0_BaseAnimBP_C_0:ExecuteUbergraph_0_BaseAnimBP
[2018.08.21-13.20.47:256][ 64]LogUObjectGlobals: Destroyed PersistentFrame Addr=0x0000022291148700, Size=128
[2018.08.21-13.20.47:256][ 64]LogUObjectGlobals: Created PersistentFrame Addr=0x00000222aaa07680, Size=128, Default__ABP_Kachujin_C Function /Engine/Transient.REINST_ABP_Kachujin_C_1:ExecuteUbergraph_ABP_Kachujin
[2018.08.21-13.20.47:256][ 64]LogUObjectGlobals: Destroyed PersistentFrame Addr=0x0000022291244540, Size=64
[2018.08.21-13.20.47:256][ 64]LogUObjectGlobals: Created PersistentFrame Addr=0x00000222ac2b4180, Size=64, Default__ABP_NewBerserker_C Function /Engine/Transient.REINST_ABP_NewBerserker_C_2:ExecuteUbergraph_ABP_NewBerserker
[2018.08.21-13.20.47:256][ 64]LogUObjectGlobals: Destroyed PersistentFrame Addr=0x00000222913277a0, Size=32
[2018.08.21-13.20.47:256][ 64]LogUObjectGlobals: Created PersistentFrame Addr=0x00000222aceef120, Size=32, Default__ABP_WoodenBow_C Function /Engine/Transient.REINST_ABP_WoodenBow_C_3:ExecuteUbergraph_ABP_WoodenBow
[2018.08.21-13.20.47:257][ 64]LogUObjectGlobals: Destroyed PersistentFrame Addr=0x0000022291199e90, Size=72
[2018.08.21-13.20.47:257][ 64]LogUObjectGlobals: Created PersistentFrame Addr=0x00000222acf65bc0, Size=72, Default__BPC_MontageManager_C Function /Engine/Transient.REINST_BPC_MontageManager_C_19:ExecuteUbergraph_BPC_MontageManager
[2018.08.21-13.20.47:259][ 64]LogUObjectGlobals: Destroyed PersistentFrame Addr=0x000002229ef20180, Size=544
[2018.08.21-13.20.47:259][ 64]LogUObjectGlobals: Created PersistentFrame Addr=0x00000222aceabd80, Size=544, Default__0_Base_C Function /Engine/Transient.REINST_0_Base_C_23:ExecuteUbergraph_0_Base
[2018.08.21-13.20.47:260][ 64]LogUObjectGlobals: Destroyed PersistentFrame Addr=0x00000222abf87380, Size=80
[2018.08.21-13.20.47:260][ 64]LogUObjectGlobals: Created PersistentFrame Addr=0x00000222ace86ca0, Size=80, Default__CharacterSelect_C Function /Engine/Transient.REINST_CharacterSelect_C_6:ExecuteUbergraph_CharacterSelect
[2018.08.21-13.20.47:260][ 64]LogUObjectGlobals: Destroyed PersistentFrame Addr=0x00000222a79cf240, Size=320
[2018.08.21-13.20.47:260][ 64]LogUObjectGlobals: Created PersistentFrame Addr=0x00000222ac212980, Size=320, Default__ChatWindow_C Function /Engine/Transient.REINST_ChatWindow_C_8:ExecuteUbergraph_ChatWindow
[2018.08.21-13.20.47:261][ 64]LogUObjectGlobals: Destroyed PersistentFrame Addr=0x000002229ef3cd68, Size=4
[2018.08.21-13.20.47:261][ 64]LogUObjectGlobals: Created PersistentFrame Addr=0x00000222ac29dc38, Size=4, Default__ConnectedPlayer_C Function /Engine/Transient.REINST_ConnectedPlayer_C_9:ExecuteUbergraph_ConnectedPlayer
[2018.08.21-13.20.47:262][ 64]LogUObjectGlobals: Destroyed PersistentFrame Addr=0x0000022294300100, Size=2512
[2018.08.21-13.20.47:262][ 64]LogUObjectGlobals: Created PersistentFrame Addr=0x00000222ace89600, Size=2512, Default__GameplayPC_C Function /Engine/Transient.REINST_GameplayPC_C_26:ExecuteUbergraph_GameplayPC
[2018.08.21-13.20.47:263][ 64]LogUObjectGlobals: Destroyed PersistentFrame Addr=0x00000222911911e0, Size=96
[2018.08.21-13.20.47:263][ 64]LogUObjectGlobals: Created PersistentFrame Addr=0x00000222ac2941c0, Size=96, Default__GameplayPS_C Function /Engine/Transient.REINST_GameplayPS_C_27:ExecuteUbergraph_GameplayPS
[2018.08.21-13.20.47:263][ 64]LogUObjectGlobals: Destroyed PersistentFrame Addr=0x00000222ab31bac0, Size=192
[2018.08.21-13.20.47:263][ 64]LogUObjectGlobals: Created PersistentFrame Addr=0x00000222aa439300, Size=192, Default__GameSettings_C Function /Engine/Transient.REINST_GameSettings_C_11:ExecuteUbergraph_GameSettings
[2018.08.21-13.20.47:264][ 64]LogUObjectGlobals: Destroyed PersistentFrame Addr=0x00000222ab32ed40, Size=312
[2018.08.21-13.20.47:264][ 64]LogUObjectGlobals: Created PersistentFrame Addr=0x00000222ac211e40, Size=312, Default__LobbyMenu_C Function /Engine/Transient.REINST_LobbyMenu_C_12:ExecuteUbergraph_LobbyMenu
[2018.08.21-13.20.47:265][ 64]LogUObjectGlobals: Destroyed PersistentFrame Addr=0x0000022290fc2780, Size=888
[2018.08.21-13.20.47:265][ 64]LogUObjectGlobals: Created PersistentFrame Addr=0x00000222ace2c100, Size=888, Default__LobbyPC_C Function /Engine/Transient.REINST_LobbyPC_C_28:ExecuteUbergraph_LobbyPC
[2018.08.21-13.20.47:265][ 64]LogUObjectGlobals: Destroyed PersistentFrame Addr=0x00000222aaa46340, Size=32
[2018.08.21-13.20.47:265][ 64]LogUObjectGlobals: Created PersistentFrame Addr=0x00000222aceee9a0, Size=32, Default__PlayerButton_C Function /Engine/Transient.REINST_PlayerButton_C_13:ExecuteUbergraph_PlayerButton
[2018.08.21-13.20.47:265][ 64]LogUObjectGlobals: Destroyed PersistentFrame Addr=0x00000222aa52da80, Size=544
[2018.08.21-13.20.47:265][ 64]LogUObjectGlobals: Created PersistentFrame Addr=0x00000222aceab600, Size=544, Default__BP_FemaleCharacter_C Function /Engine/Transient.REINST_0_Base_C_23:ExecuteUbergraph_0_Base
[2018.08.21-13.20.47:265][ 64]LogUObjectGlobals: Destroyed PersistentFrame Addr=0x00000222a7b08e00, Size=544
[2018.08.21-13.20.47:265][ 64]LogUObjectGlobals: Created PersistentFrame Addr=0x00000222aceab380, Size=544, Default__BP_MaleCharacter_C Function /Engine/Transient.REINST_0_Base_C_23:ExecuteUbergraph_0_Base
[2018.08.21-13.20.47:266][ 64]LogUObjectGlobals: Destroyed PersistentFrame Addr=0x00000222911a7900, Size=256
[2018.08.21-13.20.47:266][ 64]LogUObjectGlobals: Created PersistentFrame Addr=0x0000022291203a00, Size=256, Default__GameplayGM_C Function /Engine/Transient.REINST_GameplayGM_C_32:ExecuteUbergraph_GameplayGM
[2018.08.21-13.20.47:266][ 64]LogUObjectGlobals: Destroyed PersistentFrame Addr=0x00000222a7b01900, Size=752
[2018.08.21-13.20.47:266][ 64]LogUObjectGlobals: Created PersistentFrame Addr=0x00000222ace1a200, Size=752, Default__LobbyGM_C Function /Engine/Transient.REINST_LobbyGM_C_33:ExecuteUbergraph_LobbyGM
[2018.08.21-13.20.47:266][ 64]LogUObjectGlobals: Destroyed PersistentFrame Addr=0x00000222aacbcb80, Size=544
[2018.08.21-13.20.47:266][ 64]LogUObjectGlobals: Created PersistentFrame Addr=0x00000222aceab100, Size=544, Default__Tusk_C Function /Engine/Transient.REINST_0_Base_C_23:ExecuteUbergraph_0_Base
[2018.08.21-13.20.47:408][ 64]LogUObjectGlobals: Created PersistentFrame Addr=0x00000222ad1873d0, Size=72, Default__0_BaseAnimBP_C Function /Game/InfinityBladeWarriors/Animations/0_BaseAnimBP.0_BaseAnimBP_C:ExecuteUbergraph_0_BaseAnimBP
[2018.08.21-13.20.47:410][ 64]LogUObjectGlobals: Created PersistentFrame Addr=0x00000222ad182a00, Size=128, Default__ABP_Kachujin_C Function /Game/Characters/Kachujin/ABP_Kachujin.ABP_Kachujin_C:ExecuteUbergraph_ABP_Kachujin
[2018.08.21-13.20.47:411][ 64]LogUObjectGlobals: Created PersistentFrame Addr=0x00000222ad23cd00, Size=64, Default__ABP_NewBerserker_C Function /Game/Characters/Berserker_S1/Blueprints/ABP_NewBerserker.ABP_NewBerserker_C:ExecuteUbergraph_ABP_NewBerserker
[2018.08.21-13.20.47:411][ 64]LogUObjectGlobals: Created PersistentFrame Addr=0x00000222ad1a0aa0, Size=32, Default__ABP_WoodenBow_C Function /Game/Blueprints/Items/Weapons/WoodenBow/ABP_WoodenBow.ABP_WoodenBow_C:ExecuteUbergraph_ABP_WoodenBow
[2018.08.21-13.20.47:415][ 64]LogUObjectGlobals: Created PersistentFrame Addr=0x00000222ad0dbbf0, Size=72, Default__BPC_MontageManager_C Function /Game/Blueprints/Components/BPC_MontageManager.BPC_MontageManager_C:ExecuteUbergraph_BPC_MontageManager
[2018.08.21-13.20.47:420][ 64]LogUObjectGlobals: Created PersistentFrame Addr=0x00000222ad09df80, Size=536, Default__0_Base_C Function /Game/Blueprints/Characters/0_Base.0_Base_C:ExecuteUbergraph_0_Base
[2018.08.21-13.20.47:422][ 64]LogUObjectGlobals: Created PersistentFrame Addr=0x00000222ad037100, Size=80, Default__CharacterSelect_C Function /Game/UI/Lobby/CharacterSelect.CharacterSelect_C:ExecuteUbergraph_CharacterSelect
[2018.08.21-13.20.47:423][ 64]LogUObjectGlobals: Created PersistentFrame Addr=0x00000222ad1d8f40, Size=320, Default__ChatWindow_C Function /Game/UI/AllLevels/ChatWindow.ChatWindow_C:ExecuteUbergraph_ChatWindow
[2018.08.21-13.20.47:423][ 64]LogUObjectGlobals: Created PersistentFrame Addr=0x00000222ad31a3f8, Size=4, Default__ConnectedPlayer_C Function /Game/UI/Lobby/ConnectedPlayer.ConnectedPlayer_C:ExecuteUbergraph_ConnectedPlayer
[2018.08.21-13.20.47:432][ 64]LogUObjectGlobals: Created PersistentFrame Addr=0x00000222acffeb00, Size=2512, Default__GameplayPC_C Function /Game/Blueprints/Gameplay/GameplayPC.GameplayPC_C:ExecuteUbergraph_GameplayPC
[2018.08.21-13.20.47:434][ 64]LogUObjectGlobals: Created PersistentFrame Addr=0x00000222adf33640, Size=96, Default__GameplayPS_C Function /Game/Blueprints/Gameplay/GameplayPS.GameplayPS_C:ExecuteUbergraph_GameplayPS
[2018.08.21-13.20.47:436][ 64]LogUObjectGlobals: Created PersistentFrame Addr=0x00000222adecb700, Size=192, Default__GameSettings_C Function /Game/UI/Lobby/GameSettings.GameSettings_C:ExecuteUbergraph_GameSettings
[2018.08.21-13.20.47:438][ 64]LogUObjectGlobals: Created PersistentFrame Addr=0x00000222ad1d8680, Size=320, Default__LobbyMenu_C Function /Game/UI/Lobby/LobbyMenu.LobbyMenu_C:ExecuteUbergraph_LobbyMenu
[2018.08.21-13.20.47:441][ 64]LogUObjectGlobals: Created PersistentFrame Addr=0x00000222ade86780, Size=880, Default__LobbyPC_C Function /Game/Blueprints/Lobby/LobbyPC.LobbyPC_C:ExecuteUbergraph_LobbyPC
[2018.08.21-13.20.47:442][ 64]LogUObjectGlobals: Created PersistentFrame Addr=0x00000222ade2ef20, Size=32, Default__PlayerButton_C Function /Game/UI/Lobby/PlayerButton.PlayerButton_C:ExecuteUbergraph_PlayerButton
[2018.08.21-13.20.47:443][ 64]LogUObjectGlobals: Created PersistentFrame Addr=0x00000222ade26c00, Size=536, Default__BP_FemaleCharacter_C Function /Game/Blueprints/Characters/0_Base.0_Base_C:ExecuteUbergraph_0_Base
[2018.08.21-13.20.47:443][ 64]LogUObjectGlobals: Created PersistentFrame Addr=0x00000222ade26700, Size=536, Default__BP_MaleCharacter_C Function /Game/Blueprints/Characters/0_Base.0_Base_C:ExecuteUbergraph_0_Base
[2018.08.21-13.20.47:445][ 64]LogUObjectGlobals: Created PersistentFrame Addr=0x00000222addebf00, Size=256, Default__GameplayGM_C Function /Game/Blueprints/Gameplay/GameplayGM.GameplayGM_C:ExecuteUbergraph_GameplayGM
[2018.08.21-13.20.47:447][ 64]LogUObjectGlobals: Created PersistentFrame Addr=0x00000222ad2beb00, Size=784, Default__LobbyGM_C Function /Game/Blueprints/Lobby/LobbyGM.LobbyGM_C:ExecuteUbergraph_LobbyGM
[2018.08.21-13.20.47:448][ 64]LogUObjectGlobals: Created PersistentFrame Addr=0x00000222ade24400, Size=536, Default__Tusk_C Function /Game/Blueprints/Characters/0_Base.0_Base_C:ExecuteUbergraph_0_Base
[2018.08.21-13.20.47:787][ 64]LogSkeletalMesh: Skeletal Mesh found in DDC [1.907324ms] /Game/Characters/Kachujin/SK_Kachujin.SK_Kachujin
[2018.08.21-13.20.47:807][ 64]LogSkeletalMesh: Skeletal Mesh found in DDC [0.275017ms] /Game/Blueprints/Items/Weapons/WoodenBow/SK_WoodenBow.SK_WoodenBow
[2018.08.21-13.20.47:855][ 64]LogSkeletalMesh: Skeletal Mesh found in DDC [3.672264ms] /Game/Characters/Berserker_S1/Meshes/Combines/SK_Berserker.SK_Berserker
[2018.08.21-13.20.47:894][ 64]LogSkeletalMesh: Skeletal Mesh found in DDC [0.316221ms] /Game/InfinityBladeWarriors/Character/CompleteCharacters/SK_CharM_Tusk.SK_CharM_Tusk
[2018.08.21-13.20.47:911][ 64]LogSkeletalMesh: Skeletal Mesh found in DDC [0.241859ms] /Game/Blueprints/Items/Weapons/RelicSword/SK_RelicSword.SK_RelicSword
[2018.08.21-13.20.48:049][ 64]LogAIModule: Creating AISystem for world Arena01
[2018.08.21-13.20.48:049][ 64]LogTemp: Display: ParseSettings for GameNetDriver
[2018.08.21-13.20.48:051][ 64]LogWorld: Bringing World /Game/Maps/Arena01.Arena01 up for play (max tick rate 0) at 2018.08.21-06.20.48
[2018.08.21-13.20.48:051][ 64]LogWorld: Bringing up level for play took: 0.001839
[2018.08.21-13.20.48:054][ 64]LogLoad: Took 1.215938 seconds to LoadMap(/Game/Maps/Arena01)
[2018.08.21-13.20.48:101][ 65]LogRenderer: Reallocating scene render targets to support 640x480 Format 10 NumSamples 1 (Frame:1).
[2018.08.21-13.20.48:150][ 65]LogOnline: Warning: OSS: No game present to join for session (GameSession)
[2018.08.21-13.20.48:195][ 68]LogOnline: Warning: OSS: No game present to join for session (GameSession)
[2018.08.21-13.20.48:211][ 69]LogOnline: Warning: OSS: No game present to join for session (GameSession)
[2018.08.21-13.20.48:263][ 72]LogSlate: Took 0.000178 seconds to synchronously load lazily loaded font '../../../Engine/Content/Slate/Fonts/Roboto-Regular.ttf' (155K)
[2018.08.21-13.20.48:650][ 96]LogBlueprintUserMessages: [GameplayPC_C_0] Reset Jump controller id: 2
[2018.08.21-13.21.42:768][451]LogOnline: Warning: OSS: No game present to leave for session (GameSession)
[2018.08.21-13.21.42:768][451]LogNet: Warning: Network Failure: GameNetDriver[FailureReceived]: Host closed the connection.
[2018.08.21-13.21.42:768][451]LogNet: NetworkFailure: FailureReceived, Error: 'Host closed the connection.'
[2018.08.21-13.21.42:769][451]LogNet: UNetConnection::Close: [UNetConnection] RemoteAddr: 127.0.0.1:17777, Name: IpConnection_0, Driver: GameNetDriver IpNetDriver_0, IsServer: NO, PC: GameplayPC_C_0, Owner: GameplayPC_C_0, UniqueId: DESKTOP-LI0N2FC-1A8C5FB949A39B3DD8AD328B7641C30C, Channels: 12, Time: 2018.08.21-13.21.42
[2018.08.21-13.21.42:769][451]LogNet: UChannel::Close: Sending CloseBunch. ChIndex == 0. Name: [UChannel] ChIndex: 0, Closing: 0 [UNetConnection] RemoteAddr: 127.0.0.1:17777, Name: IpConnection_0, Driver: GameNetDriver IpNetDriver_0, IsServer: NO, PC: GameplayPC_C_0, Owner: GameplayPC_C_0, UniqueId: DESKTOP-LI0N2FC-1A8C5FB949A39B3DD8AD328B7641C30C
[2018.08.21-13.21.42:769][451]LogNet: Warning: Network Failure: GameNetDriver[ConnectionLost]: Your connection to the host has been lost.
[2018.08.21-13.21.42:769][451]LogNet: NetworkFailure: ConnectionLost, Error: 'Your connection to the host has been lost.'
[2018.08.21-13.21.42:784][452]LogNet: Browse: /Game/Maps/MainMenu?closed
[2018.08.21-13.21.42:784][452]LogNet: Failed; returning to Entry
[2018.08.21-13.21.42:828][452]LogLoad: LoadMap: /Game/Maps/MainMenu?closed
[2018.08.21-13.21.42:828][452]LogNet: World NetDriver shutdown IpNetDriver_0 [GameNetDriver]
[2018.08.21-13.21.42:828][452]LogNet: DestroyNamedNetDriver IpNetDriver_0 [GameNetDriver]
[2018.08.21-13.21.42:828][452]LogExit: GameNetDriver IpNetDriver_0 shut down
[2018.08.21-13.21.42:848][452]LogUObjectGlobals: Destroyed PersistentFrame Addr=0x00000222ac2941c0, Size=96
[2018.08.21-13.21.42:848][452]LogUObjectGlobals: Destroyed PersistentFrame Addr=0x00000222ace89600, Size=2512
[2018.08.21-13.21.42:849][452]LogUObjectGlobals: Destroyed PersistentFrame Addr=0x00000222acf65bc0, Size=72
[2018.08.21-13.21.42:849][452]LogUObjectGlobals: Destroyed PersistentFrame Addr=0x00000222aceef120, Size=32
[2018.08.21-13.21.42:849][452]LogUObjectGlobals: Destroyed PersistentFrame Addr=0x00000222aceabd80, Size=544
[2018.08.21-13.21.42:849][452]LogUObjectGlobals: Destroyed PersistentFrame Addr=0x0000022291203a00, Size=256
[2018.08.21-13.21.42:849][452]LogUObjectGlobals: Destroyed PersistentFrame Addr=0x00000222ac212980, Size=320
[2018.08.21-13.21.42:849][452]LogUObjectGlobals: Destroyed PersistentFrame Addr=0x00000222ace2c100, Size=888
[2018.08.21-13.21.42:849][452]LogUObjectGlobals: Destroyed PersistentFrame Addr=0x00000222ace1a200, Size=752
[2018.08.21-13.21.42:849][452]LogUObjectGlobals: Destroyed PersistentFrame Addr=0x00000222aceab380, Size=544
[2018.08.21-13.21.42:849][452]LogUObjectGlobals: Destroyed PersistentFrame Addr=0x00000222ac2b4180, Size=64
[2018.08.21-13.21.42:849][452]LogUObjectGlobals: Destroyed PersistentFrame Addr=0x00000222aceab600, Size=544
[2018.08.21-13.21.42:849][452]LogUObjectGlobals: Destroyed PersistentFrame Addr=0x00000222aaa07680, Size=128
[2018.08.21-13.21.42:849][452]LogUObjectGlobals: Destroyed PersistentFrame Addr=0x00000222aceab100, Size=544
[2018.08.21-13.21.42:849][452]LogUObjectGlobals: Destroyed PersistentFrame Addr=0x00000222ac2b4f80, Size=64
[2018.08.21-13.21.42:849][452]LogUObjectGlobals: Destroyed PersistentFrame Addr=0x00000222ac211e40, Size=312
[2018.08.21-13.21.42:849][452]LogUObjectGlobals: Destroyed PersistentFrame Addr=0x00000222ace86ca0, Size=80
[2018.08.21-13.21.42:849][452]LogUObjectGlobals: Destroyed PersistentFrame Addr=0x00000222aa439300, Size=192
[2018.08.21-13.21.42:849][452]LogUObjectGlobals: Destroyed PersistentFrame Addr=0x00000222aceee9a0, Size=32
[2018.08.21-13.21.42:849][452]LogUObjectGlobals: Destroyed PersistentFrame Addr=0x00000222ac29dc38, Size=4
[2018.08.21-13.21.42:857][452]LogUObjectGlobals: Created PersistentFrame Addr=0x0000022291ead700, Size=32, Default__MainMenu_C Function /Game/Maps/MainMenu.MainMenu_C:ExecuteUbergraph_MainMenu
[2018.08.21-13.21.42:858][452]LogUObjectGlobals: Destroyed PersistentFrame Addr=0x0000022291ead700, Size=32
[2018.08.21-13.21.42:858][452]LogUObjectGlobals: Created PersistentFrame Addr=0x0000022291ead700, Size=32, Default__MainMenu_C Function /Engine/Transient.REINST_MainMenu_C_71:ExecuteUbergraph_MainMenu
[2018.08.21-13.21.42:859][452]LogUObjectGlobals: Created PersistentFrame Addr=0x0000022291eac520, Size=32, Default__MainMenu_C Function /Game/Maps/MainMenu.MainMenu_C:ExecuteUbergraph_MainMenu
[2018.08.21-13.21.42:863][452]LogAIModule: Creating AISystem for world MainMenu
[2018.08.21-13.21.42:865][452]LogUObjectGlobals: Created PersistentFrame Addr=0x00000222ba7d0a40, Size=272, Default__ThirdPersonCharacter_C Function /Game/ThirdPersonBP/Blueprints/ThirdPersonCharacter.ThirdPersonCharacter_C:ExecuteUbergraph_ThirdPersonCharacter
[2018.08.21-13.21.42:867][452]LogUObjectGlobals: Created PersistentFrame Addr=0x00000222ad2cea70, Size=72, Default__ThirdPerson_AnimBP_C Function /Game/Mannequin/Animations/ThirdPerson_AnimBP.ThirdPerson_AnimBP_C:ExecuteUbergraph_ThirdPerson_AnimBP
[2018.08.21-13.21.42:879][452]LogUObjectGlobals: Destroyed PersistentFrame Addr=0x00000222ad2cea70, Size=72
[2018.08.21-13.21.42:879][452]LogUObjectGlobals: Created PersistentFrame Addr=0x00000222ac6fdd00, Size=72, Default__ThirdPerson_AnimBP_C Function /Engine/Transient.REINST_ThirdPerson_AnimBP_C_4:ExecuteUbergraph_ThirdPerson_AnimBP
[2018.08.21-13.21.42:879][452]LogUObjectGlobals: Destroyed PersistentFrame Addr=0x00000222ba7d0a40, Size=272
[2018.08.21-13.21.42:879][452]LogUObjectGlobals: Created PersistentFrame Addr=0x00000222ba7d0a40, Size=272, Default__ThirdPersonCharacter_C Function /Engine/Transient.REINST_ThirdPersonCharacter_C_73:ExecuteUbergraph_ThirdPersonCharacter
[2018.08.21-13.21.42:886][452]LogUObjectGlobals: Created PersistentFrame Addr=0x00000222ac519350, Size=72, Default__ThirdPerson_AnimBP_C Function /Game/Mannequin/Animations/ThirdPerson_AnimBP.ThirdPerson_AnimBP_C:ExecuteUbergraph_ThirdPerson_AnimBP
[2018.08.21-13.21.42:887][452]LogUObjectGlobals: Created PersistentFrame Addr=0x00000222b58ede40, Size=272, Default__ThirdPersonCharacter_C Function /Game/ThirdPersonBP/Blueprints/ThirdPersonCharacter.ThirdPersonCharacter_C:ExecuteUbergraph_ThirdPersonCharacter
[2018.08.21-13.21.42:922][452]LogSkeletalMesh: Skeletal Mesh found in DDC [8.371211ms] /Game/Mannequin/Character/Mesh/SK_Mannequin.SK_Mannequin
[2018.08.21-13.21.42:932][452]LogLoad: Game class is 'ThirdPersonGameMode_C'
[2018.08.21-13.21.42:933][452]LogWorld: Bringing World /Game/Maps/MainMenu.MainMenu up for play (max tick rate 0) at 2018.08.21-06.21.42
[2018.08.21-13.21.42:933][452]LogWorld: Bringing up level for play took: 0.000390
[2018.08.21-13.21.42:933][452]LogGameMode: FindPlayerStart: PATHS NOT DEFINED or NO PLAYERSTART with positive rating
[2018.08.21-13.21.42:934][452]LogGameMode: Display: Match State Changed from EnteringMap to WaitingToStart
[2018.08.21-13.21.42:934][452]LogGameState: Match State Changed from EnteringMap to WaitingToStart
[2018.08.21-13.21.42:934][452]LogGameMode: Display: Match State Changed from WaitingToStart to InProgress
[2018.08.21-13.21.42:935][452]LogGameState: Match State Changed from WaitingToStart to InProgress
[2018.08.21-13.21.42:936][452]LogLoad: Took 0.107863 seconds to LoadMap(/Game/Maps/MainMenu)
[2018.08.21-13.21.42:965][452]LogUObjectGlobals: Destroyed PersistentFrame Addr=0x00000222ad1873d0, Size=72
[2018.08.21-13.21.42:965][452]LogUObjectGlobals: Destroyed PersistentFrame Addr=0x00000222ad182a00, Size=128
[2018.08.21-13.21.42:965][452]LogUObjectGlobals: Destroyed PersistentFrame Addr=0x00000222ad23cd00, Size=64
[2018.08.21-13.21.42:965][452]LogUObjectGlobals: Destroyed PersistentFrame Addr=0x00000222ad1a0aa0, Size=32
[2018.08.21-13.21.42:965][452]LogUObjectGlobals: Destroyed PersistentFrame Addr=0x00000222ad0dbbf0, Size=72
[2018.08.21-13.21.42:965][452]LogUObjectGlobals: Destroyed PersistentFrame Addr=0x00000222ad09df80, Size=536
[2018.08.21-13.21.42:965][452]LogUObjectGlobals: Destroyed PersistentFrame Addr=0x00000222ad037100, Size=80
[2018.08.21-13.21.42:965][452]LogUObjectGlobals: Destroyed PersistentFrame Addr=0x00000222ad1d8f40, Size=320
[2018.08.21-13.21.42:965][452]LogUObjectGlobals: Destroyed PersistentFrame Addr=0x00000222ad31a3f8, Size=4
[2018.08.21-13.21.42:965][452]LogUObjectGlobals: Destroyed PersistentFrame Addr=0x00000222acffeb00, Size=2512
[2018.08.21-13.21.42:965][452]LogUObjectGlobals: Destroyed PersistentFrame Addr=0x00000222adf33640, Size=96
[2018.08.21-13.21.42:965][452]LogUObjectGlobals: Destroyed PersistentFrame Addr=0x00000222adecb700, Size=192
[2018.08.21-13.21.42:965][452]LogUObjectGlobals: Destroyed PersistentFrame Addr=0x00000222ad1d8680, Size=320
[2018.08.21-13.21.42:965][452]LogUObjectGlobals: Destroyed PersistentFrame Addr=0x00000222ade86780, Size=880
[2018.08.21-13.21.42:965][452]LogUObjectGlobals: Destroyed PersistentFrame Addr=0x00000222ade2ef20, Size=32
[2018.08.21-13.21.42:965][452]LogUObjectGlobals: Destroyed PersistentFrame Addr=0x00000222ade26c00, Size=536
[2018.08.21-13.21.42:965][452]LogUObjectGlobals: Destroyed PersistentFrame Addr=0x00000222ade26700, Size=536
[2018.08.21-13.21.42:965][452]LogUObjectGlobals: Destroyed PersistentFrame Addr=0x00000222addebf00, Size=256
[2018.08.21-13.21.42:966][452]LogUObjectGlobals: Destroyed PersistentFrame Addr=0x00000222ad2beb00, Size=784
[2018.08.21-13.21.42:966][452]LogUObjectGlobals: Destroyed PersistentFrame Addr=0x00000222ade24400, Size=536
[2018.08.21-13.21.42:969][452]LogUObjectGlobals: Destroyed PersistentFrame Addr=0x00000222ac6fdd00, Size=72
[2018.08.21-13.21.42:969][452]LogUObjectGlobals: Destroyed PersistentFrame Addr=0x00000222ba7d0a40, Size=272
[2018.08.21-13.21.42:969][452]LogUObjectGlobals: Destroyed PersistentFrame Addr=0x0000022291ead700, Size=32
