Log file open, 08/21/18 08:07:11
LogWindows: Failed to load 'aqProf.dll' (GetLastError=126)
LogWindows: File 'aqProf.dll' does not exist
LogWindows: Failed to load 'VtuneApi.dll' (GetLastError=126)
LogWindows: File 'VtuneApi.dll' does not exist
LogWindows: Failed to load 'VtuneApi32e.dll' (GetLastError=126)
LogWindows: File 'VtuneApi32e.dll' does not exist
LogInit: Display: Running engine for game: DarkCrystalstutter
LogPlatformFile: Not using cached read wrapper
LogInit: Display: RandInit(-394224827) SRandInit(-394224827).
LogInit: Read version file with build ID '3944462'
LogInit: Overriding engine version to CL 4033788, compatible CL 3944462
LogInit: Registered custom module enumerator with build ID '3944462'
LogTaskGraph: Started task graph with 5 named threads and 17 total threads with 3 sets of task threads.
LogStats: Stats thread started at 0.211966
LogD3D11RHI: Aftermath initialized
LogICUInternationalization: Display: ICU TimeZone Detection - Raw Offset: -8:00, Platform Override: ''
LogModuleManager: Display: Found up-to-date module file ../../../Engine/Plugins/Online/OnlineSubsystemSteam/Binaries/Win64/UE4Editor-OnlineSubsystemSteam.dll (API version 3944462).
LogModuleManager: Display: Found up-to-date module file ../../../Engine/Plugins/Online/OnlineSubsystem/Binaries/Win64/UE4Editor-OnlineSubsystem.dll (API version 3944462).
LogModuleManager: Display: Found up-to-date module file ../../../Engine/Plugins/Online/OnlineSubsystemUtils/Binaries/Win64/UE4Editor-OnlineSubsystemUtils.dll (API version 3944462).
LogModuleManager: Display: Found up-to-date module file ../../../Engine/Plugins/Online/OnlineSubsystemUtils/Binaries/Win64/UE4Editor-OnlineBlueprintSupport.dll (API version 3944462).
LogModuleManager: Display: Found up-to-date module file ../../../Engine/Plugins/VictoryPlugin/Binaries/Win64/UE4Editor-VictoryBPLibrary.dll (API version 3944462).
LogModuleManager: Display: Found up-to-date module file ../../../Engine/Plugins/Runtime/ApexDestruction/Binaries/Win64/UE4Editor-ApexDestruction.dll (API version 3944462).
LogModuleManager: Display: Found up-to-date module file ../../../Engine/Plugins/Runtime/ApexDestruction/Binaries/Win64/UE4Editor-ApexDestructionEditor.dll (API version 3944462).
LogModuleManager: Display: Found up-to-date module file ../../../Engine/Plugins/AdvancedSessions/AdvancedSessions/Binaries/Win64/UE4Editor-AdvancedSessions.dll (API version 3944462).
LogModuleManager: Display: Found up-to-date module file ../../../Engine/Plugins/AdvancedSessions/AdvancedSteamSessions/Binaries/Win64/UE4Editor-AdvancedSteamSessions.dll (API version 3944462).
LogModuleManager: Display: Found up-to-date module file ../../../Engine/Plugins/2D/Paper2D/Binaries/Win64/UE4Editor-Paper2D.dll (API version 3944462).
LogModuleManager: Display: Found up-to-date module file ../../../Engine/Plugins/2D/Paper2D/Binaries/Win64/UE4Editor-Paper2DEditor.dll (API version 3944462).
LogModuleManager: Display: Found up-to-date module file ../../../Engine/Plugins/2D/Paper2D/Binaries/Win64/UE4Editor-PaperSpriteSheetImporter.dll (API version 3944462).
LogModuleManager: Display: Found up-to-date module file ../../../Engine/Plugins/2D/Paper2D/Binaries/Win64/UE4Editor-PaperTiledImporter.dll (API version 3944462).
LogModuleManager: Display: Found up-to-date module file ../../../Engine/Plugins/2D/Paper2D/Binaries/Win64/UE4Editor-SmartSnapping.dll (API version 3944462).
LogModuleManager: Display: Found up-to-date module file ../../../Engine/Plugins/Blendables/LightPropagationVolume/Binaries/Win64/UE4Editor-LightPropagationVolumeRuntime.dll (API version 3944462).
LogModuleManager: Display: Found up-to-date module file ../../../Engine/Plugins/Blendables/LightPropagationVolume/Binaries/Win64/UE4Editor-LightPropagationVolumeEditor.dll (API version 3944462).
LogModuleManager: Display: Found up-to-date module file ../../../Engine/Plugins/Developer/CLionSourceCodeAccess/Binaries/Win64/UE4Editor-CLionSourceCodeAccess.dll (API version 3944462).
LogModuleManager: Display: Found up-to-date module file ../../../Engine/Plugins/Developer/GitSourceControl/Binaries/Win64/UE4Editor-GitSourceControl.dll (API version 3944462).
LogModuleManager: Display: Found up-to-date module file ../../../Engine/Plugins/Developer/PerforceSourceControl/Binaries/Win64/UE4Editor-PerforceSourceControl.dll (API version 3944462).
LogModuleManager: Display: Found up-to-date module file ../../../Engine/Plugins/Developer/SubversionSourceControl/Binaries/Win64/UE4Editor-SubversionSourceControl.dll (API version 3944462).
LogModuleManager: Display: Found up-to-date module file ../../../Engine/Plugins/Developer/UObjectPlugin/Binaries/Win64/UE4Editor-UObjectPlugin.dll (API version 3944462).
LogModuleManager: Display: Found up-to-date module file ../../../Engine/Plugins/Developer/VisualStudioCodeSourceCodeAccess/Binaries/Win64/UE4Editor-VisualStudioCodeSourceCodeAccess.dll (API version 3944462).
LogModuleManager: Display: Found up-to-date module file ../../../Engine/Plugins/Developer/VisualStudioSourceCodeAccess/Binaries/Win64/UE4Editor-VisualStudioSourceCodeAccess.dll (API version 3944462).
LogModuleManager: Display: Found up-to-date module file ../../../Engine/Plugins/Editor/AssetManagerEditor/Binaries/Win64/UE4Editor-AssetManagerEditor.dll (API version 3944462).
LogModuleManager: Display: Found up-to-date module file ../../../Engine/Plugins/Editor/CryptoKeys/Binaries/Win64/UE4Editor-CryptoKeys.dll (API version 3944462).
LogModuleManager: Display: Found up-to-date module file ../../../Engine/Plugins/Editor/CryptoKeys/Binaries/Win64/UE4Editor-CryptoKeysOpenSSL.dll (API version 3944462).
LogModuleManager: Display: Found up-to-date module file ../../../Engine/Plugins/Editor/DataValidation/Binaries/Win64/UE4Editor-DataValidation.dll (API version 3944462).
LogModuleManager: Display: Found up-to-date module file ../../../Engine/Plugins/Editor/FacialAnimation/Binaries/Win64/UE4Editor-FacialAnimation.dll (API version 3944462).
LogModuleManager: Display: Found up-to-date module file ../../../Engine/Plugins/Editor/FacialAnimation/Binaries/Win64/UE4Editor-FacialAnimationEditor.dll (API version 3944462).
LogModuleManager: Display: Found up-to-date module file ../../../Engine/Plugins/Editor/GameplayTagsEditor/Binaries/Win64/UE4Editor-GameplayTagsEditor.dll (API version 3944462).
LogModuleManager: Display: Found up-to-date module file ../../../Engine/Plugins/Editor/MobileLauncherProfileWizard/Binaries/Win64/UE4Editor-MobileLauncherProfileWizard.dll (API version 3944462).
LogModuleManager: Display: Found up-to-date module file ../../../Engine/Plugins/Editor/PluginBrowser/Binaries/Win64/UE4Editor-PluginBrowser.dll (API version 3944462).
LogModuleManager: Display: Found up-to-date module file ../../../Engine/Plugins/Editor/SpeedTreeImporter/Binaries/Win64/UE4Editor-SpeedTreeImporter.dll (API version 3944462).
LogModuleManager: Display: Found up-to-date module file ../../../Engine/Plugins/Enterprise/DatasmithContent/Binaries/Win64/UE4Editor-DatasmithContent.dll (API version 3944462).
LogModuleManager: Display: Found up-to-date module file ../../../Engine/Plugins/Experimental/AlembicImporter/Binaries/Win64/UE4Editor-AlembicImporter.dll (API version 3944462).
LogModuleManager: Display: Found up-to-date module file ../../../Engine/Plugins/Experimental/AlembicImporter/Binaries/Win64/UE4Editor-AlembicLibrary.dll (API version 3944462).
LogModuleManager: Display: Found up-to-date module file ../../../Engine/Plugins/Experimental/CharacterAI/Binaries/Win64/UE4Editor-CharacterAI.dll (API version 3944462).
LogModuleManager: Display: Found up-to-date module file ../../../Engine/Plugins/Experimental/HTML5Networking/Binaries/Win64/UE4Editor-HTML5Networking.dll (API version 3944462).
LogModuleManager: Display: Found up-to-date module file ../../../Engine/Plugins/Media/AndroidMedia/Binaries/Win64/UE4Editor-AndroidMediaEditor.dll (API version 3944462).
LogModuleManager: Display: Found up-to-date module file ../../../Engine/Plugins/Media/AndroidMedia/Binaries/Win64/UE4Editor-AndroidMediaFactory.dll (API version 3944462).
LogModuleManager: Display: Found up-to-date module file ../../../Engine/Plugins/Media/AvfMedia/Binaries/Win64/UE4Editor-AvfMediaEditor.dll (API version 3944462).
LogModuleManager: Display: Found up-to-date module file ../../../Engine/Plugins/Media/AvfMedia/Binaries/Win64/UE4Editor-AvfMediaFactory.dll (API version 3944462).
LogModuleManager: Display: Found up-to-date module file ../../../Engine/Plugins/Media/AvfMedia/Binaries/Win64/UE4Editor-AvfMediaFactory.dll (API version 3944462).
LogModuleManager: Display: Found up-to-date module file ../../../Engine/Plugins/Media/ImgMedia/Binaries/Win64/UE4Editor-ImgMedia.dll (API version 3944462).
LogModuleManager: Display: Found up-to-date module file ../../../Engine/Plugins/Media/ImgMedia/Binaries/Win64/UE4Editor-ImgMediaEditor.dll (API version 3944462).
LogModuleManager: Display: Found up-to-date module file ../../../Engine/Plugins/Media/ImgMedia/Binaries/Win64/UE4Editor-ImgMediaFactory.dll (API version 3944462).
LogModuleManager: Display: Found up-to-date module file ../../../Engine/Plugins/Media/ImgMedia/Binaries/Win64/UE4Editor-ImgMediaFactory.dll (API version 3944462).
LogModuleManager: Display: Found up-to-date module file ../../../Engine/Plugins/Media/ImgMedia/Binaries/Win64/UE4Editor-OpenExrWrapper.dll (API version 3944462).
LogModuleManager: Display: Found up-to-date module file ../../../Engine/Plugins/Media/LinearTimecode/Binaries/Win64/UE4Editor-LinearTimecode.dll (API version 3944462).
LogModuleManager: Display: Found up-to-date module file ../../../Engine/Plugins/Media/MediaCompositing/Binaries/Win64/UE4Editor-MediaCompositing.dll (API version 3944462).
LogModuleManager: Display: Found up-to-date module file ../../../Engine/Plugins/Media/MediaCompositing/Binaries/Win64/UE4Editor-MediaCompositingEditor.dll (API version 3944462).
LogModuleManager: Display: Found up-to-date module file ../../../Engine/Plugins/Media/MediaPlayerEditor/Binaries/Win64/UE4Editor-MediaPlayerEditor.dll (API version 3944462).
LogModuleManager: Display: Found up-to-date module file ../../../Engine/Plugins/Media/WmfMedia/Binaries/Win64/UE4Editor-WmfMedia.dll (API version 3944462).
LogModuleManager: Display: Found up-to-date module file ../../../Engine/Plugins/Media/WmfMedia/Binaries/Win64/UE4Editor-WmfMediaEditor.dll (API version 3944462).
LogModuleManager: Display: Found up-to-date module file ../../../Engine/Plugins/Media/WmfMedia/Binaries/Win64/UE4Editor-WmfMediaFactory.dll (API version 3944462).
LogModuleManager: Display: Found up-to-date module file ../../../Engine/Plugins/Media/WmfMedia/Binaries/Win64/UE4Editor-WmfMediaFactory.dll (API version 3944462).
LogModuleManager: Display: Found up-to-date module file ../../../Engine/Plugins/Messaging/TcpMessaging/Binaries/Win64/UE4Editor-TcpMessaging.dll (API version 3944462).
LogModuleManager: Display: Found up-to-date module file ../../../Engine/Plugins/Messaging/UdpMessaging/Binaries/Win64/UE4Editor-UdpMessaging.dll (API version 3944462).
LogModuleManager: Display: Found up-to-date module file ../../../Engine/Plugins/MovieScene/ActorSequence/Binaries/Win64/UE4Editor-ActorSequence.dll (API version 3944462).
LogModuleManager: Display: Found up-to-date module file ../../../Engine/Plugins/MovieScene/LevelSequenceEditor/Binaries/Win64/UE4Editor-LevelSequenceEditor.dll (API version 3944462).
LogModuleManager: Display: Found up-to-date module file ../../../Engine/Plugins/MovieScene/MatineeToLevelSequence/Binaries/Win64/UE4Editor-MatineeToLevelSequence.dll (API version 3944462).
LogModuleManager: Display: Found up-to-date module file ../../../Engine/Plugins/NetcodeUnitTest/NetcodeUnitTest/Binaries/Win64/UE4Editor-NetcodeUnitTest.dll (API version 3944462).
LogModuleManager: Display: Found up-to-date module file ../../../Engine/Plugins/NetcodeUnitTest/NUTUnrealEngine4/Binaries/Win64/UE4Editor-NUTUnrealEngine4.dll (API version 3944462).
LogModuleManager: Display: Found up-to-date module file ../../../Engine/Plugins/Runtime/AndroidPermission/Binaries/Win64/UE4Editor-AndroidPermission.dll (API version 3944462).
LogModuleManager: Display: Found up-to-date module file ../../../Engine/Plugins/Online/OnlineSubsystemNull/Binaries/Win64/UE4Editor-OnlineSubsystemNull.dll (API version 3944462).
LogModuleManager: Display: Found up-to-date module file ../../../Engine/Plugins/Runtime/AndroidDeviceProfileSelector/Binaries/Win64/UE4Editor-AndroidDeviceProfileSelector.dll (API version 3944462).
LogModuleManager: Display: Found up-to-date module file ../../../Engine/Plugins/Runtime/AppleARKit/Binaries/Win64/UE4Editor-AppleARKit.dll (API version 3944462).
LogModuleManager: Display: Found up-to-date module file ../../../Engine/Plugins/Runtime/ProceduralMeshComponent/Binaries/Win64/UE4Editor-ProceduralMeshComponent.dll (API version 3944462).
LogModuleManager: Display: Found up-to-date module file ../../../Engine/Plugins/Runtime/ProceduralMeshComponent/Binaries/Win64/UE4Editor-ProceduralMeshComponentEditor.dll (API version 3944462).
LogModuleManager: Display: Found up-to-date module file ../../../Engine/Plugins/Animation/LiveLink/Binaries/Win64/UE4Editor-LiveLink.dll (API version 3944462).
LogModuleManager: Display: Found up-to-date module file ../../../Engine/Plugins/Animation/LiveLink/Binaries/Win64/UE4Editor-LiveLinkEditor.dll (API version 3944462).
LogModuleManager: Display: Found up-to-date module file ../../../Engine/Plugins/Runtime/ArchVisCharacter/Binaries/Win64/UE4Editor-ArchVisCharacter.dll (API version 3944462).
LogModuleManager: Display: Found up-to-date module file ../../../Engine/Plugins/Runtime/AudioCapture/Binaries/Win64/UE4Editor-AudioCapture.dll (API version 3944462).
LogModuleManager: Display: Found up-to-date module file ../../../Engine/Plugins/Runtime/AudioCapture/Binaries/Win64/UE4Editor-AudioCaptureEditor.dll (API version 3944462).
LogModuleManager: Display: Found up-to-date module file ../../../Engine/Plugins/Runtime/CableComponent/Binaries/Win64/UE4Editor-CableComponent.dll (API version 3944462).
LogModuleManager: Display: Found up-to-date module file ../../../Engine/Plugins/Runtime/CustomMeshComponent/Binaries/Win64/UE4Editor-CustomMeshComponent.dll (API version 3944462).
LogModuleManager: Display: Found up-to-date module file ../../../Engine/Plugins/Runtime/ExampleDeviceProfileSelector/Binaries/Win64/UE4Editor-ExampleDeviceProfileSelector.dll (API version 3944462).
LogModuleManager: Display: Found up-to-date module file ../../../Engine/Plugins/Runtime/ImmediatePhysics/Binaries/Win64/UE4Editor-ImmediatePhysics.dll (API version 3944462).
LogModuleManager: Display: Found up-to-date module file ../../../Engine/Plugins/Runtime/ImmediatePhysics/Binaries/Win64/UE4Editor-ImmediatePhysicsEditor.dll (API version 3944462).
LogModuleManager: Display: Found up-to-date module file ../../../Engine/Plugins/Runtime/LocationServicesBPLibrary/Binaries/Win64/UE4Editor-LocationServicesBPLibrary.dll (API version 3944462).
LogModuleManager: Display: Found up-to-date module file ../../../Engine/Plugins/Runtime/MobilePatchingUtils/Binaries/Win64/UE4Editor-MobilePatchingUtils.dll (API version 3944462).
LogModuleManager: Display: Found up-to-date module file ../../../Engine/Plugins/Runtime/Oculus/OculusVR/Binaries/Win64/UE4Editor-OculusHMD.dll (API version 3944462).
LogModuleManager: Display: Found up-to-date module file ../../../Engine/Plugins/Runtime/Oculus/OculusVR/Binaries/Win64/UE4Editor-OculusInput.dll (API version 3944462).
LogModuleManager: Display: Found up-to-date module file ../../../Engine/Plugins/Runtime/Oculus/OculusVR/Binaries/Win64/UE4Editor-OculusEditor.dll (API version 3944462).
LogModuleManager: Display: Found up-to-date module file ../../../Engine/Plugins/Runtime/PhysXVehicles/Binaries/Win64/UE4Editor-PhysXVehicles.dll (API version 3944462).
LogModuleManager: Display: Found up-to-date module file ../../../Engine/Plugins/Runtime/PhysXVehicles/Binaries/Win64/UE4Editor-PhysXVehiclesEditor.dll (API version 3944462).
LogModuleManager: Display: Found up-to-date module file ../../../Engine/Plugins/Runtime/RuntimePhysXCooking/Binaries/Win64/UE4Editor-RuntimePhysXCooking.dll (API version 3944462).
LogModuleManager: Display: Found up-to-date module file ../../../Engine/Plugins/Runtime/Steam/SteamVR/Binaries/Win64/UE4Editor-SteamVR.dll (API version 3944462).
LogModuleManager: Display: Found up-to-date module file ../../../Engine/Plugins/Runtime/Steam/SteamVR/Binaries/Win64/UE4Editor-SteamVRController.dll (API version 3944462).
LogModuleManager: Display: Found up-to-date module file ../../../Engine/Plugins/Runtime/WindowsMoviePlayer/Binaries/Win64/UE4Editor-WindowsMoviePlayer.dll (API version 3944462).
LogPluginManager: Mounting plugin Paper2D
LogPluginManager: Mounting plugin AdvancedSessions
LogPluginManager: Mounting plugin AdvancedSteamSessions
LogPluginManager: Mounting plugin LiveLink
LogPluginManager: Mounting plugin LightPropagationVolume
LogPluginManager: Mounting plugin CLionSourceCodeAccess
LogPluginManager: Mounting plugin CodeLiteSourceCodeAccess
LogPluginManager: Mounting plugin GitSourceControl
LogPluginManager: Mounting plugin KDevelopSourceCodeAccess
LogPluginManager: Mounting plugin NullSourceCodeAccess
LogPluginManager: Mounting plugin PerforceSourceControl
LogPluginManager: Mounting plugin SubversionSourceControl
LogPluginManager: Mounting plugin UObjectPlugin
LogPluginManager: Mounting plugin VisualStudioCodeSourceCodeAccess
LogPluginManager: Mounting plugin VisualStudioSourceCodeAccess
LogPluginManager: Mounting plugin XCodeSourceCodeAccess
LogPluginManager: Mounting plugin AssetManagerEditor
LogPluginManager: Mounting plugin CryptoKeys
LogPluginManager: Mounting plugin DataValidation
LogPluginManager: Mounting plugin FacialAnimation
LogPluginManager: Mounting plugin GameplayTagsEditor
LogPluginManager: Mounting plugin MobileLauncherProfileWizard
LogPluginManager: Mounting plugin PluginBrowser
LogPluginManager: Mounting plugin SpeedTreeImporter
LogPluginManager: Mounting plugin DatasmithContent
LogPluginManager: Mounting plugin AlembicImporter
LogPluginManager: Mounting plugin CharacterAI
LogPluginManager: Mounting plugin HTML5Networking
LogPluginManager: Mounting plugin AndroidMedia
LogPluginManager: Mounting plugin AvfMedia
LogPluginManager: Mounting plugin ImgMedia
LogPluginManager: Mounting plugin LinearTimecode
LogPluginManager: Mounting plugin MediaCompositing
LogPluginManager: Mounting plugin MediaPlayerEditor
LogPluginManager: Mounting plugin WmfMedia
LogPluginManager: Mounting plugin TcpMessaging
LogPluginManager: Mounting plugin UdpMessaging
LogPluginManager: Mounting plugin ActorSequence
LogPluginManager: Mounting plugin LevelSequenceEditor
LogPluginManager: Mounting plugin MatineeToLevelSequence
LogPluginManager: Mounting plugin NetcodeUnitTest
LogPluginManager: Mounting plugin NUTUnrealEngine4
LogPluginManager: Mounting plugin OnlineSubsystemGooglePlay
LogPluginManager: Mounting plugin OnlineSubsystemIOS
LogPluginManager: Mounting plugin OnlineSubsystem
LogPluginManager: Mounting plugin OnlineSubsystemNull
LogPluginManager: Mounting plugin OnlineSubsystemSteam
LogPluginManager: Mounting plugin OnlineSubsystemUtils
LogPluginManager: Mounting plugin AndroidDeviceProfileSelector
LogPluginManager: Mounting plugin AndroidMoviePlayer
LogPluginManager: Mounting plugin AndroidPermission
LogPluginManager: Mounting plugin ApexDestruction
LogPluginManager: Mounting plugin AppleARKit
LogPluginManager: Mounting plugin AppleMoviePlayer
LogPluginManager: Mounting plugin ArchVisCharacter
LogPluginManager: Mounting plugin AudioCapture
LogPluginManager: Mounting plugin CableComponent
LogPluginManager: Mounting plugin CustomMeshComponent
LogPluginManager: Mounting plugin ExampleDeviceProfileSelector
LogPluginManager: Mounting plugin GoogleCloudMessaging
LogPluginManager: Mounting plugin ImmediatePhysics
LogPluginManager: Mounting plugin IOSDeviceProfileSelector
LogPluginManager: Mounting plugin LinuxDeviceProfileSelector
LogPluginManager: Mounting plugin LocationServicesBPLibrary
LogPluginManager: Mounting plugin MobilePatchingUtils
LogPluginManager: Mounting plugin OculusVR
LogPluginManager: Plugin shader directory ../../../Engine/Plugins/Runtime/Oculus/OculusVR/Shaders found
LogPluginManager: Mapping shader source directory ../../../Engine/Plugins/Runtime/Oculus/OculusVR/Shaders to virtual directory /Plugin/OculusVR
LogPluginManager: Mounting plugin PhysXVehicles
LogPluginManager: Mounting plugin ProceduralMeshComponent
LogPluginManager: Mounting plugin RuntimePhysXCooking
LogPluginManager: Mounting plugin SteamVR
LogPluginManager: Mounting plugin WindowsMoviePlayer
LogPluginManager: Mounting plugin VictoryBPLibrary
LogStreaming: Display: Took  0.762s to configure plugins.
LogInit: Using libcurl 7.47.1
LogInit:  - built for x86_64-pc-win32
LogInit:  - supports SSL with OpenSSL/1.0.2g
LogInit:  - supports HTTP deflate (compression) using libz 1.2.8
LogInit:  - other features:
LogInit:      CURL_VERSION_SSL
LogInit:      CURL_VERSION_LIBZ
LogInit:      CURL_VERSION_IPV6
LogInit:      CURL_VERSION_ASYNCHDNS
LogInit:      CURL_VERSION_LARGEFILE
LogInit:      CURL_VERSION_IDN
LogInit:  CurlRequestOptions (configurable via config and command line):
LogInit:  - bVerifyPeer = false  - Libcurl will NOT verify peer certificate
LogInit:  - bUseHttpProxy = false  - Libcurl will NOT use HTTP proxy
LogInit:  - bDontReuseConnections = false  - Libcurl will reuse connections
LogInit:  - CertBundlePath = nullptr  - Libcurl will use whatever was configured at build time.
LogInit:  - MaxHostConnections = 16  - Libcurl will limit the number of connections to a host
LogInit:  - LocalHostAddr = Default
LogOnline: Display: STEAM: Loading Steam SDK 1.39
LogWindows: Failed to load '../../../Engine/Binaries/ThirdParty/Steamworks/Steamv139/Win64/steamclient64.dll' (GetLastError=126)
LogWindows: File '../../../Engine/Binaries/ThirdParty/Steamworks/Steamv139/Win64/steamclient64.dll' does not exist
LogOnline: Warning: STEAM: Steam API disabled!
LogOnline: Display: STEAM: OnlineSubsystemSteam::Shutdown()
LogInit: WinSock: version 1.1 (2.2), MaxSocks=32767, MaxUdp=65467
LogInit: WinSock: I am DESKTOP-LI0N2FC (192.168.29.155:0)
LogInit: Build: ++UE4+Release-4.19-CL-4033788
LogInit: Engine Version: 4.19.2-4033788+++UE4+Release-4.19
LogInit: Compatible Engine Version: 4.19.0-3944462+++UE4+Release-4.19
LogInit: Net CL: 3944462
LogDevObjectVersion: Number of dev versions registered: 18
LogDevObjectVersion:   Dev-Blueprints (B0D832E4-1F89-4F0D-ACCF-7EB736FD4AA2): 10
LogDevObjectVersion:   Dev-Build (E1C64328-A22C-4D53-A36C-8E866417BD8C): 0
LogDevObjectVersion:   Dev-Core (375EC13C-06E4-48FB-B500-84F0262A717E): 2
LogDevObjectVersion:   Dev-Editor (E4B068ED-F494-42E9-A231-DA0B2E46BB41): 23
LogDevObjectVersion:   Dev-Framework (CFFC743F-43B0-4480-9391-14DF171D2073): 33
LogDevObjectVersion:   Dev-Mobile (B02B49B5-BB20-44E9-A304-32B752E40360): 2
LogDevObjectVersion:   Dev-Networking (A4E4105C-59A1-49B5-A7C5-40C4547EDFEE): 0
LogDevObjectVersion:   Dev-Online (39C831C9-5AE6-47DC-9A44-9C173E1C8E7C): 0
LogDevObjectVersion:   Dev-Physics (78F01B33-EBEA-4F98-B9B4-84EACCB95AA2): 0
LogDevObjectVersion:   Dev-Platform (6631380F-2D4D-43E0-8009-CF276956A95A): 0
LogDevObjectVersion:   Dev-Rendering (12F88B9F-8875-4AFC-A67C-D90C383ABD29): 25
LogDevObjectVersion:   Dev-Sequencer (7B5AE74C-D270-4C10-A958-57980B212A5A): 6
LogDevObjectVersion:   Dev-VR (D7296918-1DD6-4BDD-9DE2-64A83CC13884): 1
LogDevObjectVersion:   Dev-LoadTimes (C2A15278-BFE7-4AFE-6C17-90FF531DF755): 1
LogDevObjectVersion:   Private-Geometry (6EACA3D4-40EC-4CC1-B786-8BED09428FC5): 2
LogDevObjectVersion:   Dev-AnimPhys (29E575DD-E0A3-4627-9D10-D276232CDCEA): 16
LogDevObjectVersion:   Dev-ReflectionCapture (6B266CEC-1EC7-4B8F-A30B-E4D90942FC07): 1
LogDevObjectVersion:   Dev-Automation (0DF73D61-A23F-47EA-B727-89E90C41499A): 1
LogInit: Compiled (64-bit): Apr 27 2018 02:06:57
LogInit: Compiled with Visual C++: 19.00.24215.01
LogInit: Build Configuration: Development
LogInit: Branch Name: ++UE4+Release-4.19
LogInit: Command Line:  /Game/Maps/Arena01 -game -PIEVIACONSOLE -ResX=640 -ResY=480  -Multiprocess -messaging -SessionName="Play in Standalone Game" -port=17777 -windowed GameUserSettingsINI="G:/DarkActive/Unreal Projects/DarkCrystalstutter/Saved/Config/Windows/PIEGameUserSettings0.ini" -MultiprocessSaveConfig  -MultiprocessOSS -server -log 
LogInit: Base Directory: G:/Epic Games/UE_4.19/Engine/Binaries/Win64/
LogInit: Installed Engine Build: 1
LogStreaming: Display: Took  0.008s to delete old logs.
LogInit: Presizing for max 8388607 objects, including 0 objects not considered by GC, pre-allocating 0 bytes for permanent pool.
LogInit: Object subsystem initialized
[2018.08.21-15.07.12:485][  0]LogInit: Selected Device Profile: [Windows]
[2018.08.21-15.07.12:486][  0]LogInit: Applying CVar settings loaded from the selected device profile: [Windows]
[2018.08.21-15.07.12:489][  0]LogInit: Computer: DESKTOP-LI0N2FC
[2018.08.21-15.07.12:489][  0]LogInit: User: Kappa
[2018.08.21-15.07.12:489][  0]LogInit: CPU Page size=4096, Cores=4
[2018.08.21-15.07.12:489][  0]LogInit: High frequency timer resolution =4.101571 MHz
[2018.08.21-15.07.12:490][  0]LogMemory: Memory total: Physical=31.9GB (32GB approx)
[2018.08.21-15.07.12:490][  0]LogMemory: Platform Memory Stats for Windows
[2018.08.21-15.07.12:490][  0]LogMemory: Process Physical Memory: 276.57 MB used, 276.57 MB peak
[2018.08.21-15.07.12:490][  0]LogMemory: Process Virtual Memory: 276.32 MB used, 276.32 MB peak
[2018.08.21-15.07.12:490][  0]LogMemory: Physical Memory: 12884.48 MB used,  19808.33 MB free, 32692.81 MB total
[2018.08.21-15.07.12:491][  0]LogMemory: Virtual Memory: 4801.96 MB used,  19808.33 MB free, 134217728.00 MB total
[2018.08.21-15.07.12:500][  0]LogInit: Using OS detected language (en-US).
[2018.08.21-15.07.12:500][  0]LogInit: Using OS detected locale (en-US).
[2018.08.21-15.07.12:500][  0]LogTextLocalizationManager: No localization for 'en-US' exists, so 'en' will be used for the language.
[2018.08.21-15.07.12:501][  0]LogTextLocalizationManager: No localization for 'en-US' exists, so 'en' will be used for the locale.
[2018.08.21-15.07.12:839][  0]LogStreaming: Display: Took  0.338s to EndInitTextLocalization.
[2018.08.21-15.07.12:853][  0]LogShaderCompilers: Guid format shader working directory is -14 characters bigger than the processId version (../../../../../DarkActive/Unreal Projects/DarkCrystalstutter/Intermediate/Shaders/WorkingDirectory/3980/).
[2018.08.21-15.07.12:853][  0]LogShaderCompilers: Cleaned the shader compiler working directory 'C:/Users/Kappa/AppData/Local/Temp/UnrealShaderWorkingDir/5303568F422D14F45D37649A508F430A/'.
[2018.08.21-15.07.13:017][  0]LogTemp: Display: Loaded TP WindowsClientTargetPlatform
[2018.08.21-15.07.13:030][  0]LogTemp: Display: Loaded TP WindowsNoEditorTargetPlatform
[2018.08.21-15.07.13:045][  0]LogTemp: Display: Loaded TP WindowsServerTargetPlatform
[2018.08.21-15.07.13:059][  0]LogTemp: Display: Loaded TP WindowsTargetPlatform
[2018.08.21-15.07.13:059][  0]LogTargetPlatformManager: Display: Building Assets For Windows
[2018.08.21-15.07.13:139][  0]LogXGEController: Cannot use XGE Controller as Incredibuild is not installed on this machine.
[2018.08.21-15.07.13:139][  0]LogShaderCompilers: Cannot use XGE Shader Compiler as Incredibuild is not installed on this machine.
[2018.08.21-15.07.13:140][  0]LogShaderCompilers: Display: Using Local Shader Compiler.
[2018.08.21-15.07.13:537][  0]LogDerivedDataCache: Display: Max Cache Size: 512 MB
[2018.08.21-15.07.13:593][  0]LogDerivedDataCache: Loaded boot cache 0.06s 74MB C:/Users/Kappa/AppData/Local/UnrealEngine/4.19/DerivedDataCache/Boot.ddc.
[2018.08.21-15.07.13:593][  0]LogDerivedDataCache: Display: Loaded Boot cache: C:/Users/Kappa/AppData/Local/UnrealEngine/4.19/DerivedDataCache/Boot.ddc
[2018.08.21-15.07.13:594][  0]LogDerivedDataCache: FDerivedDataBackendGraph:  Pak pak cache file ../../../../../DarkActive/Unreal Projects/DarkCrystalstutter/DerivedDataCache/DDC.ddp not found, will not use a pak cache.
[2018.08.21-15.07.13:594][  0]LogDerivedDataCache: Unable to find inner node Pak for hierarchical cache Hierarchy.
[2018.08.21-15.07.13:595][  0]LogDerivedDataCache: FDerivedDataBackendGraph:  CompressedPak pak cache file ../../../../../DarkActive/Unreal Projects/DarkCrystalstutter/DerivedDataCache/Compressed.ddp not found, will not use a pak cache.
[2018.08.21-15.07.13:595][  0]LogDerivedDataCache: Unable to find inner node CompressedPak for hierarchical cache Hierarchy.
[2018.08.21-15.07.13:607][  0]LogDerivedDataCache: Display: Pak cache opened for reading ../../../Engine/DerivedDataCache/Compressed.ddp.
[2018.08.21-15.07.13:619][  0]LogDerivedDataCache: Using Local data cache path C:/Users/Kappa/AppData/Local/UnrealEngine/Common/DerivedDataCache: Writable
[2018.08.21-15.07.13:619][  0]LogDerivedDataCache: Shared data cache path not found in *engine.ini, will not use an Shared cache.
[2018.08.21-15.07.13:619][  0]LogDerivedDataCache: Unable to find inner node Shared for hierarchical cache Hierarchy.
[2018.08.21-15.07.13:648][  0]LogAssetRegistry: FAssetRegistry took 0.0039 seconds to start up
[2018.08.21-15.07.13:831][  0]LogPackageLocalizationCache: Processed 9 localized package path(s) for 1 prioritized culture(s) in 0.009949 seconds
[2018.08.21-15.07.13:905][  0]LogInit: Selected Device Profile: [Windows]
[2018.08.21-15.07.13:948][  0]LogSimplygon: Simplygon DLL not present - disabling.
[2018.08.21-15.07.13:951][  0]LogMeshReduction: Using SimplygonSwarm for distributed automatic mesh merging
[2018.08.21-15.07.13:951][  0]LogMeshReduction: Using QuadricMeshReduction for automatic static mesh reduction
[2018.08.21-15.07.13:952][  0]LogMeshReduction: No automatic skeletal mesh reduction module available
[2018.08.21-15.07.13:952][  0]LogMeshReduction: No automatic mesh merging module available
[2018.08.21-15.07.13:952][  0]LogMeshMerging: No automatic mesh merging module available
[2018.08.21-15.07.13:970][  0]LogNetVersion: DarkCrystalstutter , NetCL: 3944462, EngineNetVer: 2, GameNetVer: 0 (Checksum: 1586386174)
[2018.08.21-15.07.14:294][  0]LogTcpMessaging: Initializing TcpMessaging bridge
[2018.08.21-15.07.14:315][  0]LogUdpMessaging: Initializing bridge on interface 0.0.0.0:0 to multicast group 230.0.0.1:6666.
[2018.08.21-15.07.14:410][  0]LogCollectionManager: Loaded 0 collections in 0.001005 seconds
[2018.08.21-15.07.14:446][  0]LogFileCache: Scanning file cache for directory 'G:/DarkActive/Unreal Projects/DarkCrystalstutter/Saved/Collections/' took 0.01s
[2018.08.21-15.07.14:446][  0]LogFileCache: Scanning file cache for directory 'G:/DarkActive/Unreal Projects/DarkCrystalstutter/Content/Developers/Kappa/Collections/' took 0.01s
[2018.08.21-15.07.14:447][  0]LogFileCache: Scanning file cache for directory 'G:/DarkActive/Unreal Projects/DarkCrystalstutter/Content/Collections/' took 0.01s
[2018.08.21-15.07.14:447][  0]LogCollectionManager: Rebuilt the object cache for 0 collections in 0.000000 seconds (found 0 objects)
[2018.08.21-15.07.14:447][  0]LogCollectionManager: Fixed up redirectors for 0 collections in 0.001380 seconds (updated 0 objects)
[2018.08.21-15.07.14:563][  0]SourceControl: Source control is disabled
[2018.08.21-15.07.14:564][  0]SourceControl: Source control is disabled
[2018.08.21-15.07.14:576][  0]SourceControl: Source control is disabled
[2018.08.21-15.07.14:815][  0]LogAndroidPermission: UAndroidPermissionCallbackProxy::GetInstance
[2018.08.21-15.07.14:916][  0]LogOcInput: OculusInput pre-init called
[2018.08.21-15.07.14:941][  0]LogUObjectArray: 41286 objects as part of root set at end of initial load.
[2018.08.21-15.07.14:942][  0]LogUObjectAllocator: 8567600 out of 0 bytes used by permanent object pool.
[2018.08.21-15.07.14:943][  0]LogUObjectArray: CloseDisregardForGC: 0/0 objects in disregard for GC pool
[2018.08.21-15.07.14:971][  0]LogEngine: Initializing Engine...
[2018.08.21-15.07.14:972][  0]LogStats: UGameplayTagsManager::ConstructGameplayTagTree: Construct from data asset -  0.000 s
[2018.08.21-15.07.14:972][  0]LogStats: UGameplayTagsManager::ConstructGameplayTagTree: GameplayTagTreeChangedEvent.Broadcast -  0.000 s
[2018.08.21-15.07.14:992][  0]LogInit: Texture streaming: Disabled
[2018.08.21-15.07.15:029][  0]LogUObjectGlobals: Created PersistentFrame Addr=0x00000229c1daac00, Size=624, Default__GameInfoInstance_C Function /Game/Blueprints/AllLevels/GameInfoInstance.GameInfoInstance_C:ExecuteUbergraph_GameInfoInstance
[2018.08.21-15.07.15:034][  0]LogUObjectGlobals: Created PersistentFrame Addr=0x00000229ce575530, Size=40, Default__ErrorDialog_C Function /Game/UI/MainMenu/ErrorDialog.ErrorDialog_C:ExecuteUbergraph_ErrorDialog
[2018.08.21-15.07.15:048][  0]LogUObjectGlobals: Created PersistentFrame Addr=0x00000229c6eb7f60, Size=80, Default__HostMenu_C Function /Game/UI/MainMenu/HostMenu.HostMenu_C:ExecuteUbergraph_HostMenu
[2018.08.21-15.07.15:056][  0]LogUObjectGlobals: Created PersistentFrame Addr=0x00000229ce5755d0, Size=40, Default__MainMenu_C Function /Game/UI/MainMenu/MainMenu.MainMenu_C:ExecuteUbergraph_MainMenu
[2018.08.21-15.07.15:062][  0]LogUObjectGlobals: Created PersistentFrame Addr=0x00000229c6e92be0, Size=104, Default__OptionsMenu_C Function /Game/UI/MainMenu/OptionsMenu.OptionsMenu_C:ExecuteUbergraph_OptionsMenu
[2018.08.21-15.07.15:079][  0]LogUObjectGlobals: Created PersistentFrame Addr=0x00000229cadaa200, Size=600, Default__ServerMenu_C Function /Game/UI/MainMenu/ServerMenu.ServerMenu_C:ExecuteUbergraph_ServerMenu
[2018.08.21-15.07.15:129][  0]LogUObjectGlobals: Destroyed PersistentFrame Addr=0x00000229c1daac00, Size=624
[2018.08.21-15.07.15:129][  0]LogUObjectGlobals: Created PersistentFrame Addr=0x00000229cfd98900, Size=624, Default__GameInfoInstance_C Function /Engine/Transient.REINST_GameInfoInstance_C_2:ExecuteUbergraph_GameInfoInstance
[2018.08.21-15.07.15:131][  0]LogUObjectGlobals: Destroyed PersistentFrame Addr=0x00000229ce575530, Size=40
[2018.08.21-15.07.15:131][  0]LogUObjectGlobals: Created PersistentFrame Addr=0x00000229cad396c0, Size=40, Default__ErrorDialog_C Function /Engine/Transient.REINST_ErrorDialog_C_0:ExecuteUbergraph_ErrorDialog
[2018.08.21-15.07.15:132][  0]LogUObjectGlobals: Destroyed PersistentFrame Addr=0x00000229c6eb7f60, Size=80
[2018.08.21-15.07.15:132][  0]LogUObjectGlobals: Created PersistentFrame Addr=0x00000229c8246c50, Size=80, Default__HostMenu_C Function /Engine/Transient.REINST_HostMenu_C_1:ExecuteUbergraph_HostMenu
[2018.08.21-15.07.15:133][  0]LogUObjectGlobals: Destroyed PersistentFrame Addr=0x00000229ce5755d0, Size=40
[2018.08.21-15.07.15:133][  0]LogUObjectGlobals: Created PersistentFrame Addr=0x00000229cad395d0, Size=40, Default__MainMenu_C Function /Engine/Transient.REINST_MainMenu_C_3:ExecuteUbergraph_MainMenu
[2018.08.21-15.07.15:134][  0]LogUObjectGlobals: Destroyed PersistentFrame Addr=0x00000229c6e92be0, Size=104
[2018.08.21-15.07.15:134][  0]LogUObjectGlobals: Created PersistentFrame Addr=0x00000229c8242da0, Size=104, Default__OptionsMenu_C Function /Engine/Transient.REINST_OptionsMenu_C_4:ExecuteUbergraph_OptionsMenu
[2018.08.21-15.07.15:135][  0]LogUObjectGlobals: Destroyed PersistentFrame Addr=0x00000229cadaa200, Size=600
[2018.08.21-15.07.15:135][  0]LogUObjectGlobals: Created PersistentFrame Addr=0x00000229c827fd80, Size=600, Default__ServerMenu_C Function /Engine/Transient.REINST_ServerMenu_C_5:ExecuteUbergraph_ServerMenu
[2018.08.21-15.07.15:163][  0]LogUObjectGlobals: Created PersistentFrame Addr=0x00000229c8775580, Size=624, Default__GameInfoInstance_C Function /Game/Blueprints/AllLevels/GameInfoInstance.GameInfoInstance_C:ExecuteUbergraph_GameInfoInstance
[2018.08.21-15.07.15:164][  0]LogUObjectGlobals: Created PersistentFrame Addr=0x00000229cad39d50, Size=40, Default__ErrorDialog_C Function /Game/UI/MainMenu/ErrorDialog.ErrorDialog_C:ExecuteUbergraph_ErrorDialog
[2018.08.21-15.07.15:165][  0]LogUObjectGlobals: Created PersistentFrame Addr=0x00000229c8750b30, Size=80, Default__HostMenu_C Function /Game/UI/MainMenu/HostMenu.HostMenu_C:ExecuteUbergraph_HostMenu
[2018.08.21-15.07.15:167][  0]LogUObjectGlobals: Created PersistentFrame Addr=0x00000229cad3a728, Size=40, Default__MainMenu_C Function /Game/UI/MainMenu/MainMenu.MainMenu_C:ExecuteUbergraph_MainMenu
[2018.08.21-15.07.15:169][  0]LogUObjectGlobals: Created PersistentFrame Addr=0x00000229c86cb970, Size=104, Default__OptionsMenu_C Function /Game/UI/MainMenu/OptionsMenu.OptionsMenu_C:ExecuteUbergraph_OptionsMenu
[2018.08.21-15.07.15:171][  0]LogUObjectGlobals: Created PersistentFrame Addr=0x00000229c86eae80, Size=592, Default__ServerMenu_C Function /Game/UI/MainMenu/ServerMenu.ServerMenu_C:ExecuteUbergraph_ServerMenu
[2018.08.21-15.07.15:189][  0]LogInit: Display: Game Engine Initialized.
[2018.08.21-15.07.15:189][  0]LogGameplayTags: Display: UGameplayTagsManager::DoneAddingNativeTags. DelegateIsBound: 0
[2018.08.21-15.07.15:190][  0]LogStats: UGameplayTagsManager::ConstructGameplayTagTree: Construct from data asset -  0.000 s
[2018.08.21-15.07.15:190][  0]LogStats: UGameplayTagsManager::ConstructGameplayTagTree: GameplayTagTreeChangedEvent.Broadcast -  0.000 s
[2018.08.21-15.07.15:249][  0]LogInit: Display: Starting Game.
[2018.08.21-15.07.15:249][  0]LogNet: Browse: /Game/Maps/Arena01?Name=Player
[2018.08.21-15.07.15:250][  0]LogLoad: LoadMap: /Game/Maps/Arena01?Name=Player
[2018.08.21-15.07.15:262][  0]LogUObjectGlobals: Destroyed PersistentFrame Addr=0x00000229cfd98900, Size=624
[2018.08.21-15.07.15:262][  0]LogUObjectGlobals: Destroyed PersistentFrame Addr=0x00000229cad396c0, Size=40
[2018.08.21-15.07.15:263][  0]LogUObjectGlobals: Destroyed PersistentFrame Addr=0x00000229c8246c50, Size=80
[2018.08.21-15.07.15:263][  0]LogUObjectGlobals: Destroyed PersistentFrame Addr=0x00000229cad395d0, Size=40
[2018.08.21-15.07.15:263][  0]LogUObjectGlobals: Destroyed PersistentFrame Addr=0x00000229c8242da0, Size=104
[2018.08.21-15.07.15:263][  0]LogUObjectGlobals: Destroyed PersistentFrame Addr=0x00000229c827fd80, Size=600
[2018.08.21-15.07.15:294][  0]LogUObjectGlobals: Created PersistentFrame Addr=0x00000229c871c800, Size=256, Default__GameplayGM_C Function /Game/Blueprints/Gameplay/GameplayGM.GameplayGM_C:ExecuteUbergraph_GameplayGM
[2018.08.21-15.07.15:302][  0]LogLinker: Can't find file '/Game/Blueprints/Characters/Female/Kachujin/Animations/Montages/AM_Roll'
[2018.08.21-15.07.15:302][  0]LogLinker: Can't find file '/Game/Blueprints/Characters/Female/Kachujin/Animations/Montages/AM_Roll'
[2018.08.21-15.07.15:303][  0]LogUObjectGlobals: Created PersistentFrame Addr=0x00000229cfd9a700, Size=544, Default__0_Base_C Function /Game/Blueprints/Characters/0_Base.0_Base_C:ExecuteUbergraph_0_Base
[2018.08.21-15.07.15:321][  0]LogUObjectGlobals: Created PersistentFrame Addr=0x00000229c83ac680, Size=32, Default__ABP_WoodenBow_C Function /Game/Blueprints/Items/Weapons/WoodenBow/ABP_WoodenBow.ABP_WoodenBow_C:ExecuteUbergraph_ABP_WoodenBow
[2018.08.21-15.07.15:328][  0]LogUObjectGlobals: Created PersistentFrame Addr=0x00000229c196f4c0, Size=72, Default__BPC_MontageManager_C Function /Game/Blueprints/Components/BPC_MontageManager.BPC_MontageManager_C:ExecuteUbergraph_BPC_MontageManager
[2018.08.21-15.07.15:346][  0]LogUObjectGlobals: Created PersistentFrame Addr=0x00000229c86b9600, Size=2528, Default__GameplayPC_C Function /Game/Blueprints/Gameplay/GameplayPC.GameplayPC_C:ExecuteUbergraph_GameplayPC
[2018.08.21-15.07.15:348][  0]LogUObjectGlobals: Created PersistentFrame Addr=0x00000229c83941c0, Size=96, Default__GameplayPS_C Function /Game/Blueprints/Gameplay/GameplayPS.GameplayPS_C:ExecuteUbergraph_GameplayPS
[2018.08.21-15.07.15:377][  0]LogUObjectGlobals: Created PersistentFrame Addr=0x00000229cd49d580, Size=320, Default__ChatWindow_C Function /Game/UI/AllLevels/ChatWindow.ChatWindow_C:ExecuteUbergraph_ChatWindow
[2018.08.21-15.07.15:380][  0]LogUObjectGlobals: Created PersistentFrame Addr=0x00000229c6e6bc80, Size=888, Default__LobbyPC_C Function /Game/Blueprints/Lobby/LobbyPC.LobbyPC_C:ExecuteUbergraph_LobbyPC
[2018.08.21-15.07.15:382][  0]LogUObjectGlobals: Created PersistentFrame Addr=0x00000229cd443d00, Size=752, Default__LobbyGM_C Function /Game/Blueprints/Lobby/LobbyGM.LobbyGM_C:ExecuteUbergraph_LobbyGM
[2018.08.21-15.07.15:387][  0]LogUObjectGlobals: Created PersistentFrame Addr=0x00000229cd41ee80, Size=544, Default__BP_MaleCharacter_C Function /Game/Blueprints/Characters/0_Base.0_Base_C:ExecuteUbergraph_0_Base
[2018.08.21-15.07.15:396][  0]LogUObjectGlobals: Created PersistentFrame Addr=0x00000229cd41e700, Size=544, Default__BP_MaleCharacter_C Function /Game/Blueprints/Characters/0_Base.0_Base_C:ExecuteUbergraph_0_Base
[2018.08.21-15.07.15:411][  0]LogUObjectGlobals: Created PersistentFrame Addr=0x00000229c6e92e80, Size=112, Default__ABP_BerserkerDefault_C Function /Game/Characters/Berserker_S1/Blueprints/ABP_BerserkerDefault.ABP_BerserkerDefault_C:ExecuteUbergraph_ABP_BerserkerDefault
[2018.08.21-15.07.15:440][  0]LogUObjectGlobals: Created PersistentFrame Addr=0x00000229cd069f80, Size=544, Default__BP_FemaleCharacter_C Function /Game/Blueprints/Characters/0_Base.0_Base_C:ExecuteUbergraph_0_Base
[2018.08.21-15.07.15:444][  0]LogUObjectGlobals: Created PersistentFrame Addr=0x00000229cd057c00, Size=128, Default__ABP_Kachujin_C Function /Game/Characters/Kachujin/ABP_Kachujin.ABP_Kachujin_C:ExecuteUbergraph_ABP_Kachujin
[2018.08.21-15.07.15:480][  0]LogUObjectGlobals: Created PersistentFrame Addr=0x00000229cd839080, Size=544, Default__Tusk_C Function /Game/Blueprints/Characters/0_Base.0_Base_C:ExecuteUbergraph_0_Base
[2018.08.21-15.07.15:484][  0]LogUObjectGlobals: Created PersistentFrame Addr=0x00000229c96bdf40, Size=64, Default__0_BaseAnimBP_C Function /Game/InfinityBladeWarriors/Animations/0_BaseAnimBP.0_BaseAnimBP_C:ExecuteUbergraph_0_BaseAnimBP
[2018.08.21-15.07.15:503][  0]LogUObjectGlobals: Created PersistentFrame Addr=0x00000229c96f4a40, Size=312, Default__LobbyMenu_C Function /Game/UI/Lobby/LobbyMenu.LobbyMenu_C:ExecuteUbergraph_LobbyMenu
[2018.08.21-15.07.15:506][  0]LogUObjectGlobals: Created PersistentFrame Addr=0x00000229d0ba5210, Size=80, Default__CharacterSelect_C Function /Game/UI/Lobby/CharacterSelect.CharacterSelect_C:ExecuteUbergraph_CharacterSelect
[2018.08.21-15.07.15:522][  0]LogUObjectGlobals: Created PersistentFrame Addr=0x00000229d0fca5c0, Size=192, Default__GameSettings_C Function /Game/UI/Lobby/GameSettings.GameSettings_C:ExecuteUbergraph_GameSettings
[2018.08.21-15.07.15:523][  0]LogUObjectGlobals: Created PersistentFrame Addr=0x00000229c96ae820, Size=32, Default__PlayerButton_C Function /Game/UI/Lobby/PlayerButton.PlayerButton_C:ExecuteUbergraph_PlayerButton
[2018.08.21-15.07.15:550][  0]LogUObjectGlobals: Created PersistentFrame Addr=0x00000229cf8f1890, Size=4, Default__ConnectedPlayer_C Function /Game/UI/Lobby/ConnectedPlayer.ConnectedPlayer_C:ExecuteUbergraph_ConnectedPlayer
[2018.08.21-15.07.15:658][  0]LogUObjectGlobals: Destroyed PersistentFrame Addr=0x00000229c96bdf40, Size=64
[2018.08.21-15.07.15:659][  0]LogUObjectGlobals: Created PersistentFrame Addr=0x00000229d1bad200, Size=64, Default__0_BaseAnimBP_C Function /Engine/Transient.REINST_0_BaseAnimBP_C_0:ExecuteUbergraph_0_BaseAnimBP
[2018.08.21-15.07.15:662][  0]LogUObjectGlobals: Destroyed PersistentFrame Addr=0x00000229c6e92e80, Size=112
[2018.08.21-15.07.15:662][  0]LogUObjectGlobals: Created PersistentFrame Addr=0x00000229d1919280, Size=112, Default__ABP_BerserkerDefault_C Function /Engine/Transient.REINST_ABP_BerserkerDefault_C_1:ExecuteUbergraph_ABP_BerserkerDefault
[2018.08.21-15.07.15:663][  0]LogUObjectGlobals: Destroyed PersistentFrame Addr=0x00000229cd057c00, Size=128
[2018.08.21-15.07.15:663][  0]LogUObjectGlobals: Created PersistentFrame Addr=0x00000229d1b89580, Size=128, Default__ABP_Kachujin_C Function /Engine/Transient.REINST_ABP_Kachujin_C_2:ExecuteUbergraph_ABP_Kachujin
[2018.08.21-15.07.15:663][  0]LogUObjectGlobals: Destroyed PersistentFrame Addr=0x00000229c83ac680, Size=32
[2018.08.21-15.07.15:663][  0]LogUObjectGlobals: Created PersistentFrame Addr=0x00000229d18aae00, Size=32, Default__ABP_WoodenBow_C Function /Engine/Transient.REINST_ABP_WoodenBow_C_3:ExecuteUbergraph_ABP_WoodenBow
[2018.08.21-15.07.15:665][  0]LogUObjectGlobals: Destroyed PersistentFrame Addr=0x00000229c196f4c0, Size=72
[2018.08.21-15.07.15:665][  0]LogUObjectGlobals: Created PersistentFrame Addr=0x00000229d18671a0, Size=72, Default__BPC_MontageManager_C Function /Engine/Transient.REINST_BPC_MontageManager_C_19:ExecuteUbergraph_BPC_MontageManager
[2018.08.21-15.07.15:666][  0]LogUObjectGlobals: Destroyed PersistentFrame Addr=0x00000229cfd9a700, Size=544
[2018.08.21-15.07.15:666][  0]LogUObjectGlobals: Created PersistentFrame Addr=0x00000229d1ba0900, Size=544, Default__0_Base_C Function /Engine/Transient.REINST_0_Base_C_23:ExecuteUbergraph_0_Base
[2018.08.21-15.07.15:667][  0]LogUObjectGlobals: Destroyed PersistentFrame Addr=0x00000229d0ba5210, Size=80
[2018.08.21-15.07.15:667][  0]LogUObjectGlobals: Created PersistentFrame Addr=0x00000229d1864400, Size=80, Default__CharacterSelect_C Function /Engine/Transient.REINST_CharacterSelect_C_6:ExecuteUbergraph_CharacterSelect
[2018.08.21-15.07.15:668][  0]LogUObjectGlobals: Destroyed PersistentFrame Addr=0x00000229cd49d580, Size=320
[2018.08.21-15.07.15:669][  0]LogUObjectGlobals: Created PersistentFrame Addr=0x00000229d1b95800, Size=320, Default__ChatWindow_C Function /Engine/Transient.REINST_ChatWindow_C_8:ExecuteUbergraph_ChatWindow
[2018.08.21-15.07.15:670][  0]LogUObjectGlobals: Destroyed PersistentFrame Addr=0x00000229cf8f1890, Size=4
[2018.08.21-15.07.15:670][  0]LogUObjectGlobals: Created PersistentFrame Addr=0x00000229c89dc6e0, Size=4, Default__ConnectedPlayer_C Function /Engine/Transient.REINST_ConnectedPlayer_C_9:ExecuteUbergraph_ConnectedPlayer
[2018.08.21-15.07.15:672][  0]LogUObjectGlobals: Destroyed PersistentFrame Addr=0x00000229c86b9600, Size=2528
[2018.08.21-15.07.15:672][  0]LogUObjectGlobals: Created PersistentFrame Addr=0x00000229c8288100, Size=2528, Default__GameplayPC_C Function /Engine/Transient.REINST_GameplayPC_C_26:ExecuteUbergraph_GameplayPC
[2018.08.21-15.07.15:672][  0]LogUObjectGlobals: Destroyed PersistentFrame Addr=0x00000229c83941c0, Size=96
[2018.08.21-15.07.15:672][  0]LogUObjectGlobals: Created PersistentFrame Addr=0x00000229d1b5c760, Size=96, Default__GameplayPS_C Function /Engine/Transient.REINST_GameplayPS_C_27:ExecuteUbergraph_GameplayPS
[2018.08.21-15.07.15:673][  0]LogUObjectGlobals: Destroyed PersistentFrame Addr=0x00000229d0fca5c0, Size=192
[2018.08.21-15.07.15:673][  0]LogUObjectGlobals: Created PersistentFrame Addr=0x00000229d188f400, Size=192, Default__GameSettings_C Function /Engine/Transient.REINST_GameSettings_C_11:ExecuteUbergraph_GameSettings
[2018.08.21-15.07.15:675][  0]LogUObjectGlobals: Destroyed PersistentFrame Addr=0x00000229c96f4a40, Size=312
[2018.08.21-15.07.15:675][  0]LogUObjectGlobals: Created PersistentFrame Addr=0x00000229d1b94cc0, Size=312, Default__LobbyMenu_C Function /Engine/Transient.REINST_LobbyMenu_C_12:ExecuteUbergraph_LobbyMenu
[2018.08.21-15.07.15:675][  0]LogUObjectGlobals: Destroyed PersistentFrame Addr=0x00000229c6e6bc80, Size=888
[2018.08.21-15.07.15:675][  0]LogUObjectGlobals: Created PersistentFrame Addr=0x00000229d27cc480, Size=888, Default__LobbyPC_C Function /Engine/Transient.REINST_LobbyPC_C_28:ExecuteUbergraph_LobbyPC
[2018.08.21-15.07.15:676][  0]LogUObjectGlobals: Destroyed PersistentFrame Addr=0x00000229c96ae820, Size=32
[2018.08.21-15.07.15:676][  0]LogUObjectGlobals: Created PersistentFrame Addr=0x00000229d18aa680, Size=32, Default__PlayerButton_C Function /Engine/Transient.REINST_PlayerButton_C_13:ExecuteUbergraph_PlayerButton
[2018.08.21-15.07.15:676][  0]LogUObjectGlobals: Destroyed PersistentFrame Addr=0x00000229cd069f80, Size=544
[2018.08.21-15.07.15:676][  0]LogUObjectGlobals: Created PersistentFrame Addr=0x00000229d182fd80, Size=544, Default__BP_FemaleCharacter_C Function /Engine/Transient.REINST_0_Base_C_23:ExecuteUbergraph_0_Base
[2018.08.21-15.07.15:677][  0]LogUObjectGlobals: Destroyed PersistentFrame Addr=0x00000229cd41e700, Size=544
[2018.08.21-15.07.15:677][  0]LogUObjectGlobals: Created PersistentFrame Addr=0x00000229d182fb00, Size=544, Default__BP_MaleCharacter_C Function /Engine/Transient.REINST_0_Base_C_23:ExecuteUbergraph_0_Base
[2018.08.21-15.07.15:677][  0]LogUObjectGlobals: Destroyed PersistentFrame Addr=0x00000229c871c800, Size=256
[2018.08.21-15.07.15:677][  0]LogUObjectGlobals: Created PersistentFrame Addr=0x00000229d181f000, Size=256, Default__GameplayGM_C Function /Engine/Transient.REINST_GameplayGM_C_32:ExecuteUbergraph_GameplayGM
[2018.08.21-15.07.15:678][  0]LogUObjectGlobals: Destroyed PersistentFrame Addr=0x00000229cd443d00, Size=752
[2018.08.21-15.07.15:680][  0]LogUObjectGlobals: Created PersistentFrame Addr=0x00000229d27ab100, Size=752, Default__LobbyGM_C Function /Engine/Transient.REINST_LobbyGM_C_33:ExecuteUbergraph_LobbyGM
[2018.08.21-15.07.15:680][  0]LogUObjectGlobals: Destroyed PersistentFrame Addr=0x00000229cd839080, Size=544
[2018.08.21-15.07.15:680][  0]LogUObjectGlobals: Created PersistentFrame Addr=0x00000229d182f880, Size=544, Default__Tusk_C Function /Engine/Transient.REINST_0_Base_C_23:ExecuteUbergraph_0_Base
[2018.08.21-15.07.15:834][  0]LogUObjectGlobals: Created PersistentFrame Addr=0x00000229d2b96160, Size=72, Default__0_BaseAnimBP_C Function /Game/InfinityBladeWarriors/Animations/0_BaseAnimBP.0_BaseAnimBP_C:ExecuteUbergraph_0_BaseAnimBP
[2018.08.21-15.07.15:835][  0]LogUObjectGlobals: Created PersistentFrame Addr=0x00000229d2b27ba0, Size=112, Default__ABP_BerserkerDefault_C Function /Game/Characters/Berserker_S1/Blueprints/ABP_BerserkerDefault.ABP_BerserkerDefault_C:ExecuteUbergraph_ABP_BerserkerDefault
[2018.08.21-15.07.15:837][  0]LogUObjectGlobals: Created PersistentFrame Addr=0x00000229d2b59c00, Size=128, Default__ABP_Kachujin_C Function /Game/Characters/Kachujin/ABP_Kachujin.ABP_Kachujin_C:ExecuteUbergraph_ABP_Kachujin
[2018.08.21-15.07.15:838][  0]LogUObjectGlobals: Created PersistentFrame Addr=0x00000229d2b1a080, Size=32, Default__ABP_WoodenBow_C Function /Game/Blueprints/Items/Weapons/WoodenBow/ABP_WoodenBow.ABP_WoodenBow_C:ExecuteUbergraph_ABP_WoodenBow
[2018.08.21-15.07.15:841][  0]LogUObjectGlobals: Created PersistentFrame Addr=0x00000229d2a970b0, Size=72, Default__BPC_MontageManager_C Function /Game/Blueprints/Components/BPC_MontageManager.BPC_MontageManager_C:ExecuteUbergraph_BPC_MontageManager
[2018.08.21-15.07.15:847][  0]LogUObjectGlobals: Created PersistentFrame Addr=0x00000229d22cda80, Size=536, Default__0_Base_C Function /Game/Blueprints/Characters/0_Base.0_Base_C:ExecuteUbergraph_0_Base
[2018.08.21-15.07.15:849][  0]LogUObjectGlobals: Created PersistentFrame Addr=0x00000229d2a26610, Size=80, Default__CharacterSelect_C Function /Game/UI/Lobby/CharacterSelect.CharacterSelect_C:ExecuteUbergraph_CharacterSelect
[2018.08.21-15.07.15:850][  0]LogUObjectGlobals: Created PersistentFrame Addr=0x00000229d2a9b380, Size=320, Default__ChatWindow_C Function /Game/UI/AllLevels/ChatWindow.ChatWindow_C:ExecuteUbergraph_ChatWindow
[2018.08.21-15.07.15:851][  0]LogUObjectGlobals: Created PersistentFrame Addr=0x00000229d1f2ccc0, Size=4, Default__ConnectedPlayer_C Function /Game/UI/Lobby/ConnectedPlayer.ConnectedPlayer_C:ExecuteUbergraph_ConnectedPlayer
[2018.08.21-15.07.15:861][  0]LogUObjectGlobals: Created PersistentFrame Addr=0x00000229d29a6b00, Size=2528, Default__GameplayPC_C Function /Game/Blueprints/Gameplay/GameplayPC.GameplayPC_C:ExecuteUbergraph_GameplayPC
[2018.08.21-15.07.15:865][  0]LogUObjectGlobals: Created PersistentFrame Addr=0x00000229d28f37c0, Size=96, Default__GameplayPS_C Function /Game/Blueprints/Gameplay/GameplayPS.GameplayPS_C:ExecuteUbergraph_GameplayPS
[2018.08.21-15.07.15:867][  0]LogUObjectGlobals: Created PersistentFrame Addr=0x00000229d2894e80, Size=192, Default__GameSettings_C Function /Game/UI/Lobby/GameSettings.GameSettings_C:ExecuteUbergraph_GameSettings
[2018.08.21-15.07.15:869][  0]LogUObjectGlobals: Created PersistentFrame Addr=0x00000229d2a9aac0, Size=320, Default__LobbyMenu_C Function /Game/UI/Lobby/LobbyMenu.LobbyMenu_C:ExecuteUbergraph_LobbyMenu
[2018.08.21-15.07.15:874][  0]LogUObjectGlobals: Created PersistentFrame Addr=0x00000229d2830f00, Size=880, Default__LobbyPC_C Function /Game/Blueprints/Lobby/LobbyPC.LobbyPC_C:ExecuteUbergraph_LobbyPC
[2018.08.21-15.07.15:875][  0]LogUObjectGlobals: Created PersistentFrame Addr=0x00000229d283c640, Size=32, Default__PlayerButton_C Function /Game/UI/Lobby/PlayerButton.PlayerButton_C:ExecuteUbergraph_PlayerButton
[2018.08.21-15.07.15:876][  0]LogUObjectGlobals: Created PersistentFrame Addr=0x00000229d37cec00, Size=536, Default__BP_FemaleCharacter_C Function /Game/Blueprints/Characters/0_Base.0_Base_C:ExecuteUbergraph_0_Base
[2018.08.21-15.07.15:876][  0]LogUObjectGlobals: Created PersistentFrame Addr=0x00000229d37ce700, Size=536, Default__BP_MaleCharacter_C Function /Game/Blueprints/Characters/0_Base.0_Base_C:ExecuteUbergraph_0_Base
[2018.08.21-15.07.15:878][  0]LogUObjectGlobals: Created PersistentFrame Addr=0x00000229d3787f00, Size=256, Default__GameplayGM_C Function /Game/Blueprints/Gameplay/GameplayGM.GameplayGM_C:ExecuteUbergraph_GameplayGM
[2018.08.21-15.07.15:882][  0]LogUObjectGlobals: Created PersistentFrame Addr=0x00000229d37b6080, Size=784, Default__LobbyGM_C Function /Game/Blueprints/Lobby/LobbyGM.LobbyGM_C:ExecuteUbergraph_LobbyGM
[2018.08.21-15.07.15:883][  0]LogUObjectGlobals: Created PersistentFrame Addr=0x00000229d37cc400, Size=536, Default__Tusk_C Function /Game/Blueprints/Characters/0_Base.0_Base_C:ExecuteUbergraph_0_Base
[2018.08.21-15.07.16:277][  0]LogSkeletalMesh: Skeletal Mesh found in DDC [1.117864ms] /Game/Characters/Kachujin/SK_Kachujin.SK_Kachujin
[2018.08.21-15.07.16:278][  0]LogSkeletalMesh: Skeletal Mesh found in DDC [0.266727ms] /Game/Blueprints/Items/Weapons/WoodenBow/SK_WoodenBow.SK_WoodenBow
[2018.08.21-15.07.16:320][  0]LogSkeletalMesh: Skeletal Mesh found in DDC [2.890844ms] /Game/Characters/Berserker_S1/Meshes/Combines/SK_Berserker.SK_Berserker
[2018.08.21-15.07.16:336][  0]LogSkeletalMesh: Skeletal Mesh found in DDC [0.343771ms] /Game/InfinityBladeWarriors/Character/CompleteCharacters/SK_CharM_Tusk.SK_CharM_Tusk
[2018.08.21-15.07.16:344][  0]LogSkeletalMesh: Skeletal Mesh found in DDC [0.224060ms] /Game/Blueprints/Items/Weapons/RelicSword/SK_RelicSword.SK_RelicSword
[2018.08.21-15.07.16:426][  0]LogAIModule: Creating AISystem for world Arena01
[2018.08.21-15.07.16:426][  0]LogLoad: Game class is 'GameplayGM_C'
[2018.08.21-15.07.16:427][  0]LogOnline: Warning: STEAM: Steam API disabled!
[2018.08.21-15.07.16:427][  0]LogOnline: Display: STEAM: OnlineSubsystemSteam::Shutdown()
[2018.08.21-15.07.16:428][  0]LogTemp: Display: ParseSettings for GameNetDriver
[2018.08.21-15.07.16:428][  0]LogTemp: Display: ParseSettings for IpNetDriver_0
[2018.08.21-15.07.16:428][  0]LogTemp: Display: ParseSettings for GameNetDriver
[2018.08.21-15.07.16:428][  0]LogInit: WinSock: Socket queue 131072 / 131072
[2018.08.21-15.07.16:429][  0]PacketHandlerLog: Loaded PacketHandler component: Engine.EngineHandlerComponentFactory (StatelessConnectHandlerComponent)
[2018.08.21-15.07.16:429][  0]LogNet: GameNetDriver IpNetDriver_0 IpNetDriver listening on port 17777
[2018.08.21-15.07.16:430][  0]LogWorld: Bringing World /Game/Maps/Arena01.Arena01 up for play (max tick rate 30) at 2018.08.21-08.07.16
[2018.08.21-15.07.16:431][  0]LogOnline: Warning: OSS: AutoLogin missing AUTH_LOGIN=<login id>.
[2018.08.21-15.07.16:431][  0]LogWorld: Bringing up level for play took: 0.001793
[2018.08.21-15.07.16:431][  0]LogGameMode: Display: Match State Changed from EnteringMap to WaitingToStart
[2018.08.21-15.07.16:431][  0]LogGameState: Match State Changed from EnteringMap to WaitingToStart
[2018.08.21-15.07.16:432][  0]LogLoad: Took 1.181575 seconds to LoadMap(/Game/Maps/Arena01)
[2018.08.21-15.07.16:445][  0]LogLoad: (Engine Initialization) Total time: 5.73 seconds
[2018.08.21-15.07.16:445][  0]LogLoad: (Engine Initialization) Total Blueprint compile time: 0.00 seconds
[2018.08.21-15.07.16:482][  0]LogNet: NotifyAcceptingConnection accepted from: 127.0.0.1:60041
[2018.08.21-15.07.16:482][  0]LogHandshake: SendConnectChallenge. Timestamp: 0.033654, Cookie: 085030016155163233120006224034212231010232179125088085035075
[2018.08.21-15.07.16:483][  0]LogNet: NotifyAcceptingConnection accepted from: 127.0.0.1:60042
[2018.08.21-15.07.16:484][  0]LogHandshake: SendConnectChallenge. Timestamp: 0.033654, Cookie: 242065026128077225095029077216086237228164223135121215108118
[2018.08.21-15.07.16:513][  1]LogNet: NotifyAcceptingConnection accepted from: 127.0.0.1:60041
[2018.08.21-15.07.16:513][  1]LogHandshake: SendChallengeAck. InCookie: 085030016155163233120006224034212231010232179125088085035075
[2018.08.21-15.07.16:514][  1]LogNet: Server accepting post-challenge connection from: 127.0.0.1:60041
[2018.08.21-15.07.16:514][  1]PacketHandlerLog: Loaded PacketHandler component: Engine.EngineHandlerComponentFactory (StatelessConnectHandlerComponent)
[2018.08.21-15.07.16:514][  1]LogNet: NotifyAcceptedConnection: Name: Arena01, TimeStamp: 08/21/18 08:07:16, [UNetConnection] RemoteAddr: 127.0.0.1:60041, Name: IpConnection_0, Driver: GameNetDriver IpNetDriver_0, IsServer: YES, PC: NULL, Owner: NULL, UniqueId: INVALID
[2018.08.21-15.07.16:514][  1]LogNet: AddClientConnection: Added client connection: [UNetConnection] RemoteAddr: 127.0.0.1:60041, Name: IpConnection_0, Driver: GameNetDriver IpNetDriver_0, IsServer: YES, PC: NULL, Owner: NULL, UniqueId: INVALID
[2018.08.21-15.07.16:515][  1]LogNet: NotifyAcceptingChannel Control 0 server World /Game/Maps/Arena01.Arena01: Accepted
[2018.08.21-15.07.16:515][  1]LogNet: Remote platform little endian=1
[2018.08.21-15.07.16:515][  1]LogNet: This platform little endian=1
[2018.08.21-15.07.16:515][  1]LogNetVersion: DarkCrystalstutter 1.0.0.0, NetCL: 3944462, EngineNetVer: 2, GameNetVer: 0 (Checksum: 454883313)
[2018.08.21-15.07.16:546][  2]LogNet: NotifyAcceptingConnection accepted from: 127.0.0.1:60042
[2018.08.21-15.07.16:546][  2]LogHandshake: SendChallengeAck. InCookie: 242065026128077225095029077216086237228164223135121215108118
[2018.08.21-15.07.16:547][  2]LogNet: Server accepting post-challenge connection from: 127.0.0.1:60042
[2018.08.21-15.07.16:547][  2]PacketHandlerLog: Loaded PacketHandler component: Engine.EngineHandlerComponentFactory (StatelessConnectHandlerComponent)
[2018.08.21-15.07.16:547][  2]LogNet: NotifyAcceptedConnection: Name: Arena01, TimeStamp: 08/21/18 08:07:16, [UNetConnection] RemoteAddr: 127.0.0.1:60042, Name: IpConnection_1, Driver: GameNetDriver IpNetDriver_0, IsServer: YES, PC: NULL, Owner: NULL, UniqueId: INVALID
[2018.08.21-15.07.16:548][  2]LogNet: AddClientConnection: Added client connection: [UNetConnection] RemoteAddr: 127.0.0.1:60042, Name: IpConnection_1, Driver: GameNetDriver IpNetDriver_0, IsServer: YES, PC: NULL, Owner: NULL, UniqueId: INVALID
[2018.08.21-15.07.16:548][  2]LogNet: Login request: /Game/Maps/MainMenu?Name=DESKTOP-LI0N2FC-4807DD1B4F1E98261BBDC4A10E76B236 userId: DESKTOP-LI0N2FC-4807DD1B4F1E98261BBDC4A10E76B236
[2018.08.21-15.07.16:580][  3]LogNet: NotifyAcceptingChannel Control 0 server World /Game/Maps/Arena01.Arena01: Accepted
[2018.08.21-15.07.16:580][  3]LogNet: Remote platform little endian=1
[2018.08.21-15.07.16:581][  3]LogNet: This platform little endian=1
[2018.08.21-15.07.16:581][  3]LogNet: Client netspeed is 10000
[2018.08.21-15.07.16:613][  4]LogNet: Login request: /Game/Maps/MainMenu?Name=DESKTOP-LI0N2FC-C1936A5E4D8F249885ABC988321373DF userId: DESKTOP-LI0N2FC-C1936A5E4D8F249885ABC988321373DF
[2018.08.21-15.07.16:646][  5]LogNet: Client netspeed is 10000
[2018.08.21-15.07.17:372][ 27]LogNet: NotifyAcceptingConnection accepted from: 127.0.0.1:60040
[2018.08.21-15.07.17:372][ 27]LogHandshake: SendConnectChallenge. Timestamp: 0.925776, Cookie: 206226206127111075022034191034219074008100223225006072144157
[2018.08.21-15.07.17:406][ 28]LogNet: NotifyAcceptingConnection accepted from: 127.0.0.1:60040
[2018.08.21-15.07.17:406][ 28]LogHandshake: SendChallengeAck. InCookie: 206226206127111075022034191034219074008100223225006072144157
[2018.08.21-15.07.17:407][ 28]LogNet: Server accepting post-challenge connection from: 127.0.0.1:60040
[2018.08.21-15.07.17:407][ 28]PacketHandlerLog: Loaded PacketHandler component: Engine.EngineHandlerComponentFactory (StatelessConnectHandlerComponent)
[2018.08.21-15.07.17:407][ 28]LogNet: NotifyAcceptedConnection: Name: Arena01, TimeStamp: 08/21/18 08:07:17, [UNetConnection] RemoteAddr: 127.0.0.1:60040, Name: IpConnection_2, Driver: GameNetDriver IpNetDriver_0, IsServer: YES, PC: NULL, Owner: NULL, UniqueId: INVALID
[2018.08.21-15.07.17:407][ 28]LogNet: AddClientConnection: Added client connection: [UNetConnection] RemoteAddr: 127.0.0.1:60040, Name: IpConnection_2, Driver: GameNetDriver IpNetDriver_0, IsServer: YES, PC: NULL, Owner: NULL, UniqueId: INVALID
[2018.08.21-15.07.17:440][ 29]LogNet: NotifyAcceptingChannel Control 0 server World /Game/Maps/Arena01.Arena01: Accepted
[2018.08.21-15.07.17:440][ 29]LogNet: Remote platform little endian=1
[2018.08.21-15.07.17:441][ 29]LogNet: This platform little endian=1
[2018.08.21-15.07.17:474][ 30]LogNet: Login request: /Game/Maps/MainMenu?Name=DESKTOP-LI0N2FC-3605B267462776B390A7839A91853A71 userId: DESKTOP-LI0N2FC-3605B267462776B390A7839A91853A71
[2018.08.21-15.07.17:508][ 31]LogNet: Client netspeed is 10000
[2018.08.21-15.07.17:673][ 36]LogNet: Join request: /Game/Maps/MainMenu?Name=DESKTOP-LI0N2FC-4807DD1B4F1E98261BBDC4A10E76B236?SplitscreenCount=1
[2018.08.21-15.07.17:673][ 36]LogOnline: Warning: OSS: No game present to join for session (GameSession)
[2018.08.21-15.07.17:675][ 36]LogGameMode: Display: Match State Changed from WaitingToStart to InProgress
[2018.08.21-15.07.17:679][ 36]LogGameState: Match State Changed from WaitingToStart to InProgress
[2018.08.21-15.07.17:679][ 36]LogNet: Join succeeded: DESKTOP-LI0N2FC-4807
[2018.08.21-15.07.17:773][ 39]LogNet: Join request: /Game/Maps/MainMenu?Name=DESKTOP-LI0N2FC-C1936A5E4D8F249885ABC988321373DF?SplitscreenCount=1
[2018.08.21-15.07.17:773][ 39]LogOnline: Warning: OSS: No game present to join for session (GameSession)
[2018.08.21-15.07.17:777][ 39]LogNet: Join succeeded: DESKTOP-LI0N2FC-C193
[2018.08.21-15.07.17:807][ 40]LogNetPackageMap: Warning: SanityCheckExport: CacheObject == NULL. NetGUID: 1, Object: /Game/Mannequin/Character/Textures/UE4_LOGO_CARD.UE4_LOGO_CARD, Expected: T_Ceramic_Tile_M
[2018.08.21-15.07.17:808][ 40]LogNetPackageMap: Warning: SanityCheckExport: Name mismatch. NetGUID: 1, Object: /Game/Mannequin/Character/Textures/UE4_LOGO_CARD.UE4_LOGO_CARD, Expected: T_Ceramic_Tile_M
[2018.08.21-15.07.17:808][ 40]LogNetPackageMap: Warning: SanityCheckExport: Outer mismatch. Object: /Game/Mannequin/Character/Textures/UE4_LOGO_CARD.UE4_LOGO_CARD, NetGUID: 1, Current: /Game/Mannequin/Character/Textures/UE4_LOGO_CARD, Expected: /Game/StarterContent/Textures/T_Ceramic_Tile_M
[2018.08.21-15.07.17:813][ 40]LogBlueprintUserMessages: [GameplayGM_C_0] 0
[2018.08.21-15.07.17:941][ 44]LogNetPackageMap: Warning: SanityCheckExport: CacheObject == NULL. NetGUID: 1, Object: /Game/Mannequin/Character/Textures/UE4_LOGO_CARD.UE4_LOGO_CARD, Expected: T_Ceramic_Tile_M
[2018.08.21-15.07.17:942][ 44]LogNetPackageMap: Warning: SanityCheckExport: Name mismatch. NetGUID: 1, Object: /Game/Mannequin/Character/Textures/UE4_LOGO_CARD.UE4_LOGO_CARD, Expected: T_Ceramic_Tile_M
[2018.08.21-15.07.17:942][ 44]LogNetPackageMap: Warning: SanityCheckExport: Outer mismatch. Object: /Game/Mannequin/Character/Textures/UE4_LOGO_CARD.UE4_LOGO_CARD, NetGUID: 1, Current: /Game/Mannequin/Character/Textures/UE4_LOGO_CARD, Expected: /Game/StarterContent/Textures/T_Ceramic_Tile_M
[2018.08.21-15.07.17:946][ 44]LogBlueprintUserMessages: [GameplayGM_C_0] 1
[2018.08.21-15.07.18:143][ 50]LogBlueprintUserMessages: [GameplayPC_C_0] Controller ID-0 selected weapon slot: Null Hand: false
[2018.08.21-15.07.18:211][ 52]LogBlueprintUserMessages: [GameplayPC_C_0] Reset Jump controller id: 0
[2018.08.21-15.07.18:245][ 53]LogBlueprintUserMessages: [GameplayPC_C_1] Controller ID-1 selected weapon slot: Null Hand: false
[2018.08.21-15.07.18:346][ 56]LogBlueprintUserMessages: [GameplayPC_C_1] Reset Jump controller id: 1
[2018.08.21-15.07.18:648][ 65]LogBlueprintUserMessages: [GameplayPC_C_0] Controller ID-0 selected weapon slot: Null Hand: false
[2018.08.21-15.07.18:748][ 68]LogBlueprintUserMessages: [GameplayPC_C_1] Controller ID-1 selected weapon slot: Null Hand: false
[2018.08.21-15.07.18:781][ 69]LogNet: Join request: /Game/Maps/MainMenu?Name=DESKTOP-LI0N2FC-3605B267462776B390A7839A91853A71?SplitscreenCount=1
[2018.08.21-15.07.18:781][ 69]LogOnline: Warning: OSS: No game present to join for session (GameSession)
[2018.08.21-15.07.18:785][ 69]LogNet: Join succeeded: DESKTOP-LI0N2FC-3605
[2018.08.21-15.07.18:947][ 74]LogNetPackageMap: Warning: SanityCheckExport: CacheObject == NULL. NetGUID: 1, Object: /Game/Mannequin/Character/Textures/UE4_LOGO_CARD.UE4_LOGO_CARD, Expected: T_Ceramic_Tile_M
[2018.08.21-15.07.18:948][ 74]LogNetPackageMap: Warning: SanityCheckExport: Name mismatch. NetGUID: 1, Object: /Game/Mannequin/Character/Textures/UE4_LOGO_CARD.UE4_LOGO_CARD, Expected: T_Ceramic_Tile_M
[2018.08.21-15.07.18:948][ 74]LogNetPackageMap: Warning: SanityCheckExport: Outer mismatch. Object: /Game/Mannequin/Character/Textures/UE4_LOGO_CARD.UE4_LOGO_CARD, NetGUID: 1, Current: /Game/Mannequin/Character/Textures/UE4_LOGO_CARD, Expected: /Game/StarterContent/Textures/T_Ceramic_Tile_M
[2018.08.21-15.07.18:952][ 74]LogBlueprintUserMessages: [GameplayGM_C_0] 2
[2018.08.21-15.07.19:150][ 80]LogBlueprintUserMessages: [GameplayPC_C_0] Controller ID-0 selected weapon slot: Null Hand: false
[2018.08.21-15.07.19:250][ 83]LogBlueprintUserMessages: [GameplayPC_C_2] Controller ID-2 selected weapon slot: Null Hand: false
[2018.08.21-15.07.19:250][ 83]LogBlueprintUserMessages: [GameplayPC_C_1] Controller ID-1 selected weapon slot: Null Hand: false
[2018.08.21-15.07.19:679][ 96]LogBlueprintUserMessages: [GameplayPC_C_0] Controller ID-0 selected weapon slot: Null Hand: false
[2018.08.21-15.07.19:780][ 99]LogBlueprintUserMessages: [GameplayPC_C_2] Controller ID-2 selected weapon slot: Null Hand: false
[2018.08.21-15.07.19:780][ 99]LogBlueprintUserMessages: [GameplayPC_C_1] Controller ID-1 selected weapon slot: Null Hand: false
[2018.08.21-15.07.20:208][112]LogBlueprintUserMessages: [GameplayPC_C_0] Controller ID-0 selected weapon slot: Null Hand: false
[2018.08.21-15.07.20:308][115]LogBlueprintUserMessages: [GameplayPC_C_2] Controller ID-2 selected weapon slot: Null Hand: false
[2018.08.21-15.07.20:308][115]LogBlueprintUserMessages: [GameplayPC_C_1] Controller ID-1 selected weapon slot: Null Hand: false
[2018.08.21-15.07.20:739][128]LogBlueprintUserMessages: [GameplayPC_C_0] Controller ID-0 selected weapon slot: Null Hand: false
[2018.08.21-15.07.20:840][131]LogBlueprintUserMessages: [GameplayPC_C_2] Controller ID-2 selected weapon slot: Null Hand: false
[2018.08.21-15.07.20:840][131]LogBlueprintUserMessages: [GameplayPC_C_1] Controller ID-1 selected weapon slot: Null Hand: false
[2018.08.21-15.07.21:271][144]LogBlueprintUserMessages: [GameplayPC_C_0] Controller ID-0 selected weapon slot: Null Hand: false
[2018.08.21-15.07.21:370][147]LogBlueprintUserMessages: [GameplayPC_C_2] Controller ID-2 selected weapon slot: Null Hand: false
[2018.08.21-15.07.21:370][147]LogBlueprintUserMessages: [GameplayPC_C_1] Controller ID-1 selected weapon slot: Null Hand: false
[2018.08.21-15.07.21:800][160]LogBlueprintUserMessages: [GameplayPC_C_0] Controller ID-0 selected weapon slot: Null Hand: false
[2018.08.21-15.07.21:899][163]LogBlueprintUserMessages: [GameplayPC_C_2] Controller ID-2 selected weapon slot: Null Hand: false
[2018.08.21-15.07.21:899][163]LogBlueprintUserMessages: [GameplayPC_C_1] Controller ID-1 selected weapon slot: Null Hand: false
[2018.08.21-15.07.22:331][176]LogBlueprintUserMessages: [GameplayPC_C_0] Controller ID-0 selected weapon slot: Null Hand: false
[2018.08.21-15.07.22:431][179]LogBlueprintUserMessages: [GameplayPC_C_2] Controller ID-2 selected weapon slot: Null Hand: false
[2018.08.21-15.07.22:431][179]LogBlueprintUserMessages: [GameplayPC_C_1] Controller ID-1 selected weapon slot: Null Hand: false
[2018.08.21-15.07.22:795][190]LogBlueprintUserMessages: [DCGameState_C_0] Error: Selected weapon is invalid.
[2018.08.21-15.07.22:861][192]LogBlueprintUserMessages: [GameplayPC_C_0] Controller ID-0 selected weapon slot: WeaponSlot1 Hand: false
[2018.08.21-15.07.22:961][195]LogBlueprintUserMessages: [GameplayPC_C_2] Controller ID-2 selected weapon slot: Null Hand: false
[2018.08.21-15.07.22:961][195]LogBlueprintUserMessages: [GameplayPC_C_1] Controller ID-1 selected weapon slot: Null Hand: false
[2018.08.21-15.07.23:390][208]LogBlueprintUserMessages: [GameplayPC_C_0] Controller ID-0 selected weapon slot: WeaponSlot1 Hand: false
[2018.08.21-15.07.23:491][211]LogBlueprintUserMessages: [GameplayPC_C_2] Controller ID-2 selected weapon slot: Null Hand: false
[2018.08.21-15.07.23:491][211]LogBlueprintUserMessages: [GameplayPC_C_1] Controller ID-1 selected weapon slot: Null Hand: false
[2018.08.21-15.07.23:922][224]LogBlueprintUserMessages: [GameplayPC_C_0] Controller ID-0 selected weapon slot: WeaponSlot1 Hand: false
[2018.08.21-15.07.24:023][227]LogBlueprintUserMessages: [GameplayPC_C_2] Controller ID-2 selected weapon slot: Null Hand: false
[2018.08.21-15.07.24:023][227]LogBlueprintUserMessages: [GameplayPC_C_1] Controller ID-1 selected weapon slot: Null Hand: false
[2018.08.21-15.07.24:123][230]LogBlueprintUserMessages: [GameplayPC_C_0] state start Interaction
[2018.08.21-15.07.24:123][230]LogBlueprintUserMessages: [GameplayPC_C_0] state end Idle
[2018.08.21-15.07.24:452][240]LogBlueprintUserMessages: [GameplayPC_C_0] Controller ID-0 selected weapon slot: WeaponSlot1 Hand: true
[2018.08.21-15.07.24:552][243]LogBlueprintUserMessages: [GameplayPC_C_2] Controller ID-2 selected weapon slot: Null Hand: false
[2018.08.21-15.07.24:552][243]LogBlueprintUserMessages: [GameplayPC_C_1] Controller ID-1 selected weapon slot: Null Hand: false
[2018.08.21-15.07.24:953][255]LogBlueprintUserMessages: [GameplayPC_C_0] Controller ID-0 selected weapon slot: WeaponSlot1 Hand: true
[2018.08.21-15.07.25:054][258]LogBlueprintUserMessages: [GameplayPC_C_2] Controller ID-2 selected weapon slot: Null Hand: false
[2018.08.21-15.07.25:054][258]LogBlueprintUserMessages: [GameplayPC_C_1] Controller ID-1 selected weapon slot: Null Hand: false
[2018.08.21-15.07.25:483][271]LogBlueprintUserMessages: [GameplayPC_C_0] Controller ID-0 selected weapon slot: WeaponSlot1 Hand: true
[2018.08.21-15.07.25:582][274]LogBlueprintUserMessages: [GameplayPC_C_2] Controller ID-2 selected weapon slot: Null Hand: false
[2018.08.21-15.07.25:582][274]LogBlueprintUserMessages: [GameplayPC_C_1] Controller ID-1 selected weapon slot: Null Hand: false
[2018.08.21-15.07.26:013][287]LogBlueprintUserMessages: [GameplayPC_C_0] Controller ID-0 selected weapon slot: WeaponSlot1 Hand: true
[2018.08.21-15.07.26:113][290]LogBlueprintUserMessages: [GameplayPC_C_2] Controller ID-2 selected weapon slot: Null Hand: false
[2018.08.21-15.07.26:113][290]LogBlueprintUserMessages: [GameplayPC_C_1] Controller ID-1 selected weapon slot: Null Hand: false
[2018.08.21-15.07.26:545][303]LogBlueprintUserMessages: [GameplayPC_C_0] Controller ID-0 selected weapon slot: WeaponSlot1 Hand: true
[2018.08.21-15.07.26:645][306]LogBlueprintUserMessages: [GameplayPC_C_2] Controller ID-2 selected weapon slot: Null Hand: false
[2018.08.21-15.07.26:645][306]LogBlueprintUserMessages: [GameplayPC_C_1] Controller ID-1 selected weapon slot: Null Hand: false
[2018.08.21-15.07.27:075][319]LogBlueprintUserMessages: [GameplayPC_C_0] Controller ID-0 selected weapon slot: WeaponSlot1 Hand: true
[2018.08.21-15.07.27:174][322]LogBlueprintUserMessages: [GameplayPC_C_2] Controller ID-2 selected weapon slot: Null Hand: false
[2018.08.21-15.07.27:174][322]LogBlueprintUserMessages: [GameplayPC_C_1] Controller ID-1 selected weapon slot: Null Hand: false
[2018.08.21-15.07.27:603][335]LogBlueprintUserMessages: [GameplayPC_C_0] Controller ID-0 selected weapon slot: WeaponSlot1 Hand: true
[2018.08.21-15.07.27:703][338]LogBlueprintUserMessages: [GameplayPC_C_2] Controller ID-2 selected weapon slot: Null Hand: false
[2018.08.21-15.07.27:703][338]LogBlueprintUserMessages: [GameplayPC_C_1] Controller ID-1 selected weapon slot: Null Hand: false
[2018.08.21-15.07.28:132][351]LogBlueprintUserMessages: [GameplayPC_C_0] Controller ID-0 selected weapon slot: WeaponSlot1 Hand: true
[2018.08.21-15.07.28:232][354]LogBlueprintUserMessages: [GameplayPC_C_2] Controller ID-2 selected weapon slot: Null Hand: false
[2018.08.21-15.07.28:232][354]LogBlueprintUserMessages: [GameplayPC_C_1] Controller ID-1 selected weapon slot: Null Hand: false
[2018.08.21-15.07.28:463][361]LogBlueprintUserMessages: [GameplayPC_C_0] state start Interaction
[2018.08.21-15.07.28:463][361]LogBlueprintUserMessages: [GameplayPC_C_0] state end Idle
[2018.08.21-15.07.28:663][367]LogBlueprintUserMessages: [GameplayPC_C_0] Controller ID-0 selected weapon slot: WeaponSlot1 Hand: true
[2018.08.21-15.07.28:763][370]LogBlueprintUserMessages: [GameplayPC_C_2] Controller ID-2 selected weapon slot: Null Hand: false
[2018.08.21-15.07.28:763][370]LogBlueprintUserMessages: [GameplayPC_C_1] Controller ID-1 selected weapon slot: Null Hand: false
[2018.08.21-15.07.29:193][383]LogBlueprintUserMessages: [GameplayPC_C_0] Controller ID-0 selected weapon slot: WeaponSlot1 Hand: false
[2018.08.21-15.07.29:292][386]LogBlueprintUserMessages: [GameplayPC_C_2] Controller ID-2 selected weapon slot: Null Hand: false
[2018.08.21-15.07.29:292][386]LogBlueprintUserMessages: [GameplayPC_C_1] Controller ID-1 selected weapon slot: Null Hand: false
[2018.08.21-15.07.29:724][399]LogBlueprintUserMessages: [GameplayPC_C_0] Controller ID-0 selected weapon slot: WeaponSlot1 Hand: false
[2018.08.21-15.07.29:824][402]LogBlueprintUserMessages: [GameplayPC_C_2] Controller ID-2 selected weapon slot: Null Hand: false
[2018.08.21-15.07.29:824][402]LogBlueprintUserMessages: [GameplayPC_C_1] Controller ID-1 selected weapon slot: Null Hand: false
[2018.08.21-15.07.30:256][415]LogBlueprintUserMessages: [GameplayPC_C_0] Controller ID-0 selected weapon slot: WeaponSlot1 Hand: false
[2018.08.21-15.07.30:357][418]LogBlueprintUserMessages: [GameplayPC_C_2] Controller ID-2 selected weapon slot: Null Hand: false
[2018.08.21-15.07.30:357][418]LogBlueprintUserMessages: [GameplayPC_C_1] Controller ID-1 selected weapon slot: Null Hand: false
[2018.08.21-15.07.30:787][431]LogBlueprintUserMessages: [GameplayPC_C_0] Controller ID-0 selected weapon slot: WeaponSlot1 Hand: false
[2018.08.21-15.07.30:887][434]LogBlueprintUserMessages: [GameplayPC_C_2] Controller ID-2 selected weapon slot: Null Hand: false
[2018.08.21-15.07.30:887][434]LogBlueprintUserMessages: [GameplayPC_C_1] Controller ID-1 selected weapon slot: Null Hand: false
[2018.08.21-15.07.31:290][446]LogBlueprintUserMessages: [GameplayPC_C_0] Controller ID-0 selected weapon slot: WeaponSlot1 Hand: false
[2018.08.21-15.07.31:390][449]LogBlueprintUserMessages: [GameplayPC_C_2] Controller ID-2 selected weapon slot: Null Hand: false
[2018.08.21-15.07.31:390][449]LogBlueprintUserMessages: [GameplayPC_C_1] Controller ID-1 selected weapon slot: Null Hand: false
[2018.08.21-15.07.31:790][461]LogBlueprintUserMessages: [GameplayPC_C_0] Controller ID-0 selected weapon slot: WeaponSlot1 Hand: false
[2018.08.21-15.07.31:891][464]LogBlueprintUserMessages: [GameplayPC_C_2] Controller ID-2 selected weapon slot: Null Hand: false
[2018.08.21-15.07.31:891][464]LogBlueprintUserMessages: [GameplayPC_C_1] Controller ID-1 selected weapon slot: Null Hand: false
[2018.08.21-15.07.32:322][477]LogBlueprintUserMessages: [GameplayPC_C_0] Controller ID-0 selected weapon slot: WeaponSlot1 Hand: false
[2018.08.21-15.07.32:424][480]LogBlueprintUserMessages: [GameplayPC_C_2] Controller ID-2 selected weapon slot: Null Hand: false
[2018.08.21-15.07.32:424][480]LogBlueprintUserMessages: [GameplayPC_C_1] Controller ID-1 selected weapon slot: Null Hand: false
[2018.08.21-15.07.32:854][493]LogBlueprintUserMessages: [GameplayPC_C_0] Controller ID-0 selected weapon slot: WeaponSlot1 Hand: false
[2018.08.21-15.07.32:953][496]LogBlueprintUserMessages: [GameplayPC_C_2] Controller ID-2 selected weapon slot: Null Hand: false
[2018.08.21-15.07.32:953][496]LogBlueprintUserMessages: [GameplayPC_C_1] Controller ID-1 selected weapon slot: Null Hand: false
[2018.08.21-15.07.33:354][508]LogBlueprintUserMessages: [GameplayPC_C_0] Controller ID-0 selected weapon slot: WeaponSlot1 Hand: false
[2018.08.21-15.07.33:485][512]LogBlueprintUserMessages: [GameplayPC_C_2] Controller ID-2 selected weapon slot: Null Hand: false
[2018.08.21-15.07.33:485][512]LogBlueprintUserMessages: [GameplayPC_C_1] Controller ID-1 selected weapon slot: Null Hand: false
[2018.08.21-15.07.33:887][524]LogBlueprintUserMessages: [GameplayPC_C_0] Controller ID-0 selected weapon slot: WeaponSlot1 Hand: false
[2018.08.21-15.07.34:016][528]LogBlueprintUserMessages: [GameplayPC_C_2] Controller ID-2 selected weapon slot: Null Hand: false
[2018.08.21-15.07.34:016][528]LogBlueprintUserMessages: [GameplayPC_C_1] Controller ID-1 selected weapon slot: Null Hand: false
[2018.08.21-15.07.34:417][540]LogBlueprintUserMessages: [GameplayPC_C_0] Controller ID-0 selected weapon slot: WeaponSlot1 Hand: false
[2018.08.21-15.07.34:517][543]LogBlueprintUserMessages: [GameplayPC_C_2] Controller ID-2 selected weapon slot: Null Hand: false
[2018.08.21-15.07.34:517][543]LogBlueprintUserMessages: [GameplayPC_C_1] Controller ID-1 selected weapon slot: Null Hand: false
[2018.08.21-15.07.34:948][556]LogBlueprintUserMessages: [GameplayPC_C_0] Controller ID-0 selected weapon slot: WeaponSlot1 Hand: false
[2018.08.21-15.07.35:050][559]LogBlueprintUserMessages: [GameplayPC_C_2] Controller ID-2 selected weapon slot: Null Hand: false
[2018.08.21-15.07.35:050][559]LogBlueprintUserMessages: [GameplayPC_C_1] Controller ID-1 selected weapon slot: Null Hand: false
[2018.08.21-15.07.35:451][571]LogBlueprintUserMessages: [GameplayPC_C_0] Controller ID-0 selected weapon slot: WeaponSlot1 Hand: false
[2018.08.21-15.07.35:551][574]LogBlueprintUserMessages: [GameplayPC_C_2] Controller ID-2 selected weapon slot: Null Hand: false
[2018.08.21-15.07.35:551][574]LogBlueprintUserMessages: [GameplayPC_C_1] Controller ID-1 selected weapon slot: Null Hand: false
[2018.08.21-15.07.35:984][587]LogBlueprintUserMessages: [GameplayPC_C_0] Controller ID-0 selected weapon slot: WeaponSlot1 Hand: false
[2018.08.21-15.07.36:052][589]LogBlueprintUserMessages: [GameplayPC_C_2] Controller ID-2 selected weapon slot: Null Hand: false
[2018.08.21-15.07.36:052][589]LogBlueprintUserMessages: [GameplayPC_C_1] Controller ID-1 selected weapon slot: Null Hand: false
[2018.08.21-15.07.36:485][602]LogBlueprintUserMessages: [GameplayPC_C_0] Controller ID-0 selected weapon slot: WeaponSlot1 Hand: false
[2018.08.21-15.07.36:552][604]LogBlueprintUserMessages: [GameplayPC_C_2] Controller ID-2 selected weapon slot: Null Hand: false
[2018.08.21-15.07.36:552][604]LogBlueprintUserMessages: [GameplayPC_C_1] Controller ID-1 selected weapon slot: Null Hand: false
[2018.08.21-15.07.36:986][617]LogBlueprintUserMessages: [GameplayPC_C_0] Controller ID-0 selected weapon slot: WeaponSlot1 Hand: false
[2018.08.21-15.07.37:052][619]LogBlueprintUserMessages: [GameplayPC_C_2] Controller ID-2 selected weapon slot: Null Hand: false
[2018.08.21-15.07.37:052][619]LogBlueprintUserMessages: [GameplayPC_C_1] Controller ID-1 selected weapon slot: Null Hand: false
[2018.08.21-15.07.37:487][632]LogBlueprintUserMessages: [GameplayPC_C_0] Controller ID-0 selected weapon slot: WeaponSlot1 Hand: false
[2018.08.21-15.07.37:554][634]LogBlueprintUserMessages: [GameplayPC_C_2] Controller ID-2 selected weapon slot: Null Hand: false
[2018.08.21-15.07.37:554][634]LogBlueprintUserMessages: [GameplayPC_C_1] Controller ID-1 selected weapon slot: Null Hand: false
[2018.08.21-15.07.38:017][648]LogBlueprintUserMessages: [GameplayPC_C_0] Controller ID-0 selected weapon slot: WeaponSlot1 Hand: false
[2018.08.21-15.07.38:084][650]LogBlueprintUserMessages: [GameplayPC_C_2] Controller ID-2 selected weapon slot: Null Hand: false
[2018.08.21-15.07.38:084][650]LogBlueprintUserMessages: [GameplayPC_C_1] Controller ID-1 selected weapon slot: Null Hand: false
[2018.08.21-15.07.38:416][660]LogNet: UChannel::ReceivedSequencedBunch: Bunch.bClose == true. ChIndex == 0. Calling ConditionalCleanUp.
[2018.08.21-15.07.38:416][660]LogNet: UChannel::CleanUp: ChIndex == 0. Closing connection. [UChannel] ChIndex: 0, Closing: 0 [UNetConnection] RemoteAddr: 127.0.0.1:60040, Name: IpConnection_2, Driver: GameNetDriver IpNetDriver_0, IsServer: YES, PC: GameplayPC_C_2, Owner: GameplayPC_C_2, UniqueId: DESKTOP-LI0N2FC-3605B267462776B390A7839A91853A71
[2018.08.21-15.07.38:417][660]LogNet: UNetConnection::Close: [UNetConnection] RemoteAddr: 127.0.0.1:60040, Name: IpConnection_2, Driver: GameNetDriver IpNetDriver_0, IsServer: YES, PC: GameplayPC_C_2, Owner: GameplayPC_C_2, UniqueId: DESKTOP-LI0N2FC-3605B267462776B390A7839A91853A71, Channels: 14, Time: 2018.08.21-15.07.38
[2018.08.21-15.07.38:418][660]LogNet: UChannel::Close: Sending CloseBunch. ChIndex == 0. Name: [UChannel] ChIndex: 0, Closing: 0 [UNetConnection] RemoteAddr: 127.0.0.1:60040, Name: IpConnection_2, Driver: GameNetDriver IpNetDriver_0, IsServer: YES, PC: GameplayPC_C_2, Owner: GameplayPC_C_2, UniqueId: DESKTOP-LI0N2FC-3605B267462776B390A7839A91853A71
[2018.08.21-15.07.38:418][660]LogOnline: Warning: OSS: Can't destroy a null online session (GameSession)
[2018.08.21-15.07.38:418][660]LogOnline: Warning: OSS: No game present to leave for session (GameSession)
[2018.08.21-15.07.38:548][664]LogBlueprintUserMessages: [GameplayPC_C_0] Controller ID-0 selected weapon slot: WeaponSlot1 Hand: false
[2018.08.21-15.07.38:615][666]LogBlueprintUserMessages: [GameplayPC_C_1] Controller ID-1 selected weapon slot: Null Hand: false
[2018.08.21-15.07.38:615][666]LogBlueprintUserMessages: [GameplayPC_C_0] Reset Jump controller id: 0
[2018.08.21-15.07.39:078][680]LogBlueprintUserMessages: [GameplayPC_C_0] Controller ID-0 selected weapon slot: WeaponSlot1 Hand: false
[2018.08.21-15.07.39:145][682]LogBlueprintUserMessages: [GameplayPC_C_1] Controller ID-1 selected weapon slot: Null Hand: false
[2018.08.21-15.07.39:608][696]LogNet: UChannel::ReceivedSequencedBunch: Bunch.bClose == true. ChIndex == 0. Calling ConditionalCleanUp.
[2018.08.21-15.07.39:608][696]LogNet: UChannel::CleanUp: ChIndex == 0. Closing connection. [UChannel] ChIndex: 0, Closing: 0 [UNetConnection] RemoteAddr: 127.0.0.1:60041, Name: IpConnection_0, Driver: GameNetDriver IpNetDriver_0, IsServer: YES, PC: GameplayPC_C_0, Owner: GameplayPC_C_0, UniqueId: DESKTOP-LI0N2FC-4807DD1B4F1E98261BBDC4A10E76B236
[2018.08.21-15.07.39:608][696]LogNet: UNetConnection::Close: [UNetConnection] RemoteAddr: 127.0.0.1:60041, Name: IpConnection_0, Driver: GameNetDriver IpNetDriver_0, IsServer: YES, PC: GameplayPC_C_0, Owner: GameplayPC_C_0, UniqueId: DESKTOP-LI0N2FC-4807DD1B4F1E98261BBDC4A10E76B236, Channels: 12, Time: 2018.08.21-15.07.39
[2018.08.21-15.07.39:609][696]LogNet: UChannel::Close: Sending CloseBunch. ChIndex == 0. Name: [UChannel] ChIndex: 0, Closing: 0 [UNetConnection] RemoteAddr: 127.0.0.1:60041, Name: IpConnection_0, Driver: GameNetDriver IpNetDriver_0, IsServer: YES, PC: GameplayPC_C_0, Owner: GameplayPC_C_0, UniqueId: DESKTOP-LI0N2FC-4807DD1B4F1E98261BBDC4A10E76B236
[2018.08.21-15.07.39:609][696]LogOnline: Warning: OSS: Can't destroy a null online session (GameSession)
[2018.08.21-15.07.39:610][696]LogOnline: Warning: OSS: No game present to leave for session (GameSession)
[2018.08.21-15.07.39:674][698]LogBlueprintUserMessages: [GameplayPC_C_1] Controller ID-1 selected weapon slot: Null Hand: false
[2018.08.21-15.07.40:204][714]LogBlueprintUserMessages: [GameplayPC_C_1] Controller ID-1 selected weapon slot: Null Hand: false
