Log file open, 08/21/18 08:13:34
LogWindows: Failed to load 'aqProf.dll' (GetLastError=126)
LogWindows: File 'aqProf.dll' does not exist
LogWindows: Failed to load 'VtuneApi.dll' (GetLastError=126)
LogWindows: File 'VtuneApi.dll' does not exist
LogWindows: Failed to load 'VtuneApi32e.dll' (GetLastError=126)
LogWindows: File 'VtuneApi32e.dll' does not exist
LogInit: Display: Running engine for game: DarkCrystalstutter
LogPlatformFile: Not using cached read wrapper
LogInit: Display: RandInit(1177800574) SRandInit(1177800574).
LogInit: Read version file with build ID '3944462'
LogInit: Overriding engine version to CL 4033788, compatible CL 3944462
LogInit: Registered custom module enumerator with build ID '3944462'
LogTaskGraph: Started task graph with 5 named threads and 17 total threads with 3 sets of task threads.
LogStats: Stats thread started at 0.214478
LogD3D11RHI: Aftermath initialized
LogICUInternationalization: Display: ICU TimeZone Detection - Raw Offset: -8:00, Platform Override: ''
LogModuleManager: Display: Found up-to-date module file ../../../Engine/Plugins/Online/OnlineSubsystemSteam/Binaries/Win64/UE4Editor-OnlineSubsystemSteam.dll (API version 3944462).
LogModuleManager: Display: Found up-to-date module file ../../../Engine/Plugins/Online/OnlineSubsystem/Binaries/Win64/UE4Editor-OnlineSubsystem.dll (API version 3944462).
LogModuleManager: Display: Found up-to-date module file ../../../Engine/Plugins/Online/OnlineSubsystemUtils/Binaries/Win64/UE4Editor-OnlineSubsystemUtils.dll (API version 3944462).
LogModuleManager: Display: Found up-to-date module file ../../../Engine/Plugins/Online/OnlineSubsystemUtils/Binaries/Win64/UE4Editor-OnlineBlueprintSupport.dll (API version 3944462).
LogModuleManager: Display: Found up-to-date module file ../../../Engine/Plugins/VictoryPlugin/Binaries/Win64/UE4Editor-VictoryBPLibrary.dll (API version 3944462).
LogModuleManager: Display: Found up-to-date module file ../../../Engine/Plugins/Runtime/ApexDestruction/Binaries/Win64/UE4Editor-ApexDestruction.dll (API version 3944462).
LogModuleManager: Display: Found up-to-date module file ../../../Engine/Plugins/Runtime/ApexDestruction/Binaries/Win64/UE4Editor-ApexDestructionEditor.dll (API version 3944462).
LogModuleManager: Display: Found up-to-date module file ../../../Engine/Plugins/AdvancedSessions/AdvancedSessions/Binaries/Win64/UE4Editor-AdvancedSessions.dll (API version 3944462).
LogModuleManager: Display: Found up-to-date module file ../../../Engine/Plugins/AdvancedSessions/AdvancedSteamSessions/Binaries/Win64/UE4Editor-AdvancedSteamSessions.dll (API version 3944462).
LogModuleManager: Display: Found up-to-date module file ../../../Engine/Plugins/2D/Paper2D/Binaries/Win64/UE4Editor-Paper2D.dll (API version 3944462).
LogModuleManager: Display: Found up-to-date module file ../../../Engine/Plugins/2D/Paper2D/Binaries/Win64/UE4Editor-Paper2DEditor.dll (API version 3944462).
LogModuleManager: Display: Found up-to-date module file ../../../Engine/Plugins/2D/Paper2D/Binaries/Win64/UE4Editor-PaperSpriteSheetImporter.dll (API version 3944462).
LogModuleManager: Display: Found up-to-date module file ../../../Engine/Plugins/2D/Paper2D/Binaries/Win64/UE4Editor-PaperTiledImporter.dll (API version 3944462).
LogModuleManager: Display: Found up-to-date module file ../../../Engine/Plugins/2D/Paper2D/Binaries/Win64/UE4Editor-SmartSnapping.dll (API version 3944462).
LogModuleManager: Display: Found up-to-date module file ../../../Engine/Plugins/Blendables/LightPropagationVolume/Binaries/Win64/UE4Editor-LightPropagationVolumeRuntime.dll (API version 3944462).
LogModuleManager: Display: Found up-to-date module file ../../../Engine/Plugins/Blendables/LightPropagationVolume/Binaries/Win64/UE4Editor-LightPropagationVolumeEditor.dll (API version 3944462).
LogModuleManager: Display: Found up-to-date module file ../../../Engine/Plugins/Developer/CLionSourceCodeAccess/Binaries/Win64/UE4Editor-CLionSourceCodeAccess.dll (API version 3944462).
LogModuleManager: Display: Found up-to-date module file ../../../Engine/Plugins/Developer/GitSourceControl/Binaries/Win64/UE4Editor-GitSourceControl.dll (API version 3944462).
LogModuleManager: Display: Found up-to-date module file ../../../Engine/Plugins/Developer/PerforceSourceControl/Binaries/Win64/UE4Editor-PerforceSourceControl.dll (API version 3944462).
LogModuleManager: Display: Found up-to-date module file ../../../Engine/Plugins/Developer/SubversionSourceControl/Binaries/Win64/UE4Editor-SubversionSourceControl.dll (API version 3944462).
LogModuleManager: Display: Found up-to-date module file ../../../Engine/Plugins/Developer/UObjectPlugin/Binaries/Win64/UE4Editor-UObjectPlugin.dll (API version 3944462).
LogModuleManager: Display: Found up-to-date module file ../../../Engine/Plugins/Developer/VisualStudioCodeSourceCodeAccess/Binaries/Win64/UE4Editor-VisualStudioCodeSourceCodeAccess.dll (API version 3944462).
LogModuleManager: Display: Found up-to-date module file ../../../Engine/Plugins/Developer/VisualStudioSourceCodeAccess/Binaries/Win64/UE4Editor-VisualStudioSourceCodeAccess.dll (API version 3944462).
LogModuleManager: Display: Found up-to-date module file ../../../Engine/Plugins/Editor/AssetManagerEditor/Binaries/Win64/UE4Editor-AssetManagerEditor.dll (API version 3944462).
LogModuleManager: Display: Found up-to-date module file ../../../Engine/Plugins/Editor/CryptoKeys/Binaries/Win64/UE4Editor-CryptoKeys.dll (API version 3944462).
LogModuleManager: Display: Found up-to-date module file ../../../Engine/Plugins/Editor/CryptoKeys/Binaries/Win64/UE4Editor-CryptoKeysOpenSSL.dll (API version 3944462).
LogModuleManager: Display: Found up-to-date module file ../../../Engine/Plugins/Editor/DataValidation/Binaries/Win64/UE4Editor-DataValidation.dll (API version 3944462).
LogModuleManager: Display: Found up-to-date module file ../../../Engine/Plugins/Editor/FacialAnimation/Binaries/Win64/UE4Editor-FacialAnimation.dll (API version 3944462).
LogModuleManager: Display: Found up-to-date module file ../../../Engine/Plugins/Editor/FacialAnimation/Binaries/Win64/UE4Editor-FacialAnimationEditor.dll (API version 3944462).
LogModuleManager: Display: Found up-to-date module file ../../../Engine/Plugins/Editor/GameplayTagsEditor/Binaries/Win64/UE4Editor-GameplayTagsEditor.dll (API version 3944462).
LogModuleManager: Display: Found up-to-date module file ../../../Engine/Plugins/Editor/MobileLauncherProfileWizard/Binaries/Win64/UE4Editor-MobileLauncherProfileWizard.dll (API version 3944462).
LogModuleManager: Display: Found up-to-date module file ../../../Engine/Plugins/Editor/PluginBrowser/Binaries/Win64/UE4Editor-PluginBrowser.dll (API version 3944462).
LogModuleManager: Display: Found up-to-date module file ../../../Engine/Plugins/Editor/SpeedTreeImporter/Binaries/Win64/UE4Editor-SpeedTreeImporter.dll (API version 3944462).
LogModuleManager: Display: Found up-to-date module file ../../../Engine/Plugins/Enterprise/DatasmithContent/Binaries/Win64/UE4Editor-DatasmithContent.dll (API version 3944462).
LogModuleManager: Display: Found up-to-date module file ../../../Engine/Plugins/Experimental/AlembicImporter/Binaries/Win64/UE4Editor-AlembicImporter.dll (API version 3944462).
LogModuleManager: Display: Found up-to-date module file ../../../Engine/Plugins/Experimental/AlembicImporter/Binaries/Win64/UE4Editor-AlembicLibrary.dll (API version 3944462).
LogModuleManager: Display: Found up-to-date module file ../../../Engine/Plugins/Experimental/CharacterAI/Binaries/Win64/UE4Editor-CharacterAI.dll (API version 3944462).
LogModuleManager: Display: Found up-to-date module file ../../../Engine/Plugins/Experimental/HTML5Networking/Binaries/Win64/UE4Editor-HTML5Networking.dll (API version 3944462).
LogModuleManager: Display: Found up-to-date module file ../../../Engine/Plugins/Media/AndroidMedia/Binaries/Win64/UE4Editor-AndroidMediaEditor.dll (API version 3944462).
LogModuleManager: Display: Found up-to-date module file ../../../Engine/Plugins/Media/AndroidMedia/Binaries/Win64/UE4Editor-AndroidMediaFactory.dll (API version 3944462).
LogModuleManager: Display: Found up-to-date module file ../../../Engine/Plugins/Media/AvfMedia/Binaries/Win64/UE4Editor-AvfMediaEditor.dll (API version 3944462).
LogModuleManager: Display: Found up-to-date module file ../../../Engine/Plugins/Media/AvfMedia/Binaries/Win64/UE4Editor-AvfMediaFactory.dll (API version 3944462).
LogModuleManager: Display: Found up-to-date module file ../../../Engine/Plugins/Media/AvfMedia/Binaries/Win64/UE4Editor-AvfMediaFactory.dll (API version 3944462).
LogModuleManager: Display: Found up-to-date module file ../../../Engine/Plugins/Media/ImgMedia/Binaries/Win64/UE4Editor-ImgMedia.dll (API version 3944462).
LogModuleManager: Display: Found up-to-date module file ../../../Engine/Plugins/Media/ImgMedia/Binaries/Win64/UE4Editor-ImgMediaEditor.dll (API version 3944462).
LogModuleManager: Display: Found up-to-date module file ../../../Engine/Plugins/Media/ImgMedia/Binaries/Win64/UE4Editor-ImgMediaFactory.dll (API version 3944462).
LogModuleManager: Display: Found up-to-date module file ../../../Engine/Plugins/Media/ImgMedia/Binaries/Win64/UE4Editor-ImgMediaFactory.dll (API version 3944462).
LogModuleManager: Display: Found up-to-date module file ../../../Engine/Plugins/Media/ImgMedia/Binaries/Win64/UE4Editor-OpenExrWrapper.dll (API version 3944462).
LogModuleManager: Display: Found up-to-date module file ../../../Engine/Plugins/Media/LinearTimecode/Binaries/Win64/UE4Editor-LinearTimecode.dll (API version 3944462).
LogModuleManager: Display: Found up-to-date module file ../../../Engine/Plugins/Media/MediaCompositing/Binaries/Win64/UE4Editor-MediaCompositing.dll (API version 3944462).
LogModuleManager: Display: Found up-to-date module file ../../../Engine/Plugins/Media/MediaCompositing/Binaries/Win64/UE4Editor-MediaCompositingEditor.dll (API version 3944462).
LogModuleManager: Display: Found up-to-date module file ../../../Engine/Plugins/Media/MediaPlayerEditor/Binaries/Win64/UE4Editor-MediaPlayerEditor.dll (API version 3944462).
LogModuleManager: Display: Found up-to-date module file ../../../Engine/Plugins/Media/WmfMedia/Binaries/Win64/UE4Editor-WmfMedia.dll (API version 3944462).
LogModuleManager: Display: Found up-to-date module file ../../../Engine/Plugins/Media/WmfMedia/Binaries/Win64/UE4Editor-WmfMediaEditor.dll (API version 3944462).
LogModuleManager: Display: Found up-to-date module file ../../../Engine/Plugins/Media/WmfMedia/Binaries/Win64/UE4Editor-WmfMediaFactory.dll (API version 3944462).
LogModuleManager: Display: Found up-to-date module file ../../../Engine/Plugins/Media/WmfMedia/Binaries/Win64/UE4Editor-WmfMediaFactory.dll (API version 3944462).
LogModuleManager: Display: Found up-to-date module file ../../../Engine/Plugins/Messaging/TcpMessaging/Binaries/Win64/UE4Editor-TcpMessaging.dll (API version 3944462).
LogModuleManager: Display: Found up-to-date module file ../../../Engine/Plugins/Messaging/UdpMessaging/Binaries/Win64/UE4Editor-UdpMessaging.dll (API version 3944462).
LogModuleManager: Display: Found up-to-date module file ../../../Engine/Plugins/MovieScene/ActorSequence/Binaries/Win64/UE4Editor-ActorSequence.dll (API version 3944462).
LogModuleManager: Display: Found up-to-date module file ../../../Engine/Plugins/MovieScene/LevelSequenceEditor/Binaries/Win64/UE4Editor-LevelSequenceEditor.dll (API version 3944462).
LogModuleManager: Display: Found up-to-date module file ../../../Engine/Plugins/MovieScene/MatineeToLevelSequence/Binaries/Win64/UE4Editor-MatineeToLevelSequence.dll (API version 3944462).
LogModuleManager: Display: Found up-to-date module file ../../../Engine/Plugins/NetcodeUnitTest/NetcodeUnitTest/Binaries/Win64/UE4Editor-NetcodeUnitTest.dll (API version 3944462).
LogModuleManager: Display: Found up-to-date module file ../../../Engine/Plugins/NetcodeUnitTest/NUTUnrealEngine4/Binaries/Win64/UE4Editor-NUTUnrealEngine4.dll (API version 3944462).
LogModuleManager: Display: Found up-to-date module file ../../../Engine/Plugins/Runtime/AndroidPermission/Binaries/Win64/UE4Editor-AndroidPermission.dll (API version 3944462).
LogModuleManager: Display: Found up-to-date module file ../../../Engine/Plugins/Online/OnlineSubsystemNull/Binaries/Win64/UE4Editor-OnlineSubsystemNull.dll (API version 3944462).
LogModuleManager: Display: Found up-to-date module file ../../../Engine/Plugins/Runtime/AndroidDeviceProfileSelector/Binaries/Win64/UE4Editor-AndroidDeviceProfileSelector.dll (API version 3944462).
LogModuleManager: Display: Found up-to-date module file ../../../Engine/Plugins/Runtime/AppleARKit/Binaries/Win64/UE4Editor-AppleARKit.dll (API version 3944462).
LogModuleManager: Display: Found up-to-date module file ../../../Engine/Plugins/Runtime/ProceduralMeshComponent/Binaries/Win64/UE4Editor-ProceduralMeshComponent.dll (API version 3944462).
LogModuleManager: Display: Found up-to-date module file ../../../Engine/Plugins/Runtime/ProceduralMeshComponent/Binaries/Win64/UE4Editor-ProceduralMeshComponentEditor.dll (API version 3944462).
LogModuleManager: Display: Found up-to-date module file ../../../Engine/Plugins/Animation/LiveLink/Binaries/Win64/UE4Editor-LiveLink.dll (API version 3944462).
LogModuleManager: Display: Found up-to-date module file ../../../Engine/Plugins/Animation/LiveLink/Binaries/Win64/UE4Editor-LiveLinkEditor.dll (API version 3944462).
LogModuleManager: Display: Found up-to-date module file ../../../Engine/Plugins/Runtime/ArchVisCharacter/Binaries/Win64/UE4Editor-ArchVisCharacter.dll (API version 3944462).
LogModuleManager: Display: Found up-to-date module file ../../../Engine/Plugins/Runtime/AudioCapture/Binaries/Win64/UE4Editor-AudioCapture.dll (API version 3944462).
LogModuleManager: Display: Found up-to-date module file ../../../Engine/Plugins/Runtime/AudioCapture/Binaries/Win64/UE4Editor-AudioCaptureEditor.dll (API version 3944462).
LogModuleManager: Display: Found up-to-date module file ../../../Engine/Plugins/Runtime/CableComponent/Binaries/Win64/UE4Editor-CableComponent.dll (API version 3944462).
LogModuleManager: Display: Found up-to-date module file ../../../Engine/Plugins/Runtime/CustomMeshComponent/Binaries/Win64/UE4Editor-CustomMeshComponent.dll (API version 3944462).
LogModuleManager: Display: Found up-to-date module file ../../../Engine/Plugins/Runtime/ExampleDeviceProfileSelector/Binaries/Win64/UE4Editor-ExampleDeviceProfileSelector.dll (API version 3944462).
LogModuleManager: Display: Found up-to-date module file ../../../Engine/Plugins/Runtime/ImmediatePhysics/Binaries/Win64/UE4Editor-ImmediatePhysics.dll (API version 3944462).
LogModuleManager: Display: Found up-to-date module file ../../../Engine/Plugins/Runtime/ImmediatePhysics/Binaries/Win64/UE4Editor-ImmediatePhysicsEditor.dll (API version 3944462).
LogModuleManager: Display: Found up-to-date module file ../../../Engine/Plugins/Runtime/LocationServicesBPLibrary/Binaries/Win64/UE4Editor-LocationServicesBPLibrary.dll (API version 3944462).
LogModuleManager: Display: Found up-to-date module file ../../../Engine/Plugins/Runtime/MobilePatchingUtils/Binaries/Win64/UE4Editor-MobilePatchingUtils.dll (API version 3944462).
LogModuleManager: Display: Found up-to-date module file ../../../Engine/Plugins/Runtime/Oculus/OculusVR/Binaries/Win64/UE4Editor-OculusHMD.dll (API version 3944462).
LogModuleManager: Display: Found up-to-date module file ../../../Engine/Plugins/Runtime/Oculus/OculusVR/Binaries/Win64/UE4Editor-OculusInput.dll (API version 3944462).
LogModuleManager: Display: Found up-to-date module file ../../../Engine/Plugins/Runtime/Oculus/OculusVR/Binaries/Win64/UE4Editor-OculusEditor.dll (API version 3944462).
LogModuleManager: Display: Found up-to-date module file ../../../Engine/Plugins/Runtime/PhysXVehicles/Binaries/Win64/UE4Editor-PhysXVehicles.dll (API version 3944462).
LogModuleManager: Display: Found up-to-date module file ../../../Engine/Plugins/Runtime/PhysXVehicles/Binaries/Win64/UE4Editor-PhysXVehiclesEditor.dll (API version 3944462).
LogModuleManager: Display: Found up-to-date module file ../../../Engine/Plugins/Runtime/RuntimePhysXCooking/Binaries/Win64/UE4Editor-RuntimePhysXCooking.dll (API version 3944462).
LogModuleManager: Display: Found up-to-date module file ../../../Engine/Plugins/Runtime/Steam/SteamVR/Binaries/Win64/UE4Editor-SteamVR.dll (API version 3944462).
LogModuleManager: Display: Found up-to-date module file ../../../Engine/Plugins/Runtime/Steam/SteamVR/Binaries/Win64/UE4Editor-SteamVRController.dll (API version 3944462).
LogModuleManager: Display: Found up-to-date module file ../../../Engine/Plugins/Runtime/WindowsMoviePlayer/Binaries/Win64/UE4Editor-WindowsMoviePlayer.dll (API version 3944462).
LogPluginManager: Mounting plugin Paper2D
LogPluginManager: Mounting plugin AdvancedSessions
LogPluginManager: Mounting plugin AdvancedSteamSessions
LogPluginManager: Mounting plugin LiveLink
LogPluginManager: Mounting plugin LightPropagationVolume
LogPluginManager: Mounting plugin CLionSourceCodeAccess
LogPluginManager: Mounting plugin CodeLiteSourceCodeAccess
LogPluginManager: Mounting plugin GitSourceControl
LogPluginManager: Mounting plugin KDevelopSourceCodeAccess
LogPluginManager: Mounting plugin NullSourceCodeAccess
LogPluginManager: Mounting plugin PerforceSourceControl
LogPluginManager: Mounting plugin SubversionSourceControl
LogPluginManager: Mounting plugin UObjectPlugin
LogPluginManager: Mounting plugin VisualStudioCodeSourceCodeAccess
LogPluginManager: Mounting plugin VisualStudioSourceCodeAccess
LogPluginManager: Mounting plugin XCodeSourceCodeAccess
LogPluginManager: Mounting plugin AssetManagerEditor
LogPluginManager: Mounting plugin CryptoKeys
LogPluginManager: Mounting plugin DataValidation
LogPluginManager: Mounting plugin FacialAnimation
LogPluginManager: Mounting plugin GameplayTagsEditor
LogPluginManager: Mounting plugin MobileLauncherProfileWizard
LogPluginManager: Mounting plugin PluginBrowser
LogPluginManager: Mounting plugin SpeedTreeImporter
LogPluginManager: Mounting plugin DatasmithContent
LogPluginManager: Mounting plugin AlembicImporter
LogPluginManager: Mounting plugin CharacterAI
LogPluginManager: Mounting plugin HTML5Networking
LogPluginManager: Mounting plugin AndroidMedia
LogPluginManager: Mounting plugin AvfMedia
LogPluginManager: Mounting plugin ImgMedia
LogPluginManager: Mounting plugin LinearTimecode
LogPluginManager: Mounting plugin MediaCompositing
LogPluginManager: Mounting plugin MediaPlayerEditor
LogPluginManager: Mounting plugin WmfMedia
LogPluginManager: Mounting plugin TcpMessaging
LogPluginManager: Mounting plugin UdpMessaging
LogPluginManager: Mounting plugin ActorSequence
LogPluginManager: Mounting plugin LevelSequenceEditor
LogPluginManager: Mounting plugin MatineeToLevelSequence
LogPluginManager: Mounting plugin NetcodeUnitTest
LogPluginManager: Mounting plugin NUTUnrealEngine4
LogPluginManager: Mounting plugin OnlineSubsystemGooglePlay
LogPluginManager: Mounting plugin OnlineSubsystemIOS
LogPluginManager: Mounting plugin OnlineSubsystem
LogPluginManager: Mounting plugin OnlineSubsystemNull
LogPluginManager: Mounting plugin OnlineSubsystemSteam
LogPluginManager: Mounting plugin OnlineSubsystemUtils
LogPluginManager: Mounting plugin AndroidDeviceProfileSelector
LogPluginManager: Mounting plugin AndroidMoviePlayer
LogPluginManager: Mounting plugin AndroidPermission
LogPluginManager: Mounting plugin ApexDestruction
LogPluginManager: Mounting plugin AppleARKit
LogPluginManager: Mounting plugin AppleMoviePlayer
LogPluginManager: Mounting plugin ArchVisCharacter
LogPluginManager: Mounting plugin AudioCapture
LogPluginManager: Mounting plugin CableComponent
LogPluginManager: Mounting plugin CustomMeshComponent
LogPluginManager: Mounting plugin ExampleDeviceProfileSelector
LogPluginManager: Mounting plugin GoogleCloudMessaging
LogPluginManager: Mounting plugin ImmediatePhysics
LogPluginManager: Mounting plugin IOSDeviceProfileSelector
LogPluginManager: Mounting plugin LinuxDeviceProfileSelector
LogPluginManager: Mounting plugin LocationServicesBPLibrary
LogPluginManager: Mounting plugin MobilePatchingUtils
LogPluginManager: Mounting plugin OculusVR
LogPluginManager: Plugin shader directory ../../../Engine/Plugins/Runtime/Oculus/OculusVR/Shaders found
LogPluginManager: Mapping shader source directory ../../../Engine/Plugins/Runtime/Oculus/OculusVR/Shaders to virtual directory /Plugin/OculusVR
LogPluginManager: Mounting plugin PhysXVehicles
LogPluginManager: Mounting plugin ProceduralMeshComponent
LogPluginManager: Mounting plugin RuntimePhysXCooking
LogPluginManager: Mounting plugin SteamVR
LogPluginManager: Mounting plugin WindowsMoviePlayer
LogPluginManager: Mounting plugin VictoryBPLibrary
LogStreaming: Display: Took  0.766s to configure plugins.
LogInit: Using libcurl 7.47.1
LogInit:  - built for x86_64-pc-win32
LogInit:  - supports SSL with OpenSSL/1.0.2g
LogInit:  - supports HTTP deflate (compression) using libz 1.2.8
LogInit:  - other features:
LogInit:      CURL_VERSION_SSL
LogInit:      CURL_VERSION_LIBZ
LogInit:      CURL_VERSION_IPV6
LogInit:      CURL_VERSION_ASYNCHDNS
LogInit:      CURL_VERSION_LARGEFILE
LogInit:      CURL_VERSION_IDN
LogInit:  CurlRequestOptions (configurable via config and command line):
LogInit:  - bVerifyPeer = false  - Libcurl will NOT verify peer certificate
LogInit:  - bUseHttpProxy = false  - Libcurl will NOT use HTTP proxy
LogInit:  - bDontReuseConnections = false  - Libcurl will reuse connections
LogInit:  - CertBundlePath = nullptr  - Libcurl will use whatever was configured at build time.
LogInit:  - MaxHostConnections = 16  - Libcurl will limit the number of connections to a host
LogInit:  - LocalHostAddr = Default
LogOnline: Display: STEAM: Loading Steam SDK 1.39
LogWindows: Failed to load '../../../Engine/Binaries/ThirdParty/Steamworks/Steamv139/Win64/steamclient64.dll' (GetLastError=126)
LogWindows: File '../../../Engine/Binaries/ThirdParty/Steamworks/Steamv139/Win64/steamclient64.dll' does not exist
LogOnline: Warning: STEAM: Steam API disabled!
LogOnline: Display: STEAM: OnlineSubsystemSteam::Shutdown()
LogInit: WinSock: version 1.1 (2.2), MaxSocks=32767, MaxUdp=65467
LogInit: WinSock: I am DESKTOP-LI0N2FC (192.168.29.155:0)
LogInit: Build: ++UE4+Release-4.19-CL-4033788
LogInit: Engine Version: 4.19.2-4033788+++UE4+Release-4.19
LogInit: Compatible Engine Version: 4.19.0-3944462+++UE4+Release-4.19
LogInit: Net CL: 3944462
LogDevObjectVersion: Number of dev versions registered: 18
LogDevObjectVersion:   Dev-Blueprints (B0D832E4-1F89-4F0D-ACCF-7EB736FD4AA2): 10
LogDevObjectVersion:   Dev-Build (E1C64328-A22C-4D53-A36C-8E866417BD8C): 0
LogDevObjectVersion:   Dev-Core (375EC13C-06E4-48FB-B500-84F0262A717E): 2
LogDevObjectVersion:   Dev-Editor (E4B068ED-F494-42E9-A231-DA0B2E46BB41): 23
LogDevObjectVersion:   Dev-Framework (CFFC743F-43B0-4480-9391-14DF171D2073): 33
LogDevObjectVersion:   Dev-Mobile (B02B49B5-BB20-44E9-A304-32B752E40360): 2
LogDevObjectVersion:   Dev-Networking (A4E4105C-59A1-49B5-A7C5-40C4547EDFEE): 0
LogDevObjectVersion:   Dev-Online (39C831C9-5AE6-47DC-9A44-9C173E1C8E7C): 0
LogDevObjectVersion:   Dev-Physics (78F01B33-EBEA-4F98-B9B4-84EACCB95AA2): 0
LogDevObjectVersion:   Dev-Platform (6631380F-2D4D-43E0-8009-CF276956A95A): 0
LogDevObjectVersion:   Dev-Rendering (12F88B9F-8875-4AFC-A67C-D90C383ABD29): 25
LogDevObjectVersion:   Dev-Sequencer (7B5AE74C-D270-4C10-A958-57980B212A5A): 6
LogDevObjectVersion:   Dev-VR (D7296918-1DD6-4BDD-9DE2-64A83CC13884): 1
LogDevObjectVersion:   Dev-LoadTimes (C2A15278-BFE7-4AFE-6C17-90FF531DF755): 1
LogDevObjectVersion:   Private-Geometry (6EACA3D4-40EC-4CC1-B786-8BED09428FC5): 2
LogDevObjectVersion:   Dev-AnimPhys (29E575DD-E0A3-4627-9D10-D276232CDCEA): 16
LogDevObjectVersion:   Dev-ReflectionCapture (6B266CEC-1EC7-4B8F-A30B-E4D90942FC07): 1
LogDevObjectVersion:   Dev-Automation (0DF73D61-A23F-47EA-B727-89E90C41499A): 1
LogInit: Compiled (64-bit): Apr 27 2018 02:06:57
LogInit: Compiled with Visual C++: 19.00.24215.01
LogInit: Build Configuration: Development
LogInit: Branch Name: ++UE4+Release-4.19
LogInit: Command Line:  /Game/Maps/Arena01 -game -PIEVIACONSOLE -ResX=640 -ResY=480  -Multiprocess -messaging -SessionName="Play in Standalone Game" -port=17777 -windowed GameUserSettingsINI="G:/DarkActive/Unreal Projects/DarkCrystalstutter/Saved/Config/Windows/PIEGameUserSettings0.ini" -MultiprocessSaveConfig  -MultiprocessOSS -server -log 
LogInit: Base Directory: G:/Epic Games/UE_4.19/Engine/Binaries/Win64/
LogInit: Installed Engine Build: 1
LogStreaming: Display: Took  0.009s to delete old logs.
LogInit: Presizing for max 8388607 objects, including 0 objects not considered by GC, pre-allocating 0 bytes for permanent pool.
LogInit: Object subsystem initialized
[2018.08.21-15.13.35:778][  0]LogInit: Selected Device Profile: [Windows]
[2018.08.21-15.13.35:779][  0]LogInit: Applying CVar settings loaded from the selected device profile: [Windows]
[2018.08.21-15.13.35:784][  0]LogInit: Computer: DESKTOP-LI0N2FC
[2018.08.21-15.13.35:785][  0]LogInit: User: Kappa
[2018.08.21-15.13.35:785][  0]LogInit: CPU Page size=4096, Cores=4
[2018.08.21-15.13.35:785][  0]LogInit: High frequency timer resolution =4.101571 MHz
[2018.08.21-15.13.35:786][  0]LogMemory: Memory total: Physical=31.9GB (32GB approx)
[2018.08.21-15.13.35:786][  0]LogMemory: Platform Memory Stats for Windows
[2018.08.21-15.13.35:786][  0]LogMemory: Process Physical Memory: 276.69 MB used, 276.69 MB peak
[2018.08.21-15.13.35:786][  0]LogMemory: Process Virtual Memory: 276.49 MB used, 276.49 MB peak
[2018.08.21-15.13.35:786][  0]LogMemory: Physical Memory: 13390.42 MB used,  19302.39 MB free, 32692.81 MB total
[2018.08.21-15.13.35:787][  0]LogMemory: Virtual Memory: 4801.96 MB used,  19302.39 MB free, 134217728.00 MB total
[2018.08.21-15.13.35:801][  0]LogInit: Using OS detected language (en-US).
[2018.08.21-15.13.35:801][  0]LogInit: Using OS detected locale (en-US).
[2018.08.21-15.13.35:804][  0]LogTextLocalizationManager: No localization for 'en-US' exists, so 'en' will be used for the language.
[2018.08.21-15.13.35:804][  0]LogTextLocalizationManager: No localization for 'en-US' exists, so 'en' will be used for the locale.
[2018.08.21-15.13.36:136][  0]LogStreaming: Display: Took  0.335s to EndInitTextLocalization.
[2018.08.21-15.13.36:148][  0]LogShaderCompilers: Guid format shader working directory is -15 characters bigger than the processId version (../../../../../DarkActive/Unreal Projects/DarkCrystalstutter/Intermediate/Shaders/WorkingDirectory/11328/).
[2018.08.21-15.13.36:148][  0]LogShaderCompilers: Cleaned the shader compiler working directory 'C:/Users/Kappa/AppData/Local/Temp/UnrealShaderWorkingDir/180E0D034E0F69C3D99576AA372A267A/'.
[2018.08.21-15.13.36:323][  0]LogTemp: Display: Loaded TP WindowsClientTargetPlatform
[2018.08.21-15.13.36:338][  0]LogTemp: Display: Loaded TP WindowsNoEditorTargetPlatform
[2018.08.21-15.13.36:351][  0]LogTemp: Display: Loaded TP WindowsServerTargetPlatform
[2018.08.21-15.13.36:364][  0]LogTemp: Display: Loaded TP WindowsTargetPlatform
[2018.08.21-15.13.36:364][  0]LogTargetPlatformManager: Display: Building Assets For Windows
[2018.08.21-15.13.36:435][  0]LogXGEController: Cannot use XGE Controller as Incredibuild is not installed on this machine.
[2018.08.21-15.13.36:435][  0]LogShaderCompilers: Cannot use XGE Shader Compiler as Incredibuild is not installed on this machine.
[2018.08.21-15.13.36:435][  0]LogShaderCompilers: Display: Using Local Shader Compiler.
[2018.08.21-15.13.36:820][  0]LogDerivedDataCache: Display: Max Cache Size: 512 MB
[2018.08.21-15.13.36:875][  0]LogDerivedDataCache: Loaded boot cache 0.06s 74MB C:/Users/Kappa/AppData/Local/UnrealEngine/4.19/DerivedDataCache/Boot.ddc.
[2018.08.21-15.13.36:876][  0]LogDerivedDataCache: Display: Loaded Boot cache: C:/Users/Kappa/AppData/Local/UnrealEngine/4.19/DerivedDataCache/Boot.ddc
[2018.08.21-15.13.36:876][  0]LogDerivedDataCache: FDerivedDataBackendGraph:  Pak pak cache file ../../../../../DarkActive/Unreal Projects/DarkCrystalstutter/DerivedDataCache/DDC.ddp not found, will not use a pak cache.
[2018.08.21-15.13.36:876][  0]LogDerivedDataCache: Unable to find inner node Pak for hierarchical cache Hierarchy.
[2018.08.21-15.13.36:877][  0]LogDerivedDataCache: FDerivedDataBackendGraph:  CompressedPak pak cache file ../../../../../DarkActive/Unreal Projects/DarkCrystalstutter/DerivedDataCache/Compressed.ddp not found, will not use a pak cache.
[2018.08.21-15.13.36:877][  0]LogDerivedDataCache: Unable to find inner node CompressedPak for hierarchical cache Hierarchy.
[2018.08.21-15.13.36:892][  0]LogDerivedDataCache: Display: Pak cache opened for reading ../../../Engine/DerivedDataCache/Compressed.ddp.
[2018.08.21-15.13.36:904][  0]LogDerivedDataCache: Using Local data cache path C:/Users/Kappa/AppData/Local/UnrealEngine/Common/DerivedDataCache: Writable
[2018.08.21-15.13.36:904][  0]LogDerivedDataCache: Shared data cache path not found in *engine.ini, will not use an Shared cache.
[2018.08.21-15.13.36:904][  0]LogDerivedDataCache: Unable to find inner node Shared for hierarchical cache Hierarchy.
[2018.08.21-15.13.36:938][  0]LogAssetRegistry: FAssetRegistry took 0.0031 seconds to start up
[2018.08.21-15.13.37:116][  0]LogPackageLocalizationCache: Processed 9 localized package path(s) for 1 prioritized culture(s) in 0.010099 seconds
[2018.08.21-15.13.37:196][  0]LogInit: Selected Device Profile: [Windows]
[2018.08.21-15.13.37:236][  0]LogSimplygon: Simplygon DLL not present - disabling.
[2018.08.21-15.13.37:238][  0]LogMeshReduction: Using SimplygonSwarm for distributed automatic mesh merging
[2018.08.21-15.13.37:238][  0]LogMeshReduction: Using QuadricMeshReduction for automatic static mesh reduction
[2018.08.21-15.13.37:238][  0]LogMeshReduction: No automatic skeletal mesh reduction module available
[2018.08.21-15.13.37:238][  0]LogMeshReduction: No automatic mesh merging module available
[2018.08.21-15.13.37:239][  0]LogMeshMerging: No automatic mesh merging module available
[2018.08.21-15.13.37:258][  0]LogNetVersion: DarkCrystalstutter , NetCL: 3944462, EngineNetVer: 2, GameNetVer: 0 (Checksum: 1586386174)
[2018.08.21-15.13.37:592][  0]LogTcpMessaging: Initializing TcpMessaging bridge
[2018.08.21-15.13.37:614][  0]LogUdpMessaging: Initializing bridge on interface 0.0.0.0:0 to multicast group 230.0.0.1:6666.
[2018.08.21-15.13.37:706][  0]LogCollectionManager: Loaded 0 collections in 0.001532 seconds
[2018.08.21-15.13.37:740][  0]LogFileCache: Scanning file cache for directory 'G:/DarkActive/Unreal Projects/DarkCrystalstutter/Saved/Collections/' took 0.01s
[2018.08.21-15.13.37:740][  0]LogFileCache: Scanning file cache for directory 'G:/DarkActive/Unreal Projects/DarkCrystalstutter/Content/Developers/Kappa/Collections/' took 0.01s
[2018.08.21-15.13.37:741][  0]LogFileCache: Scanning file cache for directory 'G:/DarkActive/Unreal Projects/DarkCrystalstutter/Content/Collections/' took 0.01s
[2018.08.21-15.13.37:741][  0]LogCollectionManager: Rebuilt the object cache for 0 collections in 0.000000 seconds (found 0 objects)
[2018.08.21-15.13.37:741][  0]LogCollectionManager: Fixed up redirectors for 0 collections in 0.001270 seconds (updated 0 objects)
[2018.08.21-15.13.37:858][  0]SourceControl: Source control is disabled
[2018.08.21-15.13.37:859][  0]SourceControl: Source control is disabled
[2018.08.21-15.13.37:871][  0]SourceControl: Source control is disabled
[2018.08.21-15.13.38:115][  0]LogAndroidPermission: UAndroidPermissionCallbackProxy::GetInstance
[2018.08.21-15.13.38:210][  0]LogOcInput: OculusInput pre-init called
[2018.08.21-15.13.38:240][  0]LogUObjectArray: 41286 objects as part of root set at end of initial load.
[2018.08.21-15.13.38:240][  0]LogUObjectAllocator: 8567600 out of 0 bytes used by permanent object pool.
[2018.08.21-15.13.38:241][  0]LogUObjectArray: CloseDisregardForGC: 0/0 objects in disregard for GC pool
[2018.08.21-15.13.38:269][  0]LogEngine: Initializing Engine...
[2018.08.21-15.13.38:271][  0]LogStats: UGameplayTagsManager::ConstructGameplayTagTree: Construct from data asset -  0.000 s
[2018.08.21-15.13.38:272][  0]LogStats: UGameplayTagsManager::ConstructGameplayTagTree: GameplayTagTreeChangedEvent.Broadcast -  0.000 s
[2018.08.21-15.13.38:297][  0]LogInit: Texture streaming: Disabled
[2018.08.21-15.13.38:333][  0]LogUObjectGlobals: Created PersistentFrame Addr=0x000002ef6cebac00, Size=624, Default__GameInfoInstance_C Function /Game/Blueprints/AllLevels/GameInfoInstance.GameInfoInstance_C:ExecuteUbergraph_GameInfoInstance
[2018.08.21-15.13.38:335][  0]LogUObjectGlobals: Created PersistentFrame Addr=0x000002ef7967d530, Size=40, Default__ErrorDialog_C Function /Game/UI/MainMenu/ErrorDialog.ErrorDialog_C:ExecuteUbergraph_ErrorDialog
[2018.08.21-15.13.38:343][  0]LogUObjectGlobals: Created PersistentFrame Addr=0x000002ef71fb7f60, Size=80, Default__HostMenu_C Function /Game/UI/MainMenu/HostMenu.HostMenu_C:ExecuteUbergraph_HostMenu
[2018.08.21-15.13.38:354][  0]LogUObjectGlobals: Created PersistentFrame Addr=0x000002ef7967d5d0, Size=40, Default__MainMenu_C Function /Game/UI/MainMenu/MainMenu.MainMenu_C:ExecuteUbergraph_MainMenu
[2018.08.21-15.13.38:359][  0]LogUObjectGlobals: Created PersistentFrame Addr=0x000002ef71f92be0, Size=104, Default__OptionsMenu_C Function /Game/UI/MainMenu/OptionsMenu.OptionsMenu_C:ExecuteUbergraph_OptionsMenu
[2018.08.21-15.13.38:376][  0]LogUObjectGlobals: Created PersistentFrame Addr=0x000002ef71f62200, Size=600, Default__ServerMenu_C Function /Game/UI/MainMenu/ServerMenu.ServerMenu_C:ExecuteUbergraph_ServerMenu
[2018.08.21-15.13.38:430][  0]LogUObjectGlobals: Destroyed PersistentFrame Addr=0x000002ef6cebac00, Size=624
[2018.08.21-15.13.38:430][  0]LogUObjectGlobals: Created PersistentFrame Addr=0x000002ef7afd8900, Size=624, Default__GameInfoInstance_C Function /Engine/Transient.REINST_GameInfoInstance_C_2:ExecuteUbergraph_GameInfoInstance
[2018.08.21-15.13.38:431][  0]LogUObjectGlobals: Destroyed PersistentFrame Addr=0x000002ef7967d530, Size=40
[2018.08.21-15.13.38:431][  0]LogUObjectGlobals: Created PersistentFrame Addr=0x000002ef75e496c0, Size=40, Default__ErrorDialog_C Function /Engine/Transient.REINST_ErrorDialog_C_0:ExecuteUbergraph_ErrorDialog
[2018.08.21-15.13.38:432][  0]LogUObjectGlobals: Destroyed PersistentFrame Addr=0x000002ef71fb7f60, Size=80
[2018.08.21-15.13.38:432][  0]LogUObjectGlobals: Created PersistentFrame Addr=0x000002ef7338ec50, Size=80, Default__HostMenu_C Function /Engine/Transient.REINST_HostMenu_C_1:ExecuteUbergraph_HostMenu
[2018.08.21-15.13.38:433][  0]LogUObjectGlobals: Destroyed PersistentFrame Addr=0x000002ef7967d5d0, Size=40
[2018.08.21-15.13.38:433][  0]LogUObjectGlobals: Created PersistentFrame Addr=0x000002ef75e495d0, Size=40, Default__MainMenu_C Function /Engine/Transient.REINST_MainMenu_C_3:ExecuteUbergraph_MainMenu
[2018.08.21-15.13.38:434][  0]LogUObjectGlobals: Destroyed PersistentFrame Addr=0x000002ef71f92be0, Size=104
[2018.08.21-15.13.38:434][  0]LogUObjectGlobals: Created PersistentFrame Addr=0x000002ef7338ada0, Size=104, Default__OptionsMenu_C Function /Engine/Transient.REINST_OptionsMenu_C_4:ExecuteUbergraph_OptionsMenu
[2018.08.21-15.13.38:435][  0]LogUObjectGlobals: Destroyed PersistentFrame Addr=0x000002ef71f62200, Size=600
[2018.08.21-15.13.38:435][  0]LogUObjectGlobals: Created PersistentFrame Addr=0x000002ef733c7d80, Size=600, Default__ServerMenu_C Function /Engine/Transient.REINST_ServerMenu_C_5:ExecuteUbergraph_ServerMenu
[2018.08.21-15.13.38:465][  0]LogUObjectGlobals: Created PersistentFrame Addr=0x000002ef7386d580, Size=624, Default__GameInfoInstance_C Function /Game/Blueprints/AllLevels/GameInfoInstance.GameInfoInstance_C:ExecuteUbergraph_GameInfoInstance
[2018.08.21-15.13.38:467][  0]LogUObjectGlobals: Created PersistentFrame Addr=0x000002ef75e49d50, Size=40, Default__ErrorDialog_C Function /Game/UI/MainMenu/ErrorDialog.ErrorDialog_C:ExecuteUbergraph_ErrorDialog
[2018.08.21-15.13.38:468][  0]LogUObjectGlobals: Created PersistentFrame Addr=0x000002ef73848b30, Size=80, Default__HostMenu_C Function /Game/UI/MainMenu/HostMenu.HostMenu_C:ExecuteUbergraph_HostMenu
[2018.08.21-15.13.38:469][  0]LogUObjectGlobals: Created PersistentFrame Addr=0x000002ef75e4a728, Size=40, Default__MainMenu_C Function /Game/UI/MainMenu/MainMenu.MainMenu_C:ExecuteUbergraph_MainMenu
[2018.08.21-15.13.38:471][  0]LogUObjectGlobals: Created PersistentFrame Addr=0x000002ef737c3970, Size=104, Default__OptionsMenu_C Function /Game/UI/MainMenu/OptionsMenu.OptionsMenu_C:ExecuteUbergraph_OptionsMenu
[2018.08.21-15.13.38:473][  0]LogUObjectGlobals: Created PersistentFrame Addr=0x000002ef737e2e80, Size=592, Default__ServerMenu_C Function /Game/UI/MainMenu/ServerMenu.ServerMenu_C:ExecuteUbergraph_ServerMenu
[2018.08.21-15.13.38:492][  0]LogInit: Display: Game Engine Initialized.
[2018.08.21-15.13.38:492][  0]LogGameplayTags: Display: UGameplayTagsManager::DoneAddingNativeTags. DelegateIsBound: 0
[2018.08.21-15.13.38:493][  0]LogStats: UGameplayTagsManager::ConstructGameplayTagTree: Construct from data asset -  0.000 s
[2018.08.21-15.13.38:493][  0]LogStats: UGameplayTagsManager::ConstructGameplayTagTree: GameplayTagTreeChangedEvent.Broadcast -  0.000 s
[2018.08.21-15.13.38:548][  0]LogInit: Display: Starting Game.
[2018.08.21-15.13.38:548][  0]LogNet: Browse: /Game/Maps/Arena01?Name=Player
[2018.08.21-15.13.38:549][  0]LogLoad: LoadMap: /Game/Maps/Arena01?Name=Player
[2018.08.21-15.13.38:561][  0]LogUObjectGlobals: Destroyed PersistentFrame Addr=0x000002ef7afd8900, Size=624
[2018.08.21-15.13.38:561][  0]LogUObjectGlobals: Destroyed PersistentFrame Addr=0x000002ef75e496c0, Size=40
[2018.08.21-15.13.38:562][  0]LogUObjectGlobals: Destroyed PersistentFrame Addr=0x000002ef7338ec50, Size=80
[2018.08.21-15.13.38:562][  0]LogUObjectGlobals: Destroyed PersistentFrame Addr=0x000002ef75e495d0, Size=40
[2018.08.21-15.13.38:562][  0]LogUObjectGlobals: Destroyed PersistentFrame Addr=0x000002ef7338ada0, Size=104
[2018.08.21-15.13.38:562][  0]LogUObjectGlobals: Destroyed PersistentFrame Addr=0x000002ef733c7d80, Size=600
[2018.08.21-15.13.38:592][  0]LogUObjectGlobals: Created PersistentFrame Addr=0x000002ef73814800, Size=256, Default__GameplayGM_C Function /Game/Blueprints/Gameplay/GameplayGM.GameplayGM_C:ExecuteUbergraph_GameplayGM
[2018.08.21-15.13.38:599][  0]LogLinker: Can't find file '/Game/Blueprints/Characters/Female/Kachujin/Animations/Montages/AM_Roll'
[2018.08.21-15.13.38:600][  0]LogLinker: Can't find file '/Game/Blueprints/Characters/Female/Kachujin/Animations/Montages/AM_Roll'
[2018.08.21-15.13.38:601][  0]LogUObjectGlobals: Created PersistentFrame Addr=0x000002ef7afda700, Size=544, Default__0_Base_C Function /Game/Blueprints/Characters/0_Base.0_Base_C:ExecuteUbergraph_0_Base
[2018.08.21-15.13.38:616][  0]LogUObjectGlobals: Created PersistentFrame Addr=0x000002ef734ec680, Size=32, Default__ABP_WoodenBow_C Function /Game/Blueprints/Items/Weapons/WoodenBow/ABP_WoodenBow.ABP_WoodenBow_C:ExecuteUbergraph_ABP_WoodenBow
[2018.08.21-15.13.38:623][  0]LogUObjectGlobals: Created PersistentFrame Addr=0x000002ef6ca7f4c0, Size=72, Default__BPC_MontageManager_C Function /Game/Blueprints/Components/BPC_MontageManager.BPC_MontageManager_C:ExecuteUbergraph_BPC_MontageManager
[2018.08.21-15.13.38:640][  0]LogUObjectGlobals: Created PersistentFrame Addr=0x000002ef737b1600, Size=2528, Default__GameplayPC_C Function /Game/Blueprints/Gameplay/GameplayPC.GameplayPC_C:ExecuteUbergraph_GameplayPC
[2018.08.21-15.13.38:643][  0]LogUObjectGlobals: Created PersistentFrame Addr=0x000002ef734d41c0, Size=96, Default__GameplayPS_C Function /Game/Blueprints/Gameplay/GameplayPS.GameplayPS_C:ExecuteUbergraph_GameplayPS
[2018.08.21-15.13.38:670][  0]LogUObjectGlobals: Created PersistentFrame Addr=0x000002ef779ad580, Size=320, Default__ChatWindow_C Function /Game/UI/AllLevels/ChatWindow.ChatWindow_C:ExecuteUbergraph_ChatWindow
[2018.08.21-15.13.38:673][  0]LogUObjectGlobals: Created PersistentFrame Addr=0x000002ef71f6bc80, Size=888, Default__LobbyPC_C Function /Game/Blueprints/Lobby/LobbyPC.LobbyPC_C:ExecuteUbergraph_LobbyPC
[2018.08.21-15.13.38:675][  0]LogUObjectGlobals: Created PersistentFrame Addr=0x000002ef7859bd00, Size=752, Default__LobbyGM_C Function /Game/Blueprints/Lobby/LobbyGM.LobbyGM_C:ExecuteUbergraph_LobbyGM
[2018.08.21-15.13.38:679][  0]LogUObjectGlobals: Created PersistentFrame Addr=0x000002ef78576e80, Size=544, Default__BP_MaleCharacter_C Function /Game/Blueprints/Characters/0_Base.0_Base_C:ExecuteUbergraph_0_Base
[2018.08.21-15.13.38:687][  0]LogUObjectGlobals: Created PersistentFrame Addr=0x000002ef78576700, Size=544, Default__BP_MaleCharacter_C Function /Game/Blueprints/Characters/0_Base.0_Base_C:ExecuteUbergraph_0_Base
[2018.08.21-15.13.38:698][  0]LogUObjectGlobals: Created PersistentFrame Addr=0x000002ef71f92e80, Size=112, Default__ABP_BerserkerDefault_C Function /Game/Characters/Berserker_S1/Blueprints/ABP_BerserkerDefault.ABP_BerserkerDefault_C:ExecuteUbergraph_ABP_BerserkerDefault
[2018.08.21-15.13.38:721][  0]LogUObjectGlobals: Created PersistentFrame Addr=0x000002ef78171f80, Size=544, Default__BP_FemaleCharacter_C Function /Game/Blueprints/Characters/0_Base.0_Base_C:ExecuteUbergraph_0_Base
[2018.08.21-15.13.38:724][  0]LogUObjectGlobals: Created PersistentFrame Addr=0x000002ef77dd7c00, Size=128, Default__ABP_Kachujin_C Function /Game/Characters/Kachujin/ABP_Kachujin.ABP_Kachujin_C:ExecuteUbergraph_ABP_Kachujin
[2018.08.21-15.13.38:760][  0]LogUObjectGlobals: Created PersistentFrame Addr=0x000002ef78941080, Size=544, Default__Tusk_C Function /Game/Blueprints/Characters/0_Base.0_Base_C:ExecuteUbergraph_0_Base
[2018.08.21-15.13.38:764][  0]LogUObjectGlobals: Created PersistentFrame Addr=0x000002ef747ce0c0, Size=64, Default__0_BaseAnimBP_C Function /Game/InfinityBladeWarriors/Animations/0_BaseAnimBP.0_BaseAnimBP_C:ExecuteUbergraph_0_BaseAnimBP
[2018.08.21-15.13.38:782][  0]LogUObjectGlobals: Created PersistentFrame Addr=0x000002ef74804a40, Size=312, Default__LobbyMenu_C Function /Game/UI/Lobby/LobbyMenu.LobbyMenu_C:ExecuteUbergraph_LobbyMenu
[2018.08.21-15.13.38:786][  0]LogUObjectGlobals: Created PersistentFrame Addr=0x000002ef7bdf5210, Size=80, Default__CharacterSelect_C Function /Game/UI/Lobby/CharacterSelect.CharacterSelect_C:ExecuteUbergraph_CharacterSelect
[2018.08.21-15.13.38:803][  0]LogUObjectGlobals: Created PersistentFrame Addr=0x000002ef7c21a5c0, Size=192, Default__GameSettings_C Function /Game/UI/Lobby/GameSettings.GameSettings_C:ExecuteUbergraph_GameSettings
[2018.08.21-15.13.38:804][  0]LogUObjectGlobals: Created PersistentFrame Addr=0x000002ef747be820, Size=32, Default__PlayerButton_C Function /Game/UI/Lobby/PlayerButton.PlayerButton_C:ExecuteUbergraph_PlayerButton
[2018.08.21-15.13.38:831][  0]LogUObjectGlobals: Created PersistentFrame Addr=0x000002ef7ab41890, Size=4, Default__ConnectedPlayer_C Function /Game/UI/Lobby/ConnectedPlayer.ConnectedPlayer_C:ExecuteUbergraph_ConnectedPlayer
[2018.08.21-15.13.38:934][  0]LogUObjectGlobals: Destroyed PersistentFrame Addr=0x000002ef747ce0c0, Size=64
[2018.08.21-15.13.38:934][  0]LogUObjectGlobals: Created PersistentFrame Addr=0x000002ef7cdfd200, Size=64, Default__0_BaseAnimBP_C Function /Engine/Transient.REINST_0_BaseAnimBP_C_0:ExecuteUbergraph_0_BaseAnimBP
[2018.08.21-15.13.38:937][  0]LogUObjectGlobals: Destroyed PersistentFrame Addr=0x000002ef71f92e80, Size=112
[2018.08.21-15.13.38:938][  0]LogUObjectGlobals: Created PersistentFrame Addr=0x000002ef7cb69280, Size=112, Default__ABP_BerserkerDefault_C Function /Engine/Transient.REINST_ABP_BerserkerDefault_C_1:ExecuteUbergraph_ABP_BerserkerDefault
[2018.08.21-15.13.38:938][  0]LogUObjectGlobals: Destroyed PersistentFrame Addr=0x000002ef77dd7c00, Size=128
[2018.08.21-15.13.38:939][  0]LogUObjectGlobals: Created PersistentFrame Addr=0x000002ef7cdd9580, Size=128, Default__ABP_Kachujin_C Function /Engine/Transient.REINST_ABP_Kachujin_C_2:ExecuteUbergraph_ABP_Kachujin
[2018.08.21-15.13.38:939][  0]LogUObjectGlobals: Destroyed PersistentFrame Addr=0x000002ef734ec680, Size=32
[2018.08.21-15.13.38:939][  0]LogUObjectGlobals: Created PersistentFrame Addr=0x000002ef7cafae00, Size=32, Default__ABP_WoodenBow_C Function /Engine/Transient.REINST_ABP_WoodenBow_C_3:ExecuteUbergraph_ABP_WoodenBow
[2018.08.21-15.13.38:940][  0]LogUObjectGlobals: Destroyed PersistentFrame Addr=0x000002ef6ca7f4c0, Size=72
[2018.08.21-15.13.38:940][  0]LogUObjectGlobals: Created PersistentFrame Addr=0x000002ef7cab71a0, Size=72, Default__BPC_MontageManager_C Function /Engine/Transient.REINST_BPC_MontageManager_C_19:ExecuteUbergraph_BPC_MontageManager
[2018.08.21-15.13.38:942][  0]LogUObjectGlobals: Destroyed PersistentFrame Addr=0x000002ef7afda700, Size=544
[2018.08.21-15.13.38:942][  0]LogUObjectGlobals: Created PersistentFrame Addr=0x000002ef7cdf0900, Size=544, Default__0_Base_C Function /Engine/Transient.REINST_0_Base_C_23:ExecuteUbergraph_0_Base
[2018.08.21-15.13.38:943][  0]LogUObjectGlobals: Destroyed PersistentFrame Addr=0x000002ef7bdf5210, Size=80
[2018.08.21-15.13.38:944][  0]LogUObjectGlobals: Created PersistentFrame Addr=0x000002ef7cab4400, Size=80, Default__CharacterSelect_C Function /Engine/Transient.REINST_CharacterSelect_C_6:ExecuteUbergraph_CharacterSelect
[2018.08.21-15.13.38:945][  0]LogUObjectGlobals: Destroyed PersistentFrame Addr=0x000002ef779ad580, Size=320
[2018.08.21-15.13.38:945][  0]LogUObjectGlobals: Created PersistentFrame Addr=0x000002ef7cde5800, Size=320, Default__ChatWindow_C Function /Engine/Transient.REINST_ChatWindow_C_8:ExecuteUbergraph_ChatWindow
[2018.08.21-15.13.38:945][  0]LogUObjectGlobals: Destroyed PersistentFrame Addr=0x000002ef7ab41890, Size=4
[2018.08.21-15.13.38:945][  0]LogUObjectGlobals: Created PersistentFrame Addr=0x000002ef77c486e0, Size=4, Default__ConnectedPlayer_C Function /Engine/Transient.REINST_ConnectedPlayer_C_9:ExecuteUbergraph_ConnectedPlayer
[2018.08.21-15.13.38:948][  0]LogUObjectGlobals: Destroyed PersistentFrame Addr=0x000002ef737b1600, Size=2528
[2018.08.21-15.13.38:948][  0]LogUObjectGlobals: Created PersistentFrame Addr=0x000002ef733d0100, Size=2528, Default__GameplayPC_C Function /Engine/Transient.REINST_GameplayPC_C_26:ExecuteUbergraph_GameplayPC
[2018.08.21-15.13.38:948][  0]LogUObjectGlobals: Destroyed PersistentFrame Addr=0x000002ef734d41c0, Size=96
[2018.08.21-15.13.38:948][  0]LogUObjectGlobals: Created PersistentFrame Addr=0x000002ef7cdac760, Size=96, Default__GameplayPS_C Function /Engine/Transient.REINST_GameplayPS_C_27:ExecuteUbergraph_GameplayPS
[2018.08.21-15.13.38:949][  0]LogUObjectGlobals: Destroyed PersistentFrame Addr=0x000002ef7c21a5c0, Size=192
[2018.08.21-15.13.38:949][  0]LogUObjectGlobals: Created PersistentFrame Addr=0x000002ef7cadf400, Size=192, Default__GameSettings_C Function /Engine/Transient.REINST_GameSettings_C_11:ExecuteUbergraph_GameSettings
[2018.08.21-15.13.38:950][  0]LogUObjectGlobals: Destroyed PersistentFrame Addr=0x000002ef74804a40, Size=312
[2018.08.21-15.13.38:951][  0]LogUObjectGlobals: Created PersistentFrame Addr=0x000002ef7cde4cc0, Size=312, Default__LobbyMenu_C Function /Engine/Transient.REINST_LobbyMenu_C_12:ExecuteUbergraph_LobbyMenu
[2018.08.21-15.13.38:951][  0]LogUObjectGlobals: Destroyed PersistentFrame Addr=0x000002ef71f6bc80, Size=888
[2018.08.21-15.13.38:951][  0]LogUObjectGlobals: Created PersistentFrame Addr=0x000002ef7da1c480, Size=888, Default__LobbyPC_C Function /Engine/Transient.REINST_LobbyPC_C_28:ExecuteUbergraph_LobbyPC
[2018.08.21-15.13.38:952][  0]LogUObjectGlobals: Destroyed PersistentFrame Addr=0x000002ef747be820, Size=32
[2018.08.21-15.13.38:952][  0]LogUObjectGlobals: Created PersistentFrame Addr=0x000002ef7cafa680, Size=32, Default__PlayerButton_C Function /Engine/Transient.REINST_PlayerButton_C_13:ExecuteUbergraph_PlayerButton
[2018.08.21-15.13.38:952][  0]LogUObjectGlobals: Destroyed PersistentFrame Addr=0x000002ef78171f80, Size=544
[2018.08.21-15.13.38:952][  0]LogUObjectGlobals: Created PersistentFrame Addr=0x000002ef7ca7fd80, Size=544, Default__BP_FemaleCharacter_C Function /Engine/Transient.REINST_0_Base_C_23:ExecuteUbergraph_0_Base
[2018.08.21-15.13.38:953][  0]LogUObjectGlobals: Destroyed PersistentFrame Addr=0x000002ef78576700, Size=544
[2018.08.21-15.13.38:955][  0]LogUObjectGlobals: Created PersistentFrame Addr=0x000002ef7ca7fb00, Size=544, Default__BP_MaleCharacter_C Function /Engine/Transient.REINST_0_Base_C_23:ExecuteUbergraph_0_Base
[2018.08.21-15.13.38:955][  0]LogUObjectGlobals: Destroyed PersistentFrame Addr=0x000002ef73814800, Size=256
[2018.08.21-15.13.38:956][  0]LogUObjectGlobals: Created PersistentFrame Addr=0x000002ef7ca6f000, Size=256, Default__GameplayGM_C Function /Engine/Transient.REINST_GameplayGM_C_32:ExecuteUbergraph_GameplayGM
[2018.08.21-15.13.38:956][  0]LogUObjectGlobals: Destroyed PersistentFrame Addr=0x000002ef7859bd00, Size=752
[2018.08.21-15.13.38:956][  0]LogUObjectGlobals: Created PersistentFrame Addr=0x000002ef7d9fb100, Size=752, Default__LobbyGM_C Function /Engine/Transient.REINST_LobbyGM_C_33:ExecuteUbergraph_LobbyGM
[2018.08.21-15.13.38:957][  0]LogUObjectGlobals: Destroyed PersistentFrame Addr=0x000002ef78941080, Size=544
[2018.08.21-15.13.38:957][  0]LogUObjectGlobals: Created PersistentFrame Addr=0x000002ef7ca7f880, Size=544, Default__Tusk_C Function /Engine/Transient.REINST_0_Base_C_23:ExecuteUbergraph_0_Base
[2018.08.21-15.13.39:108][  0]LogUObjectGlobals: Created PersistentFrame Addr=0x000002ef7ddde2a0, Size=72, Default__0_BaseAnimBP_C Function /Game/InfinityBladeWarriors/Animations/0_BaseAnimBP.0_BaseAnimBP_C:ExecuteUbergraph_0_BaseAnimBP
[2018.08.21-15.13.39:109][  0]LogUObjectGlobals: Created PersistentFrame Addr=0x000002ef7dd77ba0, Size=112, Default__ABP_BerserkerDefault_C Function /Game/Characters/Berserker_S1/Blueprints/ABP_BerserkerDefault.ABP_BerserkerDefault_C:ExecuteUbergraph_ABP_BerserkerDefault
[2018.08.21-15.13.39:111][  0]LogUObjectGlobals: Created PersistentFrame Addr=0x000002ef7dda9c00, Size=128, Default__ABP_Kachujin_C Function /Game/Characters/Kachujin/ABP_Kachujin.ABP_Kachujin_C:ExecuteUbergraph_ABP_Kachujin
[2018.08.21-15.13.39:112][  0]LogUObjectGlobals: Created PersistentFrame Addr=0x000002ef7dd5e080, Size=32, Default__ABP_WoodenBow_C Function /Game/Blueprints/Items/Weapons/WoodenBow/ABP_WoodenBow.ABP_WoodenBow_C:ExecuteUbergraph_ABP_WoodenBow
[2018.08.21-15.13.39:117][  0]LogUObjectGlobals: Created PersistentFrame Addr=0x000002ef7dcf62a0, Size=72, Default__BPC_MontageManager_C Function /Game/Blueprints/Components/BPC_MontageManager.BPC_MontageManager_C:ExecuteUbergraph_BPC_MontageManager
[2018.08.21-15.13.39:123][  0]LogUObjectGlobals: Created PersistentFrame Addr=0x000002ef7d51da80, Size=536, Default__0_Base_C Function /Game/Blueprints/Characters/0_Base.0_Base_C:ExecuteUbergraph_0_Base
[2018.08.21-15.13.39:126][  0]LogUObjectGlobals: Created PersistentFrame Addr=0x000002ef7dc75800, Size=80, Default__CharacterSelect_C Function /Game/UI/Lobby/CharacterSelect.CharacterSelect_C:ExecuteUbergraph_CharacterSelect
[2018.08.21-15.13.39:127][  0]LogUObjectGlobals: Created PersistentFrame Addr=0x000002ef7dceb380, Size=320, Default__ChatWindow_C Function /Game/UI/AllLevels/ChatWindow.ChatWindow_C:ExecuteUbergraph_ChatWindow
[2018.08.21-15.13.39:128][  0]LogUObjectGlobals: Created PersistentFrame Addr=0x000002ef7d188cc0, Size=4, Default__ConnectedPlayer_C Function /Game/UI/Lobby/ConnectedPlayer.ConnectedPlayer_C:ExecuteUbergraph_ConnectedPlayer
[2018.08.21-15.13.39:138][  0]LogUObjectGlobals: Created PersistentFrame Addr=0x000002ef7dbfab00, Size=2528, Default__GameplayPC_C Function /Game/Blueprints/Gameplay/GameplayPC.GameplayPC_C:ExecuteUbergraph_GameplayPC
[2018.08.21-15.13.39:141][  0]LogUObjectGlobals: Created PersistentFrame Addr=0x000002ef7db437c0, Size=96, Default__GameplayPS_C Function /Game/Blueprints/Gameplay/GameplayPS.GameplayPS_C:ExecuteUbergraph_GameplayPS
[2018.08.21-15.13.39:143][  0]LogUObjectGlobals: Created PersistentFrame Addr=0x000002ef7dae4e80, Size=192, Default__GameSettings_C Function /Game/UI/Lobby/GameSettings.GameSettings_C:ExecuteUbergraph_GameSettings
[2018.08.21-15.13.39:146][  0]LogUObjectGlobals: Created PersistentFrame Addr=0x000002ef7dceaac0, Size=320, Default__LobbyMenu_C Function /Game/UI/Lobby/LobbyMenu.LobbyMenu_C:ExecuteUbergraph_LobbyMenu
[2018.08.21-15.13.39:149][  0]LogUObjectGlobals: Created PersistentFrame Addr=0x000002ef7da7cf00, Size=880, Default__LobbyPC_C Function /Game/Blueprints/Lobby/LobbyPC.LobbyPC_C:ExecuteUbergraph_LobbyPC
[2018.08.21-15.13.39:150][  0]LogUObjectGlobals: Created PersistentFrame Addr=0x000002ef7da8c640, Size=32, Default__PlayerButton_C Function /Game/UI/Lobby/PlayerButton.PlayerButton_C:ExecuteUbergraph_PlayerButton
[2018.08.21-15.13.39:151][  0]LogUObjectGlobals: Created PersistentFrame Addr=0x000002ef7ea22c00, Size=536, Default__BP_FemaleCharacter_C Function /Game/Blueprints/Characters/0_Base.0_Base_C:ExecuteUbergraph_0_Base
[2018.08.21-15.13.39:151][  0]LogUObjectGlobals: Created PersistentFrame Addr=0x000002ef7ea22700, Size=536, Default__BP_MaleCharacter_C Function /Game/Blueprints/Characters/0_Base.0_Base_C:ExecuteUbergraph_0_Base
[2018.08.21-15.13.39:154][  0]LogUObjectGlobals: Created PersistentFrame Addr=0x000002ef7e9e3f00, Size=256, Default__GameplayGM_C Function /Game/Blueprints/Gameplay/GameplayGM.GameplayGM_C:ExecuteUbergraph_GameplayGM
[2018.08.21-15.13.39:158][  0]LogUObjectGlobals: Created PersistentFrame Addr=0x000002ef7ea06080, Size=784, Default__LobbyGM_C Function /Game/Blueprints/Lobby/LobbyGM.LobbyGM_C:ExecuteUbergraph_LobbyGM
[2018.08.21-15.13.39:159][  0]LogUObjectGlobals: Created PersistentFrame Addr=0x000002ef7ea20400, Size=536, Default__Tusk_C Function /Game/Blueprints/Characters/0_Base.0_Base_C:ExecuteUbergraph_0_Base
[2018.08.21-15.13.39:562][  0]LogSkeletalMesh: Skeletal Mesh found in DDC [1.301696ms] /Game/Characters/Kachujin/SK_Kachujin.SK_Kachujin
[2018.08.21-15.13.39:564][  0]LogSkeletalMesh: Skeletal Mesh found in DDC [0.340845ms] /Game/Blueprints/Items/Weapons/WoodenBow/SK_WoodenBow.SK_WoodenBow
[2018.08.21-15.13.39:601][  0]LogSkeletalMesh: Skeletal Mesh found in DDC [2.715057ms] /Game/Characters/Berserker_S1/Meshes/Combines/SK_Berserker.SK_Berserker
[2018.08.21-15.13.39:616][  0]LogSkeletalMesh: Skeletal Mesh found in DDC [0.360106ms] /Game/InfinityBladeWarriors/Character/CompleteCharacters/SK_CharM_Tusk.SK_CharM_Tusk
[2018.08.21-15.13.39:625][  0]LogSkeletalMesh: Skeletal Mesh found in DDC [0.295497ms] /Game/Blueprints/Items/Weapons/RelicSword/SK_RelicSword.SK_RelicSword
[2018.08.21-15.13.39:714][  0]LogAIModule: Creating AISystem for world Arena01
[2018.08.21-15.13.39:714][  0]LogLoad: Game class is 'GameplayGM_C'
[2018.08.21-15.13.39:715][  0]LogOnline: Warning: STEAM: Steam API disabled!
[2018.08.21-15.13.39:715][  0]LogOnline: Display: STEAM: OnlineSubsystemSteam::Shutdown()
[2018.08.21-15.13.39:715][  0]LogTemp: Display: ParseSettings for GameNetDriver
[2018.08.21-15.13.39:716][  0]LogTemp: Display: ParseSettings for IpNetDriver_0
[2018.08.21-15.13.39:716][  0]LogTemp: Display: ParseSettings for GameNetDriver
[2018.08.21-15.13.39:716][  0]LogInit: WinSock: Socket queue 131072 / 131072
[2018.08.21-15.13.39:716][  0]PacketHandlerLog: Loaded PacketHandler component: Engine.EngineHandlerComponentFactory (StatelessConnectHandlerComponent)
[2018.08.21-15.13.39:717][  0]LogNet: GameNetDriver IpNetDriver_0 IpNetDriver listening on port 17777
[2018.08.21-15.13.39:719][  0]LogWorld: Bringing World /Game/Maps/Arena01.Arena01 up for play (max tick rate 30) at 2018.08.21-08.13.39
[2018.08.21-15.13.39:719][  0]LogOnline: Warning: OSS: AutoLogin missing AUTH_LOGIN=<login id>.
[2018.08.21-15.13.39:720][  0]LogWorld: Bringing up level for play took: 0.002827
[2018.08.21-15.13.39:720][  0]LogGameMode: Display: Match State Changed from EnteringMap to WaitingToStart
[2018.08.21-15.13.39:721][  0]LogGameState: Match State Changed from EnteringMap to WaitingToStart
[2018.08.21-15.13.39:721][  0]LogLoad: Took 1.171771 seconds to LoadMap(/Game/Maps/Arena01)
[2018.08.21-15.13.39:734][  0]LogLoad: (Engine Initialization) Total time: 5.74 seconds
[2018.08.21-15.13.39:734][  0]LogLoad: (Engine Initialization) Total Blueprint compile time: 0.00 seconds
[2018.08.21-15.13.39:771][  0]LogNet: NotifyAcceptingConnection accepted from: 127.0.0.1:56185
[2018.08.21-15.13.39:772][  0]LogHandshake: SendConnectChallenge. Timestamp: 0.033596, Cookie: 216117253250022170182139087060034015225144045057204118155159
[2018.08.21-15.13.39:803][  1]LogNet: NotifyAcceptingConnection accepted from: 127.0.0.1:56186
[2018.08.21-15.13.39:803][  1]LogHandshake: SendConnectChallenge. Timestamp: 0.067515, Cookie: 169112090200099146250206179089114152109175087114064118036203
[2018.08.21-15.13.39:836][  2]LogNet: NotifyAcceptingConnection accepted from: 127.0.0.1:56185
[2018.08.21-15.13.39:836][  2]LogHandshake: SendChallengeAck. InCookie: 216117253250022170182139087060034015225144045057204118155159
[2018.08.21-15.13.39:836][  2]LogNet: Server accepting post-challenge connection from: 127.0.0.1:56185
[2018.08.21-15.13.39:837][  2]PacketHandlerLog: Loaded PacketHandler component: Engine.EngineHandlerComponentFactory (StatelessConnectHandlerComponent)
[2018.08.21-15.13.39:837][  2]LogNet: NotifyAcceptedConnection: Name: Arena01, TimeStamp: 08/21/18 08:13:39, [UNetConnection] RemoteAddr: 127.0.0.1:56185, Name: IpConnection_0, Driver: GameNetDriver IpNetDriver_0, IsServer: YES, PC: NULL, Owner: NULL, UniqueId: INVALID
[2018.08.21-15.13.39:837][  2]LogNet: AddClientConnection: Added client connection: [UNetConnection] RemoteAddr: 127.0.0.1:56185, Name: IpConnection_0, Driver: GameNetDriver IpNetDriver_0, IsServer: YES, PC: NULL, Owner: NULL, UniqueId: INVALID
[2018.08.21-15.13.39:870][  3]LogNet: NotifyAcceptingChannel Control 0 server World /Game/Maps/Arena01.Arena01: Accepted
[2018.08.21-15.13.39:870][  3]LogNet: Remote platform little endian=1
[2018.08.21-15.13.39:870][  3]LogNet: This platform little endian=1
[2018.08.21-15.13.39:871][  3]LogNetVersion: DarkCrystalstutter 1.0.0.0, NetCL: 3944462, EngineNetVer: 2, GameNetVer: 0 (Checksum: 454883313)
[2018.08.21-15.13.39:871][  3]LogNet: NotifyAcceptingConnection accepted from: 127.0.0.1:56186
[2018.08.21-15.13.39:871][  3]LogHandshake: SendChallengeAck. InCookie: 169112090200099146250206179089114152109175087114064118036203
[2018.08.21-15.13.39:871][  3]LogNet: Server accepting post-challenge connection from: 127.0.0.1:56186
[2018.08.21-15.13.39:871][  3]PacketHandlerLog: Loaded PacketHandler component: Engine.EngineHandlerComponentFactory (StatelessConnectHandlerComponent)
[2018.08.21-15.13.39:871][  3]LogNet: NotifyAcceptedConnection: Name: Arena01, TimeStamp: 08/21/18 08:13:39, [UNetConnection] RemoteAddr: 127.0.0.1:56186, Name: IpConnection_1, Driver: GameNetDriver IpNetDriver_0, IsServer: YES, PC: NULL, Owner: NULL, UniqueId: INVALID
[2018.08.21-15.13.39:872][  3]LogNet: AddClientConnection: Added client connection: [UNetConnection] RemoteAddr: 127.0.0.1:56186, Name: IpConnection_1, Driver: GameNetDriver IpNetDriver_0, IsServer: YES, PC: NULL, Owner: NULL, UniqueId: INVALID
[2018.08.21-15.13.39:903][  4]LogNet: Login request: /Game/Maps/MainMenu?Name=DESKTOP-LI0N2FC-5BABF4EB4E696D7C5678E5BA2E3A92E1 userId: DESKTOP-LI0N2FC-5BABF4EB4E696D7C5678E5BA2E3A92E1
[2018.08.21-15.13.39:903][  4]LogNet: NotifyAcceptingChannel Control 0 server World /Game/Maps/Arena01.Arena01: Accepted
[2018.08.21-15.13.39:903][  4]LogNet: Remote platform little endian=1
[2018.08.21-15.13.39:904][  4]LogNet: This platform little endian=1
[2018.08.21-15.13.39:936][  5]LogNet: Client netspeed is 10000
[2018.08.21-15.13.39:936][  5]LogNet: Login request: /Game/Maps/MainMenu?Name=DESKTOP-LI0N2FC-6AC96ADC4241C746553F5DA194F2FA88 userId: DESKTOP-LI0N2FC-6AC96ADC4241C746553F5DA194F2FA88
[2018.08.21-15.13.39:970][  6]LogNet: Client netspeed is 10000
[2018.08.21-15.13.40:729][ 29]LogNet: NotifyAcceptingConnection accepted from: 127.0.0.1:56184
[2018.08.21-15.13.40:729][ 29]LogHandshake: SendConnectChallenge. Timestamp: 0.993549, Cookie: 170013003151128168121046069146170160090144002207166082132036
[2018.08.21-15.13.40:762][ 30]LogNet: NotifyAcceptingConnection accepted from: 127.0.0.1:56184
[2018.08.21-15.13.40:762][ 30]LogHandshake: SendChallengeAck. InCookie: 170013003151128168121046069146170160090144002207166082132036
[2018.08.21-15.13.40:763][ 30]LogNet: Server accepting post-challenge connection from: 127.0.0.1:56184
[2018.08.21-15.13.40:764][ 30]PacketHandlerLog: Loaded PacketHandler component: Engine.EngineHandlerComponentFactory (StatelessConnectHandlerComponent)
[2018.08.21-15.13.40:764][ 30]LogNet: NotifyAcceptedConnection: Name: Arena01, TimeStamp: 08/21/18 08:13:40, [UNetConnection] RemoteAddr: 127.0.0.1:56184, Name: IpConnection_2, Driver: GameNetDriver IpNetDriver_0, IsServer: YES, PC: NULL, Owner: NULL, UniqueId: INVALID
[2018.08.21-15.13.40:764][ 30]LogNet: AddClientConnection: Added client connection: [UNetConnection] RemoteAddr: 127.0.0.1:56184, Name: IpConnection_2, Driver: GameNetDriver IpNetDriver_0, IsServer: YES, PC: NULL, Owner: NULL, UniqueId: INVALID
[2018.08.21-15.13.40:795][ 31]LogNet: NotifyAcceptingChannel Control 0 server World /Game/Maps/Arena01.Arena01: Accepted
[2018.08.21-15.13.40:795][ 31]LogNet: Remote platform little endian=1
[2018.08.21-15.13.40:795][ 31]LogNet: This platform little endian=1
[2018.08.21-15.13.40:828][ 32]LogNet: Login request: /Game/Maps/MainMenu?Name=DESKTOP-LI0N2FC-BB910F4D4ED2C59C3F75E2B63A268981 userId: DESKTOP-LI0N2FC-BB910F4D4ED2C59C3F75E2B63A268981
[2018.08.21-15.13.40:861][ 33]LogNet: Client netspeed is 10000
[2018.08.21-15.13.41:059][ 39]LogNet: Join request: /Game/Maps/MainMenu?Name=DESKTOP-LI0N2FC-5BABF4EB4E696D7C5678E5BA2E3A92E1?SplitscreenCount=1
[2018.08.21-15.13.41:059][ 39]LogOnline: Warning: OSS: No game present to join for session (GameSession)
[2018.08.21-15.13.41:061][ 39]LogGameMode: Display: Match State Changed from WaitingToStart to InProgress
[2018.08.21-15.13.41:066][ 39]LogGameState: Match State Changed from WaitingToStart to InProgress
[2018.08.21-15.13.41:066][ 39]LogNet: Join succeeded: DESKTOP-LI0N2FC-5BAB
[2018.08.21-15.13.41:067][ 39]LogNet: Join request: /Game/Maps/MainMenu?Name=DESKTOP-LI0N2FC-6AC96ADC4241C746553F5DA194F2FA88?SplitscreenCount=1
[2018.08.21-15.13.41:067][ 39]LogOnline: Warning: OSS: No game present to join for session (GameSession)
[2018.08.21-15.13.41:072][ 39]LogNet: Join succeeded: DESKTOP-LI0N2FC-6AC9
[2018.08.21-15.13.41:258][ 45]LogNetPackageMap: Warning: SanityCheckExport: CacheObject == NULL. NetGUID: 1, Object: /Game/Mannequin/Character/Textures/UE4_LOGO_CARD.UE4_LOGO_CARD, Expected: T_Ceramic_Tile_M
[2018.08.21-15.13.41:259][ 45]LogNetPackageMap: Warning: SanityCheckExport: Name mismatch. NetGUID: 1, Object: /Game/Mannequin/Character/Textures/UE4_LOGO_CARD.UE4_LOGO_CARD, Expected: T_Ceramic_Tile_M
[2018.08.21-15.13.41:259][ 45]LogNetPackageMap: Warning: SanityCheckExport: Outer mismatch. Object: /Game/Mannequin/Character/Textures/UE4_LOGO_CARD.UE4_LOGO_CARD, NetGUID: 1, Current: /Game/Mannequin/Character/Textures/UE4_LOGO_CARD, Expected: /Game/StarterContent/Textures/T_Ceramic_Tile_M
[2018.08.21-15.13.41:263][ 45]LogBlueprintUserMessages: [GameplayGM_C_0] 0
[2018.08.21-15.13.41:292][ 46]LogNetPackageMap: Warning: SanityCheckExport: CacheObject == NULL. NetGUID: 1, Object: /Game/Mannequin/Character/Textures/UE4_LOGO_CARD.UE4_LOGO_CARD, Expected: T_Ceramic_Tile_M
[2018.08.21-15.13.41:293][ 46]LogNetPackageMap: Warning: SanityCheckExport: Name mismatch. NetGUID: 1, Object: /Game/Mannequin/Character/Textures/UE4_LOGO_CARD.UE4_LOGO_CARD, Expected: T_Ceramic_Tile_M
[2018.08.21-15.13.41:293][ 46]LogNetPackageMap: Warning: SanityCheckExport: Outer mismatch. Object: /Game/Mannequin/Character/Textures/UE4_LOGO_CARD.UE4_LOGO_CARD, NetGUID: 1, Current: /Game/Mannequin/Character/Textures/UE4_LOGO_CARD, Expected: /Game/StarterContent/Textures/T_Ceramic_Tile_M
[2018.08.21-15.13.41:296][ 46]LogBlueprintUserMessages: [GameplayGM_C_0] 1
[2018.08.21-15.13.41:526][ 53]LogBlueprintUserMessages: [GameplayPC_C_0] Controller ID-0 selected weapon slot: Null Hand: false
[2018.08.21-15.13.41:526][ 53]LogBlueprintUserMessages: [GameplayPC_C_1] Controller ID-1 selected weapon slot: Null Hand: false
[2018.08.21-15.13.41:661][ 57]LogBlueprintUserMessages: [GameplayPC_C_0] Reset Jump controller id: 0
[2018.08.21-15.13.41:727][ 59]LogBlueprintUserMessages: [GameplayPC_C_1] Reset Jump controller id: 1
[2018.08.21-15.13.42:028][ 68]LogBlueprintUserMessages: [GameplayPC_C_0] Controller ID-0 selected weapon slot: Null Hand: false
[2018.08.21-15.13.42:028][ 68]LogBlueprintUserMessages: [GameplayPC_C_1] Controller ID-1 selected weapon slot: Null Hand: false
[2018.08.21-15.13.42:094][ 70]LogNet: Join request: /Game/Maps/MainMenu?Name=DESKTOP-LI0N2FC-BB910F4D4ED2C59C3F75E2B63A268981?SplitscreenCount=1
[2018.08.21-15.13.42:094][ 70]LogOnline: Warning: OSS: No game present to join for session (GameSession)
[2018.08.21-15.13.42:097][ 70]LogNet: Join succeeded: DESKTOP-LI0N2FC-BB91
[2018.08.21-15.13.42:302][ 76]LogNetPackageMap: Warning: SanityCheckExport: CacheObject == NULL. NetGUID: 1, Object: /Game/Mannequin/Character/Textures/UE4_LOGO_CARD.UE4_LOGO_CARD, Expected: T_Ceramic_Tile_M
[2018.08.21-15.13.42:303][ 76]LogNetPackageMap: Warning: SanityCheckExport: Name mismatch. NetGUID: 1, Object: /Game/Mannequin/Character/Textures/UE4_LOGO_CARD.UE4_LOGO_CARD, Expected: T_Ceramic_Tile_M
[2018.08.21-15.13.42:303][ 76]LogNetPackageMap: Warning: SanityCheckExport: Outer mismatch. Object: /Game/Mannequin/Character/Textures/UE4_LOGO_CARD.UE4_LOGO_CARD, NetGUID: 1, Current: /Game/Mannequin/Character/Textures/UE4_LOGO_CARD, Expected: /Game/StarterContent/Textures/T_Ceramic_Tile_M
[2018.08.21-15.13.42:307][ 76]LogBlueprintUserMessages: [GameplayGM_C_0] 2
[2018.08.21-15.13.42:537][ 83]LogBlueprintUserMessages: [GameplayPC_C_0] Controller ID-0 selected weapon slot: Null Hand: false
[2018.08.21-15.13.42:537][ 83]LogBlueprintUserMessages: [GameplayPC_C_1] Controller ID-1 selected weapon slot: Null Hand: false
[2018.08.21-15.13.42:570][ 84]LogBlueprintUserMessages: [GameplayPC_C_2] Controller ID-2 selected weapon slot: Null Hand: false
[2018.08.21-15.13.42:703][ 88]LogBlueprintUserMessages: [GameplayPC_C_2] Reset Jump controller id: 2
[2018.08.21-15.13.43:039][ 98]LogBlueprintUserMessages: [GameplayPC_C_0] Controller ID-0 selected weapon slot: Null Hand: false
[2018.08.21-15.13.43:039][ 98]LogBlueprintUserMessages: [GameplayPC_C_1] Controller ID-1 selected weapon slot: Null Hand: false
[2018.08.21-15.13.43:072][ 99]LogBlueprintUserMessages: [GameplayPC_C_2] Controller ID-2 selected weapon slot: Null Hand: false
[2018.08.21-15.13.43:540][113]LogBlueprintUserMessages: [GameplayPC_C_0] Controller ID-0 selected weapon slot: Null Hand: false
[2018.08.21-15.13.43:540][113]LogBlueprintUserMessages: [GameplayPC_C_1] Controller ID-1 selected weapon slot: Null Hand: false
[2018.08.21-15.13.43:573][114]LogBlueprintUserMessages: [GameplayPC_C_2] Controller ID-2 selected weapon slot: Null Hand: false
[2018.08.21-15.13.44:041][128]LogBlueprintUserMessages: [GameplayPC_C_0] Controller ID-0 selected weapon slot: Null Hand: false
[2018.08.21-15.13.44:041][128]LogBlueprintUserMessages: [GameplayPC_C_1] Controller ID-1 selected weapon slot: Null Hand: false
[2018.08.21-15.13.44:074][129]LogBlueprintUserMessages: [GameplayPC_C_2] Controller ID-2 selected weapon slot: Null Hand: false
[2018.08.21-15.13.44:574][144]LogBlueprintUserMessages: [GameplayPC_C_0] Controller ID-0 selected weapon slot: Null Hand: false
[2018.08.21-15.13.44:574][144]LogBlueprintUserMessages: [GameplayPC_C_1] Controller ID-1 selected weapon slot: Null Hand: false
[2018.08.21-15.13.44:607][145]LogBlueprintUserMessages: [GameplayPC_C_2] Controller ID-2 selected weapon slot: Null Hand: false
[2018.08.21-15.13.44:974][156]LogBlueprintUserMessages: [DCGameState_C_0] Error: Selected weapon is invalid.
[2018.08.21-15.13.45:107][160]LogBlueprintUserMessages: [GameplayPC_C_0] Controller ID-0 selected weapon slot: Null Hand: false
[2018.08.21-15.13.45:107][160]LogBlueprintUserMessages: [GameplayPC_C_1] Controller ID-1 selected weapon slot: WeaponSlot1 Hand: false
[2018.08.21-15.13.45:139][161]LogBlueprintUserMessages: [GameplayPC_C_2] Controller ID-2 selected weapon slot: Null Hand: false
[2018.08.21-15.13.45:638][176]LogBlueprintUserMessages: [GameplayPC_C_0] Controller ID-0 selected weapon slot: Null Hand: false
[2018.08.21-15.13.45:638][176]LogBlueprintUserMessages: [GameplayPC_C_1] Controller ID-1 selected weapon slot: WeaponSlot1 Hand: false
[2018.08.21-15.13.45:671][177]LogBlueprintUserMessages: [GameplayPC_C_2] Controller ID-2 selected weapon slot: Null Hand: false
[2018.08.21-15.13.45:936][185]LogBlueprintUserMessages: [GameplayPC_C_1] state start Interaction
[2018.08.21-15.13.45:936][185]LogBlueprintUserMessages: [GameplayPC_C_1] state end Idle
[2018.08.21-15.13.46:168][192]LogBlueprintUserMessages: [GameplayPC_C_0] Controller ID-0 selected weapon slot: Null Hand: false
[2018.08.21-15.13.46:168][192]LogBlueprintUserMessages: [GameplayPC_C_1] Controller ID-1 selected weapon slot: WeaponSlot1 Hand: true
[2018.08.21-15.13.46:201][193]LogBlueprintUserMessages: [GameplayPC_C_2] Controller ID-2 selected weapon slot: Null Hand: false
[2018.08.21-15.13.46:700][208]LogBlueprintUserMessages: [GameplayPC_C_0] Controller ID-0 selected weapon slot: Null Hand: false
[2018.08.21-15.13.46:700][208]LogBlueprintUserMessages: [GameplayPC_C_1] Controller ID-1 selected weapon slot: WeaponSlot1 Hand: true
[2018.08.21-15.13.46:733][209]LogBlueprintUserMessages: [GameplayPC_C_2] Controller ID-2 selected weapon slot: Null Hand: false
[2018.08.21-15.13.46:967][216]LogBlueprintUserMessages: [GameplayPC_C_1] state start Interaction
[2018.08.21-15.13.46:967][216]LogBlueprintUserMessages: [GameplayPC_C_1] state end Idle
[2018.08.21-15.13.47:231][224]LogBlueprintUserMessages: [GameplayPC_C_0] Controller ID-0 selected weapon slot: Null Hand: false
[2018.08.21-15.13.47:231][224]LogBlueprintUserMessages: [GameplayPC_C_1] Controller ID-1 selected weapon slot: WeaponSlot1 Hand: false
[2018.08.21-15.13.47:264][225]LogBlueprintUserMessages: [GameplayPC_C_2] Controller ID-2 selected weapon slot: Null Hand: false
[2018.08.21-15.13.47:763][240]LogBlueprintUserMessages: [GameplayPC_C_1] state start Interaction
[2018.08.21-15.13.47:763][240]LogBlueprintUserMessages: [GameplayPC_C_1] state end Idle
[2018.08.21-15.13.47:764][240]LogBlueprintUserMessages: [GameplayPC_C_0] Controller ID-0 selected weapon slot: Null Hand: false
[2018.08.21-15.13.47:764][240]LogBlueprintUserMessages: [GameplayPC_C_1] Controller ID-1 selected weapon slot: WeaponSlot1 Hand: true
[2018.08.21-15.13.47:797][241]LogBlueprintUserMessages: [GameplayPC_C_2] Controller ID-2 selected weapon slot: Null Hand: false
[2018.08.21-15.13.48:295][256]LogBlueprintUserMessages: [GameplayPC_C_0] Controller ID-0 selected weapon slot: Null Hand: false
[2018.08.21-15.13.48:295][256]LogBlueprintUserMessages: [GameplayPC_C_1] Controller ID-1 selected weapon slot: WeaponSlot1 Hand: true
[2018.08.21-15.13.48:328][257]LogBlueprintUserMessages: [GameplayPC_C_2] Controller ID-2 selected weapon slot: Null Hand: false
[2018.08.21-15.13.48:559][264]LogBlueprintUserMessages: [GameplayPC_C_1] state start Interaction
[2018.08.21-15.13.48:559][264]LogBlueprintUserMessages: [GameplayPC_C_1] state end Idle
[2018.08.21-15.13.48:825][272]LogBlueprintUserMessages: [GameplayPC_C_0] Controller ID-0 selected weapon slot: Null Hand: false
[2018.08.21-15.13.48:825][272]LogBlueprintUserMessages: [GameplayPC_C_1] Controller ID-1 selected weapon slot: WeaponSlot1 Hand: false
[2018.08.21-15.13.48:858][273]LogBlueprintUserMessages: [GameplayPC_C_2] Controller ID-2 selected weapon slot: Null Hand: false
[2018.08.21-15.13.49:355][288]LogBlueprintUserMessages: [GameplayPC_C_1] state start Interaction
[2018.08.21-15.13.49:355][288]LogBlueprintUserMessages: [GameplayPC_C_1] state end Idle
[2018.08.21-15.13.49:356][288]LogBlueprintUserMessages: [GameplayPC_C_0] Controller ID-0 selected weapon slot: Null Hand: false
[2018.08.21-15.13.49:356][288]LogBlueprintUserMessages: [GameplayPC_C_1] Controller ID-1 selected weapon slot: WeaponSlot1 Hand: true
[2018.08.21-15.13.49:389][289]LogBlueprintUserMessages: [GameplayPC_C_2] Controller ID-2 selected weapon slot: Null Hand: false
[2018.08.21-15.13.49:883][304]LogBlueprintUserMessages: [GameplayPC_C_0] Controller ID-0 selected weapon slot: Null Hand: false
[2018.08.21-15.13.49:883][304]LogBlueprintUserMessages: [GameplayPC_C_1] Controller ID-1 selected weapon slot: WeaponSlot1 Hand: true
[2018.08.21-15.13.49:917][305]LogBlueprintUserMessages: [GameplayPC_C_2] Controller ID-2 selected weapon slot: Null Hand: false
[2018.08.21-15.13.50:085][310]LogBlueprintUserMessages: [GameplayPC_C_1] state start Interaction
[2018.08.21-15.13.50:085][310]LogBlueprintUserMessages: [GameplayPC_C_1] state end Idle
[2018.08.21-15.13.50:384][319]LogBlueprintUserMessages: [GameplayPC_C_0] Controller ID-0 selected weapon slot: Null Hand: false
[2018.08.21-15.13.50:384][319]LogBlueprintUserMessages: [GameplayPC_C_1] Controller ID-1 selected weapon slot: WeaponSlot1 Hand: false
[2018.08.21-15.13.50:451][321]LogBlueprintUserMessages: [GameplayPC_C_2] Controller ID-2 selected weapon slot: Null Hand: false
[2018.08.21-15.13.50:913][335]LogBlueprintUserMessages: [GameplayPC_C_0] Controller ID-0 selected weapon slot: Null Hand: false
[2018.08.21-15.13.50:913][335]LogBlueprintUserMessages: [GameplayPC_C_1] Controller ID-1 selected weapon slot: WeaponSlot1 Hand: false
[2018.08.21-15.13.50:979][337]LogBlueprintUserMessages: [GameplayPC_C_2] Controller ID-2 selected weapon slot: Null Hand: false
[2018.08.21-15.13.51:313][347]LogBlueprintUserMessages: [GameplayPC_C_1] state start Interaction
[2018.08.21-15.13.51:313][347]LogBlueprintUserMessages: [GameplayPC_C_1] state end Idle
[2018.08.21-15.13.51:447][351]LogBlueprintUserMessages: [GameplayPC_C_0] Controller ID-0 selected weapon slot: Null Hand: false
[2018.08.21-15.13.51:447][351]LogBlueprintUserMessages: [GameplayPC_C_1] Controller ID-1 selected weapon slot: WeaponSlot1 Hand: true
[2018.08.21-15.13.51:481][352]LogBlueprintUserMessages: [GameplayPC_C_2] Controller ID-2 selected weapon slot: Null Hand: false
[2018.08.21-15.13.51:978][367]LogBlueprintUserMessages: [GameplayPC_C_0] Controller ID-0 selected weapon slot: Null Hand: false
[2018.08.21-15.13.51:978][367]LogBlueprintUserMessages: [GameplayPC_C_1] Controller ID-1 selected weapon slot: WeaponSlot1 Hand: true
[2018.08.21-15.13.52:011][368]LogBlueprintUserMessages: [GameplayPC_C_2] Controller ID-2 selected weapon slot: Null Hand: false
[2018.08.21-15.13.52:177][373]LogBlueprintUserMessages: [GameplayPC_C_1] state start Interaction
[2018.08.21-15.13.52:177][373]LogBlueprintUserMessages: [GameplayPC_C_1] state end Idle
[2018.08.21-15.13.52:507][383]LogBlueprintUserMessages: [GameplayPC_C_0] Controller ID-0 selected weapon slot: Null Hand: false
[2018.08.21-15.13.52:507][383]LogBlueprintUserMessages: [GameplayPC_C_1] Controller ID-1 selected weapon slot: WeaponSlot1 Hand: false
[2018.08.21-15.13.52:540][384]LogBlueprintUserMessages: [GameplayPC_C_2] Controller ID-2 selected weapon slot: Null Hand: false
[2018.08.21-15.13.52:971][397]LogBlueprintUserMessages: [GameplayPC_C_1] state start Interaction
[2018.08.21-15.13.52:971][397]LogBlueprintUserMessages: [GameplayPC_C_1] state end Idle
[2018.08.21-15.13.53:037][399]LogBlueprintUserMessages: [GameplayPC_C_0] Controller ID-0 selected weapon slot: Null Hand: false
[2018.08.21-15.13.53:037][399]LogBlueprintUserMessages: [GameplayPC_C_1] Controller ID-1 selected weapon slot: WeaponSlot1 Hand: true
[2018.08.21-15.13.53:070][400]LogBlueprintUserMessages: [GameplayPC_C_2] Controller ID-2 selected weapon slot: Null Hand: false
[2018.08.21-15.13.53:567][415]LogBlueprintUserMessages: [GameplayPC_C_0] Controller ID-0 selected weapon slot: Null Hand: false
[2018.08.21-15.13.53:567][415]LogBlueprintUserMessages: [GameplayPC_C_1] Controller ID-1 selected weapon slot: WeaponSlot1 Hand: true
[2018.08.21-15.13.53:600][416]LogBlueprintUserMessages: [GameplayPC_C_2] Controller ID-2 selected weapon slot: Null Hand: false
[2018.08.21-15.13.53:699][419]LogBlueprintUserMessages: [GameplayPC_C_1] state start Interaction
[2018.08.21-15.13.53:699][419]LogBlueprintUserMessages: [GameplayPC_C_1] state end Idle
[2018.08.21-15.13.54:096][431]LogBlueprintUserMessages: [GameplayPC_C_0] Controller ID-0 selected weapon slot: Null Hand: false
[2018.08.21-15.13.54:096][431]LogBlueprintUserMessages: [GameplayPC_C_1] Controller ID-1 selected weapon slot: WeaponSlot1 Hand: false
[2018.08.21-15.13.54:130][432]LogBlueprintUserMessages: [GameplayPC_C_2] Controller ID-2 selected weapon slot: Null Hand: false
[2018.08.21-15.13.54:626][447]LogBlueprintUserMessages: [GameplayPC_C_0] Controller ID-0 selected weapon slot: Null Hand: false
[2018.08.21-15.13.54:626][447]LogBlueprintUserMessages: [GameplayPC_C_1] Controller ID-1 selected weapon slot: WeaponSlot1 Hand: false
[2018.08.21-15.13.54:660][448]LogBlueprintUserMessages: [GameplayPC_C_2] Controller ID-2 selected weapon slot: Null Hand: false
[2018.08.21-15.13.55:093][461]LogBlueprintUserMessages: [GameplayPC_C_1] state start Interaction
[2018.08.21-15.13.55:093][461]LogBlueprintUserMessages: [GameplayPC_C_1] state end Idle
[2018.08.21-15.13.55:159][463]LogBlueprintUserMessages: [GameplayPC_C_0] Controller ID-0 selected weapon slot: Null Hand: false
[2018.08.21-15.13.55:159][463]LogBlueprintUserMessages: [GameplayPC_C_1] Controller ID-1 selected weapon slot: WeaponSlot1 Hand: true
[2018.08.21-15.13.55:193][464]LogBlueprintUserMessages: [GameplayPC_C_2] Controller ID-2 selected weapon slot: Null Hand: false
[2018.08.21-15.13.55:691][479]LogBlueprintUserMessages: [GameplayPC_C_0] Controller ID-0 selected weapon slot: Null Hand: false
[2018.08.21-15.13.55:691][479]LogBlueprintUserMessages: [GameplayPC_C_1] Controller ID-1 selected weapon slot: WeaponSlot1 Hand: true
[2018.08.21-15.13.55:723][480]LogBlueprintUserMessages: [GameplayPC_C_2] Controller ID-2 selected weapon slot: Null Hand: false
[2018.08.21-15.13.55:958][487]LogBlueprintUserMessages: [GameplayPC_C_1] state start Interaction
[2018.08.21-15.13.55:959][487]LogBlueprintUserMessages: [GameplayPC_C_1] state end Idle
[2018.08.21-15.13.56:191][494]LogBlueprintUserMessages: [GameplayPC_C_0] Controller ID-0 selected weapon slot: Null Hand: false
[2018.08.21-15.13.56:191][494]LogBlueprintUserMessages: [GameplayPC_C_1] Controller ID-1 selected weapon slot: WeaponSlot1 Hand: false
[2018.08.21-15.13.56:224][495]LogBlueprintUserMessages: [GameplayPC_C_2] Controller ID-2 selected weapon slot: Null Hand: false
[2018.08.21-15.13.56:723][510]LogBlueprintUserMessages: [GameplayPC_C_0] Controller ID-0 selected weapon slot: Null Hand: false
[2018.08.21-15.13.56:723][510]LogBlueprintUserMessages: [GameplayPC_C_1] Controller ID-1 selected weapon slot: WeaponSlot1 Hand: false
[2018.08.21-15.13.56:757][511]LogBlueprintUserMessages: [GameplayPC_C_2] Controller ID-2 selected weapon slot: Null Hand: false
[2018.08.21-15.13.56:824][513]LogBlueprintUserMessages: [GameplayPC_C_1] state start Interaction
[2018.08.21-15.13.56:824][513]LogBlueprintUserMessages: [GameplayPC_C_1] state end Idle
[2018.08.21-15.13.57:253][526]LogBlueprintUserMessages: [GameplayPC_C_0] Controller ID-0 selected weapon slot: Null Hand: false
[2018.08.21-15.13.57:253][526]LogBlueprintUserMessages: [GameplayPC_C_1] Controller ID-1 selected weapon slot: WeaponSlot1 Hand: true
[2018.08.21-15.13.57:286][527]LogBlueprintUserMessages: [GameplayPC_C_2] Controller ID-2 selected weapon slot: Null Hand: false
[2018.08.21-15.13.57:651][538]LogBlueprintUserMessages: [GameplayPC_C_1] state start Interaction
[2018.08.21-15.13.57:651][538]LogBlueprintUserMessages: [GameplayPC_C_1] state end Idle
[2018.08.21-15.13.57:783][542]LogBlueprintUserMessages: [GameplayPC_C_0] Controller ID-0 selected weapon slot: Null Hand: false
[2018.08.21-15.13.57:783][542]LogBlueprintUserMessages: [GameplayPC_C_1] Controller ID-1 selected weapon slot: WeaponSlot1 Hand: false
[2018.08.21-15.13.57:816][543]LogBlueprintUserMessages: [GameplayPC_C_2] Controller ID-2 selected weapon slot: Null Hand: false
[2018.08.21-15.13.58:314][558]LogBlueprintUserMessages: [GameplayPC_C_0] Controller ID-0 selected weapon slot: Null Hand: false
[2018.08.21-15.13.58:314][558]LogBlueprintUserMessages: [GameplayPC_C_1] Controller ID-1 selected weapon slot: WeaponSlot1 Hand: false
[2018.08.21-15.13.58:347][559]LogBlueprintUserMessages: [GameplayPC_C_2] Controller ID-2 selected weapon slot: Null Hand: false
[2018.08.21-15.13.58:514][564]LogBlueprintUserMessages: [GameplayPC_C_1] state start Interaction
[2018.08.21-15.13.58:514][564]LogBlueprintUserMessages: [GameplayPC_C_1] state end Idle
[2018.08.21-15.13.58:846][574]LogBlueprintUserMessages: [GameplayPC_C_0] Controller ID-0 selected weapon slot: Null Hand: false
[2018.08.21-15.13.58:846][574]LogBlueprintUserMessages: [GameplayPC_C_1] Controller ID-1 selected weapon slot: WeaponSlot1 Hand: true
[2018.08.21-15.13.58:879][575]LogBlueprintUserMessages: [GameplayPC_C_2] Controller ID-2 selected weapon slot: Null Hand: false
[2018.08.21-15.13.59:378][590]LogBlueprintUserMessages: [GameplayPC_C_1] state start Interaction
[2018.08.21-15.13.59:378][590]LogBlueprintUserMessages: [GameplayPC_C_1] state end Idle
[2018.08.21-15.13.59:379][590]LogBlueprintUserMessages: [GameplayPC_C_0] Controller ID-0 selected weapon slot: Null Hand: false
[2018.08.21-15.13.59:379][590]LogBlueprintUserMessages: [GameplayPC_C_1] Controller ID-1 selected weapon slot: WeaponSlot1 Hand: true
[2018.08.21-15.13.59:412][591]LogBlueprintUserMessages: [GameplayPC_C_2] Controller ID-2 selected weapon slot: Null Hand: false
[2018.08.21-15.13.59:910][606]LogBlueprintUserMessages: [GameplayPC_C_0] Controller ID-0 selected weapon slot: Null Hand: false
[2018.08.21-15.13.59:910][606]LogBlueprintUserMessages: [GameplayPC_C_1] Controller ID-1 selected weapon slot: WeaponSlot1 Hand: false
[2018.08.21-15.13.59:943][607]LogBlueprintUserMessages: [GameplayPC_C_2] Controller ID-2 selected weapon slot: Null Hand: false
[2018.08.21-15.14.00:210][615]LogBlueprintUserMessages: [GameplayPC_C_1] state start Interaction
[2018.08.21-15.14.00:210][615]LogBlueprintUserMessages: [GameplayPC_C_1] state end Idle
[2018.08.21-15.14.00:411][621]LogBlueprintUserMessages: [GameplayPC_C_0] Controller ID-0 selected weapon slot: Null Hand: false
[2018.08.21-15.14.00:411][621]LogBlueprintUserMessages: [GameplayPC_C_1] Controller ID-1 selected weapon slot: WeaponSlot1 Hand: true
[2018.08.21-15.14.00:443][622]LogBlueprintUserMessages: [GameplayPC_C_2] Controller ID-2 selected weapon slot: Null Hand: false
[2018.08.21-15.14.00:940][637]LogBlueprintUserMessages: [GameplayPC_C_0] Controller ID-0 selected weapon slot: Null Hand: false
[2018.08.21-15.14.00:940][637]LogBlueprintUserMessages: [GameplayPC_C_1] Controller ID-1 selected weapon slot: WeaponSlot1 Hand: true
[2018.08.21-15.14.00:973][638]LogBlueprintUserMessages: [GameplayPC_C_2] Controller ID-2 selected weapon slot: Null Hand: false
[2018.08.21-15.14.01:007][639]LogBlueprintUserMessages: [GameplayPC_C_1] state start Interaction
[2018.08.21-15.14.01:007][639]LogBlueprintUserMessages: [GameplayPC_C_1] state end Idle
[2018.08.21-15.14.01:473][653]LogBlueprintUserMessages: [GameplayPC_C_0] Controller ID-0 selected weapon slot: Null Hand: false
[2018.08.21-15.14.01:473][653]LogBlueprintUserMessages: [GameplayPC_C_1] Controller ID-1 selected weapon slot: WeaponSlot1 Hand: false
[2018.08.21-15.14.01:507][654]LogBlueprintUserMessages: [GameplayPC_C_2] Controller ID-2 selected weapon slot: Null Hand: false
[2018.08.21-15.14.01:806][663]LogBlueprintUserMessages: [GameplayPC_C_1] state start Interaction
[2018.08.21-15.14.01:806][663]LogBlueprintUserMessages: [GameplayPC_C_1] state end Idle
[2018.08.21-15.14.02:005][669]LogBlueprintUserMessages: [GameplayPC_C_0] Controller ID-0 selected weapon slot: Null Hand: false
[2018.08.21-15.14.02:005][669]LogBlueprintUserMessages: [GameplayPC_C_1] Controller ID-1 selected weapon slot: WeaponSlot1 Hand: true
[2018.08.21-15.14.02:039][670]LogBlueprintUserMessages: [GameplayPC_C_2] Controller ID-2 selected weapon slot: Null Hand: false
[2018.08.21-15.14.02:537][685]LogBlueprintUserMessages: [GameplayPC_C_1] state start Interaction
[2018.08.21-15.14.02:537][685]LogBlueprintUserMessages: [GameplayPC_C_1] state end Idle
[2018.08.21-15.14.02:538][685]LogBlueprintUserMessages: [GameplayPC_C_0] Controller ID-0 selected weapon slot: Null Hand: false
[2018.08.21-15.14.02:538][685]LogBlueprintUserMessages: [GameplayPC_C_1] Controller ID-1 selected weapon slot: WeaponSlot1 Hand: true
[2018.08.21-15.14.02:571][686]LogBlueprintUserMessages: [GameplayPC_C_2] Controller ID-2 selected weapon slot: Null Hand: false
[2018.08.21-15.14.03:069][701]LogBlueprintUserMessages: [GameplayPC_C_0] Controller ID-0 selected weapon slot: Null Hand: false
[2018.08.21-15.14.03:069][701]LogBlueprintUserMessages: [GameplayPC_C_1] Controller ID-1 selected weapon slot: WeaponSlot1 Hand: false
[2018.08.21-15.14.03:101][702]LogBlueprintUserMessages: [GameplayPC_C_2] Controller ID-2 selected weapon slot: Null Hand: false
[2018.08.21-15.14.03:300][708]LogBlueprintUserMessages: [GameplayPC_C_1] state start Interaction
[2018.08.21-15.14.03:300][708]LogBlueprintUserMessages: [GameplayPC_C_1] state end Idle
[2018.08.21-15.14.03:597][717]LogBlueprintUserMessages: [GameplayPC_C_0] Controller ID-0 selected weapon slot: Null Hand: false
[2018.08.21-15.14.03:597][717]LogBlueprintUserMessages: [GameplayPC_C_1] Controller ID-1 selected weapon slot: WeaponSlot1 Hand: true
[2018.08.21-15.14.03:630][718]LogBlueprintUserMessages: [GameplayPC_C_2] Controller ID-2 selected weapon slot: Null Hand: false
[2018.08.21-15.14.04:096][732]LogBlueprintUserMessages: [GameplayPC_C_1] state start Interaction
[2018.08.21-15.14.04:096][732]LogBlueprintUserMessages: [GameplayPC_C_1] state end Idle
[2018.08.21-15.14.04:129][733]LogBlueprintUserMessages: [GameplayPC_C_0] Controller ID-0 selected weapon slot: Null Hand: false
[2018.08.21-15.14.04:129][733]LogBlueprintUserMessages: [GameplayPC_C_1] Controller ID-1 selected weapon slot: WeaponSlot1 Hand: false
[2018.08.21-15.14.04:162][734]LogBlueprintUserMessages: [GameplayPC_C_2] Controller ID-2 selected weapon slot: Null Hand: false
[2018.08.21-15.14.04:629][748]LogBlueprintUserMessages: [GameplayPC_C_0] Controller ID-0 selected weapon slot: Null Hand: false
[2018.08.21-15.14.04:629][748]LogBlueprintUserMessages: [GameplayPC_C_1] Controller ID-1 selected weapon slot: WeaponSlot1 Hand: false
[2018.08.21-15.14.04:663][749]LogBlueprintUserMessages: [GameplayPC_C_2] Controller ID-2 selected weapon slot: Null Hand: false
[2018.08.21-15.14.05:160][764]LogBlueprintUserMessages: [GameplayPC_C_0] Controller ID-0 selected weapon slot: Null Hand: false
[2018.08.21-15.14.05:160][764]LogBlueprintUserMessages: [GameplayPC_C_1] Controller ID-1 selected weapon slot: WeaponSlot1 Hand: false
[2018.08.21-15.14.05:193][765]LogBlueprintUserMessages: [GameplayPC_C_2] Controller ID-2 selected weapon slot: Null Hand: false
[2018.08.21-15.14.05:459][773]LogBlueprintUserMessages: [GameplayPC_C_1] Reset Jump controller id: 1
[2018.08.21-15.14.05:692][780]LogBlueprintUserMessages: [GameplayPC_C_0] Controller ID-0 selected weapon slot: Null Hand: false
[2018.08.21-15.14.05:692][780]LogBlueprintUserMessages: [GameplayPC_C_1] Controller ID-1 selected weapon slot: WeaponSlot1 Hand: false
[2018.08.21-15.14.05:726][781]LogBlueprintUserMessages: [GameplayPC_C_2] Controller ID-2 selected weapon slot: Null Hand: false
[2018.08.21-15.14.06:222][796]LogBlueprintUserMessages: [GameplayPC_C_0] Controller ID-0 selected weapon slot: Null Hand: false
[2018.08.21-15.14.06:222][796]LogBlueprintUserMessages: [GameplayPC_C_1] Controller ID-1 selected weapon slot: WeaponSlot1 Hand: false
[2018.08.21-15.14.06:255][797]LogBlueprintUserMessages: [GameplayPC_C_2] Controller ID-2 selected weapon slot: Null Hand: false
[2018.08.21-15.14.06:752][812]LogBlueprintUserMessages: [GameplayPC_C_0] Controller ID-0 selected weapon slot: Null Hand: false
[2018.08.21-15.14.06:752][812]LogBlueprintUserMessages: [GameplayPC_C_1] Controller ID-1 selected weapon slot: WeaponSlot1 Hand: false
[2018.08.21-15.14.06:785][813]LogBlueprintUserMessages: [GameplayPC_C_2] Controller ID-2 selected weapon slot: Null Hand: false
[2018.08.21-15.14.07:282][828]LogBlueprintUserMessages: [GameplayPC_C_0] Controller ID-0 selected weapon slot: Null Hand: false
[2018.08.21-15.14.07:282][828]LogBlueprintUserMessages: [GameplayPC_C_1] Controller ID-1 selected weapon slot: WeaponSlot1 Hand: false
[2018.08.21-15.14.07:315][829]LogBlueprintUserMessages: [GameplayPC_C_2] Controller ID-2 selected weapon slot: Null Hand: false
[2018.08.21-15.14.07:744][842]LogNet: UChannel::ReceivedSequencedBunch: Bunch.bClose == true. ChIndex == 0. Calling ConditionalCleanUp.
[2018.08.21-15.14.07:744][842]LogNet: UChannel::CleanUp: ChIndex == 0. Closing connection. [UChannel] ChIndex: 0, Closing: 0 [UNetConnection] RemoteAddr: 127.0.0.1:56185, Name: IpConnection_0, Driver: GameNetDriver IpNetDriver_0, IsServer: YES, PC: GameplayPC_C_0, Owner: GameplayPC_C_0, UniqueId: DESKTOP-LI0N2FC-5BABF4EB4E696D7C5678E5BA2E3A92E1
[2018.08.21-15.14.07:744][842]LogNet: UNetConnection::Close: [UNetConnection] RemoteAddr: 127.0.0.1:56185, Name: IpConnection_0, Driver: GameNetDriver IpNetDriver_0, IsServer: YES, PC: GameplayPC_C_0, Owner: GameplayPC_C_0, UniqueId: DESKTOP-LI0N2FC-5BABF4EB4E696D7C5678E5BA2E3A92E1, Channels: 14, Time: 2018.08.21-15.14.07
[2018.08.21-15.14.07:745][842]LogNet: UChannel::Close: Sending CloseBunch. ChIndex == 0. Name: [UChannel] ChIndex: 0, Closing: 0 [UNetConnection] RemoteAddr: 127.0.0.1:56185, Name: IpConnection_0, Driver: GameNetDriver IpNetDriver_0, IsServer: YES, PC: GameplayPC_C_0, Owner: GameplayPC_C_0, UniqueId: DESKTOP-LI0N2FC-5BABF4EB4E696D7C5678E5BA2E3A92E1
[2018.08.21-15.14.07:746][842]LogOnline: Warning: OSS: Can't destroy a null online session (GameSession)
[2018.08.21-15.14.07:746][842]LogOnline: Warning: OSS: No game present to leave for session (GameSession)
[2018.08.21-15.14.07:811][844]LogBlueprintUserMessages: [GameplayPC_C_1] Controller ID-1 selected weapon slot: WeaponSlot1 Hand: false
[2018.08.21-15.14.07:845][845]LogBlueprintUserMessages: [GameplayPC_C_2] Controller ID-2 selected weapon slot: Null Hand: false
[2018.08.21-15.14.08:341][860]LogBlueprintUserMessages: [GameplayPC_C_1] Controller ID-1 selected weapon slot: WeaponSlot1 Hand: false
[2018.08.21-15.14.08:374][861]LogBlueprintUserMessages: [GameplayPC_C_2] Controller ID-2 selected weapon slot: Null Hand: false
[2018.08.21-15.14.08:869][876]LogBlueprintUserMessages: [GameplayPC_C_1] Controller ID-1 selected weapon slot: WeaponSlot1 Hand: false
[2018.08.21-15.14.08:902][877]LogBlueprintUserMessages: [GameplayPC_C_2] Controller ID-2 selected weapon slot: Null Hand: false
[2018.08.21-15.14.09:397][892]LogBlueprintUserMessages: [GameplayPC_C_1] Controller ID-1 selected weapon slot: WeaponSlot1 Hand: false
[2018.08.21-15.14.09:431][893]LogBlueprintUserMessages: [GameplayPC_C_2] Controller ID-2 selected weapon slot: Null Hand: false
[2018.08.21-15.14.09:927][908]LogBlueprintUserMessages: [GameplayPC_C_1] Controller ID-1 selected weapon slot: WeaponSlot1 Hand: false
[2018.08.21-15.14.09:960][909]LogBlueprintUserMessages: [GameplayPC_C_2] Controller ID-2 selected weapon slot: Null Hand: false
[2018.08.21-15.14.10:455][924]LogBlueprintUserMessages: [GameplayPC_C_1] Controller ID-1 selected weapon slot: WeaponSlot1 Hand: false
[2018.08.21-15.14.10:488][925]LogBlueprintUserMessages: [GameplayPC_C_2] Controller ID-2 selected weapon slot: Null Hand: false
[2018.08.21-15.14.10:983][940]LogBlueprintUserMessages: [GameplayPC_C_1] Controller ID-1 selected weapon slot: WeaponSlot1 Hand: false
[2018.08.21-15.14.11:016][941]LogBlueprintUserMessages: [GameplayPC_C_2] Controller ID-2 selected weapon slot: Null Hand: false
[2018.08.21-15.14.11:050][942]LogNet: UChannel::ReceivedSequencedBunch: Bunch.bClose == true. ChIndex == 0. Calling ConditionalCleanUp.
[2018.08.21-15.14.11:050][942]LogNet: UChannel::CleanUp: ChIndex == 0. Closing connection. [UChannel] ChIndex: 0, Closing: 0 [UNetConnection] RemoteAddr: 127.0.0.1:56184, Name: IpConnection_2, Driver: GameNetDriver IpNetDriver_0, IsServer: YES, PC: GameplayPC_C_2, Owner: GameplayPC_C_2, UniqueId: DESKTOP-LI0N2FC-BB910F4D4ED2C59C3F75E2B63A268981
[2018.08.21-15.14.11:051][942]LogNet: UNetConnection::Close: [UNetConnection] RemoteAddr: 127.0.0.1:56184, Name: IpConnection_2, Driver: GameNetDriver IpNetDriver_0, IsServer: YES, PC: GameplayPC_C_2, Owner: GameplayPC_C_2, UniqueId: DESKTOP-LI0N2FC-BB910F4D4ED2C59C3F75E2B63A268981, Channels: 12, Time: 2018.08.21-15.14.11
[2018.08.21-15.14.11:051][942]LogNet: UChannel::Close: Sending CloseBunch. ChIndex == 0. Name: [UChannel] ChIndex: 0, Closing: 0 [UNetConnection] RemoteAddr: 127.0.0.1:56184, Name: IpConnection_2, Driver: GameNetDriver IpNetDriver_0, IsServer: YES, PC: GameplayPC_C_2, Owner: GameplayPC_C_2, UniqueId: DESKTOP-LI0N2FC-BB910F4D4ED2C59C3F75E2B63A268981
[2018.08.21-15.14.11:053][942]LogOnline: Warning: OSS: Can't destroy a null online session (GameSession)
[2018.08.21-15.14.11:054][942]LogOnline: Warning: OSS: No game present to leave for session (GameSession)
[2018.08.21-15.14.11:513][956]LogBlueprintUserMessages: [GameplayPC_C_1] Controller ID-1 selected weapon slot: WeaponSlot1 Hand: false
[2018.08.21-15.14.11:745][963]LogNet: UChannel::ReceivedSequencedBunch: Bunch.bClose == true. ChIndex == 0. Calling ConditionalCleanUp.
[2018.08.21-15.14.11:745][963]LogNet: UChannel::CleanUp: ChIndex == 0. Closing connection. [UChannel] ChIndex: 0, Closing: 0 [UNetConnection] RemoteAddr: 127.0.0.1:56186, Name: IpConnection_1, Driver: GameNetDriver IpNetDriver_0, IsServer: YES, PC: GameplayPC_C_1, Owner: GameplayPC_C_1, UniqueId: DESKTOP-LI0N2FC-6AC96ADC4241C746553F5DA194F2FA88
[2018.08.21-15.14.11:746][963]LogNet: UNetConnection::Close: [UNetConnection] RemoteAddr: 127.0.0.1:56186, Name: IpConnection_1, Driver: GameNetDriver IpNetDriver_0, IsServer: YES, PC: GameplayPC_C_1, Owner: GameplayPC_C_1, UniqueId: DESKTOP-LI0N2FC-6AC96ADC4241C746553F5DA194F2FA88, Channels: 11, Time: 2018.08.21-15.14.11
[2018.08.21-15.14.11:746][963]LogNet: UChannel::Close: Sending CloseBunch. ChIndex == 0. Name: [UChannel] ChIndex: 0, Closing: 0 [UNetConnection] RemoteAddr: 127.0.0.1:56186, Name: IpConnection_1, Driver: GameNetDriver IpNetDriver_0, IsServer: YES, PC: GameplayPC_C_1, Owner: GameplayPC_C_1, UniqueId: DESKTOP-LI0N2FC-6AC96ADC4241C746553F5DA194F2FA88
[2018.08.21-15.14.11:747][963]LogOnline: Warning: OSS: Can't destroy a null online session (GameSession)
[2018.08.21-15.14.11:747][963]LogOnline: Warning: OSS: No game present to leave for session (GameSession)
