Log file open, 08/21/18 08:04:53
LogWindows: Failed to load 'aqProf.dll' (GetLastError=126)
LogWindows: File 'aqProf.dll' does not exist
LogWindows: Failed to load 'VtuneApi.dll' (GetLastError=126)
LogWindows: File 'VtuneApi.dll' does not exist
LogWindows: Failed to load 'VtuneApi32e.dll' (GetLastError=126)
LogWindows: File 'VtuneApi32e.dll' does not exist
LogInit: Display: Running engine for game: DarkCrystalstutter
LogPlatformFile: Not using cached read wrapper
LogInit: Display: RandInit(-961302400) SRandInit(-961302400).
LogInit: Read version file with build ID '3944462'
LogInit: Overriding engine version to CL 4033788, compatible CL 3944462
LogInit: Registered custom module enumerator with build ID '3944462'
LogTaskGraph: Started task graph with 5 named threads and 17 total threads with 3 sets of task threads.
LogStats: Stats thread started at 0.214875
LogD3D11RHI: Aftermath initialized
LogICUInternationalization: Display: ICU TimeZone Detection - Raw Offset: -8:00, Platform Override: ''
LogModuleManager: Display: Found up-to-date module file ../../../Engine/Plugins/Online/OnlineSubsystemSteam/Binaries/Win64/UE4Editor-OnlineSubsystemSteam.dll (API version 3944462).
LogModuleManager: Display: Found up-to-date module file ../../../Engine/Plugins/Online/OnlineSubsystem/Binaries/Win64/UE4Editor-OnlineSubsystem.dll (API version 3944462).
LogModuleManager: Display: Found up-to-date module file ../../../Engine/Plugins/Online/OnlineSubsystemUtils/Binaries/Win64/UE4Editor-OnlineSubsystemUtils.dll (API version 3944462).
LogModuleManager: Display: Found up-to-date module file ../../../Engine/Plugins/Online/OnlineSubsystemUtils/Binaries/Win64/UE4Editor-OnlineBlueprintSupport.dll (API version 3944462).
LogModuleManager: Display: Found up-to-date module file ../../../Engine/Plugins/VictoryPlugin/Binaries/Win64/UE4Editor-VictoryBPLibrary.dll (API version 3944462).
LogModuleManager: Display: Found up-to-date module file ../../../Engine/Plugins/Runtime/ApexDestruction/Binaries/Win64/UE4Editor-ApexDestruction.dll (API version 3944462).
LogModuleManager: Display: Found up-to-date module file ../../../Engine/Plugins/Runtime/ApexDestruction/Binaries/Win64/UE4Editor-ApexDestructionEditor.dll (API version 3944462).
LogModuleManager: Display: Found up-to-date module file ../../../Engine/Plugins/AdvancedSessions/AdvancedSessions/Binaries/Win64/UE4Editor-AdvancedSessions.dll (API version 3944462).
LogModuleManager: Display: Found up-to-date module file ../../../Engine/Plugins/AdvancedSessions/AdvancedSteamSessions/Binaries/Win64/UE4Editor-AdvancedSteamSessions.dll (API version 3944462).
LogModuleManager: Display: Found up-to-date module file ../../../Engine/Plugins/2D/Paper2D/Binaries/Win64/UE4Editor-Paper2D.dll (API version 3944462).
LogModuleManager: Display: Found up-to-date module file ../../../Engine/Plugins/2D/Paper2D/Binaries/Win64/UE4Editor-Paper2DEditor.dll (API version 3944462).
LogModuleManager: Display: Found up-to-date module file ../../../Engine/Plugins/2D/Paper2D/Binaries/Win64/UE4Editor-PaperSpriteSheetImporter.dll (API version 3944462).
LogModuleManager: Display: Found up-to-date module file ../../../Engine/Plugins/2D/Paper2D/Binaries/Win64/UE4Editor-PaperTiledImporter.dll (API version 3944462).
LogModuleManager: Display: Found up-to-date module file ../../../Engine/Plugins/2D/Paper2D/Binaries/Win64/UE4Editor-SmartSnapping.dll (API version 3944462).
LogModuleManager: Display: Found up-to-date module file ../../../Engine/Plugins/Blendables/LightPropagationVolume/Binaries/Win64/UE4Editor-LightPropagationVolumeRuntime.dll (API version 3944462).
LogModuleManager: Display: Found up-to-date module file ../../../Engine/Plugins/Blendables/LightPropagationVolume/Binaries/Win64/UE4Editor-LightPropagationVolumeEditor.dll (API version 3944462).
LogModuleManager: Display: Found up-to-date module file ../../../Engine/Plugins/Developer/CLionSourceCodeAccess/Binaries/Win64/UE4Editor-CLionSourceCodeAccess.dll (API version 3944462).
LogModuleManager: Display: Found up-to-date module file ../../../Engine/Plugins/Developer/GitSourceControl/Binaries/Win64/UE4Editor-GitSourceControl.dll (API version 3944462).
LogModuleManager: Display: Found up-to-date module file ../../../Engine/Plugins/Developer/PerforceSourceControl/Binaries/Win64/UE4Editor-PerforceSourceControl.dll (API version 3944462).
LogModuleManager: Display: Found up-to-date module file ../../../Engine/Plugins/Developer/SubversionSourceControl/Binaries/Win64/UE4Editor-SubversionSourceControl.dll (API version 3944462).
LogModuleManager: Display: Found up-to-date module file ../../../Engine/Plugins/Developer/UObjectPlugin/Binaries/Win64/UE4Editor-UObjectPlugin.dll (API version 3944462).
LogModuleManager: Display: Found up-to-date module file ../../../Engine/Plugins/Developer/VisualStudioCodeSourceCodeAccess/Binaries/Win64/UE4Editor-VisualStudioCodeSourceCodeAccess.dll (API version 3944462).
LogModuleManager: Display: Found up-to-date module file ../../../Engine/Plugins/Developer/VisualStudioSourceCodeAccess/Binaries/Win64/UE4Editor-VisualStudioSourceCodeAccess.dll (API version 3944462).
LogModuleManager: Display: Found up-to-date module file ../../../Engine/Plugins/Editor/AssetManagerEditor/Binaries/Win64/UE4Editor-AssetManagerEditor.dll (API version 3944462).
LogModuleManager: Display: Found up-to-date module file ../../../Engine/Plugins/Editor/CryptoKeys/Binaries/Win64/UE4Editor-CryptoKeys.dll (API version 3944462).
LogModuleManager: Display: Found up-to-date module file ../../../Engine/Plugins/Editor/CryptoKeys/Binaries/Win64/UE4Editor-CryptoKeysOpenSSL.dll (API version 3944462).
LogModuleManager: Display: Found up-to-date module file ../../../Engine/Plugins/Editor/DataValidation/Binaries/Win64/UE4Editor-DataValidation.dll (API version 3944462).
LogModuleManager: Display: Found up-to-date module file ../../../Engine/Plugins/Editor/FacialAnimation/Binaries/Win64/UE4Editor-FacialAnimation.dll (API version 3944462).
LogModuleManager: Display: Found up-to-date module file ../../../Engine/Plugins/Editor/FacialAnimation/Binaries/Win64/UE4Editor-FacialAnimationEditor.dll (API version 3944462).
LogModuleManager: Display: Found up-to-date module file ../../../Engine/Plugins/Editor/GameplayTagsEditor/Binaries/Win64/UE4Editor-GameplayTagsEditor.dll (API version 3944462).
LogModuleManager: Display: Found up-to-date module file ../../../Engine/Plugins/Editor/MobileLauncherProfileWizard/Binaries/Win64/UE4Editor-MobileLauncherProfileWizard.dll (API version 3944462).
LogModuleManager: Display: Found up-to-date module file ../../../Engine/Plugins/Editor/PluginBrowser/Binaries/Win64/UE4Editor-PluginBrowser.dll (API version 3944462).
LogModuleManager: Display: Found up-to-date module file ../../../Engine/Plugins/Editor/SpeedTreeImporter/Binaries/Win64/UE4Editor-SpeedTreeImporter.dll (API version 3944462).
LogModuleManager: Display: Found up-to-date module file ../../../Engine/Plugins/Enterprise/DatasmithContent/Binaries/Win64/UE4Editor-DatasmithContent.dll (API version 3944462).
LogModuleManager: Display: Found up-to-date module file ../../../Engine/Plugins/Experimental/AlembicImporter/Binaries/Win64/UE4Editor-AlembicImporter.dll (API version 3944462).
LogModuleManager: Display: Found up-to-date module file ../../../Engine/Plugins/Experimental/AlembicImporter/Binaries/Win64/UE4Editor-AlembicLibrary.dll (API version 3944462).
LogModuleManager: Display: Found up-to-date module file ../../../Engine/Plugins/Experimental/CharacterAI/Binaries/Win64/UE4Editor-CharacterAI.dll (API version 3944462).
LogModuleManager: Display: Found up-to-date module file ../../../Engine/Plugins/Experimental/HTML5Networking/Binaries/Win64/UE4Editor-HTML5Networking.dll (API version 3944462).
LogModuleManager: Display: Found up-to-date module file ../../../Engine/Plugins/Media/AndroidMedia/Binaries/Win64/UE4Editor-AndroidMediaEditor.dll (API version 3944462).
LogModuleManager: Display: Found up-to-date module file ../../../Engine/Plugins/Media/AndroidMedia/Binaries/Win64/UE4Editor-AndroidMediaFactory.dll (API version 3944462).
LogModuleManager: Display: Found up-to-date module file ../../../Engine/Plugins/Media/AvfMedia/Binaries/Win64/UE4Editor-AvfMediaEditor.dll (API version 3944462).
LogModuleManager: Display: Found up-to-date module file ../../../Engine/Plugins/Media/AvfMedia/Binaries/Win64/UE4Editor-AvfMediaFactory.dll (API version 3944462).
LogModuleManager: Display: Found up-to-date module file ../../../Engine/Plugins/Media/AvfMedia/Binaries/Win64/UE4Editor-AvfMediaFactory.dll (API version 3944462).
LogModuleManager: Display: Found up-to-date module file ../../../Engine/Plugins/Media/ImgMedia/Binaries/Win64/UE4Editor-ImgMedia.dll (API version 3944462).
LogModuleManager: Display: Found up-to-date module file ../../../Engine/Plugins/Media/ImgMedia/Binaries/Win64/UE4Editor-ImgMediaEditor.dll (API version 3944462).
LogModuleManager: Display: Found up-to-date module file ../../../Engine/Plugins/Media/ImgMedia/Binaries/Win64/UE4Editor-ImgMediaFactory.dll (API version 3944462).
LogModuleManager: Display: Found up-to-date module file ../../../Engine/Plugins/Media/ImgMedia/Binaries/Win64/UE4Editor-ImgMediaFactory.dll (API version 3944462).
LogModuleManager: Display: Found up-to-date module file ../../../Engine/Plugins/Media/ImgMedia/Binaries/Win64/UE4Editor-OpenExrWrapper.dll (API version 3944462).
LogModuleManager: Display: Found up-to-date module file ../../../Engine/Plugins/Media/LinearTimecode/Binaries/Win64/UE4Editor-LinearTimecode.dll (API version 3944462).
LogModuleManager: Display: Found up-to-date module file ../../../Engine/Plugins/Media/MediaCompositing/Binaries/Win64/UE4Editor-MediaCompositing.dll (API version 3944462).
LogModuleManager: Display: Found up-to-date module file ../../../Engine/Plugins/Media/MediaCompositing/Binaries/Win64/UE4Editor-MediaCompositingEditor.dll (API version 3944462).
LogModuleManager: Display: Found up-to-date module file ../../../Engine/Plugins/Media/MediaPlayerEditor/Binaries/Win64/UE4Editor-MediaPlayerEditor.dll (API version 3944462).
LogModuleManager: Display: Found up-to-date module file ../../../Engine/Plugins/Media/WmfMedia/Binaries/Win64/UE4Editor-WmfMedia.dll (API version 3944462).
LogModuleManager: Display: Found up-to-date module file ../../../Engine/Plugins/Media/WmfMedia/Binaries/Win64/UE4Editor-WmfMediaEditor.dll (API version 3944462).
LogModuleManager: Display: Found up-to-date module file ../../../Engine/Plugins/Media/WmfMedia/Binaries/Win64/UE4Editor-WmfMediaFactory.dll (API version 3944462).
LogModuleManager: Display: Found up-to-date module file ../../../Engine/Plugins/Media/WmfMedia/Binaries/Win64/UE4Editor-WmfMediaFactory.dll (API version 3944462).
LogModuleManager: Display: Found up-to-date module file ../../../Engine/Plugins/Messaging/TcpMessaging/Binaries/Win64/UE4Editor-TcpMessaging.dll (API version 3944462).
LogModuleManager: Display: Found up-to-date module file ../../../Engine/Plugins/Messaging/UdpMessaging/Binaries/Win64/UE4Editor-UdpMessaging.dll (API version 3944462).
LogModuleManager: Display: Found up-to-date module file ../../../Engine/Plugins/MovieScene/ActorSequence/Binaries/Win64/UE4Editor-ActorSequence.dll (API version 3944462).
LogModuleManager: Display: Found up-to-date module file ../../../Engine/Plugins/MovieScene/LevelSequenceEditor/Binaries/Win64/UE4Editor-LevelSequenceEditor.dll (API version 3944462).
LogModuleManager: Display: Found up-to-date module file ../../../Engine/Plugins/MovieScene/MatineeToLevelSequence/Binaries/Win64/UE4Editor-MatineeToLevelSequence.dll (API version 3944462).
LogModuleManager: Display: Found up-to-date module file ../../../Engine/Plugins/NetcodeUnitTest/NetcodeUnitTest/Binaries/Win64/UE4Editor-NetcodeUnitTest.dll (API version 3944462).
LogModuleManager: Display: Found up-to-date module file ../../../Engine/Plugins/NetcodeUnitTest/NUTUnrealEngine4/Binaries/Win64/UE4Editor-NUTUnrealEngine4.dll (API version 3944462).
LogModuleManager: Display: Found up-to-date module file ../../../Engine/Plugins/Runtime/AndroidPermission/Binaries/Win64/UE4Editor-AndroidPermission.dll (API version 3944462).
LogModuleManager: Display: Found up-to-date module file ../../../Engine/Plugins/Online/OnlineSubsystemNull/Binaries/Win64/UE4Editor-OnlineSubsystemNull.dll (API version 3944462).
LogModuleManager: Display: Found up-to-date module file ../../../Engine/Plugins/Runtime/AndroidDeviceProfileSelector/Binaries/Win64/UE4Editor-AndroidDeviceProfileSelector.dll (API version 3944462).
LogModuleManager: Display: Found up-to-date module file ../../../Engine/Plugins/Runtime/AppleARKit/Binaries/Win64/UE4Editor-AppleARKit.dll (API version 3944462).
LogModuleManager: Display: Found up-to-date module file ../../../Engine/Plugins/Runtime/ProceduralMeshComponent/Binaries/Win64/UE4Editor-ProceduralMeshComponent.dll (API version 3944462).
LogModuleManager: Display: Found up-to-date module file ../../../Engine/Plugins/Runtime/ProceduralMeshComponent/Binaries/Win64/UE4Editor-ProceduralMeshComponentEditor.dll (API version 3944462).
LogModuleManager: Display: Found up-to-date module file ../../../Engine/Plugins/Animation/LiveLink/Binaries/Win64/UE4Editor-LiveLink.dll (API version 3944462).
LogModuleManager: Display: Found up-to-date module file ../../../Engine/Plugins/Animation/LiveLink/Binaries/Win64/UE4Editor-LiveLinkEditor.dll (API version 3944462).
LogModuleManager: Display: Found up-to-date module file ../../../Engine/Plugins/Runtime/ArchVisCharacter/Binaries/Win64/UE4Editor-ArchVisCharacter.dll (API version 3944462).
LogModuleManager: Display: Found up-to-date module file ../../../Engine/Plugins/Runtime/AudioCapture/Binaries/Win64/UE4Editor-AudioCapture.dll (API version 3944462).
LogModuleManager: Display: Found up-to-date module file ../../../Engine/Plugins/Runtime/AudioCapture/Binaries/Win64/UE4Editor-AudioCaptureEditor.dll (API version 3944462).
LogModuleManager: Display: Found up-to-date module file ../../../Engine/Plugins/Runtime/CableComponent/Binaries/Win64/UE4Editor-CableComponent.dll (API version 3944462).
LogModuleManager: Display: Found up-to-date module file ../../../Engine/Plugins/Runtime/CustomMeshComponent/Binaries/Win64/UE4Editor-CustomMeshComponent.dll (API version 3944462).
LogModuleManager: Display: Found up-to-date module file ../../../Engine/Plugins/Runtime/ExampleDeviceProfileSelector/Binaries/Win64/UE4Editor-ExampleDeviceProfileSelector.dll (API version 3944462).
LogModuleManager: Display: Found up-to-date module file ../../../Engine/Plugins/Runtime/ImmediatePhysics/Binaries/Win64/UE4Editor-ImmediatePhysics.dll (API version 3944462).
LogModuleManager: Display: Found up-to-date module file ../../../Engine/Plugins/Runtime/ImmediatePhysics/Binaries/Win64/UE4Editor-ImmediatePhysicsEditor.dll (API version 3944462).
LogModuleManager: Display: Found up-to-date module file ../../../Engine/Plugins/Runtime/LocationServicesBPLibrary/Binaries/Win64/UE4Editor-LocationServicesBPLibrary.dll (API version 3944462).
LogModuleManager: Display: Found up-to-date module file ../../../Engine/Plugins/Runtime/MobilePatchingUtils/Binaries/Win64/UE4Editor-MobilePatchingUtils.dll (API version 3944462).
LogModuleManager: Display: Found up-to-date module file ../../../Engine/Plugins/Runtime/Oculus/OculusVR/Binaries/Win64/UE4Editor-OculusHMD.dll (API version 3944462).
LogModuleManager: Display: Found up-to-date module file ../../../Engine/Plugins/Runtime/Oculus/OculusVR/Binaries/Win64/UE4Editor-OculusInput.dll (API version 3944462).
LogModuleManager: Display: Found up-to-date module file ../../../Engine/Plugins/Runtime/Oculus/OculusVR/Binaries/Win64/UE4Editor-OculusEditor.dll (API version 3944462).
LogModuleManager: Display: Found up-to-date module file ../../../Engine/Plugins/Runtime/PhysXVehicles/Binaries/Win64/UE4Editor-PhysXVehicles.dll (API version 3944462).
LogModuleManager: Display: Found up-to-date module file ../../../Engine/Plugins/Runtime/PhysXVehicles/Binaries/Win64/UE4Editor-PhysXVehiclesEditor.dll (API version 3944462).
LogModuleManager: Display: Found up-to-date module file ../../../Engine/Plugins/Runtime/RuntimePhysXCooking/Binaries/Win64/UE4Editor-RuntimePhysXCooking.dll (API version 3944462).
LogModuleManager: Display: Found up-to-date module file ../../../Engine/Plugins/Runtime/Steam/SteamVR/Binaries/Win64/UE4Editor-SteamVR.dll (API version 3944462).
LogModuleManager: Display: Found up-to-date module file ../../../Engine/Plugins/Runtime/Steam/SteamVR/Binaries/Win64/UE4Editor-SteamVRController.dll (API version 3944462).
LogModuleManager: Display: Found up-to-date module file ../../../Engine/Plugins/Runtime/WindowsMoviePlayer/Binaries/Win64/UE4Editor-WindowsMoviePlayer.dll (API version 3944462).
LogPluginManager: Mounting plugin Paper2D
LogPluginManager: Mounting plugin AdvancedSessions
LogPluginManager: Mounting plugin AdvancedSteamSessions
LogPluginManager: Mounting plugin LiveLink
LogPluginManager: Mounting plugin LightPropagationVolume
LogPluginManager: Mounting plugin CLionSourceCodeAccess
LogPluginManager: Mounting plugin CodeLiteSourceCodeAccess
LogPluginManager: Mounting plugin GitSourceControl
LogPluginManager: Mounting plugin KDevelopSourceCodeAccess
LogPluginManager: Mounting plugin NullSourceCodeAccess
LogPluginManager: Mounting plugin PerforceSourceControl
LogPluginManager: Mounting plugin SubversionSourceControl
LogPluginManager: Mounting plugin UObjectPlugin
LogPluginManager: Mounting plugin VisualStudioCodeSourceCodeAccess
LogPluginManager: Mounting plugin VisualStudioSourceCodeAccess
LogPluginManager: Mounting plugin XCodeSourceCodeAccess
LogPluginManager: Mounting plugin AssetManagerEditor
LogPluginManager: Mounting plugin CryptoKeys
LogPluginManager: Mounting plugin DataValidation
LogPluginManager: Mounting plugin FacialAnimation
LogPluginManager: Mounting plugin GameplayTagsEditor
LogPluginManager: Mounting plugin MobileLauncherProfileWizard
LogPluginManager: Mounting plugin PluginBrowser
LogPluginManager: Mounting plugin SpeedTreeImporter
LogPluginManager: Mounting plugin DatasmithContent
LogPluginManager: Mounting plugin AlembicImporter
LogPluginManager: Mounting plugin CharacterAI
LogPluginManager: Mounting plugin HTML5Networking
LogPluginManager: Mounting plugin AndroidMedia
LogPluginManager: Mounting plugin AvfMedia
LogPluginManager: Mounting plugin ImgMedia
LogPluginManager: Mounting plugin LinearTimecode
LogPluginManager: Mounting plugin MediaCompositing
LogPluginManager: Mounting plugin MediaPlayerEditor
LogPluginManager: Mounting plugin WmfMedia
LogPluginManager: Mounting plugin TcpMessaging
LogPluginManager: Mounting plugin UdpMessaging
LogPluginManager: Mounting plugin ActorSequence
LogPluginManager: Mounting plugin LevelSequenceEditor
LogPluginManager: Mounting plugin MatineeToLevelSequence
LogPluginManager: Mounting plugin NetcodeUnitTest
LogPluginManager: Mounting plugin NUTUnrealEngine4
LogPluginManager: Mounting plugin OnlineSubsystemGooglePlay
LogPluginManager: Mounting plugin OnlineSubsystemIOS
LogPluginManager: Mounting plugin OnlineSubsystem
LogPluginManager: Mounting plugin OnlineSubsystemNull
LogPluginManager: Mounting plugin OnlineSubsystemSteam
LogPluginManager: Mounting plugin OnlineSubsystemUtils
LogPluginManager: Mounting plugin AndroidDeviceProfileSelector
LogPluginManager: Mounting plugin AndroidMoviePlayer
LogPluginManager: Mounting plugin AndroidPermission
LogPluginManager: Mounting plugin ApexDestruction
LogPluginManager: Mounting plugin AppleARKit
LogPluginManager: Mounting plugin AppleMoviePlayer
LogPluginManager: Mounting plugin ArchVisCharacter
LogPluginManager: Mounting plugin AudioCapture
LogPluginManager: Mounting plugin CableComponent
LogPluginManager: Mounting plugin CustomMeshComponent
LogPluginManager: Mounting plugin ExampleDeviceProfileSelector
LogPluginManager: Mounting plugin GoogleCloudMessaging
LogPluginManager: Mounting plugin ImmediatePhysics
LogPluginManager: Mounting plugin IOSDeviceProfileSelector
LogPluginManager: Mounting plugin LinuxDeviceProfileSelector
LogPluginManager: Mounting plugin LocationServicesBPLibrary
LogPluginManager: Mounting plugin MobilePatchingUtils
LogPluginManager: Mounting plugin OculusVR
LogPluginManager: Plugin shader directory ../../../Engine/Plugins/Runtime/Oculus/OculusVR/Shaders found
LogPluginManager: Mapping shader source directory ../../../Engine/Plugins/Runtime/Oculus/OculusVR/Shaders to virtual directory /Plugin/OculusVR
LogPluginManager: Mounting plugin PhysXVehicles
LogPluginManager: Mounting plugin ProceduralMeshComponent
LogPluginManager: Mounting plugin RuntimePhysXCooking
LogPluginManager: Mounting plugin SteamVR
LogPluginManager: Mounting plugin WindowsMoviePlayer
LogPluginManager: Mounting plugin VictoryBPLibrary
LogStreaming: Display: Took  0.773s to configure plugins.
LogInit: Using libcurl 7.47.1
LogInit:  - built for x86_64-pc-win32
LogInit:  - supports SSL with OpenSSL/1.0.2g
LogInit:  - supports HTTP deflate (compression) using libz 1.2.8
LogInit:  - other features:
LogInit:      CURL_VERSION_SSL
LogInit:      CURL_VERSION_LIBZ
LogInit:      CURL_VERSION_IPV6
LogInit:      CURL_VERSION_ASYNCHDNS
LogInit:      CURL_VERSION_LARGEFILE
LogInit:      CURL_VERSION_IDN
LogInit:  CurlRequestOptions (configurable via config and command line):
LogInit:  - bVerifyPeer = false  - Libcurl will NOT verify peer certificate
LogInit:  - bUseHttpProxy = false  - Libcurl will NOT use HTTP proxy
LogInit:  - bDontReuseConnections = false  - Libcurl will reuse connections
LogInit:  - CertBundlePath = nullptr  - Libcurl will use whatever was configured at build time.
LogInit:  - MaxHostConnections = 16  - Libcurl will limit the number of connections to a host
LogInit:  - LocalHostAddr = Default
LogOnline: Display: STEAM: Loading Steam SDK 1.39
LogWindows: Failed to load '../../../Engine/Binaries/ThirdParty/Steamworks/Steamv139/Win64/steamclient64.dll' (GetLastError=126)
LogWindows: File '../../../Engine/Binaries/ThirdParty/Steamworks/Steamv139/Win64/steamclient64.dll' does not exist
LogOnline: Warning: STEAM: Steam API disabled!
LogOnline: Display: STEAM: OnlineSubsystemSteam::Shutdown()
LogInit: WinSock: version 1.1 (2.2), MaxSocks=32767, MaxUdp=65467
LogInit: WinSock: I am DESKTOP-LI0N2FC (192.168.29.155:0)
LogInit: Build: ++UE4+Release-4.19-CL-4033788
LogInit: Engine Version: 4.19.2-4033788+++UE4+Release-4.19
LogInit: Compatible Engine Version: 4.19.0-3944462+++UE4+Release-4.19
LogInit: Net CL: 3944462
LogDevObjectVersion: Number of dev versions registered: 18
LogDevObjectVersion:   Dev-Blueprints (B0D832E4-1F89-4F0D-ACCF-7EB736FD4AA2): 10
LogDevObjectVersion:   Dev-Build (E1C64328-A22C-4D53-A36C-8E866417BD8C): 0
LogDevObjectVersion:   Dev-Core (375EC13C-06E4-48FB-B500-84F0262A717E): 2
LogDevObjectVersion:   Dev-Editor (E4B068ED-F494-42E9-A231-DA0B2E46BB41): 23
LogDevObjectVersion:   Dev-Framework (CFFC743F-43B0-4480-9391-14DF171D2073): 33
LogDevObjectVersion:   Dev-Mobile (B02B49B5-BB20-44E9-A304-32B752E40360): 2
LogDevObjectVersion:   Dev-Networking (A4E4105C-59A1-49B5-A7C5-40C4547EDFEE): 0
LogDevObjectVersion:   Dev-Online (39C831C9-5AE6-47DC-9A44-9C173E1C8E7C): 0
LogDevObjectVersion:   Dev-Physics (78F01B33-EBEA-4F98-B9B4-84EACCB95AA2): 0
LogDevObjectVersion:   Dev-Platform (6631380F-2D4D-43E0-8009-CF276956A95A): 0
LogDevObjectVersion:   Dev-Rendering (12F88B9F-8875-4AFC-A67C-D90C383ABD29): 25
LogDevObjectVersion:   Dev-Sequencer (7B5AE74C-D270-4C10-A958-57980B212A5A): 6
LogDevObjectVersion:   Dev-VR (D7296918-1DD6-4BDD-9DE2-64A83CC13884): 1
LogDevObjectVersion:   Dev-LoadTimes (C2A15278-BFE7-4AFE-6C17-90FF531DF755): 1
LogDevObjectVersion:   Private-Geometry (6EACA3D4-40EC-4CC1-B786-8BED09428FC5): 2
LogDevObjectVersion:   Dev-AnimPhys (29E575DD-E0A3-4627-9D10-D276232CDCEA): 16
LogDevObjectVersion:   Dev-ReflectionCapture (6B266CEC-1EC7-4B8F-A30B-E4D90942FC07): 1
LogDevObjectVersion:   Dev-Automation (0DF73D61-A23F-47EA-B727-89E90C41499A): 1
LogInit: Compiled (64-bit): Apr 27 2018 02:06:57
LogInit: Compiled with Visual C++: 19.00.24215.01
LogInit: Build Configuration: Development
LogInit: Branch Name: ++UE4+Release-4.19
LogInit: Command Line:  /Game/Maps/Arena01 -game -PIEVIACONSOLE -ResX=640 -ResY=480  -Multiprocess -messaging -SessionName="Play in Standalone Game" -port=17777 -windowed GameUserSettingsINI="G:/DarkActive/Unreal Projects/DarkCrystalstutter/Saved/Config/Windows/PIEGameUserSettings0.ini" -MultiprocessSaveConfig  -MultiprocessOSS -server -log 
LogInit: Base Directory: G:/Epic Games/UE_4.19/Engine/Binaries/Win64/
LogInit: Installed Engine Build: 1
LogStreaming: Display: Took  0.008s to delete old logs.
LogInit: Presizing for max 8388607 objects, including 0 objects not considered by GC, pre-allocating 0 bytes for permanent pool.
LogInit: Object subsystem initialized
[2018.08.21-15.04.54:226][  0]LogInit: Selected Device Profile: [Windows]
[2018.08.21-15.04.54:226][  0]LogInit: Applying CVar settings loaded from the selected device profile: [Windows]
[2018.08.21-15.04.54:231][  0]LogInit: Computer: DESKTOP-LI0N2FC
[2018.08.21-15.04.54:232][  0]LogInit: User: Kappa
[2018.08.21-15.04.54:232][  0]LogInit: CPU Page size=4096, Cores=4
[2018.08.21-15.04.54:232][  0]LogInit: High frequency timer resolution =4.101571 MHz
[2018.08.21-15.04.54:232][  0]LogMemory: Memory total: Physical=31.9GB (32GB approx)
[2018.08.21-15.04.54:233][  0]LogMemory: Platform Memory Stats for Windows
[2018.08.21-15.04.54:233][  0]LogMemory: Process Physical Memory: 276.31 MB used, 276.31 MB peak
[2018.08.21-15.04.54:233][  0]LogMemory: Process Virtual Memory: 276.39 MB used, 276.39 MB peak
[2018.08.21-15.04.54:233][  0]LogMemory: Physical Memory: 12820.00 MB used,  19872.80 MB free, 32692.81 MB total
[2018.08.21-15.04.54:233][  0]LogMemory: Virtual Memory: 4801.96 MB used,  19872.80 MB free, 134217728.00 MB total
[2018.08.21-15.04.54:249][  0]LogInit: Using OS detected language (en-US).
[2018.08.21-15.04.54:249][  0]LogInit: Using OS detected locale (en-US).
[2018.08.21-15.04.54:251][  0]LogTextLocalizationManager: No localization for 'en-US' exists, so 'en' will be used for the language.
[2018.08.21-15.04.54:251][  0]LogTextLocalizationManager: No localization for 'en-US' exists, so 'en' will be used for the locale.
[2018.08.21-15.04.54:597][  0]LogStreaming: Display: Took  0.349s to EndInitTextLocalization.
[2018.08.21-15.04.54:610][  0]LogShaderCompilers: Guid format shader working directory is -14 characters bigger than the processId version (../../../../../DarkActive/Unreal Projects/DarkCrystalstutter/Intermediate/Shaders/WorkingDirectory/6212/).
[2018.08.21-15.04.54:610][  0]LogShaderCompilers: Cleaned the shader compiler working directory 'C:/Users/Kappa/AppData/Local/Temp/UnrealShaderWorkingDir/17A37B3D41B4D9FA747DFA9E99D0D145/'.
[2018.08.21-15.04.54:774][  0]LogTemp: Display: Loaded TP WindowsClientTargetPlatform
[2018.08.21-15.04.54:789][  0]LogTemp: Display: Loaded TP WindowsNoEditorTargetPlatform
[2018.08.21-15.04.54:802][  0]LogTemp: Display: Loaded TP WindowsServerTargetPlatform
[2018.08.21-15.04.54:817][  0]LogTemp: Display: Loaded TP WindowsTargetPlatform
[2018.08.21-15.04.54:817][  0]LogTargetPlatformManager: Display: Building Assets For Windows
[2018.08.21-15.04.54:889][  0]LogXGEController: Cannot use XGE Controller as Incredibuild is not installed on this machine.
[2018.08.21-15.04.54:889][  0]LogShaderCompilers: Cannot use XGE Shader Compiler as Incredibuild is not installed on this machine.
[2018.08.21-15.04.54:890][  0]LogShaderCompilers: Display: Using Local Shader Compiler.
[2018.08.21-15.04.55:282][  0]LogDerivedDataCache: Display: Max Cache Size: 512 MB
[2018.08.21-15.04.55:338][  0]LogDerivedDataCache: Loaded boot cache 0.06s 74MB C:/Users/Kappa/AppData/Local/UnrealEngine/4.19/DerivedDataCache/Boot.ddc.
[2018.08.21-15.04.55:339][  0]LogDerivedDataCache: Display: Loaded Boot cache: C:/Users/Kappa/AppData/Local/UnrealEngine/4.19/DerivedDataCache/Boot.ddc
[2018.08.21-15.04.55:339][  0]LogDerivedDataCache: FDerivedDataBackendGraph:  Pak pak cache file ../../../../../DarkActive/Unreal Projects/DarkCrystalstutter/DerivedDataCache/DDC.ddp not found, will not use a pak cache.
[2018.08.21-15.04.55:339][  0]LogDerivedDataCache: Unable to find inner node Pak for hierarchical cache Hierarchy.
[2018.08.21-15.04.55:340][  0]LogDerivedDataCache: FDerivedDataBackendGraph:  CompressedPak pak cache file ../../../../../DarkActive/Unreal Projects/DarkCrystalstutter/DerivedDataCache/Compressed.ddp not found, will not use a pak cache.
[2018.08.21-15.04.55:340][  0]LogDerivedDataCache: Unable to find inner node CompressedPak for hierarchical cache Hierarchy.
[2018.08.21-15.04.55:353][  0]LogDerivedDataCache: Display: Pak cache opened for reading ../../../Engine/DerivedDataCache/Compressed.ddp.
[2018.08.21-15.04.55:365][  0]LogDerivedDataCache: Using Local data cache path C:/Users/Kappa/AppData/Local/UnrealEngine/Common/DerivedDataCache: Writable
[2018.08.21-15.04.55:365][  0]LogDerivedDataCache: Shared data cache path not found in *engine.ini, will not use an Shared cache.
[2018.08.21-15.04.55:365][  0]LogDerivedDataCache: Unable to find inner node Shared for hierarchical cache Hierarchy.
[2018.08.21-15.04.55:399][  0]LogAssetRegistry: FAssetRegistry took 0.0039 seconds to start up
[2018.08.21-15.04.55:567][  0]LogPackageLocalizationCache: Processed 9 localized package path(s) for 1 prioritized culture(s) in 0.010633 seconds
[2018.08.21-15.04.55:661][  0]LogInit: Selected Device Profile: [Windows]
[2018.08.21-15.04.55:701][  0]LogSimplygon: Simplygon DLL not present - disabling.
[2018.08.21-15.04.55:704][  0]LogMeshReduction: Using SimplygonSwarm for distributed automatic mesh merging
[2018.08.21-15.04.55:704][  0]LogMeshReduction: Using QuadricMeshReduction for automatic static mesh reduction
[2018.08.21-15.04.55:704][  0]LogMeshReduction: No automatic skeletal mesh reduction module available
[2018.08.21-15.04.55:704][  0]LogMeshReduction: No automatic mesh merging module available
[2018.08.21-15.04.55:704][  0]LogMeshMerging: No automatic mesh merging module available
[2018.08.21-15.04.55:722][  0]LogNetVersion: DarkCrystalstutter , NetCL: 3944462, EngineNetVer: 2, GameNetVer: 0 (Checksum: 1586386174)
[2018.08.21-15.04.56:062][  0]LogTcpMessaging: Initializing TcpMessaging bridge
[2018.08.21-15.04.56:085][  0]LogUdpMessaging: Initializing bridge on interface 0.0.0.0:0 to multicast group 230.0.0.1:6666.
[2018.08.21-15.04.56:190][  0]LogCollectionManager: Loaded 0 collections in 0.001534 seconds
[2018.08.21-15.04.56:227][  0]LogFileCache: Scanning file cache for directory 'G:/DarkActive/Unreal Projects/DarkCrystalstutter/Saved/Collections/' took 0.01s
[2018.08.21-15.04.56:227][  0]LogFileCache: Scanning file cache for directory 'G:/DarkActive/Unreal Projects/DarkCrystalstutter/Content/Developers/Kappa/Collections/' took 0.01s
[2018.08.21-15.04.56:228][  0]LogFileCache: Scanning file cache for directory 'G:/DarkActive/Unreal Projects/DarkCrystalstutter/Content/Collections/' took 0.01s
[2018.08.21-15.04.56:229][  0]LogCollectionManager: Rebuilt the object cache for 0 collections in 0.000000 seconds (found 0 objects)
[2018.08.21-15.04.56:229][  0]LogCollectionManager: Fixed up redirectors for 0 collections in 0.002132 seconds (updated 0 objects)
[2018.08.21-15.04.56:384][  0]SourceControl: Source control is disabled
[2018.08.21-15.04.56:386][  0]SourceControl: Source control is disabled
[2018.08.21-15.04.56:402][  0]SourceControl: Source control is disabled
[2018.08.21-15.04.56:662][  0]LogAndroidPermission: UAndroidPermissionCallbackProxy::GetInstance
[2018.08.21-15.04.56:762][  0]LogOcInput: OculusInput pre-init called
[2018.08.21-15.04.56:790][  0]LogUObjectArray: 41286 objects as part of root set at end of initial load.
[2018.08.21-15.04.56:790][  0]LogUObjectAllocator: 8567600 out of 0 bytes used by permanent object pool.
[2018.08.21-15.04.56:791][  0]LogUObjectArray: CloseDisregardForGC: 0/0 objects in disregard for GC pool
[2018.08.21-15.04.56:818][  0]LogEngine: Initializing Engine...
[2018.08.21-15.04.56:820][  0]LogStats: UGameplayTagsManager::ConstructGameplayTagTree: Construct from data asset -  0.000 s
[2018.08.21-15.04.56:820][  0]LogStats: UGameplayTagsManager::ConstructGameplayTagTree: GameplayTagTreeChangedEvent.Broadcast -  0.000 s
[2018.08.21-15.04.56:842][  0]LogInit: Texture streaming: Disabled
[2018.08.21-15.04.56:883][  0]LogUObjectGlobals: Created PersistentFrame Addr=0x000001cfc5812c00, Size=624, Default__GameInfoInstance_C Function /Game/Blueprints/AllLevels/GameInfoInstance.GameInfoInstance_C:ExecuteUbergraph_GameInfoInstance
[2018.08.21-15.04.56:886][  0]LogUObjectGlobals: Created PersistentFrame Addr=0x000001cfd40fd530, Size=40, Default__ErrorDialog_C Function /Game/UI/MainMenu/ErrorDialog.ErrorDialog_C:ExecuteUbergraph_ErrorDialog
[2018.08.21-15.04.56:894][  0]LogUObjectGlobals: Created PersistentFrame Addr=0x000001cfd6447f60, Size=80, Default__HostMenu_C Function /Game/UI/MainMenu/HostMenu.HostMenu_C:ExecuteUbergraph_HostMenu
[2018.08.21-15.04.56:902][  0]LogUObjectGlobals: Created PersistentFrame Addr=0x000001cfd40fd5d0, Size=40, Default__MainMenu_C Function /Game/UI/MainMenu/MainMenu.MainMenu_C:ExecuteUbergraph_MainMenu
[2018.08.21-15.04.56:909][  0]LogUObjectGlobals: Created PersistentFrame Addr=0x000001cfd6422be0, Size=104, Default__OptionsMenu_C Function /Game/UI/MainMenu/OptionsMenu.OptionsMenu_C:ExecuteUbergraph_OptionsMenu
[2018.08.21-15.04.56:929][  0]LogUObjectGlobals: Created PersistentFrame Addr=0x000001cfd63f2200, Size=600, Default__ServerMenu_C Function /Game/UI/MainMenu/ServerMenu.ServerMenu_C:ExecuteUbergraph_ServerMenu
[2018.08.21-15.04.56:972][  0]LogUObjectGlobals: Destroyed PersistentFrame Addr=0x000001cfc5812c00, Size=624
[2018.08.21-15.04.56:972][  0]LogUObjectGlobals: Created PersistentFrame Addr=0x000001cfd2320900, Size=624, Default__GameInfoInstance_C Function /Engine/Transient.REINST_GameInfoInstance_C_2:ExecuteUbergraph_GameInfoInstance
[2018.08.21-15.04.56:973][  0]LogUObjectGlobals: Destroyed PersistentFrame Addr=0x000001cfd40fd530, Size=40
[2018.08.21-15.04.56:973][  0]LogUObjectGlobals: Created PersistentFrame Addr=0x000001cfd23816c0, Size=40, Default__ErrorDialog_C Function /Engine/Transient.REINST_ErrorDialog_C_0:ExecuteUbergraph_ErrorDialog
[2018.08.21-15.04.56:974][  0]LogUObjectGlobals: Destroyed PersistentFrame Addr=0x000001cfd6447f60, Size=80
[2018.08.21-15.04.56:974][  0]LogUObjectGlobals: Created PersistentFrame Addr=0x000001cfd81c6c50, Size=80, Default__HostMenu_C Function /Engine/Transient.REINST_HostMenu_C_1:ExecuteUbergraph_HostMenu
[2018.08.21-15.04.56:975][  0]LogUObjectGlobals: Destroyed PersistentFrame Addr=0x000001cfd40fd5d0, Size=40
[2018.08.21-15.04.56:975][  0]LogUObjectGlobals: Created PersistentFrame Addr=0x000001cfd23815d0, Size=40, Default__MainMenu_C Function /Engine/Transient.REINST_MainMenu_C_3:ExecuteUbergraph_MainMenu
[2018.08.21-15.04.56:975][  0]LogUObjectGlobals: Destroyed PersistentFrame Addr=0x000001cfd6422be0, Size=104
[2018.08.21-15.04.56:975][  0]LogUObjectGlobals: Created PersistentFrame Addr=0x000001cfd81d2da0, Size=104, Default__OptionsMenu_C Function /Engine/Transient.REINST_OptionsMenu_C_4:ExecuteUbergraph_OptionsMenu
[2018.08.21-15.04.56:976][  0]LogUObjectGlobals: Destroyed PersistentFrame Addr=0x000001cfd63f2200, Size=600
[2018.08.21-15.04.56:976][  0]LogUObjectGlobals: Created PersistentFrame Addr=0x000001cfd818fd80, Size=600, Default__ServerMenu_C Function /Engine/Transient.REINST_ServerMenu_C_5:ExecuteUbergraph_ServerMenu
[2018.08.21-15.04.57:011][  0]LogUObjectGlobals: Created PersistentFrame Addr=0x000001cfd7d6d580, Size=624, Default__GameInfoInstance_C Function /Game/Blueprints/AllLevels/GameInfoInstance.GameInfoInstance_C:ExecuteUbergraph_GameInfoInstance
[2018.08.21-15.04.57:013][  0]LogUObjectGlobals: Created PersistentFrame Addr=0x000001cfd2381d50, Size=40, Default__ErrorDialog_C Function /Game/UI/MainMenu/ErrorDialog.ErrorDialog_C:ExecuteUbergraph_ErrorDialog
[2018.08.21-15.04.57:014][  0]LogUObjectGlobals: Created PersistentFrame Addr=0x000001cfd7d48bd0, Size=80, Default__HostMenu_C Function /Game/UI/MainMenu/HostMenu.HostMenu_C:ExecuteUbergraph_HostMenu
[2018.08.21-15.04.57:015][  0]LogUObjectGlobals: Created PersistentFrame Addr=0x000001cfd2382728, Size=40, Default__MainMenu_C Function /Game/UI/MainMenu/MainMenu.MainMenu_C:ExecuteUbergraph_MainMenu
[2018.08.21-15.04.57:017][  0]LogUObjectGlobals: Created PersistentFrame Addr=0x000001cfd7cc3970, Size=104, Default__OptionsMenu_C Function /Game/UI/MainMenu/OptionsMenu.OptionsMenu_C:ExecuteUbergraph_OptionsMenu
[2018.08.21-15.04.57:020][  0]LogUObjectGlobals: Created PersistentFrame Addr=0x000001cfd7ce2e80, Size=592, Default__ServerMenu_C Function /Game/UI/MainMenu/ServerMenu.ServerMenu_C:ExecuteUbergraph_ServerMenu
[2018.08.21-15.04.57:037][  0]LogInit: Display: Game Engine Initialized.
[2018.08.21-15.04.57:037][  0]LogGameplayTags: Display: UGameplayTagsManager::DoneAddingNativeTags. DelegateIsBound: 0
[2018.08.21-15.04.57:038][  0]LogStats: UGameplayTagsManager::ConstructGameplayTagTree: Construct from data asset -  0.000 s
[2018.08.21-15.04.57:038][  0]LogStats: UGameplayTagsManager::ConstructGameplayTagTree: GameplayTagTreeChangedEvent.Broadcast -  0.000 s
[2018.08.21-15.04.57:096][  0]LogInit: Display: Starting Game.
[2018.08.21-15.04.57:096][  0]LogNet: Browse: /Game/Maps/Arena01?Name=Player
[2018.08.21-15.04.57:097][  0]LogLoad: LoadMap: /Game/Maps/Arena01?Name=Player
[2018.08.21-15.04.57:111][  0]LogUObjectGlobals: Destroyed PersistentFrame Addr=0x000001cfd2320900, Size=624
[2018.08.21-15.04.57:111][  0]LogUObjectGlobals: Destroyed PersistentFrame Addr=0x000001cfd23816c0, Size=40
[2018.08.21-15.04.57:112][  0]LogUObjectGlobals: Destroyed PersistentFrame Addr=0x000001cfd81c6c50, Size=80
[2018.08.21-15.04.57:112][  0]LogUObjectGlobals: Destroyed PersistentFrame Addr=0x000001cfd23815d0, Size=40
[2018.08.21-15.04.57:112][  0]LogUObjectGlobals: Destroyed PersistentFrame Addr=0x000001cfd81d2da0, Size=104
[2018.08.21-15.04.57:112][  0]LogUObjectGlobals: Destroyed PersistentFrame Addr=0x000001cfd818fd80, Size=600
[2018.08.21-15.04.57:150][  0]LogUObjectGlobals: Created PersistentFrame Addr=0x000001cfd7d14800, Size=256, Default__GameplayGM_C Function /Game/Blueprints/Gameplay/GameplayGM.GameplayGM_C:ExecuteUbergraph_GameplayGM
[2018.08.21-15.04.57:158][  0]LogLinker: Can't find file '/Game/Blueprints/Characters/Female/Kachujin/Animations/Montages/AM_Roll'
[2018.08.21-15.04.57:158][  0]LogLinker: Can't find file '/Game/Blueprints/Characters/Female/Kachujin/Animations/Montages/AM_Roll'
[2018.08.21-15.04.57:160][  0]LogUObjectGlobals: Created PersistentFrame Addr=0x000001cfd2322700, Size=544, Default__0_Base_C Function /Game/Blueprints/Characters/0_Base.0_Base_C:ExecuteUbergraph_0_Base
[2018.08.21-15.04.57:179][  0]LogUObjectGlobals: Created PersistentFrame Addr=0x000001cfd7e4c680, Size=32, Default__ABP_WoodenBow_C Function /Game/Blueprints/Items/Weapons/WoodenBow/ABP_WoodenBow.ABP_WoodenBow_C:ExecuteUbergraph_ABP_WoodenBow
[2018.08.21-15.04.57:186][  0]LogUObjectGlobals: Created PersistentFrame Addr=0x000001cfd6447560, Size=72, Default__BPC_MontageManager_C Function /Game/Blueprints/Components/BPC_MontageManager.BPC_MontageManager_C:ExecuteUbergraph_BPC_MontageManager
[2018.08.21-15.04.57:204][  0]LogUObjectGlobals: Created PersistentFrame Addr=0x000001cfd7cb1600, Size=2528, Default__GameplayPC_C Function /Game/Blueprints/Gameplay/GameplayPC.GameplayPC_C:ExecuteUbergraph_GameplayPC
[2018.08.21-15.04.57:206][  0]LogUObjectGlobals: Created PersistentFrame Addr=0x000001cfd7e641c0, Size=96, Default__GameplayPS_C Function /Game/Blueprints/Gameplay/GameplayPS.GameplayPS_C:ExecuteUbergraph_GameplayPS
[2018.08.21-15.04.57:228][  0]LogUObjectGlobals: Created PersistentFrame Addr=0x000001cfd45d5580, Size=320, Default__ChatWindow_C Function /Game/UI/AllLevels/ChatWindow.ChatWindow_C:ExecuteUbergraph_ChatWindow
[2018.08.21-15.04.57:230][  0]LogUObjectGlobals: Created PersistentFrame Addr=0x000001cfd63fbc80, Size=888, Default__LobbyPC_C Function /Game/Blueprints/Lobby/LobbyPC.LobbyPC_C:ExecuteUbergraph_LobbyPC
[2018.08.21-15.04.57:232][  0]LogUObjectGlobals: Created PersistentFrame Addr=0x000001cfd457bd00, Size=752, Default__LobbyGM_C Function /Game/Blueprints/Lobby/LobbyGM.LobbyGM_C:ExecuteUbergraph_LobbyGM
[2018.08.21-15.04.57:236][  0]LogUObjectGlobals: Created PersistentFrame Addr=0x000001cfd0d16e80, Size=544, Default__BP_MaleCharacter_C Function /Game/Blueprints/Characters/0_Base.0_Base_C:ExecuteUbergraph_0_Base
[2018.08.21-15.04.57:244][  0]LogUObjectGlobals: Created PersistentFrame Addr=0x000001cfd0d16700, Size=544, Default__BP_MaleCharacter_C Function /Game/Blueprints/Characters/0_Base.0_Base_C:ExecuteUbergraph_0_Base
[2018.08.21-15.04.57:255][  0]LogUObjectGlobals: Created PersistentFrame Addr=0x000001cfd6422e80, Size=112, Default__ABP_BerserkerDefault_C Function /Game/Characters/Berserker_S1/Blueprints/ABP_BerserkerDefault.ABP_BerserkerDefault_C:ExecuteUbergraph_ABP_BerserkerDefault
[2018.08.21-15.04.57:281][  0]LogUObjectGlobals: Created PersistentFrame Addr=0x000001cfd4de1f80, Size=544, Default__BP_FemaleCharacter_C Function /Game/Blueprints/Characters/0_Base.0_Base_C:ExecuteUbergraph_0_Base
[2018.08.21-15.04.57:284][  0]LogUObjectGlobals: Created PersistentFrame Addr=0x000001cfd4dcfc00, Size=128, Default__ABP_Kachujin_C Function /Game/Characters/Kachujin/ABP_Kachujin.ABP_Kachujin_C:ExecuteUbergraph_ABP_Kachujin
[2018.08.21-15.04.57:320][  0]LogUObjectGlobals: Created PersistentFrame Addr=0x000001cfd54f9080, Size=544, Default__Tusk_C Function /Game/Blueprints/Characters/0_Base.0_Base_C:ExecuteUbergraph_0_Base
[2018.08.21-15.04.57:323][  0]LogUObjectGlobals: Created PersistentFrame Addr=0x000001cfd55ce0c0, Size=64, Default__0_BaseAnimBP_C Function /Game/InfinityBladeWarriors/Animations/0_BaseAnimBP.0_BaseAnimBP_C:ExecuteUbergraph_0_BaseAnimBP
[2018.08.21-15.04.57:341][  0]LogUObjectGlobals: Created PersistentFrame Addr=0x000001cfd596ca40, Size=312, Default__LobbyMenu_C Function /Game/UI/Lobby/LobbyMenu.LobbyMenu_C:ExecuteUbergraph_LobbyMenu
[2018.08.21-15.04.57:344][  0]LogUObjectGlobals: Created PersistentFrame Addr=0x000001cfd5dcd2b0, Size=80, Default__CharacterSelect_C Function /Game/UI/Lobby/CharacterSelect.CharacterSelect_C:ExecuteUbergraph_CharacterSelect
[2018.08.21-15.04.57:360][  0]LogUObjectGlobals: Created PersistentFrame Addr=0x000001cfd51b25c0, Size=192, Default__GameSettings_C Function /Game/UI/Lobby/GameSettings.GameSettings_C:ExecuteUbergraph_GameSettings
[2018.08.21-15.04.57:362][  0]LogUObjectGlobals: Created PersistentFrame Addr=0x000001cfd55be820, Size=32, Default__PlayerButton_C Function /Game/UI/Lobby/PlayerButton.PlayerButton_C:ExecuteUbergraph_PlayerButton
[2018.08.21-15.04.57:389][  0]LogUObjectGlobals: Created PersistentFrame Addr=0x000001cfd7b19890, Size=4, Default__ConnectedPlayer_C Function /Game/UI/Lobby/ConnectedPlayer.ConnectedPlayer_C:ExecuteUbergraph_ConnectedPlayer
[2018.08.21-15.04.57:496][  0]LogUObjectGlobals: Destroyed PersistentFrame Addr=0x000001cfd55ce0c0, Size=64
[2018.08.21-15.04.57:496][  0]LogUObjectGlobals: Created PersistentFrame Addr=0x000001cfd7c1d1c0, Size=64, Default__0_BaseAnimBP_C Function /Engine/Transient.REINST_0_BaseAnimBP_C_0:ExecuteUbergraph_0_BaseAnimBP
[2018.08.21-15.04.57:499][  0]LogUObjectGlobals: Destroyed PersistentFrame Addr=0x000001cfd6422e80, Size=112
[2018.08.21-15.04.57:499][  0]LogUObjectGlobals: Created PersistentFrame Addr=0x000001cfd9141280, Size=112, Default__ABP_BerserkerDefault_C Function /Engine/Transient.REINST_ABP_BerserkerDefault_C_1:ExecuteUbergraph_ABP_BerserkerDefault
[2018.08.21-15.04.57:501][  0]LogUObjectGlobals: Destroyed PersistentFrame Addr=0x000001cfd4dcfc00, Size=128
[2018.08.21-15.04.57:501][  0]LogUObjectGlobals: Created PersistentFrame Addr=0x000001cfd7c49580, Size=128, Default__ABP_Kachujin_C Function /Engine/Transient.REINST_ABP_Kachujin_C_2:ExecuteUbergraph_ABP_Kachujin
[2018.08.21-15.04.57:501][  0]LogUObjectGlobals: Destroyed PersistentFrame Addr=0x000001cfd7e4c680, Size=32
[2018.08.21-15.04.57:501][  0]LogUObjectGlobals: Created PersistentFrame Addr=0x000001cfd90d2e00, Size=32, Default__ABP_WoodenBow_C Function /Engine/Transient.REINST_ABP_WoodenBow_C_3:ExecuteUbergraph_ABP_WoodenBow
[2018.08.21-15.04.57:502][  0]LogUObjectGlobals: Destroyed PersistentFrame Addr=0x000001cfd6447560, Size=72
[2018.08.21-15.04.57:502][  0]LogUObjectGlobals: Created PersistentFrame Addr=0x000001cfd908f0b0, Size=72, Default__BPC_MontageManager_C Function /Engine/Transient.REINST_BPC_MontageManager_C_19:ExecuteUbergraph_BPC_MontageManager
[2018.08.21-15.04.57:504][  0]LogUObjectGlobals: Destroyed PersistentFrame Addr=0x000001cfd2322700, Size=544
[2018.08.21-15.04.57:504][  0]LogUObjectGlobals: Created PersistentFrame Addr=0x000001cfd7c30900, Size=544, Default__0_Base_C Function /Engine/Transient.REINST_0_Base_C_23:ExecuteUbergraph_0_Base
[2018.08.21-15.04.57:505][  0]LogUObjectGlobals: Destroyed PersistentFrame Addr=0x000001cfd5dcd2b0, Size=80
[2018.08.21-15.04.57:505][  0]LogUObjectGlobals: Created PersistentFrame Addr=0x000001cfd908c400, Size=80, Default__CharacterSelect_C Function /Engine/Transient.REINST_CharacterSelect_C_6:ExecuteUbergraph_CharacterSelect
[2018.08.21-15.04.57:506][  0]LogUObjectGlobals: Destroyed PersistentFrame Addr=0x000001cfd45d5580, Size=320
[2018.08.21-15.04.57:507][  0]LogUObjectGlobals: Created PersistentFrame Addr=0x000001cfd7c35800, Size=320, Default__ChatWindow_C Function /Engine/Transient.REINST_ChatWindow_C_8:ExecuteUbergraph_ChatWindow
[2018.08.21-15.04.57:508][  0]LogUObjectGlobals: Destroyed PersistentFrame Addr=0x000001cfd7b19890, Size=4
[2018.08.21-15.04.57:508][  0]LogUObjectGlobals: Created PersistentFrame Addr=0x000001cfd8ac46e0, Size=4, Default__ConnectedPlayer_C Function /Engine/Transient.REINST_ConnectedPlayer_C_9:ExecuteUbergraph_ConnectedPlayer
[2018.08.21-15.04.57:511][  0]LogUObjectGlobals: Destroyed PersistentFrame Addr=0x000001cfd7cb1600, Size=2528
[2018.08.21-15.04.57:511][  0]LogUObjectGlobals: Created PersistentFrame Addr=0x000001cfd8188100, Size=2528, Default__GameplayPC_C Function /Engine/Transient.REINST_GameplayPC_C_26:ExecuteUbergraph_GameplayPC
[2018.08.21-15.04.57:512][  0]LogUObjectGlobals: Destroyed PersistentFrame Addr=0x000001cfd7e641c0, Size=96
[2018.08.21-15.04.57:512][  0]LogUObjectGlobals: Created PersistentFrame Addr=0x000001cfd0adc760, Size=96, Default__GameplayPS_C Function /Engine/Transient.REINST_GameplayPS_C_27:ExecuteUbergraph_GameplayPS
[2018.08.21-15.04.57:512][  0]LogUObjectGlobals: Destroyed PersistentFrame Addr=0x000001cfd51b25c0, Size=192
[2018.08.21-15.04.57:512][  0]LogUObjectGlobals: Created PersistentFrame Addr=0x000001cfd90b7400, Size=192, Default__GameSettings_C Function /Engine/Transient.REINST_GameSettings_C_11:ExecuteUbergraph_GameSettings
[2018.08.21-15.04.57:514][  0]LogUObjectGlobals: Destroyed PersistentFrame Addr=0x000001cfd596ca40, Size=312
[2018.08.21-15.04.57:515][  0]LogUObjectGlobals: Created PersistentFrame Addr=0x000001cfd7c34cc0, Size=312, Default__LobbyMenu_C Function /Engine/Transient.REINST_LobbyMenu_C_12:ExecuteUbergraph_LobbyMenu
[2018.08.21-15.04.57:515][  0]LogUObjectGlobals: Destroyed PersistentFrame Addr=0x000001cfd63fbc80, Size=888
[2018.08.21-15.04.57:515][  0]LogUObjectGlobals: Created PersistentFrame Addr=0x000001cfd9008480, Size=888, Default__LobbyPC_C Function /Engine/Transient.REINST_LobbyPC_C_28:ExecuteUbergraph_LobbyPC
[2018.08.21-15.04.57:517][  0]LogUObjectGlobals: Destroyed PersistentFrame Addr=0x000001cfd55be820, Size=32
[2018.08.21-15.04.57:517][  0]LogUObjectGlobals: Created PersistentFrame Addr=0x000001cfd90d2680, Size=32, Default__PlayerButton_C Function /Engine/Transient.REINST_PlayerButton_C_13:ExecuteUbergraph_PlayerButton
[2018.08.21-15.04.57:518][  0]LogUObjectGlobals: Destroyed PersistentFrame Addr=0x000001cfd4de1f80, Size=544
[2018.08.21-15.04.57:518][  0]LogUObjectGlobals: Created PersistentFrame Addr=0x000001cfd9057d80, Size=544, Default__BP_FemaleCharacter_C Function /Engine/Transient.REINST_0_Base_C_23:ExecuteUbergraph_0_Base
[2018.08.21-15.04.57:518][  0]LogUObjectGlobals: Destroyed PersistentFrame Addr=0x000001cfd0d16700, Size=544
[2018.08.21-15.04.57:518][  0]LogUObjectGlobals: Created PersistentFrame Addr=0x000001cfd9057b00, Size=544, Default__BP_MaleCharacter_C Function /Engine/Transient.REINST_0_Base_C_23:ExecuteUbergraph_0_Base
[2018.08.21-15.04.57:519][  0]LogUObjectGlobals: Destroyed PersistentFrame Addr=0x000001cfd7d14800, Size=256
[2018.08.21-15.04.57:519][  0]LogUObjectGlobals: Created PersistentFrame Addr=0x000001cfd9047000, Size=256, Default__GameplayGM_C Function /Engine/Transient.REINST_GameplayGM_C_32:ExecuteUbergraph_GameplayGM
[2018.08.21-15.04.57:520][  0]LogUObjectGlobals: Destroyed PersistentFrame Addr=0x000001cfd457bd00, Size=752
[2018.08.21-15.04.57:520][  0]LogUObjectGlobals: Created PersistentFrame Addr=0x000001cfd8fdb100, Size=752, Default__LobbyGM_C Function /Engine/Transient.REINST_LobbyGM_C_33:ExecuteUbergraph_LobbyGM
[2018.08.21-15.04.57:521][  0]LogUObjectGlobals: Destroyed PersistentFrame Addr=0x000001cfd54f9080, Size=544
[2018.08.21-15.04.57:521][  0]LogUObjectGlobals: Created PersistentFrame Addr=0x000001cfd9057880, Size=544, Default__Tusk_C Function /Engine/Transient.REINST_0_Base_C_23:ExecuteUbergraph_0_Base
[2018.08.21-15.04.57:667][  0]LogUObjectGlobals: Created PersistentFrame Addr=0x000001cfd938ea20, Size=72, Default__0_BaseAnimBP_C Function /Game/InfinityBladeWarriors/Animations/0_BaseAnimBP.0_BaseAnimBP_C:ExecuteUbergraph_0_BaseAnimBP
[2018.08.21-15.04.57:669][  0]LogUObjectGlobals: Created PersistentFrame Addr=0x000001cfd8b4bba0, Size=112, Default__ABP_BerserkerDefault_C Function /Game/Characters/Berserker_S1/Blueprints/ABP_BerserkerDefault.ABP_BerserkerDefault_C:ExecuteUbergraph_ABP_BerserkerDefault
[2018.08.21-15.04.57:670][  0]LogUObjectGlobals: Created PersistentFrame Addr=0x000001cfd935dc00, Size=128, Default__ABP_Kachujin_C Function /Game/Characters/Kachujin/ABP_Kachujin.ABP_Kachujin_C:ExecuteUbergraph_ABP_Kachujin
[2018.08.21-15.04.57:671][  0]LogUObjectGlobals: Created PersistentFrame Addr=0x000001cfd8b66080, Size=32, Default__ABP_WoodenBow_C Function /Game/Blueprints/Items/Weapons/WoodenBow/ABP_WoodenBow.ABP_WoodenBow_C:ExecuteUbergraph_ABP_WoodenBow
[2018.08.21-15.04.57:674][  0]LogUObjectGlobals: Created PersistentFrame Addr=0x000001cfda322a20, Size=72, Default__BPC_MontageManager_C Function /Game/Blueprints/Components/BPC_MontageManager.BPC_MontageManager_C:ExecuteUbergraph_BPC_MontageManager
[2018.08.21-15.04.57:679][  0]LogUObjectGlobals: Created PersistentFrame Addr=0x000001cfd9af9a80, Size=536, Default__0_Base_C Function /Game/Blueprints/Characters/0_Base.0_Base_C:ExecuteUbergraph_0_Base
[2018.08.21-15.04.57:682][  0]LogUObjectGlobals: Created PersistentFrame Addr=0x000001cfda2a1ee0, Size=80, Default__CharacterSelect_C Function /Game/UI/Lobby/CharacterSelect.CharacterSelect_C:ExecuteUbergraph_CharacterSelect
[2018.08.21-15.04.57:684][  0]LogUObjectGlobals: Created PersistentFrame Addr=0x000001cfda307380, Size=320, Default__ChatWindow_C Function /Game/UI/AllLevels/ChatWindow.ChatWindow_C:ExecuteUbergraph_ChatWindow
[2018.08.21-15.04.57:685][  0]LogUObjectGlobals: Created PersistentFrame Addr=0x000001cfd97accc0, Size=4, Default__ConnectedPlayer_C Function /Game/UI/Lobby/ConnectedPlayer.ConnectedPlayer_C:ExecuteUbergraph_ConnectedPlayer
[2018.08.21-15.04.57:695][  0]LogUObjectGlobals: Created PersistentFrame Addr=0x000001cfda222b00, Size=2528, Default__GameplayPC_C Function /Game/Blueprints/Gameplay/GameplayPC.GameplayPC_C:ExecuteUbergraph_GameplayPC
[2018.08.21-15.04.57:697][  0]LogUObjectGlobals: Created PersistentFrame Addr=0x000001cfda16b7c0, Size=96, Default__GameplayPS_C Function /Game/Blueprints/Gameplay/GameplayPS.GameplayPS_C:ExecuteUbergraph_GameplayPS
[2018.08.21-15.04.57:699][  0]LogUObjectGlobals: Created PersistentFrame Addr=0x000001cfda110e80, Size=192, Default__GameSettings_C Function /Game/UI/Lobby/GameSettings.GameSettings_C:ExecuteUbergraph_GameSettings
[2018.08.21-15.04.57:702][  0]LogUObjectGlobals: Created PersistentFrame Addr=0x000001cfda306ac0, Size=320, Default__LobbyMenu_C Function /Game/UI/Lobby/LobbyMenu.LobbyMenu_C:ExecuteUbergraph_LobbyMenu
[2018.08.21-15.04.57:705][  0]LogUObjectGlobals: Created PersistentFrame Addr=0x000001cfda0a4f00, Size=880, Default__LobbyPC_C Function /Game/Blueprints/Lobby/LobbyPC.LobbyPC_C:ExecuteUbergraph_LobbyPC
[2018.08.21-15.04.57:706][  0]LogUObjectGlobals: Created PersistentFrame Addr=0x000001cfda0c0640, Size=32, Default__PlayerButton_C Function /Game/UI/Lobby/PlayerButton.PlayerButton_C:ExecuteUbergraph_PlayerButton
[2018.08.21-15.04.57:707][  0]LogUObjectGlobals: Created PersistentFrame Addr=0x000001cfda046c00, Size=536, Default__BP_FemaleCharacter_C Function /Game/Blueprints/Characters/0_Base.0_Base_C:ExecuteUbergraph_0_Base
[2018.08.21-15.04.57:707][  0]LogUObjectGlobals: Created PersistentFrame Addr=0x000001cfda046700, Size=536, Default__BP_MaleCharacter_C Function /Game/Blueprints/Characters/0_Base.0_Base_C:ExecuteUbergraph_0_Base
[2018.08.21-15.04.57:710][  0]LogUObjectGlobals: Created PersistentFrame Addr=0x000001cfda013f00, Size=256, Default__GameplayGM_C Function /Game/Blueprints/Gameplay/GameplayGM.GameplayGM_C:ExecuteUbergraph_GameplayGM
[2018.08.21-15.04.57:713][  0]LogUObjectGlobals: Created PersistentFrame Addr=0x000001cfda036080, Size=784, Default__LobbyGM_C Function /Game/Blueprints/Lobby/LobbyGM.LobbyGM_C:ExecuteUbergraph_LobbyGM
[2018.08.21-15.04.57:714][  0]LogUObjectGlobals: Created PersistentFrame Addr=0x000001cfda044400, Size=536, Default__Tusk_C Function /Game/Blueprints/Characters/0_Base.0_Base_C:ExecuteUbergraph_0_Base
[2018.08.21-15.04.58:110][  0]LogSkeletalMesh: Skeletal Mesh found in DDC [3.215353ms] /Game/Characters/Berserker_S1/Meshes/Combines/SK_Berserker.SK_Berserker
[2018.08.21-15.04.58:143][  0]LogSkeletalMesh: Skeletal Mesh found in DDC [0.367664ms] /Game/InfinityBladeWarriors/Character/CompleteCharacters/SK_CharM_Tusk.SK_CharM_Tusk
[2018.08.21-15.04.58:149][  0]LogSkeletalMesh: Skeletal Mesh found in DDC [0.187002ms] /Game/Blueprints/Items/Weapons/RelicSword/SK_RelicSword.SK_RelicSword
[2018.08.21-15.04.58:170][  0]LogSkeletalMesh: Skeletal Mesh found in DDC [0.331336ms] /Game/Blueprints/Items/Weapons/WoodenBow/SK_WoodenBow.SK_WoodenBow
[2018.08.21-15.04.58:177][  0]LogSkeletalMesh: Skeletal Mesh found in DDC [2.379088ms] /Game/Characters/Kachujin/SK_Kachujin.SK_Kachujin
[2018.08.21-15.04.58:273][  0]LogAIModule: Creating AISystem for world Arena01
[2018.08.21-15.04.58:273][  0]LogLoad: Game class is 'GameplayGM_C'
[2018.08.21-15.04.58:274][  0]LogOnline: Warning: STEAM: Steam API disabled!
[2018.08.21-15.04.58:275][  0]LogOnline: Display: STEAM: OnlineSubsystemSteam::Shutdown()
[2018.08.21-15.04.58:275][  0]LogTemp: Display: ParseSettings for GameNetDriver
[2018.08.21-15.04.58:275][  0]LogTemp: Display: ParseSettings for IpNetDriver_0
[2018.08.21-15.04.58:275][  0]LogTemp: Display: ParseSettings for GameNetDriver
[2018.08.21-15.04.58:276][  0]LogInit: WinSock: Socket queue 131072 / 131072
[2018.08.21-15.04.58:276][  0]PacketHandlerLog: Loaded PacketHandler component: Engine.EngineHandlerComponentFactory (StatelessConnectHandlerComponent)
[2018.08.21-15.04.58:276][  0]LogNet: GameNetDriver IpNetDriver_0 IpNetDriver listening on port 17777
[2018.08.21-15.04.58:278][  0]LogWorld: Bringing World /Game/Maps/Arena01.Arena01 up for play (max tick rate 30) at 2018.08.21-08.04.58
[2018.08.21-15.04.58:279][  0]LogOnline: Warning: OSS: AutoLogin missing AUTH_LOGIN=<login id>.
[2018.08.21-15.04.58:279][  0]LogWorld: Bringing up level for play took: 0.002237
[2018.08.21-15.04.58:279][  0]LogGameMode: Display: Match State Changed from EnteringMap to WaitingToStart
[2018.08.21-15.04.58:280][  0]LogGameState: Match State Changed from EnteringMap to WaitingToStart
[2018.08.21-15.04.58:280][  0]LogLoad: Took 1.183537 seconds to LoadMap(/Game/Maps/Arena01)
[2018.08.21-15.04.58:293][  0]LogLoad: (Engine Initialization) Total time: 5.84 seconds
[2018.08.21-15.04.58:294][  0]LogLoad: (Engine Initialization) Total Blueprint compile time: 0.00 seconds
[2018.08.21-15.04.58:367][  1]LogNet: NotifyAcceptingConnection accepted from: 127.0.0.1:58627
[2018.08.21-15.04.58:367][  1]LogHandshake: SendConnectChallenge. Timestamp: 0.067064, Cookie: 198102203165051108004057173024075079168158199011043121116168
[2018.08.21-15.04.58:433][  3]LogNet: NotifyAcceptingConnection accepted from: 127.0.0.1:58627
[2018.08.21-15.04.58:433][  3]LogHandshake: SendChallengeAck. InCookie: 198102203165051108004057173024075079168158199011043121116168
[2018.08.21-15.04.58:433][  3]LogNet: Server accepting post-challenge connection from: 127.0.0.1:58627
[2018.08.21-15.04.58:434][  3]PacketHandlerLog: Loaded PacketHandler component: Engine.EngineHandlerComponentFactory (StatelessConnectHandlerComponent)
[2018.08.21-15.04.58:434][  3]LogNet: NotifyAcceptedConnection: Name: Arena01, TimeStamp: 08/21/18 08:04:58, [UNetConnection] RemoteAddr: 127.0.0.1:58627, Name: IpConnection_0, Driver: GameNetDriver IpNetDriver_0, IsServer: YES, PC: NULL, Owner: NULL, UniqueId: INVALID
[2018.08.21-15.04.58:434][  3]LogNet: AddClientConnection: Added client connection: [UNetConnection] RemoteAddr: 127.0.0.1:58627, Name: IpConnection_0, Driver: GameNetDriver IpNetDriver_0, IsServer: YES, PC: NULL, Owner: NULL, UniqueId: INVALID
[2018.08.21-15.04.58:434][  3]LogNet: NotifyAcceptingConnection accepted from: 127.0.0.1:58628
[2018.08.21-15.04.58:434][  3]LogHandshake: SendConnectChallenge. Timestamp: 0.132855, Cookie: 209131147150228241187142197001217024064031062178023063166124
[2018.08.21-15.04.58:466][  4]LogNet: NotifyAcceptingChannel Control 0 server World /Game/Maps/Arena01.Arena01: Accepted
[2018.08.21-15.04.58:466][  4]LogNet: Remote platform little endian=1
[2018.08.21-15.04.58:467][  4]LogNet: This platform little endian=1
[2018.08.21-15.04.58:467][  4]LogNetVersion: DarkCrystalstutter 1.0.0.0, NetCL: 3944462, EngineNetVer: 2, GameNetVer: 0 (Checksum: 454883313)
[2018.08.21-15.04.58:499][  5]LogNet: Login request: /Game/Maps/MainMenu?Name=DESKTOP-LI0N2FC-A221BD5845462AF75EDACBBB47635972 userId: DESKTOP-LI0N2FC-A221BD5845462AF75EDACBBB47635972
[2018.08.21-15.04.58:499][  5]LogNet: NotifyAcceptingConnection accepted from: 127.0.0.1:58628
[2018.08.21-15.04.58:500][  5]LogHandshake: SendChallengeAck. InCookie: 209131147150228241187142197001217024064031062178023063166124
[2018.08.21-15.04.58:500][  5]LogNet: Server accepting post-challenge connection from: 127.0.0.1:58628
[2018.08.21-15.04.58:501][  5]PacketHandlerLog: Loaded PacketHandler component: Engine.EngineHandlerComponentFactory (StatelessConnectHandlerComponent)
[2018.08.21-15.04.58:501][  5]LogNet: NotifyAcceptedConnection: Name: Arena01, TimeStamp: 08/21/18 08:04:58, [UNetConnection] RemoteAddr: 127.0.0.1:58628, Name: IpConnection_1, Driver: GameNetDriver IpNetDriver_0, IsServer: YES, PC: NULL, Owner: NULL, UniqueId: INVALID
[2018.08.21-15.04.58:501][  5]LogNet: AddClientConnection: Added client connection: [UNetConnection] RemoteAddr: 127.0.0.1:58628, Name: IpConnection_1, Driver: GameNetDriver IpNetDriver_0, IsServer: YES, PC: NULL, Owner: NULL, UniqueId: INVALID
[2018.08.21-15.04.58:533][  6]LogNet: Client netspeed is 10000
[2018.08.21-15.04.58:533][  6]LogNet: NotifyAcceptingChannel Control 0 server World /Game/Maps/Arena01.Arena01: Accepted
[2018.08.21-15.04.58:534][  6]LogNet: Remote platform little endian=1
[2018.08.21-15.04.58:534][  6]LogNet: This platform little endian=1
[2018.08.21-15.04.58:566][  7]LogNet: Login request: /Game/Maps/MainMenu?Name=DESKTOP-LI0N2FC-0FAB33BF4301466BAE558984FC79A5C1 userId: DESKTOP-LI0N2FC-0FAB33BF4301466BAE558984FC79A5C1
[2018.08.21-15.04.58:599][  8]LogNet: Client netspeed is 10000
[2018.08.21-15.04.59:295][ 29]LogNet: NotifyAcceptingConnection accepted from: 127.0.0.1:58626
[2018.08.21-15.04.59:295][ 29]LogHandshake: SendConnectChallenge. Timestamp: 0.995093, Cookie: 167238143089021119112028129078194174215109123020145127146218
[2018.08.21-15.04.59:329][ 30]LogNet: NotifyAcceptingConnection accepted from: 127.0.0.1:58626
[2018.08.21-15.04.59:329][ 30]LogHandshake: SendChallengeAck. InCookie: 167238143089021119112028129078194174215109123020145127146218
[2018.08.21-15.04.59:330][ 30]LogNet: Server accepting post-challenge connection from: 127.0.0.1:58626
[2018.08.21-15.04.59:330][ 30]PacketHandlerLog: Loaded PacketHandler component: Engine.EngineHandlerComponentFactory (StatelessConnectHandlerComponent)
[2018.08.21-15.04.59:330][ 30]LogNet: NotifyAcceptedConnection: Name: Arena01, TimeStamp: 08/21/18 08:04:59, [UNetConnection] RemoteAddr: 127.0.0.1:58626, Name: IpConnection_2, Driver: GameNetDriver IpNetDriver_0, IsServer: YES, PC: NULL, Owner: NULL, UniqueId: INVALID
[2018.08.21-15.04.59:331][ 30]LogNet: AddClientConnection: Added client connection: [UNetConnection] RemoteAddr: 127.0.0.1:58626, Name: IpConnection_2, Driver: GameNetDriver IpNetDriver_0, IsServer: YES, PC: NULL, Owner: NULL, UniqueId: INVALID
[2018.08.21-15.04.59:363][ 31]LogNet: NotifyAcceptingChannel Control 0 server World /Game/Maps/Arena01.Arena01: Accepted
[2018.08.21-15.04.59:363][ 31]LogNet: Remote platform little endian=1
[2018.08.21-15.04.59:364][ 31]LogNet: This platform little endian=1
[2018.08.21-15.04.59:397][ 32]LogNet: Login request: /Game/Maps/MainMenu?Name=DESKTOP-LI0N2FC-9EFA4C284FA0F22706B462812286899B userId: DESKTOP-LI0N2FC-9EFA4C284FA0F22706B462812286899B
[2018.08.21-15.04.59:429][ 33]LogNet: Client netspeed is 10000
[2018.08.21-15.04.59:660][ 40]LogNet: Join request: /Game/Maps/MainMenu?Name=DESKTOP-LI0N2FC-A221BD5845462AF75EDACBBB47635972?SplitscreenCount=1
[2018.08.21-15.04.59:660][ 40]LogOnline: Warning: OSS: No game present to join for session (GameSession)
[2018.08.21-15.04.59:661][ 40]LogGameMode: Display: Match State Changed from WaitingToStart to InProgress
[2018.08.21-15.04.59:666][ 40]LogGameState: Match State Changed from WaitingToStart to InProgress
[2018.08.21-15.04.59:666][ 40]LogNet: Join succeeded: DESKTOP-LI0N2FC-A221
[2018.08.21-15.04.59:727][ 42]LogNet: Join request: /Game/Maps/MainMenu?Name=DESKTOP-LI0N2FC-0FAB33BF4301466BAE558984FC79A5C1?SplitscreenCount=1
[2018.08.21-15.04.59:727][ 42]LogOnline: Warning: OSS: No game present to join for session (GameSession)
[2018.08.21-15.04.59:731][ 42]LogNet: Join succeeded: DESKTOP-LI0N2FC-0FAB
[2018.08.21-15.04.59:793][ 44]LogNetPackageMap: Warning: SanityCheckExport: CacheObject == NULL. NetGUID: 1, Object: /Game/Mannequin/Character/Textures/UE4_LOGO_CARD.UE4_LOGO_CARD, Expected: T_Ceramic_Tile_M
[2018.08.21-15.04.59:794][ 44]LogNetPackageMap: Warning: SanityCheckExport: Name mismatch. NetGUID: 1, Object: /Game/Mannequin/Character/Textures/UE4_LOGO_CARD.UE4_LOGO_CARD, Expected: T_Ceramic_Tile_M
[2018.08.21-15.04.59:794][ 44]LogNetPackageMap: Warning: SanityCheckExport: Outer mismatch. Object: /Game/Mannequin/Character/Textures/UE4_LOGO_CARD.UE4_LOGO_CARD, NetGUID: 1, Current: /Game/Mannequin/Character/Textures/UE4_LOGO_CARD, Expected: /Game/StarterContent/Textures/T_Ceramic_Tile_M
[2018.08.21-15.04.59:798][ 44]LogBlueprintUserMessages: [GameplayGM_C_0] 0
[2018.08.21-15.04.59:861][ 46]LogNetPackageMap: Warning: SanityCheckExport: CacheObject == NULL. NetGUID: 1, Object: /Game/Mannequin/Character/Textures/UE4_LOGO_CARD.UE4_LOGO_CARD, Expected: T_Ceramic_Tile_M
[2018.08.21-15.04.59:862][ 46]LogNetPackageMap: Warning: SanityCheckExport: Name mismatch. NetGUID: 1, Object: /Game/Mannequin/Character/Textures/UE4_LOGO_CARD.UE4_LOGO_CARD, Expected: T_Ceramic_Tile_M
[2018.08.21-15.04.59:862][ 46]LogNetPackageMap: Warning: SanityCheckExport: Outer mismatch. Object: /Game/Mannequin/Character/Textures/UE4_LOGO_CARD.UE4_LOGO_CARD, NetGUID: 1, Current: /Game/Mannequin/Character/Textures/UE4_LOGO_CARD, Expected: /Game/StarterContent/Textures/T_Ceramic_Tile_M
[2018.08.21-15.04.59:865][ 46]LogBlueprintUserMessages: [GameplayGM_C_0] 1
[2018.08.21-15.05.00:137][ 54]LogBlueprintUserMessages: [GameplayPC_C_0] Controller ID-0 selected weapon slot: Null Hand: false
[2018.08.21-15.05.00:204][ 56]LogBlueprintUserMessages: [GameplayPC_C_1] Controller ID-1 selected weapon slot: Null Hand: false
[2018.08.21-15.05.00:237][ 57]LogBlueprintUserMessages: [GameplayPC_C_0] Reset Jump controller id: 0
[2018.08.21-15.05.00:638][ 69]LogBlueprintUserMessages: [GameplayPC_C_0] Controller ID-0 selected weapon slot: Null Hand: false
[2018.08.21-15.05.00:704][ 71]LogNet: Join request: /Game/Maps/MainMenu?Name=DESKTOP-LI0N2FC-9EFA4C284FA0F22706B462812286899B?SplitscreenCount=1
[2018.08.21-15.05.00:704][ 71]LogOnline: Warning: OSS: No game present to join for session (GameSession)
[2018.08.21-15.05.00:708][ 71]LogNet: Join succeeded: DESKTOP-LI0N2FC-9EFA
[2018.08.21-15.05.00:736][ 72]LogBlueprintUserMessages: [GameplayPC_C_1] Controller ID-1 selected weapon slot: Null Hand: false
[2018.08.21-15.05.00:837][ 75]LogNetPackageMap: Warning: SanityCheckExport: CacheObject == NULL. NetGUID: 1, Object: /Game/Mannequin/Character/Textures/UE4_LOGO_CARD.UE4_LOGO_CARD, Expected: T_Ceramic_Tile_M
[2018.08.21-15.05.00:838][ 75]LogNetPackageMap: Warning: SanityCheckExport: Name mismatch. NetGUID: 1, Object: /Game/Mannequin/Character/Textures/UE4_LOGO_CARD.UE4_LOGO_CARD, Expected: T_Ceramic_Tile_M
[2018.08.21-15.05.00:838][ 75]LogNetPackageMap: Warning: SanityCheckExport: Outer mismatch. Object: /Game/Mannequin/Character/Textures/UE4_LOGO_CARD.UE4_LOGO_CARD, NetGUID: 1, Current: /Game/Mannequin/Character/Textures/UE4_LOGO_CARD, Expected: /Game/StarterContent/Textures/T_Ceramic_Tile_M
[2018.08.21-15.05.00:841][ 75]LogBlueprintUserMessages: [GameplayGM_C_0] 2
[2018.08.21-15.05.01:138][ 84]LogBlueprintUserMessages: [GameplayPC_C_0] Controller ID-0 selected weapon slot: Null Hand: false
[2018.08.21-15.05.01:172][ 85]LogBlueprintUserMessages: [GameplayPC_C_2] Controller ID-2 selected weapon slot: Null Hand: false
[2018.08.21-15.05.01:239][ 87]LogBlueprintUserMessages: [GameplayPC_C_1] Controller ID-1 selected weapon slot: Null Hand: false
[2018.08.21-15.05.01:239][ 87]LogBlueprintUserMessages: [GameplayPC_C_2] Reset Jump controller id: 2
[2018.08.21-15.05.01:670][100]LogBlueprintUserMessages: [GameplayPC_C_0] Controller ID-0 selected weapon slot: Null Hand: false
[2018.08.21-15.05.01:703][101]LogBlueprintUserMessages: [GameplayPC_C_2] Controller ID-2 selected weapon slot: Null Hand: false
[2018.08.21-15.05.01:771][103]LogBlueprintUserMessages: [GameplayPC_C_1] Controller ID-1 selected weapon slot: Null Hand: false
[2018.08.21-15.05.02:201][116]LogBlueprintUserMessages: [GameplayPC_C_0] Controller ID-0 selected weapon slot: Null Hand: false
[2018.08.21-15.05.02:234][117]LogBlueprintUserMessages: [GameplayPC_C_2] Controller ID-2 selected weapon slot: Null Hand: false
[2018.08.21-15.05.02:301][119]LogBlueprintUserMessages: [GameplayPC_C_1] Controller ID-1 selected weapon slot: Null Hand: false
[2018.08.21-15.05.02:731][132]LogBlueprintUserMessages: [GameplayPC_C_0] Controller ID-0 selected weapon slot: Null Hand: false
[2018.08.21-15.05.02:765][133]LogBlueprintUserMessages: [GameplayPC_C_2] Controller ID-2 selected weapon slot: Null Hand: false
[2018.08.21-15.05.02:832][135]LogBlueprintUserMessages: [GameplayPC_C_1] Controller ID-1 selected weapon slot: Null Hand: false
[2018.08.21-15.05.03:231][147]LogBlueprintUserMessages: [GameplayPC_C_0] Controller ID-0 selected weapon slot: Null Hand: false
[2018.08.21-15.05.03:265][148]LogBlueprintUserMessages: [GameplayPC_C_2] Controller ID-2 selected weapon slot: Null Hand: false
[2018.08.21-15.05.03:332][150]LogBlueprintUserMessages: [GameplayPC_C_1] Controller ID-1 selected weapon slot: Null Hand: false
[2018.08.21-15.05.03:732][162]LogBlueprintUserMessages: [GameplayPC_C_0] Controller ID-0 selected weapon slot: Null Hand: false
[2018.08.21-15.05.03:766][163]LogBlueprintUserMessages: [GameplayPC_C_2] Controller ID-2 selected weapon slot: Null Hand: false
[2018.08.21-15.05.03:833][165]LogBlueprintUserMessages: [DCGameState_C_0] Error: Selected weapon is invalid.
[2018.08.21-15.05.03:833][165]LogBlueprintUserMessages: [GameplayPC_C_1] Controller ID-1 selected weapon slot: WeaponSlot1 Hand: false
[2018.08.21-15.05.04:264][178]LogBlueprintUserMessages: [GameplayPC_C_0] Controller ID-0 selected weapon slot: Null Hand: false
[2018.08.21-15.05.04:298][179]LogBlueprintUserMessages: [GameplayPC_C_2] Controller ID-2 selected weapon slot: Null Hand: false
[2018.08.21-15.05.04:364][181]LogBlueprintUserMessages: [GameplayPC_C_1] Controller ID-1 selected weapon slot: WeaponSlot1 Hand: false
[2018.08.21-15.05.04:765][193]LogBlueprintUserMessages: [GameplayPC_C_0] Controller ID-0 selected weapon slot: Null Hand: false
[2018.08.21-15.05.04:799][194]LogBlueprintUserMessages: [GameplayPC_C_2] Controller ID-2 selected weapon slot: Null Hand: false
[2018.08.21-15.05.04:833][195]LogBlueprintUserMessages: [GameplayPC_C_1] state start Interaction
[2018.08.21-15.05.04:834][195]LogBlueprintUserMessages: [GameplayPC_C_1] state end Idle
[2018.08.21-15.05.04:866][196]LogBlueprintUserMessages: [GameplayPC_C_1] Controller ID-1 selected weapon slot: WeaponSlot1 Hand: true
[2018.08.21-15.05.05:298][209]LogBlueprintUserMessages: [GameplayPC_C_0] Controller ID-0 selected weapon slot: Null Hand: false
[2018.08.21-15.05.05:332][210]LogBlueprintUserMessages: [GameplayPC_C_2] Controller ID-2 selected weapon slot: Null Hand: false
[2018.08.21-15.05.05:400][212]LogBlueprintUserMessages: [GameplayPC_C_1] Controller ID-1 selected weapon slot: WeaponSlot1 Hand: true
[2018.08.21-15.05.05:799][224]LogBlueprintUserMessages: [GameplayPC_C_0] Controller ID-0 selected weapon slot: Null Hand: false
[2018.08.21-15.05.05:833][225]LogBlueprintUserMessages: [GameplayPC_C_2] Controller ID-2 selected weapon slot: Null Hand: false
[2018.08.21-15.05.05:900][227]LogBlueprintUserMessages: [GameplayPC_C_1] Controller ID-1 selected weapon slot: WeaponSlot1 Hand: true
[2018.08.21-15.05.06:330][240]LogBlueprintUserMessages: [GameplayPC_C_0] Controller ID-0 selected weapon slot: Null Hand: false
[2018.08.21-15.05.06:363][241]LogBlueprintUserMessages: [GameplayPC_C_2] Controller ID-2 selected weapon slot: Null Hand: false
[2018.08.21-15.05.06:430][243]LogBlueprintUserMessages: [GameplayPC_C_1] Controller ID-1 selected weapon slot: WeaponSlot1 Hand: true
[2018.08.21-15.05.06:861][256]LogBlueprintUserMessages: [GameplayPC_C_0] Controller ID-0 selected weapon slot: Null Hand: false
[2018.08.21-15.05.06:895][257]LogBlueprintUserMessages: [GameplayPC_C_2] Controller ID-2 selected weapon slot: Null Hand: false
[2018.08.21-15.05.06:961][259]LogBlueprintUserMessages: [GameplayPC_C_1] Controller ID-1 selected weapon slot: WeaponSlot1 Hand: true
[2018.08.21-15.05.07:393][272]LogBlueprintUserMessages: [GameplayPC_C_0] Controller ID-0 selected weapon slot: Null Hand: false
[2018.08.21-15.05.07:427][273]LogBlueprintUserMessages: [GameplayPC_C_2] Controller ID-2 selected weapon slot: Null Hand: false
[2018.08.21-15.05.07:495][275]LogBlueprintUserMessages: [GameplayPC_C_1] Controller ID-1 selected weapon slot: WeaponSlot1 Hand: true
[2018.08.21-15.05.07:926][288]LogBlueprintUserMessages: [GameplayPC_C_0] Controller ID-0 selected weapon slot: Null Hand: false
[2018.08.21-15.05.07:960][289]LogBlueprintUserMessages: [GameplayPC_C_2] Controller ID-2 selected weapon slot: Null Hand: false
[2018.08.21-15.05.08:028][291]LogBlueprintUserMessages: [GameplayPC_C_1] Controller ID-1 selected weapon slot: WeaponSlot1 Hand: true
[2018.08.21-15.05.08:427][303]LogBlueprintUserMessages: [GameplayPC_C_0] Controller ID-0 selected weapon slot: Null Hand: false
[2018.08.21-15.05.08:461][304]LogBlueprintUserMessages: [GameplayPC_C_2] Controller ID-2 selected weapon slot: Null Hand: false
[2018.08.21-15.05.08:560][307]LogBlueprintUserMessages: [GameplayPC_C_1] Controller ID-1 selected weapon slot: WeaponSlot1 Hand: true
[2018.08.21-15.05.08:957][319]LogBlueprintUserMessages: [GameplayPC_C_0] Controller ID-0 selected weapon slot: Null Hand: false
[2018.08.21-15.05.08:991][320]LogBlueprintUserMessages: [GameplayPC_C_2] Controller ID-2 selected weapon slot: Null Hand: false
[2018.08.21-15.05.09:091][323]LogBlueprintUserMessages: [GameplayPC_C_1] Controller ID-1 selected weapon slot: WeaponSlot1 Hand: true
[2018.08.21-15.05.09:489][335]LogBlueprintUserMessages: [GameplayPC_C_0] Controller ID-0 selected weapon slot: Null Hand: false
[2018.08.21-15.05.09:523][336]LogBlueprintUserMessages: [GameplayPC_C_2] Controller ID-2 selected weapon slot: Null Hand: false
[2018.08.21-15.05.09:557][337]LogBlueprintUserMessages: [GameplayPC_C_1] state start Interaction
[2018.08.21-15.05.09:557][337]LogBlueprintUserMessages: [GameplayPC_C_1] state end Idle
[2018.08.21-15.05.09:622][339]LogBlueprintUserMessages: [GameplayPC_C_1] Controller ID-1 selected weapon slot: WeaponSlot1 Hand: true
[2018.08.21-15.05.10:020][351]LogBlueprintUserMessages: [GameplayPC_C_0] Controller ID-0 selected weapon slot: Null Hand: false
[2018.08.21-15.05.10:054][352]LogBlueprintUserMessages: [GameplayPC_C_2] Controller ID-2 selected weapon slot: Null Hand: false
[2018.08.21-15.05.10:154][355]LogBlueprintUserMessages: [GameplayPC_C_1] Controller ID-1 selected weapon slot: WeaponSlot1 Hand: false
[2018.08.21-15.05.10:553][367]LogBlueprintUserMessages: [GameplayPC_C_0] Controller ID-0 selected weapon slot: Null Hand: false
[2018.08.21-15.05.10:586][368]LogBlueprintUserMessages: [GameplayPC_C_2] Controller ID-2 selected weapon slot: Null Hand: false
[2018.08.21-15.05.10:686][371]LogBlueprintUserMessages: [GameplayPC_C_1] Controller ID-1 selected weapon slot: WeaponSlot1 Hand: false
[2018.08.21-15.05.11:085][383]LogBlueprintUserMessages: [GameplayPC_C_0] Controller ID-0 selected weapon slot: Null Hand: false
[2018.08.21-15.05.11:119][384]LogBlueprintUserMessages: [GameplayPC_C_2] Controller ID-2 selected weapon slot: Null Hand: false
[2018.08.21-15.05.11:218][387]LogBlueprintUserMessages: [GameplayPC_C_1] Controller ID-1 selected weapon slot: WeaponSlot1 Hand: false
[2018.08.21-15.05.11:617][399]LogBlueprintUserMessages: [GameplayPC_C_0] Controller ID-0 selected weapon slot: Null Hand: false
[2018.08.21-15.05.11:651][400]LogBlueprintUserMessages: [GameplayPC_C_2] Controller ID-2 selected weapon slot: Null Hand: false
[2018.08.21-15.05.11:751][403]LogBlueprintUserMessages: [GameplayPC_C_1] Controller ID-1 selected weapon slot: WeaponSlot1 Hand: false
[2018.08.21-15.05.12:149][415]LogBlueprintUserMessages: [GameplayPC_C_0] Controller ID-0 selected weapon slot: Null Hand: false
[2018.08.21-15.05.12:183][416]LogBlueprintUserMessages: [GameplayPC_C_2] Controller ID-2 selected weapon slot: Null Hand: false
[2018.08.21-15.05.12:282][419]LogBlueprintUserMessages: [GameplayPC_C_1] Controller ID-1 selected weapon slot: WeaponSlot1 Hand: false
[2018.08.21-15.05.12:679][431]LogBlueprintUserMessages: [GameplayPC_C_0] Controller ID-0 selected weapon slot: Null Hand: false
[2018.08.21-15.05.12:712][432]LogBlueprintUserMessages: [GameplayPC_C_2] Controller ID-2 selected weapon slot: Null Hand: false
[2018.08.21-15.05.12:812][435]LogBlueprintUserMessages: [GameplayPC_C_1] Controller ID-1 selected weapon slot: WeaponSlot1 Hand: false
[2018.08.21-15.05.13:210][447]LogBlueprintUserMessages: [GameplayPC_C_0] Controller ID-0 selected weapon slot: Null Hand: false
[2018.08.21-15.05.13:244][448]LogBlueprintUserMessages: [GameplayPC_C_2] Controller ID-2 selected weapon slot: Null Hand: false
[2018.08.21-15.05.13:344][451]LogBlueprintUserMessages: [GameplayPC_C_1] Controller ID-1 selected weapon slot: WeaponSlot1 Hand: false
[2018.08.21-15.05.13:742][463]LogBlueprintUserMessages: [GameplayPC_C_0] Controller ID-0 selected weapon slot: Null Hand: false
[2018.08.21-15.05.13:775][464]LogBlueprintUserMessages: [GameplayPC_C_2] Controller ID-2 selected weapon slot: Null Hand: false
[2018.08.21-15.05.13:875][467]LogBlueprintUserMessages: [GameplayPC_C_1] Controller ID-1 selected weapon slot: WeaponSlot1 Hand: false
[2018.08.21-15.05.13:942][469]LogBlueprintUserMessages: [GameplayPC_C_1] state start Interaction
[2018.08.21-15.05.13:942][469]LogBlueprintUserMessages: [GameplayPC_C_1] state end Idle
[2018.08.21-15.05.14:271][479]LogBlueprintUserMessages: [GameplayPC_C_0] Controller ID-0 selected weapon slot: Null Hand: false
[2018.08.21-15.05.14:305][480]LogBlueprintUserMessages: [GameplayPC_C_2] Controller ID-2 selected weapon slot: Null Hand: false
[2018.08.21-15.05.14:404][483]LogBlueprintUserMessages: [GameplayPC_C_1] Controller ID-1 selected weapon slot: WeaponSlot1 Hand: true
[2018.08.21-15.05.14:801][495]LogBlueprintUserMessages: [GameplayPC_C_0] Controller ID-0 selected weapon slot: Null Hand: false
[2018.08.21-15.05.14:835][496]LogBlueprintUserMessages: [GameplayPC_C_2] Controller ID-2 selected weapon slot: Null Hand: false
[2018.08.21-15.05.14:937][499]LogBlueprintUserMessages: [GameplayPC_C_1] Controller ID-1 selected weapon slot: WeaponSlot1 Hand: true
[2018.08.21-15.05.15:333][511]LogBlueprintUserMessages: [GameplayPC_C_0] Controller ID-0 selected weapon slot: Null Hand: false
[2018.08.21-15.05.15:367][512]LogBlueprintUserMessages: [GameplayPC_C_2] Controller ID-2 selected weapon slot: Null Hand: false
[2018.08.21-15.05.15:467][515]LogBlueprintUserMessages: [GameplayPC_C_1] Controller ID-1 selected weapon slot: WeaponSlot1 Hand: true
[2018.08.21-15.05.15:865][527]LogBlueprintUserMessages: [GameplayPC_C_0] Controller ID-0 selected weapon slot: Null Hand: false
[2018.08.21-15.05.15:899][528]LogBlueprintUserMessages: [GameplayPC_C_2] Controller ID-2 selected weapon slot: Null Hand: false
[2018.08.21-15.05.16:000][531]LogBlueprintUserMessages: [GameplayPC_C_1] Controller ID-1 selected weapon slot: WeaponSlot1 Hand: true
[2018.08.21-15.05.16:395][543]LogBlueprintUserMessages: [GameplayPC_C_0] Controller ID-0 selected weapon slot: Null Hand: false
[2018.08.21-15.05.16:429][544]LogBlueprintUserMessages: [GameplayPC_C_2] Controller ID-2 selected weapon slot: Null Hand: false
[2018.08.21-15.05.16:530][547]LogBlueprintUserMessages: [GameplayPC_C_1] Controller ID-1 selected weapon slot: WeaponSlot1 Hand: true
[2018.08.21-15.05.16:927][559]LogBlueprintUserMessages: [GameplayPC_C_0] Controller ID-0 selected weapon slot: Null Hand: false
[2018.08.21-15.05.16:961][560]LogBlueprintUserMessages: [GameplayPC_C_2] Controller ID-2 selected weapon slot: Null Hand: false
[2018.08.21-15.05.17:062][563]LogBlueprintUserMessages: [GameplayPC_C_1] Controller ID-1 selected weapon slot: WeaponSlot1 Hand: true
[2018.08.21-15.05.17:457][575]LogBlueprintUserMessages: [GameplayPC_C_0] Controller ID-0 selected weapon slot: Null Hand: false
[2018.08.21-15.05.17:491][576]LogBlueprintUserMessages: [GameplayPC_C_2] Controller ID-2 selected weapon slot: Null Hand: false
[2018.08.21-15.05.17:591][579]LogBlueprintUserMessages: [GameplayPC_C_1] Controller ID-1 selected weapon slot: WeaponSlot1 Hand: true
[2018.08.21-15.05.17:988][591]LogBlueprintUserMessages: [GameplayPC_C_0] Controller ID-0 selected weapon slot: Null Hand: false
[2018.08.21-15.05.18:022][592]LogBlueprintUserMessages: [GameplayPC_C_2] Controller ID-2 selected weapon slot: Null Hand: false
[2018.08.21-15.05.18:121][595]LogBlueprintUserMessages: [GameplayPC_C_1] Controller ID-1 selected weapon slot: WeaponSlot1 Hand: true
[2018.08.21-15.05.18:288][600]LogBlueprintUserMessages: [GameplayPC_C_1] state start Interaction
[2018.08.21-15.05.18:288][600]LogBlueprintUserMessages: [GameplayPC_C_1] state end Idle
[2018.08.21-15.05.18:520][607]LogBlueprintUserMessages: [GameplayPC_C_0] Controller ID-0 selected weapon slot: Null Hand: false
[2018.08.21-15.05.18:554][608]LogBlueprintUserMessages: [GameplayPC_C_2] Controller ID-2 selected weapon slot: Null Hand: false
[2018.08.21-15.05.18:654][611]LogBlueprintUserMessages: [GameplayPC_C_1] Controller ID-1 selected weapon slot: WeaponSlot1 Hand: false
[2018.08.21-15.05.19:021][622]LogBlueprintUserMessages: [GameplayPC_C_0] Controller ID-0 selected weapon slot: Null Hand: false
[2018.08.21-15.05.19:055][623]LogBlueprintUserMessages: [GameplayPC_C_2] Controller ID-2 selected weapon slot: Null Hand: false
[2018.08.21-15.05.19:154][626]LogBlueprintUserMessages: [GameplayPC_C_1] Controller ID-1 selected weapon slot: WeaponSlot1 Hand: false
[2018.08.21-15.05.19:553][638]LogBlueprintUserMessages: [GameplayPC_C_0] Controller ID-0 selected weapon slot: Null Hand: false
[2018.08.21-15.05.19:587][639]LogBlueprintUserMessages: [GameplayPC_C_2] Controller ID-2 selected weapon slot: Null Hand: false
[2018.08.21-15.05.19:687][642]LogBlueprintUserMessages: [GameplayPC_C_1] Controller ID-1 selected weapon slot: WeaponSlot1 Hand: false
[2018.08.21-15.05.20:053][653]LogBlueprintUserMessages: [GameplayPC_C_0] Controller ID-0 selected weapon slot: Null Hand: false
[2018.08.21-15.05.20:119][655]LogBlueprintUserMessages: [GameplayPC_C_2] Controller ID-2 selected weapon slot: Null Hand: false
[2018.08.21-15.05.20:219][658]LogBlueprintUserMessages: [GameplayPC_C_1] Controller ID-1 selected weapon slot: WeaponSlot1 Hand: false
[2018.08.21-15.05.20:584][669]LogBlueprintUserMessages: [GameplayPC_C_0] Controller ID-0 selected weapon slot: Null Hand: false
[2018.08.21-15.05.20:651][671]LogBlueprintUserMessages: [GameplayPC_C_2] Controller ID-2 selected weapon slot: Null Hand: false
[2018.08.21-15.05.20:751][674]LogBlueprintUserMessages: [GameplayPC_C_1] Controller ID-1 selected weapon slot: WeaponSlot1 Hand: false
[2018.08.21-15.05.21:116][685]LogBlueprintUserMessages: [GameplayPC_C_0] Controller ID-0 selected weapon slot: Null Hand: false
[2018.08.21-15.05.21:182][687]LogBlueprintUserMessages: [GameplayPC_C_2] Controller ID-2 selected weapon slot: Null Hand: false
[2018.08.21-15.05.21:282][690]LogBlueprintUserMessages: [GameplayPC_C_1] Controller ID-1 selected weapon slot: WeaponSlot1 Hand: false
[2018.08.21-15.05.21:648][701]LogBlueprintUserMessages: [GameplayPC_C_0] Controller ID-0 selected weapon slot: Null Hand: false
[2018.08.21-15.05.21:715][703]LogBlueprintUserMessages: [GameplayPC_C_2] Controller ID-2 selected weapon slot: Null Hand: false
[2018.08.21-15.05.21:782][705]LogBlueprintUserMessages: [GameplayPC_C_1] Controller ID-1 selected weapon slot: WeaponSlot1 Hand: false
[2018.08.21-15.05.22:181][717]LogBlueprintUserMessages: [GameplayPC_C_0] Controller ID-0 selected weapon slot: Null Hand: false
[2018.08.21-15.05.22:248][719]LogBlueprintUserMessages: [GameplayPC_C_2] Controller ID-2 selected weapon slot: Null Hand: false
[2018.08.21-15.05.22:314][721]LogBlueprintUserMessages: [GameplayPC_C_1] Controller ID-1 selected weapon slot: WeaponSlot1 Hand: false
[2018.08.21-15.05.22:713][733]LogBlueprintUserMessages: [GameplayPC_C_0] Controller ID-0 selected weapon slot: Null Hand: false
[2018.08.21-15.05.22:780][735]LogBlueprintUserMessages: [GameplayPC_C_2] Controller ID-2 selected weapon slot: Null Hand: false
[2018.08.21-15.05.22:847][737]LogBlueprintUserMessages: [GameplayPC_C_1] Controller ID-1 selected weapon slot: WeaponSlot1 Hand: false
[2018.08.21-15.05.23:045][743]LogBlueprintUserMessages: [GameplayPC_C_1] state start Interaction
[2018.08.21-15.05.23:045][743]LogBlueprintUserMessages: [GameplayPC_C_1] state end Idle
[2018.08.21-15.05.23:246][749]LogBlueprintUserMessages: [GameplayPC_C_0] Controller ID-0 selected weapon slot: Null Hand: false
[2018.08.21-15.05.23:313][751]LogBlueprintUserMessages: [GameplayPC_C_2] Controller ID-2 selected weapon slot: Null Hand: false
[2018.08.21-15.05.23:347][752]LogBlueprintUserMessages: [GameplayPC_C_1] Controller ID-1 selected weapon slot: WeaponSlot1 Hand: true
[2018.08.21-15.05.23:746][764]LogBlueprintUserMessages: [GameplayPC_C_0] Controller ID-0 selected weapon slot: Null Hand: false
[2018.08.21-15.05.23:846][767]LogBlueprintUserMessages: [GameplayPC_C_2] Controller ID-2 selected weapon slot: Null Hand: false
[2018.08.21-15.05.23:880][768]LogBlueprintUserMessages: [GameplayPC_C_1] Controller ID-1 selected weapon slot: WeaponSlot1 Hand: true
[2018.08.21-15.05.24:277][780]LogBlueprintUserMessages: [GameplayPC_C_0] Controller ID-0 selected weapon slot: Null Hand: false
[2018.08.21-15.05.24:377][783]LogBlueprintUserMessages: [GameplayPC_C_2] Controller ID-2 selected weapon slot: Null Hand: false
[2018.08.21-15.05.24:410][784]LogBlueprintUserMessages: [GameplayPC_C_1] Controller ID-1 selected weapon slot: WeaponSlot1 Hand: true
[2018.08.21-15.05.24:809][796]LogBlueprintUserMessages: [GameplayPC_C_0] Controller ID-0 selected weapon slot: Null Hand: false
[2018.08.21-15.05.24:909][799]LogBlueprintUserMessages: [GameplayPC_C_2] Controller ID-2 selected weapon slot: Null Hand: false
[2018.08.21-15.05.24:942][800]LogBlueprintUserMessages: [GameplayPC_C_1] Controller ID-1 selected weapon slot: WeaponSlot1 Hand: true
[2018.08.21-15.05.25:339][812]LogBlueprintUserMessages: [GameplayPC_C_0] Controller ID-0 selected weapon slot: Null Hand: false
[2018.08.21-15.05.25:439][815]LogBlueprintUserMessages: [GameplayPC_C_2] Controller ID-2 selected weapon slot: Null Hand: false
[2018.08.21-15.05.25:473][816]LogBlueprintUserMessages: [GameplayPC_C_1] Controller ID-1 selected weapon slot: WeaponSlot1 Hand: true
[2018.08.21-15.05.25:870][828]LogBlueprintUserMessages: [GameplayPC_C_0] Controller ID-0 selected weapon slot: Null Hand: false
[2018.08.21-15.05.25:970][831]LogBlueprintUserMessages: [GameplayPC_C_2] Controller ID-2 selected weapon slot: Null Hand: false
[2018.08.21-15.05.26:004][832]LogBlueprintUserMessages: [GameplayPC_C_1] Controller ID-1 selected weapon slot: WeaponSlot1 Hand: true
[2018.08.21-15.05.26:370][843]LogBlueprintUserMessages: [GameplayPC_C_0] Controller ID-0 selected weapon slot: Null Hand: false
[2018.08.21-15.05.26:471][846]LogBlueprintUserMessages: [GameplayPC_C_2] Controller ID-2 selected weapon slot: Null Hand: false
[2018.08.21-15.05.26:505][847]LogBlueprintUserMessages: [GameplayPC_C_1] Controller ID-1 selected weapon slot: WeaponSlot1 Hand: true
[2018.08.21-15.05.26:903][859]LogBlueprintUserMessages: [GameplayPC_C_0] Controller ID-0 selected weapon slot: Null Hand: false
[2018.08.21-15.05.27:003][862]LogBlueprintUserMessages: [GameplayPC_C_2] Controller ID-2 selected weapon slot: Null Hand: false
[2018.08.21-15.05.27:037][863]LogBlueprintUserMessages: [GameplayPC_C_1] Controller ID-1 selected weapon slot: WeaponSlot1 Hand: true
[2018.08.21-15.05.27:334][872]LogBlueprintUserMessages: [GameplayPC_C_1] state start Interaction
[2018.08.21-15.05.27:334][872]LogBlueprintUserMessages: [GameplayPC_C_1] state end Idle
[2018.08.21-15.05.27:433][875]LogBlueprintUserMessages: [GameplayPC_C_0] Controller ID-0 selected weapon slot: Null Hand: false
[2018.08.21-15.05.27:532][878]LogBlueprintUserMessages: [GameplayPC_C_2] Controller ID-2 selected weapon slot: Null Hand: false
[2018.08.21-15.05.27:566][879]LogBlueprintUserMessages: [GameplayPC_C_1] Controller ID-1 selected weapon slot: WeaponSlot1 Hand: false
[2018.08.21-15.05.27:963][891]LogBlueprintUserMessages: [GameplayPC_C_0] Controller ID-0 selected weapon slot: Null Hand: false
[2018.08.21-15.05.28:063][894]LogBlueprintUserMessages: [GameplayPC_C_2] Controller ID-2 selected weapon slot: Null Hand: false
[2018.08.21-15.05.28:097][895]LogBlueprintUserMessages: [GameplayPC_C_1] Controller ID-1 selected weapon slot: WeaponSlot1 Hand: false
[2018.08.21-15.05.28:494][907]LogBlueprintUserMessages: [GameplayPC_C_0] Controller ID-0 selected weapon slot: Null Hand: false
[2018.08.21-15.05.28:593][910]LogBlueprintUserMessages: [GameplayPC_C_2] Controller ID-2 selected weapon slot: Null Hand: false
[2018.08.21-15.05.28:627][911]LogBlueprintUserMessages: [GameplayPC_C_1] Controller ID-1 selected weapon slot: WeaponSlot1 Hand: false
[2018.08.21-15.05.29:025][923]LogBlueprintUserMessages: [GameplayPC_C_0] Controller ID-0 selected weapon slot: Null Hand: false
[2018.08.21-15.05.29:125][926]LogBlueprintUserMessages: [GameplayPC_C_2] Controller ID-2 selected weapon slot: Null Hand: false
[2018.08.21-15.05.29:159][927]LogBlueprintUserMessages: [GameplayPC_C_1] Controller ID-1 selected weapon slot: WeaponSlot1 Hand: false
[2018.08.21-15.05.29:557][939]LogBlueprintUserMessages: [GameplayPC_C_0] Controller ID-0 selected weapon slot: Null Hand: false
[2018.08.21-15.05.29:657][942]LogBlueprintUserMessages: [GameplayPC_C_2] Controller ID-2 selected weapon slot: Null Hand: false
[2018.08.21-15.05.29:690][943]LogBlueprintUserMessages: [GameplayPC_C_1] Controller ID-1 selected weapon slot: WeaponSlot1 Hand: false
[2018.08.21-15.05.30:088][955]LogBlueprintUserMessages: [GameplayPC_C_0] Controller ID-0 selected weapon slot: Null Hand: false
[2018.08.21-15.05.30:188][958]LogBlueprintUserMessages: [GameplayPC_C_2] Controller ID-2 selected weapon slot: Null Hand: false
[2018.08.21-15.05.30:221][959]LogBlueprintUserMessages: [GameplayPC_C_1] Controller ID-1 selected weapon slot: WeaponSlot1 Hand: false
[2018.08.21-15.05.30:620][971]LogBlueprintUserMessages: [GameplayPC_C_0] Controller ID-0 selected weapon slot: Null Hand: false
[2018.08.21-15.05.30:688][973]LogBlueprintUserMessages: [GameplayPC_C_2] Controller ID-2 selected weapon slot: Null Hand: false
[2018.08.21-15.05.30:722][974]LogBlueprintUserMessages: [GameplayPC_C_1] Controller ID-1 selected weapon slot: WeaponSlot1 Hand: false
[2018.08.21-15.05.31:152][987]LogBlueprintUserMessages: [GameplayPC_C_0] Controller ID-0 selected weapon slot: Null Hand: false
[2018.08.21-15.05.31:218][989]LogBlueprintUserMessages: [GameplayPC_C_2] Controller ID-2 selected weapon slot: Null Hand: false
[2018.08.21-15.05.31:252][990]LogBlueprintUserMessages: [GameplayPC_C_1] Controller ID-1 selected weapon slot: WeaponSlot1 Hand: false
[2018.08.21-15.05.31:682][  3]LogBlueprintUserMessages: [GameplayPC_C_0] Controller ID-0 selected weapon slot: Null Hand: false
[2018.08.21-15.05.31:749][  5]LogBlueprintUserMessages: [GameplayPC_C_2] Controller ID-2 selected weapon slot: Null Hand: false
[2018.08.21-15.05.31:783][  6]LogBlueprintUserMessages: [GameplayPC_C_1] Controller ID-1 selected weapon slot: WeaponSlot1 Hand: false
[2018.08.21-15.05.32:214][ 19]LogBlueprintUserMessages: [GameplayPC_C_0] Controller ID-0 selected weapon slot: Null Hand: false
[2018.08.21-15.05.32:281][ 21]LogBlueprintUserMessages: [GameplayPC_C_2] Controller ID-2 selected weapon slot: Null Hand: false
[2018.08.21-15.05.32:315][ 22]LogBlueprintUserMessages: [GameplayPC_C_1] Controller ID-1 selected weapon slot: WeaponSlot1 Hand: false
[2018.08.21-15.05.32:717][ 34]LogBlueprintUserMessages: [GameplayPC_C_0] Controller ID-0 selected weapon slot: Null Hand: false
[2018.08.21-15.05.32:784][ 36]LogBlueprintUserMessages: [GameplayPC_C_2] Controller ID-2 selected weapon slot: Null Hand: false
[2018.08.21-15.05.32:818][ 37]LogBlueprintUserMessages: [GameplayPC_C_1] Controller ID-1 selected weapon slot: WeaponSlot1 Hand: false
[2018.08.21-15.05.33:219][ 49]LogBlueprintUserMessages: [GameplayPC_C_0] Controller ID-0 selected weapon slot: Null Hand: false
[2018.08.21-15.05.33:286][ 51]LogBlueprintUserMessages: [GameplayPC_C_2] Controller ID-2 selected weapon slot: Null Hand: false
[2018.08.21-15.05.33:320][ 52]LogBlueprintUserMessages: [GameplayPC_C_1] Controller ID-1 selected weapon slot: WeaponSlot1 Hand: false
[2018.08.21-15.05.33:388][ 54]LogBlueprintUserMessages: [GameplayPC_C_1] Reset Jump controller id: 1
[2018.08.21-15.05.33:752][ 65]LogBlueprintUserMessages: [GameplayPC_C_0] Controller ID-0 selected weapon slot: Null Hand: false
[2018.08.21-15.05.33:818][ 67]LogBlueprintUserMessages: [GameplayPC_C_2] Controller ID-2 selected weapon slot: Null Hand: false
[2018.08.21-15.05.33:852][ 68]LogBlueprintUserMessages: [GameplayPC_C_1] Controller ID-1 selected weapon slot: WeaponSlot1 Hand: false
[2018.08.21-15.05.34:252][ 80]LogBlueprintUserMessages: [GameplayPC_C_0] Controller ID-0 selected weapon slot: Null Hand: false
[2018.08.21-15.05.34:319][ 82]LogBlueprintUserMessages: [GameplayPC_C_2] Controller ID-2 selected weapon slot: Null Hand: false
[2018.08.21-15.05.34:353][ 83]LogBlueprintUserMessages: [GameplayPC_C_1] Controller ID-1 selected weapon slot: WeaponSlot1 Hand: false
[2018.08.21-15.05.34:782][ 96]LogNet: UChannel::ReceivedSequencedBunch: Bunch.bClose == true. ChIndex == 0. Calling ConditionalCleanUp.
[2018.08.21-15.05.34:782][ 96]LogNet: UChannel::CleanUp: ChIndex == 0. Closing connection. [UChannel] ChIndex: 0, Closing: 0 [UNetConnection] RemoteAddr: 127.0.0.1:58628, Name: IpConnection_1, Driver: GameNetDriver IpNetDriver_0, IsServer: YES, PC: GameplayPC_C_1, Owner: GameplayPC_C_1, UniqueId: DESKTOP-LI0N2FC-0FAB33BF4301466BAE558984FC79A5C1
[2018.08.21-15.05.34:783][ 96]LogNet: UNetConnection::Close: [UNetConnection] RemoteAddr: 127.0.0.1:58628, Name: IpConnection_1, Driver: GameNetDriver IpNetDriver_0, IsServer: YES, PC: GameplayPC_C_1, Owner: GameplayPC_C_1, UniqueId: DESKTOP-LI0N2FC-0FAB33BF4301466BAE558984FC79A5C1, Channels: 15, Time: 2018.08.21-15.05.34
[2018.08.21-15.05.34:783][ 96]LogNet: UChannel::Close: Sending CloseBunch. ChIndex == 0. Name: [UChannel] ChIndex: 0, Closing: 0 [UNetConnection] RemoteAddr: 127.0.0.1:58628, Name: IpConnection_1, Driver: GameNetDriver IpNetDriver_0, IsServer: YES, PC: GameplayPC_C_1, Owner: GameplayPC_C_1, UniqueId: DESKTOP-LI0N2FC-0FAB33BF4301466BAE558984FC79A5C1
[2018.08.21-15.05.34:784][ 96]LogOnline: Warning: OSS: Can't destroy a null online session (GameSession)
[2018.08.21-15.05.34:784][ 96]LogOnline: Warning: OSS: No game present to leave for session (GameSession)
[2018.08.21-15.05.34:784][ 96]LogBlueprintUserMessages: [GameplayPC_C_0] Controller ID-0 selected weapon slot: Null Hand: false
[2018.08.21-15.05.34:848][ 98]LogBlueprintUserMessages: [GameplayPC_C_2] Controller ID-2 selected weapon slot: Null Hand: false
[2018.08.21-15.05.35:310][112]LogBlueprintUserMessages: [GameplayPC_C_0] Controller ID-0 selected weapon slot: Null Hand: false
[2018.08.21-15.05.35:377][114]LogBlueprintUserMessages: [GameplayPC_C_2] Controller ID-2 selected weapon slot: Null Hand: false
[2018.08.21-15.05.35:542][119]LogNet: UChannel::ReceivedSequencedBunch: Bunch.bClose == true. ChIndex == 0. Calling ConditionalCleanUp.
[2018.08.21-15.05.35:542][119]LogNet: UChannel::CleanUp: ChIndex == 0. Closing connection. [UChannel] ChIndex: 0, Closing: 0 [UNetConnection] RemoteAddr: 127.0.0.1:58627, Name: IpConnection_0, Driver: GameNetDriver IpNetDriver_0, IsServer: YES, PC: GameplayPC_C_0, Owner: GameplayPC_C_0, UniqueId: DESKTOP-LI0N2FC-A221BD5845462AF75EDACBBB47635972
[2018.08.21-15.05.35:542][119]LogNet: UNetConnection::Close: [UNetConnection] RemoteAddr: 127.0.0.1:58627, Name: IpConnection_0, Driver: GameNetDriver IpNetDriver_0, IsServer: YES, PC: GameplayPC_C_0, Owner: GameplayPC_C_0, UniqueId: DESKTOP-LI0N2FC-A221BD5845462AF75EDACBBB47635972, Channels: 13, Time: 2018.08.21-15.05.35
[2018.08.21-15.05.35:543][119]LogNet: UChannel::Close: Sending CloseBunch. ChIndex == 0. Name: [UChannel] ChIndex: 0, Closing: 0 [UNetConnection] RemoteAddr: 127.0.0.1:58627, Name: IpConnection_0, Driver: GameNetDriver IpNetDriver_0, IsServer: YES, PC: GameplayPC_C_0, Owner: GameplayPC_C_0, UniqueId: DESKTOP-LI0N2FC-A221BD5845462AF75EDACBBB47635972
[2018.08.21-15.05.35:544][119]LogOnline: Warning: OSS: Can't destroy a null online session (GameSession)
[2018.08.21-15.05.35:544][119]LogOnline: Warning: OSS: No game present to leave for session (GameSession)
[2018.08.21-15.05.35:905][130]LogBlueprintUserMessages: [GameplayPC_C_2] Controller ID-2 selected weapon slot: Null Hand: false
[2018.08.21-15.05.36:136][137]LogNet: UChannel::ReceivedSequencedBunch: Bunch.bClose == true. ChIndex == 0. Calling ConditionalCleanUp.
[2018.08.21-15.05.36:136][137]LogNet: UChannel::CleanUp: ChIndex == 0. Closing connection. [UChannel] ChIndex: 0, Closing: 0 [UNetConnection] RemoteAddr: 127.0.0.1:58626, Name: IpConnection_2, Driver: GameNetDriver IpNetDriver_0, IsServer: YES, PC: GameplayPC_C_2, Owner: GameplayPC_C_2, UniqueId: DESKTOP-LI0N2FC-9EFA4C284FA0F22706B462812286899B
[2018.08.21-15.05.36:137][137]LogNet: UNetConnection::Close: [UNetConnection] RemoteAddr: 127.0.0.1:58626, Name: IpConnection_2, Driver: GameNetDriver IpNetDriver_0, IsServer: YES, PC: GameplayPC_C_2, Owner: GameplayPC_C_2, UniqueId: DESKTOP-LI0N2FC-9EFA4C284FA0F22706B462812286899B, Channels: 11, Time: 2018.08.21-15.05.36
[2018.08.21-15.05.36:137][137]LogNet: UChannel::Close: Sending CloseBunch. ChIndex == 0. Name: [UChannel] ChIndex: 0, Closing: 0 [UNetConnection] RemoteAddr: 127.0.0.1:58626, Name: IpConnection_2, Driver: GameNetDriver IpNetDriver_0, IsServer: YES, PC: GameplayPC_C_2, Owner: GameplayPC_C_2, UniqueId: DESKTOP-LI0N2FC-9EFA4C284FA0F22706B462812286899B
[2018.08.21-15.05.36:138][137]LogOnline: Warning: OSS: Can't destroy a null online session (GameSession)
[2018.08.21-15.05.36:138][137]LogOnline: Warning: OSS: No game present to leave for session (GameSession)
