Log file open, 08/21/18 05:35:57
LogWindows: Failed to load 'aqProf.dll' (GetLastError=126)
LogWindows: File 'aqProf.dll' does not exist
LogWindows: Failed to load 'VtuneApi.dll' (GetLastError=126)
LogWindows: File 'VtuneApi.dll' does not exist
LogWindows: Failed to load 'VtuneApi32e.dll' (GetLastError=126)
LogWindows: File 'VtuneApi32e.dll' does not exist
LogInit: Display: Running engine for game: DarkCrystal
LogPlatformFile: Not using cached read wrapper
LogInit: Display: RandInit(1119594829) SRandInit(1119594829).
LogInit: Read version file with build ID '3944462'
LogInit: Overriding engine version to CL 4033788, compatible CL 3944462
LogInit: Registered custom module enumerator with build ID '3944462'
LogTaskGraph: Started task graph with 5 named threads and 23 total threads with 3 sets of task threads.
LogStats: Stats thread started at 0.267537
LogD3D11RHI: Aftermath initialized
LogICUInternationalization: Display: ICU TimeZone Detection - Raw Offset: -8:00, Platform Override: ''
LogModuleManager: Display: Found up-to-date module file ../../../Engine/Plugins/Online/OnlineSubsystemSteam/Binaries/Win64/UE4Editor-OnlineSubsystemSteam.dll (API version 3944462).
LogModuleManager: Display: Found up-to-date module file ../../../Engine/Plugins/Online/OnlineSubsystem/Binaries/Win64/UE4Editor-OnlineSubsystem.dll (API version 3944462).
LogModuleManager: Display: Found up-to-date module file ../../../Engine/Plugins/Online/OnlineSubsystemUtils/Binaries/Win64/UE4Editor-OnlineSubsystemUtils.dll (API version 3944462).
LogModuleManager: Display: Found up-to-date module file ../../../Engine/Plugins/Online/OnlineSubsystemUtils/Binaries/Win64/UE4Editor-OnlineBlueprintSupport.dll (API version 3944462).
LogModuleManager: Display: Found up-to-date module file ../../../Engine/Plugins/VictoryPlugin/Binaries/Win64/UE4Editor-VictoryBPLibrary.dll (API version 3944462).
LogModuleManager: Display: Found up-to-date module file ../../../Engine/Plugins/Runtime/ApexDestruction/Binaries/Win64/UE4Editor-ApexDestruction.dll (API version 3944462).
LogModuleManager: Display: Found up-to-date module file ../../../Engine/Plugins/Runtime/ApexDestruction/Binaries/Win64/UE4Editor-ApexDestructionEditor.dll (API version 3944462).
LogModuleManager: Display: Found up-to-date module file ../../../Engine/Plugins/AdvancedSessions/AdvancedSessions/Binaries/Win64/UE4Editor-AdvancedSessions.dll (API version 3944462).
LogModuleManager: Display: Found up-to-date module file ../../../Engine/Plugins/AdvancedSessions/AdvancedSteamSessions/Binaries/Win64/UE4Editor-AdvancedSteamSessions.dll (API version 3944462).
LogModuleManager: Display: Found up-to-date module file ../../../Engine/Plugins/2D/Paper2D/Binaries/Win64/UE4Editor-Paper2D.dll (API version 3944462).
LogModuleManager: Display: Found up-to-date module file ../../../Engine/Plugins/2D/Paper2D/Binaries/Win64/UE4Editor-Paper2DEditor.dll (API version 3944462).
LogModuleManager: Display: Found up-to-date module file ../../../Engine/Plugins/2D/Paper2D/Binaries/Win64/UE4Editor-PaperSpriteSheetImporter.dll (API version 3944462).
LogModuleManager: Display: Found up-to-date module file ../../../Engine/Plugins/2D/Paper2D/Binaries/Win64/UE4Editor-PaperTiledImporter.dll (API version 3944462).
LogModuleManager: Display: Found up-to-date module file ../../../Engine/Plugins/2D/Paper2D/Binaries/Win64/UE4Editor-SmartSnapping.dll (API version 3944462).
LogModuleManager: Display: Found up-to-date module file ../../../Engine/Plugins/Blendables/LightPropagationVolume/Binaries/Win64/UE4Editor-LightPropagationVolumeRuntime.dll (API version 3944462).
LogModuleManager: Display: Found up-to-date module file ../../../Engine/Plugins/Blendables/LightPropagationVolume/Binaries/Win64/UE4Editor-LightPropagationVolumeEditor.dll (API version 3944462).
LogModuleManager: Display: Found up-to-date module file ../../../Engine/Plugins/Developer/CLionSourceCodeAccess/Binaries/Win64/UE4Editor-CLionSourceCodeAccess.dll (API version 3944462).
LogModuleManager: Display: Found up-to-date module file ../../../Engine/Plugins/Developer/GitSourceControl/Binaries/Win64/UE4Editor-GitSourceControl.dll (API version 3944462).
LogModuleManager: Display: Found up-to-date module file ../../../Engine/Plugins/Developer/PerforceSourceControl/Binaries/Win64/UE4Editor-PerforceSourceControl.dll (API version 3944462).
LogModuleManager: Display: Found up-to-date module file ../../../Engine/Plugins/Developer/SubversionSourceControl/Binaries/Win64/UE4Editor-SubversionSourceControl.dll (API version 3944462).
LogModuleManager: Display: Found up-to-date module file ../../../Engine/Plugins/Developer/UObjectPlugin/Binaries/Win64/UE4Editor-UObjectPlugin.dll (API version 3944462).
LogModuleManager: Display: Found up-to-date module file ../../../Engine/Plugins/Developer/VisualStudioCodeSourceCodeAccess/Binaries/Win64/UE4Editor-VisualStudioCodeSourceCodeAccess.dll (API version 3944462).
LogModuleManager: Display: Found up-to-date module file ../../../Engine/Plugins/Developer/VisualStudioSourceCodeAccess/Binaries/Win64/UE4Editor-VisualStudioSourceCodeAccess.dll (API version 3944462).
LogModuleManager: Display: Found up-to-date module file ../../../Engine/Plugins/Editor/AssetManagerEditor/Binaries/Win64/UE4Editor-AssetManagerEditor.dll (API version 3944462).
LogModuleManager: Display: Found up-to-date module file ../../../Engine/Plugins/Editor/CryptoKeys/Binaries/Win64/UE4Editor-CryptoKeys.dll (API version 3944462).
LogModuleManager: Display: Found up-to-date module file ../../../Engine/Plugins/Editor/CryptoKeys/Binaries/Win64/UE4Editor-CryptoKeysOpenSSL.dll (API version 3944462).
LogModuleManager: Display: Found up-to-date module file ../../../Engine/Plugins/Editor/DataValidation/Binaries/Win64/UE4Editor-DataValidation.dll (API version 3944462).
LogModuleManager: Display: Found up-to-date module file ../../../Engine/Plugins/Editor/FacialAnimation/Binaries/Win64/UE4Editor-FacialAnimation.dll (API version 3944462).
LogModuleManager: Display: Found up-to-date module file ../../../Engine/Plugins/Editor/FacialAnimation/Binaries/Win64/UE4Editor-FacialAnimationEditor.dll (API version 3944462).
LogModuleManager: Display: Found up-to-date module file ../../../Engine/Plugins/Editor/GameplayTagsEditor/Binaries/Win64/UE4Editor-GameplayTagsEditor.dll (API version 3944462).
LogModuleManager: Display: Found up-to-date module file ../../../Engine/Plugins/Editor/MobileLauncherProfileWizard/Binaries/Win64/UE4Editor-MobileLauncherProfileWizard.dll (API version 3944462).
LogModuleManager: Display: Found up-to-date module file ../../../Engine/Plugins/Editor/PluginBrowser/Binaries/Win64/UE4Editor-PluginBrowser.dll (API version 3944462).
LogModuleManager: Display: Found up-to-date module file ../../../Engine/Plugins/Editor/SpeedTreeImporter/Binaries/Win64/UE4Editor-SpeedTreeImporter.dll (API version 3944462).
LogModuleManager: Display: Found up-to-date module file ../../../Engine/Plugins/Enterprise/DatasmithContent/Binaries/Win64/UE4Editor-DatasmithContent.dll (API version 3944462).
LogModuleManager: Display: Found up-to-date module file ../../../Engine/Plugins/Experimental/AlembicImporter/Binaries/Win64/UE4Editor-AlembicImporter.dll (API version 3944462).
LogModuleManager: Display: Found up-to-date module file ../../../Engine/Plugins/Experimental/AlembicImporter/Binaries/Win64/UE4Editor-AlembicLibrary.dll (API version 3944462).
LogModuleManager: Display: Found up-to-date module file ../../../Engine/Plugins/Experimental/CharacterAI/Binaries/Win64/UE4Editor-CharacterAI.dll (API version 3944462).
LogModuleManager: Display: Found up-to-date module file ../../../Engine/Plugins/Experimental/HTML5Networking/Binaries/Win64/UE4Editor-HTML5Networking.dll (API version 3944462).
LogModuleManager: Display: Found up-to-date module file ../../../Engine/Plugins/Media/AndroidMedia/Binaries/Win64/UE4Editor-AndroidMediaEditor.dll (API version 3944462).
LogModuleManager: Display: Found up-to-date module file ../../../Engine/Plugins/Media/AndroidMedia/Binaries/Win64/UE4Editor-AndroidMediaFactory.dll (API version 3944462).
LogModuleManager: Display: Found up-to-date module file ../../../Engine/Plugins/Media/AvfMedia/Binaries/Win64/UE4Editor-AvfMediaEditor.dll (API version 3944462).
LogModuleManager: Display: Found up-to-date module file ../../../Engine/Plugins/Media/AvfMedia/Binaries/Win64/UE4Editor-AvfMediaFactory.dll (API version 3944462).
LogModuleManager: Display: Found up-to-date module file ../../../Engine/Plugins/Media/AvfMedia/Binaries/Win64/UE4Editor-AvfMediaFactory.dll (API version 3944462).
LogModuleManager: Display: Found up-to-date module file ../../../Engine/Plugins/Media/ImgMedia/Binaries/Win64/UE4Editor-ImgMedia.dll (API version 3944462).
LogModuleManager: Display: Found up-to-date module file ../../../Engine/Plugins/Media/ImgMedia/Binaries/Win64/UE4Editor-ImgMediaEditor.dll (API version 3944462).
LogModuleManager: Display: Found up-to-date module file ../../../Engine/Plugins/Media/ImgMedia/Binaries/Win64/UE4Editor-ImgMediaFactory.dll (API version 3944462).
LogModuleManager: Display: Found up-to-date module file ../../../Engine/Plugins/Media/ImgMedia/Binaries/Win64/UE4Editor-ImgMediaFactory.dll (API version 3944462).
LogModuleManager: Display: Found up-to-date module file ../../../Engine/Plugins/Media/ImgMedia/Binaries/Win64/UE4Editor-OpenExrWrapper.dll (API version 3944462).
LogModuleManager: Display: Found up-to-date module file ../../../Engine/Plugins/Media/LinearTimecode/Binaries/Win64/UE4Editor-LinearTimecode.dll (API version 3944462).
LogModuleManager: Display: Found up-to-date module file ../../../Engine/Plugins/Media/MediaCompositing/Binaries/Win64/UE4Editor-MediaCompositing.dll (API version 3944462).
LogModuleManager: Display: Found up-to-date module file ../../../Engine/Plugins/Media/MediaCompositing/Binaries/Win64/UE4Editor-MediaCompositingEditor.dll (API version 3944462).
LogModuleManager: Display: Found up-to-date module file ../../../Engine/Plugins/Media/MediaPlayerEditor/Binaries/Win64/UE4Editor-MediaPlayerEditor.dll (API version 3944462).
LogModuleManager: Display: Found up-to-date module file ../../../Engine/Plugins/Media/WmfMedia/Binaries/Win64/UE4Editor-WmfMedia.dll (API version 3944462).
LogModuleManager: Display: Found up-to-date module file ../../../Engine/Plugins/Media/WmfMedia/Binaries/Win64/UE4Editor-WmfMediaEditor.dll (API version 3944462).
LogModuleManager: Display: Found up-to-date module file ../../../Engine/Plugins/Media/WmfMedia/Binaries/Win64/UE4Editor-WmfMediaFactory.dll (API version 3944462).
LogModuleManager: Display: Found up-to-date module file ../../../Engine/Plugins/Media/WmfMedia/Binaries/Win64/UE4Editor-WmfMediaFactory.dll (API version 3944462).
LogModuleManager: Display: Found up-to-date module file ../../../Engine/Plugins/Messaging/TcpMessaging/Binaries/Win64/UE4Editor-TcpMessaging.dll (API version 3944462).
LogModuleManager: Display: Found up-to-date module file ../../../Engine/Plugins/Messaging/UdpMessaging/Binaries/Win64/UE4Editor-UdpMessaging.dll (API version 3944462).
LogModuleManager: Display: Found up-to-date module file ../../../Engine/Plugins/MovieScene/ActorSequence/Binaries/Win64/UE4Editor-ActorSequence.dll (API version 3944462).
LogModuleManager: Display: Found up-to-date module file ../../../Engine/Plugins/MovieScene/LevelSequenceEditor/Binaries/Win64/UE4Editor-LevelSequenceEditor.dll (API version 3944462).
LogModuleManager: Display: Found up-to-date module file ../../../Engine/Plugins/MovieScene/MatineeToLevelSequence/Binaries/Win64/UE4Editor-MatineeToLevelSequence.dll (API version 3944462).
LogModuleManager: Display: Found up-to-date module file ../../../Engine/Plugins/NetcodeUnitTest/NetcodeUnitTest/Binaries/Win64/UE4Editor-NetcodeUnitTest.dll (API version 3944462).
LogModuleManager: Display: Found up-to-date module file ../../../Engine/Plugins/NetcodeUnitTest/NUTUnrealEngine4/Binaries/Win64/UE4Editor-NUTUnrealEngine4.dll (API version 3944462).
LogModuleManager: Display: Found up-to-date module file ../../../Engine/Plugins/Runtime/AndroidPermission/Binaries/Win64/UE4Editor-AndroidPermission.dll (API version 3944462).
LogModuleManager: Display: Found up-to-date module file ../../../Engine/Plugins/Online/OnlineSubsystemNull/Binaries/Win64/UE4Editor-OnlineSubsystemNull.dll (API version 3944462).
LogModuleManager: Display: Found up-to-date module file ../../../Engine/Plugins/Runtime/AndroidDeviceProfileSelector/Binaries/Win64/UE4Editor-AndroidDeviceProfileSelector.dll (API version 3944462).
LogModuleManager: Display: Found up-to-date module file ../../../Engine/Plugins/Runtime/AppleARKit/Binaries/Win64/UE4Editor-AppleARKit.dll (API version 3944462).
LogModuleManager: Display: Found up-to-date module file ../../../Engine/Plugins/Runtime/ProceduralMeshComponent/Binaries/Win64/UE4Editor-ProceduralMeshComponent.dll (API version 3944462).
LogModuleManager: Display: Found up-to-date module file ../../../Engine/Plugins/Runtime/ProceduralMeshComponent/Binaries/Win64/UE4Editor-ProceduralMeshComponentEditor.dll (API version 3944462).
LogModuleManager: Display: Found up-to-date module file ../../../Engine/Plugins/Animation/LiveLink/Binaries/Win64/UE4Editor-LiveLink.dll (API version 3944462).
LogModuleManager: Display: Found up-to-date module file ../../../Engine/Plugins/Animation/LiveLink/Binaries/Win64/UE4Editor-LiveLinkEditor.dll (API version 3944462).
LogModuleManager: Display: Found up-to-date module file ../../../Engine/Plugins/Runtime/ArchVisCharacter/Binaries/Win64/UE4Editor-ArchVisCharacter.dll (API version 3944462).
LogModuleManager: Display: Found up-to-date module file ../../../Engine/Plugins/Runtime/AudioCapture/Binaries/Win64/UE4Editor-AudioCapture.dll (API version 3944462).
LogModuleManager: Display: Found up-to-date module file ../../../Engine/Plugins/Runtime/AudioCapture/Binaries/Win64/UE4Editor-AudioCaptureEditor.dll (API version 3944462).
LogModuleManager: Display: Found up-to-date module file ../../../Engine/Plugins/Runtime/CableComponent/Binaries/Win64/UE4Editor-CableComponent.dll (API version 3944462).
LogModuleManager: Display: Found up-to-date module file ../../../Engine/Plugins/Runtime/CustomMeshComponent/Binaries/Win64/UE4Editor-CustomMeshComponent.dll (API version 3944462).
LogModuleManager: Display: Found up-to-date module file ../../../Engine/Plugins/Runtime/ExampleDeviceProfileSelector/Binaries/Win64/UE4Editor-ExampleDeviceProfileSelector.dll (API version 3944462).
LogModuleManager: Display: Found up-to-date module file ../../../Engine/Plugins/Runtime/ImmediatePhysics/Binaries/Win64/UE4Editor-ImmediatePhysics.dll (API version 3944462).
LogModuleManager: Display: Found up-to-date module file ../../../Engine/Plugins/Runtime/ImmediatePhysics/Binaries/Win64/UE4Editor-ImmediatePhysicsEditor.dll (API version 3944462).
LogModuleManager: Display: Found up-to-date module file ../../../Engine/Plugins/Runtime/LocationServicesBPLibrary/Binaries/Win64/UE4Editor-LocationServicesBPLibrary.dll (API version 3944462).
LogModuleManager: Display: Found up-to-date module file ../../../Engine/Plugins/Runtime/MobilePatchingUtils/Binaries/Win64/UE4Editor-MobilePatchingUtils.dll (API version 3944462).
LogModuleManager: Display: Found up-to-date module file ../../../Engine/Plugins/Runtime/Oculus/OculusVR/Binaries/Win64/UE4Editor-OculusHMD.dll (API version 3944462).
LogModuleManager: Display: Found up-to-date module file ../../../Engine/Plugins/Runtime/Oculus/OculusVR/Binaries/Win64/UE4Editor-OculusInput.dll (API version 3944462).
LogModuleManager: Display: Found up-to-date module file ../../../Engine/Plugins/Runtime/Oculus/OculusVR/Binaries/Win64/UE4Editor-OculusEditor.dll (API version 3944462).
LogModuleManager: Display: Found up-to-date module file ../../../Engine/Plugins/Runtime/PhysXVehicles/Binaries/Win64/UE4Editor-PhysXVehicles.dll (API version 3944462).
LogModuleManager: Display: Found up-to-date module file ../../../Engine/Plugins/Runtime/PhysXVehicles/Binaries/Win64/UE4Editor-PhysXVehiclesEditor.dll (API version 3944462).
LogModuleManager: Display: Found up-to-date module file ../../../Engine/Plugins/Runtime/RuntimePhysXCooking/Binaries/Win64/UE4Editor-RuntimePhysXCooking.dll (API version 3944462).
LogModuleManager: Display: Found up-to-date module file ../../../Engine/Plugins/Runtime/Steam/SteamVR/Binaries/Win64/UE4Editor-SteamVR.dll (API version 3944462).
LogModuleManager: Display: Found up-to-date module file ../../../Engine/Plugins/Runtime/Steam/SteamVR/Binaries/Win64/UE4Editor-SteamVRController.dll (API version 3944462).
LogModuleManager: Display: Found up-to-date module file ../../../Engine/Plugins/Runtime/WindowsMoviePlayer/Binaries/Win64/UE4Editor-WindowsMoviePlayer.dll (API version 3944462).
LogPluginManager: Mounting plugin Paper2D
LogPluginManager: Mounting plugin AdvancedSessions
LogPluginManager: Mounting plugin AdvancedSteamSessions
LogPluginManager: Mounting plugin LiveLink
LogPluginManager: Mounting plugin LightPropagationVolume
LogPluginManager: Mounting plugin CLionSourceCodeAccess
LogPluginManager: Mounting plugin CodeLiteSourceCodeAccess
LogPluginManager: Mounting plugin GitSourceControl
LogPluginManager: Mounting plugin KDevelopSourceCodeAccess
LogPluginManager: Mounting plugin NullSourceCodeAccess
LogPluginManager: Mounting plugin PerforceSourceControl
LogPluginManager: Mounting plugin SubversionSourceControl
LogPluginManager: Mounting plugin UObjectPlugin
LogPluginManager: Mounting plugin VisualStudioCodeSourceCodeAccess
LogPluginManager: Mounting plugin VisualStudioSourceCodeAccess
LogPluginManager: Mounting plugin XCodeSourceCodeAccess
LogPluginManager: Mounting plugin AssetManagerEditor
LogPluginManager: Mounting plugin CryptoKeys
LogPluginManager: Mounting plugin DataValidation
LogPluginManager: Mounting plugin FacialAnimation
LogPluginManager: Mounting plugin GameplayTagsEditor
LogPluginManager: Mounting plugin MobileLauncherProfileWizard
LogPluginManager: Mounting plugin PluginBrowser
LogPluginManager: Mounting plugin SpeedTreeImporter
LogPluginManager: Mounting plugin DatasmithContent
LogPluginManager: Mounting plugin AlembicImporter
LogPluginManager: Mounting plugin CharacterAI
LogPluginManager: Mounting plugin HTML5Networking
LogPluginManager: Mounting plugin AndroidMedia
LogPluginManager: Mounting plugin AvfMedia
LogPluginManager: Mounting plugin ImgMedia
LogPluginManager: Mounting plugin LinearTimecode
LogPluginManager: Mounting plugin MediaCompositing
LogPluginManager: Mounting plugin MediaPlayerEditor
LogPluginManager: Mounting plugin WmfMedia
LogPluginManager: Mounting plugin TcpMessaging
LogPluginManager: Mounting plugin UdpMessaging
LogPluginManager: Mounting plugin ActorSequence
LogPluginManager: Mounting plugin LevelSequenceEditor
LogPluginManager: Mounting plugin MatineeToLevelSequence
LogPluginManager: Mounting plugin NetcodeUnitTest
LogPluginManager: Mounting plugin NUTUnrealEngine4
LogPluginManager: Mounting plugin OnlineSubsystemGooglePlay
LogPluginManager: Mounting plugin OnlineSubsystemIOS
LogPluginManager: Mounting plugin OnlineSubsystem
LogPluginManager: Mounting plugin OnlineSubsystemNull
LogPluginManager: Mounting plugin OnlineSubsystemSteam
LogPluginManager: Mounting plugin OnlineSubsystemUtils
LogPluginManager: Mounting plugin AndroidDeviceProfileSelector
LogPluginManager: Mounting plugin AndroidMoviePlayer
LogPluginManager: Mounting plugin AndroidPermission
LogPluginManager: Mounting plugin ApexDestruction
LogPluginManager: Mounting plugin AppleARKit
LogPluginManager: Mounting plugin AppleMoviePlayer
LogPluginManager: Mounting plugin ArchVisCharacter
LogPluginManager: Mounting plugin AudioCapture
LogPluginManager: Mounting plugin CableComponent
LogPluginManager: Mounting plugin CustomMeshComponent
LogPluginManager: Mounting plugin ExampleDeviceProfileSelector
LogPluginManager: Mounting plugin GoogleCloudMessaging
LogPluginManager: Mounting plugin ImmediatePhysics
LogPluginManager: Mounting plugin IOSDeviceProfileSelector
LogPluginManager: Mounting plugin LinuxDeviceProfileSelector
LogPluginManager: Mounting plugin LocationServicesBPLibrary
LogPluginManager: Mounting plugin MobilePatchingUtils
LogPluginManager: Mounting plugin OculusVR
LogPluginManager: Plugin shader directory ../../../Engine/Plugins/Runtime/Oculus/OculusVR/Shaders found
LogPluginManager: Mapping shader source directory ../../../Engine/Plugins/Runtime/Oculus/OculusVR/Shaders to virtual directory /Plugin/OculusVR
LogPluginManager: Mounting plugin PhysXVehicles
LogPluginManager: Mounting plugin ProceduralMeshComponent
LogPluginManager: Mounting plugin RuntimePhysXCooking
LogPluginManager: Mounting plugin SteamVR
LogPluginManager: Mounting plugin WindowsMoviePlayer
LogPluginManager: Mounting plugin VictoryBPLibrary
LogStreaming: Display: Took  0.703s to configure plugins.
LogInit: Using libcurl 7.47.1
LogInit:  - built for x86_64-pc-win32
LogInit:  - supports SSL with OpenSSL/1.0.2g
LogInit:  - supports HTTP deflate (compression) using libz 1.2.8
LogInit:  - other features:
LogInit:      CURL_VERSION_SSL
LogInit:      CURL_VERSION_LIBZ
LogInit:      CURL_VERSION_IPV6
LogInit:      CURL_VERSION_ASYNCHDNS
LogInit:      CURL_VERSION_LARGEFILE
LogInit:      CURL_VERSION_IDN
LogInit:  CurlRequestOptions (configurable via config and command line):
LogInit:  - bVerifyPeer = false  - Libcurl will NOT verify peer certificate
LogInit:  - bUseHttpProxy = false  - Libcurl will NOT use HTTP proxy
LogInit:  - bDontReuseConnections = false  - Libcurl will reuse connections
LogInit:  - CertBundlePath = nullptr  - Libcurl will use whatever was configured at build time.
LogInit:  - MaxHostConnections = 16  - Libcurl will limit the number of connections to a host
LogInit:  - LocalHostAddr = Default
LogOnline: Display: STEAM: Loading Steam SDK 1.39
LogOnline: Warning: STEAM: Steam API disabled!
LogOnline: Display: STEAM: OnlineSubsystemSteam::Shutdown()
LogInit: WinSock: version 1.1 (2.2), MaxSocks=32767, MaxUdp=65467
LogInit: WinSock: I am DESKTOP-LI0N2FC (192.168.29.155:0)
LogInit: Build: ++UE4+Release-4.19-CL-4033788
LogInit: Engine Version: 4.19.2-4033788+++UE4+Release-4.19
LogInit: Compatible Engine Version: 4.19.0-3944462+++UE4+Release-4.19
LogInit: Net CL: 3944462
LogDevObjectVersion: Number of dev versions registered: 18
LogDevObjectVersion:   Dev-Blueprints (B0D832E4-1F89-4F0D-ACCF-7EB736FD4AA2): 10
LogDevObjectVersion:   Dev-Build (E1C64328-A22C-4D53-A36C-8E866417BD8C): 0
LogDevObjectVersion:   Dev-Core (375EC13C-06E4-48FB-B500-84F0262A717E): 2
LogDevObjectVersion:   Dev-Editor (E4B068ED-F494-42E9-A231-DA0B2E46BB41): 23
LogDevObjectVersion:   Dev-Framework (CFFC743F-43B0-4480-9391-14DF171D2073): 33
LogDevObjectVersion:   Dev-Mobile (B02B49B5-BB20-44E9-A304-32B752E40360): 2
LogDevObjectVersion:   Dev-Networking (A4E4105C-59A1-49B5-A7C5-40C4547EDFEE): 0
LogDevObjectVersion:   Dev-Online (39C831C9-5AE6-47DC-9A44-9C173E1C8E7C): 0
LogDevObjectVersion:   Dev-Physics (78F01B33-EBEA-4F98-B9B4-84EACCB95AA2): 0
LogDevObjectVersion:   Dev-Platform (6631380F-2D4D-43E0-8009-CF276956A95A): 0
LogDevObjectVersion:   Dev-Rendering (12F88B9F-8875-4AFC-A67C-D90C383ABD29): 25
LogDevObjectVersion:   Dev-Sequencer (7B5AE74C-D270-4C10-A958-57980B212A5A): 6
LogDevObjectVersion:   Dev-VR (D7296918-1DD6-4BDD-9DE2-64A83CC13884): 1
LogDevObjectVersion:   Dev-LoadTimes (C2A15278-BFE7-4AFE-6C17-90FF531DF755): 1
LogDevObjectVersion:   Private-Geometry (6EACA3D4-40EC-4CC1-B786-8BED09428FC5): 2
LogDevObjectVersion:   Dev-AnimPhys (29E575DD-E0A3-4627-9D10-D276232CDCEA): 16
LogDevObjectVersion:   Dev-ReflectionCapture (6B266CEC-1EC7-4B8F-A30B-E4D90942FC07): 1
LogDevObjectVersion:   Dev-Automation (0DF73D61-A23F-47EA-B727-89E90C41499A): 1
LogInit: Compiled (64-bit): Apr 27 2018 02:06:57
LogInit: Compiled with Visual C++: 19.00.24215.01
LogInit: Build Configuration: Development
LogInit: Branch Name: ++UE4+Release-4.19
LogInit: Command Line:  /Game/Maps/Arena01?Listen -game -PIEVIACONSOLE -ResX=640 -ResY=480  -Multiprocess -messaging -SessionName="Play in Standalone Game" -port=17777 -windowed GameUserSettingsINI="G:/DarkActive/Unreal Projects/DarkCrystal/Saved/Config/Windows/PIEGameUserSettings0.ini" -MultiprocessSaveConfig  -MultiprocessOSS WinX=-1912 WinY=550 SAVEWINPOS=1
LogInit: Base Directory: G:/Epic Games/UE_4.19/Engine/Binaries/Win64/
LogInit: Installed Engine Build: 1
LogStreaming: Display: Took  0.003s to delete old logs.
LogInit: Presizing for max 8388607 objects, including 0 objects not considered by GC, pre-allocating 0 bytes for permanent pool.
LogInit: Object subsystem initialized
[2018.08.21-12.35.58:818][  0]LogInit: Selected Device Profile: [Windows]
[2018.08.21-12.35.58:818][  0]LogInit: Applying CVar settings loaded from the selected device profile: [Windows]
[2018.08.21-12.35.58:821][  0]LogInit: Computer: DESKTOP-LI0N2FC
[2018.08.21-12.35.58:821][  0]LogInit: User: Kappa
[2018.08.21-12.35.58:821][  0]LogInit: CPU Page size=4096, Cores=4
[2018.08.21-12.35.58:821][  0]LogInit: High frequency timer resolution =4.101557 MHz
[2018.08.21-12.35.58:821][  0]LogMemory: Memory total: Physical=31.9GB (32GB approx)
[2018.08.21-12.35.58:821][  0]LogMemory: Platform Memory Stats for Windows
[2018.08.21-12.35.58:821][  0]LogMemory: Process Physical Memory: 276.91 MB used, 276.91 MB peak
[2018.08.21-12.35.58:821][  0]LogMemory: Process Virtual Memory: 277.02 MB used, 277.02 MB peak
[2018.08.21-12.35.58:821][  0]LogMemory: Physical Memory: 12619.72 MB used,  20073.09 MB free, 32692.81 MB total
[2018.08.21-12.35.58:821][  0]LogMemory: Virtual Memory: 4809.07 MB used,  20073.09 MB free, 134217728.00 MB total
[2018.08.21-12.35.58:830][  0]LogInit: Using OS detected language (en-US).
[2018.08.21-12.35.58:830][  0]LogInit: Using OS detected locale (en-US).
[2018.08.21-12.35.58:831][  0]LogTextLocalizationManager: No localization for 'en-US' exists, so 'en' will be used for the language.
[2018.08.21-12.35.58:831][  0]LogTextLocalizationManager: No localization for 'en-US' exists, so 'en' will be used for the locale.
[2018.08.21-12.35.59:186][  0]LogStreaming: Display: Took  0.357s to EndInitTextLocalization.
[2018.08.21-12.35.59:219][  0]LogSlate: New Slate User Created.  User Index 0, Is Virtual User: 0
[2018.08.21-12.35.59:219][  0]LogSlate: Slate User Registered.  User Index 0, Is Virtual User: 0
[2018.08.21-12.35.59:234][  0]LogD3D11RHI: D3D11 adapters:
[2018.08.21-12.35.59:294][  0]LogD3D11RHI:    0. 'NVIDIA GeForce GTX 1070' (Feature Level 11_0)
[2018.08.21-12.35.59:294][  0]LogD3D11RHI:       8096/0/16346 MB DedicatedVideo/DedicatedSystem/SharedSystem, Outputs:2, VendorId:0x10de
[2018.08.21-12.35.59:295][  0]LogD3D11RHI:    1. 'Microsoft Basic Render Driver' (Feature Level 11_0)
[2018.08.21-12.35.59:295][  0]LogD3D11RHI:       0/0/16346 MB DedicatedVideo/DedicatedSystem/SharedSystem, Outputs:0, VendorId:0x1414
[2018.08.21-12.35.59:295][  0]LogD3D11RHI: Chosen D3D11 Adapter: 0
[2018.08.21-12.35.59:302][  0]LogD3D11RHI: Creating new Direct3DDevice
[2018.08.21-12.35.59:302][  0]LogD3D11RHI:     GPU DeviceId: 0x1b81 (for the marketing name, search the web for "GPU Device Id")
[2018.08.21-12.35.59:302][  0]LogWindows: EnumDisplayDevices:
[2018.08.21-12.35.59:302][  0]LogWindows:    0. 'NVIDIA GeForce GTX 1070' (P:1 D:1)
[2018.08.21-12.35.59:302][  0]LogWindows:    1. 'NVIDIA GeForce GTX 1070' (P:0 D:1)
[2018.08.21-12.35.59:302][  0]LogWindows:    2. 'NVIDIA GeForce GTX 1070' (P:0 D:0)
[2018.08.21-12.35.59:303][  0]LogWindows:    3. 'NVIDIA GeForce GTX 1070' (P:0 D:0)
[2018.08.21-12.35.59:303][  0]LogWindows: DebugString: GetVideoDriverDetailsInvalid PrimaryIsNotTheChoosenAdapter GetVideoDriverDetailsInvalid PrimaryIsNotTheChoosenAdapter GetVideoDriverDetailsInvalid PrimaryIsNotTheChoosenAdapter GetVideoDriverDetailsInvalid PrimaryIsNotTheChoosenAdapter FoundDriverCount:0 
[2018.08.21-12.35.59:303][  0]LogD3D11RHI:     Adapter Name: NVIDIA GeForce GTX 1070
[2018.08.21-12.35.59:303][  0]LogD3D11RHI:   Driver Version: Unknown (internal:Unknown, unified:Unknown)
[2018.08.21-12.35.59:303][  0]LogD3D11RHI:      Driver Date: Unknown
[2018.08.21-12.35.59:303][  0]LogRHI: Texture pool is 5667 MB (70% of 8096 MB)
[2018.08.21-12.35.59:329][  0]LogD3D11RHI: [Aftermath] Aftermath enabled but failed to initialize
[2018.08.21-12.35.59:329][  0]LogD3D11RHI: [Aftermath] Aftermath enabled and primed
[2018.08.21-12.35.59:329][  0]LogD3D11RHI: Async texture creation enabled
[2018.08.21-12.35.59:339][  0]LogD3D11RHI: GPU Timing Frequency: 1000.000000 (Debug: 2 1)
[2018.08.21-12.35.59:431][  0]LogShaderCompilers: Guid format shader working directory is -8 characters bigger than the processId version (../../../../../DarkActive/Unreal Projects/DarkCrystal/Intermediate/Shaders/WorkingDirectory/17448/).
[2018.08.21-12.35.59:431][  0]LogShaderCompilers: Cleaned the shader compiler working directory 'C:/Users/Kappa/AppData/Local/Temp/UnrealShaderWorkingDir/AB980F9341FF7C6E4F2A69A4538D7FA9/'.
[2018.08.21-12.35.59:574][  0]LogTemp: Display: Loaded TP WindowsClientTargetPlatform
[2018.08.21-12.35.59:583][  0]LogTemp: Display: Loaded TP WindowsNoEditorTargetPlatform
[2018.08.21-12.35.59:592][  0]LogTemp: Display: Loaded TP WindowsServerTargetPlatform
[2018.08.21-12.35.59:603][  0]LogTemp: Display: Loaded TP WindowsTargetPlatform
[2018.08.21-12.35.59:603][  0]LogTargetPlatformManager: Display: Building Assets For Windows
[2018.08.21-12.35.59:687][  0]LogXGEController: Cannot use XGE Controller as Incredibuild is not installed on this machine.
[2018.08.21-12.35.59:687][  0]LogShaderCompilers: Cannot use XGE Shader Compiler as Incredibuild is not installed on this machine.
[2018.08.21-12.35.59:687][  0]LogShaderCompilers: Display: Using Local Shader Compiler.
[2018.08.21-12.36.00:178][  0]LogDerivedDataCache: Display: Max Cache Size: 512 MB
[2018.08.21-12.36.00:240][  0]LogDerivedDataCache: Loaded boot cache 0.06s 74MB C:/Users/Kappa/AppData/Local/UnrealEngine/4.19/DerivedDataCache/Boot.ddc.
[2018.08.21-12.36.00:240][  0]LogDerivedDataCache: Display: Loaded Boot cache: C:/Users/Kappa/AppData/Local/UnrealEngine/4.19/DerivedDataCache/Boot.ddc
[2018.08.21-12.36.00:240][  0]LogDerivedDataCache: FDerivedDataBackendGraph:  Pak pak cache file ../../../../../DarkActive/Unreal Projects/DarkCrystal/DerivedDataCache/DDC.ddp not found, will not use a pak cache.
[2018.08.21-12.36.00:240][  0]LogDerivedDataCache: Unable to find inner node Pak for hierarchical cache Hierarchy.
[2018.08.21-12.36.00:240][  0]LogDerivedDataCache: FDerivedDataBackendGraph:  CompressedPak pak cache file ../../../../../DarkActive/Unreal Projects/DarkCrystal/DerivedDataCache/Compressed.ddp not found, will not use a pak cache.
[2018.08.21-12.36.00:240][  0]LogDerivedDataCache: Unable to find inner node CompressedPak for hierarchical cache Hierarchy.
[2018.08.21-12.36.00:256][  0]LogDerivedDataCache: Display: Pak cache opened for reading ../../../Engine/DerivedDataCache/Compressed.ddp.
[2018.08.21-12.36.00:267][  0]LogDerivedDataCache: Using Local data cache path C:/Users/Kappa/AppData/Local/UnrealEngine/Common/DerivedDataCache: Writable
[2018.08.21-12.36.00:267][  0]LogDerivedDataCache: Shared data cache path not found in *engine.ini, will not use an Shared cache.
[2018.08.21-12.36.00:267][  0]LogDerivedDataCache: Unable to find inner node Shared for hierarchical cache Hierarchy.
[2018.08.21-12.36.00:275][  0]LogMaterial: Verifying Global Shaders for PCD3D_SM5
[2018.08.21-12.36.00:275][  0]LogSlate: Using Freetype 2.6.0
[2018.08.21-12.36.00:276][  0]LogSlate: SlateFontCache - WITH_FREETYPE: 1, WITH_HARFBUZZ: 1
[2018.08.21-12.36.00:276][  0]LogSlate: SlateFontCache - WITH_FREETYPE: 1, WITH_HARFBUZZ: 1
[2018.08.21-12.36.00:340][  0]LogAssetRegistry: FAssetRegistry took 0.0035 seconds to start up
[2018.08.21-12.36.00:502][  0]LogPackageLocalizationCache: Processed 9 localized package path(s) for 1 prioritized culture(s) in 0.009140 seconds
[2018.08.21-12.36.00:574][  0]LogInit: Selected Device Profile: [Windows]
[2018.08.21-12.36.00:671][  0]LogSimplygon: Simplygon DLL not present - disabling.
[2018.08.21-12.36.00:673][  0]LogMeshReduction: Using SimplygonSwarm for distributed automatic mesh merging
[2018.08.21-12.36.00:673][  0]LogMeshReduction: Using QuadricMeshReduction for automatic static mesh reduction
[2018.08.21-12.36.00:673][  0]LogMeshReduction: No automatic skeletal mesh reduction module available
[2018.08.21-12.36.00:673][  0]LogMeshReduction: No automatic mesh merging module available
[2018.08.21-12.36.00:673][  0]LogMeshMerging: No automatic mesh merging module available
[2018.08.21-12.36.00:693][  0]LogNetVersion: DarkCrystal , NetCL: 3944462, EngineNetVer: 2, GameNetVer: 0 (Checksum: 1178499891)
[2018.08.21-12.36.01:130][  0]LogMoviePlayer: Initializing movie player
[2018.08.21-12.36.01:357][  0]LogTcpMessaging: Initializing TcpMessaging bridge
[2018.08.21-12.36.01:379][  0]LogUdpMessaging: Initializing bridge on interface 0.0.0.0:0 to multicast group 230.0.0.1:6666.
[2018.08.21-12.36.01:471][  0]LogCollectionManager: Loaded 0 collections in 0.000995 seconds
[2018.08.21-12.36.01:506][  0]LogFileCache: Scanning file cache for directory 'G:/DarkActive/Unreal Projects/DarkCrystal/Saved/Collections/' took 0.01s
[2018.08.21-12.36.01:506][  0]LogFileCache: Scanning file cache for directory 'G:/DarkActive/Unreal Projects/DarkCrystal/Content/Developers/Kappa/Collections/' took 0.01s
[2018.08.21-12.36.01:506][  0]LogFileCache: Scanning file cache for directory 'G:/DarkActive/Unreal Projects/DarkCrystal/Content/Collections/' took 0.01s
[2018.08.21-12.36.01:506][  0]LogCollectionManager: Rebuilt the object cache for 0 collections in 0.000000 seconds (found 0 objects)
[2018.08.21-12.36.01:506][  0]LogCollectionManager: Fixed up redirectors for 0 collections in 0.000061 seconds (updated 0 objects)
[2018.08.21-12.36.01:613][  0]SourceControl: Source control is disabled
[2018.08.21-12.36.01:613][  0]SourceControl: Source control is disabled
[2018.08.21-12.36.01:625][  0]SourceControl: Source control is disabled
[2018.08.21-12.36.01:859][  0]LogAndroidPermission: UAndroidPermissionCallbackProxy::GetInstance
[2018.08.21-12.36.01:947][  0]LogOcInput: OculusInput pre-init called
[2018.08.21-12.36.01:973][  0]LogUObjectArray: 42361 objects as part of root set at end of initial load.
[2018.08.21-12.36.01:973][  0]LogUObjectAllocator: 8957760 out of 0 bytes used by permanent object pool.
[2018.08.21-12.36.01:973][  0]LogUObjectArray: CloseDisregardForGC: 0/0 objects in disregard for GC pool
[2018.08.21-12.36.02:010][  0]LogEngine: Initializing Engine...
[2018.08.21-12.36.02:011][  0]LogHMD: Failed to initialize OpenVR with code 110
[2018.08.21-12.36.02:023][  0]LogStats: UGameplayTagsManager::ConstructGameplayTagTree: Construct from data asset -  0.000 s
[2018.08.21-12.36.02:023][  0]LogStats: UGameplayTagsManager::ConstructGameplayTagTree: GameplayTagTreeChangedEvent.Broadcast -  0.000 s
[2018.08.21-12.36.02:160][  0]LogInit: XAudio2 using 'Speakers (Logitech G633 Gaming Headset)' : 2 channels at 48 kHz using 16 bits per sample (channel mask 0x3)
[2018.08.21-12.36.02:169][  0]LogInit: FAudioDevice initialized.
[2018.08.21-12.36.02:186][  0]LogInit: Texture streaming: Enabled
[2018.08.21-12.36.02:282][  0]LogUObjectGlobals: Created PersistentFrame Addr=0x000001ff64a9e200, Size=624, Default__GameInfoInstance_C Function /Game/Blueprints/AllLevels/GameInfoInstance.GameInfoInstance_C:ExecuteUbergraph_GameInfoInstance
[2018.08.21-12.36.02:287][  0]LogUObjectGlobals: Created PersistentFrame Addr=0x000001ff5912ce28, Size=40, Default__ErrorDialog_C Function /Game/UI/MainMenu/ErrorDialog.ErrorDialog_C:ExecuteUbergraph_ErrorDialog
[2018.08.21-12.36.02:296][  0]LogUObjectGlobals: Created PersistentFrame Addr=0x000001ff65011f30, Size=80, Default__HostMenu_C Function /Game/UI/MainMenu/HostMenu.HostMenu_C:ExecuteUbergraph_HostMenu
[2018.08.21-12.36.02:306][  0]LogUObjectGlobals: Created PersistentFrame Addr=0x000001ff5912cd88, Size=40, Default__MainMenu_C Function /Game/UI/MainMenu/MainMenu.MainMenu_C:ExecuteUbergraph_MainMenu
[2018.08.21-12.36.02:312][  0]LogUObjectGlobals: Created PersistentFrame Addr=0x000001ff64ff28d0, Size=104, Default__OptionsMenu_C Function /Game/UI/MainMenu/OptionsMenu.OptionsMenu_C:ExecuteUbergraph_OptionsMenu
[2018.08.21-12.36.02:340][  0]LogUObjectGlobals: Created PersistentFrame Addr=0x000001ff65095800, Size=600, Default__ServerMenu_C Function /Game/UI/MainMenu/ServerMenu.ServerMenu_C:ExecuteUbergraph_ServerMenu
[2018.08.21-12.36.02:392][  0]LogUObjectGlobals: Destroyed PersistentFrame Addr=0x000001ff64a9e200, Size=624
[2018.08.21-12.36.02:392][  0]LogUObjectGlobals: Created PersistentFrame Addr=0x000001ff664d5080, Size=624, Default__GameInfoInstance_C Function /Engine/Transient.REINST_GameInfoInstance_C_2:ExecuteUbergraph_GameInfoInstance
[2018.08.21-12.36.02:392][  0]LogUObjectGlobals: Destroyed PersistentFrame Addr=0x000001ff5912ce28, Size=40
[2018.08.21-12.36.02:392][  0]LogUObjectGlobals: Created PersistentFrame Addr=0x000001ff67585da0, Size=40, Default__ErrorDialog_C Function /Engine/Transient.REINST_ErrorDialog_C_0:ExecuteUbergraph_ErrorDialog
[2018.08.21-12.36.02:393][  0]LogUObjectGlobals: Destroyed PersistentFrame Addr=0x000001ff65011f30, Size=80
[2018.08.21-12.36.02:393][  0]LogUObjectGlobals: Created PersistentFrame Addr=0x000001ff66890b80, Size=80, Default__HostMenu_C Function /Engine/Transient.REINST_HostMenu_C_1:ExecuteUbergraph_HostMenu
[2018.08.21-12.36.02:394][  0]LogUObjectGlobals: Destroyed PersistentFrame Addr=0x000001ff5912cd88, Size=40
[2018.08.21-12.36.02:394][  0]LogUObjectGlobals: Created PersistentFrame Addr=0x000001ff67585cb0, Size=40, Default__MainMenu_C Function /Engine/Transient.REINST_MainMenu_C_3:ExecuteUbergraph_MainMenu
[2018.08.21-12.36.02:394][  0]LogUObjectGlobals: Destroyed PersistentFrame Addr=0x000001ff64ff28d0, Size=104
[2018.08.21-12.36.02:394][  0]LogUObjectGlobals: Created PersistentFrame Addr=0x000001ff6696ea90, Size=104, Default__OptionsMenu_C Function /Engine/Transient.REINST_OptionsMenu_C_4:ExecuteUbergraph_OptionsMenu
[2018.08.21-12.36.02:395][  0]LogUObjectGlobals: Destroyed PersistentFrame Addr=0x000001ff65095800, Size=600
[2018.08.21-12.36.02:395][  0]LogUObjectGlobals: Created PersistentFrame Addr=0x000001ff664d4680, Size=600, Default__ServerMenu_C Function /Engine/Transient.REINST_ServerMenu_C_5:ExecuteUbergraph_ServerMenu
[2018.08.21-12.36.02:430][  0]LogUObjectGlobals: Created PersistentFrame Addr=0x000001ff66f09d00, Size=624, Default__GameInfoInstance_C Function /Game/Blueprints/AllLevels/GameInfoInstance.GameInfoInstance_C:ExecuteUbergraph_GameInfoInstance
[2018.08.21-12.36.02:431][  0]LogUObjectGlobals: Created PersistentFrame Addr=0x000001ff67586430, Size=40, Default__ErrorDialog_C Function /Game/UI/MainMenu/ErrorDialog.ErrorDialog_C:ExecuteUbergraph_ErrorDialog
[2018.08.21-12.36.02:432][  0]LogUObjectGlobals: Created PersistentFrame Addr=0x000001ff66eadee0, Size=80, Default__HostMenu_C Function /Game/UI/MainMenu/HostMenu.HostMenu_C:ExecuteUbergraph_HostMenu
[2018.08.21-12.36.02:433][  0]LogUObjectGlobals: Created PersistentFrame Addr=0x000001ff67586e08, Size=40, Default__MainMenu_C Function /Game/UI/MainMenu/MainMenu.MainMenu_C:ExecuteUbergraph_MainMenu
[2018.08.21-12.36.02:435][  0]LogUObjectGlobals: Created PersistentFrame Addr=0x000001ff66e4b660, Size=104, Default__OptionsMenu_C Function /Game/UI/MainMenu/OptionsMenu.OptionsMenu_C:ExecuteUbergraph_OptionsMenu
[2018.08.21-12.36.02:437][  0]LogUObjectGlobals: Created PersistentFrame Addr=0x000001ff66e63600, Size=592, Default__ServerMenu_C Function /Game/UI/MainMenu/ServerMenu.ServerMenu_C:ExecuteUbergraph_ServerMenu
[2018.08.21-12.36.02:465][  0]LogInit: Display: Game Engine Initialized.
[2018.08.21-12.36.02:465][  0]LogGameplayTags: Display: UGameplayTagsManager::DoneAddingNativeTags. DelegateIsBound: 0
[2018.08.21-12.36.02:465][  0]LogStats: UGameplayTagsManager::ConstructGameplayTagTree: Construct from data asset -  0.000 s
[2018.08.21-12.36.02:465][  0]LogStats: UGameplayTagsManager::ConstructGameplayTagTree: GameplayTagTreeChangedEvent.Broadcast -  0.000 s
[2018.08.21-12.36.02:527][  0]LogInit: Display: Starting Game.
[2018.08.21-12.36.02:528][  0]LogNet: Browse: /Game/Maps/Arena01?Name=Player?Listen
[2018.08.21-12.36.02:528][  0]LogLoad: LoadMap: /Game/Maps/Arena01?Name=Player?Listen
[2018.08.21-12.36.02:540][  0]LogUObjectGlobals: Destroyed PersistentFrame Addr=0x000001ff664d5080, Size=624
[2018.08.21-12.36.02:540][  0]LogUObjectGlobals: Destroyed PersistentFrame Addr=0x000001ff67585da0, Size=40
[2018.08.21-12.36.02:540][  0]LogUObjectGlobals: Destroyed PersistentFrame Addr=0x000001ff66890b80, Size=80
[2018.08.21-12.36.02:540][  0]LogUObjectGlobals: Destroyed PersistentFrame Addr=0x000001ff67585cb0, Size=40
[2018.08.21-12.36.02:540][  0]LogUObjectGlobals: Destroyed PersistentFrame Addr=0x000001ff6696ea90, Size=104
[2018.08.21-12.36.02:540][  0]LogUObjectGlobals: Destroyed PersistentFrame Addr=0x000001ff664d4680, Size=600
[2018.08.21-12.36.02:574][  0]LogUObjectGlobals: Created PersistentFrame Addr=0x000001ff66e7e300, Size=256, Default__GameplayGM_C Function /Game/Blueprints/Gameplay/GameplayGM.GameplayGM_C:ExecuteUbergraph_GameplayGM
[2018.08.21-12.36.02:582][  0]LogLinker: Can't find file '/Game/Blueprints/Characters/Female/Kachujin/Animations/Montages/AM_Roll'
[2018.08.21-12.36.02:582][  0]LogLinker: Can't find file '/Game/Blueprints/Characters/Female/Kachujin/Animations/Montages/AM_Roll'
[2018.08.21-12.36.02:583][  0]LogUObjectGlobals: Created PersistentFrame Addr=0x000001ff66e60180, Size=544, Default__0_Base_C Function /Game/Blueprints/Characters/0_Base.0_Base_C:ExecuteUbergraph_0_Base
[2018.08.21-12.36.02:601][  0]LogUObjectGlobals: Created PersistentFrame Addr=0x000001ff6763ffa0, Size=32, Default__ABP_WoodenBow_C Function /Game/Blueprints/Items/Weapons/WoodenBow/ABP_WoodenBow.ABP_WoodenBow_C:ExecuteUbergraph_ABP_WoodenBow
[2018.08.21-12.36.02:608][  0]LogUObjectGlobals: Created PersistentFrame Addr=0x000001ff65010130, Size=72, Default__BPC_MontageManager_C Function /Game/Blueprints/Components/BPC_MontageManager.BPC_MontageManager_C:ExecuteUbergraph_BPC_MontageManager
[2018.08.21-12.36.02:629][  0]LogUObjectGlobals: Created PersistentFrame Addr=0x000001ff66e1cb80, Size=2512, Default__GameplayPC_C Function /Game/Blueprints/Gameplay/GameplayPC.GameplayPC_C:ExecuteUbergraph_GameplayPC
[2018.08.21-12.36.02:632][  0]LogUObjectGlobals: Created PersistentFrame Addr=0x000001ff67645360, Size=96, Default__GameplayPS_C Function /Game/Blueprints/Gameplay/GameplayPS.GameplayPS_C:ExecuteUbergraph_GameplayPS
[2018.08.21-12.36.02:656][  0]LogUObjectGlobals: Created PersistentFrame Addr=0x000001ff7b53fd80, Size=320, Default__ChatWindow_C Function /Game/UI/AllLevels/ChatWindow.ChatWindow_C:ExecuteUbergraph_ChatWindow
[2018.08.21-12.36.02:658][  0]LogUObjectGlobals: Created PersistentFrame Addr=0x000001ff668a9280, Size=888, Default__LobbyPC_C Function /Game/Blueprints/Lobby/LobbyPC.LobbyPC_C:ExecuteUbergraph_LobbyPC
[2018.08.21-12.36.02:660][  0]LogUObjectGlobals: Created PersistentFrame Addr=0x000001ff7b55c700, Size=752, Default__LobbyGM_C Function /Game/Blueprints/Lobby/LobbyGM.LobbyGM_C:ExecuteUbergraph_LobbyGM
[2018.08.21-12.36.02:663][  0]LogUObjectGlobals: Created PersistentFrame Addr=0x000001ff7b51a480, Size=544, Default__BP_MaleCharacter_C Function /Game/Blueprints/Characters/0_Base.0_Base_C:ExecuteUbergraph_0_Base
[2018.08.21-12.36.02:672][  0]LogUObjectGlobals: Created PersistentFrame Addr=0x000001ff7b519d00, Size=544, Default__BP_MaleCharacter_C Function /Game/Blueprints/Characters/0_Base.0_Base_C:ExecuteUbergraph_0_Base
[2018.08.21-12.36.02:683][  0]LogUObjectGlobals: Created PersistentFrame Addr=0x000001ff66e14480, Size=112, Default__ABP_BerserkerDefault_C Function /Game/Characters/Berserker_S1/Blueprints/ABP_BerserkerDefault.ABP_BerserkerDefault_C:ExecuteUbergraph_ABP_BerserkerDefault
[2018.08.21-12.36.02:707][  0]LogUObjectGlobals: Created PersistentFrame Addr=0x000001ff7b119580, Size=544, Default__BP_FemaleCharacter_C Function /Game/Blueprints/Characters/0_Base.0_Base_C:ExecuteUbergraph_0_Base
[2018.08.21-12.36.02:710][  0]LogUObjectGlobals: Created PersistentFrame Addr=0x000001ff7b535580, Size=128, Default__ABP_Kachujin_C Function /Game/Characters/Kachujin/ABP_Kachujin.ABP_Kachujin_C:ExecuteUbergraph_ABP_Kachujin
[2018.08.21-12.36.02:748][  0]LogUObjectGlobals: Created PersistentFrame Addr=0x000001ff7b764680, Size=544, Default__Tusk_C Function /Game/Blueprints/Characters/0_Base.0_Base_C:ExecuteUbergraph_0_Base
[2018.08.21-12.36.02:751][  0]LogUObjectGlobals: Created PersistentFrame Addr=0x000001ff7b6cf400, Size=64, Default__0_BaseAnimBP_C Function /Game/InfinityBladeWarriors/Animations/0_BaseAnimBP.0_BaseAnimBP_C:ExecuteUbergraph_0_BaseAnimBP
[2018.08.21-12.36.02:771][  0]LogUObjectGlobals: Created PersistentFrame Addr=0x000001ff7f9fac00, Size=312, Default__LobbyMenu_C Function /Game/UI/Lobby/LobbyMenu.LobbyMenu_C:ExecuteUbergraph_LobbyMenu
[2018.08.21-12.36.02:774][  0]LogUObjectGlobals: Created PersistentFrame Addr=0x000001ff7f9fd350, Size=80, Default__CharacterSelect_C Function /Game/UI/Lobby/CharacterSelect.CharacterSelect_C:ExecuteUbergraph_CharacterSelect
[2018.08.21-12.36.02:790][  0]LogUObjectGlobals: Created PersistentFrame Addr=0x000001ff7fa0a980, Size=192, Default__GameSettings_C Function /Game/UI/Lobby/GameSettings.GameSettings_C:ExecuteUbergraph_GameSettings
[2018.08.21-12.36.02:791][  0]LogUObjectGlobals: Created PersistentFrame Addr=0x000001ff7ad361a0, Size=32, Default__PlayerButton_C Function /Game/UI/Lobby/PlayerButton.PlayerButton_C:ExecuteUbergraph_PlayerButton
[2018.08.21-12.36.02:816][  0]LogUObjectGlobals: Created PersistentFrame Addr=0x000001ff663f0810, Size=4, Default__ConnectedPlayer_C Function /Game/UI/Lobby/ConnectedPlayer.ConnectedPlayer_C:ExecuteUbergraph_ConnectedPlayer
[2018.08.21-12.36.02:928][  0]LogUObjectGlobals: Destroyed PersistentFrame Addr=0x000001ff7b6cf400, Size=64
[2018.08.21-12.36.02:928][  0]LogUObjectGlobals: Created PersistentFrame Addr=0x000001ff7fce1740, Size=64, Default__0_BaseAnimBP_C Function /Engine/Transient.REINST_0_BaseAnimBP_C_0:ExecuteUbergraph_0_BaseAnimBP
[2018.08.21-12.36.02:931][  0]LogUObjectGlobals: Destroyed PersistentFrame Addr=0x000001ff66e14480, Size=112
[2018.08.21-12.36.02:931][  0]LogUObjectGlobals: Created PersistentFrame Addr=0x000001ff00a83820, Size=112, Default__ABP_BerserkerDefault_C Function /Engine/Transient.REINST_ABP_BerserkerDefault_C_1:ExecuteUbergraph_ABP_BerserkerDefault
[2018.08.21-12.36.02:931][  0]LogUObjectGlobals: Destroyed PersistentFrame Addr=0x000001ff7b535580, Size=128
[2018.08.21-12.36.02:931][  0]LogUObjectGlobals: Created PersistentFrame Addr=0x000001ff7b535580, Size=128, Default__ABP_Kachujin_C Function /Engine/Transient.REINST_ABP_Kachujin_C_2:ExecuteUbergraph_ABP_Kachujin
[2018.08.21-12.36.02:932][  0]LogUObjectGlobals: Destroyed PersistentFrame Addr=0x000001ff6763ffa0, Size=32
[2018.08.21-12.36.02:932][  0]LogUObjectGlobals: Created PersistentFrame Addr=0x000001ff00a76860, Size=32, Default__ABP_WoodenBow_C Function /Engine/Transient.REINST_ABP_WoodenBow_C_3:ExecuteUbergraph_ABP_WoodenBow
[2018.08.21-12.36.02:934][  0]LogUObjectGlobals: Destroyed PersistentFrame Addr=0x000001ff65010130, Size=72
[2018.08.21-12.36.02:934][  0]LogUObjectGlobals: Created PersistentFrame Addr=0x000001ff00a27f10, Size=72, Default__BPC_MontageManager_C Function /Engine/Transient.REINST_BPC_MontageManager_C_19:ExecuteUbergraph_BPC_MontageManager
[2018.08.21-12.36.02:936][  0]LogUObjectGlobals: Destroyed PersistentFrame Addr=0x000001ff66e60180, Size=544
[2018.08.21-12.36.02:936][  0]LogUObjectGlobals: Created PersistentFrame Addr=0x000001ff7fcec180, Size=544, Default__0_Base_C Function /Engine/Transient.REINST_0_Base_C_23:ExecuteUbergraph_0_Base
[2018.08.21-12.36.02:937][  0]LogUObjectGlobals: Destroyed PersistentFrame Addr=0x000001ff7f9fd350, Size=80
[2018.08.21-12.36.02:937][  0]LogUObjectGlobals: Created PersistentFrame Addr=0x000001ff00a25170, Size=80, Default__CharacterSelect_C Function /Engine/Transient.REINST_CharacterSelect_C_6:ExecuteUbergraph_CharacterSelect
[2018.08.21-12.36.02:938][  0]LogUObjectGlobals: Destroyed PersistentFrame Addr=0x000001ff7b53fd80, Size=320
[2018.08.21-12.36.02:938][  0]LogUObjectGlobals: Created PersistentFrame Addr=0x000001ff7fc6e5c0, Size=320, Default__ChatWindow_C Function /Engine/Transient.REINST_ChatWindow_C_8:ExecuteUbergraph_ChatWindow
[2018.08.21-12.36.02:938][  0]LogUObjectGlobals: Destroyed PersistentFrame Addr=0x000001ff663f0810, Size=4
[2018.08.21-12.36.02:938][  0]LogUObjectGlobals: Created PersistentFrame Addr=0x000001ff7fc85f60, Size=4, Default__ConnectedPlayer_C Function /Engine/Transient.REINST_ConnectedPlayer_C_9:ExecuteUbergraph_ConnectedPlayer
[2018.08.21-12.36.02:940][  0]LogUObjectGlobals: Destroyed PersistentFrame Addr=0x000001ff66e1cb80, Size=2512
[2018.08.21-12.36.02:940][  0]LogUObjectGlobals: Created PersistentFrame Addr=0x000001ff00a11600, Size=2512, Default__GameplayPC_C Function /Engine/Transient.REINST_GameplayPC_C_26:ExecuteUbergraph_GameplayPC
[2018.08.21-12.36.02:940][  0]LogUObjectGlobals: Destroyed PersistentFrame Addr=0x000001ff67645360, Size=96
[2018.08.21-12.36.02:940][  0]LogUObjectGlobals: Created PersistentFrame Addr=0x000001ff009f7be0, Size=96, Default__GameplayPS_C Function /Engine/Transient.REINST_GameplayPS_C_27:ExecuteUbergraph_GameplayPS
[2018.08.21-12.36.02:941][  0]LogUObjectGlobals: Destroyed PersistentFrame Addr=0x000001ff7fa0a980, Size=192
[2018.08.21-12.36.02:941][  0]LogUObjectGlobals: Created PersistentFrame Addr=0x000001ff00a4b640, Size=192, Default__GameSettings_C Function /Engine/Transient.REINST_GameSettings_C_11:ExecuteUbergraph_GameSettings
[2018.08.21-12.36.02:942][  0]LogUObjectGlobals: Destroyed PersistentFrame Addr=0x000001ff7f9fac00, Size=312
[2018.08.21-12.36.02:942][  0]LogUObjectGlobals: Created PersistentFrame Addr=0x000001ff7fc6da80, Size=312, Default__LobbyMenu_C Function /Engine/Transient.REINST_LobbyMenu_C_12:ExecuteUbergraph_LobbyMenu
[2018.08.21-12.36.02:942][  0]LogUObjectGlobals: Destroyed PersistentFrame Addr=0x000001ff668a9280, Size=888
[2018.08.21-12.36.02:942][  0]LogUObjectGlobals: Created PersistentFrame Addr=0x000001ff007deb00, Size=888, Default__LobbyPC_C Function /Engine/Transient.REINST_LobbyPC_C_28:ExecuteUbergraph_LobbyPC
[2018.08.21-12.36.02:943][  0]LogUObjectGlobals: Destroyed PersistentFrame Addr=0x000001ff7ad361a0, Size=32
[2018.08.21-12.36.02:943][  0]LogUObjectGlobals: Created PersistentFrame Addr=0x000001ff00a760e0, Size=32, Default__PlayerButton_C Function /Engine/Transient.REINST_PlayerButton_C_13:ExecuteUbergraph_PlayerButton
[2018.08.21-12.36.02:943][  0]LogUObjectGlobals: Destroyed PersistentFrame Addr=0x000001ff7b119580, Size=544
[2018.08.21-12.36.02:943][  0]LogUObjectGlobals: Created PersistentFrame Addr=0x000001ff00a0b880, Size=544, Default__BP_FemaleCharacter_C Function /Engine/Transient.REINST_0_Base_C_23:ExecuteUbergraph_0_Base
[2018.08.21-12.36.02:943][  0]LogUObjectGlobals: Destroyed PersistentFrame Addr=0x000001ff7b519d00, Size=544
[2018.08.21-12.36.02:943][  0]LogUObjectGlobals: Created PersistentFrame Addr=0x000001ff00a0b600, Size=544, Default__BP_MaleCharacter_C Function /Engine/Transient.REINST_0_Base_C_23:ExecuteUbergraph_0_Base
[2018.08.21-12.36.02:943][  0]LogUObjectGlobals: Destroyed PersistentFrame Addr=0x000001ff66e7e300, Size=256
[2018.08.21-12.36.02:943][  0]LogUObjectGlobals: Created PersistentFrame Addr=0x000001ff650dc800, Size=256, Default__GameplayGM_C Function /Engine/Transient.REINST_GameplayGM_C_32:ExecuteUbergraph_GameplayGM
[2018.08.21-12.36.02:944][  0]LogUObjectGlobals: Destroyed PersistentFrame Addr=0x000001ff7b55c700, Size=752
[2018.08.21-12.36.02:944][  0]LogUObjectGlobals: Created PersistentFrame Addr=0x000001ff007cd300, Size=752, Default__LobbyGM_C Function /Engine/Transient.REINST_LobbyGM_C_33:ExecuteUbergraph_LobbyGM
[2018.08.21-12.36.02:944][  0]LogUObjectGlobals: Destroyed PersistentFrame Addr=0x000001ff7b764680, Size=544
[2018.08.21-12.36.02:944][  0]LogUObjectGlobals: Created PersistentFrame Addr=0x000001ff00a0b380, Size=544, Default__Tusk_C Function /Engine/Transient.REINST_0_Base_C_23:ExecuteUbergraph_0_Base
[2018.08.21-12.36.03:095][  0]LogUObjectGlobals: Created PersistentFrame Addr=0x000001ff00d7bdd0, Size=72, Default__0_BaseAnimBP_C Function /Game/InfinityBladeWarriors/Animations/0_BaseAnimBP.0_BaseAnimBP_C:ExecuteUbergraph_0_BaseAnimBP
[2018.08.21-12.36.03:096][  0]LogUObjectGlobals: Created PersistentFrame Addr=0x000001ff00d62550, Size=112, Default__ABP_BerserkerDefault_C Function /Game/Characters/Berserker_S1/Blueprints/ABP_BerserkerDefault.ABP_BerserkerDefault_C:ExecuteUbergraph_ABP_BerserkerDefault
[2018.08.21-12.36.03:097][  0]LogUObjectGlobals: Created PersistentFrame Addr=0x000001ff7ad3f600, Size=128, Default__ABP_Kachujin_C Function /Game/Characters/Kachujin/ABP_Kachujin.ABP_Kachujin_C:ExecuteUbergraph_ABP_Kachujin
[2018.08.21-12.36.03:098][  0]LogUObjectGlobals: Created PersistentFrame Addr=0x000001ff00d69880, Size=32, Default__ABP_WoodenBow_C Function /Game/Blueprints/Items/Weapons/WoodenBow/ABP_WoodenBow.ABP_WoodenBow_C:ExecuteUbergraph_ABP_WoodenBow
[2018.08.21-12.36.03:102][  0]LogUObjectGlobals: Created PersistentFrame Addr=0x000001ff00ca7d80, Size=72, Default__BPC_MontageManager_C Function /Game/Blueprints/Components/BPC_MontageManager.BPC_MontageManager_C:ExecuteUbergraph_BPC_MontageManager
[2018.08.21-12.36.03:106][  0]LogUObjectGlobals: Created PersistentFrame Addr=0x000001ff00c6ac00, Size=536, Default__0_Base_C Function /Game/Blueprints/Characters/0_Base.0_Base_C:ExecuteUbergraph_0_Base
[2018.08.21-12.36.03:108][  0]LogUObjectGlobals: Created PersistentFrame Addr=0x000001ff00c131a0, Size=80, Default__CharacterSelect_C Function /Game/UI/Lobby/CharacterSelect.CharacterSelect_C:ExecuteUbergraph_CharacterSelect
[2018.08.21-12.36.03:109][  0]LogUObjectGlobals: Created PersistentFrame Addr=0x000001ff00cb7380, Size=320, Default__ChatWindow_C Function /Game/UI/AllLevels/ChatWindow.ChatWindow_C:ExecuteUbergraph_ChatWindow
[2018.08.21-12.36.03:109][  0]LogUObjectGlobals: Created PersistentFrame Addr=0x000001ff00ec6528, Size=4, Default__ConnectedPlayer_C Function /Game/UI/Lobby/ConnectedPlayer.ConnectedPlayer_C:ExecuteUbergraph_ConnectedPlayer
[2018.08.21-12.36.03:118][  0]LogUObjectGlobals: Created PersistentFrame Addr=0x000001ff00cf9600, Size=2512, Default__GameplayPC_C Function /Game/Blueprints/Gameplay/GameplayPC.GameplayPC_C:ExecuteUbergraph_GameplayPC
[2018.08.21-12.36.03:120][  0]LogUObjectGlobals: Created PersistentFrame Addr=0x000001ff01b65f00, Size=96, Default__GameplayPS_C Function /Game/Blueprints/Gameplay/GameplayPS.GameplayPS_C:ExecuteUbergraph_GameplayPS
[2018.08.21-12.36.03:123][  0]LogUObjectGlobals: Created PersistentFrame Addr=0x000001ff01ad4e80, Size=192, Default__GameSettings_C Function /Game/UI/Lobby/GameSettings.GameSettings_C:ExecuteUbergraph_GameSettings
[2018.08.21-12.36.03:126][  0]LogUObjectGlobals: Created PersistentFrame Addr=0x000001ff00cb6ac0, Size=320, Default__LobbyMenu_C Function /Game/UI/Lobby/LobbyMenu.LobbyMenu_C:ExecuteUbergraph_LobbyMenu
[2018.08.21-12.36.03:129][  0]LogUObjectGlobals: Created PersistentFrame Addr=0x000001ff01a03900, Size=880, Default__LobbyPC_C Function /Game/Blueprints/Lobby/LobbyPC.LobbyPC_C:ExecuteUbergraph_LobbyPC
[2018.08.21-12.36.03:130][  0]LogUObjectGlobals: Created PersistentFrame Addr=0x000001ff019efd40, Size=32, Default__PlayerButton_C Function /Game/UI/Lobby/PlayerButton.PlayerButton_C:ExecuteUbergraph_PlayerButton
[2018.08.21-12.36.03:130][  0]LogUObjectGlobals: Created PersistentFrame Addr=0x000001ff01a06c00, Size=536, Default__BP_FemaleCharacter_C Function /Game/Blueprints/Characters/0_Base.0_Base_C:ExecuteUbergraph_0_Base
[2018.08.21-12.36.03:130][  0]LogUObjectGlobals: Created PersistentFrame Addr=0x000001ff01a06700, Size=536, Default__BP_MaleCharacter_C Function /Game/Blueprints/Characters/0_Base.0_Base_C:ExecuteUbergraph_0_Base
[2018.08.21-12.36.03:132][  0]LogUObjectGlobals: Created PersistentFrame Addr=0x000001ff019d1800, Size=256, Default__GameplayGM_C Function /Game/Blueprints/Gameplay/GameplayGM.GameplayGM_C:ExecuteUbergraph_GameplayGM
[2018.08.21-12.36.03:136][  0]LogUObjectGlobals: Created PersistentFrame Addr=0x000001ff01a00b80, Size=784, Default__LobbyGM_C Function /Game/Blueprints/Lobby/LobbyGM.LobbyGM_C:ExecuteUbergraph_LobbyGM
[2018.08.21-12.36.03:136][  0]LogUObjectGlobals: Created PersistentFrame Addr=0x000001ff01a04400, Size=536, Default__Tusk_C Function /Game/Blueprints/Characters/0_Base.0_Base_C:ExecuteUbergraph_0_Base
[2018.08.21-12.36.03:530][  0]LogSkeletalMesh: Skeletal Mesh found in DDC [1.373868ms] /Game/Characters/Kachujin/SK_Kachujin.SK_Kachujin
[2018.08.21-12.36.03:535][  0]LogSkeletalMesh: Skeletal Mesh found in DDC [0.238934ms] /Game/Blueprints/Items/Weapons/WoodenBow/SK_WoodenBow.SK_WoodenBow
[2018.08.21-12.36.03:567][  0]LogSkeletalMesh: Skeletal Mesh found in DDC [3.291921ms] /Game/Characters/Berserker_S1/Meshes/Combines/SK_Berserker.SK_Berserker
[2018.08.21-12.36.03:585][  0]LogSkeletalMesh: Skeletal Mesh found in DDC [0.230888ms] /Game/Blueprints/Items/Weapons/RelicSword/SK_RelicSword.SK_RelicSword
[2018.08.21-12.36.03:612][  0]LogSkeletalMesh: Skeletal Mesh found in DDC [0.375955ms] /Game/InfinityBladeWarriors/Character/CompleteCharacters/SK_CharM_Tusk.SK_CharM_Tusk
[2018.08.21-12.36.03:675][  0]LogAIModule: Creating AISystem for world Arena01
[2018.08.21-12.36.03:675][  0]LogLoad: Game class is 'GameplayGM_C'
[2018.08.21-12.36.03:675][  0]LogOnline: Warning: STEAM: Steam API disabled!
[2018.08.21-12.36.03:675][  0]LogOnline: Display: STEAM: OnlineSubsystemSteam::Shutdown()
[2018.08.21-12.36.03:675][  0]LogTemp: Display: ParseSettings for GameNetDriver
[2018.08.21-12.36.03:675][  0]LogTemp: Display: ParseSettings for IpNetDriver_0
[2018.08.21-12.36.03:675][  0]LogTemp: Display: ParseSettings for GameNetDriver
[2018.08.21-12.36.03:675][  0]LogInit: WinSock: Socket queue 131072 / 131072
[2018.08.21-12.36.03:676][  0]PacketHandlerLog: Loaded PacketHandler component: Engine.EngineHandlerComponentFactory (StatelessConnectHandlerComponent)
[2018.08.21-12.36.03:676][  0]LogNet: GameNetDriver IpNetDriver_0 IpNetDriver listening on port 17777
[2018.08.21-12.36.03:678][  0]LogWorld: Bringing World /Game/Maps/Arena01.Arena01 up for play (max tick rate 0) at 2018.08.21-05.36.03
[2018.08.21-12.36.03:678][  0]LogOnline: Warning: OSS: AutoLogin missing AUTH_LOGIN=<login id>.
[2018.08.21-12.36.03:678][  0]LogWorld: Bringing up level for play took: 0.002158
[2018.08.21-12.36.03:679][  0]LogOnline: Warning: OSS: No game present to join for session (GameSession)
[2018.08.21-12.36.03:681][  0]LogGameMode: Display: Match State Changed from EnteringMap to WaitingToStart
[2018.08.21-12.36.03:681][  0]LogGameState: Match State Changed from EnteringMap to WaitingToStart
[2018.08.21-12.36.03:681][  0]LogGameMode: Display: Match State Changed from WaitingToStart to InProgress
[2018.08.21-12.36.03:686][  0]LogBlueprintUserMessages: [GameplayGM_C_0] 0
[2018.08.21-12.36.03:687][  0]LogGameState: Match State Changed from WaitingToStart to InProgress
[2018.08.21-12.36.03:687][  0]LogLoad: Took 1.159696 seconds to LoadMap(/Game/Maps/Arena01)
[2018.08.21-12.36.03:688][  0]LogSlate: Took 0.000095 seconds to synchronously load lazily loaded font '../../../Engine/Content/Slate/Fonts/Roboto-Regular.ttf' (155K)
[2018.08.21-12.36.03:747][  0]LogLoad: (Engine Initialization) Total time: 6.70 seconds
[2018.08.21-12.36.03:747][  0]LogLoad: (Engine Initialization) Total Blueprint compile time: 0.00 seconds
[2018.08.21-12.36.03:771][  0]LogRenderer: Reallocating scene render targets to support 640x480 Format 10 NumSamples 1 (Frame:1).
[2018.08.21-12.36.03:809][  0]LogWindowsTextInputMethodSystem: Display: IME system now deactivated.
[2018.08.21-12.36.03:810][  0]LogNet: NotifyAcceptingConnection accepted from: 127.0.0.1:60438
[2018.08.21-12.36.03:810][  0]LogHandshake: SendConnectChallenge. Timestamp: 0.016129, Cookie: 036120214150034024173116223109200085190162137014102208179051
[2018.08.21-12.36.03:813][  0]LogContentStreaming: Texture pool size now 1000 MB
[2018.08.21-12.36.03:849][  1]LogNet: NotifyAcceptingConnection accepted from: 127.0.0.1:60438
[2018.08.21-12.36.03:849][  1]LogHandshake: SendChallengeAck. InCookie: 036120214150034024173116223109200085190162137014102208179051
[2018.08.21-12.36.03:849][  1]LogNet: Server accepting post-challenge connection from: 127.0.0.1:60438
[2018.08.21-12.36.03:849][  1]PacketHandlerLog: Loaded PacketHandler component: Engine.EngineHandlerComponentFactory (StatelessConnectHandlerComponent)
[2018.08.21-12.36.03:850][  1]LogNet: NotifyAcceptedConnection: Name: Arena01, TimeStamp: 08/21/18 05:36:03, [UNetConnection] RemoteAddr: 127.0.0.1:60438, Name: IpConnection_0, Driver: GameNetDriver IpNetDriver_0, IsServer: YES, PC: NULL, Owner: NULL, UniqueId: INVALID
[2018.08.21-12.36.03:850][  1]LogNet: AddClientConnection: Added client connection: [UNetConnection] RemoteAddr: 127.0.0.1:60438, Name: IpConnection_0, Driver: GameNetDriver IpNetDriver_0, IsServer: YES, PC: NULL, Owner: NULL, UniqueId: INVALID
[2018.08.21-12.36.03:864][  2]LogNet: NotifyAcceptingChannel Control 0 server World /Game/Maps/Arena01.Arena01: Accepted
[2018.08.21-12.36.03:864][  2]LogNet: Remote platform little endian=1
[2018.08.21-12.36.03:864][  2]LogNet: This platform little endian=1
[2018.08.21-12.36.03:864][  2]LogNetVersion: DarkCrystal 1.0.0.0, NetCL: 3944462, EngineNetVer: 2, GameNetVer: 0 (Checksum: 162565633)
[2018.08.21-12.36.03:881][  3]LogNet: Login request: /Game/Maps/MainMenu?Name=DESKTOP-LI0N2FC-B5C79CFB4A27384D3734A2B1013177C2 userId: DESKTOP-LI0N2FC-B5C79CFB4A27384D3734A2B1013177C2
[2018.08.21-12.36.03:897][  4]LogNet: Client netspeed is 10000
[2018.08.21-12.36.04:680][ 49]LogNet: NotifyAcceptingConnection accepted from: 127.0.0.1:60437
[2018.08.21-12.36.04:680][ 49]LogHandshake: SendConnectChallenge. Timestamp: 0.888172, Cookie: 078015016153067140215186143233072176028019091227072164007085
[2018.08.21-12.36.04:696][ 50]LogNet: NotifyAcceptingConnection accepted from: 127.0.0.1:60437
[2018.08.21-12.36.04:696][ 50]LogHandshake: SendChallengeAck. InCookie: 078015016153067140215186143233072176028019091227072164007085
[2018.08.21-12.36.04:696][ 50]LogNet: Server accepting post-challenge connection from: 127.0.0.1:60437
[2018.08.21-12.36.04:696][ 50]PacketHandlerLog: Loaded PacketHandler component: Engine.EngineHandlerComponentFactory (StatelessConnectHandlerComponent)
[2018.08.21-12.36.04:696][ 50]LogNet: NotifyAcceptedConnection: Name: Arena01, TimeStamp: 08/21/18 05:36:04, [UNetConnection] RemoteAddr: 127.0.0.1:60437, Name: IpConnection_1, Driver: GameNetDriver IpNetDriver_0, IsServer: YES, PC: NULL, Owner: NULL, UniqueId: INVALID
[2018.08.21-12.36.04:696][ 50]LogNet: AddClientConnection: Added client connection: [UNetConnection] RemoteAddr: 127.0.0.1:60437, Name: IpConnection_1, Driver: GameNetDriver IpNetDriver_0, IsServer: YES, PC: NULL, Owner: NULL, UniqueId: INVALID
[2018.08.21-12.36.04:712][ 51]LogNet: NotifyAcceptingChannel Control 0 server World /Game/Maps/Arena01.Arena01: Accepted
[2018.08.21-12.36.04:712][ 51]LogNet: Remote platform little endian=1
[2018.08.21-12.36.04:712][ 51]LogNet: This platform little endian=1
[2018.08.21-12.36.04:728][ 52]LogNet: Login request: /Game/Maps/MainMenu?Name=DESKTOP-LI0N2FC-DCEB64C643D3689A9797BF954C1D85A9 userId: DESKTOP-LI0N2FC-DCEB64C643D3689A9797BF954C1D85A9
[2018.08.21-12.36.04:745][ 53]LogNet: Client netspeed is 10000
[2018.08.21-12.36.05:164][ 79]LogNet: Join request: /Game/Maps/MainMenu?Name=DESKTOP-LI0N2FC-B5C79CFB4A27384D3734A2B1013177C2?SplitscreenCount=1
[2018.08.21-12.36.05:165][ 79]LogOnline: Warning: OSS: No game present to join for session (GameSession)
[2018.08.21-12.36.05:167][ 79]LogNet: Join succeeded: DESKTOP-LI0N2FC-B5C7
[2018.08.21-12.36.05:293][ 87]LogNetPackageMap: Warning: SanityCheckExport: CacheObject == NULL. NetGUID: 1, Object: /Game/Mannequin/Character/Textures/UE4_LOGO_CARD.UE4_LOGO_CARD, Expected: T_Ceramic_Tile_M
[2018.08.21-12.36.05:293][ 87]LogNetPackageMap: Warning: SanityCheckExport: Name mismatch. NetGUID: 1, Object: /Game/Mannequin/Character/Textures/UE4_LOGO_CARD.UE4_LOGO_CARD, Expected: T_Ceramic_Tile_M
[2018.08.21-12.36.05:293][ 87]LogNetPackageMap: Warning: SanityCheckExport: Outer mismatch. Object: /Game/Mannequin/Character/Textures/UE4_LOGO_CARD.UE4_LOGO_CARD, NetGUID: 1, Current: /Game/Mannequin/Character/Textures/UE4_LOGO_CARD, Expected: /Game/StarterContent/Textures/T_Ceramic_Tile_M
[2018.08.21-12.36.05:297][ 87]LogBlueprintUserMessages: [GameplayGM_C_0] 1
[2018.08.21-12.36.05:987][130]LogNet: Join request: /Game/Maps/MainMenu?Name=DESKTOP-LI0N2FC-DCEB64C643D3689A9797BF954C1D85A9?SplitscreenCount=1
[2018.08.21-12.36.05:988][130]LogOnline: Warning: OSS: No game present to join for session (GameSession)
[2018.08.21-12.36.05:989][130]LogNet: Join succeeded: DESKTOP-LI0N2FC-DCEB
[2018.08.21-12.36.06:164][141]LogNetPackageMap: Warning: SanityCheckExport: CacheObject == NULL. NetGUID: 1, Object: /Game/Mannequin/Character/Textures/UE4_LOGO_CARD.UE4_LOGO_CARD, Expected: T_Ceramic_Tile_M
[2018.08.21-12.36.06:164][141]LogNetPackageMap: Warning: SanityCheckExport: Name mismatch. NetGUID: 1, Object: /Game/Mannequin/Character/Textures/UE4_LOGO_CARD.UE4_LOGO_CARD, Expected: T_Ceramic_Tile_M
[2018.08.21-12.36.06:164][141]LogNetPackageMap: Warning: SanityCheckExport: Outer mismatch. Object: /Game/Mannequin/Character/Textures/UE4_LOGO_CARD.UE4_LOGO_CARD, NetGUID: 1, Current: /Game/Mannequin/Character/Textures/UE4_LOGO_CARD, Expected: /Game/StarterContent/Textures/T_Ceramic_Tile_M
[2018.08.21-12.36.06:168][141]LogBlueprintUserMessages: [GameplayGM_C_0] 2
[2018.08.21-12.36.06:568][166]LogBlueprintUserMessages: [GameplayPC_C_2] Reset Jump controller id: 2
[2018.08.21-12.36.08:376][278]LogBlueprintUserMessages: [GameplayPC_C_0] Reset Jump controller id: 0
[2018.08.21-12.36.13:011][565]LogBlueprintUserMessages: [GameplayPC_C_1] Reset Jump controller id: 1
[2018.08.21-12.36.13:381][588]LogNet: UChannel::ReceivedSequencedBunch: Bunch.bClose == true. ChIndex == 0. Calling ConditionalCleanUp.
[2018.08.21-12.36.13:381][588]LogNet: UChannel::CleanUp: ChIndex == 0. Closing connection. [UChannel] ChIndex: 0, Closing: 0 [UNetConnection] RemoteAddr: 127.0.0.1:60438, Name: IpConnection_0, Driver: GameNetDriver IpNetDriver_0, IsServer: YES, PC: GameplayPC_C_1, Owner: GameplayPC_C_1, UniqueId: DESKTOP-LI0N2FC-B5C79CFB4A27384D3734A2B1013177C2
[2018.08.21-12.36.13:381][588]LogNet: UNetConnection::Close: [UNetConnection] RemoteAddr: 127.0.0.1:60438, Name: IpConnection_0, Driver: GameNetDriver IpNetDriver_0, IsServer: YES, PC: GameplayPC_C_1, Owner: GameplayPC_C_1, UniqueId: DESKTOP-LI0N2FC-B5C79CFB4A27384D3734A2B1013177C2, Channels: 12, Time: 2018.08.21-12.36.13
[2018.08.21-12.36.13:381][588]LogNet: UChannel::Close: Sending CloseBunch. ChIndex == 0. Name: [UChannel] ChIndex: 0, Closing: 0 [UNetConnection] RemoteAddr: 127.0.0.1:60438, Name: IpConnection_0, Driver: GameNetDriver IpNetDriver_0, IsServer: YES, PC: GameplayPC_C_1, Owner: GameplayPC_C_1, UniqueId: DESKTOP-LI0N2FC-B5C79CFB4A27384D3734A2B1013177C2
[2018.08.21-12.36.13:381][588]LogOnline: Warning: OSS: Can't destroy a null online session (GameSession)
[2018.08.21-12.36.13:381][588]LogOnline: Warning: OSS: No game present to leave for session (GameSession)
[2018.08.21-12.36.14:263][641]LogSlate: Window 'DarkCrystal (64-bit, PCD3D_SM5) ' being destroyed
[2018.08.21-12.36.14:263][641]LogWindowsTextInputMethodSystem: Display: IME system now deactivated.
[2018.08.21-12.36.14:265][641]LogOnline: Warning: OSS: Can't destroy a null online session (GameSession)
[2018.08.21-12.36.14:265][641]LogOnline: Warning: OSS: No game present to leave for session (GameSession)
[2018.08.21-12.36.14:265][641]LogEngine: All Windows Closed
[2018.08.21-12.36.14:265][641]LogWindows: FPlatformMisc::RequestExit(0)
[2018.08.21-12.36.14:269][642]LogNet: World NetDriver shutdown IpNetDriver_0 [GameNetDriver]
[2018.08.21-12.36.14:269][642]LogNet: DestroyNamedNetDriver IpNetDriver_0 [GameNetDriver]
[2018.08.21-12.36.14:269][642]LogNet: UNetConnection::Cleanup: Closing open connection. [UNetConnection] RemoteAddr: 127.0.0.1:60437, Name: IpConnection_1, Driver: GameNetDriver IpNetDriver_0, IsServer: YES, PC: GameplayPC_C_2, Owner: GameplayPC_C_2, UniqueId: DESKTOP-LI0N2FC-DCEB64C643D3689A9797BF954C1D85A9
[2018.08.21-12.36.14:269][642]LogNet: UNetConnection::Close: [UNetConnection] RemoteAddr: 127.0.0.1:60437, Name: IpConnection_1, Driver: GameNetDriver IpNetDriver_0, IsServer: YES, PC: GameplayPC_C_2, Owner: GameplayPC_C_2, UniqueId: DESKTOP-LI0N2FC-DCEB64C643D3689A9797BF954C1D85A9, Channels: 10, Time: 2018.08.21-12.36.14
[2018.08.21-12.36.14:269][642]LogNet: UChannel::Close: Sending CloseBunch. ChIndex == 0. Name: [UChannel] ChIndex: 0, Closing: 0 [UNetConnection] RemoteAddr: 127.0.0.1:60437, Name: IpConnection_1, Driver: GameNetDriver IpNetDriver_0, IsServer: YES, PC: GameplayPC_C_2, Owner: GameplayPC_C_2, UniqueId: DESKTOP-LI0N2FC-DCEB64C643D3689A9797BF954C1D85A9
[2018.08.21-12.36.14:269][642]LogExit: GameNetDriver IpNetDriver_0 shut down
[2018.08.21-12.36.15:025][642]LogSlate: Slate User Destroyed.  User Index 0, Is Virtual User: 0
[2018.08.21-12.36.15:025][642]LogExit: Preparing to exit.
[2018.08.21-12.36.15:025][642]LogMoviePlayer: Shutting down movie player
[2018.08.21-12.36.15:436][642]LogExit: Game engine shut down
[2018.08.21-12.36.15:437][642]LogUObjectGlobals: Destroyed PersistentFrame Addr=0x000001ff009f7be0, Size=96
[2018.08.21-12.36.15:437][642]LogUObjectGlobals: Destroyed PersistentFrame Addr=0x000001ff00a11600, Size=2512
[2018.08.21-12.36.15:438][642]LogUObjectGlobals: Destroyed PersistentFrame Addr=0x000001ff00a27f10, Size=72
[2018.08.21-12.36.15:438][642]LogUObjectGlobals: Destroyed PersistentFrame Addr=0x000001ff00a76860, Size=32
[2018.08.21-12.36.15:438][642]LogUObjectGlobals: Destroyed PersistentFrame Addr=0x000001ff7fcec180, Size=544
[2018.08.21-12.36.15:438][642]LogUObjectGlobals: Destroyed PersistentFrame Addr=0x000001ff650dc800, Size=256
[2018.08.21-12.36.15:438][642]LogUObjectGlobals: Destroyed PersistentFrame Addr=0x000001ff66f09d00, Size=624
[2018.08.21-12.36.15:438][642]LogUObjectGlobals: Destroyed PersistentFrame Addr=0x000001ff67586430, Size=40
[2018.08.21-12.36.15:438][642]LogUObjectGlobals: Destroyed PersistentFrame Addr=0x000001ff66eadee0, Size=80
[2018.08.21-12.36.15:438][642]LogUObjectGlobals: Destroyed PersistentFrame Addr=0x000001ff67586e08, Size=40
[2018.08.21-12.36.15:438][642]LogUObjectGlobals: Destroyed PersistentFrame Addr=0x000001ff66e4b660, Size=104
[2018.08.21-12.36.15:438][642]LogUObjectGlobals: Destroyed PersistentFrame Addr=0x000001ff66e63600, Size=592
[2018.08.21-12.36.15:438][642]LogUObjectGlobals: Destroyed PersistentFrame Addr=0x000001ff7fc6e5c0, Size=320
[2018.08.21-12.36.15:438][642]LogUObjectGlobals: Destroyed PersistentFrame Addr=0x000001ff007deb00, Size=888
[2018.08.21-12.36.15:438][642]LogUObjectGlobals: Destroyed PersistentFrame Addr=0x000001ff007cd300, Size=752
[2018.08.21-12.36.15:438][642]LogUObjectGlobals: Destroyed PersistentFrame Addr=0x000001ff00a0b600, Size=544
[2018.08.21-12.36.15:438][642]LogUObjectGlobals: Destroyed PersistentFrame Addr=0x000001ff00a83820, Size=112
[2018.08.21-12.36.15:438][642]LogUObjectGlobals: Destroyed PersistentFrame Addr=0x000001ff00a0b880, Size=544
[2018.08.21-12.36.15:438][642]LogUObjectGlobals: Destroyed PersistentFrame Addr=0x000001ff7b535580, Size=128
[2018.08.21-12.36.15:439][642]LogUObjectGlobals: Destroyed PersistentFrame Addr=0x000001ff00a0b380, Size=544
[2018.08.21-12.36.15:439][642]LogUObjectGlobals: Destroyed PersistentFrame Addr=0x000001ff7fce1740, Size=64
[2018.08.21-12.36.15:439][642]LogUObjectGlobals: Destroyed PersistentFrame Addr=0x000001ff7fc6da80, Size=312
[2018.08.21-12.36.15:439][642]LogUObjectGlobals: Destroyed PersistentFrame Addr=0x000001ff00a25170, Size=80
[2018.08.21-12.36.15:439][642]LogUObjectGlobals: Destroyed PersistentFrame Addr=0x000001ff00a4b640, Size=192
[2018.08.21-12.36.15:439][642]LogUObjectGlobals: Destroyed PersistentFrame Addr=0x000001ff00a760e0, Size=32
[2018.08.21-12.36.15:439][642]LogUObjectGlobals: Destroyed PersistentFrame Addr=0x000001ff7fc85f60, Size=4
[2018.08.21-12.36.15:440][642]LogUObjectGlobals: Destroyed PersistentFrame Addr=0x000001ff00d7bdd0, Size=72
[2018.08.21-12.36.15:440][642]LogUObjectGlobals: Destroyed PersistentFrame Addr=0x000001ff00d62550, Size=112
[2018.08.21-12.36.15:440][642]LogUObjectGlobals: Destroyed PersistentFrame Addr=0x000001ff7ad3f600, Size=128
[2018.08.21-12.36.15:440][642]LogUObjectGlobals: Destroyed PersistentFrame Addr=0x000001ff00d69880, Size=32
[2018.08.21-12.36.15:440][642]LogUObjectGlobals: Destroyed PersistentFrame Addr=0x000001ff00ca7d80, Size=72
[2018.08.21-12.36.15:440][642]LogUObjectGlobals: Destroyed PersistentFrame Addr=0x000001ff00c6ac00, Size=536
[2018.08.21-12.36.15:440][642]LogUObjectGlobals: Destroyed PersistentFrame Addr=0x000001ff00c131a0, Size=80
[2018.08.21-12.36.15:440][642]LogUObjectGlobals: Destroyed PersistentFrame Addr=0x000001ff00cb7380, Size=320
[2018.08.21-12.36.15:440][642]LogUObjectGlobals: Destroyed PersistentFrame Addr=0x000001ff00ec6528, Size=4
[2018.08.21-12.36.15:440][642]LogUObjectGlobals: Destroyed PersistentFrame Addr=0x000001ff00cf9600, Size=2512
[2018.08.21-12.36.15:440][642]LogUObjectGlobals: Destroyed PersistentFrame Addr=0x000001ff01b65f00, Size=96
[2018.08.21-12.36.15:440][642]LogUObjectGlobals: Destroyed PersistentFrame Addr=0x000001ff01ad4e80, Size=192
[2018.08.21-12.36.15:440][642]LogUObjectGlobals: Destroyed PersistentFrame Addr=0x000001ff00cb6ac0, Size=320
[2018.08.21-12.36.15:440][642]LogUObjectGlobals: Destroyed PersistentFrame Addr=0x000001ff01a03900, Size=880
[2018.08.21-12.36.15:440][642]LogUObjectGlobals: Destroyed PersistentFrame Addr=0x000001ff019efd40, Size=32
[2018.08.21-12.36.15:440][642]LogUObjectGlobals: Destroyed PersistentFrame Addr=0x000001ff01a06c00, Size=536
[2018.08.21-12.36.15:440][642]LogUObjectGlobals: Destroyed PersistentFrame Addr=0x000001ff01a06700, Size=536
[2018.08.21-12.36.15:440][642]LogUObjectGlobals: Destroyed PersistentFrame Addr=0x000001ff019d1800, Size=256
[2018.08.21-12.36.15:440][642]LogUObjectGlobals: Destroyed PersistentFrame Addr=0x000001ff01a00b80, Size=784
[2018.08.21-12.36.15:440][642]LogUObjectGlobals: Destroyed PersistentFrame Addr=0x000001ff01a04400, Size=536
[2018.08.21-12.36.15:488][642]LogExit: Object subsystem successfully closed.
[2018.08.21-12.36.15:502][642]LogShaderCompilers: Display: Shaders left to compile 0
[2018.08.21-12.36.15:504][642]LogD3D11RHI: Shutdown
[2018.08.21-12.36.15:504][642]LogD3D11RHI: CleanupD3DDevice
[2018.08.21-12.36.15:506][642]LogD3D11RHI: ~FD3D11DynamicRHI
[2018.08.21-12.36.15:510][642]LogModuleManager: Shutting down and abandoning module SequenceRecorderSections (350)
[2018.08.21-12.36.15:510][642]LogModuleManager: Shutting down and abandoning module SequenceRecorder (348)
[2018.08.21-12.36.15:510][642]LogModuleManager: Shutting down and abandoning module AutomationController (346)
[2018.08.21-12.36.15:510][642]LogModuleManager: Shutting down and abandoning module AutomationWorker (344)
[2018.08.21-12.36.15:510][642]LogModuleManager: Shutting down and abandoning module Voice (342)
[2018.08.21-12.36.15:510][642]LogModuleManager: Shutting down and abandoning module AIModule (340)
[2018.08.21-12.36.15:510][642]LogModuleManager: Shutting down and abandoning module GameplayDebugger (339)
[2018.08.21-12.36.15:510][642]LogModuleManager: Shutting down and abandoning module AITestSuite (337)
[2018.08.21-12.36.15:510][642]LogModuleManager: Shutting down and abandoning module WmfMediaFactory (334)
[2018.08.21-12.36.15:510][642]LogModuleManager: Shutting down and abandoning module OpenExrWrapper (332)
[2018.08.21-12.36.15:510][642]LogModuleManager: Shutting down and abandoning module ImgMediaFactory (330)
[2018.08.21-12.36.15:510][642]LogModuleManager: Shutting down and abandoning module AvfMediaFactory (328)
[2018.08.21-12.36.15:510][642]LogModuleManager: Shutting down and abandoning module CharacterAI (326)
[2018.08.21-12.36.15:510][642]LogModuleManager: Shutting down and abandoning module SessionServices (324)
[2018.08.21-12.36.15:510][642]LogModuleManager: Shutting down and abandoning module MovieSceneCapture (322)
[2018.08.21-12.36.15:510][642]LogModuleManager: Shutting down and abandoning module MovieSceneTracks (320)
[2018.08.21-12.36.15:510][642]LogModuleManager: Shutting down and abandoning module MovieScene (318)
[2018.08.21-12.36.15:510][642]LogModuleManager: Shutting down and abandoning module GeometryCache (316)
[2018.08.21-12.36.15:510][642]LogModuleManager: Shutting down and abandoning module GeometryCacheEd (315)
[2018.08.21-12.36.15:510][642]LogModuleManager: Shutting down and abandoning module StreamingPauseRendering (312)
[2018.08.21-12.36.15:510][642]LogModuleManager: Shutting down and abandoning module PortalServices (310)
[2018.08.21-12.36.15:510][642]LogModuleManager: Shutting down and abandoning module PortalRpc (308)
[2018.08.21-12.36.15:510][642]LogModuleManager: Shutting down and abandoning module MessagingRpc (306)
[2018.08.21-12.36.15:510][642]LogModuleManager: Shutting down and abandoning module ProfilerService (304)
[2018.08.21-12.36.15:528][642]LogModuleManager: Shutting down and abandoning module TaskGraph (302)
[2018.08.21-12.36.15:528][642]LogModuleManager: Shutting down and abandoning module SteamVRController (300)
[2018.08.21-12.36.15:528][642]LogModuleManager: Shutting down and abandoning module ProceduralMeshComponent (298)
[2018.08.21-12.36.15:528][642]LogModuleManager: Shutting down and abandoning module OculusInput (296)
[2018.08.21-12.36.15:528][642]LogModuleManager: Shutting down and abandoning module MobilePatchingUtils (294)
[2018.08.21-12.36.15:528][642]LogModuleManager: Shutting down and abandoning module CustomMeshComponent (292)
[2018.08.21-12.36.15:528][642]LogModuleManager: Shutting down and abandoning module CableComponent (290)
[2018.08.21-12.36.15:528][642]LogModuleManager: Shutting down and abandoning module AudioCapture (288)
[2018.08.21-12.36.15:528][642]LogModuleManager: Shutting down and abandoning module ArchVisCharacter (286)
[2018.08.21-12.36.15:528][642]LogModuleManager: Shutting down and abandoning module AndroidPermission (284)
[2018.08.21-12.36.15:528][642]LogModuleManager: Shutting down and abandoning module NUTUnrealEngine4 (282)
[2018.08.21-12.36.15:528][642]LogModuleManager: Shutting down and abandoning module NetcodeUnitTest (280)
[2018.08.21-12.36.15:528][642]LogModuleManager: Shutting down and abandoning module MediaCompositing (278)
[2018.08.21-12.36.15:528][642]LogModuleManager: Shutting down and abandoning module LinearTimecode (276)
[2018.08.21-12.36.15:528][642]LogModuleManager: Shutting down and abandoning module ImgMedia (274)
[2018.08.21-12.36.15:530][642]LogModuleManager: Shutting down and abandoning module HTML5Networking (272)
[2018.08.21-12.36.15:530][642]LogModuleManager: Shutting down and abandoning module DatasmithContent (270)
[2018.08.21-12.36.15:530][642]LogModuleManager: Shutting down and abandoning module CryptoKeysOpenSSL (268)
[2018.08.21-12.36.15:530][642]LogModuleManager: Shutting down and abandoning module CryptoKeys (266)
[2018.08.21-12.36.15:530][642]LogModuleManager: Shutting down and abandoning module VisualStudioSourceCodeAccess (264)
[2018.08.21-12.36.15:530][642]LogModuleManager: Shutting down and abandoning module HotReload (263)
[2018.08.21-12.36.15:530][642]LogModuleManager: Shutting down and abandoning module VisualStudioCodeSourceCodeAccess (260)
[2018.08.21-12.36.15:530][642]LogModuleManager: Shutting down and abandoning module UObjectPlugin (258)
[2018.08.21-12.36.15:530][642]LogModuleManager: Shutting down and abandoning module SubversionSourceControl (256)
[2018.08.21-12.36.15:530][642]LogModuleManager: Shutting down and abandoning module PerforceSourceControl (254)
[2018.08.21-12.36.15:530][642]LogModuleManager: Shutting down and abandoning module SourceControl (253)
[2018.08.21-12.36.15:530][642]LogModuleManager: Shutting down and abandoning module CLionSourceCodeAccess (250)
[2018.08.21-12.36.15:530][642]LogModuleManager: Shutting down and abandoning module VictoryBPLibrary (248)
[2018.08.21-12.36.15:530][642]LogModuleManager: Shutting down and abandoning module RuntimePhysXCooking (246)
[2018.08.21-12.36.15:530][642]LogModuleManager: Shutting down and abandoning module PhysXVehiclesEditor (244)
[2018.08.21-12.36.15:530][642]LogModuleManager: Shutting down and abandoning module PhysXVehicles (242)
[2018.08.21-12.36.15:530][642]LogModuleManager: Shutting down and abandoning module LocationServicesBPLibrary (240)
[2018.08.21-12.36.15:530][642]LogModuleManager: Shutting down and abandoning module ImmediatePhysicsEditor (238)
[2018.08.21-12.36.15:530][642]LogModuleManager: Shutting down and abandoning module ImmediatePhysics (236)
[2018.08.21-12.36.15:530][642]LogModuleManager: Shutting down and abandoning module ApexDestructionEditor (234)
[2018.08.21-12.36.15:530][642]LogModuleManager: Shutting down and abandoning module ContentBrowser (233)
[2018.08.21-12.36.15:530][642]LogModuleManager: Shutting down and abandoning module CollectionManager (232)
[2018.08.21-12.36.15:530][642]LogDirectoryWatcher: A directory notification for 'G:/DarkActive/Unreal Projects/DarkCrystal/Content/Collections/' was aborted.
[2018.08.21-12.36.15:530][642]LogDirectoryWatcher: A directory notification for 'G:/DarkActive/Unreal Projects/DarkCrystal/Content/Developers/Kappa/Collections/' was aborted.
[2018.08.21-12.36.15:530][642]LogDirectoryWatcher: A directory notification for 'G:/DarkActive/Unreal Projects/DarkCrystal/Saved/Collections/' was aborted.
[2018.08.21-12.36.15:530][642]LogModuleManager: Shutting down and abandoning module DirectoryWatcher (231)
[2018.08.21-12.36.15:530][642]LogModuleManager: Shutting down and abandoning module ApexDestruction (226)
[2018.08.21-12.36.15:530][642]LogModuleManager: Shutting down and abandoning module ActorSequence (224)
[2018.08.21-12.36.15:530][642]LogModuleManager: Shutting down and abandoning module UdpMessaging (222)
[2018.08.21-12.36.15:631][642]LogModuleManager: Shutting down and abandoning module TcpMessaging (220)
[2018.08.21-12.36.16:365][642]LogModuleManager: Shutting down and abandoning module GameplayTagsEditor (218)
[2018.08.21-12.36.16:365][642]LogModuleManager: Shutting down and abandoning module FacialAnimation (216)
[2018.08.21-12.36.16:365][642]LogModuleManager: Shutting down and abandoning module DataValidation (214)
[2018.08.21-12.36.16:365][642]LogModuleManager: Shutting down and abandoning module AssetManagerEditor (212)
[2018.08.21-12.36.16:365][642]LogModuleManager: Shutting down and abandoning module TreeMap (211)
[2018.08.21-12.36.16:365][642]LogModuleManager: Shutting down and abandoning module LightPropagationVolumeRuntime (208)
[2018.08.21-12.36.16:365][642]LogModuleManager: Shutting down and abandoning module LiveLink (206)
[2018.08.21-12.36.17:290][642]LogModuleManager: Shutting down and abandoning module AdvancedSteamSessions (204)
[2018.08.21-12.36.17:290][642]LogModuleManager: Shutting down and abandoning module AdvancedSessions (202)
[2018.08.21-12.36.17:290][642]LogModuleManager: Shutting down and abandoning module Paper2D (200)
[2018.08.21-12.36.17:290][642]LogModuleManager: Shutting down and abandoning module PIEPreviewDeviceProfileSelector (198)
[2018.08.21-12.36.17:290][642]LogModuleManager: Shutting down and abandoning module WindowsMoviePlayer (196)
[2018.08.21-12.36.17:290][642]LogModuleManager: Shutting down and abandoning module WmfMedia (194)
[2018.08.21-12.36.17:290][642]LogModuleManager: Shutting down and abandoning module Media (193)
[2018.08.21-12.36.17:296][642]LogModuleManager: Shutting down and abandoning module PacketHandler (190)
[2018.08.21-12.36.17:296][642]LogModuleManager: Shutting down and abandoning module ClothingSystemEditor (188)
[2018.08.21-12.36.17:296][642]LogModuleManager: Shutting down and abandoning module ClothingSystemRuntime (186)
[2018.08.21-12.36.17:296][642]LogModuleManager: Shutting down and abandoning module MediaAssets (184)
[2018.08.21-12.36.17:296][642]LogModuleManager: Shutting down and abandoning module Overlay (182)
[2018.08.21-12.36.17:296][642]LogModuleManager: Shutting down and abandoning module OverlayEditor (181)
[2018.08.21-12.36.17:296][642]LogModuleManager: Shutting down and abandoning module VREditor (178)
[2018.08.21-12.36.17:296][642]LogModuleManager: Shutting down and abandoning module StringTableEditor (176)
[2018.08.21-12.36.17:296][642]LogModuleManager: Shutting down and abandoning module GameplayTasksEditor (174)
[2018.08.21-12.36.17:296][642]LogModuleManager: Shutting down and abandoning module BehaviorTreeEditor (172)
[2018.08.21-12.36.17:296][642]LogModuleManager: Shutting down and abandoning module FunctionalTesting (170)
[2018.08.21-12.36.17:296][642]LogModuleManager: Shutting down and abandoning module CollisionAnalyzer (168)
[2018.08.21-12.36.17:296][642]LogModuleManager: Shutting down and abandoning module WorkspaceMenuStructure (167)
[2018.08.21-12.36.17:296][642]LogModuleManager: Shutting down and abandoning module UMG (164)
[2018.08.21-12.36.17:296][642]LogModuleManager: Shutting down and abandoning module UMGEditor (163)
[2018.08.21-12.36.17:296][642]LogModuleManager: Shutting down and abandoning module Sequencer (162)
[2018.08.21-12.36.17:296][642]LogModuleManager: Shutting down and abandoning module MessageLog (159)
[2018.08.21-12.36.17:296][642]LogModuleManager: Shutting down and abandoning module SlateReflector (154)
[2018.08.21-12.36.17:296][642]LogModuleManager: Shutting down and abandoning module Slate (152)
[2018.08.21-12.36.17:296][642]LogModuleManager: Shutting down and abandoning module EditorStyle (150)
[2018.08.21-12.36.17:297][642]LogModuleManager: Shutting down and abandoning module MRMesh (148)
[2018.08.21-12.36.17:297][642]LogModuleManager: Shutting down and abandoning module Messaging (146)
[2018.08.21-12.36.17:297][642]LogModuleManager: Shutting down and abandoning module SourceCodeAccess (144)
[2018.08.21-12.36.17:297][642]LogModuleManager: Shutting down and abandoning module HeadMountedDisplay (142)
[2018.08.21-12.36.17:297][642]LogModuleManager: Shutting down and abandoning module XAudio2 (140)
[2018.08.21-12.36.17:297][642]LogModuleManager: Shutting down and abandoning module Networking (138)
[2018.08.21-12.36.17:297][642]LogModuleManager: Shutting down and abandoning module Core (136)
[2018.08.21-12.36.17:297][642]LogModuleManager: Shutting down and abandoning module LevelSequence (134)
[2018.08.21-12.36.17:297][642]LogModuleManager: Shutting down and abandoning module KismetCompiler (132)
[2018.08.21-12.36.17:297][642]LogModuleManager: Shutting down and abandoning module MeshUtilities (130)
[2018.08.21-12.36.17:297][642]LogModuleManager: Shutting down and abandoning module MeshMergeUtilities (129)
[2018.08.21-12.36.17:297][642]LogModuleManager: Shutting down and abandoning module MeshReductionInterface (128)
[2018.08.21-12.36.17:297][642]LogModuleManager: Shutting down and abandoning module SimplygonSwarm (127)
[2018.08.21-12.36.17:297][642]LogModuleManager: Shutting down and abandoning module SimplygonMeshReduction (125)
[2018.08.21-12.36.17:297][642]LogModuleManager: Shutting down and abandoning module QuadricMeshReduction (123)
[2018.08.21-12.36.17:297][642]LogModuleManager: Shutting down and abandoning module MaterialBaking (119)
[2018.08.21-12.36.17:297][642]LogModuleManager: Shutting down and abandoning module DerivedDataCache (114)
[2018.08.21-12.36.17:776][642]LogDerivedDataCache: Shutdown
[2018.08.21-12.36.17:776][642]LogModuleManager: Shutting down and abandoning module XGEController (112)
[2018.08.21-12.36.17:776][642]LogModuleManager: Shutting down and abandoning module TargetPlatform (110)
[2018.08.21-12.36.17:776][642]LogModuleManager: Shutting down and abandoning module VulkanShaderFormat (109)
[2018.08.21-12.36.17:776][642]LogModuleManager: Shutting down and abandoning module ShaderFormatVectorVM (107)
[2018.08.21-12.36.17:776][642]LogModuleManager: Shutting down and abandoning module ShaderFormatOpenGL (105)
[2018.08.21-12.36.17:776][642]LogModuleManager: Shutting down and abandoning module ShaderFormatD3D (103)
[2018.08.21-12.36.17:776][642]LogModuleManager: Shutting down and abandoning module MetalShaderFormat (101)
[2018.08.21-12.36.17:776][642]LogModuleManager: Shutting down and abandoning module TextureFormatUncompressed (99)
[2018.08.21-12.36.17:776][642]LogModuleManager: Shutting down and abandoning module TextureFormatPVR (97)
[2018.08.21-12.36.17:776][642]LogModuleManager: Shutting down and abandoning module TextureFormatDXT (95)
[2018.08.21-12.36.17:776][642]LogModuleManager: Shutting down and abandoning module TextureFormatIntelISPCTexComp (93)
[2018.08.21-12.36.17:776][642]LogModuleManager: Shutting down and abandoning module TextureFormatASTC (91)
[2018.08.21-12.36.17:776][642]LogModuleManager: Shutting down and abandoning module ImageWrapper (90)
[2018.08.21-12.36.17:776][642]LogModuleManager: Shutting down and abandoning module TextureFormatAndroid (87)
[2018.08.21-12.36.17:776][642]LogModuleManager: Shutting down and abandoning module AudioFormatOpus (85)
[2018.08.21-12.36.17:776][642]LogModuleManager: Shutting down and abandoning module AudioFormatOgg (83)
[2018.08.21-12.36.17:776][642]LogModuleManager: Shutting down and abandoning module AudioFormatADPCM (81)
[2018.08.21-12.36.17:776][642]LogModuleManager: Shutting down and abandoning module WindowsTargetPlatform (79)
[2018.08.21-12.36.17:776][642]LogModuleManager: Shutting down and abandoning module WindowsServerTargetPlatform (77)
[2018.08.21-12.36.17:776][642]LogModuleManager: Shutting down and abandoning module WindowsNoEditorTargetPlatform (75)
[2018.08.21-12.36.17:776][642]LogModuleManager: Shutting down and abandoning module WindowsClientTargetPlatform (73)
[2018.08.21-12.36.17:776][642]LogModuleManager: Shutting down and abandoning module InputCore (70)
[2018.08.21-12.36.17:776][642]LogModuleManager: Shutting down and abandoning module Settings (68)
[2018.08.21-12.36.17:776][642]LogModuleManager: Shutting down and abandoning module PhysXCooking (66)
[2018.08.21-12.36.17:776][642]LogModuleManager: Shutting down and abandoning module SteamVR (64)
[2018.08.21-12.36.17:776][642]LogModuleManager: Shutting down and abandoning module OculusHMD (62)
[2018.08.21-12.36.17:776][642]LogModuleManager: Shutting down and abandoning module ExampleDeviceProfileSelector (60)
[2018.08.21-12.36.17:776][642]LogModuleManager: Shutting down and abandoning module AppleARKit (58)
[2018.08.21-12.36.17:776][642]LogModuleManager: Shutting down and abandoning module AugmentedReality (57)
[2018.08.21-12.36.17:776][642]LogModuleManager: Shutting down and abandoning module OnlineBlueprintSupport (54)
[2018.08.21-12.36.17:776][642]LogModuleManager: Shutting down and abandoning module OnlineSubsystem (50)
[2018.08.21-12.36.17:776][642]LogOnline: Display: OSS: FOnlineSubsystemNull::Shutdown()
[2018.08.21-12.36.17:776][642]LogOnline: Display: OSS: FOnlineAsyncTaskManager::Stop() ActiveTask:0000000000000000 Tasks[0/0]
[2018.08.21-12.36.17:777][642]LogOnline: Display: OSS: FOnlineAsyncTaskManager::Exit() started
[2018.08.21-12.36.17:777][642]LogOnline: Display: OSS: FOnlineAsyncTaskManager::Exit() finished
[2018.08.21-12.36.17:777][642]LogModuleManager: Shutting down and abandoning module XMPP (43)
[2018.08.21-12.36.17:777][642]LogModuleManager: Shutting down and abandoning module HTTP (41)
[2018.08.21-12.36.17:783][642]LogModuleManager: Shutting down and abandoning module SSL (40)
[2018.08.21-12.36.17:784][642]LogModuleManager: Shutting down and abandoning module AnimationModifiers (36)
[2018.08.21-12.36.17:784][642]LogModuleManager: Shutting down and abandoning module PropertyEditor (35)
[2018.08.21-12.36.17:784][642]LogModuleManager: Shutting down and abandoning module AudioEditor (32)
[2018.08.21-12.36.17:784][642]LogModuleManager: Shutting down and abandoning module TextureCompressor (30)
[2018.08.21-12.36.17:784][642]LogModuleManager: Shutting down and abandoning module ShaderCore (28)
[2018.08.21-12.36.17:784][642]LogModuleManager: Shutting down and abandoning module Landscape (26)
[2018.08.21-12.36.17:784][642]LogModuleManager: Shutting down and abandoning module SlateRHIRenderer (24)
[2018.08.21-12.36.17:784][642]LogModuleManager: Shutting down and abandoning module OpenGLDrv (22)
[2018.08.21-12.36.17:784][642]LogModuleManager: Shutting down and abandoning module D3D11RHI (20)
[2018.08.21-12.36.17:784][642]LogModuleManager: Shutting down and abandoning module AnimGraphRuntime (18)
[2018.08.21-12.36.17:784][642]LogModuleManager: Shutting down and abandoning module Renderer (16)
[2018.08.21-12.36.17:784][642]LogModuleManager: Shutting down and abandoning module Engine (14)
[2018.08.21-12.36.17:784][642]LogModuleManager: Shutting down and abandoning module CoreUObject (12)
[2018.08.21-12.36.17:784][642]LogModuleManager: Shutting down and abandoning module NetworkFile (10)
[2018.08.21-12.36.17:784][642]LogModuleManager: Shutting down and abandoning module CookedIterativeFile (8)
[2018.08.21-12.36.17:784][642]LogModuleManager: Shutting down and abandoning module StreamingFile (6)
[2018.08.21-12.36.17:784][642]LogModuleManager: Shutting down and abandoning module SandboxFile (4)
[2018.08.21-12.36.17:784][642]LogModuleManager: Shutting down and abandoning module PakFile (2)
[2018.08.21-12.36.17:786][642]LogExit: Exiting.
[2018.08.21-12.36.17:824][642]Log file closed, 08/21/18 05:36:17
