Log file open, 08/21/18 08:13:34
LogWindows: Failed to load 'aqProf.dll' (GetLastError=126)
LogWindows: File 'aqProf.dll' does not exist
LogWindows: Failed to load 'VtuneApi.dll' (GetLastError=126)
LogWindows: File 'VtuneApi.dll' does not exist
LogWindows: Failed to load 'VtuneApi32e.dll' (GetLastError=126)
LogWindows: File 'VtuneApi32e.dll' does not exist
LogInit: Display: Running engine for game: DarkCrystalstutter
LogPlatformFile: Not using cached read wrapper
LogInit: Display: RandInit(1177907564) SRandInit(1177907565).
LogInit: Read version file with build ID '3944462'
LogInit: Overriding engine version to CL 4033788, compatible CL 3944462
LogInit: Registered custom module enumerator with build ID '3944462'
LogTaskGraph: Started task graph with 5 named threads and 23 total threads with 3 sets of task threads.
LogStats: Stats thread started at 0.280698
LogD3D11RHI: Aftermath initialized
LogICUInternationalization: Display: ICU TimeZone Detection - Raw Offset: -8:00, Platform Override: ''
LogModuleManager: Display: Found up-to-date module file ../../../Engine/Plugins/Online/OnlineSubsystemSteam/Binaries/Win64/UE4Editor-OnlineSubsystemSteam.dll (API version 3944462).
LogModuleManager: Display: Found up-to-date module file ../../../Engine/Plugins/Online/OnlineSubsystem/Binaries/Win64/UE4Editor-OnlineSubsystem.dll (API version 3944462).
LogModuleManager: Display: Found up-to-date module file ../../../Engine/Plugins/Online/OnlineSubsystemUtils/Binaries/Win64/UE4Editor-OnlineSubsystemUtils.dll (API version 3944462).
LogModuleManager: Display: Found up-to-date module file ../../../Engine/Plugins/Online/OnlineSubsystemUtils/Binaries/Win64/UE4Editor-OnlineBlueprintSupport.dll (API version 3944462).
LogModuleManager: Display: Found up-to-date module file ../../../Engine/Plugins/VictoryPlugin/Binaries/Win64/UE4Editor-VictoryBPLibrary.dll (API version 3944462).
LogModuleManager: Display: Found up-to-date module file ../../../Engine/Plugins/Runtime/ApexDestruction/Binaries/Win64/UE4Editor-ApexDestruction.dll (API version 3944462).
LogModuleManager: Display: Found up-to-date module file ../../../Engine/Plugins/Runtime/ApexDestruction/Binaries/Win64/UE4Editor-ApexDestructionEditor.dll (API version 3944462).
LogModuleManager: Display: Found up-to-date module file ../../../Engine/Plugins/AdvancedSessions/AdvancedSessions/Binaries/Win64/UE4Editor-AdvancedSessions.dll (API version 3944462).
LogModuleManager: Display: Found up-to-date module file ../../../Engine/Plugins/AdvancedSessions/AdvancedSteamSessions/Binaries/Win64/UE4Editor-AdvancedSteamSessions.dll (API version 3944462).
LogModuleManager: Display: Found up-to-date module file ../../../Engine/Plugins/2D/Paper2D/Binaries/Win64/UE4Editor-Paper2D.dll (API version 3944462).
LogModuleManager: Display: Found up-to-date module file ../../../Engine/Plugins/2D/Paper2D/Binaries/Win64/UE4Editor-Paper2DEditor.dll (API version 3944462).
LogModuleManager: Display: Found up-to-date module file ../../../Engine/Plugins/2D/Paper2D/Binaries/Win64/UE4Editor-PaperSpriteSheetImporter.dll (API version 3944462).
LogModuleManager: Display: Found up-to-date module file ../../../Engine/Plugins/2D/Paper2D/Binaries/Win64/UE4Editor-PaperTiledImporter.dll (API version 3944462).
LogModuleManager: Display: Found up-to-date module file ../../../Engine/Plugins/2D/Paper2D/Binaries/Win64/UE4Editor-SmartSnapping.dll (API version 3944462).
LogModuleManager: Display: Found up-to-date module file ../../../Engine/Plugins/Blendables/LightPropagationVolume/Binaries/Win64/UE4Editor-LightPropagationVolumeRuntime.dll (API version 3944462).
LogModuleManager: Display: Found up-to-date module file ../../../Engine/Plugins/Blendables/LightPropagationVolume/Binaries/Win64/UE4Editor-LightPropagationVolumeEditor.dll (API version 3944462).
LogModuleManager: Display: Found up-to-date module file ../../../Engine/Plugins/Developer/CLionSourceCodeAccess/Binaries/Win64/UE4Editor-CLionSourceCodeAccess.dll (API version 3944462).
LogModuleManager: Display: Found up-to-date module file ../../../Engine/Plugins/Developer/GitSourceControl/Binaries/Win64/UE4Editor-GitSourceControl.dll (API version 3944462).
LogModuleManager: Display: Found up-to-date module file ../../../Engine/Plugins/Developer/PerforceSourceControl/Binaries/Win64/UE4Editor-PerforceSourceControl.dll (API version 3944462).
LogModuleManager: Display: Found up-to-date module file ../../../Engine/Plugins/Developer/SubversionSourceControl/Binaries/Win64/UE4Editor-SubversionSourceControl.dll (API version 3944462).
LogModuleManager: Display: Found up-to-date module file ../../../Engine/Plugins/Developer/UObjectPlugin/Binaries/Win64/UE4Editor-UObjectPlugin.dll (API version 3944462).
LogModuleManager: Display: Found up-to-date module file ../../../Engine/Plugins/Developer/VisualStudioCodeSourceCodeAccess/Binaries/Win64/UE4Editor-VisualStudioCodeSourceCodeAccess.dll (API version 3944462).
LogModuleManager: Display: Found up-to-date module file ../../../Engine/Plugins/Developer/VisualStudioSourceCodeAccess/Binaries/Win64/UE4Editor-VisualStudioSourceCodeAccess.dll (API version 3944462).
LogModuleManager: Display: Found up-to-date module file ../../../Engine/Plugins/Editor/AssetManagerEditor/Binaries/Win64/UE4Editor-AssetManagerEditor.dll (API version 3944462).
LogModuleManager: Display: Found up-to-date module file ../../../Engine/Plugins/Editor/CryptoKeys/Binaries/Win64/UE4Editor-CryptoKeys.dll (API version 3944462).
LogModuleManager: Display: Found up-to-date module file ../../../Engine/Plugins/Editor/CryptoKeys/Binaries/Win64/UE4Editor-CryptoKeysOpenSSL.dll (API version 3944462).
LogModuleManager: Display: Found up-to-date module file ../../../Engine/Plugins/Editor/DataValidation/Binaries/Win64/UE4Editor-DataValidation.dll (API version 3944462).
LogModuleManager: Display: Found up-to-date module file ../../../Engine/Plugins/Editor/FacialAnimation/Binaries/Win64/UE4Editor-FacialAnimation.dll (API version 3944462).
LogModuleManager: Display: Found up-to-date module file ../../../Engine/Plugins/Editor/FacialAnimation/Binaries/Win64/UE4Editor-FacialAnimationEditor.dll (API version 3944462).
LogModuleManager: Display: Found up-to-date module file ../../../Engine/Plugins/Editor/GameplayTagsEditor/Binaries/Win64/UE4Editor-GameplayTagsEditor.dll (API version 3944462).
LogModuleManager: Display: Found up-to-date module file ../../../Engine/Plugins/Editor/MobileLauncherProfileWizard/Binaries/Win64/UE4Editor-MobileLauncherProfileWizard.dll (API version 3944462).
LogModuleManager: Display: Found up-to-date module file ../../../Engine/Plugins/Editor/PluginBrowser/Binaries/Win64/UE4Editor-PluginBrowser.dll (API version 3944462).
LogModuleManager: Display: Found up-to-date module file ../../../Engine/Plugins/Editor/SpeedTreeImporter/Binaries/Win64/UE4Editor-SpeedTreeImporter.dll (API version 3944462).
LogModuleManager: Display: Found up-to-date module file ../../../Engine/Plugins/Enterprise/DatasmithContent/Binaries/Win64/UE4Editor-DatasmithContent.dll (API version 3944462).
LogModuleManager: Display: Found up-to-date module file ../../../Engine/Plugins/Experimental/AlembicImporter/Binaries/Win64/UE4Editor-AlembicImporter.dll (API version 3944462).
LogModuleManager: Display: Found up-to-date module file ../../../Engine/Plugins/Experimental/AlembicImporter/Binaries/Win64/UE4Editor-AlembicLibrary.dll (API version 3944462).
LogModuleManager: Display: Found up-to-date module file ../../../Engine/Plugins/Experimental/CharacterAI/Binaries/Win64/UE4Editor-CharacterAI.dll (API version 3944462).
LogModuleManager: Display: Found up-to-date module file ../../../Engine/Plugins/Experimental/HTML5Networking/Binaries/Win64/UE4Editor-HTML5Networking.dll (API version 3944462).
LogModuleManager: Display: Found up-to-date module file ../../../Engine/Plugins/Media/AndroidMedia/Binaries/Win64/UE4Editor-AndroidMediaEditor.dll (API version 3944462).
LogModuleManager: Display: Found up-to-date module file ../../../Engine/Plugins/Media/AndroidMedia/Binaries/Win64/UE4Editor-AndroidMediaFactory.dll (API version 3944462).
LogModuleManager: Display: Found up-to-date module file ../../../Engine/Plugins/Media/AvfMedia/Binaries/Win64/UE4Editor-AvfMediaEditor.dll (API version 3944462).
LogModuleManager: Display: Found up-to-date module file ../../../Engine/Plugins/Media/AvfMedia/Binaries/Win64/UE4Editor-AvfMediaFactory.dll (API version 3944462).
LogModuleManager: Display: Found up-to-date module file ../../../Engine/Plugins/Media/AvfMedia/Binaries/Win64/UE4Editor-AvfMediaFactory.dll (API version 3944462).
LogModuleManager: Display: Found up-to-date module file ../../../Engine/Plugins/Media/ImgMedia/Binaries/Win64/UE4Editor-ImgMedia.dll (API version 3944462).
LogModuleManager: Display: Found up-to-date module file ../../../Engine/Plugins/Media/ImgMedia/Binaries/Win64/UE4Editor-ImgMediaEditor.dll (API version 3944462).
LogModuleManager: Display: Found up-to-date module file ../../../Engine/Plugins/Media/ImgMedia/Binaries/Win64/UE4Editor-ImgMediaFactory.dll (API version 3944462).
LogModuleManager: Display: Found up-to-date module file ../../../Engine/Plugins/Media/ImgMedia/Binaries/Win64/UE4Editor-ImgMediaFactory.dll (API version 3944462).
LogModuleManager: Display: Found up-to-date module file ../../../Engine/Plugins/Media/ImgMedia/Binaries/Win64/UE4Editor-OpenExrWrapper.dll (API version 3944462).
LogModuleManager: Display: Found up-to-date module file ../../../Engine/Plugins/Media/LinearTimecode/Binaries/Win64/UE4Editor-LinearTimecode.dll (API version 3944462).
LogModuleManager: Display: Found up-to-date module file ../../../Engine/Plugins/Media/MediaCompositing/Binaries/Win64/UE4Editor-MediaCompositing.dll (API version 3944462).
LogModuleManager: Display: Found up-to-date module file ../../../Engine/Plugins/Media/MediaCompositing/Binaries/Win64/UE4Editor-MediaCompositingEditor.dll (API version 3944462).
LogModuleManager: Display: Found up-to-date module file ../../../Engine/Plugins/Media/MediaPlayerEditor/Binaries/Win64/UE4Editor-MediaPlayerEditor.dll (API version 3944462).
LogModuleManager: Display: Found up-to-date module file ../../../Engine/Plugins/Media/WmfMedia/Binaries/Win64/UE4Editor-WmfMedia.dll (API version 3944462).
LogModuleManager: Display: Found up-to-date module file ../../../Engine/Plugins/Media/WmfMedia/Binaries/Win64/UE4Editor-WmfMediaEditor.dll (API version 3944462).
LogModuleManager: Display: Found up-to-date module file ../../../Engine/Plugins/Media/WmfMedia/Binaries/Win64/UE4Editor-WmfMediaFactory.dll (API version 3944462).
LogModuleManager: Display: Found up-to-date module file ../../../Engine/Plugins/Media/WmfMedia/Binaries/Win64/UE4Editor-WmfMediaFactory.dll (API version 3944462).
LogModuleManager: Display: Found up-to-date module file ../../../Engine/Plugins/Messaging/TcpMessaging/Binaries/Win64/UE4Editor-TcpMessaging.dll (API version 3944462).
LogModuleManager: Display: Found up-to-date module file ../../../Engine/Plugins/Messaging/UdpMessaging/Binaries/Win64/UE4Editor-UdpMessaging.dll (API version 3944462).
LogModuleManager: Display: Found up-to-date module file ../../../Engine/Plugins/MovieScene/ActorSequence/Binaries/Win64/UE4Editor-ActorSequence.dll (API version 3944462).
LogModuleManager: Display: Found up-to-date module file ../../../Engine/Plugins/MovieScene/LevelSequenceEditor/Binaries/Win64/UE4Editor-LevelSequenceEditor.dll (API version 3944462).
LogModuleManager: Display: Found up-to-date module file ../../../Engine/Plugins/MovieScene/MatineeToLevelSequence/Binaries/Win64/UE4Editor-MatineeToLevelSequence.dll (API version 3944462).
LogModuleManager: Display: Found up-to-date module file ../../../Engine/Plugins/NetcodeUnitTest/NetcodeUnitTest/Binaries/Win64/UE4Editor-NetcodeUnitTest.dll (API version 3944462).
LogModuleManager: Display: Found up-to-date module file ../../../Engine/Plugins/NetcodeUnitTest/NUTUnrealEngine4/Binaries/Win64/UE4Editor-NUTUnrealEngine4.dll (API version 3944462).
LogModuleManager: Display: Found up-to-date module file ../../../Engine/Plugins/Runtime/AndroidPermission/Binaries/Win64/UE4Editor-AndroidPermission.dll (API version 3944462).
LogModuleManager: Display: Found up-to-date module file ../../../Engine/Plugins/Online/OnlineSubsystemNull/Binaries/Win64/UE4Editor-OnlineSubsystemNull.dll (API version 3944462).
LogModuleManager: Display: Found up-to-date module file ../../../Engine/Plugins/Runtime/AndroidDeviceProfileSelector/Binaries/Win64/UE4Editor-AndroidDeviceProfileSelector.dll (API version 3944462).
LogModuleManager: Display: Found up-to-date module file ../../../Engine/Plugins/Runtime/AppleARKit/Binaries/Win64/UE4Editor-AppleARKit.dll (API version 3944462).
LogModuleManager: Display: Found up-to-date module file ../../../Engine/Plugins/Runtime/ProceduralMeshComponent/Binaries/Win64/UE4Editor-ProceduralMeshComponent.dll (API version 3944462).
LogModuleManager: Display: Found up-to-date module file ../../../Engine/Plugins/Runtime/ProceduralMeshComponent/Binaries/Win64/UE4Editor-ProceduralMeshComponentEditor.dll (API version 3944462).
LogModuleManager: Display: Found up-to-date module file ../../../Engine/Plugins/Animation/LiveLink/Binaries/Win64/UE4Editor-LiveLink.dll (API version 3944462).
LogModuleManager: Display: Found up-to-date module file ../../../Engine/Plugins/Animation/LiveLink/Binaries/Win64/UE4Editor-LiveLinkEditor.dll (API version 3944462).
LogModuleManager: Display: Found up-to-date module file ../../../Engine/Plugins/Runtime/ArchVisCharacter/Binaries/Win64/UE4Editor-ArchVisCharacter.dll (API version 3944462).
LogModuleManager: Display: Found up-to-date module file ../../../Engine/Plugins/Runtime/AudioCapture/Binaries/Win64/UE4Editor-AudioCapture.dll (API version 3944462).
LogModuleManager: Display: Found up-to-date module file ../../../Engine/Plugins/Runtime/AudioCapture/Binaries/Win64/UE4Editor-AudioCaptureEditor.dll (API version 3944462).
LogModuleManager: Display: Found up-to-date module file ../../../Engine/Plugins/Runtime/CableComponent/Binaries/Win64/UE4Editor-CableComponent.dll (API version 3944462).
LogModuleManager: Display: Found up-to-date module file ../../../Engine/Plugins/Runtime/CustomMeshComponent/Binaries/Win64/UE4Editor-CustomMeshComponent.dll (API version 3944462).
LogModuleManager: Display: Found up-to-date module file ../../../Engine/Plugins/Runtime/ExampleDeviceProfileSelector/Binaries/Win64/UE4Editor-ExampleDeviceProfileSelector.dll (API version 3944462).
LogModuleManager: Display: Found up-to-date module file ../../../Engine/Plugins/Runtime/ImmediatePhysics/Binaries/Win64/UE4Editor-ImmediatePhysics.dll (API version 3944462).
LogModuleManager: Display: Found up-to-date module file ../../../Engine/Plugins/Runtime/ImmediatePhysics/Binaries/Win64/UE4Editor-ImmediatePhysicsEditor.dll (API version 3944462).
LogModuleManager: Display: Found up-to-date module file ../../../Engine/Plugins/Runtime/LocationServicesBPLibrary/Binaries/Win64/UE4Editor-LocationServicesBPLibrary.dll (API version 3944462).
LogModuleManager: Display: Found up-to-date module file ../../../Engine/Plugins/Runtime/MobilePatchingUtils/Binaries/Win64/UE4Editor-MobilePatchingUtils.dll (API version 3944462).
LogModuleManager: Display: Found up-to-date module file ../../../Engine/Plugins/Runtime/Oculus/OculusVR/Binaries/Win64/UE4Editor-OculusHMD.dll (API version 3944462).
LogModuleManager: Display: Found up-to-date module file ../../../Engine/Plugins/Runtime/Oculus/OculusVR/Binaries/Win64/UE4Editor-OculusInput.dll (API version 3944462).
LogModuleManager: Display: Found up-to-date module file ../../../Engine/Plugins/Runtime/Oculus/OculusVR/Binaries/Win64/UE4Editor-OculusEditor.dll (API version 3944462).
LogModuleManager: Display: Found up-to-date module file ../../../Engine/Plugins/Runtime/PhysXVehicles/Binaries/Win64/UE4Editor-PhysXVehicles.dll (API version 3944462).
LogModuleManager: Display: Found up-to-date module file ../../../Engine/Plugins/Runtime/PhysXVehicles/Binaries/Win64/UE4Editor-PhysXVehiclesEditor.dll (API version 3944462).
LogModuleManager: Display: Found up-to-date module file ../../../Engine/Plugins/Runtime/RuntimePhysXCooking/Binaries/Win64/UE4Editor-RuntimePhysXCooking.dll (API version 3944462).
LogModuleManager: Display: Found up-to-date module file ../../../Engine/Plugins/Runtime/Steam/SteamVR/Binaries/Win64/UE4Editor-SteamVR.dll (API version 3944462).
LogModuleManager: Display: Found up-to-date module file ../../../Engine/Plugins/Runtime/Steam/SteamVR/Binaries/Win64/UE4Editor-SteamVRController.dll (API version 3944462).
LogModuleManager: Display: Found up-to-date module file ../../../Engine/Plugins/Runtime/WindowsMoviePlayer/Binaries/Win64/UE4Editor-WindowsMoviePlayer.dll (API version 3944462).
LogPluginManager: Mounting plugin Paper2D
LogPluginManager: Mounting plugin AdvancedSessions
LogPluginManager: Mounting plugin AdvancedSteamSessions
LogPluginManager: Mounting plugin LiveLink
LogPluginManager: Mounting plugin LightPropagationVolume
LogPluginManager: Mounting plugin CLionSourceCodeAccess
LogPluginManager: Mounting plugin CodeLiteSourceCodeAccess
LogPluginManager: Mounting plugin GitSourceControl
LogPluginManager: Mounting plugin KDevelopSourceCodeAccess
LogPluginManager: Mounting plugin NullSourceCodeAccess
LogPluginManager: Mounting plugin PerforceSourceControl
LogPluginManager: Mounting plugin SubversionSourceControl
LogPluginManager: Mounting plugin UObjectPlugin
LogPluginManager: Mounting plugin VisualStudioCodeSourceCodeAccess
LogPluginManager: Mounting plugin VisualStudioSourceCodeAccess
LogPluginManager: Mounting plugin XCodeSourceCodeAccess
LogPluginManager: Mounting plugin AssetManagerEditor
LogPluginManager: Mounting plugin CryptoKeys
LogPluginManager: Mounting plugin DataValidation
LogPluginManager: Mounting plugin FacialAnimation
LogPluginManager: Mounting plugin GameplayTagsEditor
LogPluginManager: Mounting plugin MobileLauncherProfileWizard
LogPluginManager: Mounting plugin PluginBrowser
LogPluginManager: Mounting plugin SpeedTreeImporter
LogPluginManager: Mounting plugin DatasmithContent
LogPluginManager: Mounting plugin AlembicImporter
LogPluginManager: Mounting plugin CharacterAI
LogPluginManager: Mounting plugin HTML5Networking
LogPluginManager: Mounting plugin AndroidMedia
LogPluginManager: Mounting plugin AvfMedia
LogPluginManager: Mounting plugin ImgMedia
LogPluginManager: Mounting plugin LinearTimecode
LogPluginManager: Mounting plugin MediaCompositing
LogPluginManager: Mounting plugin MediaPlayerEditor
LogPluginManager: Mounting plugin WmfMedia
LogPluginManager: Mounting plugin TcpMessaging
LogPluginManager: Mounting plugin UdpMessaging
LogPluginManager: Mounting plugin ActorSequence
LogPluginManager: Mounting plugin LevelSequenceEditor
LogPluginManager: Mounting plugin MatineeToLevelSequence
LogPluginManager: Mounting plugin NetcodeUnitTest
LogPluginManager: Mounting plugin NUTUnrealEngine4
LogPluginManager: Mounting plugin OnlineSubsystemGooglePlay
LogPluginManager: Mounting plugin OnlineSubsystemIOS
LogPluginManager: Mounting plugin OnlineSubsystem
LogPluginManager: Mounting plugin OnlineSubsystemNull
LogPluginManager: Mounting plugin OnlineSubsystemSteam
LogPluginManager: Mounting plugin OnlineSubsystemUtils
LogPluginManager: Mounting plugin AndroidDeviceProfileSelector
LogPluginManager: Mounting plugin AndroidMoviePlayer
LogPluginManager: Mounting plugin AndroidPermission
LogPluginManager: Mounting plugin ApexDestruction
LogPluginManager: Mounting plugin AppleARKit
LogPluginManager: Mounting plugin AppleMoviePlayer
LogPluginManager: Mounting plugin ArchVisCharacter
LogPluginManager: Mounting plugin AudioCapture
LogPluginManager: Mounting plugin CableComponent
LogPluginManager: Mounting plugin CustomMeshComponent
LogPluginManager: Mounting plugin ExampleDeviceProfileSelector
LogPluginManager: Mounting plugin GoogleCloudMessaging
LogPluginManager: Mounting plugin ImmediatePhysics
LogPluginManager: Mounting plugin IOSDeviceProfileSelector
LogPluginManager: Mounting plugin LinuxDeviceProfileSelector
LogPluginManager: Mounting plugin LocationServicesBPLibrary
LogPluginManager: Mounting plugin MobilePatchingUtils
LogPluginManager: Mounting plugin OculusVR
LogPluginManager: Plugin shader directory ../../../Engine/Plugins/Runtime/Oculus/OculusVR/Shaders found
LogPluginManager: Mapping shader source directory ../../../Engine/Plugins/Runtime/Oculus/OculusVR/Shaders to virtual directory /Plugin/OculusVR
LogPluginManager: Mounting plugin PhysXVehicles
LogPluginManager: Mounting plugin ProceduralMeshComponent
LogPluginManager: Mounting plugin RuntimePhysXCooking
LogPluginManager: Mounting plugin SteamVR
LogPluginManager: Mounting plugin WindowsMoviePlayer
LogPluginManager: Mounting plugin VictoryBPLibrary
LogStreaming: Display: Took  0.754s to configure plugins.
LogInit: Using libcurl 7.47.1
LogInit:  - built for x86_64-pc-win32
LogInit:  - supports SSL with OpenSSL/1.0.2g
LogInit:  - supports HTTP deflate (compression) using libz 1.2.8
LogInit:  - other features:
LogInit:      CURL_VERSION_SSL
LogInit:      CURL_VERSION_LIBZ
LogInit:      CURL_VERSION_IPV6
LogInit:      CURL_VERSION_ASYNCHDNS
LogInit:      CURL_VERSION_LARGEFILE
LogInit:      CURL_VERSION_IDN
LogInit:  CurlRequestOptions (configurable via config and command line):
LogInit:  - bVerifyPeer = false  - Libcurl will NOT verify peer certificate
LogInit:  - bUseHttpProxy = false  - Libcurl will NOT use HTTP proxy
LogInit:  - bDontReuseConnections = false  - Libcurl will reuse connections
LogInit:  - CertBundlePath = nullptr  - Libcurl will use whatever was configured at build time.
LogInit:  - MaxHostConnections = 16  - Libcurl will limit the number of connections to a host
LogInit:  - LocalHostAddr = Default
LogOnline: Display: STEAM: Loading Steam SDK 1.39
LogOnline: Warning: STEAM: Steam API disabled!
LogOnline: Display: STEAM: OnlineSubsystemSteam::Shutdown()
LogInit: WinSock: version 1.1 (2.2), MaxSocks=32767, MaxUdp=65467
LogInit: WinSock: I am DESKTOP-LI0N2FC (192.168.29.155:0)
LogInit: Build: ++UE4+Release-4.19-CL-4033788
LogInit: Engine Version: 4.19.2-4033788+++UE4+Release-4.19
LogInit: Compatible Engine Version: 4.19.0-3944462+++UE4+Release-4.19
LogInit: Net CL: 3944462
LogDevObjectVersion: Number of dev versions registered: 18
LogDevObjectVersion:   Dev-Blueprints (B0D832E4-1F89-4F0D-ACCF-7EB736FD4AA2): 10
LogDevObjectVersion:   Dev-Build (E1C64328-A22C-4D53-A36C-8E866417BD8C): 0
LogDevObjectVersion:   Dev-Core (375EC13C-06E4-48FB-B500-84F0262A717E): 2
LogDevObjectVersion:   Dev-Editor (E4B068ED-F494-42E9-A231-DA0B2E46BB41): 23
LogDevObjectVersion:   Dev-Framework (CFFC743F-43B0-4480-9391-14DF171D2073): 33
LogDevObjectVersion:   Dev-Mobile (B02B49B5-BB20-44E9-A304-32B752E40360): 2
LogDevObjectVersion:   Dev-Networking (A4E4105C-59A1-49B5-A7C5-40C4547EDFEE): 0
LogDevObjectVersion:   Dev-Online (39C831C9-5AE6-47DC-9A44-9C173E1C8E7C): 0
LogDevObjectVersion:   Dev-Physics (78F01B33-EBEA-4F98-B9B4-84EACCB95AA2): 0
LogDevObjectVersion:   Dev-Platform (6631380F-2D4D-43E0-8009-CF276956A95A): 0
LogDevObjectVersion:   Dev-Rendering (12F88B9F-8875-4AFC-A67C-D90C383ABD29): 25
LogDevObjectVersion:   Dev-Sequencer (7B5AE74C-D270-4C10-A958-57980B212A5A): 6
LogDevObjectVersion:   Dev-VR (D7296918-1DD6-4BDD-9DE2-64A83CC13884): 1
LogDevObjectVersion:   Dev-LoadTimes (C2A15278-BFE7-4AFE-6C17-90FF531DF755): 1
LogDevObjectVersion:   Private-Geometry (6EACA3D4-40EC-4CC1-B786-8BED09428FC5): 2
LogDevObjectVersion:   Dev-AnimPhys (29E575DD-E0A3-4627-9D10-D276232CDCEA): 16
LogDevObjectVersion:   Dev-ReflectionCapture (6B266CEC-1EC7-4B8F-A30B-E4D90942FC07): 1
LogDevObjectVersion:   Dev-Automation (0DF73D61-A23F-47EA-B727-89E90C41499A): 1
LogInit: Compiled (64-bit): Apr 27 2018 02:06:57
LogInit: Compiled with Visual C++: 19.00.24215.01
LogInit: Build Configuration: Development
LogInit: Branch Name: ++UE4+Release-4.19
LogInit: Command Line:  127.0.0.1:17777 -game -PIEVIACONSOLE -ResX=640 -ResY=480  -Multiprocess -messaging -SessionName="Play in Standalone Game" -windowed GameUserSettingsINI="G:/DarkActive/Unreal Projects/DarkCrystalstutter/Saved/Config/Windows/PIEGameUserSettings1.ini" -MultiprocessSaveConfig  -MultiprocessOSS WinX=-1256 WinY=550 SAVEWINPOS=1
LogInit: Base Directory: G:/Epic Games/UE_4.19/Engine/Binaries/Win64/
LogInit: Installed Engine Build: 1
LogStreaming: Display: Took  0.006s to delete old logs.
LogInit: Presizing for max 8388607 objects, including 0 objects not considered by GC, pre-allocating 0 bytes for permanent pool.
LogInit: Object subsystem initialized
[2018.08.21-15.13.35:878][  0]LogInit: Selected Device Profile: [Windows]
[2018.08.21-15.13.35:878][  0]LogInit: Applying CVar settings loaded from the selected device profile: [Windows]
[2018.08.21-15.13.35:881][  0]LogInit: Computer: DESKTOP-LI0N2FC
[2018.08.21-15.13.35:881][  0]LogInit: User: Kappa
[2018.08.21-15.13.35:881][  0]LogInit: CPU Page size=4096, Cores=4
[2018.08.21-15.13.35:881][  0]LogInit: High frequency timer resolution =4.101571 MHz
[2018.08.21-15.13.35:881][  0]LogMemory: Memory total: Physical=31.9GB (32GB approx)
[2018.08.21-15.13.35:881][  0]LogMemory: Platform Memory Stats for Windows
[2018.08.21-15.13.35:881][  0]LogMemory: Process Physical Memory: 277.01 MB used, 277.01 MB peak
[2018.08.21-15.13.35:881][  0]LogMemory: Process Virtual Memory: 276.73 MB used, 276.73 MB peak
[2018.08.21-15.13.35:881][  0]LogMemory: Physical Memory: 13528.80 MB used,  19164.01 MB free, 32692.81 MB total
[2018.08.21-15.13.35:881][  0]LogMemory: Virtual Memory: 4809.07 MB used,  19164.01 MB free, 134217728.00 MB total
[2018.08.21-15.13.35:891][  0]LogInit: Using OS detected language (en-US).
[2018.08.21-15.13.35:891][  0]LogInit: Using OS detected locale (en-US).
[2018.08.21-15.13.35:891][  0]LogTextLocalizationManager: No localization for 'en-US' exists, so 'en' will be used for the language.
[2018.08.21-15.13.35:892][  0]LogTextLocalizationManager: No localization for 'en-US' exists, so 'en' will be used for the locale.
[2018.08.21-15.13.36:244][  0]LogStreaming: Display: Took  0.353s to EndInitTextLocalization.
[2018.08.21-15.13.36:278][  0]LogSlate: New Slate User Created.  User Index 0, Is Virtual User: 0
[2018.08.21-15.13.36:278][  0]LogSlate: Slate User Registered.  User Index 0, Is Virtual User: 0
[2018.08.21-15.13.36:284][  0]LogD3D11RHI: D3D11 adapters:
[2018.08.21-15.13.36:331][  0]LogD3D11RHI:    0. 'NVIDIA GeForce GTX 1070' (Feature Level 11_0)
[2018.08.21-15.13.36:331][  0]LogD3D11RHI:       8096/0/16346 MB DedicatedVideo/DedicatedSystem/SharedSystem, Outputs:2, VendorId:0x10de
[2018.08.21-15.13.36:332][  0]LogD3D11RHI:    1. 'Microsoft Basic Render Driver' (Feature Level 11_0)
[2018.08.21-15.13.36:332][  0]LogD3D11RHI:       0/0/16346 MB DedicatedVideo/DedicatedSystem/SharedSystem, Outputs:0, VendorId:0x1414
[2018.08.21-15.13.36:332][  0]LogD3D11RHI: Chosen D3D11 Adapter: 0
[2018.08.21-15.13.36:338][  0]LogD3D11RHI: Creating new Direct3DDevice
[2018.08.21-15.13.36:338][  0]LogD3D11RHI:     GPU DeviceId: 0x1b81 (for the marketing name, search the web for "GPU Device Id")
[2018.08.21-15.13.36:338][  0]LogWindows: EnumDisplayDevices:
[2018.08.21-15.13.36:338][  0]LogWindows:    0. 'NVIDIA GeForce GTX 1070' (P:1 D:1)
[2018.08.21-15.13.36:338][  0]LogWindows:    1. 'NVIDIA GeForce GTX 1070' (P:0 D:1)
[2018.08.21-15.13.36:338][  0]LogWindows:    2. 'NVIDIA GeForce GTX 1070' (P:0 D:0)
[2018.08.21-15.13.36:338][  0]LogWindows:    3. 'NVIDIA GeForce GTX 1070' (P:0 D:0)
[2018.08.21-15.13.36:338][  0]LogWindows: DebugString: GetVideoDriverDetailsInvalid PrimaryIsNotTheChoosenAdapter GetVideoDriverDetailsInvalid PrimaryIsNotTheChoosenAdapter GetVideoDriverDetailsInvalid PrimaryIsNotTheChoosenAdapter GetVideoDriverDetailsInvalid PrimaryIsNotTheChoosenAdapter FoundDriverCount:0 
[2018.08.21-15.13.36:338][  0]LogD3D11RHI:     Adapter Name: NVIDIA GeForce GTX 1070
[2018.08.21-15.13.36:338][  0]LogD3D11RHI:   Driver Version: Unknown (internal:Unknown, unified:Unknown)
[2018.08.21-15.13.36:338][  0]LogD3D11RHI:      Driver Date: Unknown
[2018.08.21-15.13.36:338][  0]LogRHI: Texture pool is 5667 MB (70% of 8096 MB)
[2018.08.21-15.13.36:379][  0]LogD3D11RHI: [Aftermath] Aftermath enabled but failed to initialize
[2018.08.21-15.13.36:379][  0]LogD3D11RHI: [Aftermath] Aftermath enabled and primed
[2018.08.21-15.13.36:379][  0]LogD3D11RHI: Async texture creation enabled
[2018.08.21-15.13.36:392][  0]LogD3D11RHI: GPU Timing Frequency: 1000.000000 (Debug: 2 1)
[2018.08.21-15.13.36:556][  0]LogShaderCompilers: Guid format shader working directory is -14 characters bigger than the processId version (../../../../../DarkActive/Unreal Projects/DarkCrystalstutter/Intermediate/Shaders/WorkingDirectory/2284/).
[2018.08.21-15.13.36:556][  0]LogShaderCompilers: Cleaned the shader compiler working directory 'C:/Users/Kappa/AppData/Local/Temp/UnrealShaderWorkingDir/77875018431CAA39FED23896DC8F5C13/'.
[2018.08.21-15.13.36:729][  0]LogTemp: Display: Loaded TP WindowsClientTargetPlatform
[2018.08.21-15.13.36:742][  0]LogTemp: Display: Loaded TP WindowsNoEditorTargetPlatform
[2018.08.21-15.13.36:751][  0]LogTemp: Display: Loaded TP WindowsServerTargetPlatform
[2018.08.21-15.13.36:761][  0]LogTemp: Display: Loaded TP WindowsTargetPlatform
[2018.08.21-15.13.36:761][  0]LogTargetPlatformManager: Display: Building Assets For Windows
[2018.08.21-15.13.36:836][  0]LogXGEController: Cannot use XGE Controller as Incredibuild is not installed on this machine.
[2018.08.21-15.13.36:836][  0]LogShaderCompilers: Cannot use XGE Shader Compiler as Incredibuild is not installed on this machine.
[2018.08.21-15.13.36:836][  0]LogShaderCompilers: Display: Using Local Shader Compiler.
[2018.08.21-15.13.37:344][  0]LogDerivedDataCache: Display: Max Cache Size: 512 MB
[2018.08.21-15.13.37:409][  0]LogDerivedDataCache: Loaded boot cache 0.06s 74MB C:/Users/Kappa/AppData/Local/UnrealEngine/4.19/DerivedDataCache/Boot.ddc.
[2018.08.21-15.13.37:409][  0]LogDerivedDataCache: Display: Loaded Boot cache: C:/Users/Kappa/AppData/Local/UnrealEngine/4.19/DerivedDataCache/Boot.ddc
[2018.08.21-15.13.37:410][  0]LogDerivedDataCache: FDerivedDataBackendGraph:  Pak pak cache file ../../../../../DarkActive/Unreal Projects/DarkCrystalstutter/DerivedDataCache/DDC.ddp not found, will not use a pak cache.
[2018.08.21-15.13.37:410][  0]LogDerivedDataCache: Unable to find inner node Pak for hierarchical cache Hierarchy.
[2018.08.21-15.13.37:410][  0]LogDerivedDataCache: FDerivedDataBackendGraph:  CompressedPak pak cache file ../../../../../DarkActive/Unreal Projects/DarkCrystalstutter/DerivedDataCache/Compressed.ddp not found, will not use a pak cache.
[2018.08.21-15.13.37:410][  0]LogDerivedDataCache: Unable to find inner node CompressedPak for hierarchical cache Hierarchy.
[2018.08.21-15.13.37:423][  0]LogDerivedDataCache: Display: Pak cache opened for reading ../../../Engine/DerivedDataCache/Compressed.ddp.
[2018.08.21-15.13.37:435][  0]LogDerivedDataCache: Using Local data cache path C:/Users/Kappa/AppData/Local/UnrealEngine/Common/DerivedDataCache: Writable
[2018.08.21-15.13.37:435][  0]LogDerivedDataCache: Shared data cache path not found in *engine.ini, will not use an Shared cache.
[2018.08.21-15.13.37:435][  0]LogDerivedDataCache: Unable to find inner node Shared for hierarchical cache Hierarchy.
[2018.08.21-15.13.37:443][  0]LogMaterial: Verifying Global Shaders for PCD3D_SM5
[2018.08.21-15.13.37:443][  0]LogSlate: Using Freetype 2.6.0
[2018.08.21-15.13.37:444][  0]LogSlate: SlateFontCache - WITH_FREETYPE: 1, WITH_HARFBUZZ: 1
[2018.08.21-15.13.37:444][  0]LogSlate: SlateFontCache - WITH_FREETYPE: 1, WITH_HARFBUZZ: 1
[2018.08.21-15.13.37:503][  0]LogAssetRegistry: FAssetRegistry took 0.0031 seconds to start up
[2018.08.21-15.13.37:669][  0]LogPackageLocalizationCache: Processed 9 localized package path(s) for 1 prioritized culture(s) in 0.008847 seconds
[2018.08.21-15.13.37:744][  0]LogInit: Selected Device Profile: [Windows]
[2018.08.21-15.13.37:853][  0]LogSimplygon: Simplygon DLL not present - disabling.
[2018.08.21-15.13.37:855][  0]LogMeshReduction: Using SimplygonSwarm for distributed automatic mesh merging
[2018.08.21-15.13.37:855][  0]LogMeshReduction: Using QuadricMeshReduction for automatic static mesh reduction
[2018.08.21-15.13.37:855][  0]LogMeshReduction: No automatic skeletal mesh reduction module available
[2018.08.21-15.13.37:855][  0]LogMeshReduction: No automatic mesh merging module available
[2018.08.21-15.13.37:855][  0]LogMeshMerging: No automatic mesh merging module available
[2018.08.21-15.13.37:875][  0]LogNetVersion: DarkCrystalstutter , NetCL: 3944462, EngineNetVer: 2, GameNetVer: 0 (Checksum: 1586386174)
[2018.08.21-15.13.38:321][  0]LogMoviePlayer: Initializing movie player
[2018.08.21-15.13.38:568][  0]LogTcpMessaging: Initializing TcpMessaging bridge
[2018.08.21-15.13.38:588][  0]LogUdpMessaging: Initializing bridge on interface 0.0.0.0:0 to multicast group 230.0.0.1:6666.
[2018.08.21-15.13.38:685][  0]LogCollectionManager: Loaded 0 collections in 0.001215 seconds
[2018.08.21-15.13.38:719][  0]LogFileCache: Scanning file cache for directory 'G:/DarkActive/Unreal Projects/DarkCrystalstutter/Saved/Collections/' took 0.01s
[2018.08.21-15.13.38:719][  0]LogFileCache: Scanning file cache for directory 'G:/DarkActive/Unreal Projects/DarkCrystalstutter/Content/Developers/Kappa/Collections/' took 0.01s
[2018.08.21-15.13.38:719][  0]LogFileCache: Scanning file cache for directory 'G:/DarkActive/Unreal Projects/DarkCrystalstutter/Content/Collections/' took 0.01s
[2018.08.21-15.13.38:719][  0]LogCollectionManager: Rebuilt the object cache for 0 collections in 0.000000 seconds (found 0 objects)
[2018.08.21-15.13.38:719][  0]LogCollectionManager: Fixed up redirectors for 0 collections in 0.000080 seconds (updated 0 objects)
[2018.08.21-15.13.38:838][  0]SourceControl: Source control is disabled
[2018.08.21-15.13.38:838][  0]SourceControl: Source control is disabled
[2018.08.21-15.13.38:848][  0]SourceControl: Source control is disabled
[2018.08.21-15.13.39:076][  0]LogAndroidPermission: UAndroidPermissionCallbackProxy::GetInstance
[2018.08.21-15.13.39:173][  0]LogOcInput: OculusInput pre-init called
[2018.08.21-15.13.39:200][  0]LogUObjectArray: 42361 objects as part of root set at end of initial load.
[2018.08.21-15.13.39:200][  0]LogUObjectAllocator: 8957760 out of 0 bytes used by permanent object pool.
[2018.08.21-15.13.39:200][  0]LogUObjectArray: CloseDisregardForGC: 0/0 objects in disregard for GC pool
[2018.08.21-15.13.39:240][  0]LogEngine: Initializing Engine...
[2018.08.21-15.13.39:241][  0]LogHMD: Failed to initialize OpenVR with code 110
[2018.08.21-15.13.39:254][  0]LogStats: UGameplayTagsManager::ConstructGameplayTagTree: Construct from data asset -  0.000 s
[2018.08.21-15.13.39:254][  0]LogStats: UGameplayTagsManager::ConstructGameplayTagTree: GameplayTagTreeChangedEvent.Broadcast -  0.000 s
[2018.08.21-15.13.39:431][  0]LogInit: XAudio2 using 'Speakers (Logitech G633 Gaming Headset)' : 2 channels at 48 kHz using 16 bits per sample (channel mask 0x3)
[2018.08.21-15.13.39:443][  0]LogInit: FAudioDevice initialized.
[2018.08.21-15.13.39:466][  0]LogInit: Texture streaming: Enabled
[2018.08.21-15.13.39:552][  0]LogUObjectGlobals: Created PersistentFrame Addr=0x00000281987ed800, Size=624, Default__GameInfoInstance_C Function /Game/Blueprints/AllLevels/GameInfoInstance.GameInfoInstance_C:ExecuteUbergraph_GameInfoInstance
[2018.08.21-15.13.39:555][  0]LogUObjectGlobals: Created PersistentFrame Addr=0x0000028196f40cc0, Size=40, Default__ErrorDialog_C Function /Game/UI/MainMenu/ErrorDialog.ErrorDialog_C:ExecuteUbergraph_ErrorDialog
[2018.08.21-15.13.39:562][  0]LogUObjectGlobals: Created PersistentFrame Addr=0x00000281987c6160, Size=80, Default__HostMenu_C Function /Game/UI/MainMenu/HostMenu.HostMenu_C:ExecuteUbergraph_HostMenu
[2018.08.21-15.13.39:571][  0]LogUObjectGlobals: Created PersistentFrame Addr=0x0000028196f40c20, Size=40, Default__MainMenu_C Function /Game/UI/MainMenu/MainMenu.MainMenu_C:ExecuteUbergraph_MainMenu
[2018.08.21-15.13.39:579][  0]LogUObjectGlobals: Created PersistentFrame Addr=0x00000281987668d0, Size=104, Default__OptionsMenu_C Function /Game/UI/MainMenu/OptionsMenu.OptionsMenu_C:ExecuteUbergraph_OptionsMenu
[2018.08.21-15.13.39:598][  0]LogUObjectGlobals: Created PersistentFrame Addr=0x00000281987a0e00, Size=600, Default__ServerMenu_C Function /Game/UI/MainMenu/ServerMenu.ServerMenu_C:ExecuteUbergraph_ServerMenu
[2018.08.21-15.13.39:653][  0]LogUObjectGlobals: Destroyed PersistentFrame Addr=0x00000281987ed800, Size=624
[2018.08.21-15.13.39:653][  0]LogUObjectGlobals: Created PersistentFrame Addr=0x00000281883ef600, Size=624, Default__GameInfoInstance_C Function /Engine/Transient.REINST_GameInfoInstance_C_2:ExecuteUbergraph_GameInfoInstance
[2018.08.21-15.13.39:654][  0]LogUObjectGlobals: Destroyed PersistentFrame Addr=0x0000028196f40cc0, Size=40
[2018.08.21-15.13.39:654][  0]LogUObjectGlobals: Created PersistentFrame Addr=0x0000028198055c38, Size=40, Default__ErrorDialog_C Function /Engine/Transient.REINST_ErrorDialog_C_0:ExecuteUbergraph_ErrorDialog
[2018.08.21-15.13.39:654][  0]LogUObjectGlobals: Destroyed PersistentFrame Addr=0x00000281987c6160, Size=80
[2018.08.21-15.13.39:654][  0]LogUObjectGlobals: Created PersistentFrame Addr=0x00000281884046d0, Size=80, Default__HostMenu_C Function /Engine/Transient.REINST_HostMenu_C_1:ExecuteUbergraph_HostMenu
[2018.08.21-15.13.39:655][  0]LogUObjectGlobals: Destroyed PersistentFrame Addr=0x0000028196f40c20, Size=40
[2018.08.21-15.13.39:655][  0]LogUObjectGlobals: Created PersistentFrame Addr=0x0000028198055b48, Size=40, Default__MainMenu_C Function /Engine/Transient.REINST_MainMenu_C_3:ExecuteUbergraph_MainMenu
[2018.08.21-15.13.39:656][  0]LogUObjectGlobals: Destroyed PersistentFrame Addr=0x00000281987668d0, Size=104
[2018.08.21-15.13.39:656][  0]LogUObjectGlobals: Created PersistentFrame Addr=0x0000028189876a90, Size=104, Default__OptionsMenu_C Function /Engine/Transient.REINST_OptionsMenu_C_4:ExecuteUbergraph_OptionsMenu
[2018.08.21-15.13.39:656][  0]LogUObjectGlobals: Destroyed PersistentFrame Addr=0x00000281987a0e00, Size=600
[2018.08.21-15.13.39:656][  0]LogUObjectGlobals: Created PersistentFrame Addr=0x00000281883eec00, Size=600, Default__ServerMenu_C Function /Engine/Transient.REINST_ServerMenu_C_5:ExecuteUbergraph_ServerMenu
[2018.08.21-15.13.39:689][  0]LogUObjectGlobals: Created PersistentFrame Addr=0x00000281895dbd80, Size=624, Default__GameInfoInstance_C Function /Game/Blueprints/AllLevels/GameInfoInstance.GameInfoInstance_C:ExecuteUbergraph_GameInfoInstance
[2018.08.21-15.13.39:690][  0]LogUObjectGlobals: Created PersistentFrame Addr=0x00000281980562c8, Size=40, Default__ErrorDialog_C Function /Game/UI/MainMenu/ErrorDialog.ErrorDialog_C:ExecuteUbergraph_ErrorDialog
[2018.08.21-15.13.39:691][  0]LogUObjectGlobals: Created PersistentFrame Addr=0x00000281895f4b30, Size=80, Default__HostMenu_C Function /Game/UI/MainMenu/HostMenu.HostMenu_C:ExecuteUbergraph_HostMenu
[2018.08.21-15.13.39:692][  0]LogUObjectGlobals: Created PersistentFrame Addr=0x0000028198056ca0, Size=40, Default__MainMenu_C Function /Game/UI/MainMenu/MainMenu.MainMenu_C:ExecuteUbergraph_MainMenu
[2018.08.21-15.13.39:694][  0]LogUObjectGlobals: Created PersistentFrame Addr=0x0000028189577660, Size=104, Default__OptionsMenu_C Function /Game/UI/MainMenu/OptionsMenu.OptionsMenu_C:ExecuteUbergraph_OptionsMenu
[2018.08.21-15.13.39:696][  0]LogUObjectGlobals: Created PersistentFrame Addr=0x00000281895d9300, Size=592, Default__ServerMenu_C Function /Game/UI/MainMenu/ServerMenu.ServerMenu_C:ExecuteUbergraph_ServerMenu
[2018.08.21-15.13.39:720][  0]LogInit: Display: Game Engine Initialized.
[2018.08.21-15.13.39:720][  0]LogGameplayTags: Display: UGameplayTagsManager::DoneAddingNativeTags. DelegateIsBound: 0
[2018.08.21-15.13.39:720][  0]LogStats: UGameplayTagsManager::ConstructGameplayTagTree: Construct from data asset -  0.000 s
[2018.08.21-15.13.39:720][  0]LogStats: UGameplayTagsManager::ConstructGameplayTagTree: GameplayTagTreeChangedEvent.Broadcast -  0.000 s
[2018.08.21-15.13.39:777][  0]LogInit: Display: Starting Game.
[2018.08.21-15.13.39:777][  0]LogNet: Browse: 127.0.0.1:17777//Game/Maps/MainMenu?Name=Player
[2018.08.21-15.13.39:777][  0]LogOnline: Warning: STEAM: Steam API disabled!
[2018.08.21-15.13.39:777][  0]LogOnline: Display: STEAM: OnlineSubsystemSteam::Shutdown()
[2018.08.21-15.13.39:777][  0]LogTemp: Display: ParseSettings for GameNetDriver
[2018.08.21-15.13.39:777][  0]LogTemp: Display: ParseSettings for IpNetDriver_0
[2018.08.21-15.13.39:777][  0]LogTemp: Display: ParseSettings for PendingNetDriver
[2018.08.21-15.13.39:777][  0]LogInit: WinSock: Socket queue 32768 / 32768
[2018.08.21-15.13.39:778][  0]PacketHandlerLog: Loaded PacketHandler component: Engine.EngineHandlerComponentFactory (StatelessConnectHandlerComponent)
[2018.08.21-15.13.39:778][  0]LogNet: Game client on port 17777, rate 10000
[2018.08.21-15.13.39:830][  0]LogLoad: (Engine Initialization) Total time: 5.82 seconds
[2018.08.21-15.13.39:830][  0]LogLoad: (Engine Initialization) Total Blueprint compile time: 0.00 seconds
[2018.08.21-15.13.39:846][  0]LogWindowsTextInputMethodSystem: Display: IME system now deactivated.
[2018.08.21-15.13.39:847][  0]LogHandshake: SendChallengeResponse. Timestamp: 0.067515, Cookie: 169112090200099146250206179089114152109175087114064118036203
[2018.08.21-15.13.39:849][  0]LogContentStreaming: Texture pool size now 1000 MB
[2018.08.21-15.13.39:879][  2]LogNetVersion: DarkCrystalstutter 1.0.0.0, NetCL: 3944462, EngineNetVer: 2, GameNetVer: 0 (Checksum: 454883313)
[2018.08.21-15.13.39:879][  2]LogNet: UPendingNetGame::SendInitialJoin: Sending hello. [UNetConnection] RemoteAddr: 127.0.0.1:17777, Name: IpConnection_0, Driver: PendingNetDriver IpNetDriver_0, IsServer: NO, PC: NULL, Owner: NULL, UniqueId: INVALID
[2018.08.21-15.13.39:944][  6]LogNet: Welcomed by server (Level: /Game/Maps/Arena01, Game: /Game/Blueprints/Gameplay/GameplayGM.GameplayGM_C)
[2018.08.21-15.13.39:944][  6]LogLoad: LoadMap: 127.0.0.1:17777//Game/Maps/Arena01?Name=Player?game=/Game/Blueprints/Gameplay/GameplayGM.GameplayGM_C
[2018.08.21-15.13.39:954][  6]LogUObjectGlobals: Destroyed PersistentFrame Addr=0x00000281883ef600, Size=624
[2018.08.21-15.13.39:954][  6]LogUObjectGlobals: Destroyed PersistentFrame Addr=0x0000028198055c38, Size=40
[2018.08.21-15.13.39:954][  6]LogUObjectGlobals: Destroyed PersistentFrame Addr=0x00000281884046d0, Size=80
[2018.08.21-15.13.39:954][  6]LogUObjectGlobals: Destroyed PersistentFrame Addr=0x0000028198055b48, Size=40
[2018.08.21-15.13.39:954][  6]LogUObjectGlobals: Destroyed PersistentFrame Addr=0x0000028189876a90, Size=104
[2018.08.21-15.13.39:954][  6]LogUObjectGlobals: Destroyed PersistentFrame Addr=0x00000281883eec00, Size=600
[2018.08.21-15.13.39:984][  6]LogUObjectGlobals: Created PersistentFrame Addr=0x0000028189603a00, Size=256, Default__GameplayGM_C Function /Game/Blueprints/Gameplay/GameplayGM.GameplayGM_C:ExecuteUbergraph_GameplayGM
[2018.08.21-15.13.39:992][  6]LogLinker: Can't find file '/Game/Blueprints/Characters/Female/Kachujin/Animations/Montages/AM_Roll'
[2018.08.21-15.13.39:992][  6]LogLinker: Can't find file '/Game/Blueprints/Characters/Female/Kachujin/Animations/Montages/AM_Roll'
[2018.08.21-15.13.39:992][  6]LogUObjectGlobals: Created PersistentFrame Addr=0x00000281883edf80, Size=544, Default__0_Base_C Function /Game/Blueprints/Characters/0_Base.0_Base_C:ExecuteUbergraph_0_Base
[2018.08.21-15.13.40:009][  6]LogUObjectGlobals: Created PersistentFrame Addr=0x00000281897277e0, Size=32, Default__ABP_WoodenBow_C Function /Game/Blueprints/Items/Weapons/WoodenBow/ABP_WoodenBow.ABP_WoodenBow_C:ExecuteUbergraph_ABP_WoodenBow
[2018.08.21-15.13.40:015][  6]LogUObjectGlobals: Created PersistentFrame Addr=0x00000281896896c0, Size=72, Default__BPC_MontageManager_C Function /Game/Blueprints/Components/BPC_MontageManager.BPC_MontageManager_C:ExecuteUbergraph_BPC_MontageManager
[2018.08.21-15.13.40:031][  6]LogUObjectGlobals: Created PersistentFrame Addr=0x00000281a057f580, Size=2528, Default__GameplayPC_C Function /Game/Blueprints/Gameplay/GameplayPC.GameplayPC_C:ExecuteUbergraph_GameplayPC
[2018.08.21-15.13.40:033][  6]LogUObjectGlobals: Created PersistentFrame Addr=0x000002818958d1e0, Size=96, Default__GameplayPS_C Function /Game/Blueprints/Gameplay/GameplayPS.GameplayPS_C:ExecuteUbergraph_GameplayPS
[2018.08.21-15.13.40:057][  6]LogUObjectGlobals: Created PersistentFrame Addr=0x00000281a0539d00, Size=320, Default__ChatWindow_C Function /Game/UI/AllLevels/ChatWindow.ChatWindow_C:ExecuteUbergraph_ChatWindow
[2018.08.21-15.13.40:059][  6]LogUObjectGlobals: Created PersistentFrame Addr=0x00000281883f9980, Size=888, Default__LobbyPC_C Function /Game/Blueprints/Lobby/LobbyPC.LobbyPC_C:ExecuteUbergraph_LobbyPC
[2018.08.21-15.13.40:060][  6]LogUObjectGlobals: Created PersistentFrame Addr=0x00000281a04d6e00, Size=752, Default__LobbyGM_C Function /Game/Blueprints/Lobby/LobbyGM.LobbyGM_C:ExecuteUbergraph_LobbyGM
[2018.08.21-15.13.40:064][  6]LogUObjectGlobals: Created PersistentFrame Addr=0x00000281a04af380, Size=544, Default__BP_MaleCharacter_C Function /Game/Blueprints/Characters/0_Base.0_Base_C:ExecuteUbergraph_0_Base
[2018.08.21-15.13.40:070][  6]LogUObjectGlobals: Created PersistentFrame Addr=0x00000281a04aec00, Size=544, Default__BP_MaleCharacter_C Function /Game/Blueprints/Characters/0_Base.0_Base_C:ExecuteUbergraph_0_Base
[2018.08.21-15.13.40:081][  6]LogUObjectGlobals: Created PersistentFrame Addr=0x000002818a4b90c0, Size=112, Default__ABP_BerserkerDefault_C Function /Game/Characters/Berserker_S1/Blueprints/ABP_BerserkerDefault.ABP_BerserkerDefault_C:ExecuteUbergraph_ABP_BerserkerDefault
[2018.08.21-15.13.40:103][  6]LogUObjectGlobals: Created PersistentFrame Addr=0x00000281a0112480, Size=544, Default__BP_FemaleCharacter_C Function /Game/Blueprints/Characters/0_Base.0_Base_C:ExecuteUbergraph_0_Base
[2018.08.21-15.13.40:105][  6]LogUObjectGlobals: Created PersistentFrame Addr=0x00000281a0426580, Size=128, Default__ABP_Kachujin_C Function /Game/Characters/Kachujin/ABP_Kachujin.ABP_Kachujin_C:ExecuteUbergraph_ABP_Kachujin
[2018.08.21-15.13.40:138][  6]LogUObjectGlobals: Created PersistentFrame Addr=0x000002819f901580, Size=544, Default__Tusk_C Function /Game/Blueprints/Characters/0_Base.0_Base_C:ExecuteUbergraph_0_Base
[2018.08.21-15.13.40:141][  6]LogUObjectGlobals: Created PersistentFrame Addr=0x000002819fd4cb80, Size=64, Default__0_BaseAnimBP_C Function /Game/InfinityBladeWarriors/Animations/0_BaseAnimBP.0_BaseAnimBP_C:ExecuteUbergraph_0_BaseAnimBP
[2018.08.21-15.13.40:158][  6]LogUObjectGlobals: Created PersistentFrame Addr=0x000002819fcf11c0, Size=312, Default__LobbyMenu_C Function /Game/UI/Lobby/LobbyMenu.LobbyMenu_C:ExecuteUbergraph_LobbyMenu
[2018.08.21-15.13.40:161][  6]LogUObjectGlobals: Created PersistentFrame Addr=0x00000281909e6f20, Size=80, Default__CharacterSelect_C Function /Game/UI/Lobby/CharacterSelect.CharacterSelect_C:ExecuteUbergraph_CharacterSelect
[2018.08.21-15.13.40:176][  6]LogUObjectGlobals: Created PersistentFrame Addr=0x000002819f999cc0, Size=192, Default__GameSettings_C Function /Game/UI/Lobby/GameSettings.GameSettings_C:ExecuteUbergraph_GameSettings
[2018.08.21-15.13.40:177][  6]LogUObjectGlobals: Created PersistentFrame Addr=0x000002819fcfd5e0, Size=32, Default__PlayerButton_C Function /Game/UI/Lobby/PlayerButton.PlayerButton_C:ExecuteUbergraph_PlayerButton
[2018.08.21-15.13.40:200][  6]LogUObjectGlobals: Created PersistentFrame Addr=0x0000028198024a50, Size=4, Default__ConnectedPlayer_C Function /Game/UI/Lobby/ConnectedPlayer.ConnectedPlayer_C:ExecuteUbergraph_ConnectedPlayer
[2018.08.21-15.13.40:302][  6]LogUObjectGlobals: Destroyed PersistentFrame Addr=0x000002819fd4cb80, Size=64
[2018.08.21-15.13.40:302][  6]LogUObjectGlobals: Created PersistentFrame Addr=0x00000281a487ee00, Size=64, Default__0_BaseAnimBP_C Function /Engine/Transient.REINST_0_BaseAnimBP_C_0:ExecuteUbergraph_0_BaseAnimBP
[2018.08.21-15.13.40:305][  6]LogUObjectGlobals: Destroyed PersistentFrame Addr=0x000002818a4b90c0, Size=112
[2018.08.21-15.13.40:305][  6]LogUObjectGlobals: Created PersistentFrame Addr=0x00000281a44a52f0, Size=112, Default__ABP_BerserkerDefault_C Function /Engine/Transient.REINST_ABP_BerserkerDefault_C_1:ExecuteUbergraph_ABP_BerserkerDefault
[2018.08.21-15.13.40:306][  6]LogUObjectGlobals: Destroyed PersistentFrame Addr=0x00000281a0426580, Size=128
[2018.08.21-15.13.40:306][  6]LogUObjectGlobals: Created PersistentFrame Addr=0x00000281a48d8080, Size=128, Default__ABP_Kachujin_C Function /Engine/Transient.REINST_ABP_Kachujin_C_2:ExecuteUbergraph_ABP_Kachujin
[2018.08.21-15.13.40:306][  6]LogUObjectGlobals: Destroyed PersistentFrame Addr=0x00000281897277e0, Size=32
[2018.08.21-15.13.40:306][  6]LogUObjectGlobals: Created PersistentFrame Addr=0x00000281a4459740, Size=32, Default__ABP_WoodenBow_C Function /Engine/Transient.REINST_ABP_WoodenBow_C_3:ExecuteUbergraph_ABP_WoodenBow
[2018.08.21-15.13.40:307][  6]LogUObjectGlobals: Destroyed PersistentFrame Addr=0x00000281896896c0, Size=72
[2018.08.21-15.13.40:308][  6]LogUObjectGlobals: Created PersistentFrame Addr=0x00000281a441dfd0, Size=72, Default__BPC_MontageManager_C Function /Engine/Transient.REINST_BPC_MontageManager_C_19:ExecuteUbergraph_BPC_MontageManager
[2018.08.21-15.13.40:309][  6]LogUObjectGlobals: Destroyed PersistentFrame Addr=0x00000281883edf80, Size=544
[2018.08.21-15.13.40:309][  6]LogUObjectGlobals: Created PersistentFrame Addr=0x00000281a4840e00, Size=544, Default__0_Base_C Function /Engine/Transient.REINST_0_Base_C_23:ExecuteUbergraph_0_Base
[2018.08.21-15.13.40:310][  6]LogUObjectGlobals: Destroyed PersistentFrame Addr=0x00000281909e6f20, Size=80
[2018.08.21-15.13.40:310][  6]LogUObjectGlobals: Created PersistentFrame Addr=0x00000281a43e3100, Size=80, Default__CharacterSelect_C Function /Engine/Transient.REINST_CharacterSelect_C_6:ExecuteUbergraph_CharacterSelect
[2018.08.21-15.13.40:310][  6]LogUObjectGlobals: Destroyed PersistentFrame Addr=0x00000281a0539d00, Size=320
[2018.08.21-15.13.40:310][  6]LogUObjectGlobals: Created PersistentFrame Addr=0x00000281a4882200, Size=320, Default__ChatWindow_C Function /Engine/Transient.REINST_ChatWindow_C_8:ExecuteUbergraph_ChatWindow
[2018.08.21-15.13.40:310][  6]LogUObjectGlobals: Destroyed PersistentFrame Addr=0x0000028198024a50, Size=4
[2018.08.21-15.13.40:310][  6]LogUObjectGlobals: Created PersistentFrame Addr=0x00000281a4869ea8, Size=4, Default__ConnectedPlayer_C Function /Engine/Transient.REINST_ConnectedPlayer_C_9:ExecuteUbergraph_ConnectedPlayer
[2018.08.21-15.13.40:312][  6]LogUObjectGlobals: Destroyed PersistentFrame Addr=0x00000281a057f580, Size=2528
[2018.08.21-15.13.40:312][  6]LogUObjectGlobals: Created PersistentFrame Addr=0x00000281a4408b80, Size=2528, Default__GameplayPC_C Function /Engine/Transient.REINST_GameplayPC_C_26:ExecuteUbergraph_GameplayPC
[2018.08.21-15.13.40:312][  6]LogUObjectGlobals: Destroyed PersistentFrame Addr=0x000002818958d1e0, Size=96
[2018.08.21-15.13.40:312][  6]LogUObjectGlobals: Created PersistentFrame Addr=0x0000028197f8a380, Size=96, Default__GameplayPS_C Function /Engine/Transient.REINST_GameplayPS_C_27:ExecuteUbergraph_GameplayPS
[2018.08.21-15.13.40:312][  6]LogUObjectGlobals: Destroyed PersistentFrame Addr=0x000002819f999cc0, Size=192
[2018.08.21-15.13.40:312][  6]LogUObjectGlobals: Created PersistentFrame Addr=0x00000281a48899c0, Size=192, Default__GameSettings_C Function /Engine/Transient.REINST_GameSettings_C_11:ExecuteUbergraph_GameSettings
[2018.08.21-15.13.40:313][  6]LogUObjectGlobals: Destroyed PersistentFrame Addr=0x000002819fcf11c0, Size=312
[2018.08.21-15.13.40:313][  6]LogUObjectGlobals: Created PersistentFrame Addr=0x00000281a48816c0, Size=312, Default__LobbyMenu_C Function /Engine/Transient.REINST_LobbyMenu_C_12:ExecuteUbergraph_LobbyMenu
[2018.08.21-15.13.40:314][  6]LogUObjectGlobals: Destroyed PersistentFrame Addr=0x00000281883f9980, Size=888
[2018.08.21-15.13.40:314][  6]LogUObjectGlobals: Created PersistentFrame Addr=0x000002819fb70f00, Size=888, Default__LobbyPC_C Function /Engine/Transient.REINST_LobbyPC_C_28:ExecuteUbergraph_LobbyPC
[2018.08.21-15.13.40:315][  6]LogUObjectGlobals: Destroyed PersistentFrame Addr=0x000002819fcfd5e0, Size=32
[2018.08.21-15.13.40:315][  6]LogUObjectGlobals: Created PersistentFrame Addr=0x00000281a4458fc0, Size=32, Default__PlayerButton_C Function /Engine/Transient.REINST_PlayerButton_C_13:ExecuteUbergraph_PlayerButton
[2018.08.21-15.13.40:315][  6]LogUObjectGlobals: Destroyed PersistentFrame Addr=0x00000281a0112480, Size=544
[2018.08.21-15.13.40:315][  6]LogUObjectGlobals: Created PersistentFrame Addr=0x00000281a4842700, Size=544, Default__BP_FemaleCharacter_C Function /Engine/Transient.REINST_0_Base_C_23:ExecuteUbergraph_0_Base
[2018.08.21-15.13.40:315][  6]LogUObjectGlobals: Destroyed PersistentFrame Addr=0x00000281a04aec00, Size=544
[2018.08.21-15.13.40:315][  6]LogUObjectGlobals: Created PersistentFrame Addr=0x00000281a4840680, Size=544, Default__BP_MaleCharacter_C Function /Engine/Transient.REINST_0_Base_C_23:ExecuteUbergraph_0_Base
[2018.08.21-15.13.40:316][  6]LogUObjectGlobals: Destroyed PersistentFrame Addr=0x0000028189603a00, Size=256
[2018.08.21-15.13.40:316][  6]LogUObjectGlobals: Created PersistentFrame Addr=0x00000281a470f200, Size=256, Default__GameplayGM_C Function /Engine/Transient.REINST_GameplayGM_C_32:ExecuteUbergraph_GameplayGM
[2018.08.21-15.13.40:317][  6]LogUObjectGlobals: Destroyed PersistentFrame Addr=0x00000281a04d6e00, Size=752
[2018.08.21-15.13.40:317][  6]LogUObjectGlobals: Created PersistentFrame Addr=0x000002819fb85000, Size=752, Default__LobbyGM_C Function /Engine/Transient.REINST_LobbyGM_C_33:ExecuteUbergraph_LobbyGM
[2018.08.21-15.13.40:317][  6]LogUObjectGlobals: Destroyed PersistentFrame Addr=0x000002819f901580, Size=544
[2018.08.21-15.13.40:317][  6]LogUObjectGlobals: Created PersistentFrame Addr=0x00000281a4840400, Size=544, Default__Tusk_C Function /Engine/Transient.REINST_0_Base_C_23:ExecuteUbergraph_0_Base
[2018.08.21-15.13.40:447][  6]LogUObjectGlobals: Created PersistentFrame Addr=0x00000281a58ab510, Size=72, Default__0_BaseAnimBP_C Function /Game/InfinityBladeWarriors/Animations/0_BaseAnimBP.0_BaseAnimBP_C:ExecuteUbergraph_0_BaseAnimBP
[2018.08.21-15.13.40:448][  6]LogUObjectGlobals: Created PersistentFrame Addr=0x00000281a588c170, Size=112, Default__ABP_BerserkerDefault_C Function /Game/Characters/Berserker_S1/Blueprints/ABP_BerserkerDefault.ABP_BerserkerDefault_C:ExecuteUbergraph_ABP_BerserkerDefault
[2018.08.21-15.13.40:450][  6]LogUObjectGlobals: Created PersistentFrame Addr=0x000002818975ce00, Size=128, Default__ABP_Kachujin_C Function /Game/Characters/Kachujin/ABP_Kachujin.ABP_Kachujin_C:ExecuteUbergraph_ABP_Kachujin
[2018.08.21-15.13.40:450][  6]LogUObjectGlobals: Created PersistentFrame Addr=0x00000281a58b0840, Size=32, Default__ABP_WoodenBow_C Function /Game/Blueprints/Items/Weapons/WoodenBow/ABP_WoodenBow.ABP_WoodenBow_C:ExecuteUbergraph_ABP_WoodenBow
[2018.08.21-15.13.40:454][  6]LogUObjectGlobals: Created PersistentFrame Addr=0x00000281a57e74c0, Size=72, Default__BPC_MontageManager_C Function /Game/Blueprints/Components/BPC_MontageManager.BPC_MontageManager_C:ExecuteUbergraph_BPC_MontageManager
[2018.08.21-15.13.40:460][  6]LogUObjectGlobals: Created PersistentFrame Addr=0x00000281a5099a80, Size=536, Default__0_Base_C Function /Game/Blueprints/Characters/0_Base.0_Base_C:ExecuteUbergraph_0_Base
[2018.08.21-15.13.40:463][  6]LogUObjectGlobals: Created PersistentFrame Addr=0x00000281a5752930, Size=80, Default__CharacterSelect_C Function /Game/UI/Lobby/CharacterSelect.CharacterSelect_C:ExecuteUbergraph_CharacterSelect
[2018.08.21-15.13.40:464][  6]LogUObjectGlobals: Created PersistentFrame Addr=0x00000281a57fb100, Size=320, Default__ChatWindow_C Function /Game/UI/AllLevels/ChatWindow.ChatWindow_C:ExecuteUbergraph_ChatWindow
[2018.08.21-15.13.40:464][  6]LogUObjectGlobals: Created PersistentFrame Addr=0x00000281a5a8a450, Size=4, Default__ConnectedPlayer_C Function /Game/UI/Lobby/ConnectedPlayer.ConnectedPlayer_C:ExecuteUbergraph_ConnectedPlayer
[2018.08.21-15.13.40:475][  6]LogUObjectGlobals: Created PersistentFrame Addr=0x00000281a5702b00, Size=2528, Default__GameplayPC_C Function /Game/Blueprints/Gameplay/GameplayPC.GameplayPC_C:ExecuteUbergraph_GameplayPC
[2018.08.21-15.13.40:477][  6]LogUObjectGlobals: Created PersistentFrame Addr=0x00000281a5653520, Size=96, Default__GameplayPS_C Function /Game/Blueprints/Gameplay/GameplayPS.GameplayPS_C:ExecuteUbergraph_GameplayPS
[2018.08.21-15.13.40:479][  6]LogUObjectGlobals: Created PersistentFrame Addr=0x00000281a55c7dc0, Size=192, Default__GameSettings_C Function /Game/UI/Lobby/GameSettings.GameSettings_C:ExecuteUbergraph_GameSettings
[2018.08.21-15.13.40:481][  6]LogUObjectGlobals: Created PersistentFrame Addr=0x00000281a57fa840, Size=320, Default__LobbyMenu_C Function /Game/UI/Lobby/LobbyMenu.LobbyMenu_C:ExecuteUbergraph_LobbyMenu
[2018.08.21-15.13.40:484][  6]LogUObjectGlobals: Created PersistentFrame Addr=0x00000281a558d980, Size=880, Default__LobbyPC_C Function /Game/Blueprints/Lobby/LobbyPC.LobbyPC_C:ExecuteUbergraph_LobbyPC
[2018.08.21-15.13.40:485][  6]LogUObjectGlobals: Created PersistentFrame Addr=0x00000281a5536e00, Size=32, Default__PlayerButton_C Function /Game/UI/Lobby/PlayerButton.PlayerButton_C:ExecuteUbergraph_PlayerButton
[2018.08.21-15.13.40:486][  6]LogUObjectGlobals: Created PersistentFrame Addr=0x00000281a552ec00, Size=536, Default__BP_FemaleCharacter_C Function /Game/Blueprints/Characters/0_Base.0_Base_C:ExecuteUbergraph_0_Base
[2018.08.21-15.13.40:486][  6]LogUObjectGlobals: Created PersistentFrame Addr=0x00000281a552e700, Size=536, Default__BP_MaleCharacter_C Function /Game/Blueprints/Characters/0_Base.0_Base_C:ExecuteUbergraph_0_Base
[2018.08.21-15.13.40:487][  6]LogUObjectGlobals: Created PersistentFrame Addr=0x00000281a54fc400, Size=256, Default__GameplayGM_C Function /Game/Blueprints/Gameplay/GameplayGM.GameplayGM_C:ExecuteUbergraph_GameplayGM
[2018.08.21-15.13.40:490][  6]LogUObjectGlobals: Created PersistentFrame Addr=0x00000281a5506b00, Size=784, Default__LobbyGM_C Function /Game/Blueprints/Lobby/LobbyGM.LobbyGM_C:ExecuteUbergraph_LobbyGM
[2018.08.21-15.13.40:491][  6]LogUObjectGlobals: Created PersistentFrame Addr=0x00000281a552c400, Size=536, Default__Tusk_C Function /Game/Blueprints/Characters/0_Base.0_Base_C:ExecuteUbergraph_0_Base
[2018.08.21-15.13.40:836][  6]LogSkeletalMesh: Skeletal Mesh found in DDC [0.397409ms] /Game/Blueprints/Items/Weapons/WoodenBow/SK_WoodenBow.SK_WoodenBow
[2018.08.21-15.13.40:838][  6]LogSkeletalMesh: Skeletal Mesh found in DDC [1.233674ms] /Game/Characters/Kachujin/SK_Kachujin.SK_Kachujin
[2018.08.21-15.13.40:854][  6]LogSkeletalMesh: Skeletal Mesh found in DDC [0.414475ms] /Game/InfinityBladeWarriors/Character/CompleteCharacters/SK_CharM_Tusk.SK_CharM_Tusk
[2018.08.21-15.13.40:878][  6]LogSkeletalMesh: Skeletal Mesh found in DDC [2.519279ms] /Game/Characters/Berserker_S1/Meshes/Combines/SK_Berserker.SK_Berserker
[2018.08.21-15.13.40:899][  6]LogSkeletalMesh: Skeletal Mesh found in DDC [0.163352ms] /Game/Blueprints/Items/Weapons/RelicSword/SK_RelicSword.SK_RelicSword
[2018.08.21-15.13.41:058][  6]LogAIModule: Creating AISystem for world Arena01
[2018.08.21-15.13.41:058][  6]LogTemp: Display: ParseSettings for GameNetDriver
[2018.08.21-15.13.41:061][  6]LogWorld: Bringing World /Game/Maps/Arena01.Arena01 up for play (max tick rate 0) at 2018.08.21-08.13.41
[2018.08.21-15.13.41:061][  6]LogWorld: Bringing up level for play took: 0.002225
[2018.08.21-15.13.41:064][  6]LogLoad: Took 1.119400 seconds to LoadMap(/Game/Maps/Arena01)
[2018.08.21-15.13.41:106][  7]LogRenderer: Reallocating scene render targets to support 640x480 Format 10 NumSamples 1 (Frame:1).
[2018.08.21-15.13.41:199][ 10]LogOnline: Warning: OSS: No game present to join for session (GameSession)
[2018.08.21-15.13.41:231][ 12]LogOnline: Warning: OSS: No game present to join for session (GameSession)
[2018.08.21-15.13.41:314][ 17]LogSlate: Took 0.000205 seconds to synchronously load lazily loaded font '../../../Engine/Content/Slate/Fonts/Roboto-Regular.ttf' (155K)
[2018.08.21-15.13.41:698][ 41]LogBlueprintUserMessages: [GameplayPC_C_0] Reset Jump controller id: 1
[2018.08.21-15.13.42:105][ 66]LogOnline: Warning: OSS: No game present to join for session (GameSession)
[2018.08.21-15.13.44:675][223]LogBlueprintUserMessages: [GameplayPC_C_0] Weapon is valid
[2018.08.21-15.13.44:675][223]LogBlueprintUserMessages: [GameplayPC_C_0] Weapon is: Wooden Bow
[2018.08.21-15.13.46:047][308]LogBlueprintUserMessages: [GameplayPC_C_0] got receive
[2018.08.21-15.13.47:192][379]LogBlueprintUserMessages: [GameplayPC_C_0] got receive
[2018.08.21-15.13.47:869][421]LogBlueprintUserMessages: [GameplayPC_C_0] got receive
[2018.08.21-15.13.48:789][478]LogBlueprintUserMessages: [GameplayPC_C_0] got receive
[2018.08.21-15.13.49:467][520]LogBlueprintUserMessages: [GameplayPC_C_0] got receive
[2018.08.21-15.13.50:337][574]LogBlueprintUserMessages: [GameplayPC_C_0] got receive
[2018.08.21-15.13.51:418][641]LogBlueprintUserMessages: [GameplayPC_C_0] got receive
[2018.08.21-15.13.52:434][704]LogBlueprintUserMessages: [GameplayPC_C_0] got receive
[2018.08.21-15.13.53:079][744]LogBlueprintUserMessages: [GameplayPC_C_0] got receive
[2018.08.21-15.13.53:950][798]LogBlueprintUserMessages: [GameplayPC_C_0] got receive
[2018.08.21-15.13.55:209][876]LogBlueprintUserMessages: [GameplayPC_C_0] got receive
[2018.08.21-15.13.56:209][938]LogBlueprintUserMessages: [GameplayPC_C_0] got receive
[2018.08.21-15.13.56:935][983]LogBlueprintUserMessages: [GameplayPC_C_0] got receive
[2018.08.21-15.13.57:903][ 43]LogBlueprintUserMessages: [GameplayPC_C_0] got receive
[2018.08.21-15.13.58:628][ 88]LogBlueprintUserMessages: [GameplayPC_C_0] got receive
[2018.08.21-15.13.59:628][150]LogBlueprintUserMessages: [GameplayPC_C_0] got receive
[2018.08.21-15.14.00:322][193]LogBlueprintUserMessages: [GameplayPC_C_0] got receive
[2018.08.21-15.14.01:257][251]LogBlueprintUserMessages: [GameplayPC_C_0] got receive
[2018.08.21-15.14.01:919][292]LogBlueprintUserMessages: [GameplayPC_C_0] got receive
[2018.08.21-15.14.02:790][346]LogBlueprintUserMessages: [GameplayPC_C_0] got receive
[2018.08.21-15.14.03:419][385]LogBlueprintUserMessages: [GameplayPC_C_0] got receive
[2018.08.21-15.14.04:322][441]LogBlueprintUserMessages: [GameplayPC_C_0] got receive
[2018.08.21-15.14.05:418][509]LogBlueprintUserMessages: [GameplayPC_C_0] Reset Jump controller id: 1
[2018.08.21-15.14.07:757][654]LogOnline: Warning: OSS: No game present to leave for session (GameSession)
[2018.08.21-15.14.11:064][859]LogOnline: Warning: OSS: No game present to leave for session (GameSession)
[2018.08.21-15.14.11:717][898]LogSlate: Window 'DarkCrystalstutter (64-bit, PCD3D_SM5) ' being destroyed
[2018.08.21-15.14.11:717][898]LogWindowsTextInputMethodSystem: Display: IME system now deactivated.
[2018.08.21-15.14.11:718][898]LogEngine: All Windows Closed
[2018.08.21-15.14.11:718][898]LogWindows: FPlatformMisc::RequestExit(0)
[2018.08.21-15.14.11:721][899]LogNet: World NetDriver shutdown IpNetDriver_0 [GameNetDriver]
[2018.08.21-15.14.11:721][899]LogNet: DestroyNamedNetDriver IpNetDriver_0 [GameNetDriver]
[2018.08.21-15.14.11:721][899]LogNet: UNetConnection::Close: [UNetConnection] RemoteAddr: 127.0.0.1:17777, Name: IpConnection_0, Driver: GameNetDriver IpNetDriver_0, IsServer: NO, PC: GameplayPC_C_0, Owner: GameplayPC_C_0, UniqueId: DESKTOP-LI0N2FC-6AC96ADC4241C746553F5DA194F2FA88, Channels: 11, Time: 2018.08.21-15.14.11
[2018.08.21-15.14.11:721][899]LogNet: UChannel::Close: Sending CloseBunch. ChIndex == 0. Name: [UChannel] ChIndex: 0, Closing: 0 [UNetConnection] RemoteAddr: 127.0.0.1:17777, Name: IpConnection_0, Driver: GameNetDriver IpNetDriver_0, IsServer: NO, PC: GameplayPC_C_0, Owner: GameplayPC_C_0, UniqueId: DESKTOP-LI0N2FC-6AC96ADC4241C746553F5DA194F2FA88
[2018.08.21-15.14.11:721][899]LogExit: GameNetDriver IpNetDriver_0 shut down
[2018.08.21-15.14.12:284][899]LogSlate: Slate User Destroyed.  User Index 0, Is Virtual User: 0
[2018.08.21-15.14.12:284][899]LogExit: Preparing to exit.
[2018.08.21-15.14.12:284][899]LogMoviePlayer: Shutting down movie player
[2018.08.21-15.14.12:643][899]LogExit: Game engine shut down
[2018.08.21-15.14.12:644][899]LogUObjectGlobals: Destroyed PersistentFrame Addr=0x0000028197f8a380, Size=96
[2018.08.21-15.14.12:644][899]LogUObjectGlobals: Destroyed PersistentFrame Addr=0x00000281a4408b80, Size=2528
[2018.08.21-15.14.12:644][899]LogUObjectGlobals: Destroyed PersistentFrame Addr=0x00000281a441dfd0, Size=72
[2018.08.21-15.14.12:644][899]LogUObjectGlobals: Destroyed PersistentFrame Addr=0x00000281a4459740, Size=32
[2018.08.21-15.14.12:644][899]LogUObjectGlobals: Destroyed PersistentFrame Addr=0x00000281a4840e00, Size=544
[2018.08.21-15.14.12:644][899]LogUObjectGlobals: Destroyed PersistentFrame Addr=0x00000281a470f200, Size=256
[2018.08.21-15.14.12:645][899]LogUObjectGlobals: Destroyed PersistentFrame Addr=0x00000281895dbd80, Size=624
[2018.08.21-15.14.12:645][899]LogUObjectGlobals: Destroyed PersistentFrame Addr=0x00000281980562c8, Size=40
[2018.08.21-15.14.12:645][899]LogUObjectGlobals: Destroyed PersistentFrame Addr=0x00000281895f4b30, Size=80
[2018.08.21-15.14.12:645][899]LogUObjectGlobals: Destroyed PersistentFrame Addr=0x0000028198056ca0, Size=40
[2018.08.21-15.14.12:645][899]LogUObjectGlobals: Destroyed PersistentFrame Addr=0x0000028189577660, Size=104
[2018.08.21-15.14.12:645][899]LogUObjectGlobals: Destroyed PersistentFrame Addr=0x00000281895d9300, Size=592
[2018.08.21-15.14.12:645][899]LogUObjectGlobals: Destroyed PersistentFrame Addr=0x00000281a4882200, Size=320
[2018.08.21-15.14.12:645][899]LogUObjectGlobals: Destroyed PersistentFrame Addr=0x000002819fb70f00, Size=888
[2018.08.21-15.14.12:645][899]LogUObjectGlobals: Destroyed PersistentFrame Addr=0x000002819fb85000, Size=752
[2018.08.21-15.14.12:645][899]LogUObjectGlobals: Destroyed PersistentFrame Addr=0x00000281a4840680, Size=544
[2018.08.21-15.14.12:645][899]LogUObjectGlobals: Destroyed PersistentFrame Addr=0x00000281a44a52f0, Size=112
[2018.08.21-15.14.12:645][899]LogUObjectGlobals: Destroyed PersistentFrame Addr=0x00000281a4842700, Size=544
[2018.08.21-15.14.12:645][899]LogUObjectGlobals: Destroyed PersistentFrame Addr=0x00000281a48d8080, Size=128
[2018.08.21-15.14.12:645][899]LogUObjectGlobals: Destroyed PersistentFrame Addr=0x00000281a4840400, Size=544
[2018.08.21-15.14.12:645][899]LogUObjectGlobals: Destroyed PersistentFrame Addr=0x00000281a487ee00, Size=64
[2018.08.21-15.14.12:645][899]LogUObjectGlobals: Destroyed PersistentFrame Addr=0x00000281a48816c0, Size=312
[2018.08.21-15.14.12:645][899]LogUObjectGlobals: Destroyed PersistentFrame Addr=0x00000281a43e3100, Size=80
[2018.08.21-15.14.12:645][899]LogUObjectGlobals: Destroyed PersistentFrame Addr=0x00000281a48899c0, Size=192
[2018.08.21-15.14.12:645][899]LogUObjectGlobals: Destroyed PersistentFrame Addr=0x00000281a4458fc0, Size=32
[2018.08.21-15.14.12:646][899]LogUObjectGlobals: Destroyed PersistentFrame Addr=0x00000281a4869ea8, Size=4
[2018.08.21-15.14.12:646][899]LogUObjectGlobals: Destroyed PersistentFrame Addr=0x00000281a58ab510, Size=72
[2018.08.21-15.14.12:646][899]LogUObjectGlobals: Destroyed PersistentFrame Addr=0x00000281a588c170, Size=112
[2018.08.21-15.14.12:646][899]LogUObjectGlobals: Destroyed PersistentFrame Addr=0x000002818975ce00, Size=128
[2018.08.21-15.14.12:646][899]LogUObjectGlobals: Destroyed PersistentFrame Addr=0x00000281a58b0840, Size=32
[2018.08.21-15.14.12:646][899]LogUObjectGlobals: Destroyed PersistentFrame Addr=0x00000281a57e74c0, Size=72
[2018.08.21-15.14.12:646][899]LogUObjectGlobals: Destroyed PersistentFrame Addr=0x00000281a5099a80, Size=536
[2018.08.21-15.14.12:646][899]LogUObjectGlobals: Destroyed PersistentFrame Addr=0x00000281a5752930, Size=80
[2018.08.21-15.14.12:647][899]LogUObjectGlobals: Destroyed PersistentFrame Addr=0x00000281a57fb100, Size=320
[2018.08.21-15.14.12:647][899]LogUObjectGlobals: Destroyed PersistentFrame Addr=0x00000281a5a8a450, Size=4
[2018.08.21-15.14.12:647][899]LogUObjectGlobals: Destroyed PersistentFrame Addr=0x00000281a5702b00, Size=2528
[2018.08.21-15.14.12:647][899]LogUObjectGlobals: Destroyed PersistentFrame Addr=0x00000281a5653520, Size=96
[2018.08.21-15.14.12:647][899]LogUObjectGlobals: Destroyed PersistentFrame Addr=0x00000281a55c7dc0, Size=192
[2018.08.21-15.14.12:647][899]LogUObjectGlobals: Destroyed PersistentFrame Addr=0x00000281a57fa840, Size=320
[2018.08.21-15.14.12:647][899]LogUObjectGlobals: Destroyed PersistentFrame Addr=0x00000281a558d980, Size=880
[2018.08.21-15.14.12:647][899]LogUObjectGlobals: Destroyed PersistentFrame Addr=0x00000281a5536e00, Size=32
[2018.08.21-15.14.12:647][899]LogUObjectGlobals: Destroyed PersistentFrame Addr=0x00000281a552ec00, Size=536
[2018.08.21-15.14.12:647][899]LogUObjectGlobals: Destroyed PersistentFrame Addr=0x00000281a552e700, Size=536
[2018.08.21-15.14.12:647][899]LogUObjectGlobals: Destroyed PersistentFrame Addr=0x00000281a54fc400, Size=256
[2018.08.21-15.14.12:647][899]LogUObjectGlobals: Destroyed PersistentFrame Addr=0x00000281a5506b00, Size=784
[2018.08.21-15.14.12:647][899]LogUObjectGlobals: Destroyed PersistentFrame Addr=0x00000281a552c400, Size=536
[2018.08.21-15.14.12:710][899]LogExit: Object subsystem successfully closed.
[2018.08.21-15.14.12:731][899]LogShaderCompilers: Display: Shaders left to compile 0
[2018.08.21-15.14.12:734][899]LogD3D11RHI: Shutdown
[2018.08.21-15.14.12:734][899]LogD3D11RHI: CleanupD3DDevice
[2018.08.21-15.14.12:735][899]LogD3D11RHI: ~FD3D11DynamicRHI
[2018.08.21-15.14.12:739][899]LogModuleManager: Shutting down and abandoning module Voice (352)
[2018.08.21-15.14.12:739][899]LogModuleManager: Shutting down and abandoning module AIModule (348)
[2018.08.21-15.14.12:739][899]LogModuleManager: Shutting down and abandoning module GameplayDebugger (347)
[2018.08.21-15.14.12:739][899]LogModuleManager: Shutting down and abandoning module AITestSuite (345)
[2018.08.21-15.14.12:739][899]LogModuleManager: Shutting down and abandoning module SequenceRecorderSections (342)
[2018.08.21-15.14.12:739][899]LogModuleManager: Shutting down and abandoning module SequenceRecorder (340)
[2018.08.21-15.14.12:739][899]LogModuleManager: Shutting down and abandoning module AutomationController (338)
[2018.08.21-15.14.12:739][899]LogModuleManager: Shutting down and abandoning module AutomationWorker (336)
[2018.08.21-15.14.12:739][899]LogModuleManager: Shutting down and abandoning module WmfMediaFactory (334)
[2018.08.21-15.14.12:739][899]LogModuleManager: Shutting down and abandoning module OpenExrWrapper (332)
[2018.08.21-15.14.12:739][899]LogModuleManager: Shutting down and abandoning module ImgMediaFactory (330)
[2018.08.21-15.14.12:739][899]LogModuleManager: Shutting down and abandoning module AvfMediaFactory (328)
[2018.08.21-15.14.12:739][899]LogModuleManager: Shutting down and abandoning module CharacterAI (326)
[2018.08.21-15.14.12:739][899]LogModuleManager: Shutting down and abandoning module SessionServices (324)
[2018.08.21-15.14.12:739][899]LogModuleManager: Shutting down and abandoning module MovieSceneCapture (322)
[2018.08.21-15.14.12:739][899]LogModuleManager: Shutting down and abandoning module MovieSceneTracks (320)
[2018.08.21-15.14.12:739][899]LogModuleManager: Shutting down and abandoning module MovieScene (318)
[2018.08.21-15.14.12:739][899]LogModuleManager: Shutting down and abandoning module GeometryCache (316)
[2018.08.21-15.14.12:739][899]LogModuleManager: Shutting down and abandoning module GeometryCacheEd (315)
[2018.08.21-15.14.12:739][899]LogModuleManager: Shutting down and abandoning module StreamingPauseRendering (312)
[2018.08.21-15.14.12:739][899]LogModuleManager: Shutting down and abandoning module PortalServices (310)
[2018.08.21-15.14.12:739][899]LogModuleManager: Shutting down and abandoning module PortalRpc (308)
[2018.08.21-15.14.12:739][899]LogModuleManager: Shutting down and abandoning module MessagingRpc (306)
[2018.08.21-15.14.12:739][899]LogModuleManager: Shutting down and abandoning module ProfilerService (304)
[2018.08.21-15.14.12:771][899]LogModuleManager: Shutting down and abandoning module TaskGraph (302)
[2018.08.21-15.14.12:771][899]LogModuleManager: Shutting down and abandoning module SteamVRController (300)
[2018.08.21-15.14.12:771][899]LogModuleManager: Shutting down and abandoning module ProceduralMeshComponent (298)
[2018.08.21-15.14.12:771][899]LogModuleManager: Shutting down and abandoning module OculusInput (296)
[2018.08.21-15.14.12:771][899]LogModuleManager: Shutting down and abandoning module MobilePatchingUtils (294)
[2018.08.21-15.14.12:771][899]LogModuleManager: Shutting down and abandoning module CustomMeshComponent (292)
[2018.08.21-15.14.12:771][899]LogModuleManager: Shutting down and abandoning module CableComponent (290)
[2018.08.21-15.14.12:771][899]LogModuleManager: Shutting down and abandoning module AudioCapture (288)
[2018.08.21-15.14.12:771][899]LogModuleManager: Shutting down and abandoning module ArchVisCharacter (286)
[2018.08.21-15.14.12:771][899]LogModuleManager: Shutting down and abandoning module AndroidPermission (284)
[2018.08.21-15.14.12:771][899]LogModuleManager: Shutting down and abandoning module NUTUnrealEngine4 (282)
[2018.08.21-15.14.12:771][899]LogModuleManager: Shutting down and abandoning module NetcodeUnitTest (280)
[2018.08.21-15.14.12:771][899]LogModuleManager: Shutting down and abandoning module MediaCompositing (278)
[2018.08.21-15.14.12:771][899]LogModuleManager: Shutting down and abandoning module LinearTimecode (276)
[2018.08.21-15.14.12:771][899]LogModuleManager: Shutting down and abandoning module ImgMedia (274)
[2018.08.21-15.14.12:772][899]LogModuleManager: Shutting down and abandoning module HTML5Networking (272)
[2018.08.21-15.14.12:772][899]LogModuleManager: Shutting down and abandoning module DatasmithContent (270)
[2018.08.21-15.14.12:772][899]LogModuleManager: Shutting down and abandoning module CryptoKeysOpenSSL (268)
[2018.08.21-15.14.12:772][899]LogModuleManager: Shutting down and abandoning module CryptoKeys (266)
[2018.08.21-15.14.12:772][899]LogModuleManager: Shutting down and abandoning module VisualStudioSourceCodeAccess (264)
[2018.08.21-15.14.12:772][899]LogModuleManager: Shutting down and abandoning module HotReload (263)
[2018.08.21-15.14.12:772][899]LogModuleManager: Shutting down and abandoning module VisualStudioCodeSourceCodeAccess (260)
[2018.08.21-15.14.12:772][899]LogModuleManager: Shutting down and abandoning module UObjectPlugin (258)
[2018.08.21-15.14.12:772][899]LogModuleManager: Shutting down and abandoning module SubversionSourceControl (256)
[2018.08.21-15.14.12:772][899]LogModuleManager: Shutting down and abandoning module PerforceSourceControl (254)
[2018.08.21-15.14.12:772][899]LogModuleManager: Shutting down and abandoning module SourceControl (253)
[2018.08.21-15.14.12:772][899]LogModuleManager: Shutting down and abandoning module CLionSourceCodeAccess (250)
[2018.08.21-15.14.12:772][899]LogModuleManager: Shutting down and abandoning module VictoryBPLibrary (248)
[2018.08.21-15.14.12:772][899]LogModuleManager: Shutting down and abandoning module RuntimePhysXCooking (246)
[2018.08.21-15.14.12:772][899]LogModuleManager: Shutting down and abandoning module PhysXVehiclesEditor (244)
[2018.08.21-15.14.12:772][899]LogModuleManager: Shutting down and abandoning module PhysXVehicles (242)
[2018.08.21-15.14.12:772][899]LogModuleManager: Shutting down and abandoning module LocationServicesBPLibrary (240)
[2018.08.21-15.14.12:772][899]LogModuleManager: Shutting down and abandoning module ImmediatePhysicsEditor (238)
[2018.08.21-15.14.12:772][899]LogModuleManager: Shutting down and abandoning module ImmediatePhysics (236)
[2018.08.21-15.14.12:772][899]LogModuleManager: Shutting down and abandoning module ApexDestructionEditor (234)
[2018.08.21-15.14.12:773][899]LogModuleManager: Shutting down and abandoning module ContentBrowser (233)
[2018.08.21-15.14.12:773][899]LogModuleManager: Shutting down and abandoning module CollectionManager (232)
[2018.08.21-15.14.12:773][899]LogDirectoryWatcher: A directory notification for 'G:/DarkActive/Unreal Projects/DarkCrystalstutter/Content/Collections/' was aborted.
[2018.08.21-15.14.12:773][899]LogDirectoryWatcher: A directory notification for 'G:/DarkActive/Unreal Projects/DarkCrystalstutter/Content/Developers/Kappa/Collections/' was aborted.
[2018.08.21-15.14.12:773][899]LogDirectoryWatcher: A directory notification for 'G:/DarkActive/Unreal Projects/DarkCrystalstutter/Saved/Collections/' was aborted.
[2018.08.21-15.14.12:773][899]LogModuleManager: Shutting down and abandoning module DirectoryWatcher (231)
[2018.08.21-15.14.12:773][899]LogModuleManager: Shutting down and abandoning module ApexDestruction (226)
[2018.08.21-15.14.12:773][899]LogModuleManager: Shutting down and abandoning module ActorSequence (224)
[2018.08.21-15.14.12:773][899]LogModuleManager: Shutting down and abandoning module UdpMessaging (222)
[2018.08.21-15.14.12:874][899]LogModuleManager: Shutting down and abandoning module TcpMessaging (220)
[2018.08.21-15.14.13:587][899]LogModuleManager: Shutting down and abandoning module GameplayTagsEditor (218)
[2018.08.21-15.14.13:587][899]LogModuleManager: Shutting down and abandoning module FacialAnimation (216)
[2018.08.21-15.14.13:587][899]LogModuleManager: Shutting down and abandoning module DataValidation (214)
[2018.08.21-15.14.13:587][899]LogModuleManager: Shutting down and abandoning module AssetManagerEditor (212)
[2018.08.21-15.14.13:587][899]LogModuleManager: Shutting down and abandoning module TreeMap (211)
[2018.08.21-15.14.13:587][899]LogModuleManager: Shutting down and abandoning module LightPropagationVolumeRuntime (208)
[2018.08.21-15.14.13:587][899]LogModuleManager: Shutting down and abandoning module LiveLink (206)
[2018.08.21-15.14.14:511][899]LogModuleManager: Shutting down and abandoning module AdvancedSteamSessions (204)
[2018.08.21-15.14.14:511][899]LogModuleManager: Shutting down and abandoning module AdvancedSessions (202)
[2018.08.21-15.14.14:511][899]LogModuleManager: Shutting down and abandoning module Paper2D (200)
[2018.08.21-15.14.14:511][899]LogModuleManager: Shutting down and abandoning module PIEPreviewDeviceProfileSelector (198)
[2018.08.21-15.14.14:511][899]LogModuleManager: Shutting down and abandoning module WindowsMoviePlayer (196)
[2018.08.21-15.14.14:511][899]LogModuleManager: Shutting down and abandoning module WmfMedia (194)
[2018.08.21-15.14.14:511][899]LogModuleManager: Shutting down and abandoning module Media (193)
[2018.08.21-15.14.14:518][899]LogModuleManager: Shutting down and abandoning module PacketHandler (190)
[2018.08.21-15.14.14:518][899]LogModuleManager: Shutting down and abandoning module ClothingSystemEditor (188)
[2018.08.21-15.14.14:518][899]LogModuleManager: Shutting down and abandoning module ClothingSystemRuntime (186)
[2018.08.21-15.14.14:518][899]LogModuleManager: Shutting down and abandoning module MediaAssets (184)
[2018.08.21-15.14.14:518][899]LogModuleManager: Shutting down and abandoning module Overlay (182)
[2018.08.21-15.14.14:518][899]LogModuleManager: Shutting down and abandoning module OverlayEditor (181)
[2018.08.21-15.14.14:518][899]LogModuleManager: Shutting down and abandoning module VREditor (178)
[2018.08.21-15.14.14:518][899]LogModuleManager: Shutting down and abandoning module StringTableEditor (176)
[2018.08.21-15.14.14:518][899]LogModuleManager: Shutting down and abandoning module GameplayTasksEditor (174)
[2018.08.21-15.14.14:518][899]LogModuleManager: Shutting down and abandoning module BehaviorTreeEditor (172)
[2018.08.21-15.14.14:518][899]LogModuleManager: Shutting down and abandoning module FunctionalTesting (170)
[2018.08.21-15.14.14:518][899]LogModuleManager: Shutting down and abandoning module CollisionAnalyzer (168)
[2018.08.21-15.14.14:518][899]LogModuleManager: Shutting down and abandoning module WorkspaceMenuStructure (167)
[2018.08.21-15.14.14:518][899]LogModuleManager: Shutting down and abandoning module UMG (164)
[2018.08.21-15.14.14:518][899]LogModuleManager: Shutting down and abandoning module UMGEditor (163)
[2018.08.21-15.14.14:518][899]LogModuleManager: Shutting down and abandoning module Sequencer (162)
[2018.08.21-15.14.14:518][899]LogModuleManager: Shutting down and abandoning module MessageLog (159)
[2018.08.21-15.14.14:518][899]LogModuleManager: Shutting down and abandoning module SlateReflector (154)
[2018.08.21-15.14.14:518][899]LogModuleManager: Shutting down and abandoning module Slate (152)
[2018.08.21-15.14.14:518][899]LogModuleManager: Shutting down and abandoning module EditorStyle (150)
[2018.08.21-15.14.14:519][899]LogModuleManager: Shutting down and abandoning module MRMesh (148)
[2018.08.21-15.14.14:519][899]LogModuleManager: Shutting down and abandoning module Messaging (146)
[2018.08.21-15.14.14:519][899]LogModuleManager: Shutting down and abandoning module SourceCodeAccess (144)
[2018.08.21-15.14.14:519][899]LogModuleManager: Shutting down and abandoning module HeadMountedDisplay (142)
[2018.08.21-15.14.14:519][899]LogModuleManager: Shutting down and abandoning module XAudio2 (140)
[2018.08.21-15.14.14:519][899]LogModuleManager: Shutting down and abandoning module Networking (138)
[2018.08.21-15.14.14:519][899]LogModuleManager: Shutting down and abandoning module Core (136)
[2018.08.21-15.14.14:519][899]LogModuleManager: Shutting down and abandoning module LevelSequence (134)
[2018.08.21-15.14.14:519][899]LogModuleManager: Shutting down and abandoning module KismetCompiler (132)
[2018.08.21-15.14.14:519][899]LogModuleManager: Shutting down and abandoning module MeshUtilities (130)
[2018.08.21-15.14.14:519][899]LogModuleManager: Shutting down and abandoning module MeshMergeUtilities (129)
[2018.08.21-15.14.14:519][899]LogModuleManager: Shutting down and abandoning module MeshReductionInterface (128)
[2018.08.21-15.14.14:519][899]LogModuleManager: Shutting down and abandoning module SimplygonSwarm (127)
[2018.08.21-15.14.14:519][899]LogModuleManager: Shutting down and abandoning module SimplygonMeshReduction (125)
[2018.08.21-15.14.14:519][899]LogModuleManager: Shutting down and abandoning module QuadricMeshReduction (123)
[2018.08.21-15.14.14:519][899]LogModuleManager: Shutting down and abandoning module MaterialBaking (119)
[2018.08.21-15.14.14:519][899]LogModuleManager: Shutting down and abandoning module DerivedDataCache (114)
[2018.08.21-15.14.14:962][899]LogDerivedDataCache: Shutdown
[2018.08.21-15.14.14:962][899]LogModuleManager: Shutting down and abandoning module XGEController (112)
[2018.08.21-15.14.14:962][899]LogModuleManager: Shutting down and abandoning module TargetPlatform (110)
[2018.08.21-15.14.14:962][899]LogModuleManager: Shutting down and abandoning module VulkanShaderFormat (109)
[2018.08.21-15.14.14:962][899]LogModuleManager: Shutting down and abandoning module ShaderFormatVectorVM (107)
[2018.08.21-15.14.14:962][899]LogModuleManager: Shutting down and abandoning module ShaderFormatOpenGL (105)
[2018.08.21-15.14.14:962][899]LogModuleManager: Shutting down and abandoning module ShaderFormatD3D (103)
[2018.08.21-15.14.14:962][899]LogModuleManager: Shutting down and abandoning module MetalShaderFormat (101)
[2018.08.21-15.14.14:962][899]LogModuleManager: Shutting down and abandoning module TextureFormatUncompressed (99)
[2018.08.21-15.14.14:962][899]LogModuleManager: Shutting down and abandoning module TextureFormatPVR (97)
[2018.08.21-15.14.14:962][899]LogModuleManager: Shutting down and abandoning module TextureFormatDXT (95)
[2018.08.21-15.14.14:962][899]LogModuleManager: Shutting down and abandoning module TextureFormatIntelISPCTexComp (93)
[2018.08.21-15.14.14:962][899]LogModuleManager: Shutting down and abandoning module TextureFormatASTC (91)
[2018.08.21-15.14.14:962][899]LogModuleManager: Shutting down and abandoning module ImageWrapper (90)
[2018.08.21-15.14.14:962][899]LogModuleManager: Shutting down and abandoning module TextureFormatAndroid (87)
[2018.08.21-15.14.14:962][899]LogModuleManager: Shutting down and abandoning module AudioFormatOpus (85)
[2018.08.21-15.14.14:962][899]LogModuleManager: Shutting down and abandoning module AudioFormatOgg (83)
[2018.08.21-15.14.14:962][899]LogModuleManager: Shutting down and abandoning module AudioFormatADPCM (81)
[2018.08.21-15.14.14:962][899]LogModuleManager: Shutting down and abandoning module WindowsTargetPlatform (79)
[2018.08.21-15.14.14:962][899]LogModuleManager: Shutting down and abandoning module WindowsServerTargetPlatform (77)
[2018.08.21-15.14.14:962][899]LogModuleManager: Shutting down and abandoning module WindowsNoEditorTargetPlatform (75)
[2018.08.21-15.14.14:962][899]LogModuleManager: Shutting down and abandoning module WindowsClientTargetPlatform (73)
[2018.08.21-15.14.14:962][899]LogModuleManager: Shutting down and abandoning module InputCore (70)
[2018.08.21-15.14.14:962][899]LogModuleManager: Shutting down and abandoning module Settings (68)
[2018.08.21-15.14.14:962][899]LogModuleManager: Shutting down and abandoning module PhysXCooking (66)
[2018.08.21-15.14.14:962][899]LogModuleManager: Shutting down and abandoning module SteamVR (64)
[2018.08.21-15.14.14:962][899]LogModuleManager: Shutting down and abandoning module OculusHMD (62)
[2018.08.21-15.14.14:962][899]LogModuleManager: Shutting down and abandoning module ExampleDeviceProfileSelector (60)
[2018.08.21-15.14.14:962][899]LogModuleManager: Shutting down and abandoning module AppleARKit (58)
[2018.08.21-15.14.14:962][899]LogModuleManager: Shutting down and abandoning module AugmentedReality (57)
[2018.08.21-15.14.14:962][899]LogModuleManager: Shutting down and abandoning module OnlineBlueprintSupport (54)
[2018.08.21-15.14.14:962][899]LogModuleManager: Shutting down and abandoning module OnlineSubsystem (50)
[2018.08.21-15.14.14:962][899]LogOnline: Display: OSS: FOnlineSubsystemNull::Shutdown()
[2018.08.21-15.14.14:962][899]LogOnline: Display: OSS: FOnlineAsyncTaskManager::Stop() ActiveTask:0000000000000000 Tasks[0/0]
[2018.08.21-15.14.14:962][899]LogOnline: Display: OSS: FOnlineAsyncTaskManager::Exit() started
[2018.08.21-15.14.14:962][899]LogOnline: Display: OSS: FOnlineAsyncTaskManager::Exit() finished
[2018.08.21-15.14.14:962][899]LogModuleManager: Shutting down and abandoning module XMPP (43)
[2018.08.21-15.14.14:962][899]LogModuleManager: Shutting down and abandoning module HTTP (41)
[2018.08.21-15.14.14:978][899]LogModuleManager: Shutting down and abandoning module SSL (40)
[2018.08.21-15.14.14:979][899]LogModuleManager: Shutting down and abandoning module AnimationModifiers (36)
[2018.08.21-15.14.14:979][899]LogModuleManager: Shutting down and abandoning module PropertyEditor (35)
[2018.08.21-15.14.14:979][899]LogModuleManager: Shutting down and abandoning module AudioEditor (32)
[2018.08.21-15.14.14:979][899]LogModuleManager: Shutting down and abandoning module TextureCompressor (30)
[2018.08.21-15.14.14:979][899]LogModuleManager: Shutting down and abandoning module ShaderCore (28)
[2018.08.21-15.14.14:979][899]LogModuleManager: Shutting down and abandoning module Landscape (26)
[2018.08.21-15.14.14:979][899]LogModuleManager: Shutting down and abandoning module SlateRHIRenderer (24)
[2018.08.21-15.14.14:979][899]LogModuleManager: Shutting down and abandoning module OpenGLDrv (22)
[2018.08.21-15.14.14:979][899]LogModuleManager: Shutting down and abandoning module D3D11RHI (20)
[2018.08.21-15.14.14:979][899]LogModuleManager: Shutting down and abandoning module AnimGraphRuntime (18)
[2018.08.21-15.14.14:979][899]LogModuleManager: Shutting down and abandoning module Renderer (16)
[2018.08.21-15.14.14:979][899]LogModuleManager: Shutting down and abandoning module Engine (14)
[2018.08.21-15.14.14:979][899]LogModuleManager: Shutting down and abandoning module CoreUObject (12)
[2018.08.21-15.14.14:979][899]LogModuleManager: Shutting down and abandoning module NetworkFile (10)
[2018.08.21-15.14.14:979][899]LogModuleManager: Shutting down and abandoning module CookedIterativeFile (8)
[2018.08.21-15.14.14:979][899]LogModuleManager: Shutting down and abandoning module StreamingFile (6)
[2018.08.21-15.14.14:979][899]LogModuleManager: Shutting down and abandoning module SandboxFile (4)
[2018.08.21-15.14.14:979][899]LogModuleManager: Shutting down and abandoning module PakFile (2)
[2018.08.21-15.14.14:982][899]LogExit: Exiting.
[2018.08.21-15.14.15:024][899]Log file closed, 08/21/18 08:14:15
