Log file open, 08/22/18 06:54:01
LogWindows: Failed to load 'aqProf.dll' (GetLastError=126)
LogWindows: File 'aqProf.dll' does not exist
LogWindows: Failed to load 'VtuneApi.dll' (GetLastError=126)
LogWindows: File 'VtuneApi.dll' does not exist
LogWindows: Failed to load 'VtuneApi32e.dll' (GetLastError=126)
LogWindows: File 'VtuneApi32e.dll' does not exist
LogInit: Display: Running engine for game: DarkCrystal
LogPlatformFile: Not using cached read wrapper
LogInit: Display: RandInit(969126544) SRandInit(969126544).
LogInit: Read version file with build ID '3944462'
LogInit: Overriding engine version to CL 4033788, compatible CL 3944462
LogInit: Registered custom module enumerator with build ID '3944462'
LogTaskGraph: Started task graph with 5 named threads and 17 total threads with 3 sets of task threads.
LogStats: Stats thread started at 0.206694
LogD3D11RHI: Aftermath initialized
LogICUInternationalization: Display: ICU TimeZone Detection - Raw Offset: -8:00, Platform Override: ''
LogModuleManager: Display: Found up-to-date module file ../../../Engine/Plugins/Online/OnlineSubsystemSteam/Binaries/Win64/UE4Editor-OnlineSubsystemSteam.dll (API version 3944462).
LogModuleManager: Display: Found up-to-date module file ../../../Engine/Plugins/Online/OnlineSubsystem/Binaries/Win64/UE4Editor-OnlineSubsystem.dll (API version 3944462).
LogModuleManager: Display: Found up-to-date module file ../../../Engine/Plugins/Online/OnlineSubsystemUtils/Binaries/Win64/UE4Editor-OnlineSubsystemUtils.dll (API version 3944462).
LogModuleManager: Display: Found up-to-date module file ../../../Engine/Plugins/Online/OnlineSubsystemUtils/Binaries/Win64/UE4Editor-OnlineBlueprintSupport.dll (API version 3944462).
LogModuleManager: Display: Found up-to-date module file ../../../Engine/Plugins/VictoryPlugin/Binaries/Win64/UE4Editor-VictoryBPLibrary.dll (API version 3944462).
LogModuleManager: Display: Found up-to-date module file ../../../Engine/Plugins/Runtime/ApexDestruction/Binaries/Win64/UE4Editor-ApexDestruction.dll (API version 3944462).
LogModuleManager: Display: Found up-to-date module file ../../../Engine/Plugins/Runtime/ApexDestruction/Binaries/Win64/UE4Editor-ApexDestructionEditor.dll (API version 3944462).
LogModuleManager: Display: Found up-to-date module file ../../../Engine/Plugins/AdvancedSessions/AdvancedSessions/Binaries/Win64/UE4Editor-AdvancedSessions.dll (API version 3944462).
LogModuleManager: Display: Found up-to-date module file ../../../Engine/Plugins/AdvancedSessions/AdvancedSteamSessions/Binaries/Win64/UE4Editor-AdvancedSteamSessions.dll (API version 3944462).
LogModuleManager: Display: Found up-to-date module file ../../../Engine/Plugins/2D/Paper2D/Binaries/Win64/UE4Editor-Paper2D.dll (API version 3944462).
LogModuleManager: Display: Found up-to-date module file ../../../Engine/Plugins/2D/Paper2D/Binaries/Win64/UE4Editor-Paper2DEditor.dll (API version 3944462).
LogModuleManager: Display: Found up-to-date module file ../../../Engine/Plugins/2D/Paper2D/Binaries/Win64/UE4Editor-PaperSpriteSheetImporter.dll (API version 3944462).
LogModuleManager: Display: Found up-to-date module file ../../../Engine/Plugins/2D/Paper2D/Binaries/Win64/UE4Editor-PaperTiledImporter.dll (API version 3944462).
LogModuleManager: Display: Found up-to-date module file ../../../Engine/Plugins/2D/Paper2D/Binaries/Win64/UE4Editor-SmartSnapping.dll (API version 3944462).
LogModuleManager: Display: Found up-to-date module file ../../../Engine/Plugins/Blendables/LightPropagationVolume/Binaries/Win64/UE4Editor-LightPropagationVolumeRuntime.dll (API version 3944462).
LogModuleManager: Display: Found up-to-date module file ../../../Engine/Plugins/Blendables/LightPropagationVolume/Binaries/Win64/UE4Editor-LightPropagationVolumeEditor.dll (API version 3944462).
LogModuleManager: Display: Found up-to-date module file ../../../Engine/Plugins/Developer/CLionSourceCodeAccess/Binaries/Win64/UE4Editor-CLionSourceCodeAccess.dll (API version 3944462).
LogModuleManager: Display: Found up-to-date module file ../../../Engine/Plugins/Developer/GitSourceControl/Binaries/Win64/UE4Editor-GitSourceControl.dll (API version 3944462).
LogModuleManager: Display: Found up-to-date module file ../../../Engine/Plugins/Developer/PerforceSourceControl/Binaries/Win64/UE4Editor-PerforceSourceControl.dll (API version 3944462).
LogModuleManager: Display: Found up-to-date module file ../../../Engine/Plugins/Developer/SubversionSourceControl/Binaries/Win64/UE4Editor-SubversionSourceControl.dll (API version 3944462).
LogModuleManager: Display: Found up-to-date module file ../../../Engine/Plugins/Developer/UObjectPlugin/Binaries/Win64/UE4Editor-UObjectPlugin.dll (API version 3944462).
LogModuleManager: Display: Found up-to-date module file ../../../Engine/Plugins/Developer/VisualStudioCodeSourceCodeAccess/Binaries/Win64/UE4Editor-VisualStudioCodeSourceCodeAccess.dll (API version 3944462).
LogModuleManager: Display: Found up-to-date module file ../../../Engine/Plugins/Developer/VisualStudioSourceCodeAccess/Binaries/Win64/UE4Editor-VisualStudioSourceCodeAccess.dll (API version 3944462).
LogModuleManager: Display: Found up-to-date module file ../../../Engine/Plugins/Editor/AssetManagerEditor/Binaries/Win64/UE4Editor-AssetManagerEditor.dll (API version 3944462).
LogModuleManager: Display: Found up-to-date module file ../../../Engine/Plugins/Editor/CryptoKeys/Binaries/Win64/UE4Editor-CryptoKeys.dll (API version 3944462).
LogModuleManager: Display: Found up-to-date module file ../../../Engine/Plugins/Editor/CryptoKeys/Binaries/Win64/UE4Editor-CryptoKeysOpenSSL.dll (API version 3944462).
LogModuleManager: Display: Found up-to-date module file ../../../Engine/Plugins/Editor/DataValidation/Binaries/Win64/UE4Editor-DataValidation.dll (API version 3944462).
LogModuleManager: Display: Found up-to-date module file ../../../Engine/Plugins/Editor/FacialAnimation/Binaries/Win64/UE4Editor-FacialAnimation.dll (API version 3944462).
LogModuleManager: Display: Found up-to-date module file ../../../Engine/Plugins/Editor/FacialAnimation/Binaries/Win64/UE4Editor-FacialAnimationEditor.dll (API version 3944462).
LogModuleManager: Display: Found up-to-date module file ../../../Engine/Plugins/Editor/GameplayTagsEditor/Binaries/Win64/UE4Editor-GameplayTagsEditor.dll (API version 3944462).
LogModuleManager: Display: Found up-to-date module file ../../../Engine/Plugins/Editor/MobileLauncherProfileWizard/Binaries/Win64/UE4Editor-MobileLauncherProfileWizard.dll (API version 3944462).
LogModuleManager: Display: Found up-to-date module file ../../../Engine/Plugins/Editor/PluginBrowser/Binaries/Win64/UE4Editor-PluginBrowser.dll (API version 3944462).
LogModuleManager: Display: Found up-to-date module file ../../../Engine/Plugins/Editor/SpeedTreeImporter/Binaries/Win64/UE4Editor-SpeedTreeImporter.dll (API version 3944462).
LogModuleManager: Display: Found up-to-date module file ../../../Engine/Plugins/Enterprise/DatasmithContent/Binaries/Win64/UE4Editor-DatasmithContent.dll (API version 3944462).
LogModuleManager: Display: Found up-to-date module file ../../../Engine/Plugins/Experimental/AlembicImporter/Binaries/Win64/UE4Editor-AlembicImporter.dll (API version 3944462).
LogModuleManager: Display: Found up-to-date module file ../../../Engine/Plugins/Experimental/AlembicImporter/Binaries/Win64/UE4Editor-AlembicLibrary.dll (API version 3944462).
LogModuleManager: Display: Found up-to-date module file ../../../Engine/Plugins/Experimental/CharacterAI/Binaries/Win64/UE4Editor-CharacterAI.dll (API version 3944462).
LogModuleManager: Display: Found up-to-date module file ../../../Engine/Plugins/Experimental/HTML5Networking/Binaries/Win64/UE4Editor-HTML5Networking.dll (API version 3944462).
LogModuleManager: Display: Found up-to-date module file ../../../Engine/Plugins/Media/AndroidMedia/Binaries/Win64/UE4Editor-AndroidMediaEditor.dll (API version 3944462).
LogModuleManager: Display: Found up-to-date module file ../../../Engine/Plugins/Media/AndroidMedia/Binaries/Win64/UE4Editor-AndroidMediaFactory.dll (API version 3944462).
LogModuleManager: Display: Found up-to-date module file ../../../Engine/Plugins/Media/AvfMedia/Binaries/Win64/UE4Editor-AvfMediaEditor.dll (API version 3944462).
LogModuleManager: Display: Found up-to-date module file ../../../Engine/Plugins/Media/AvfMedia/Binaries/Win64/UE4Editor-AvfMediaFactory.dll (API version 3944462).
LogModuleManager: Display: Found up-to-date module file ../../../Engine/Plugins/Media/AvfMedia/Binaries/Win64/UE4Editor-AvfMediaFactory.dll (API version 3944462).
LogModuleManager: Display: Found up-to-date module file ../../../Engine/Plugins/Media/ImgMedia/Binaries/Win64/UE4Editor-ImgMedia.dll (API version 3944462).
LogModuleManager: Display: Found up-to-date module file ../../../Engine/Plugins/Media/ImgMedia/Binaries/Win64/UE4Editor-ImgMediaEditor.dll (API version 3944462).
LogModuleManager: Display: Found up-to-date module file ../../../Engine/Plugins/Media/ImgMedia/Binaries/Win64/UE4Editor-ImgMediaFactory.dll (API version 3944462).
LogModuleManager: Display: Found up-to-date module file ../../../Engine/Plugins/Media/ImgMedia/Binaries/Win64/UE4Editor-ImgMediaFactory.dll (API version 3944462).
LogModuleManager: Display: Found up-to-date module file ../../../Engine/Plugins/Media/ImgMedia/Binaries/Win64/UE4Editor-OpenExrWrapper.dll (API version 3944462).
LogModuleManager: Display: Found up-to-date module file ../../../Engine/Plugins/Media/LinearTimecode/Binaries/Win64/UE4Editor-LinearTimecode.dll (API version 3944462).
LogModuleManager: Display: Found up-to-date module file ../../../Engine/Plugins/Media/MediaCompositing/Binaries/Win64/UE4Editor-MediaCompositing.dll (API version 3944462).
LogModuleManager: Display: Found up-to-date module file ../../../Engine/Plugins/Media/MediaCompositing/Binaries/Win64/UE4Editor-MediaCompositingEditor.dll (API version 3944462).
LogModuleManager: Display: Found up-to-date module file ../../../Engine/Plugins/Media/MediaPlayerEditor/Binaries/Win64/UE4Editor-MediaPlayerEditor.dll (API version 3944462).
LogModuleManager: Display: Found up-to-date module file ../../../Engine/Plugins/Media/WmfMedia/Binaries/Win64/UE4Editor-WmfMedia.dll (API version 3944462).
LogModuleManager: Display: Found up-to-date module file ../../../Engine/Plugins/Media/WmfMedia/Binaries/Win64/UE4Editor-WmfMediaEditor.dll (API version 3944462).
LogModuleManager: Display: Found up-to-date module file ../../../Engine/Plugins/Media/WmfMedia/Binaries/Win64/UE4Editor-WmfMediaFactory.dll (API version 3944462).
LogModuleManager: Display: Found up-to-date module file ../../../Engine/Plugins/Media/WmfMedia/Binaries/Win64/UE4Editor-WmfMediaFactory.dll (API version 3944462).
LogModuleManager: Display: Found up-to-date module file ../../../Engine/Plugins/Messaging/TcpMessaging/Binaries/Win64/UE4Editor-TcpMessaging.dll (API version 3944462).
LogModuleManager: Display: Found up-to-date module file ../../../Engine/Plugins/Messaging/UdpMessaging/Binaries/Win64/UE4Editor-UdpMessaging.dll (API version 3944462).
LogModuleManager: Display: Found up-to-date module file ../../../Engine/Plugins/MovieScene/ActorSequence/Binaries/Win64/UE4Editor-ActorSequence.dll (API version 3944462).
LogModuleManager: Display: Found up-to-date module file ../../../Engine/Plugins/MovieScene/LevelSequenceEditor/Binaries/Win64/UE4Editor-LevelSequenceEditor.dll (API version 3944462).
LogModuleManager: Display: Found up-to-date module file ../../../Engine/Plugins/MovieScene/MatineeToLevelSequence/Binaries/Win64/UE4Editor-MatineeToLevelSequence.dll (API version 3944462).
LogModuleManager: Display: Found up-to-date module file ../../../Engine/Plugins/NetcodeUnitTest/NetcodeUnitTest/Binaries/Win64/UE4Editor-NetcodeUnitTest.dll (API version 3944462).
LogModuleManager: Display: Found up-to-date module file ../../../Engine/Plugins/NetcodeUnitTest/NUTUnrealEngine4/Binaries/Win64/UE4Editor-NUTUnrealEngine4.dll (API version 3944462).
LogModuleManager: Display: Found up-to-date module file ../../../Engine/Plugins/Runtime/AndroidPermission/Binaries/Win64/UE4Editor-AndroidPermission.dll (API version 3944462).
LogModuleManager: Display: Found up-to-date module file ../../../Engine/Plugins/Online/OnlineSubsystemNull/Binaries/Win64/UE4Editor-OnlineSubsystemNull.dll (API version 3944462).
LogModuleManager: Display: Found up-to-date module file ../../../Engine/Plugins/Runtime/AndroidDeviceProfileSelector/Binaries/Win64/UE4Editor-AndroidDeviceProfileSelector.dll (API version 3944462).
LogModuleManager: Display: Found up-to-date module file ../../../Engine/Plugins/Runtime/AppleARKit/Binaries/Win64/UE4Editor-AppleARKit.dll (API version 3944462).
LogModuleManager: Display: Found up-to-date module file ../../../Engine/Plugins/Runtime/ProceduralMeshComponent/Binaries/Win64/UE4Editor-ProceduralMeshComponent.dll (API version 3944462).
LogModuleManager: Display: Found up-to-date module file ../../../Engine/Plugins/Runtime/ProceduralMeshComponent/Binaries/Win64/UE4Editor-ProceduralMeshComponentEditor.dll (API version 3944462).
LogModuleManager: Display: Found up-to-date module file ../../../Engine/Plugins/Animation/LiveLink/Binaries/Win64/UE4Editor-LiveLink.dll (API version 3944462).
LogModuleManager: Display: Found up-to-date module file ../../../Engine/Plugins/Animation/LiveLink/Binaries/Win64/UE4Editor-LiveLinkEditor.dll (API version 3944462).
LogModuleManager: Display: Found up-to-date module file ../../../Engine/Plugins/Runtime/ArchVisCharacter/Binaries/Win64/UE4Editor-ArchVisCharacter.dll (API version 3944462).
LogModuleManager: Display: Found up-to-date module file ../../../Engine/Plugins/Runtime/AudioCapture/Binaries/Win64/UE4Editor-AudioCapture.dll (API version 3944462).
LogModuleManager: Display: Found up-to-date module file ../../../Engine/Plugins/Runtime/AudioCapture/Binaries/Win64/UE4Editor-AudioCaptureEditor.dll (API version 3944462).
LogModuleManager: Display: Found up-to-date module file ../../../Engine/Plugins/Runtime/CableComponent/Binaries/Win64/UE4Editor-CableComponent.dll (API version 3944462).
LogModuleManager: Display: Found up-to-date module file ../../../Engine/Plugins/Runtime/CustomMeshComponent/Binaries/Win64/UE4Editor-CustomMeshComponent.dll (API version 3944462).
LogModuleManager: Display: Found up-to-date module file ../../../Engine/Plugins/Runtime/ExampleDeviceProfileSelector/Binaries/Win64/UE4Editor-ExampleDeviceProfileSelector.dll (API version 3944462).
LogModuleManager: Display: Found up-to-date module file ../../../Engine/Plugins/Runtime/ImmediatePhysics/Binaries/Win64/UE4Editor-ImmediatePhysics.dll (API version 3944462).
LogModuleManager: Display: Found up-to-date module file ../../../Engine/Plugins/Runtime/ImmediatePhysics/Binaries/Win64/UE4Editor-ImmediatePhysicsEditor.dll (API version 3944462).
LogModuleManager: Display: Found up-to-date module file ../../../Engine/Plugins/Runtime/LocationServicesBPLibrary/Binaries/Win64/UE4Editor-LocationServicesBPLibrary.dll (API version 3944462).
LogModuleManager: Display: Found up-to-date module file ../../../Engine/Plugins/Runtime/MobilePatchingUtils/Binaries/Win64/UE4Editor-MobilePatchingUtils.dll (API version 3944462).
LogModuleManager: Display: Found up-to-date module file ../../../Engine/Plugins/Runtime/Oculus/OculusVR/Binaries/Win64/UE4Editor-OculusHMD.dll (API version 3944462).
LogModuleManager: Display: Found up-to-date module file ../../../Engine/Plugins/Runtime/Oculus/OculusVR/Binaries/Win64/UE4Editor-OculusInput.dll (API version 3944462).
LogModuleManager: Display: Found up-to-date module file ../../../Engine/Plugins/Runtime/Oculus/OculusVR/Binaries/Win64/UE4Editor-OculusEditor.dll (API version 3944462).
LogModuleManager: Display: Found up-to-date module file ../../../Engine/Plugins/Runtime/PhysXVehicles/Binaries/Win64/UE4Editor-PhysXVehicles.dll (API version 3944462).
LogModuleManager: Display: Found up-to-date module file ../../../Engine/Plugins/Runtime/PhysXVehicles/Binaries/Win64/UE4Editor-PhysXVehiclesEditor.dll (API version 3944462).
LogModuleManager: Display: Found up-to-date module file ../../../Engine/Plugins/Runtime/RuntimePhysXCooking/Binaries/Win64/UE4Editor-RuntimePhysXCooking.dll (API version 3944462).
LogModuleManager: Display: Found up-to-date module file ../../../Engine/Plugins/Runtime/Steam/SteamVR/Binaries/Win64/UE4Editor-SteamVR.dll (API version 3944462).
LogModuleManager: Display: Found up-to-date module file ../../../Engine/Plugins/Runtime/Steam/SteamVR/Binaries/Win64/UE4Editor-SteamVRController.dll (API version 3944462).
LogModuleManager: Display: Found up-to-date module file ../../../Engine/Plugins/Runtime/WindowsMoviePlayer/Binaries/Win64/UE4Editor-WindowsMoviePlayer.dll (API version 3944462).
LogPluginManager: Mounting plugin Paper2D
LogPluginManager: Mounting plugin AdvancedSessions
LogPluginManager: Mounting plugin AdvancedSteamSessions
LogPluginManager: Mounting plugin LiveLink
LogPluginManager: Mounting plugin LightPropagationVolume
LogPluginManager: Mounting plugin CLionSourceCodeAccess
LogPluginManager: Mounting plugin CodeLiteSourceCodeAccess
LogPluginManager: Mounting plugin GitSourceControl
LogPluginManager: Mounting plugin KDevelopSourceCodeAccess
LogPluginManager: Mounting plugin NullSourceCodeAccess
LogPluginManager: Mounting plugin PerforceSourceControl
LogPluginManager: Mounting plugin SubversionSourceControl
LogPluginManager: Mounting plugin UObjectPlugin
LogPluginManager: Mounting plugin VisualStudioCodeSourceCodeAccess
LogPluginManager: Mounting plugin VisualStudioSourceCodeAccess
LogPluginManager: Mounting plugin XCodeSourceCodeAccess
LogPluginManager: Mounting plugin AssetManagerEditor
LogPluginManager: Mounting plugin CryptoKeys
LogPluginManager: Mounting plugin DataValidation
LogPluginManager: Mounting plugin FacialAnimation
LogPluginManager: Mounting plugin GameplayTagsEditor
LogPluginManager: Mounting plugin MobileLauncherProfileWizard
LogPluginManager: Mounting plugin PluginBrowser
LogPluginManager: Mounting plugin SpeedTreeImporter
LogPluginManager: Mounting plugin DatasmithContent
LogPluginManager: Mounting plugin AlembicImporter
LogPluginManager: Mounting plugin CharacterAI
LogPluginManager: Mounting plugin HTML5Networking
LogPluginManager: Mounting plugin AndroidMedia
LogPluginManager: Mounting plugin AvfMedia
LogPluginManager: Mounting plugin ImgMedia
LogPluginManager: Mounting plugin LinearTimecode
LogPluginManager: Mounting plugin MediaCompositing
LogPluginManager: Mounting plugin MediaPlayerEditor
LogPluginManager: Mounting plugin WmfMedia
LogPluginManager: Mounting plugin TcpMessaging
LogPluginManager: Mounting plugin UdpMessaging
LogPluginManager: Mounting plugin ActorSequence
LogPluginManager: Mounting plugin LevelSequenceEditor
LogPluginManager: Mounting plugin MatineeToLevelSequence
LogPluginManager: Mounting plugin NetcodeUnitTest
LogPluginManager: Mounting plugin NUTUnrealEngine4
LogPluginManager: Mounting plugin OnlineSubsystemGooglePlay
LogPluginManager: Mounting plugin OnlineSubsystemIOS
LogPluginManager: Mounting plugin OnlineSubsystem
LogPluginManager: Mounting plugin OnlineSubsystemNull
LogPluginManager: Mounting plugin OnlineSubsystemSteam
LogPluginManager: Mounting plugin OnlineSubsystemUtils
LogPluginManager: Mounting plugin AndroidDeviceProfileSelector
LogPluginManager: Mounting plugin AndroidMoviePlayer
LogPluginManager: Mounting plugin AndroidPermission
LogPluginManager: Mounting plugin ApexDestruction
LogPluginManager: Mounting plugin AppleARKit
LogPluginManager: Mounting plugin AppleMoviePlayer
LogPluginManager: Mounting plugin ArchVisCharacter
LogPluginManager: Mounting plugin AudioCapture
LogPluginManager: Mounting plugin CableComponent
LogPluginManager: Mounting plugin CustomMeshComponent
LogPluginManager: Mounting plugin ExampleDeviceProfileSelector
LogPluginManager: Mounting plugin GoogleCloudMessaging
LogPluginManager: Mounting plugin ImmediatePhysics
LogPluginManager: Mounting plugin IOSDeviceProfileSelector
LogPluginManager: Mounting plugin LinuxDeviceProfileSelector
LogPluginManager: Mounting plugin LocationServicesBPLibrary
LogPluginManager: Mounting plugin MobilePatchingUtils
LogPluginManager: Mounting plugin OculusVR
LogPluginManager: Plugin shader directory ../../../Engine/Plugins/Runtime/Oculus/OculusVR/Shaders found
LogPluginManager: Mapping shader source directory ../../../Engine/Plugins/Runtime/Oculus/OculusVR/Shaders to virtual directory /Plugin/OculusVR
LogPluginManager: Mounting plugin PhysXVehicles
LogPluginManager: Mounting plugin ProceduralMeshComponent
LogPluginManager: Mounting plugin RuntimePhysXCooking
LogPluginManager: Mounting plugin SteamVR
LogPluginManager: Mounting plugin WindowsMoviePlayer
LogPluginManager: Mounting plugin VictoryBPLibrary
LogStreaming: Display: Took  0.720s to configure plugins.
LogInit: Using libcurl 7.47.1
LogInit:  - built for x86_64-pc-win32
LogInit:  - supports SSL with OpenSSL/1.0.2g
LogInit:  - supports HTTP deflate (compression) using libz 1.2.8
LogInit:  - other features:
LogInit:      CURL_VERSION_SSL
LogInit:      CURL_VERSION_LIBZ
LogInit:      CURL_VERSION_IPV6
LogInit:      CURL_VERSION_ASYNCHDNS
LogInit:      CURL_VERSION_LARGEFILE
LogInit:      CURL_VERSION_IDN
LogInit:  CurlRequestOptions (configurable via config and command line):
LogInit:  - bVerifyPeer = false  - Libcurl will NOT verify peer certificate
LogInit:  - bUseHttpProxy = false  - Libcurl will NOT use HTTP proxy
LogInit:  - bDontReuseConnections = false  - Libcurl will reuse connections
LogInit:  - CertBundlePath = nullptr  - Libcurl will use whatever was configured at build time.
LogInit:  - MaxHostConnections = 16  - Libcurl will limit the number of connections to a host
LogInit:  - LocalHostAddr = Default
LogOnline: Display: STEAM: Loading Steam SDK 1.39
LogWindows: Failed to load '../../../Engine/Binaries/ThirdParty/Steamworks/Steamv139/Win64/steamclient64.dll' (GetLastError=126)
LogWindows: File '../../../Engine/Binaries/ThirdParty/Steamworks/Steamv139/Win64/steamclient64.dll' does not exist
LogOnline: Warning: STEAM: Steam API disabled!
LogOnline: Display: STEAM: OnlineSubsystemSteam::Shutdown()
LogInit: WinSock: version 1.1 (2.2), MaxSocks=32767, MaxUdp=65467
LogInit: WinSock: I am DESKTOP-LI0N2FC (192.168.29.155:0)
LogInit: Build: ++UE4+Release-4.19-CL-4033788
LogInit: Engine Version: 4.19.2-4033788+++UE4+Release-4.19
LogInit: Compatible Engine Version: 4.19.0-3944462+++UE4+Release-4.19
LogInit: Net CL: 3944462
LogDevObjectVersion: Number of dev versions registered: 18
LogDevObjectVersion:   Dev-Blueprints (B0D832E4-1F89-4F0D-ACCF-7EB736FD4AA2): 10
LogDevObjectVersion:   Dev-Build (E1C64328-A22C-4D53-A36C-8E866417BD8C): 0
LogDevObjectVersion:   Dev-Core (375EC13C-06E4-48FB-B500-84F0262A717E): 2
LogDevObjectVersion:   Dev-Editor (E4B068ED-F494-42E9-A231-DA0B2E46BB41): 23
LogDevObjectVersion:   Dev-Framework (CFFC743F-43B0-4480-9391-14DF171D2073): 33
LogDevObjectVersion:   Dev-Mobile (B02B49B5-BB20-44E9-A304-32B752E40360): 2
LogDevObjectVersion:   Dev-Networking (A4E4105C-59A1-49B5-A7C5-40C4547EDFEE): 0
LogDevObjectVersion:   Dev-Online (39C831C9-5AE6-47DC-9A44-9C173E1C8E7C): 0
LogDevObjectVersion:   Dev-Physics (78F01B33-EBEA-4F98-B9B4-84EACCB95AA2): 0
LogDevObjectVersion:   Dev-Platform (6631380F-2D4D-43E0-8009-CF276956A95A): 0
LogDevObjectVersion:   Dev-Rendering (12F88B9F-8875-4AFC-A67C-D90C383ABD29): 25
LogDevObjectVersion:   Dev-Sequencer (7B5AE74C-D270-4C10-A958-57980B212A5A): 6
LogDevObjectVersion:   Dev-VR (D7296918-1DD6-4BDD-9DE2-64A83CC13884): 1
LogDevObjectVersion:   Dev-LoadTimes (C2A15278-BFE7-4AFE-6C17-90FF531DF755): 1
LogDevObjectVersion:   Private-Geometry (6EACA3D4-40EC-4CC1-B786-8BED09428FC5): 2
LogDevObjectVersion:   Dev-AnimPhys (29E575DD-E0A3-4627-9D10-D276232CDCEA): 16
LogDevObjectVersion:   Dev-ReflectionCapture (6B266CEC-1EC7-4B8F-A30B-E4D90942FC07): 1
LogDevObjectVersion:   Dev-Automation (0DF73D61-A23F-47EA-B727-89E90C41499A): 1
LogInit: Compiled (64-bit): Apr 27 2018 02:06:57
LogInit: Compiled with Visual C++: 19.00.24215.01
LogInit: Build Configuration: Development
LogInit: Branch Name: ++UE4+Release-4.19
LogInit: Command Line:  /Game/Maps/Arena01 -game -PIEVIACONSOLE -ResX=640 -ResY=480  -Multiprocess -messaging -SessionName="Play in Standalone Game" -port=17777 -windowed GameUserSettingsINI="G:/DarkActive/Unreal Projects/DarkCrystal/Saved/Config/Windows/PIEGameUserSettings0.ini" -MultiprocessSaveConfig  -MultiprocessOSS -server -log 
LogInit: Base Directory: G:/Epic Games/UE_4.19/Engine/Binaries/Win64/
LogInit: Installed Engine Build: 1
LogStreaming: Display: Took  0.007s to delete old logs.
LogInit: Presizing for max 8388607 objects, including 0 objects not considered by GC, pre-allocating 0 bytes for permanent pool.
LogInit: Object subsystem initialized
[2018.08.22-13.54.02:706][  0]LogInit: Selected Device Profile: [Windows]
[2018.08.22-13.54.02:706][  0]LogInit: Applying CVar settings loaded from the selected device profile: [Windows]
[2018.08.22-13.54.02:711][  0]LogInit: Computer: DESKTOP-LI0N2FC
[2018.08.22-13.54.02:712][  0]LogInit: User: Kappa
[2018.08.22-13.54.02:712][  0]LogInit: CPU Page size=4096, Cores=4
[2018.08.22-13.54.02:713][  0]LogInit: High frequency timer resolution =4.101571 MHz
[2018.08.22-13.54.02:713][  0]LogMemory: Memory total: Physical=31.9GB (32GB approx)
[2018.08.22-13.54.02:713][  0]LogMemory: Platform Memory Stats for Windows
[2018.08.22-13.54.02:714][  0]LogMemory: Process Physical Memory: 276.32 MB used, 276.32 MB peak
[2018.08.22-13.54.02:714][  0]LogMemory: Process Virtual Memory: 276.52 MB used, 276.52 MB peak
[2018.08.22-13.54.02:714][  0]LogMemory: Physical Memory: 14618.73 MB used,  18074.08 MB free, 32692.81 MB total
[2018.08.22-13.54.02:714][  0]LogMemory: Virtual Memory: 4801.96 MB used,  18074.08 MB free, 134217728.00 MB total
[2018.08.22-13.54.02:731][  0]LogInit: Using OS detected language (en-US).
[2018.08.22-13.54.02:731][  0]LogInit: Using OS detected locale (en-US).
[2018.08.22-13.54.02:733][  0]LogTextLocalizationManager: No localization for 'en-US' exists, so 'en' will be used for the language.
[2018.08.22-13.54.02:734][  0]LogTextLocalizationManager: No localization for 'en-US' exists, so 'en' will be used for the locale.
[2018.08.22-13.54.03:068][  0]LogStreaming: Display: Took  0.338s to EndInitTextLocalization.
[2018.08.22-13.54.03:081][  0]LogShaderCompilers: Guid format shader working directory is -7 characters bigger than the processId version (../../../../../DarkActive/Unreal Projects/DarkCrystal/Intermediate/Shaders/WorkingDirectory/1956/).
[2018.08.22-13.54.03:082][  0]LogShaderCompilers: Cleaned the shader compiler working directory 'C:/Users/Kappa/AppData/Local/Temp/UnrealShaderWorkingDir/4D75BA3E48B0A71975BDC39EA3978C69/'.
[2018.08.22-13.54.03:242][  0]LogTemp: Display: Loaded TP WindowsClientTargetPlatform
[2018.08.22-13.54.03:257][  0]LogTemp: Display: Loaded TP WindowsNoEditorTargetPlatform
[2018.08.22-13.54.03:271][  0]LogTemp: Display: Loaded TP WindowsServerTargetPlatform
[2018.08.22-13.54.03:284][  0]LogTemp: Display: Loaded TP WindowsTargetPlatform
[2018.08.22-13.54.03:284][  0]LogTargetPlatformManager: Display: Building Assets For Windows
[2018.08.22-13.54.03:364][  0]LogXGEController: Cannot use XGE Controller as Incredibuild is not installed on this machine.
[2018.08.22-13.54.03:364][  0]LogShaderCompilers: Cannot use XGE Shader Compiler as Incredibuild is not installed on this machine.
[2018.08.22-13.54.03:365][  0]LogShaderCompilers: Display: Using Local Shader Compiler.
[2018.08.22-13.54.03:745][  0]LogDerivedDataCache: Display: Max Cache Size: 512 MB
[2018.08.22-13.54.03:800][  0]LogDerivedDataCache: Loaded boot cache 0.05s 74MB C:/Users/Kappa/AppData/Local/UnrealEngine/4.19/DerivedDataCache/Boot.ddc.
[2018.08.22-13.54.03:800][  0]LogDerivedDataCache: Display: Loaded Boot cache: C:/Users/Kappa/AppData/Local/UnrealEngine/4.19/DerivedDataCache/Boot.ddc
[2018.08.22-13.54.03:801][  0]LogDerivedDataCache: FDerivedDataBackendGraph:  Pak pak cache file ../../../../../DarkActive/Unreal Projects/DarkCrystal/DerivedDataCache/DDC.ddp not found, will not use a pak cache.
[2018.08.22-13.54.03:802][  0]LogDerivedDataCache: Unable to find inner node Pak for hierarchical cache Hierarchy.
[2018.08.22-13.54.03:802][  0]LogDerivedDataCache: FDerivedDataBackendGraph:  CompressedPak pak cache file ../../../../../DarkActive/Unreal Projects/DarkCrystal/DerivedDataCache/Compressed.ddp not found, will not use a pak cache.
[2018.08.22-13.54.03:802][  0]LogDerivedDataCache: Unable to find inner node CompressedPak for hierarchical cache Hierarchy.
[2018.08.22-13.54.03:814][  0]LogDerivedDataCache: Display: Pak cache opened for reading ../../../Engine/DerivedDataCache/Compressed.ddp.
[2018.08.22-13.54.03:826][  0]LogDerivedDataCache: Using Local data cache path C:/Users/Kappa/AppData/Local/UnrealEngine/Common/DerivedDataCache: Writable
[2018.08.22-13.54.03:826][  0]LogDerivedDataCache: Shared data cache path not found in *engine.ini, will not use an Shared cache.
[2018.08.22-13.54.03:826][  0]LogDerivedDataCache: Unable to find inner node Shared for hierarchical cache Hierarchy.
[2018.08.22-13.54.03:856][  0]LogAssetRegistry: FAssetRegistry took 0.0035 seconds to start up
[2018.08.22-13.54.04:021][  0]LogPackageLocalizationCache: Processed 9 localized package path(s) for 1 prioritized culture(s) in 0.009510 seconds
[2018.08.22-13.54.04:102][  0]LogInit: Selected Device Profile: [Windows]
[2018.08.22-13.54.04:141][  0]LogSimplygon: Simplygon DLL not present - disabling.
[2018.08.22-13.54.04:143][  0]LogMeshReduction: Using SimplygonSwarm for distributed automatic mesh merging
[2018.08.22-13.54.04:143][  0]LogMeshReduction: Using QuadricMeshReduction for automatic static mesh reduction
[2018.08.22-13.54.04:143][  0]LogMeshReduction: No automatic skeletal mesh reduction module available
[2018.08.22-13.54.04:144][  0]LogMeshReduction: No automatic mesh merging module available
[2018.08.22-13.54.04:144][  0]LogMeshMerging: No automatic mesh merging module available
[2018.08.22-13.54.04:159][  0]LogNetVersion: DarkCrystal , NetCL: 3944462, EngineNetVer: 2, GameNetVer: 0 (Checksum: 1178499891)
[2018.08.22-13.54.04:490][  0]LogTcpMessaging: Initializing TcpMessaging bridge
[2018.08.22-13.54.04:512][  0]LogUdpMessaging: Initializing bridge on interface 0.0.0.0:0 to multicast group 230.0.0.1:6666.
[2018.08.22-13.54.04:607][  0]LogCollectionManager: Loaded 0 collections in 0.001006 seconds
[2018.08.22-13.54.04:643][  0]LogFileCache: Scanning file cache for directory 'G:/DarkActive/Unreal Projects/DarkCrystal/Saved/Collections/' took 0.01s
[2018.08.22-13.54.04:643][  0]LogFileCache: Scanning file cache for directory 'G:/DarkActive/Unreal Projects/DarkCrystal/Content/Developers/Kappa/Collections/' took 0.01s
[2018.08.22-13.54.04:644][  0]LogFileCache: Scanning file cache for directory 'G:/DarkActive/Unreal Projects/DarkCrystal/Content/Collections/' took 0.01s
[2018.08.22-13.54.04:644][  0]LogCollectionManager: Rebuilt the object cache for 0 collections in 0.000000 seconds (found 0 objects)
[2018.08.22-13.54.04:644][  0]LogCollectionManager: Fixed up redirectors for 0 collections in 0.001242 seconds (updated 0 objects)
[2018.08.22-13.54.04:764][  0]SourceControl: Source control is disabled
[2018.08.22-13.54.04:765][  0]SourceControl: Source control is disabled
[2018.08.22-13.54.04:776][  0]SourceControl: Source control is disabled
[2018.08.22-13.54.05:009][  0]LogAndroidPermission: UAndroidPermissionCallbackProxy::GetInstance
[2018.08.22-13.54.05:104][  0]LogOcInput: OculusInput pre-init called
[2018.08.22-13.54.05:132][  0]LogUObjectArray: 41286 objects as part of root set at end of initial load.
[2018.08.22-13.54.05:132][  0]LogUObjectAllocator: 8567600 out of 0 bytes used by permanent object pool.
[2018.08.22-13.54.05:132][  0]LogUObjectArray: CloseDisregardForGC: 0/0 objects in disregard for GC pool
[2018.08.22-13.54.05:162][  0]LogEngine: Initializing Engine...
[2018.08.22-13.54.05:163][  0]LogStats: UGameplayTagsManager::ConstructGameplayTagTree: Construct from data asset -  0.000 s
[2018.08.22-13.54.05:163][  0]LogStats: UGameplayTagsManager::ConstructGameplayTagTree: GameplayTagTreeChangedEvent.Broadcast -  0.000 s
[2018.08.22-13.54.05:183][  0]LogInit: Texture streaming: Disabled
[2018.08.22-13.54.05:222][  0]LogUObjectGlobals: Created PersistentFrame Addr=0x0000016fe8ef6c00, Size=624, Default__GameInfoInstance_C Function /Game/Blueprints/AllLevels/GameInfoInstance.GameInfoInstance_C:ExecuteUbergraph_GameInfoInstance
[2018.08.22-13.54.05:225][  0]LogUObjectGlobals: Created PersistentFrame Addr=0x0000016ff5821508, Size=40, Default__ErrorDialog_C Function /Game/UI/MainMenu/ErrorDialog.ErrorDialog_C:ExecuteUbergraph_ErrorDialog
[2018.08.22-13.54.05:231][  0]LogUObjectGlobals: Created PersistentFrame Addr=0x0000016fee6dbec0, Size=80, Default__HostMenu_C Function /Game/UI/MainMenu/HostMenu.HostMenu_C:ExecuteUbergraph_HostMenu
[2018.08.22-13.54.05:239][  0]LogUObjectGlobals: Created PersistentFrame Addr=0x0000016ff58215a8, Size=40, Default__MainMenu_C Function /Game/UI/MainMenu/MainMenu.MainMenu_C:ExecuteUbergraph_MainMenu
[2018.08.22-13.54.05:245][  0]LogUObjectGlobals: Created PersistentFrame Addr=0x0000016fee496be0, Size=104, Default__OptionsMenu_C Function /Game/UI/MainMenu/OptionsMenu.OptionsMenu_C:ExecuteUbergraph_OptionsMenu
[2018.08.22-13.54.05:264][  0]LogUObjectGlobals: Created PersistentFrame Addr=0x0000016fee46a200, Size=600, Default__ServerMenu_C Function /Game/UI/MainMenu/ServerMenu.ServerMenu_C:ExecuteUbergraph_ServerMenu
[2018.08.22-13.54.05:315][  0]LogUObjectGlobals: Destroyed PersistentFrame Addr=0x0000016fe8ef6c00, Size=624
[2018.08.22-13.54.05:316][  0]LogUObjectGlobals: Created PersistentFrame Addr=0x0000016ff0139a80, Size=624, Default__GameInfoInstance_C Function /Engine/Transient.REINST_GameInfoInstance_C_2:ExecuteUbergraph_GameInfoInstance
[2018.08.22-13.54.05:317][  0]LogUObjectGlobals: Destroyed PersistentFrame Addr=0x0000016ff5821508, Size=40
[2018.08.22-13.54.05:317][  0]LogUObjectGlobals: Created PersistentFrame Addr=0x0000016ff73ad6c0, Size=40, Default__ErrorDialog_C Function /Engine/Transient.REINST_ErrorDialog_C_0:ExecuteUbergraph_ErrorDialog
[2018.08.22-13.54.05:318][  0]LogUObjectGlobals: Destroyed PersistentFrame Addr=0x0000016fee6dbec0, Size=80
[2018.08.22-13.54.05:318][  0]LogUObjectGlobals: Created PersistentFrame Addr=0x0000016ff03aec00, Size=80, Default__HostMenu_C Function /Engine/Transient.REINST_HostMenu_C_1:ExecuteUbergraph_HostMenu
[2018.08.22-13.54.05:319][  0]LogUObjectGlobals: Destroyed PersistentFrame Addr=0x0000016ff58215a8, Size=40
[2018.08.22-13.54.05:319][  0]LogUObjectGlobals: Created PersistentFrame Addr=0x0000016ff73ad5d0, Size=40, Default__MainMenu_C Function /Engine/Transient.REINST_MainMenu_C_3:ExecuteUbergraph_MainMenu
[2018.08.22-13.54.05:320][  0]LogUObjectGlobals: Destroyed PersistentFrame Addr=0x0000016fee496be0, Size=104
[2018.08.22-13.54.05:320][  0]LogUObjectGlobals: Created PersistentFrame Addr=0x0000016ff03aada0, Size=104, Default__OptionsMenu_C Function /Engine/Transient.REINST_OptionsMenu_C_4:ExecuteUbergraph_OptionsMenu
[2018.08.22-13.54.05:321][  0]LogUObjectGlobals: Destroyed PersistentFrame Addr=0x0000016fee46a200, Size=600
[2018.08.22-13.54.05:321][  0]LogUObjectGlobals: Created PersistentFrame Addr=0x0000016ff0139080, Size=600, Default__ServerMenu_C Function /Engine/Transient.REINST_ServerMenu_C_5:ExecuteUbergraph_ServerMenu
[2018.08.22-13.54.05:352][  0]LogUObjectGlobals: Created PersistentFrame Addr=0x0000016ff08ea980, Size=624, Default__GameInfoInstance_C Function /Game/Blueprints/AllLevels/GameInfoInstance.GameInfoInstance_C:ExecuteUbergraph_GameInfoInstance
[2018.08.22-13.54.05:353][  0]LogUObjectGlobals: Created PersistentFrame Addr=0x0000016ff73add50, Size=40, Default__ErrorDialog_C Function /Game/UI/MainMenu/ErrorDialog.ErrorDialog_C:ExecuteUbergraph_ErrorDialog
[2018.08.22-13.54.05:356][  0]LogUObjectGlobals: Created PersistentFrame Addr=0x0000016ff08ad620, Size=80, Default__HostMenu_C Function /Game/UI/MainMenu/HostMenu.HostMenu_C:ExecuteUbergraph_HostMenu
[2018.08.22-13.54.05:357][  0]LogUObjectGlobals: Created PersistentFrame Addr=0x0000016ff73ae728, Size=40, Default__MainMenu_C Function /Game/UI/MainMenu/MainMenu.MainMenu_C:ExecuteUbergraph_MainMenu
[2018.08.22-13.54.05:359][  0]LogUObjectGlobals: Created PersistentFrame Addr=0x0000016ff083f970, Size=104, Default__OptionsMenu_C Function /Game/UI/MainMenu/OptionsMenu.OptionsMenu_C:ExecuteUbergraph_OptionsMenu
[2018.08.22-13.54.05:361][  0]LogUObjectGlobals: Created PersistentFrame Addr=0x0000016ff0847380, Size=592, Default__ServerMenu_C Function /Game/UI/MainMenu/ServerMenu.ServerMenu_C:ExecuteUbergraph_ServerMenu
[2018.08.22-13.54.05:382][  0]LogInit: Display: Game Engine Initialized.
[2018.08.22-13.54.05:382][  0]LogGameplayTags: Display: UGameplayTagsManager::DoneAddingNativeTags. DelegateIsBound: 0
[2018.08.22-13.54.05:383][  0]LogStats: UGameplayTagsManager::ConstructGameplayTagTree: Construct from data asset -  0.000 s
[2018.08.22-13.54.05:383][  0]LogStats: UGameplayTagsManager::ConstructGameplayTagTree: GameplayTagTreeChangedEvent.Broadcast -  0.000 s
[2018.08.22-13.54.05:442][  0]LogInit: Display: Starting Game.
[2018.08.22-13.54.05:443][  0]LogNet: Browse: /Game/Maps/Arena01?Name=Player
[2018.08.22-13.54.05:444][  0]LogLoad: LoadMap: /Game/Maps/Arena01?Name=Player
[2018.08.22-13.54.05:457][  0]LogUObjectGlobals: Destroyed PersistentFrame Addr=0x0000016ff0139a80, Size=624
[2018.08.22-13.54.05:457][  0]LogUObjectGlobals: Destroyed PersistentFrame Addr=0x0000016ff73ad6c0, Size=40
[2018.08.22-13.54.05:458][  0]LogUObjectGlobals: Destroyed PersistentFrame Addr=0x0000016ff03aec00, Size=80
[2018.08.22-13.54.05:458][  0]LogUObjectGlobals: Destroyed PersistentFrame Addr=0x0000016ff73ad5d0, Size=40
[2018.08.22-13.54.05:458][  0]LogUObjectGlobals: Destroyed PersistentFrame Addr=0x0000016ff03aada0, Size=104
[2018.08.22-13.54.05:458][  0]LogUObjectGlobals: Destroyed PersistentFrame Addr=0x0000016ff0139080, Size=600
[2018.08.22-13.54.05:496][  0]LogUObjectGlobals: Created PersistentFrame Addr=0x0000016ff08c2a00, Size=256, Default__GameplayGM_C Function /Game/Blueprints/Gameplay/GameplayGM.GameplayGM_C:ExecuteUbergraph_GameplayGM
[2018.08.22-13.54.05:505][  0]LogLinker: Can't find file '/Game/Blueprints/Characters/Female/Kachujin/Animations/Montages/AM_Roll'
[2018.08.22-13.54.05:505][  0]LogLinker: Can't find file '/Game/Blueprints/Characters/Female/Kachujin/Animations/Montages/AM_Roll'
[2018.08.22-13.54.05:507][  0]LogUObjectGlobals: Created PersistentFrame Addr=0x0000016ff0138e00, Size=600, Default__BP_BaseCharacter_C Function /Game/Characters/BP_BaseCharacter.BP_BaseCharacter_C:ExecuteUbergraph_BP_BaseCharacter
[2018.08.22-13.54.05:522][  0]LogUObjectGlobals: Created PersistentFrame Addr=0x0000016ff0504680, Size=32, Default__ABP_WoodenBow_C Function /Game/Blueprints/Items/Weapons/WoodenBow/ABP_WoodenBow.ABP_WoodenBow_C:ExecuteUbergraph_ABP_WoodenBow
[2018.08.22-13.54.05:528][  0]LogUObjectGlobals: Created PersistentFrame Addr=0x0000016ff04cebb0, Size=72, Default__BPC_MontageManager_C Function /Game/Blueprints/Components/BPC_MontageManager.BPC_MontageManager_C:ExecuteUbergraph_BPC_MontageManager
[2018.08.22-13.54.05:548][  0]LogUObjectGlobals: Created PersistentFrame Addr=0x0000016ff03b4b80, Size=2544, Default__GameplayPC_C Function /Game/Blueprints/Gameplay/GameplayPC.GameplayPC_C:ExecuteUbergraph_GameplayPC
[2018.08.22-13.54.05:551][  0]LogUObjectGlobals: Created PersistentFrame Addr=0x0000016ff04ec1c0, Size=96, Default__GameplayPS_C Function /Game/Blueprints/Gameplay/GameplayPS.GameplayPS_C:ExecuteUbergraph_GameplayPS
[2018.08.22-13.54.05:575][  0]LogUObjectGlobals: Created PersistentFrame Addr=0x0000016ff4aaa700, Size=320, Default__ChatWindow_C Function /Game/UI/AllLevels/ChatWindow.ChatWindow_C:ExecuteUbergraph_ChatWindow
[2018.08.22-13.54.05:578][  0]LogUObjectGlobals: Created PersistentFrame Addr=0x0000016fee090480, Size=888, Default__LobbyPC_C Function /Game/Blueprints/Lobby/LobbyPC.LobbyPC_C:ExecuteUbergraph_LobbyPC
[2018.08.22-13.54.05:580][  0]LogUObjectGlobals: Created PersistentFrame Addr=0x0000016ff4a7cd00, Size=752, Default__LobbyGM_C Function /Game/Blueprints/Lobby/LobbyGM.LobbyGM_C:ExecuteUbergraph_LobbyGM
[2018.08.22-13.54.05:584][  0]LogUObjectGlobals: Created PersistentFrame Addr=0x0000016ff4a84400, Size=600, Default__BP_MaleCharacter_C Function /Game/Characters/BP_BaseCharacter.BP_BaseCharacter_C:ExecuteUbergraph_BP_BaseCharacter
[2018.08.22-13.54.05:594][  0]LogUObjectGlobals: Created PersistentFrame Addr=0x0000016ff4a27600, Size=600, Default__BP_MaleCharacter_C Function /Game/Characters/BP_BaseCharacter.BP_BaseCharacter_C:ExecuteUbergraph_BP_BaseCharacter
[2018.08.22-13.54.05:607][  0]LogUObjectGlobals: Created PersistentFrame Addr=0x0000016ff46c4700, Size=336, Default__ABP_NewBerserker_C Function /Game/Characters/Berserker_S1/Blueprints/ABP_NewBerserker.ABP_NewBerserker_C:ExecuteUbergraph_ABP_NewBerserker
[2018.08.22-13.54.05:648][  0]LogUObjectGlobals: Created PersistentFrame Addr=0x0000016ff5269800, Size=600, Default__BP_FemaleCharacter_C Function /Game/Characters/BP_BaseCharacter.BP_BaseCharacter_C:ExecuteUbergraph_BP_BaseCharacter
[2018.08.22-13.54.05:651][  0]LogUObjectGlobals: Created PersistentFrame Addr=0x0000016ff4a15500, Size=128, Default__ABP_Kachujin_C Function /Game/Characters/Kachujin/ABP_Kachujin.ABP_Kachujin_C:ExecuteUbergraph_ABP_Kachujin
[2018.08.22-13.54.05:691][  0]LogUObjectGlobals: Created PersistentFrame Addr=0x0000016ff801cb80, Size=600, Default__Tusk_C Function /Game/Characters/BP_BaseCharacter.BP_BaseCharacter_C:ExecuteUbergraph_BP_BaseCharacter
[2018.08.22-13.54.05:694][  0]LogUObjectGlobals: Created PersistentFrame Addr=0x0000016ff56bb7c0, Size=64, Default__0_BaseAnimBP_C Function /Game/InfinityBladeWarriors/Animations/0_BaseAnimBP.0_BaseAnimBP_C:ExecuteUbergraph_0_BaseAnimBP
[2018.08.22-13.54.05:711][  0]LogUObjectGlobals: Created PersistentFrame Addr=0x0000016ff88b3880, Size=320, Default__LobbyMenu_C Function /Game/UI/Lobby/LobbyMenu.LobbyMenu_C:ExecuteUbergraph_LobbyMenu
[2018.08.22-13.54.05:714][  0]LogUObjectGlobals: Created PersistentFrame Addr=0x0000016ff88d8a40, Size=80, Default__CharacterSelect_C Function /Game/UI/Lobby/CharacterSelect.CharacterSelect_C:ExecuteUbergraph_CharacterSelect
[2018.08.22-13.54.05:725][  0]LogUObjectGlobals: Created PersistentFrame Addr=0x0000016ff88cb100, Size=192, Default__GameSettings_C Function /Game/UI/Lobby/GameSettings.GameSettings_C:ExecuteUbergraph_GameSettings
[2018.08.22-13.54.05:726][  0]LogUObjectGlobals: Created PersistentFrame Addr=0x0000016ff8075cc0, Size=32, Default__PlayerButton_C Function /Game/UI/Lobby/PlayerButton.PlayerButton_C:ExecuteUbergraph_PlayerButton
[2018.08.22-13.54.05:756][  0]LogUObjectGlobals: Created PersistentFrame Addr=0x0000016ff7b43780, Size=4, Default__ConnectedPlayer_C Function /Game/UI/Lobby/ConnectedPlayer.ConnectedPlayer_C:ExecuteUbergraph_ConnectedPlayer
[2018.08.22-13.54.05:868][  0]LogUObjectGlobals: Destroyed PersistentFrame Addr=0x0000016ff56bb7c0, Size=64
[2018.08.22-13.54.05:868][  0]LogUObjectGlobals: Created PersistentFrame Addr=0x0000016ffa4c7d80, Size=64, Default__0_BaseAnimBP_C Function /Engine/Transient.REINST_0_BaseAnimBP_C_0:ExecuteUbergraph_0_BaseAnimBP
[2018.08.22-13.54.05:872][  0]LogUObjectGlobals: Destroyed PersistentFrame Addr=0x0000016ff4a15500, Size=128
[2018.08.22-13.54.05:872][  0]LogUObjectGlobals: Created PersistentFrame Addr=0x0000016ff4a15500, Size=128, Default__ABP_Kachujin_C Function /Engine/Transient.REINST_ABP_Kachujin_C_1:ExecuteUbergraph_ABP_Kachujin
[2018.08.22-13.54.05:873][  0]LogUObjectGlobals: Destroyed PersistentFrame Addr=0x0000016ff46c4700, Size=336
[2018.08.22-13.54.05:873][  0]LogUObjectGlobals: Created PersistentFrame Addr=0x0000016ff8ce8580, Size=336, Default__ABP_NewBerserker_C Function /Engine/Transient.REINST_ABP_NewBerserker_C_2:ExecuteUbergraph_ABP_NewBerserker
[2018.08.22-13.54.05:874][  0]LogUObjectGlobals: Destroyed PersistentFrame Addr=0x0000016ff0504680, Size=32
[2018.08.22-13.54.05:874][  0]LogUObjectGlobals: Created PersistentFrame Addr=0x0000016ffa4de6a0, Size=32, Default__ABP_WoodenBow_C Function /Engine/Transient.REINST_ABP_WoodenBow_C_3:ExecuteUbergraph_ABP_WoodenBow
[2018.08.22-13.54.05:875][  0]LogUObjectGlobals: Destroyed PersistentFrame Addr=0x0000016ff04cebb0, Size=72
[2018.08.22-13.54.05:875][  0]LogUObjectGlobals: Created PersistentFrame Addr=0x0000016ff8099cb0, Size=72, Default__BPC_MontageManager_C Function /Engine/Transient.REINST_BPC_MontageManager_C_19:ExecuteUbergraph_BPC_MontageManager
[2018.08.22-13.54.05:877][  0]LogUObjectGlobals: Destroyed PersistentFrame Addr=0x0000016ff0138e00, Size=600
[2018.08.22-13.54.05:877][  0]LogUObjectGlobals: Created PersistentFrame Addr=0x0000016ffa493b00, Size=600, Default__BP_BaseCharacter_C Function /Engine/Transient.REINST_BP_BaseCharacter_C_23:ExecuteUbergraph_BP_BaseCharacter
[2018.08.22-13.54.05:878][  0]LogUObjectGlobals: Destroyed PersistentFrame Addr=0x0000016ff88d8a40, Size=80
[2018.08.22-13.54.05:880][  0]LogUObjectGlobals: Created PersistentFrame Addr=0x0000016ff80c0400, Size=80, Default__CharacterSelect_C Function /Engine/Transient.REINST_CharacterSelect_C_6:ExecuteUbergraph_CharacterSelect
[2018.08.22-13.54.05:880][  0]LogUObjectGlobals: Destroyed PersistentFrame Addr=0x0000016ff4aaa700, Size=320
[2018.08.22-13.54.05:880][  0]LogUObjectGlobals: Created PersistentFrame Addr=0x0000016ff9692e80, Size=320, Default__ChatWindow_C Function /Engine/Transient.REINST_ChatWindow_C_8:ExecuteUbergraph_ChatWindow
[2018.08.22-13.54.05:881][  0]LogUObjectGlobals: Destroyed PersistentFrame Addr=0x0000016ff7b43780, Size=4
[2018.08.22-13.54.05:881][  0]LogUObjectGlobals: Created PersistentFrame Addr=0x0000016ff90d05a0, Size=4, Default__ConnectedPlayer_C Function /Engine/Transient.REINST_ConnectedPlayer_C_9:ExecuteUbergraph_ConnectedPlayer
[2018.08.22-13.54.05:883][  0]LogUObjectGlobals: Destroyed PersistentFrame Addr=0x0000016ff03b4b80, Size=2544
[2018.08.22-13.54.05:883][  0]LogUObjectGlobals: Created PersistentFrame Addr=0x0000016ffa4a8100, Size=2544, Default__GameplayPC_C Function /Engine/Transient.REINST_GameplayPC_C_26:ExecuteUbergraph_GameplayPC
[2018.08.22-13.54.05:884][  0]LogUObjectGlobals: Destroyed PersistentFrame Addr=0x0000016ff04ec1c0, Size=96
[2018.08.22-13.54.05:884][  0]LogUObjectGlobals: Created PersistentFrame Addr=0x0000016ff9652800, Size=96, Default__GameplayPS_C Function /Engine/Transient.REINST_GameplayPS_C_27:ExecuteUbergraph_GameplayPS
[2018.08.22-13.54.05:885][  0]LogUObjectGlobals: Destroyed PersistentFrame Addr=0x0000016ff88cb100, Size=192
[2018.08.22-13.54.05:885][  0]LogUObjectGlobals: Created PersistentFrame Addr=0x0000016ffa46f940, Size=192, Default__GameSettings_C Function /Engine/Transient.REINST_GameSettings_C_11:ExecuteUbergraph_GameSettings
[2018.08.22-13.54.05:885][  0]LogUObjectGlobals: Destroyed PersistentFrame Addr=0x0000016ff88b3880, Size=320
[2018.08.22-13.54.05:885][  0]LogUObjectGlobals: Created PersistentFrame Addr=0x0000016ff9692480, Size=320, Default__LobbyMenu_C Function /Engine/Transient.REINST_LobbyMenu_C_12:ExecuteUbergraph_LobbyMenu
[2018.08.22-13.54.05:886][  0]LogUObjectGlobals: Destroyed PersistentFrame Addr=0x0000016fee090480, Size=888
[2018.08.22-13.54.05:886][  0]LogUObjectGlobals: Created PersistentFrame Addr=0x0000016ffa41c800, Size=888, Default__LobbyPC_C Function /Engine/Transient.REINST_LobbyPC_C_28:ExecuteUbergraph_LobbyPC
[2018.08.22-13.54.05:887][  0]LogUObjectGlobals: Destroyed PersistentFrame Addr=0x0000016ff8075cc0, Size=32
[2018.08.22-13.54.05:887][  0]LogUObjectGlobals: Created PersistentFrame Addr=0x0000016ffa4ddfe0, Size=32, Default__PlayerButton_C Function /Engine/Transient.REINST_PlayerButton_C_13:ExecuteUbergraph_PlayerButton
[2018.08.22-13.54.05:887][  0]LogUObjectGlobals: Destroyed PersistentFrame Addr=0x0000016ff5269800, Size=600
[2018.08.22-13.54.05:888][  0]LogUObjectGlobals: Created PersistentFrame Addr=0x0000016ffa493380, Size=600, Default__BP_FemaleCharacter_C Function /Engine/Transient.REINST_BP_BaseCharacter_C_23:ExecuteUbergraph_BP_BaseCharacter
[2018.08.22-13.54.05:890][  0]LogUObjectGlobals: Destroyed PersistentFrame Addr=0x0000016ff4a27600, Size=600
[2018.08.22-13.54.05:890][  0]LogUObjectGlobals: Created PersistentFrame Addr=0x0000016ffa493100, Size=600, Default__BP_MaleCharacter_C Function /Engine/Transient.REINST_BP_BaseCharacter_C_23:ExecuteUbergraph_BP_BaseCharacter
[2018.08.22-13.54.05:891][  0]LogUObjectGlobals: Destroyed PersistentFrame Addr=0x0000016ff08c2a00, Size=256
[2018.08.22-13.54.05:892][  0]LogUObjectGlobals: Created PersistentFrame Addr=0x0000016ffa45b800, Size=256, Default__GameplayGM_C Function /Engine/Transient.REINST_GameplayGM_C_32:ExecuteUbergraph_GameplayGM
[2018.08.22-13.54.05:893][  0]LogUObjectGlobals: Destroyed PersistentFrame Addr=0x0000016ff4a7cd00, Size=752
[2018.08.22-13.54.05:893][  0]LogUObjectGlobals: Created PersistentFrame Addr=0x0000016ffa411000, Size=752, Default__LobbyGM_C Function /Engine/Transient.REINST_LobbyGM_C_33:ExecuteUbergraph_LobbyGM
[2018.08.22-13.54.05:893][  0]LogUObjectGlobals: Destroyed PersistentFrame Addr=0x0000016ff801cb80, Size=600
[2018.08.22-13.54.05:893][  0]LogUObjectGlobals: Created PersistentFrame Addr=0x0000016ffa492e80, Size=600, Default__Tusk_C Function /Engine/Transient.REINST_BP_BaseCharacter_C_23:ExecuteUbergraph_BP_BaseCharacter
[2018.08.22-13.54.06:057][  0]LogUObjectGlobals: Created PersistentFrame Addr=0x0000016ffa79a2f0, Size=72, Default__0_BaseAnimBP_C Function /Game/InfinityBladeWarriors/Animations/0_BaseAnimBP.0_BaseAnimBP_C:ExecuteUbergraph_0_BaseAnimBP
[2018.08.22-13.54.06:059][  0]LogUObjectGlobals: Created PersistentFrame Addr=0x0000016ffa74e400, Size=128, Default__ABP_Kachujin_C Function /Game/Characters/Kachujin/ABP_Kachujin.ABP_Kachujin_C:ExecuteUbergraph_ABP_Kachujin
[2018.08.22-13.54.06:061][  0]LogUObjectGlobals: Created PersistentFrame Addr=0x0000016ffa756080, Size=328, Default__ABP_NewBerserker_C Function /Game/Characters/Berserker_S1/Blueprints/ABP_NewBerserker.ABP_NewBerserker_C:ExecuteUbergraph_ABP_NewBerserker
[2018.08.22-13.54.06:062][  0]LogUObjectGlobals: Created PersistentFrame Addr=0x0000016ff9ba4b58, Size=40, Default__ABP_WoodenBow_C Function /Game/Blueprints/Items/Weapons/WoodenBow/ABP_WoodenBow.ABP_WoodenBow_C:ExecuteUbergraph_ABP_WoodenBow
[2018.08.22-13.54.06:066][  0]LogUObjectGlobals: Created PersistentFrame Addr=0x0000016ffa6c1260, Size=72, Default__BPC_MontageManager_C Function /Game/Blueprints/Components/BPC_MontageManager.BPC_MontageManager_C:ExecuteUbergraph_BPC_MontageManager
[2018.08.22-13.54.06:072][  0]LogUObjectGlobals: Created PersistentFrame Addr=0x0000016ffa648900, Size=600, Default__BP_BaseCharacter_C Function /Game/Characters/BP_BaseCharacter.BP_BaseCharacter_C:ExecuteUbergraph_BP_BaseCharacter
[2018.08.22-13.54.06:075][  0]LogUObjectGlobals: Created PersistentFrame Addr=0x0000016ffa5b35b0, Size=80, Default__CharacterSelect_C Function /Game/UI/Lobby/CharacterSelect.CharacterSelect_C:ExecuteUbergraph_CharacterSelect
[2018.08.22-13.54.06:076][  0]LogUObjectGlobals: Created PersistentFrame Addr=0x0000016ffa6e2c00, Size=320, Default__ChatWindow_C Function /Game/UI/AllLevels/ChatWindow.ChatWindow_C:ExecuteUbergraph_ChatWindow
[2018.08.22-13.54.06:077][  0]LogUObjectGlobals: Created PersistentFrame Addr=0x0000016ff9c707f8, Size=4, Default__ConnectedPlayer_C Function /Game/UI/Lobby/ConnectedPlayer.ConnectedPlayer_C:ExecuteUbergraph_ConnectedPlayer
[2018.08.22-13.54.06:086][  0]LogUObjectGlobals: Created PersistentFrame Addr=0x0000016ffa5c4b80, Size=2544, Default__GameplayPC_C Function /Game/Blueprints/Gameplay/GameplayPC.GameplayPC_C:ExecuteUbergraph_GameplayPC
[2018.08.22-13.54.06:089][  0]LogUObjectGlobals: Created PersistentFrame Addr=0x0000016ffb4bef80, Size=96, Default__GameplayPS_C Function /Game/Blueprints/Gameplay/GameplayPS.GameplayPS_C:ExecuteUbergraph_GameplayPS
[2018.08.22-13.54.06:091][  0]LogUObjectGlobals: Created PersistentFrame Addr=0x0000016ffb474580, Size=192, Default__GameSettings_C Function /Game/UI/Lobby/GameSettings.GameSettings_C:ExecuteUbergraph_GameSettings
[2018.08.22-13.54.06:094][  0]LogUObjectGlobals: Created PersistentFrame Addr=0x0000016ffa6e2480, Size=320, Default__LobbyMenu_C Function /Game/UI/Lobby/LobbyMenu.LobbyMenu_C:ExecuteUbergraph_LobbyMenu
[2018.08.22-13.54.06:097][  0]LogUObjectGlobals: Created PersistentFrame Addr=0x0000016ffb409280, Size=880, Default__LobbyPC_C Function /Game/Blueprints/Lobby/LobbyPC.LobbyPC_C:ExecuteUbergraph_LobbyPC
[2018.08.22-13.54.06:098][  0]LogUObjectGlobals: Created PersistentFrame Addr=0x0000016ffb3aee40, Size=32, Default__PlayerButton_C Function /Game/UI/Lobby/PlayerButton.PlayerButton_C:ExecuteUbergraph_PlayerButton
[2018.08.22-13.54.06:099][  0]LogUObjectGlobals: Created PersistentFrame Addr=0x0000016ffb3aac00, Size=600, Default__BP_FemaleCharacter_C Function /Game/Characters/BP_BaseCharacter.BP_BaseCharacter_C:ExecuteUbergraph_BP_BaseCharacter
[2018.08.22-13.54.06:099][  0]LogUObjectGlobals: Created PersistentFrame Addr=0x0000016ffb3aa700, Size=600, Default__BP_MaleCharacter_C Function /Game/Characters/BP_BaseCharacter.BP_BaseCharacter_C:ExecuteUbergraph_BP_BaseCharacter
[2018.08.22-13.54.06:102][  0]LogUObjectGlobals: Created PersistentFrame Addr=0x0000016ffb36d600, Size=256, Default__GameplayGM_C Function /Game/Blueprints/Gameplay/GameplayGM.GameplayGM_C:ExecuteUbergraph_GameplayGM
[2018.08.22-13.54.06:105][  0]LogUObjectGlobals: Created PersistentFrame Addr=0x0000016ffb382400, Size=784, Default__LobbyGM_C Function /Game/Blueprints/Lobby/LobbyGM.LobbyGM_C:ExecuteUbergraph_LobbyGM
[2018.08.22-13.54.06:107][  0]LogUObjectGlobals: Created PersistentFrame Addr=0x0000016ffb3a8400, Size=600, Default__Tusk_C Function /Game/Characters/BP_BaseCharacter.BP_BaseCharacter_C:ExecuteUbergraph_BP_BaseCharacter
[2018.08.22-13.54.06:488][  0]LogSkeletalMesh: Skeletal Mesh found in DDC [0.384487ms] /Game/Blueprints/Items/Weapons/WoodenBow/SK_WoodenBow.SK_WoodenBow
[2018.08.22-13.54.06:489][  0]LogSkeletalMesh: Skeletal Mesh found in DDC [1.284386ms] /Game/Characters/Kachujin/SK_Kachujin.SK_Kachujin
[2018.08.22-13.54.06:542][  0]LogSkeletalMesh: Skeletal Mesh found in DDC [2.356658ms] /Game/Characters/Berserker_S1/Meshes/Combines/SK_Berserker.SK_Berserker
[2018.08.22-13.54.06:546][  0]LogSkeletalMesh: Skeletal Mesh found in DDC [0.414232ms] /Game/InfinityBladeWarriors/Character/CompleteCharacters/SK_CharM_Tusk.SK_CharM_Tusk
[2018.08.22-13.54.06:551][  0]LogSkeletalMesh: Skeletal Mesh found in DDC [0.173348ms] /Game/Blueprints/Items/Weapons/RelicSword/SK_RelicSword.SK_RelicSword
[2018.08.22-13.54.06:635][  0]LogAIModule: Creating AISystem for world Arena01
[2018.08.22-13.54.06:635][  0]LogLoad: Game class is 'GameplayGM_C'
[2018.08.22-13.54.06:637][  0]LogOnline: Warning: STEAM: Steam API disabled!
[2018.08.22-13.54.06:637][  0]LogOnline: Display: STEAM: OnlineSubsystemSteam::Shutdown()
[2018.08.22-13.54.06:637][  0]LogTemp: Display: ParseSettings for GameNetDriver
[2018.08.22-13.54.06:637][  0]LogTemp: Display: ParseSettings for IpNetDriver_0
[2018.08.22-13.54.06:637][  0]LogTemp: Display: ParseSettings for GameNetDriver
[2018.08.22-13.54.06:638][  0]LogInit: WinSock: Socket queue 131072 / 131072
[2018.08.22-13.54.06:638][  0]PacketHandlerLog: Loaded PacketHandler component: Engine.EngineHandlerComponentFactory (StatelessConnectHandlerComponent)
[2018.08.22-13.54.06:638][  0]LogNet: GameNetDriver IpNetDriver_0 IpNetDriver listening on port 17777
[2018.08.22-13.54.06:640][  0]LogWorld: Bringing World /Game/Maps/Arena01.Arena01 up for play (max tick rate 30) at 2018.08.22-06.54.06
[2018.08.22-13.54.06:640][  0]LogOnline: Warning: OSS: AutoLogin missing AUTH_LOGIN=<login id>.
[2018.08.22-13.54.06:641][  0]LogWorld: Bringing up level for play took: 0.001773
[2018.08.22-13.54.06:641][  0]LogGameMode: Display: Match State Changed from EnteringMap to WaitingToStart
[2018.08.22-13.54.06:641][  0]LogGameState: Match State Changed from EnteringMap to WaitingToStart
[2018.08.22-13.54.06:641][  0]LogLoad: Took 1.197398 seconds to LoadMap(/Game/Maps/Arena01)
[2018.08.22-13.54.06:654][  0]LogLoad: (Engine Initialization) Total time: 5.70 seconds
[2018.08.22-13.54.06:655][  0]LogLoad: (Engine Initialization) Total Blueprint compile time: 0.00 seconds
[2018.08.22-13.54.06:691][  0]LogNet: NotifyAcceptingConnection accepted from: 127.0.0.1:56072
[2018.08.22-13.54.06:692][  0]LogHandshake: SendConnectChallenge. Timestamp: 0.033716, Cookie: 202027138046040056051110154047047170091212124034140087227167
[2018.08.22-13.54.06:723][  1]LogNet: NotifyAcceptingConnection accepted from: 127.0.0.1:56072
[2018.08.22-13.54.06:723][  1]LogHandshake: SendChallengeAck. InCookie: 202027138046040056051110154047047170091212124034140087227167
[2018.08.22-13.54.06:724][  1]LogNet: Server accepting post-challenge connection from: 127.0.0.1:56072
[2018.08.22-13.54.06:724][  1]PacketHandlerLog: Loaded PacketHandler component: Engine.EngineHandlerComponentFactory (StatelessConnectHandlerComponent)
[2018.08.22-13.54.06:724][  1]LogNet: NotifyAcceptedConnection: Name: Arena01, TimeStamp: 08/22/18 06:54:06, [UNetConnection] RemoteAddr: 127.0.0.1:56072, Name: IpConnection_0, Driver: GameNetDriver IpNetDriver_0, IsServer: YES, PC: NULL, Owner: NULL, UniqueId: INVALID
[2018.08.22-13.54.06:724][  1]LogNet: AddClientConnection: Added client connection: [UNetConnection] RemoteAddr: 127.0.0.1:56072, Name: IpConnection_0, Driver: GameNetDriver IpNetDriver_0, IsServer: YES, PC: NULL, Owner: NULL, UniqueId: INVALID
[2018.08.22-13.54.06:757][  2]LogNet: NotifyAcceptingChannel Control 0 server World /Game/Maps/Arena01.Arena01: Accepted
[2018.08.22-13.54.06:757][  2]LogNet: Remote platform little endian=1
[2018.08.22-13.54.06:758][  2]LogNet: This platform little endian=1
[2018.08.22-13.54.06:758][  2]LogNetVersion: DarkCrystal 1.0.0.0, NetCL: 3944462, EngineNetVer: 2, GameNetVer: 0 (Checksum: 162565633)
[2018.08.22-13.54.06:790][  3]LogNet: Login request: /Game/Maps/MainMenu?Name=DESKTOP-LI0N2FC-EF4CB211490C4CD62CAB15B908F7E2B5 userId: DESKTOP-LI0N2FC-EF4CB211490C4CD62CAB15B908F7E2B5
[2018.08.22-13.54.06:823][  4]LogNet: Client netspeed is 10000
[2018.08.22-13.54.07:619][ 28]LogNet: NotifyAcceptingConnection accepted from: 127.0.0.1:56071
[2018.08.22-13.54.07:619][ 28]LogHandshake: SendConnectChallenge. Timestamp: 0.962814, Cookie: 010082181082228132204202185205060073036068212188136093079242
[2018.08.22-13.54.07:652][ 29]LogNet: NotifyAcceptingConnection accepted from: 127.0.0.1:56071
[2018.08.22-13.54.07:652][ 29]LogHandshake: SendChallengeAck. InCookie: 010082181082228132204202185205060073036068212188136093079242
[2018.08.22-13.54.07:653][ 29]LogNet: Server accepting post-challenge connection from: 127.0.0.1:56071
[2018.08.22-13.54.07:653][ 29]PacketHandlerLog: Loaded PacketHandler component: Engine.EngineHandlerComponentFactory (StatelessConnectHandlerComponent)
[2018.08.22-13.54.07:653][ 29]LogNet: NotifyAcceptedConnection: Name: Arena01, TimeStamp: 08/22/18 06:54:07, [UNetConnection] RemoteAddr: 127.0.0.1:56071, Name: IpConnection_1, Driver: GameNetDriver IpNetDriver_0, IsServer: YES, PC: NULL, Owner: NULL, UniqueId: INVALID
[2018.08.22-13.54.07:654][ 29]LogNet: AddClientConnection: Added client connection: [UNetConnection] RemoteAddr: 127.0.0.1:56071, Name: IpConnection_1, Driver: GameNetDriver IpNetDriver_0, IsServer: YES, PC: NULL, Owner: NULL, UniqueId: INVALID
[2018.08.22-13.54.07:685][ 30]LogNet: NotifyAcceptingChannel Control 0 server World /Game/Maps/Arena01.Arena01: Accepted
[2018.08.22-13.54.07:685][ 30]LogNet: Remote platform little endian=1
[2018.08.22-13.54.07:686][ 30]LogNet: This platform little endian=1
[2018.08.22-13.54.07:719][ 31]LogNet: Login request: /Game/Maps/MainMenu?Name=DESKTOP-LI0N2FC-B18A1DD6420A4E1213BA6E978B5E13A6 userId: DESKTOP-LI0N2FC-B18A1DD6420A4E1213BA6E978B5E13A6
[2018.08.22-13.54.07:752][ 32]LogNet: Client netspeed is 10000
[2018.08.22-13.54.07:951][ 38]LogNet: Join request: /Game/Maps/MainMenu?Name=DESKTOP-LI0N2FC-EF4CB211490C4CD62CAB15B908F7E2B5?SplitscreenCount=1
[2018.08.22-13.54.07:951][ 38]LogOnline: Warning: OSS: No game present to join for session (GameSession)
[2018.08.22-13.54.07:953][ 38]LogGameMode: Display: Match State Changed from WaitingToStart to InProgress
[2018.08.22-13.54.07:957][ 38]LogGameState: Match State Changed from WaitingToStart to InProgress
[2018.08.22-13.54.07:957][ 38]LogNet: Join succeeded: DESKTOP-LI0N2FC-EF4C
[2018.08.22-13.54.08:083][ 42]LogNetPackageMap: Warning: SanityCheckExport: CacheObject == NULL. NetGUID: 1, Object: /Game/Mannequin/Character/Textures/UE4_LOGO_CARD.UE4_LOGO_CARD, Expected: T_Ceramic_Tile_M
[2018.08.22-13.54.08:084][ 42]LogNetPackageMap: Warning: SanityCheckExport: Name mismatch. NetGUID: 1, Object: /Game/Mannequin/Character/Textures/UE4_LOGO_CARD.UE4_LOGO_CARD, Expected: T_Ceramic_Tile_M
[2018.08.22-13.54.08:085][ 42]LogNetPackageMap: Warning: SanityCheckExport: Outer mismatch. Object: /Game/Mannequin/Character/Textures/UE4_LOGO_CARD.UE4_LOGO_CARD, NetGUID: 1, Current: /Game/Mannequin/Character/Textures/UE4_LOGO_CARD, Expected: /Game/StarterContent/Textures/T_Ceramic_Tile_M
[2018.08.22-13.54.08:089][ 42]LogBlueprintUserMessages: [GameplayGM_C_0] 0
[2018.08.22-13.54.08:449][ 53]LogBlueprintUserMessages: [GameplayPC_C_0] Controller ID-0 selected weapon slot: Null Hand: false
[2018.08.22-13.54.08:516][ 55]LogBlueprintUserMessages: [GameplayPC_C_0] Reset Jump controller id: 0
[2018.08.22-13.54.08:947][ 68]LogNet: Join request: /Game/Maps/MainMenu?Name=DESKTOP-LI0N2FC-B18A1DD6420A4E1213BA6E978B5E13A6?SplitscreenCount=1
[2018.08.22-13.54.08:947][ 68]LogOnline: Warning: OSS: No game present to join for session (GameSession)
[2018.08.22-13.54.08:951][ 68]LogNet: Join succeeded: DESKTOP-LI0N2FC-B18A
[2018.08.22-13.54.08:980][ 69]LogBlueprintUserMessages: [GameplayPC_C_0] Controller ID-0 selected weapon slot: Null Hand: false
[2018.08.22-13.54.09:080][ 72]LogBlueprintUserMessages: [BP_MaleCharacter_C_1] ABP: 
[2018.08.22-13.54.09:113][ 73]LogNetPackageMap: Warning: SanityCheckExport: CacheObject == NULL. NetGUID: 1, Object: /Game/Mannequin/Character/Textures/UE4_LOGO_CARD.UE4_LOGO_CARD, Expected: T_Ceramic_Tile_M
[2018.08.22-13.54.09:114][ 73]LogNetPackageMap: Warning: SanityCheckExport: Name mismatch. NetGUID: 1, Object: /Game/Mannequin/Character/Textures/UE4_LOGO_CARD.UE4_LOGO_CARD, Expected: T_Ceramic_Tile_M
[2018.08.22-13.54.09:114][ 73]LogNetPackageMap: Warning: SanityCheckExport: Outer mismatch. Object: /Game/Mannequin/Character/Textures/UE4_LOGO_CARD.UE4_LOGO_CARD, NetGUID: 1, Current: /Game/Mannequin/Character/Textures/UE4_LOGO_CARD, Expected: /Game/StarterContent/Textures/T_Ceramic_Tile_M
[2018.08.22-13.54.09:118][ 73]LogBlueprintUserMessages: [GameplayGM_C_0] 1
[2018.08.22-13.54.09:414][ 82]LogBlueprintUserMessages: [GameplayPC_C_1] Controller ID-1 selected weapon slot: Null Hand: false
[2018.08.22-13.54.09:481][ 84]LogBlueprintUserMessages: [GameplayPC_C_0] Controller ID-0 selected weapon slot: Null Hand: false
[2018.08.22-13.54.09:548][ 86]LogBlueprintUserMessages: [GameplayPC_C_1] Reset Jump controller id: 1
[2018.08.22-13.54.09:915][ 97]LogBlueprintUserMessages: [GameplayPC_C_1] Controller ID-1 selected weapon slot: Null Hand: false
[2018.08.22-13.54.09:981][ 99]LogBlueprintUserMessages: [GameplayPC_C_0] Controller ID-0 selected weapon slot: Null Hand: false
[2018.08.22-13.54.10:112][103]LogBlueprintUserMessages: [BP_MaleCharacter_C_1] ABP: 
[2018.08.22-13.54.10:112][103]LogBlueprintUserMessages: [BP_MaleCharacter_C_3] ABP: 
[2018.08.22-13.54.10:443][113]LogBlueprintUserMessages: [GameplayPC_C_1] Controller ID-1 selected weapon slot: Null Hand: false
[2018.08.22-13.54.10:509][115]LogBlueprintUserMessages: [GameplayPC_C_0] Controller ID-0 selected weapon slot: Null Hand: false
[2018.08.22-13.54.10:972][129]LogBlueprintUserMessages: [GameplayPC_C_1] Controller ID-1 selected weapon slot: Null Hand: false
[2018.08.22-13.54.11:039][131]LogBlueprintUserMessages: [GameplayPC_C_0] Controller ID-0 selected weapon slot: Null Hand: false
[2018.08.22-13.54.11:138][134]LogBlueprintUserMessages: [BP_MaleCharacter_C_1] ABP: 
[2018.08.22-13.54.11:138][134]LogBlueprintUserMessages: [BP_MaleCharacter_C_3] ABP: 
[2018.08.22-13.54.11:501][145]LogBlueprintUserMessages: [GameplayPC_C_1] Controller ID-1 selected weapon slot: Null Hand: false
[2018.08.22-13.54.11:568][147]LogBlueprintUserMessages: [GameplayPC_C_0] Controller ID-0 selected weapon slot: Null Hand: false
[2018.08.22-13.54.12:033][161]LogBlueprintUserMessages: [GameplayPC_C_1] Controller ID-1 selected weapon slot: WeaponSlot1 Hand: false
[2018.08.22-13.54.12:099][163]LogBlueprintUserMessages: [GameplayPC_C_0] Controller ID-0 selected weapon slot: Null Hand: false
[2018.08.22-13.54.12:165][165]LogBlueprintUserMessages: [BP_MaleCharacter_C_1] ABP: 
[2018.08.22-13.54.12:165][165]LogBlueprintUserMessages: [BP_MaleCharacter_C_3] ABP: ABP_WoodenBow_C
[2018.08.22-13.54.12:199][166]LogBlueprintUserMessages: [GameplayPC_C_1] state start Interaction
[2018.08.22-13.54.12:199][166]LogBlueprintUserMessages: [GameplayPC_C_1] state end Idle
[2018.08.22-13.54.12:563][177]LogBlueprintUserMessages: [GameplayPC_C_1] Controller ID-1 selected weapon slot: WeaponSlot1 Hand: true
[2018.08.22-13.54.12:631][179]LogBlueprintUserMessages: [GameplayPC_C_0] Controller ID-0 selected weapon slot: Null Hand: false
[2018.08.22-13.54.13:065][192]LogBlueprintUserMessages: [GameplayPC_C_1] Controller ID-1 selected weapon slot: WeaponSlot1 Hand: true
[2018.08.22-13.54.13:132][194]LogBlueprintUserMessages: [GameplayPC_C_0] Controller ID-0 selected weapon slot: Null Hand: false
[2018.08.22-13.54.13:165][195]LogBlueprintUserMessages: [BP_MaleCharacter_C_1] ABP: 
[2018.08.22-13.54.13:165][195]LogBlueprintUserMessages: [BP_MaleCharacter_C_3] ABP: ABP_WoodenBow_C
[2018.08.22-13.54.13:595][208]LogBlueprintUserMessages: [GameplayPC_C_1] Controller ID-1 selected weapon slot: WeaponSlot1 Hand: true
[2018.08.22-13.54.13:661][210]LogBlueprintUserMessages: [GameplayPC_C_0] Controller ID-0 selected weapon slot: Null Hand: false
[2018.08.22-13.54.14:125][224]LogBlueprintUserMessages: [GameplayPC_C_1] Controller ID-1 selected weapon slot: WeaponSlot1 Hand: false
[2018.08.22-13.54.14:159][225]LogBlueprintUserMessages: [GameplayPC_C_1] state start Interaction
[2018.08.22-13.54.14:159][225]LogBlueprintUserMessages: [GameplayPC_C_1] state end Idle
[2018.08.22-13.54.14:193][226]LogBlueprintUserMessages: [GameplayPC_C_0] Controller ID-0 selected weapon slot: Null Hand: false
[2018.08.22-13.54.14:193][226]LogBlueprintUserMessages: [BP_MaleCharacter_C_1] ABP: 
[2018.08.22-13.54.14:194][226]LogBlueprintUserMessages: [BP_MaleCharacter_C_3] ABP: ABP_WoodenBow_C
[2018.08.22-13.54.14:657][240]LogBlueprintUserMessages: [GameplayPC_C_1] Controller ID-1 selected weapon slot: WeaponSlot1 Hand: false
[2018.08.22-13.54.14:724][242]LogBlueprintUserMessages: [GameplayPC_C_0] Controller ID-0 selected weapon slot: Null Hand: false
[2018.08.22-13.54.15:189][256]LogBlueprintUserMessages: [GameplayPC_C_1] Controller ID-1 selected weapon slot: WeaponSlot1 Hand: false
[2018.08.22-13.54.15:223][257]LogBlueprintUserMessages: [BP_MaleCharacter_C_1] ABP: 
[2018.08.22-13.54.15:223][257]LogBlueprintUserMessages: [BP_MaleCharacter_C_3] ABP: ABP_WoodenBow_C
[2018.08.22-13.54.15:257][258]LogBlueprintUserMessages: [GameplayPC_C_0] Controller ID-0 selected weapon slot: Null Hand: false
[2018.08.22-13.54.15:457][264]LogBlueprintUserMessages: [GameplayPC_C_1] state start Interaction
[2018.08.22-13.54.15:457][264]LogBlueprintUserMessages: [GameplayPC_C_1] state end Idle
[2018.08.22-13.54.15:721][272]LogBlueprintUserMessages: [GameplayPC_C_1] Controller ID-1 selected weapon slot: WeaponSlot1 Hand: true
[2018.08.22-13.54.15:787][274]LogBlueprintUserMessages: [GameplayPC_C_0] Controller ID-0 selected weapon slot: Null Hand: false
[2018.08.22-13.54.16:223][287]LogBlueprintUserMessages: [GameplayPC_C_1] Controller ID-1 selected weapon slot: WeaponSlot1 Hand: true
[2018.08.22-13.54.16:257][288]LogBlueprintUserMessages: [BP_MaleCharacter_C_1] ABP: 
[2018.08.22-13.54.16:257][288]LogBlueprintUserMessages: [BP_MaleCharacter_C_3] ABP: ABP_WoodenBow_C
[2018.08.22-13.54.16:291][289]LogBlueprintUserMessages: [GameplayPC_C_0] Controller ID-0 selected weapon slot: Null Hand: false
[2018.08.22-13.54.16:723][302]LogBlueprintUserMessages: [GameplayPC_C_1] Controller ID-1 selected weapon slot: WeaponSlot1 Hand: true
[2018.08.22-13.54.16:791][304]LogBlueprintUserMessages: [GameplayPC_C_0] Controller ID-0 selected weapon slot: Null Hand: false
[2018.08.22-13.54.17:258][318]LogBlueprintUserMessages: [GameplayPC_C_1] Controller ID-1 selected weapon slot: WeaponSlot1 Hand: true
[2018.08.22-13.54.17:260][318]LogBlueprintUserMessages: [BP_MaleCharacter_C_1] ABP: 
[2018.08.22-13.54.17:269][318]LogBlueprintUserMessages: [BP_MaleCharacter_C_3] ABP: ABP_WoodenBow_C
[2018.08.22-13.54.17:324][320]LogBlueprintUserMessages: [GameplayPC_C_0] Controller ID-0 selected weapon slot: Null Hand: false
[2018.08.22-13.54.17:760][333]LogBlueprintUserMessages: [GameplayPC_C_1] Controller ID-1 selected weapon slot: WeaponSlot1 Hand: true
[2018.08.22-13.54.17:828][335]LogBlueprintUserMessages: [GameplayPC_C_0] Controller ID-0 selected weapon slot: Null Hand: false
[2018.08.22-13.54.18:259][348]LogBlueprintUserMessages: [BP_MaleCharacter_C_1] ABP: 
[2018.08.22-13.54.18:259][348]LogBlueprintUserMessages: [BP_MaleCharacter_C_3] ABP: ABP_WoodenBow_C
[2018.08.22-13.54.18:293][349]LogBlueprintUserMessages: [GameplayPC_C_1] Controller ID-1 selected weapon slot: WeaponSlot1 Hand: true
[2018.08.22-13.54.18:361][351]LogBlueprintUserMessages: [GameplayPC_C_0] Controller ID-0 selected weapon slot: Null Hand: false
[2018.08.22-13.54.18:793][364]LogBlueprintUserMessages: [GameplayPC_C_1] Controller ID-1 selected weapon slot: WeaponSlot1 Hand: true
[2018.08.22-13.54.18:861][366]LogBlueprintUserMessages: [GameplayPC_C_0] Controller ID-0 selected weapon slot: Null Hand: false
[2018.08.22-13.54.19:292][379]LogBlueprintUserMessages: [BP_MaleCharacter_C_1] ABP: 
[2018.08.22-13.54.19:292][379]LogBlueprintUserMessages: [BP_MaleCharacter_C_3] ABP: ABP_WoodenBow_C
[2018.08.22-13.54.19:326][380]LogBlueprintUserMessages: [GameplayPC_C_1] Controller ID-1 selected weapon slot: WeaponSlot1 Hand: true
[2018.08.22-13.54.19:393][382]LogBlueprintUserMessages: [GameplayPC_C_0] Controller ID-0 selected weapon slot: Null Hand: false
[2018.08.22-13.54.19:860][396]LogBlueprintUserMessages: [GameplayPC_C_1] Controller ID-1 selected weapon slot: WeaponSlot1 Hand: true
[2018.08.22-13.54.19:861][396]LogBlueprintUserMessages: [GameplayPC_C_1] Reset Jump controller id: 1
[2018.08.22-13.54.19:926][398]LogBlueprintUserMessages: [GameplayPC_C_0] Controller ID-0 selected weapon slot: Null Hand: false
[2018.08.22-13.54.20:293][409]LogBlueprintUserMessages: [BP_MaleCharacter_C_1] ABP: 
[2018.08.22-13.54.20:293][409]LogBlueprintUserMessages: [BP_MaleCharacter_C_3] ABP: ABP_WoodenBow_C
[2018.08.22-13.54.20:360][411]LogBlueprintUserMessages: [GameplayPC_C_1] Controller ID-1 selected weapon slot: WeaponSlot1 Hand: true
[2018.08.22-13.54.20:427][413]LogBlueprintUserMessages: [GameplayPC_C_0] Controller ID-0 selected weapon slot: Null Hand: false
[2018.08.22-13.54.20:893][427]LogBlueprintUserMessages: [GameplayPC_C_1] Controller ID-1 selected weapon slot: WeaponSlot1 Hand: true
[2018.08.22-13.54.20:927][428]LogBlueprintUserMessages: [GameplayPC_C_0] Controller ID-0 selected weapon slot: Null Hand: false
[2018.08.22-13.54.21:294][439]LogBlueprintUserMessages: [BP_MaleCharacter_C_1] ABP: 
[2018.08.22-13.54.21:294][439]LogBlueprintUserMessages: [BP_MaleCharacter_C_3] ABP: ABP_WoodenBow_C
[2018.08.22-13.54.21:395][442]LogBlueprintUserMessages: [GameplayPC_C_1] Controller ID-1 selected weapon slot: WeaponSlot1 Hand: true
[2018.08.22-13.54.21:429][443]LogBlueprintUserMessages: [GameplayPC_C_0] Controller ID-0 selected weapon slot: Null Hand: false
[2018.08.22-13.54.21:531][446]LogBlueprintUserMessages: [GameplayPC_C_1] Reset Jump controller id: 1
[2018.08.22-13.54.21:896][457]LogBlueprintUserMessages: [GameplayPC_C_1] Controller ID-1 selected weapon slot: WeaponSlot1 Hand: true
[2018.08.22-13.54.21:929][458]LogBlueprintUserMessages: [GameplayPC_C_0] Controller ID-0 selected weapon slot: Null Hand: false
[2018.08.22-13.54.22:327][470]LogBlueprintUserMessages: [BP_MaleCharacter_C_1] ABP: 
[2018.08.22-13.54.22:327][470]LogBlueprintUserMessages: [BP_MaleCharacter_C_3] ABP: ABP_WoodenBow_C
[2018.08.22-13.54.22:426][473]LogBlueprintUserMessages: [GameplayPC_C_1] Controller ID-1 selected weapon slot: WeaponSlot1 Hand: true
[2018.08.22-13.54.22:460][474]LogBlueprintUserMessages: [GameplayPC_C_0] Controller ID-0 selected weapon slot: Null Hand: false
[2018.08.22-13.54.22:956][489]LogBlueprintUserMessages: [GameplayPC_C_1] Controller ID-1 selected weapon slot: WeaponSlot1 Hand: true
[2018.08.22-13.54.22:990][490]LogBlueprintUserMessages: [GameplayPC_C_0] Controller ID-0 selected weapon slot: Null Hand: false
[2018.08.22-13.54.23:090][493]LogBlueprintUserMessages: [GameplayPC_C_1] Reset Jump controller id: 1
[2018.08.22-13.54.23:356][501]LogBlueprintUserMessages: [BP_MaleCharacter_C_1] ABP: 
[2018.08.22-13.54.23:356][501]LogBlueprintUserMessages: [BP_MaleCharacter_C_3] ABP: ABP_WoodenBow_C
[2018.08.22-13.54.23:458][504]LogBlueprintUserMessages: [GameplayPC_C_1] Controller ID-1 selected weapon slot: WeaponSlot1 Hand: true
[2018.08.22-13.54.23:491][505]LogBlueprintUserMessages: [GameplayPC_C_0] Controller ID-0 selected weapon slot: Null Hand: false
[2018.08.22-13.54.23:957][519]LogBlueprintUserMessages: [GameplayPC_C_1] Controller ID-1 selected weapon slot: WeaponSlot1 Hand: true
[2018.08.22-13.54.23:991][520]LogBlueprintUserMessages: [GameplayPC_C_0] Controller ID-0 selected weapon slot: Null Hand: false
[2018.08.22-13.54.24:356][531]LogBlueprintUserMessages: [BP_MaleCharacter_C_1] ABP: 
[2018.08.22-13.54.24:356][531]LogBlueprintUserMessages: [BP_MaleCharacter_C_3] ABP: ABP_WoodenBow_C
[2018.08.22-13.54.24:489][535]LogBlueprintUserMessages: [GameplayPC_C_1] Controller ID-1 selected weapon slot: WeaponSlot1 Hand: true
[2018.08.22-13.54.24:523][536]LogBlueprintUserMessages: [GameplayPC_C_0] Controller ID-0 selected weapon slot: Null Hand: false
[2018.08.22-13.54.25:020][551]LogBlueprintUserMessages: [GameplayPC_C_1] Controller ID-1 selected weapon slot: WeaponSlot1 Hand: true
[2018.08.22-13.54.25:053][552]LogBlueprintUserMessages: [GameplayPC_C_0] Controller ID-0 selected weapon slot: Null Hand: false
[2018.08.22-13.54.25:386][562]LogBlueprintUserMessages: [BP_MaleCharacter_C_1] ABP: 
[2018.08.22-13.54.25:386][562]LogBlueprintUserMessages: [BP_MaleCharacter_C_3] ABP: ABP_WoodenBow_C
[2018.08.22-13.54.25:553][567]LogBlueprintUserMessages: [GameplayPC_C_1] Controller ID-1 selected weapon slot: WeaponSlot1 Hand: true
[2018.08.22-13.54.25:586][568]LogBlueprintUserMessages: [GameplayPC_C_0] Controller ID-0 selected weapon slot: Null Hand: false
[2018.08.22-13.54.26:086][583]LogBlueprintUserMessages: [GameplayPC_C_0] Controller ID-0 selected weapon slot: Null Hand: false
[2018.08.22-13.54.26:086][583]LogBlueprintUserMessages: [GameplayPC_C_1] Controller ID-1 selected weapon slot: WeaponSlot1 Hand: true
[2018.08.22-13.54.26:419][593]LogBlueprintUserMessages: [BP_MaleCharacter_C_1] ABP: 
[2018.08.22-13.54.26:419][593]LogBlueprintUserMessages: [BP_MaleCharacter_C_3] ABP: ABP_WoodenBow_C
[2018.08.22-13.54.26:620][599]LogBlueprintUserMessages: [GameplayPC_C_0] Controller ID-0 selected weapon slot: Null Hand: false
[2018.08.22-13.54.26:620][599]LogBlueprintUserMessages: [GameplayPC_C_1] Controller ID-1 selected weapon slot: WeaponSlot1 Hand: true
[2018.08.22-13.54.27:153][615]LogBlueprintUserMessages: [GameplayPC_C_0] Controller ID-0 selected weapon slot: Null Hand: false
[2018.08.22-13.54.27:153][615]LogBlueprintUserMessages: [GameplayPC_C_1] Controller ID-1 selected weapon slot: WeaponSlot1 Hand: true
[2018.08.22-13.54.27:220][617]LogBlueprintUserMessages: [GameplayPC_C_1] Reset Jump controller id: 1
[2018.08.22-13.54.27:452][624]LogBlueprintUserMessages: [BP_MaleCharacter_C_1] ABP: 
[2018.08.22-13.54.27:452][624]LogBlueprintUserMessages: [BP_MaleCharacter_C_3] ABP: ABP_WoodenBow_C
[2018.08.22-13.54.27:686][631]LogBlueprintUserMessages: [GameplayPC_C_0] Controller ID-0 selected weapon slot: Null Hand: false
[2018.08.22-13.54.27:686][631]LogBlueprintUserMessages: [GameplayPC_C_1] Controller ID-1 selected weapon slot: WeaponSlot1 Hand: true
[2018.08.22-13.54.28:187][646]LogBlueprintUserMessages: [GameplayPC_C_0] Controller ID-0 selected weapon slot: WeaponSlot1 Hand: false
[2018.08.22-13.54.28:187][646]LogBlueprintUserMessages: [GameplayPC_C_1] Controller ID-1 selected weapon slot: WeaponSlot1 Hand: true
[2018.08.22-13.54.28:386][652]LogBlueprintUserMessages: [GameplayPC_C_0] state start Interaction
[2018.08.22-13.54.28:386][652]LogBlueprintUserMessages: [GameplayPC_C_0] state end Idle
[2018.08.22-13.54.28:454][654]LogBlueprintUserMessages: [BP_MaleCharacter_C_1] ABP: ABP_WoodenBow_C
[2018.08.22-13.54.28:454][654]LogBlueprintUserMessages: [BP_MaleCharacter_C_3] ABP: ABP_WoodenBow_C
[2018.08.22-13.54.28:688][661]LogBlueprintUserMessages: [GameplayPC_C_0] Controller ID-0 selected weapon slot: WeaponSlot1 Hand: true
[2018.08.22-13.54.28:688][661]LogBlueprintUserMessages: [GameplayPC_C_1] Controller ID-1 selected weapon slot: WeaponSlot1 Hand: true
[2018.08.22-13.54.29:220][677]LogBlueprintUserMessages: [GameplayPC_C_0] Controller ID-0 selected weapon slot: WeaponSlot1 Hand: true
[2018.08.22-13.54.29:220][677]LogBlueprintUserMessages: [GameplayPC_C_1] Controller ID-1 selected weapon slot: WeaponSlot1 Hand: true
[2018.08.22-13.54.29:484][685]LogBlueprintUserMessages: [BP_MaleCharacter_C_1] ABP: ABP_WoodenBow_C
[2018.08.22-13.54.29:484][685]LogBlueprintUserMessages: [BP_MaleCharacter_C_3] ABP: ABP_WoodenBow_C
[2018.08.22-13.54.29:617][689]LogBlueprintUserMessages: [GameplayPC_C_0] state start Interaction
[2018.08.22-13.54.29:617][689]LogBlueprintUserMessages: [GameplayPC_C_0] state end Idle
[2018.08.22-13.54.29:750][693]LogBlueprintUserMessages: [GameplayPC_C_0] Controller ID-0 selected weapon slot: WeaponSlot1 Hand: false
[2018.08.22-13.54.29:750][693]LogBlueprintUserMessages: [GameplayPC_C_1] Controller ID-1 selected weapon slot: WeaponSlot1 Hand: true
[2018.08.22-13.54.30:280][709]LogBlueprintUserMessages: [GameplayPC_C_0] Controller ID-0 selected weapon slot: WeaponSlot1 Hand: false
[2018.08.22-13.54.30:280][709]LogBlueprintUserMessages: [GameplayPC_C_1] Controller ID-1 selected weapon slot: WeaponSlot1 Hand: true
[2018.08.22-13.54.30:514][716]LogBlueprintUserMessages: [BP_MaleCharacter_C_1] ABP: ABP_WoodenBow_C
[2018.08.22-13.54.30:514][716]LogBlueprintUserMessages: [BP_MaleCharacter_C_3] ABP: ABP_WoodenBow_C
[2018.08.22-13.54.30:778][724]LogBlueprintUserMessages: [GameplayPC_C_0] state start Interaction
[2018.08.22-13.54.30:778][724]LogBlueprintUserMessages: [GameplayPC_C_0] state end Idle
[2018.08.22-13.54.30:812][725]LogBlueprintUserMessages: [GameplayPC_C_0] Controller ID-0 selected weapon slot: WeaponSlot1 Hand: true
[2018.08.22-13.54.30:812][725]LogBlueprintUserMessages: [GameplayPC_C_1] Controller ID-1 selected weapon slot: WeaponSlot1 Hand: true
[2018.08.22-13.54.31:343][741]LogBlueprintUserMessages: [GameplayPC_C_0] Controller ID-0 selected weapon slot: WeaponSlot1 Hand: true
[2018.08.22-13.54.31:343][741]LogBlueprintUserMessages: [GameplayPC_C_1] Controller ID-1 selected weapon slot: WeaponSlot1 Hand: true
[2018.08.22-13.54.31:543][747]LogBlueprintUserMessages: [BP_MaleCharacter_C_1] ABP: ABP_WoodenBow_C
[2018.08.22-13.54.31:543][747]LogBlueprintUserMessages: [BP_MaleCharacter_C_3] ABP: ABP_WoodenBow_C
[2018.08.22-13.54.31:876][757]LogBlueprintUserMessages: [GameplayPC_C_0] Controller ID-0 selected weapon slot: WeaponSlot1 Hand: true
[2018.08.22-13.54.31:876][757]LogBlueprintUserMessages: [GameplayPC_C_1] Controller ID-1 selected weapon slot: WeaponSlot1 Hand: true
[2018.08.22-13.54.32:306][770]LogBlueprintUserMessages: [GameplayPC_C_0] state start Interaction
[2018.08.22-13.54.32:306][770]LogBlueprintUserMessages: [GameplayPC_C_0] state end Idle
[2018.08.22-13.54.32:407][773]LogBlueprintUserMessages: [GameplayPC_C_0] Controller ID-0 selected weapon slot: WeaponSlot1 Hand: false
[2018.08.22-13.54.32:407][773]LogBlueprintUserMessages: [GameplayPC_C_1] Controller ID-1 selected weapon slot: WeaponSlot1 Hand: true
[2018.08.22-13.54.32:573][778]LogBlueprintUserMessages: [BP_MaleCharacter_C_1] ABP: ABP_WoodenBow_C
[2018.08.22-13.54.32:573][778]LogBlueprintUserMessages: [BP_MaleCharacter_C_3] ABP: ABP_WoodenBow_C
[2018.08.22-13.54.32:936][789]LogBlueprintUserMessages: [GameplayPC_C_0] Controller ID-0 selected weapon slot: WeaponSlot1 Hand: false
[2018.08.22-13.54.32:936][789]LogBlueprintUserMessages: [GameplayPC_C_1] Controller ID-1 selected weapon slot: WeaponSlot1 Hand: true
[2018.08.22-13.54.33:203][797]LogBlueprintUserMessages: [GameplayPC_C_0] state start Interaction
[2018.08.22-13.54.33:203][797]LogBlueprintUserMessages: [GameplayPC_C_0] state end Idle
[2018.08.22-13.54.33:437][804]LogBlueprintUserMessages: [GameplayPC_C_0] Controller ID-0 selected weapon slot: WeaponSlot1 Hand: true
[2018.08.22-13.54.33:437][804]LogBlueprintUserMessages: [GameplayPC_C_1] Controller ID-1 selected weapon slot: WeaponSlot1 Hand: true
[2018.08.22-13.54.33:603][809]LogBlueprintUserMessages: [BP_MaleCharacter_C_1] ABP: ABP_WoodenBow_C
[2018.08.22-13.54.33:603][809]LogBlueprintUserMessages: [BP_MaleCharacter_C_3] ABP: ABP_WoodenBow_C
[2018.08.22-13.54.33:937][819]LogBlueprintUserMessages: [GameplayPC_C_0] Controller ID-0 selected weapon slot: WeaponSlot1 Hand: true
[2018.08.22-13.54.33:937][819]LogBlueprintUserMessages: [GameplayPC_C_1] Controller ID-1 selected weapon slot: WeaponSlot1 Hand: true
[2018.08.22-13.54.34:272][829]LogBlueprintUserMessages: [GameplayPC_C_0] state start Interaction
[2018.08.22-13.54.34:272][829]LogBlueprintUserMessages: [GameplayPC_C_0] state end Idle
[2018.08.22-13.54.34:438][834]LogBlueprintUserMessages: [GameplayPC_C_0] Controller ID-0 selected weapon slot: WeaponSlot1 Hand: false
[2018.08.22-13.54.34:438][834]LogBlueprintUserMessages: [GameplayPC_C_1] Controller ID-1 selected weapon slot: WeaponSlot1 Hand: true
[2018.08.22-13.54.34:605][839]LogBlueprintUserMessages: [BP_MaleCharacter_C_1] ABP: ABP_WoodenBow_C
[2018.08.22-13.54.34:605][839]LogBlueprintUserMessages: [BP_MaleCharacter_C_3] ABP: ABP_WoodenBow_C
[2018.08.22-13.54.34:970][850]LogBlueprintUserMessages: [GameplayPC_C_0] Controller ID-0 selected weapon slot: WeaponSlot1 Hand: false
[2018.08.22-13.54.34:970][850]LogBlueprintUserMessages: [GameplayPC_C_1] Controller ID-1 selected weapon slot: WeaponSlot1 Hand: true
[2018.08.22-13.54.35:371][862]LogBlueprintUserMessages: [GameplayPC_C_0] state start Interaction
[2018.08.22-13.54.35:371][862]LogBlueprintUserMessages: [GameplayPC_C_0] state end Idle
[2018.08.22-13.54.35:470][865]LogBlueprintUserMessages: [GameplayPC_C_0] Controller ID-0 selected weapon slot: WeaponSlot1 Hand: true
[2018.08.22-13.54.35:470][865]LogBlueprintUserMessages: [GameplayPC_C_1] Controller ID-1 selected weapon slot: WeaponSlot1 Hand: true
[2018.08.22-13.54.35:638][870]LogBlueprintUserMessages: [BP_MaleCharacter_C_1] ABP: ABP_WoodenBow_C
[2018.08.22-13.54.35:638][870]LogBlueprintUserMessages: [BP_MaleCharacter_C_3] ABP: ABP_WoodenBow_C
[2018.08.22-13.54.35:970][880]LogBlueprintUserMessages: [GameplayPC_C_0] Controller ID-0 selected weapon slot: WeaponSlot1 Hand: true
[2018.08.22-13.54.35:970][880]LogBlueprintUserMessages: [GameplayPC_C_1] Controller ID-1 selected weapon slot: WeaponSlot1 Hand: true
[2018.08.22-13.54.36:502][896]LogBlueprintUserMessages: [GameplayPC_C_0] Controller ID-0 selected weapon slot: WeaponSlot1 Hand: true
[2018.08.22-13.54.36:502][896]LogBlueprintUserMessages: [GameplayPC_C_1] Controller ID-1 selected weapon slot: WeaponSlot1 Hand: true
[2018.08.22-13.54.36:667][901]LogBlueprintUserMessages: [BP_MaleCharacter_C_1] ABP: ABP_WoodenBow_C
[2018.08.22-13.54.36:667][901]LogBlueprintUserMessages: [BP_MaleCharacter_C_3] ABP: ABP_WoodenBow_C
[2018.08.22-13.54.37:032][912]LogBlueprintUserMessages: [GameplayPC_C_0] Controller ID-0 selected weapon slot: WeaponSlot1 Hand: false
[2018.08.22-13.54.37:032][912]LogBlueprintUserMessages: [GameplayPC_C_1] Controller ID-1 selected weapon slot: WeaponSlot1 Hand: true
[2018.08.22-13.54.37:065][913]LogBlueprintUserMessages: [GameplayPC_C_0] state start Interaction
[2018.08.22-13.54.37:065][913]LogBlueprintUserMessages: [GameplayPC_C_0] state end Idle
[2018.08.22-13.54.37:563][928]LogBlueprintUserMessages: [GameplayPC_C_0] Controller ID-0 selected weapon slot: WeaponSlot1 Hand: false
[2018.08.22-13.54.37:563][928]LogBlueprintUserMessages: [GameplayPC_C_1] Controller ID-1 selected weapon slot: WeaponSlot1 Hand: true
[2018.08.22-13.54.37:696][932]LogBlueprintUserMessages: [BP_MaleCharacter_C_1] ABP: ABP_WoodenBow_C
[2018.08.22-13.54.37:696][932]LogBlueprintUserMessages: [BP_MaleCharacter_C_3] ABP: ABP_WoodenBow_C
[2018.08.22-13.54.37:896][938]LogBlueprintUserMessages: [GameplayPC_C_0] state start Interaction
[2018.08.22-13.54.37:896][938]LogBlueprintUserMessages: [GameplayPC_C_0] state end Idle
[2018.08.22-13.54.38:094][944]LogBlueprintUserMessages: [GameplayPC_C_0] Controller ID-0 selected weapon slot: WeaponSlot1 Hand: true
[2018.08.22-13.54.38:094][944]LogBlueprintUserMessages: [GameplayPC_C_1] Controller ID-1 selected weapon slot: WeaponSlot1 Hand: true
[2018.08.22-13.54.38:628][960]LogBlueprintUserMessages: [GameplayPC_C_0] Controller ID-0 selected weapon slot: WeaponSlot1 Hand: true
[2018.08.22-13.54.38:628][960]LogBlueprintUserMessages: [GameplayPC_C_1] Controller ID-1 selected weapon slot: WeaponSlot1 Hand: true
[2018.08.22-13.54.38:727][963]LogBlueprintUserMessages: [BP_MaleCharacter_C_1] ABP: ABP_WoodenBow_C
[2018.08.22-13.54.38:727][963]LogBlueprintUserMessages: [BP_MaleCharacter_C_3] ABP: ABP_WoodenBow_C
[2018.08.22-13.54.39:160][976]LogBlueprintUserMessages: [GameplayPC_C_0] state start Interaction
[2018.08.22-13.54.39:160][976]LogBlueprintUserMessages: [GameplayPC_C_0] state end Idle
[2018.08.22-13.54.39:161][976]LogBlueprintUserMessages: [GameplayPC_C_0] Controller ID-0 selected weapon slot: WeaponSlot1 Hand: false
[2018.08.22-13.54.39:161][976]LogBlueprintUserMessages: [GameplayPC_C_1] Controller ID-1 selected weapon slot: WeaponSlot1 Hand: true
[2018.08.22-13.54.39:690][992]LogBlueprintUserMessages: [GameplayPC_C_0] Controller ID-0 selected weapon slot: WeaponSlot1 Hand: false
[2018.08.22-13.54.39:690][992]LogBlueprintUserMessages: [GameplayPC_C_1] Controller ID-1 selected weapon slot: WeaponSlot1 Hand: true
[2018.08.22-13.54.39:757][994]LogBlueprintUserMessages: [BP_MaleCharacter_C_1] ABP: ABP_WoodenBow_C
[2018.08.22-13.54.39:757][994]LogBlueprintUserMessages: [BP_MaleCharacter_C_3] ABP: ABP_WoodenBow_C
[2018.08.22-13.54.40:021][  2]LogBlueprintUserMessages: [GameplayPC_C_0] state start Interaction
[2018.08.22-13.54.40:021][  2]LogBlueprintUserMessages: [GameplayPC_C_0] state end Idle
[2018.08.22-13.54.40:222][  8]LogBlueprintUserMessages: [GameplayPC_C_0] Controller ID-0 selected weapon slot: WeaponSlot1 Hand: true
[2018.08.22-13.54.40:222][  8]LogBlueprintUserMessages: [GameplayPC_C_1] Controller ID-1 selected weapon slot: WeaponSlot1 Hand: true
[2018.08.22-13.54.40:753][ 24]LogBlueprintUserMessages: [GameplayPC_C_0] Controller ID-0 selected weapon slot: WeaponSlot1 Hand: true
[2018.08.22-13.54.40:753][ 24]LogBlueprintUserMessages: [GameplayPC_C_1] Controller ID-1 selected weapon slot: WeaponSlot1 Hand: true
[2018.08.22-13.54.40:786][ 25]LogBlueprintUserMessages: [BP_MaleCharacter_C_1] ABP: ABP_WoodenBow_C
[2018.08.22-13.54.40:786][ 25]LogBlueprintUserMessages: [BP_MaleCharacter_C_3] ABP: ABP_WoodenBow_C
[2018.08.22-13.54.41:054][ 33]LogBlueprintUserMessages: [GameplayPC_C_0] state start Interaction
[2018.08.22-13.54.41:054][ 33]LogBlueprintUserMessages: [GameplayPC_C_0] state end Idle
[2018.08.22-13.54.41:254][ 39]LogBlueprintUserMessages: [GameplayPC_C_0] Controller ID-0 selected weapon slot: WeaponSlot1 Hand: false
[2018.08.22-13.54.41:254][ 39]LogBlueprintUserMessages: [GameplayPC_C_1] Controller ID-1 selected weapon slot: WeaponSlot1 Hand: true
[2018.08.22-13.54.41:784][ 55]LogBlueprintUserMessages: [GameplayPC_C_0] Controller ID-0 selected weapon slot: WeaponSlot1 Hand: false
[2018.08.22-13.54.41:784][ 55]LogBlueprintUserMessages: [GameplayPC_C_1] Controller ID-1 selected weapon slot: WeaponSlot1 Hand: true
[2018.08.22-13.54.41:817][ 56]LogBlueprintUserMessages: [BP_MaleCharacter_C_1] ABP: ABP_WoodenBow_C
[2018.08.22-13.54.41:817][ 56]LogBlueprintUserMessages: [BP_MaleCharacter_C_3] ABP: ABP_WoodenBow_C
[2018.08.22-13.54.42:311][ 71]LogBlueprintUserMessages: [GameplayPC_C_0] Controller ID-0 selected weapon slot: WeaponSlot1 Hand: false
[2018.08.22-13.54.42:311][ 71]LogBlueprintUserMessages: [GameplayPC_C_1] Controller ID-1 selected weapon slot: WeaponSlot1 Hand: true
[2018.08.22-13.54.42:842][ 87]LogBlueprintUserMessages: [GameplayPC_C_0] Controller ID-0 selected weapon slot: WeaponSlot1 Hand: false
[2018.08.22-13.54.42:842][ 87]LogBlueprintUserMessages: [GameplayPC_C_1] Controller ID-1 selected weapon slot: WeaponSlot1 Hand: true
[2018.08.22-13.54.42:843][ 87]LogBlueprintUserMessages: [BP_MaleCharacter_C_1] ABP: ABP_WoodenBow_C
[2018.08.22-13.54.42:843][ 87]LogBlueprintUserMessages: [BP_MaleCharacter_C_3] ABP: ABP_WoodenBow_C
[2018.08.22-13.54.43:372][103]LogBlueprintUserMessages: [GameplayPC_C_0] Controller ID-0 selected weapon slot: WeaponSlot1 Hand: false
[2018.08.22-13.54.43:372][103]LogBlueprintUserMessages: [GameplayPC_C_1] Controller ID-1 selected weapon slot: WeaponSlot1 Hand: true
[2018.08.22-13.54.43:871][118]LogBlueprintUserMessages: [BP_MaleCharacter_C_1] ABP: ABP_WoodenBow_C
[2018.08.22-13.54.43:871][118]LogBlueprintUserMessages: [BP_MaleCharacter_C_3] ABP: ABP_WoodenBow_C
[2018.08.22-13.54.43:905][119]LogBlueprintUserMessages: [GameplayPC_C_0] Controller ID-0 selected weapon slot: WeaponSlot1 Hand: false
[2018.08.22-13.54.43:905][119]LogBlueprintUserMessages: [GameplayPC_C_1] Controller ID-1 selected weapon slot: WeaponSlot1 Hand: true
[2018.08.22-13.54.44:437][135]LogBlueprintUserMessages: [GameplayPC_C_0] Controller ID-0 selected weapon slot: WeaponSlot1 Hand: false
[2018.08.22-13.54.44:437][135]LogBlueprintUserMessages: [GameplayPC_C_1] Controller ID-1 selected weapon slot: WeaponSlot1 Hand: true
[2018.08.22-13.54.44:904][149]LogBlueprintUserMessages: [BP_MaleCharacter_C_1] ABP: ABP_WoodenBow_C
[2018.08.22-13.54.44:904][149]LogBlueprintUserMessages: [BP_MaleCharacter_C_3] ABP: ABP_WoodenBow_C
[2018.08.22-13.54.44:938][150]LogBlueprintUserMessages: [GameplayPC_C_0] Controller ID-0 selected weapon slot: WeaponSlot1 Hand: false
[2018.08.22-13.54.44:938][150]LogBlueprintUserMessages: [GameplayPC_C_1] Controller ID-1 selected weapon slot: WeaponSlot1 Hand: true
[2018.08.22-13.54.45:471][166]LogBlueprintUserMessages: [GameplayPC_C_0] Controller ID-0 selected weapon slot: WeaponSlot1 Hand: false
[2018.08.22-13.54.45:471][166]LogBlueprintUserMessages: [GameplayPC_C_1] Controller ID-1 selected weapon slot: WeaponSlot1 Hand: true
[2018.08.22-13.54.45:905][179]LogBlueprintUserMessages: [BP_MaleCharacter_C_1] ABP: ABP_WoodenBow_C
[2018.08.22-13.54.45:905][179]LogBlueprintUserMessages: [BP_MaleCharacter_C_3] ABP: ABP_WoodenBow_C
[2018.08.22-13.54.45:971][181]LogBlueprintUserMessages: [GameplayPC_C_0] Controller ID-0 selected weapon slot: WeaponSlot1 Hand: false
[2018.08.22-13.54.45:971][181]LogBlueprintUserMessages: [GameplayPC_C_1] Controller ID-1 selected weapon slot: WeaponSlot1 Hand: true
[2018.08.22-13.54.46:105][185]LogBlueprintUserMessages: [GameplayPC_C_0] state start Interaction
[2018.08.22-13.54.46:105][185]LogBlueprintUserMessages: [GameplayPC_C_0] state end Idle
[2018.08.22-13.54.46:503][197]LogBlueprintUserMessages: [GameplayPC_C_0] Controller ID-0 selected weapon slot: WeaponSlot1 Hand: true
[2018.08.22-13.54.46:503][197]LogBlueprintUserMessages: [GameplayPC_C_1] Controller ID-1 selected weapon slot: WeaponSlot1 Hand: true
[2018.08.22-13.54.46:938][210]LogBlueprintUserMessages: [BP_MaleCharacter_C_1] ABP: ABP_WoodenBow_C
[2018.08.22-13.54.46:938][210]LogBlueprintUserMessages: [BP_MaleCharacter_C_3] ABP: ABP_WoodenBow_C
[2018.08.22-13.54.47:006][212]LogBlueprintUserMessages: [GameplayPC_C_0] Controller ID-0 selected weapon slot: WeaponSlot1 Hand: true
[2018.08.22-13.54.47:006][212]LogBlueprintUserMessages: [GameplayPC_C_1] Controller ID-1 selected weapon slot: WeaponSlot1 Hand: true
[2018.08.22-13.54.47:506][227]LogBlueprintUserMessages: [GameplayPC_C_0] Controller ID-0 selected weapon slot: WeaponSlot1 Hand: true
[2018.08.22-13.54.47:506][227]LogBlueprintUserMessages: [GameplayPC_C_1] Controller ID-1 selected weapon slot: WeaponSlot1 Hand: true
[2018.08.22-13.54.47:606][230]LogNet: UChannel::ReceivedSequencedBunch: Bunch.bClose == true. ChIndex == 0. Calling ConditionalCleanUp.
[2018.08.22-13.54.47:606][230]LogNet: UChannel::CleanUp: ChIndex == 0. Closing connection. [UChannel] ChIndex: 0, Closing: 0 [UNetConnection] RemoteAddr: 127.0.0.1:56072, Name: IpConnection_0, Driver: GameNetDriver IpNetDriver_0, IsServer: YES, PC: GameplayPC_C_0, Owner: GameplayPC_C_0, UniqueId: DESKTOP-LI0N2FC-EF4CB211490C4CD62CAB15B908F7E2B5
[2018.08.22-13.54.47:608][230]LogNet: UNetConnection::Close: [UNetConnection] RemoteAddr: 127.0.0.1:56072, Name: IpConnection_0, Driver: GameNetDriver IpNetDriver_0, IsServer: YES, PC: GameplayPC_C_0, Owner: GameplayPC_C_0, UniqueId: DESKTOP-LI0N2FC-EF4CB211490C4CD62CAB15B908F7E2B5, Channels: 15, Time: 2018.08.22-13.54.47
[2018.08.22-13.54.47:608][230]LogNet: UChannel::Close: Sending CloseBunch. ChIndex == 0. Name: [UChannel] ChIndex: 0, Closing: 0 [UNetConnection] RemoteAddr: 127.0.0.1:56072, Name: IpConnection_0, Driver: GameNetDriver IpNetDriver_0, IsServer: YES, PC: GameplayPC_C_0, Owner: GameplayPC_C_0, UniqueId: DESKTOP-LI0N2FC-EF4CB211490C4CD62CAB15B908F7E2B5
[2018.08.22-13.54.47:609][230]LogOnline: Warning: OSS: Can't destroy a null online session (GameSession)
[2018.08.22-13.54.47:609][230]LogOnline: Warning: OSS: No game present to leave for session (GameSession)
[2018.08.22-13.54.47:971][241]LogBlueprintUserMessages: [BP_MaleCharacter_C_3] ABP: ABP_WoodenBow_C
[2018.08.22-13.54.48:038][243]LogBlueprintUserMessages: [GameplayPC_C_1] Controller ID-1 selected weapon slot: WeaponSlot1 Hand: true
[2018.08.22-13.54.48:305][251]LogNet: UChannel::ReceivedSequencedBunch: Bunch.bClose == true. ChIndex == 0. Calling ConditionalCleanUp.
[2018.08.22-13.54.48:305][251]LogNet: UChannel::CleanUp: ChIndex == 0. Closing connection. [UChannel] ChIndex: 0, Closing: 0 [UNetConnection] RemoteAddr: 127.0.0.1:56071, Name: IpConnection_1, Driver: GameNetDriver IpNetDriver_0, IsServer: YES, PC: GameplayPC_C_1, Owner: GameplayPC_C_1, UniqueId: DESKTOP-LI0N2FC-B18A1DD6420A4E1213BA6E978B5E13A6
[2018.08.22-13.54.48:306][251]LogNet: UNetConnection::Close: [UNetConnection] RemoteAddr: 127.0.0.1:56071, Name: IpConnection_1, Driver: GameNetDriver IpNetDriver_0, IsServer: YES, PC: GameplayPC_C_1, Owner: GameplayPC_C_1, UniqueId: DESKTOP-LI0N2FC-B18A1DD6420A4E1213BA6E978B5E13A6, Channels: 13, Time: 2018.08.22-13.54.48
[2018.08.22-13.54.48:306][251]LogNet: UChannel::Close: Sending CloseBunch. ChIndex == 0. Name: [UChannel] ChIndex: 0, Closing: 0 [UNetConnection] RemoteAddr: 127.0.0.1:56071, Name: IpConnection_1, Driver: GameNetDriver IpNetDriver_0, IsServer: YES, PC: GameplayPC_C_1, Owner: GameplayPC_C_1, UniqueId: DESKTOP-LI0N2FC-B18A1DD6420A4E1213BA6E978B5E13A6
[2018.08.22-13.54.48:307][251]LogOnline: Warning: OSS: Can't destroy a null online session (GameSession)
[2018.08.22-13.54.48:307][251]LogOnline: Warning: OSS: No game present to leave for session (GameSession)
