Log file open, 08/21/18 06:23:20
LogWindows: Failed to load 'aqProf.dll' (GetLastError=126)
LogWindows: File 'aqProf.dll' does not exist
LogWindows: Failed to load 'VtuneApi.dll' (GetLastError=126)
LogWindows: File 'VtuneApi.dll' does not exist
LogWindows: Failed to load 'VtuneApi32e.dll' (GetLastError=126)
LogWindows: File 'VtuneApi32e.dll' does not exist
LogInit: Display: Running engine for game: DarkCrystal
LogPlatformFile: Not using cached read wrapper
LogInit: Display: RandInit(-104434842) SRandInit(-104434842).
LogInit: Read version file with build ID '3944462'
LogInit: Overriding engine version to CL 4033788, compatible CL 3944462
LogInit: Registered custom module enumerator with build ID '3944462'
LogTaskGraph: Started task graph with 5 named threads and 23 total threads with 3 sets of task threads.
LogStats: Stats thread started at 0.265573
LogD3D11RHI: Aftermath initialized
LogICUInternationalization: Display: ICU TimeZone Detection - Raw Offset: -8:00, Platform Override: ''
LogModuleManager: Display: Found up-to-date module file ../../../Engine/Plugins/Online/OnlineSubsystemSteam/Binaries/Win64/UE4Editor-OnlineSubsystemSteam.dll (API version 3944462).
LogModuleManager: Display: Found up-to-date module file ../../../Engine/Plugins/Online/OnlineSubsystem/Binaries/Win64/UE4Editor-OnlineSubsystem.dll (API version 3944462).
LogModuleManager: Display: Found up-to-date module file ../../../Engine/Plugins/Online/OnlineSubsystemUtils/Binaries/Win64/UE4Editor-OnlineSubsystemUtils.dll (API version 3944462).
LogModuleManager: Display: Found up-to-date module file ../../../Engine/Plugins/Online/OnlineSubsystemUtils/Binaries/Win64/UE4Editor-OnlineBlueprintSupport.dll (API version 3944462).
LogModuleManager: Display: Found up-to-date module file ../../../Engine/Plugins/VictoryPlugin/Binaries/Win64/UE4Editor-VictoryBPLibrary.dll (API version 3944462).
LogModuleManager: Display: Found up-to-date module file ../../../Engine/Plugins/Runtime/ApexDestruction/Binaries/Win64/UE4Editor-ApexDestruction.dll (API version 3944462).
LogModuleManager: Display: Found up-to-date module file ../../../Engine/Plugins/Runtime/ApexDestruction/Binaries/Win64/UE4Editor-ApexDestructionEditor.dll (API version 3944462).
LogModuleManager: Display: Found up-to-date module file ../../../Engine/Plugins/AdvancedSessions/AdvancedSessions/Binaries/Win64/UE4Editor-AdvancedSessions.dll (API version 3944462).
LogModuleManager: Display: Found up-to-date module file ../../../Engine/Plugins/AdvancedSessions/AdvancedSteamSessions/Binaries/Win64/UE4Editor-AdvancedSteamSessions.dll (API version 3944462).
LogModuleManager: Display: Found up-to-date module file ../../../Engine/Plugins/2D/Paper2D/Binaries/Win64/UE4Editor-Paper2D.dll (API version 3944462).
LogModuleManager: Display: Found up-to-date module file ../../../Engine/Plugins/2D/Paper2D/Binaries/Win64/UE4Editor-Paper2DEditor.dll (API version 3944462).
LogModuleManager: Display: Found up-to-date module file ../../../Engine/Plugins/2D/Paper2D/Binaries/Win64/UE4Editor-PaperSpriteSheetImporter.dll (API version 3944462).
LogModuleManager: Display: Found up-to-date module file ../../../Engine/Plugins/2D/Paper2D/Binaries/Win64/UE4Editor-PaperTiledImporter.dll (API version 3944462).
LogModuleManager: Display: Found up-to-date module file ../../../Engine/Plugins/2D/Paper2D/Binaries/Win64/UE4Editor-SmartSnapping.dll (API version 3944462).
LogModuleManager: Display: Found up-to-date module file ../../../Engine/Plugins/Blendables/LightPropagationVolume/Binaries/Win64/UE4Editor-LightPropagationVolumeRuntime.dll (API version 3944462).
LogModuleManager: Display: Found up-to-date module file ../../../Engine/Plugins/Blendables/LightPropagationVolume/Binaries/Win64/UE4Editor-LightPropagationVolumeEditor.dll (API version 3944462).
LogModuleManager: Display: Found up-to-date module file ../../../Engine/Plugins/Developer/CLionSourceCodeAccess/Binaries/Win64/UE4Editor-CLionSourceCodeAccess.dll (API version 3944462).
LogModuleManager: Display: Found up-to-date module file ../../../Engine/Plugins/Developer/GitSourceControl/Binaries/Win64/UE4Editor-GitSourceControl.dll (API version 3944462).
LogModuleManager: Display: Found up-to-date module file ../../../Engine/Plugins/Developer/PerforceSourceControl/Binaries/Win64/UE4Editor-PerforceSourceControl.dll (API version 3944462).
LogModuleManager: Display: Found up-to-date module file ../../../Engine/Plugins/Developer/SubversionSourceControl/Binaries/Win64/UE4Editor-SubversionSourceControl.dll (API version 3944462).
LogModuleManager: Display: Found up-to-date module file ../../../Engine/Plugins/Developer/UObjectPlugin/Binaries/Win64/UE4Editor-UObjectPlugin.dll (API version 3944462).
LogModuleManager: Display: Found up-to-date module file ../../../Engine/Plugins/Developer/VisualStudioCodeSourceCodeAccess/Binaries/Win64/UE4Editor-VisualStudioCodeSourceCodeAccess.dll (API version 3944462).
LogModuleManager: Display: Found up-to-date module file ../../../Engine/Plugins/Developer/VisualStudioSourceCodeAccess/Binaries/Win64/UE4Editor-VisualStudioSourceCodeAccess.dll (API version 3944462).
LogModuleManager: Display: Found up-to-date module file ../../../Engine/Plugins/Editor/AssetManagerEditor/Binaries/Win64/UE4Editor-AssetManagerEditor.dll (API version 3944462).
LogModuleManager: Display: Found up-to-date module file ../../../Engine/Plugins/Editor/CryptoKeys/Binaries/Win64/UE4Editor-CryptoKeys.dll (API version 3944462).
LogModuleManager: Display: Found up-to-date module file ../../../Engine/Plugins/Editor/CryptoKeys/Binaries/Win64/UE4Editor-CryptoKeysOpenSSL.dll (API version 3944462).
LogModuleManager: Display: Found up-to-date module file ../../../Engine/Plugins/Editor/DataValidation/Binaries/Win64/UE4Editor-DataValidation.dll (API version 3944462).
LogModuleManager: Display: Found up-to-date module file ../../../Engine/Plugins/Editor/FacialAnimation/Binaries/Win64/UE4Editor-FacialAnimation.dll (API version 3944462).
LogModuleManager: Display: Found up-to-date module file ../../../Engine/Plugins/Editor/FacialAnimation/Binaries/Win64/UE4Editor-FacialAnimationEditor.dll (API version 3944462).
LogModuleManager: Display: Found up-to-date module file ../../../Engine/Plugins/Editor/GameplayTagsEditor/Binaries/Win64/UE4Editor-GameplayTagsEditor.dll (API version 3944462).
LogModuleManager: Display: Found up-to-date module file ../../../Engine/Plugins/Editor/MobileLauncherProfileWizard/Binaries/Win64/UE4Editor-MobileLauncherProfileWizard.dll (API version 3944462).
LogModuleManager: Display: Found up-to-date module file ../../../Engine/Plugins/Editor/PluginBrowser/Binaries/Win64/UE4Editor-PluginBrowser.dll (API version 3944462).
LogModuleManager: Display: Found up-to-date module file ../../../Engine/Plugins/Editor/SpeedTreeImporter/Binaries/Win64/UE4Editor-SpeedTreeImporter.dll (API version 3944462).
LogModuleManager: Display: Found up-to-date module file ../../../Engine/Plugins/Enterprise/DatasmithContent/Binaries/Win64/UE4Editor-DatasmithContent.dll (API version 3944462).
LogModuleManager: Display: Found up-to-date module file ../../../Engine/Plugins/Experimental/AlembicImporter/Binaries/Win64/UE4Editor-AlembicImporter.dll (API version 3944462).
LogModuleManager: Display: Found up-to-date module file ../../../Engine/Plugins/Experimental/AlembicImporter/Binaries/Win64/UE4Editor-AlembicLibrary.dll (API version 3944462).
LogModuleManager: Display: Found up-to-date module file ../../../Engine/Plugins/Experimental/CharacterAI/Binaries/Win64/UE4Editor-CharacterAI.dll (API version 3944462).
LogModuleManager: Display: Found up-to-date module file ../../../Engine/Plugins/Experimental/HTML5Networking/Binaries/Win64/UE4Editor-HTML5Networking.dll (API version 3944462).
LogModuleManager: Display: Found up-to-date module file ../../../Engine/Plugins/Media/AndroidMedia/Binaries/Win64/UE4Editor-AndroidMediaEditor.dll (API version 3944462).
LogModuleManager: Display: Found up-to-date module file ../../../Engine/Plugins/Media/AndroidMedia/Binaries/Win64/UE4Editor-AndroidMediaFactory.dll (API version 3944462).
LogModuleManager: Display: Found up-to-date module file ../../../Engine/Plugins/Media/AvfMedia/Binaries/Win64/UE4Editor-AvfMediaEditor.dll (API version 3944462).
LogModuleManager: Display: Found up-to-date module file ../../../Engine/Plugins/Media/AvfMedia/Binaries/Win64/UE4Editor-AvfMediaFactory.dll (API version 3944462).
LogModuleManager: Display: Found up-to-date module file ../../../Engine/Plugins/Media/AvfMedia/Binaries/Win64/UE4Editor-AvfMediaFactory.dll (API version 3944462).
LogModuleManager: Display: Found up-to-date module file ../../../Engine/Plugins/Media/ImgMedia/Binaries/Win64/UE4Editor-ImgMedia.dll (API version 3944462).
LogModuleManager: Display: Found up-to-date module file ../../../Engine/Plugins/Media/ImgMedia/Binaries/Win64/UE4Editor-ImgMediaEditor.dll (API version 3944462).
LogModuleManager: Display: Found up-to-date module file ../../../Engine/Plugins/Media/ImgMedia/Binaries/Win64/UE4Editor-ImgMediaFactory.dll (API version 3944462).
LogModuleManager: Display: Found up-to-date module file ../../../Engine/Plugins/Media/ImgMedia/Binaries/Win64/UE4Editor-ImgMediaFactory.dll (API version 3944462).
LogModuleManager: Display: Found up-to-date module file ../../../Engine/Plugins/Media/ImgMedia/Binaries/Win64/UE4Editor-OpenExrWrapper.dll (API version 3944462).
LogModuleManager: Display: Found up-to-date module file ../../../Engine/Plugins/Media/LinearTimecode/Binaries/Win64/UE4Editor-LinearTimecode.dll (API version 3944462).
LogModuleManager: Display: Found up-to-date module file ../../../Engine/Plugins/Media/MediaCompositing/Binaries/Win64/UE4Editor-MediaCompositing.dll (API version 3944462).
LogModuleManager: Display: Found up-to-date module file ../../../Engine/Plugins/Media/MediaCompositing/Binaries/Win64/UE4Editor-MediaCompositingEditor.dll (API version 3944462).
LogModuleManager: Display: Found up-to-date module file ../../../Engine/Plugins/Media/MediaPlayerEditor/Binaries/Win64/UE4Editor-MediaPlayerEditor.dll (API version 3944462).
LogModuleManager: Display: Found up-to-date module file ../../../Engine/Plugins/Media/WmfMedia/Binaries/Win64/UE4Editor-WmfMedia.dll (API version 3944462).
LogModuleManager: Display: Found up-to-date module file ../../../Engine/Plugins/Media/WmfMedia/Binaries/Win64/UE4Editor-WmfMediaEditor.dll (API version 3944462).
LogModuleManager: Display: Found up-to-date module file ../../../Engine/Plugins/Media/WmfMedia/Binaries/Win64/UE4Editor-WmfMediaFactory.dll (API version 3944462).
LogModuleManager: Display: Found up-to-date module file ../../../Engine/Plugins/Media/WmfMedia/Binaries/Win64/UE4Editor-WmfMediaFactory.dll (API version 3944462).
LogModuleManager: Display: Found up-to-date module file ../../../Engine/Plugins/Messaging/TcpMessaging/Binaries/Win64/UE4Editor-TcpMessaging.dll (API version 3944462).
LogModuleManager: Display: Found up-to-date module file ../../../Engine/Plugins/Messaging/UdpMessaging/Binaries/Win64/UE4Editor-UdpMessaging.dll (API version 3944462).
LogModuleManager: Display: Found up-to-date module file ../../../Engine/Plugins/MovieScene/ActorSequence/Binaries/Win64/UE4Editor-ActorSequence.dll (API version 3944462).
LogModuleManager: Display: Found up-to-date module file ../../../Engine/Plugins/MovieScene/LevelSequenceEditor/Binaries/Win64/UE4Editor-LevelSequenceEditor.dll (API version 3944462).
LogModuleManager: Display: Found up-to-date module file ../../../Engine/Plugins/MovieScene/MatineeToLevelSequence/Binaries/Win64/UE4Editor-MatineeToLevelSequence.dll (API version 3944462).
LogModuleManager: Display: Found up-to-date module file ../../../Engine/Plugins/NetcodeUnitTest/NetcodeUnitTest/Binaries/Win64/UE4Editor-NetcodeUnitTest.dll (API version 3944462).
LogModuleManager: Display: Found up-to-date module file ../../../Engine/Plugins/NetcodeUnitTest/NUTUnrealEngine4/Binaries/Win64/UE4Editor-NUTUnrealEngine4.dll (API version 3944462).
LogModuleManager: Display: Found up-to-date module file ../../../Engine/Plugins/Runtime/AndroidPermission/Binaries/Win64/UE4Editor-AndroidPermission.dll (API version 3944462).
LogModuleManager: Display: Found up-to-date module file ../../../Engine/Plugins/Online/OnlineSubsystemNull/Binaries/Win64/UE4Editor-OnlineSubsystemNull.dll (API version 3944462).
LogModuleManager: Display: Found up-to-date module file ../../../Engine/Plugins/Runtime/AndroidDeviceProfileSelector/Binaries/Win64/UE4Editor-AndroidDeviceProfileSelector.dll (API version 3944462).
LogModuleManager: Display: Found up-to-date module file ../../../Engine/Plugins/Runtime/AppleARKit/Binaries/Win64/UE4Editor-AppleARKit.dll (API version 3944462).
LogModuleManager: Display: Found up-to-date module file ../../../Engine/Plugins/Runtime/ProceduralMeshComponent/Binaries/Win64/UE4Editor-ProceduralMeshComponent.dll (API version 3944462).
LogModuleManager: Display: Found up-to-date module file ../../../Engine/Plugins/Runtime/ProceduralMeshComponent/Binaries/Win64/UE4Editor-ProceduralMeshComponentEditor.dll (API version 3944462).
LogModuleManager: Display: Found up-to-date module file ../../../Engine/Plugins/Animation/LiveLink/Binaries/Win64/UE4Editor-LiveLink.dll (API version 3944462).
LogModuleManager: Display: Found up-to-date module file ../../../Engine/Plugins/Animation/LiveLink/Binaries/Win64/UE4Editor-LiveLinkEditor.dll (API version 3944462).
LogModuleManager: Display: Found up-to-date module file ../../../Engine/Plugins/Runtime/ArchVisCharacter/Binaries/Win64/UE4Editor-ArchVisCharacter.dll (API version 3944462).
LogModuleManager: Display: Found up-to-date module file ../../../Engine/Plugins/Runtime/AudioCapture/Binaries/Win64/UE4Editor-AudioCapture.dll (API version 3944462).
LogModuleManager: Display: Found up-to-date module file ../../../Engine/Plugins/Runtime/AudioCapture/Binaries/Win64/UE4Editor-AudioCaptureEditor.dll (API version 3944462).
LogModuleManager: Display: Found up-to-date module file ../../../Engine/Plugins/Runtime/CableComponent/Binaries/Win64/UE4Editor-CableComponent.dll (API version 3944462).
LogModuleManager: Display: Found up-to-date module file ../../../Engine/Plugins/Runtime/CustomMeshComponent/Binaries/Win64/UE4Editor-CustomMeshComponent.dll (API version 3944462).
LogModuleManager: Display: Found up-to-date module file ../../../Engine/Plugins/Runtime/ExampleDeviceProfileSelector/Binaries/Win64/UE4Editor-ExampleDeviceProfileSelector.dll (API version 3944462).
LogModuleManager: Display: Found up-to-date module file ../../../Engine/Plugins/Runtime/ImmediatePhysics/Binaries/Win64/UE4Editor-ImmediatePhysics.dll (API version 3944462).
LogModuleManager: Display: Found up-to-date module file ../../../Engine/Plugins/Runtime/ImmediatePhysics/Binaries/Win64/UE4Editor-ImmediatePhysicsEditor.dll (API version 3944462).
LogModuleManager: Display: Found up-to-date module file ../../../Engine/Plugins/Runtime/LocationServicesBPLibrary/Binaries/Win64/UE4Editor-LocationServicesBPLibrary.dll (API version 3944462).
LogModuleManager: Display: Found up-to-date module file ../../../Engine/Plugins/Runtime/MobilePatchingUtils/Binaries/Win64/UE4Editor-MobilePatchingUtils.dll (API version 3944462).
LogModuleManager: Display: Found up-to-date module file ../../../Engine/Plugins/Runtime/Oculus/OculusVR/Binaries/Win64/UE4Editor-OculusHMD.dll (API version 3944462).
LogModuleManager: Display: Found up-to-date module file ../../../Engine/Plugins/Runtime/Oculus/OculusVR/Binaries/Win64/UE4Editor-OculusInput.dll (API version 3944462).
LogModuleManager: Display: Found up-to-date module file ../../../Engine/Plugins/Runtime/Oculus/OculusVR/Binaries/Win64/UE4Editor-OculusEditor.dll (API version 3944462).
LogModuleManager: Display: Found up-to-date module file ../../../Engine/Plugins/Runtime/PhysXVehicles/Binaries/Win64/UE4Editor-PhysXVehicles.dll (API version 3944462).
LogModuleManager: Display: Found up-to-date module file ../../../Engine/Plugins/Runtime/PhysXVehicles/Binaries/Win64/UE4Editor-PhysXVehiclesEditor.dll (API version 3944462).
LogModuleManager: Display: Found up-to-date module file ../../../Engine/Plugins/Runtime/RuntimePhysXCooking/Binaries/Win64/UE4Editor-RuntimePhysXCooking.dll (API version 3944462).
LogModuleManager: Display: Found up-to-date module file ../../../Engine/Plugins/Runtime/Steam/SteamVR/Binaries/Win64/UE4Editor-SteamVR.dll (API version 3944462).
LogModuleManager: Display: Found up-to-date module file ../../../Engine/Plugins/Runtime/Steam/SteamVR/Binaries/Win64/UE4Editor-SteamVRController.dll (API version 3944462).
LogModuleManager: Display: Found up-to-date module file ../../../Engine/Plugins/Runtime/WindowsMoviePlayer/Binaries/Win64/UE4Editor-WindowsMoviePlayer.dll (API version 3944462).
LogPluginManager: Mounting plugin Paper2D
LogPluginManager: Mounting plugin AdvancedSessions
LogPluginManager: Mounting plugin AdvancedSteamSessions
LogPluginManager: Mounting plugin LiveLink
LogPluginManager: Mounting plugin LightPropagationVolume
LogPluginManager: Mounting plugin CLionSourceCodeAccess
LogPluginManager: Mounting plugin CodeLiteSourceCodeAccess
LogPluginManager: Mounting plugin GitSourceControl
LogPluginManager: Mounting plugin KDevelopSourceCodeAccess
LogPluginManager: Mounting plugin NullSourceCodeAccess
LogPluginManager: Mounting plugin PerforceSourceControl
LogPluginManager: Mounting plugin SubversionSourceControl
LogPluginManager: Mounting plugin UObjectPlugin
LogPluginManager: Mounting plugin VisualStudioCodeSourceCodeAccess
LogPluginManager: Mounting plugin VisualStudioSourceCodeAccess
LogPluginManager: Mounting plugin XCodeSourceCodeAccess
LogPluginManager: Mounting plugin AssetManagerEditor
LogPluginManager: Mounting plugin CryptoKeys
LogPluginManager: Mounting plugin DataValidation
LogPluginManager: Mounting plugin FacialAnimation
LogPluginManager: Mounting plugin GameplayTagsEditor
LogPluginManager: Mounting plugin MobileLauncherProfileWizard
LogPluginManager: Mounting plugin PluginBrowser
LogPluginManager: Mounting plugin SpeedTreeImporter
LogPluginManager: Mounting plugin DatasmithContent
LogPluginManager: Mounting plugin AlembicImporter
LogPluginManager: Mounting plugin CharacterAI
LogPluginManager: Mounting plugin HTML5Networking
LogPluginManager: Mounting plugin AndroidMedia
LogPluginManager: Mounting plugin AvfMedia
LogPluginManager: Mounting plugin ImgMedia
LogPluginManager: Mounting plugin LinearTimecode
LogPluginManager: Mounting plugin MediaCompositing
LogPluginManager: Mounting plugin MediaPlayerEditor
LogPluginManager: Mounting plugin WmfMedia
LogPluginManager: Mounting plugin TcpMessaging
LogPluginManager: Mounting plugin UdpMessaging
LogPluginManager: Mounting plugin ActorSequence
LogPluginManager: Mounting plugin LevelSequenceEditor
LogPluginManager: Mounting plugin MatineeToLevelSequence
LogPluginManager: Mounting plugin NetcodeUnitTest
LogPluginManager: Mounting plugin NUTUnrealEngine4
LogPluginManager: Mounting plugin OnlineSubsystemGooglePlay
LogPluginManager: Mounting plugin OnlineSubsystemIOS
LogPluginManager: Mounting plugin OnlineSubsystem
LogPluginManager: Mounting plugin OnlineSubsystemNull
LogPluginManager: Mounting plugin OnlineSubsystemSteam
LogPluginManager: Mounting plugin OnlineSubsystemUtils
LogPluginManager: Mounting plugin AndroidDeviceProfileSelector
LogPluginManager: Mounting plugin AndroidMoviePlayer
LogPluginManager: Mounting plugin AndroidPermission
LogPluginManager: Mounting plugin ApexDestruction
LogPluginManager: Mounting plugin AppleARKit
LogPluginManager: Mounting plugin AppleMoviePlayer
LogPluginManager: Mounting plugin ArchVisCharacter
LogPluginManager: Mounting plugin AudioCapture
LogPluginManager: Mounting plugin CableComponent
LogPluginManager: Mounting plugin CustomMeshComponent
LogPluginManager: Mounting plugin ExampleDeviceProfileSelector
LogPluginManager: Mounting plugin GoogleCloudMessaging
LogPluginManager: Mounting plugin ImmediatePhysics
LogPluginManager: Mounting plugin IOSDeviceProfileSelector
LogPluginManager: Mounting plugin LinuxDeviceProfileSelector
LogPluginManager: Mounting plugin LocationServicesBPLibrary
LogPluginManager: Mounting plugin MobilePatchingUtils
LogPluginManager: Mounting plugin OculusVR
LogPluginManager: Plugin shader directory ../../../Engine/Plugins/Runtime/Oculus/OculusVR/Shaders found
LogPluginManager: Mapping shader source directory ../../../Engine/Plugins/Runtime/Oculus/OculusVR/Shaders to virtual directory /Plugin/OculusVR
LogPluginManager: Mounting plugin PhysXVehicles
LogPluginManager: Mounting plugin ProceduralMeshComponent
LogPluginManager: Mounting plugin RuntimePhysXCooking
LogPluginManager: Mounting plugin SteamVR
LogPluginManager: Mounting plugin WindowsMoviePlayer
LogPluginManager: Mounting plugin VictoryBPLibrary
LogStreaming: Display: Took  0.710s to configure plugins.
LogInit: Using libcurl 7.47.1
LogInit:  - built for x86_64-pc-win32
LogInit:  - supports SSL with OpenSSL/1.0.2g
LogInit:  - supports HTTP deflate (compression) using libz 1.2.8
LogInit:  - other features:
LogInit:      CURL_VERSION_SSL
LogInit:      CURL_VERSION_LIBZ
LogInit:      CURL_VERSION_IPV6
LogInit:      CURL_VERSION_ASYNCHDNS
LogInit:      CURL_VERSION_LARGEFILE
LogInit:      CURL_VERSION_IDN
LogInit:  CurlRequestOptions (configurable via config and command line):
LogInit:  - bVerifyPeer = false  - Libcurl will NOT verify peer certificate
LogInit:  - bUseHttpProxy = false  - Libcurl will NOT use HTTP proxy
LogInit:  - bDontReuseConnections = false  - Libcurl will reuse connections
LogInit:  - CertBundlePath = nullptr  - Libcurl will use whatever was configured at build time.
LogInit:  - MaxHostConnections = 16  - Libcurl will limit the number of connections to a host
LogInit:  - LocalHostAddr = Default
LogOnline: Display: STEAM: Loading Steam SDK 1.39
LogOnline: Warning: STEAM: Steam API disabled!
LogOnline: Display: STEAM: OnlineSubsystemSteam::Shutdown()
LogInit: WinSock: version 1.1 (2.2), MaxSocks=32767, MaxUdp=65467
LogInit: WinSock: I am DESKTOP-LI0N2FC (192.168.29.155:0)
LogInit: Build: ++UE4+Release-4.19-CL-4033788
LogInit: Engine Version: 4.19.2-4033788+++UE4+Release-4.19
LogInit: Compatible Engine Version: 4.19.0-3944462+++UE4+Release-4.19
LogInit: Net CL: 3944462
LogDevObjectVersion: Number of dev versions registered: 18
LogDevObjectVersion:   Dev-Blueprints (B0D832E4-1F89-4F0D-ACCF-7EB736FD4AA2): 10
LogDevObjectVersion:   Dev-Build (E1C64328-A22C-4D53-A36C-8E866417BD8C): 0
LogDevObjectVersion:   Dev-Core (375EC13C-06E4-48FB-B500-84F0262A717E): 2
LogDevObjectVersion:   Dev-Editor (E4B068ED-F494-42E9-A231-DA0B2E46BB41): 23
LogDevObjectVersion:   Dev-Framework (CFFC743F-43B0-4480-9391-14DF171D2073): 33
LogDevObjectVersion:   Dev-Mobile (B02B49B5-BB20-44E9-A304-32B752E40360): 2
LogDevObjectVersion:   Dev-Networking (A4E4105C-59A1-49B5-A7C5-40C4547EDFEE): 0
LogDevObjectVersion:   Dev-Online (39C831C9-5AE6-47DC-9A44-9C173E1C8E7C): 0
LogDevObjectVersion:   Dev-Physics (78F01B33-EBEA-4F98-B9B4-84EACCB95AA2): 0
LogDevObjectVersion:   Dev-Platform (6631380F-2D4D-43E0-8009-CF276956A95A): 0
LogDevObjectVersion:   Dev-Rendering (12F88B9F-8875-4AFC-A67C-D90C383ABD29): 25
LogDevObjectVersion:   Dev-Sequencer (7B5AE74C-D270-4C10-A958-57980B212A5A): 6
LogDevObjectVersion:   Dev-VR (D7296918-1DD6-4BDD-9DE2-64A83CC13884): 1
LogDevObjectVersion:   Dev-LoadTimes (C2A15278-BFE7-4AFE-6C17-90FF531DF755): 1
LogDevObjectVersion:   Private-Geometry (6EACA3D4-40EC-4CC1-B786-8BED09428FC5): 2
LogDevObjectVersion:   Dev-AnimPhys (29E575DD-E0A3-4627-9D10-D276232CDCEA): 16
LogDevObjectVersion:   Dev-ReflectionCapture (6B266CEC-1EC7-4B8F-A30B-E4D90942FC07): 1
LogDevObjectVersion:   Dev-Automation (0DF73D61-A23F-47EA-B727-89E90C41499A): 1
LogInit: Compiled (64-bit): Apr 27 2018 02:06:57
LogInit: Compiled with Visual C++: 19.00.24215.01
LogInit: Build Configuration: Development
LogInit: Branch Name: ++UE4+Release-4.19
LogInit: Command Line:  127.0.0.1:17777 -game -PIEVIACONSOLE -ResX=640 -ResY=480  -Multiprocess -messaging -SessionName="Play in Standalone Game" -windowed GameUserSettingsINI="G:/DarkActive/Unreal Projects/DarkCrystal/Saved/Config/Windows/PIEGameUserSettings2.ini" -MultiprocessSaveConfig  -MultiprocessOSS WinX=-600 WinY=550 SAVEWINPOS=1
LogInit: Base Directory: G:/Epic Games/UE_4.19/Engine/Binaries/Win64/
LogInit: Installed Engine Build: 1
LogStreaming: Display: Took  0.005s to delete old logs.
LogInit: Presizing for max 8388607 objects, including 0 objects not considered by GC, pre-allocating 0 bytes for permanent pool.
LogInit: Object subsystem initialized
[2018.08.21-13.23.21:863][  0]LogInit: Selected Device Profile: [Windows]
[2018.08.21-13.23.21:863][  0]LogInit: Applying CVar settings loaded from the selected device profile: [Windows]
[2018.08.21-13.23.21:866][  0]LogInit: Computer: DESKTOP-LI0N2FC
[2018.08.21-13.23.21:866][  0]LogInit: User: Kappa
[2018.08.21-13.23.21:866][  0]LogInit: CPU Page size=4096, Cores=4
[2018.08.21-13.23.21:866][  0]LogInit: High frequency timer resolution =4.101557 MHz
[2018.08.21-13.23.21:866][  0]LogMemory: Memory total: Physical=31.9GB (32GB approx)
[2018.08.21-13.23.21:866][  0]LogMemory: Platform Memory Stats for Windows
[2018.08.21-13.23.21:866][  0]LogMemory: Process Physical Memory: 277.01 MB used, 277.01 MB peak
[2018.08.21-13.23.21:866][  0]LogMemory: Process Virtual Memory: 277.10 MB used, 277.10 MB peak
[2018.08.21-13.23.21:866][  0]LogMemory: Physical Memory: 14324.78 MB used,  18368.03 MB free, 32692.81 MB total
[2018.08.21-13.23.21:866][  0]LogMemory: Virtual Memory: 4809.07 MB used,  18368.03 MB free, 134217728.00 MB total
[2018.08.21-13.23.21:875][  0]LogInit: Using OS detected language (en-US).
[2018.08.21-13.23.21:875][  0]LogInit: Using OS detected locale (en-US).
[2018.08.21-13.23.21:875][  0]LogTextLocalizationManager: No localization for 'en-US' exists, so 'en' will be used for the language.
[2018.08.21-13.23.21:876][  0]LogTextLocalizationManager: No localization for 'en-US' exists, so 'en' will be used for the locale.
[2018.08.21-13.23.22:228][  0]LogStreaming: Display: Took  0.353s to EndInitTextLocalization.
[2018.08.21-13.23.22:260][  0]LogSlate: New Slate User Created.  User Index 0, Is Virtual User: 0
[2018.08.21-13.23.22:260][  0]LogSlate: Slate User Registered.  User Index 0, Is Virtual User: 0
[2018.08.21-13.23.22:274][  0]LogD3D11RHI: D3D11 adapters:
[2018.08.21-13.23.22:385][  0]LogD3D11RHI:    0. 'NVIDIA GeForce GTX 1070' (Feature Level 11_0)
[2018.08.21-13.23.22:385][  0]LogD3D11RHI:       8096/0/16346 MB DedicatedVideo/DedicatedSystem/SharedSystem, Outputs:2, VendorId:0x10de
[2018.08.21-13.23.22:386][  0]LogD3D11RHI:    1. 'Microsoft Basic Render Driver' (Feature Level 11_0)
[2018.08.21-13.23.22:386][  0]LogD3D11RHI:       0/0/16346 MB DedicatedVideo/DedicatedSystem/SharedSystem, Outputs:0, VendorId:0x1414
[2018.08.21-13.23.22:386][  0]LogD3D11RHI: Chosen D3D11 Adapter: 0
[2018.08.21-13.23.22:393][  0]LogD3D11RHI: Creating new Direct3DDevice
[2018.08.21-13.23.22:393][  0]LogD3D11RHI:     GPU DeviceId: 0x1b81 (for the marketing name, search the web for "GPU Device Id")
[2018.08.21-13.23.22:393][  0]LogWindows: EnumDisplayDevices:
[2018.08.21-13.23.22:394][  0]LogWindows:    0. 'NVIDIA GeForce GTX 1070' (P:1 D:1)
[2018.08.21-13.23.22:394][  0]LogWindows:    1. 'NVIDIA GeForce GTX 1070' (P:0 D:1)
[2018.08.21-13.23.22:394][  0]LogWindows:    2. 'NVIDIA GeForce GTX 1070' (P:0 D:0)
[2018.08.21-13.23.22:394][  0]LogWindows:    3. 'NVIDIA GeForce GTX 1070' (P:0 D:0)
[2018.08.21-13.23.22:394][  0]LogWindows: DebugString: GetVideoDriverDetailsInvalid PrimaryIsNotTheChoosenAdapter GetVideoDriverDetailsInvalid PrimaryIsNotTheChoosenAdapter GetVideoDriverDetailsInvalid PrimaryIsNotTheChoosenAdapter GetVideoDriverDetailsInvalid PrimaryIsNotTheChoosenAdapter FoundDriverCount:0 
[2018.08.21-13.23.22:394][  0]LogD3D11RHI:     Adapter Name: NVIDIA GeForce GTX 1070
[2018.08.21-13.23.22:394][  0]LogD3D11RHI:   Driver Version: Unknown (internal:Unknown, unified:Unknown)
[2018.08.21-13.23.22:394][  0]LogD3D11RHI:      Driver Date: Unknown
[2018.08.21-13.23.22:394][  0]LogRHI: Texture pool is 5667 MB (70% of 8096 MB)
[2018.08.21-13.23.22:421][  0]LogD3D11RHI: [Aftermath] Aftermath enabled but failed to initialize
[2018.08.21-13.23.22:421][  0]LogD3D11RHI: [Aftermath] Aftermath enabled and primed
[2018.08.21-13.23.22:421][  0]LogD3D11RHI: Async texture creation enabled
[2018.08.21-13.23.22:434][  0]LogD3D11RHI: GPU Timing Frequency: 1000.000000 (Debug: 2 1)
[2018.08.21-13.23.22:525][  0]LogShaderCompilers: Guid format shader working directory is -8 characters bigger than the processId version (../../../../../DarkActive/Unreal Projects/DarkCrystal/Intermediate/Shaders/WorkingDirectory/16720/).
[2018.08.21-13.23.22:525][  0]LogShaderCompilers: Cleaned the shader compiler working directory 'C:/Users/Kappa/AppData/Local/Temp/UnrealShaderWorkingDir/F17E148947628837C4142092CE6AC50D/'.
[2018.08.21-13.23.22:669][  0]LogTemp: Display: Loaded TP WindowsClientTargetPlatform
[2018.08.21-13.23.22:678][  0]LogTemp: Display: Loaded TP WindowsNoEditorTargetPlatform
[2018.08.21-13.23.22:688][  0]LogTemp: Display: Loaded TP WindowsServerTargetPlatform
[2018.08.21-13.23.22:697][  0]LogTemp: Display: Loaded TP WindowsTargetPlatform
[2018.08.21-13.23.22:697][  0]LogTargetPlatformManager: Display: Building Assets For Windows
[2018.08.21-13.23.22:776][  0]LogXGEController: Cannot use XGE Controller as Incredibuild is not installed on this machine.
[2018.08.21-13.23.22:776][  0]LogShaderCompilers: Cannot use XGE Shader Compiler as Incredibuild is not installed on this machine.
[2018.08.21-13.23.22:776][  0]LogShaderCompilers: Display: Using Local Shader Compiler.
[2018.08.21-13.23.23:245][  0]LogDerivedDataCache: Display: Max Cache Size: 512 MB
[2018.08.21-13.23.23:296][  0]LogDerivedDataCache: Loaded boot cache 0.05s 74MB C:/Users/Kappa/AppData/Local/UnrealEngine/4.19/DerivedDataCache/Boot.ddc.
[2018.08.21-13.23.23:296][  0]LogDerivedDataCache: Display: Loaded Boot cache: C:/Users/Kappa/AppData/Local/UnrealEngine/4.19/DerivedDataCache/Boot.ddc
[2018.08.21-13.23.23:296][  0]LogDerivedDataCache: FDerivedDataBackendGraph:  Pak pak cache file ../../../../../DarkActive/Unreal Projects/DarkCrystal/DerivedDataCache/DDC.ddp not found, will not use a pak cache.
[2018.08.21-13.23.23:296][  0]LogDerivedDataCache: Unable to find inner node Pak for hierarchical cache Hierarchy.
[2018.08.21-13.23.23:296][  0]LogDerivedDataCache: FDerivedDataBackendGraph:  CompressedPak pak cache file ../../../../../DarkActive/Unreal Projects/DarkCrystal/DerivedDataCache/Compressed.ddp not found, will not use a pak cache.
[2018.08.21-13.23.23:296][  0]LogDerivedDataCache: Unable to find inner node CompressedPak for hierarchical cache Hierarchy.
[2018.08.21-13.23.23:308][  0]LogDerivedDataCache: Display: Pak cache opened for reading ../../../Engine/DerivedDataCache/Compressed.ddp.
[2018.08.21-13.23.23:320][  0]LogDerivedDataCache: Using Local data cache path C:/Users/Kappa/AppData/Local/UnrealEngine/Common/DerivedDataCache: Writable
[2018.08.21-13.23.23:320][  0]LogDerivedDataCache: Shared data cache path not found in *engine.ini, will not use an Shared cache.
[2018.08.21-13.23.23:320][  0]LogDerivedDataCache: Unable to find inner node Shared for hierarchical cache Hierarchy.
[2018.08.21-13.23.23:331][  0]LogMaterial: Verifying Global Shaders for PCD3D_SM5
[2018.08.21-13.23.23:332][  0]LogSlate: Using Freetype 2.6.0
[2018.08.21-13.23.23:332][  0]LogSlate: SlateFontCache - WITH_FREETYPE: 1, WITH_HARFBUZZ: 1
[2018.08.21-13.23.23:332][  0]LogSlate: SlateFontCache - WITH_FREETYPE: 1, WITH_HARFBUZZ: 1
[2018.08.21-13.23.23:401][  0]LogAssetRegistry: FAssetRegistry took 0.0042 seconds to start up
[2018.08.21-13.23.23:577][  0]LogPackageLocalizationCache: Processed 9 localized package path(s) for 1 prioritized culture(s) in 0.013712 seconds
[2018.08.21-13.23.23:645][  0]LogInit: Selected Device Profile: [Windows]
[2018.08.21-13.23.23:742][  0]LogSimplygon: Simplygon DLL not present - disabling.
[2018.08.21-13.23.23:744][  0]LogMeshReduction: Using SimplygonSwarm for distributed automatic mesh merging
[2018.08.21-13.23.23:744][  0]LogMeshReduction: Using QuadricMeshReduction for automatic static mesh reduction
[2018.08.21-13.23.23:744][  0]LogMeshReduction: No automatic skeletal mesh reduction module available
[2018.08.21-13.23.23:744][  0]LogMeshReduction: No automatic mesh merging module available
[2018.08.21-13.23.23:744][  0]LogMeshMerging: No automatic mesh merging module available
[2018.08.21-13.23.23:764][  0]LogNetVersion: DarkCrystal , NetCL: 3944462, EngineNetVer: 2, GameNetVer: 0 (Checksum: 1178499891)
[2018.08.21-13.23.24:189][  0]LogMoviePlayer: Initializing movie player
[2018.08.21-13.23.24:419][  0]LogTcpMessaging: Initializing TcpMessaging bridge
[2018.08.21-13.23.24:438][  0]LogUdpMessaging: Initializing bridge on interface 0.0.0.0:0 to multicast group 230.0.0.1:6666.
[2018.08.21-13.23.24:532][  0]LogCollectionManager: Loaded 0 collections in 0.001446 seconds
[2018.08.21-13.23.24:567][  0]LogFileCache: Scanning file cache for directory 'G:/DarkActive/Unreal Projects/DarkCrystal/Saved/Collections/' took 0.01s
[2018.08.21-13.23.24:567][  0]LogFileCache: Scanning file cache for directory 'G:/DarkActive/Unreal Projects/DarkCrystal/Content/Developers/Kappa/Collections/' took 0.01s
[2018.08.21-13.23.24:567][  0]LogFileCache: Scanning file cache for directory 'G:/DarkActive/Unreal Projects/DarkCrystal/Content/Collections/' took 0.01s
[2018.08.21-13.23.24:567][  0]LogCollectionManager: Rebuilt the object cache for 0 collections in 0.000000 seconds (found 0 objects)
[2018.08.21-13.23.24:567][  0]LogCollectionManager: Fixed up redirectors for 0 collections in 0.000068 seconds (updated 0 objects)
[2018.08.21-13.23.24:676][  0]SourceControl: Source control is disabled
[2018.08.21-13.23.24:676][  0]SourceControl: Source control is disabled
[2018.08.21-13.23.24:686][  0]SourceControl: Source control is disabled
[2018.08.21-13.23.24:923][  0]LogAndroidPermission: UAndroidPermissionCallbackProxy::GetInstance
[2018.08.21-13.23.25:010][  0]LogOcInput: OculusInput pre-init called
[2018.08.21-13.23.25:036][  0]LogUObjectArray: 42361 objects as part of root set at end of initial load.
[2018.08.21-13.23.25:036][  0]LogUObjectAllocator: 8957752 out of 0 bytes used by permanent object pool.
[2018.08.21-13.23.25:036][  0]LogUObjectArray: CloseDisregardForGC: 0/0 objects in disregard for GC pool
[2018.08.21-13.23.25:075][  0]LogEngine: Initializing Engine...
[2018.08.21-13.23.25:076][  0]LogHMD: Failed to initialize OpenVR with code 110
[2018.08.21-13.23.25:087][  0]LogStats: UGameplayTagsManager::ConstructGameplayTagTree: Construct from data asset -  0.000 s
[2018.08.21-13.23.25:087][  0]LogStats: UGameplayTagsManager::ConstructGameplayTagTree: GameplayTagTreeChangedEvent.Broadcast -  0.000 s
[2018.08.21-13.23.25:214][  0]LogInit: XAudio2 using 'Speakers (Logitech G633 Gaming Headset)' : 2 channels at 48 kHz using 16 bits per sample (channel mask 0x3)
[2018.08.21-13.23.25:223][  0]LogInit: FAudioDevice initialized.
[2018.08.21-13.23.25:248][  0]LogInit: Texture streaming: Enabled
[2018.08.21-13.23.25:343][  0]LogUObjectGlobals: Created PersistentFrame Addr=0x000001eb58a82200, Size=624, Default__GameInfoInstance_C Function /Game/Blueprints/AllLevels/GameInfoInstance.GameInfoInstance_C:ExecuteUbergraph_GameInfoInstance
[2018.08.21-13.23.25:348][  0]LogUObjectGlobals: Created PersistentFrame Addr=0x000001eb3de3ce00, Size=40, Default__ErrorDialog_C Function /Game/UI/MainMenu/ErrorDialog.ErrorDialog_C:ExecuteUbergraph_ErrorDialog
[2018.08.21-13.23.25:359][  0]LogUObjectGlobals: Created PersistentFrame Addr=0x000001eb58a61ee0, Size=80, Default__HostMenu_C Function /Game/UI/MainMenu/HostMenu.HostMenu_C:ExecuteUbergraph_HostMenu
[2018.08.21-13.23.25:371][  0]LogUObjectGlobals: Created PersistentFrame Addr=0x000001eb3de3cd60, Size=40, Default__MainMenu_C Function /Game/UI/MainMenu/MainMenu.MainMenu_C:ExecuteUbergraph_MainMenu
[2018.08.21-13.23.25:380][  0]LogUObjectGlobals: Created PersistentFrame Addr=0x000001eb589f68d0, Size=104, Default__OptionsMenu_C Function /Game/UI/MainMenu/OptionsMenu.OptionsMenu_C:ExecuteUbergraph_OptionsMenu
[2018.08.21-13.23.25:413][  0]LogUObjectGlobals: Created PersistentFrame Addr=0x000001eb58a2d800, Size=600, Default__ServerMenu_C Function /Game/UI/MainMenu/ServerMenu.ServerMenu_C:ExecuteUbergraph_ServerMenu
[2018.08.21-13.23.25:466][  0]LogUObjectGlobals: Destroyed PersistentFrame Addr=0x000001eb58a82200, Size=624
[2018.08.21-13.23.25:466][  0]LogUObjectGlobals: Created PersistentFrame Addr=0x000001eb4bce9080, Size=624, Default__GameInfoInstance_C Function /Engine/Transient.REINST_GameInfoInstance_C_2:ExecuteUbergraph_GameInfoInstance
[2018.08.21-13.23.25:467][  0]LogUObjectGlobals: Destroyed PersistentFrame Addr=0x000001eb3de3ce00, Size=40
[2018.08.21-13.23.25:467][  0]LogUObjectGlobals: Created PersistentFrame Addr=0x000001eb4bba5d78, Size=40, Default__ErrorDialog_C Function /Engine/Transient.REINST_ErrorDialog_C_0:ExecuteUbergraph_ErrorDialog
[2018.08.21-13.23.25:468][  0]LogUObjectGlobals: Destroyed PersistentFrame Addr=0x000001eb58a61ee0, Size=80
[2018.08.21-13.23.25:468][  0]LogUObjectGlobals: Created PersistentFrame Addr=0x000001eb4bf10950, Size=80, Default__HostMenu_C Function /Engine/Transient.REINST_HostMenu_C_1:ExecuteUbergraph_HostMenu
[2018.08.21-13.23.25:468][  0]LogUObjectGlobals: Destroyed PersistentFrame Addr=0x000001eb3de3cd60, Size=40
[2018.08.21-13.23.25:468][  0]LogUObjectGlobals: Created PersistentFrame Addr=0x000001eb4bba5c88, Size=40, Default__MainMenu_C Function /Engine/Transient.REINST_MainMenu_C_3:ExecuteUbergraph_MainMenu
[2018.08.21-13.23.25:468][  0]LogUObjectGlobals: Destroyed PersistentFrame Addr=0x000001eb589f68d0, Size=104
[2018.08.21-13.23.25:468][  0]LogUObjectGlobals: Created PersistentFrame Addr=0x000001eb4bfeaa90, Size=104, Default__OptionsMenu_C Function /Engine/Transient.REINST_OptionsMenu_C_4:ExecuteUbergraph_OptionsMenu
[2018.08.21-13.23.25:469][  0]LogUObjectGlobals: Destroyed PersistentFrame Addr=0x000001eb58a2d800, Size=600
[2018.08.21-13.23.25:469][  0]LogUObjectGlobals: Created PersistentFrame Addr=0x000001eb4bce8680, Size=600, Default__ServerMenu_C Function /Engine/Transient.REINST_ServerMenu_C_5:ExecuteUbergraph_ServerMenu
[2018.08.21-13.23.25:499][  0]LogUObjectGlobals: Created PersistentFrame Addr=0x000001eb4c551d00, Size=624, Default__GameInfoInstance_C Function /Game/Blueprints/AllLevels/GameInfoInstance.GameInfoInstance_C:ExecuteUbergraph_GameInfoInstance
[2018.08.21-13.23.25:500][  0]LogUObjectGlobals: Created PersistentFrame Addr=0x000001eb4bba6408, Size=40, Default__ErrorDialog_C Function /Game/UI/MainMenu/ErrorDialog.ErrorDialog_C:ExecuteUbergraph_ErrorDialog
[2018.08.21-13.23.25:501][  0]LogUObjectGlobals: Created PersistentFrame Addr=0x000001eb4c4e6a20, Size=80, Default__HostMenu_C Function /Game/UI/MainMenu/HostMenu.HostMenu_C:ExecuteUbergraph_HostMenu
[2018.08.21-13.23.25:502][  0]LogUObjectGlobals: Created PersistentFrame Addr=0x000001eb4bba6de0, Size=40, Default__MainMenu_C Function /Game/UI/MainMenu/MainMenu.MainMenu_C:ExecuteUbergraph_MainMenu
[2018.08.21-13.23.25:504][  0]LogUObjectGlobals: Created PersistentFrame Addr=0x000001eb4c493660, Size=104, Default__OptionsMenu_C Function /Game/UI/MainMenu/OptionsMenu.OptionsMenu_C:ExecuteUbergraph_OptionsMenu
[2018.08.21-13.23.25:506][  0]LogUObjectGlobals: Created PersistentFrame Addr=0x000001eb4c4b3600, Size=592, Default__ServerMenu_C Function /Game/UI/MainMenu/ServerMenu.ServerMenu_C:ExecuteUbergraph_ServerMenu
[2018.08.21-13.23.25:530][  0]LogInit: Display: Game Engine Initialized.
[2018.08.21-13.23.25:530][  0]LogGameplayTags: Display: UGameplayTagsManager::DoneAddingNativeTags. DelegateIsBound: 0
[2018.08.21-13.23.25:530][  0]LogStats: UGameplayTagsManager::ConstructGameplayTagTree: Construct from data asset -  0.000 s
[2018.08.21-13.23.25:530][  0]LogStats: UGameplayTagsManager::ConstructGameplayTagTree: GameplayTagTreeChangedEvent.Broadcast -  0.000 s
[2018.08.21-13.23.25:591][  0]LogInit: Display: Starting Game.
[2018.08.21-13.23.25:591][  0]LogNet: Browse: 127.0.0.1:17777//Game/Maps/MainMenu?Name=Player
[2018.08.21-13.23.25:591][  0]LogOnline: Warning: STEAM: Steam API disabled!
[2018.08.21-13.23.25:591][  0]LogOnline: Display: STEAM: OnlineSubsystemSteam::Shutdown()
[2018.08.21-13.23.25:591][  0]LogTemp: Display: ParseSettings for GameNetDriver
[2018.08.21-13.23.25:591][  0]LogTemp: Display: ParseSettings for IpNetDriver_0
[2018.08.21-13.23.25:591][  0]LogTemp: Display: ParseSettings for PendingNetDriver
[2018.08.21-13.23.25:591][  0]LogInit: WinSock: Socket queue 32768 / 32768
[2018.08.21-13.23.25:592][  0]PacketHandlerLog: Loaded PacketHandler component: Engine.EngineHandlerComponentFactory (StatelessConnectHandlerComponent)
[2018.08.21-13.23.25:592][  0]LogNet: Game client on port 17777, rate 10000
[2018.08.21-13.23.25:646][  0]LogLoad: (Engine Initialization) Total time: 5.56 seconds
[2018.08.21-13.23.25:646][  0]LogLoad: (Engine Initialization) Total Blueprint compile time: 0.00 seconds
[2018.08.21-13.23.25:663][  0]LogWindowsTextInputMethodSystem: Display: IME system now deactivated.
[2018.08.21-13.23.25:667][  0]LogContentStreaming: Texture pool size now 1000 MB
[2018.08.21-13.23.27:618][121]LogHandshake: SendChallengeResponse. Timestamp: 0.763491, Cookie: 161194001186104103165206115236099113092213220046180003237106
[2018.08.21-13.23.27:634][122]LogNetVersion: DarkCrystal 1.0.0.0, NetCL: 3944462, EngineNetVer: 2, GameNetVer: 0 (Checksum: 162565633)
[2018.08.21-13.23.27:634][122]LogNet: UPendingNetGame::SendInitialJoin: Sending hello. [UNetConnection] RemoteAddr: 127.0.0.1:17777, Name: IpConnection_0, Driver: PendingNetDriver IpNetDriver_0, IsServer: NO, PC: NULL, Owner: NULL, UniqueId: INVALID
[2018.08.21-13.23.27:666][124]LogNet: Welcomed by server (Level: /Game/Maps/Arena01, Game: /Game/Blueprints/Gameplay/GameplayGM.GameplayGM_C)
[2018.08.21-13.23.27:666][124]LogLoad: LoadMap: 127.0.0.1:17777//Game/Maps/Arena01?Name=Player?game=/Game/Blueprints/Gameplay/GameplayGM.GameplayGM_C
[2018.08.21-13.23.27:676][124]LogUObjectGlobals: Destroyed PersistentFrame Addr=0x000001eb4bce9080, Size=624
[2018.08.21-13.23.27:676][124]LogUObjectGlobals: Destroyed PersistentFrame Addr=0x000001eb4bba5d78, Size=40
[2018.08.21-13.23.27:676][124]LogUObjectGlobals: Destroyed PersistentFrame Addr=0x000001eb4bf10950, Size=80
[2018.08.21-13.23.27:676][124]LogUObjectGlobals: Destroyed PersistentFrame Addr=0x000001eb4bba5c88, Size=40
[2018.08.21-13.23.27:676][124]LogUObjectGlobals: Destroyed PersistentFrame Addr=0x000001eb4bfeaa90, Size=104
[2018.08.21-13.23.27:676][124]LogUObjectGlobals: Destroyed PersistentFrame Addr=0x000001eb4bce8680, Size=600
[2018.08.21-13.23.27:705][124]LogUObjectGlobals: Created PersistentFrame Addr=0x000001eb4c515c00, Size=256, Default__GameplayGM_C Function /Game/Blueprints/Gameplay/GameplayGM.GameplayGM_C:ExecuteUbergraph_GameplayGM
[2018.08.21-13.23.27:714][124]LogLinker: Can't find file '/Game/Blueprints/Characters/Female/Kachujin/Animations/Montages/AM_Roll'
[2018.08.21-13.23.27:714][124]LogLinker: Can't find file '/Game/Blueprints/Characters/Female/Kachujin/Animations/Montages/AM_Roll'
[2018.08.21-13.23.27:715][124]LogUObjectGlobals: Created PersistentFrame Addr=0x000001eb4bce8180, Size=544, Default__0_Base_C Function /Game/Blueprints/Characters/0_Base.0_Base_C:ExecuteUbergraph_0_Base
[2018.08.21-13.23.27:731][124]LogUObjectGlobals: Created PersistentFrame Addr=0x000001eb4a27f7e0, Size=32, Default__ABP_WoodenBow_C Function /Game/Blueprints/Items/Weapons/WoodenBow/ABP_WoodenBow.ABP_WoodenBow_C:ExecuteUbergraph_ABP_WoodenBow
[2018.08.21-13.23.27:737][124]LogUObjectGlobals: Created PersistentFrame Addr=0x000001eb4bf107c0, Size=72, Default__BPC_MontageManager_C Function /Game/Blueprints/Components/BPC_MontageManager.BPC_MontageManager_C:ExecuteUbergraph_BPC_MontageManager
[2018.08.21-13.23.27:756][124]LogUObjectGlobals: Created PersistentFrame Addr=0x000001eb60c60100, Size=2320, Default__GameplayPC_C Function /Game/Blueprints/Gameplay/GameplayPC.GameplayPC_C:ExecuteUbergraph_GameplayPC
[2018.08.21-13.23.27:759][124]LogUObjectGlobals: Created PersistentFrame Addr=0x000001eb4c4b8940, Size=96, Default__GameplayPS_C Function /Game/Blueprints/Gameplay/GameplayPS.GameplayPS_C:ExecuteUbergraph_GameplayPS
[2018.08.21-13.23.27:784][124]LogUObjectGlobals: Created PersistentFrame Addr=0x000001eb60417240, Size=320, Default__ChatWindow_C Function /Game/UI/AllLevels/ChatWindow.ChatWindow_C:ExecuteUbergraph_ChatWindow
[2018.08.21-13.23.27:786][124]LogUObjectGlobals: Created PersistentFrame Addr=0x000001eb4bf2e780, Size=888, Default__LobbyPC_C Function /Game/Blueprints/Lobby/LobbyPC.LobbyPC_C:ExecuteUbergraph_LobbyPC
[2018.08.21-13.23.27:788][124]LogUObjectGlobals: Created PersistentFrame Addr=0x000001eb603d9900, Size=752, Default__LobbyGM_C Function /Game/Blueprints/Lobby/LobbyGM.LobbyGM_C:ExecuteUbergraph_LobbyGM
[2018.08.21-13.23.27:792][124]LogUObjectGlobals: Created PersistentFrame Addr=0x000001eb603e9580, Size=544, Default__BP_MaleCharacter_C Function /Game/Blueprints/Characters/0_Base.0_Base_C:ExecuteUbergraph_0_Base
[2018.08.21-13.23.27:799][124]LogUObjectGlobals: Created PersistentFrame Addr=0x000001eb603e8e00, Size=544, Default__BP_MaleCharacter_C Function /Game/Blueprints/Characters/0_Base.0_Base_C:ExecuteUbergraph_0_Base
[2018.08.21-13.23.27:810][124]LogUObjectGlobals: Created PersistentFrame Addr=0x000001eb603b6a00, Size=64, Default__ABP_NewBerserker_C Function /Game/Characters/Berserker_S1/Blueprints/ABP_NewBerserker.ABP_NewBerserker_C:ExecuteUbergraph_ABP_NewBerserker
[2018.08.21-13.23.27:821][124]LogUObjectGlobals: Created PersistentFrame Addr=0x000001eb60dc5a80, Size=544, Default__BP_FemaleCharacter_C Function /Game/Blueprints/Characters/0_Base.0_Base_C:ExecuteUbergraph_0_Base
[2018.08.21-13.23.27:824][124]LogUObjectGlobals: Created PersistentFrame Addr=0x000001eb4be8c700, Size=128, Default__ABP_Kachujin_C Function /Game/Characters/Kachujin/ABP_Kachujin.ABP_Kachujin_C:ExecuteUbergraph_ABP_Kachujin
[2018.08.21-13.23.27:866][124]LogUObjectGlobals: Created PersistentFrame Addr=0x000001eb64634b80, Size=544, Default__Tusk_C Function /Game/Blueprints/Characters/0_Base.0_Base_C:ExecuteUbergraph_0_Base
[2018.08.21-13.23.27:870][124]LogUObjectGlobals: Created PersistentFrame Addr=0x000001eb610ed280, Size=64, Default__0_BaseAnimBP_C Function /Game/InfinityBladeWarriors/Animations/0_BaseAnimBP.0_BaseAnimBP_C:ExecuteUbergraph_0_BaseAnimBP
[2018.08.21-13.23.27:895][124]LogUObjectGlobals: Created PersistentFrame Addr=0x000001eb64c2ed40, Size=312, Default__LobbyMenu_C Function /Game/UI/Lobby/LobbyMenu.LobbyMenu_C:ExecuteUbergraph_LobbyMenu
[2018.08.21-13.23.27:898][124]LogUObjectGlobals: Created PersistentFrame Addr=0x000001eb64c1b2e0, Size=80, Default__CharacterSelect_C Function /Game/UI/Lobby/CharacterSelect.CharacterSelect_C:ExecuteUbergraph_CharacterSelect
[2018.08.21-13.23.27:918][124]LogUObjectGlobals: Created PersistentFrame Addr=0x000001eb6462c640, Size=192, Default__GameSettings_C Function /Game/UI/Lobby/GameSettings.GameSettings_C:ExecuteUbergraph_GameSettings
[2018.08.21-13.23.27:920][124]LogUObjectGlobals: Created PersistentFrame Addr=0x000001eb610b6160, Size=32, Default__PlayerButton_C Function /Game/UI/Lobby/PlayerButton.PlayerButton_C:ExecuteUbergraph_PlayerButton
[2018.08.21-13.23.27:954][124]LogUObjectGlobals: Created PersistentFrame Addr=0x000001eb4bbc9600, Size=4, Default__ConnectedPlayer_C Function /Game/UI/Lobby/ConnectedPlayer.ConnectedPlayer_C:ExecuteUbergraph_ConnectedPlayer
[2018.08.21-13.23.28:070][124]LogUObjectGlobals: Destroyed PersistentFrame Addr=0x000001eb610ed280, Size=64
[2018.08.21-13.23.28:070][124]LogUObjectGlobals: Created PersistentFrame Addr=0x000001eb65984f40, Size=64, Default__0_BaseAnimBP_C Function /Engine/Transient.REINST_0_BaseAnimBP_C_0:ExecuteUbergraph_0_BaseAnimBP
[2018.08.21-13.23.28:073][124]LogUObjectGlobals: Destroyed PersistentFrame Addr=0x000001eb4be8c700, Size=128
[2018.08.21-13.23.28:073][124]LogUObjectGlobals: Created PersistentFrame Addr=0x000001eb610f7680, Size=128, Default__ABP_Kachujin_C Function /Engine/Transient.REINST_ABP_Kachujin_C_1:ExecuteUbergraph_ABP_Kachujin
[2018.08.21-13.23.28:073][124]LogUObjectGlobals: Destroyed PersistentFrame Addr=0x000001eb603b6a00, Size=64
[2018.08.21-13.23.28:073][124]LogUObjectGlobals: Created PersistentFrame Addr=0x000001eb65984180, Size=64, Default__ABP_NewBerserker_C Function /Engine/Transient.REINST_ABP_NewBerserker_C_2:ExecuteUbergraph_ABP_NewBerserker
[2018.08.21-13.23.28:073][124]LogUObjectGlobals: Destroyed PersistentFrame Addr=0x000001eb4a27f7e0, Size=32
[2018.08.21-13.23.28:073][124]LogUObjectGlobals: Created PersistentFrame Addr=0x000001eb65c8f160, Size=32, Default__ABP_WoodenBow_C Function /Engine/Transient.REINST_ABP_WoodenBow_C_3:ExecuteUbergraph_ABP_WoodenBow
[2018.08.21-13.23.28:074][124]LogUObjectGlobals: Destroyed PersistentFrame Addr=0x000001eb4bf107c0, Size=72
[2018.08.21-13.23.28:074][124]LogUObjectGlobals: Created PersistentFrame Addr=0x000001eb65c35d00, Size=72, Default__BPC_MontageManager_C Function /Engine/Transient.REINST_BPC_MontageManager_C_19:ExecuteUbergraph_BPC_MontageManager
[2018.08.21-13.23.28:076][124]LogUObjectGlobals: Destroyed PersistentFrame Addr=0x000001eb4bce8180, Size=544
[2018.08.21-13.23.28:076][124]LogUObjectGlobals: Created PersistentFrame Addr=0x000001eb6604fd80, Size=544, Default__0_Base_C Function /Engine/Transient.REINST_0_Base_C_23:ExecuteUbergraph_0_Base
[2018.08.21-13.23.28:077][124]LogUObjectGlobals: Destroyed PersistentFrame Addr=0x000001eb64c1b2e0, Size=80
[2018.08.21-13.23.28:077][124]LogUObjectGlobals: Created PersistentFrame Addr=0x000001eb6603ae30, Size=80, Default__CharacterSelect_C Function /Engine/Transient.REINST_CharacterSelect_C_6:ExecuteUbergraph_CharacterSelect
[2018.08.21-13.23.28:077][124]LogUObjectGlobals: Destroyed PersistentFrame Addr=0x000001eb60417240, Size=320
[2018.08.21-13.23.28:077][124]LogUObjectGlobals: Created PersistentFrame Addr=0x000001eb65a3aac0, Size=320, Default__ChatWindow_C Function /Engine/Transient.REINST_ChatWindow_C_8:ExecuteUbergraph_ChatWindow
[2018.08.21-13.23.28:078][124]LogUObjectGlobals: Destroyed PersistentFrame Addr=0x000001eb4bbc9600, Size=4
[2018.08.21-13.23.28:078][124]LogUObjectGlobals: Created PersistentFrame Addr=0x000001eb64f8d880, Size=4, Default__ConnectedPlayer_C Function /Engine/Transient.REINST_ConnectedPlayer_C_9:ExecuteUbergraph_ConnectedPlayer
[2018.08.21-13.23.28:079][124]LogUObjectGlobals: Destroyed PersistentFrame Addr=0x000001eb60c60100, Size=2320
[2018.08.21-13.23.28:079][124]LogUObjectGlobals: Created PersistentFrame Addr=0x000001eb66034b80, Size=2320, Default__GameplayPC_C Function /Engine/Transient.REINST_GameplayPC_C_26:ExecuteUbergraph_GameplayPC
[2018.08.21-13.23.28:079][124]LogUObjectGlobals: Destroyed PersistentFrame Addr=0x000001eb4c4b8940, Size=96
[2018.08.21-13.23.28:079][124]LogUObjectGlobals: Created PersistentFrame Addr=0x000001eb659b43a0, Size=96, Default__GameplayPS_C Function /Engine/Transient.REINST_GameplayPS_C_27:ExecuteUbergraph_GameplayPS
[2018.08.21-13.23.28:080][124]LogUObjectGlobals: Destroyed PersistentFrame Addr=0x000001eb6462c640, Size=192
[2018.08.21-13.23.28:083][124]LogUObjectGlobals: Created PersistentFrame Addr=0x000001eb603701c0, Size=192, Default__GameSettings_C Function /Engine/Transient.REINST_GameSettings_C_11:ExecuteUbergraph_GameSettings
[2018.08.21-13.23.28:086][124]LogUObjectGlobals: Destroyed PersistentFrame Addr=0x000001eb64c2ed40, Size=312
[2018.08.21-13.23.28:086][124]LogUObjectGlobals: Created PersistentFrame Addr=0x000001eb65a39e40, Size=312, Default__LobbyMenu_C Function /Engine/Transient.REINST_LobbyMenu_C_12:ExecuteUbergraph_LobbyMenu
[2018.08.21-13.23.28:087][124]LogUObjectGlobals: Destroyed PersistentFrame Addr=0x000001eb4bf2e780, Size=888
[2018.08.21-13.23.28:088][124]LogUObjectGlobals: Created PersistentFrame Addr=0x000001eb65fdc100, Size=888, Default__LobbyPC_C Function /Engine/Transient.REINST_LobbyPC_C_28:ExecuteUbergraph_LobbyPC
[2018.08.21-13.23.28:088][124]LogUObjectGlobals: Destroyed PersistentFrame Addr=0x000001eb610b6160, Size=32
[2018.08.21-13.23.28:088][124]LogUObjectGlobals: Created PersistentFrame Addr=0x000001eb65c8e9e0, Size=32, Default__PlayerButton_C Function /Engine/Transient.REINST_PlayerButton_C_13:ExecuteUbergraph_PlayerButton
[2018.08.21-13.23.28:089][124]LogUObjectGlobals: Destroyed PersistentFrame Addr=0x000001eb60dc5a80, Size=544
[2018.08.21-13.23.28:089][124]LogUObjectGlobals: Created PersistentFrame Addr=0x000001eb6604f600, Size=544, Default__BP_FemaleCharacter_C Function /Engine/Transient.REINST_0_Base_C_23:ExecuteUbergraph_0_Base
[2018.08.21-13.23.28:089][124]LogUObjectGlobals: Destroyed PersistentFrame Addr=0x000001eb603e8e00, Size=544
[2018.08.21-13.23.28:089][124]LogUObjectGlobals: Created PersistentFrame Addr=0x000001eb6604f380, Size=544, Default__BP_MaleCharacter_C Function /Engine/Transient.REINST_0_Base_C_23:ExecuteUbergraph_0_Base
[2018.08.21-13.23.28:090][124]LogUObjectGlobals: Destroyed PersistentFrame Addr=0x000001eb4c515c00, Size=256
[2018.08.21-13.23.28:090][124]LogUObjectGlobals: Created PersistentFrame Addr=0x000001eb659bd400, Size=256, Default__GameplayGM_C Function /Engine/Transient.REINST_GameplayGM_C_32:ExecuteUbergraph_GameplayGM
[2018.08.21-13.23.28:090][124]LogUObjectGlobals: Destroyed PersistentFrame Addr=0x000001eb603d9900, Size=752
[2018.08.21-13.23.28:090][124]LogUObjectGlobals: Created PersistentFrame Addr=0x000001eb65fca200, Size=752, Default__LobbyGM_C Function /Engine/Transient.REINST_LobbyGM_C_33:ExecuteUbergraph_LobbyGM
[2018.08.21-13.23.28:091][124]LogUObjectGlobals: Destroyed PersistentFrame Addr=0x000001eb64634b80, Size=544
[2018.08.21-13.23.28:091][124]LogUObjectGlobals: Created PersistentFrame Addr=0x000001eb6604f100, Size=544, Default__Tusk_C Function /Engine/Transient.REINST_0_Base_C_23:ExecuteUbergraph_0_Base
[2018.08.21-13.23.28:262][124]LogUObjectGlobals: Created PersistentFrame Addr=0x000001eb66328220, Size=72, Default__0_BaseAnimBP_C Function /Game/InfinityBladeWarriors/Animations/0_BaseAnimBP.0_BaseAnimBP_C:ExecuteUbergraph_0_BaseAnimBP
[2018.08.21-13.23.28:263][124]LogUObjectGlobals: Created PersistentFrame Addr=0x000001eb662a6b00, Size=128, Default__ABP_Kachujin_C Function /Game/Characters/Kachujin/ABP_Kachujin.ABP_Kachujin_C:ExecuteUbergraph_ABP_Kachujin
[2018.08.21-13.23.28:264][124]LogUObjectGlobals: Created PersistentFrame Addr=0x000001eb6627f5c0, Size=64, Default__ABP_NewBerserker_C Function /Game/Characters/Berserker_S1/Blueprints/ABP_NewBerserker.ABP_NewBerserker_C:ExecuteUbergraph_ABP_NewBerserker
[2018.08.21-13.23.28:264][124]LogUObjectGlobals: Created PersistentFrame Addr=0x000001eb662b9560, Size=32, Default__ABP_WoodenBow_C Function /Game/Blueprints/Items/Weapons/WoodenBow/ABP_WoodenBow.ABP_WoodenBow_C:ExecuteUbergraph_ABP_WoodenBow
[2018.08.21-13.23.28:268][124]LogUObjectGlobals: Created PersistentFrame Addr=0x000001eb66258a90, Size=72, Default__BPC_MontageManager_C Function /Game/Blueprints/Components/BPC_MontageManager.BPC_MontageManager_C:ExecuteUbergraph_BPC_MontageManager
[2018.08.21-13.23.28:273][124]LogUObjectGlobals: Created PersistentFrame Addr=0x000001eb661b6980, Size=536, Default__0_Base_C Function /Game/Blueprints/Characters/0_Base.0_Base_C:ExecuteUbergraph_0_Base
[2018.08.21-13.23.28:276][124]LogUObjectGlobals: Created PersistentFrame Addr=0x000001eb66147d80, Size=80, Default__CharacterSelect_C Function /Game/UI/Lobby/CharacterSelect.CharacterSelect_C:ExecuteUbergraph_CharacterSelect
[2018.08.21-13.23.28:277][124]LogUObjectGlobals: Created PersistentFrame Addr=0x000001eb662fcf40, Size=320, Default__ChatWindow_C Function /Game/UI/AllLevels/ChatWindow.ChatWindow_C:ExecuteUbergraph_ChatWindow
[2018.08.21-13.23.28:278][124]LogUObjectGlobals: Created PersistentFrame Addr=0x000001eb6658a0c0, Size=4, Default__ConnectedPlayer_C Function /Game/UI/Lobby/ConnectedPlayer.ConnectedPlayer_C:ExecuteUbergraph_ConnectedPlayer
[2018.08.21-13.23.28:287][124]LogUObjectGlobals: Created PersistentFrame Addr=0x000001eb6612ab00, Size=2304, Default__GameplayPC_C Function /Game/Blueprints/Gameplay/GameplayPC.GameplayPC_C:ExecuteUbergraph_GameplayPC
[2018.08.21-13.23.28:291][124]LogUObjectGlobals: Created PersistentFrame Addr=0x000001eb6567b7c0, Size=96, Default__GameplayPS_C Function /Game/Blueprints/Gameplay/GameplayPS.GameplayPS_C:ExecuteUbergraph_GameplayPS
[2018.08.21-13.23.28:293][124]LogUObjectGlobals: Created PersistentFrame Addr=0x000001eb48ebcd00, Size=192, Default__GameSettings_C Function /Game/UI/Lobby/GameSettings.GameSettings_C:ExecuteUbergraph_GameSettings
[2018.08.21-13.23.28:296][124]LogUObjectGlobals: Created PersistentFrame Addr=0x000001eb662fc680, Size=320, Default__LobbyMenu_C Function /Game/UI/Lobby/LobbyMenu.LobbyMenu_C:ExecuteUbergraph_LobbyMenu
[2018.08.21-13.23.28:298][124]LogUObjectGlobals: Created PersistentFrame Addr=0x000001eb48f2a780, Size=880, Default__LobbyPC_C Function /Game/Blueprints/Lobby/LobbyPC.LobbyPC_C:ExecuteUbergraph_LobbyPC
[2018.08.21-13.23.28:299][124]LogUObjectGlobals: Created PersistentFrame Addr=0x000001eb48f14120, Size=32, Default__PlayerButton_C Function /Game/UI/Lobby/PlayerButton.PlayerButton_C:ExecuteUbergraph_PlayerButton
[2018.08.21-13.23.28:300][124]LogUObjectGlobals: Created PersistentFrame Addr=0x000001eb48f8ec00, Size=536, Default__BP_FemaleCharacter_C Function /Game/Blueprints/Characters/0_Base.0_Base_C:ExecuteUbergraph_0_Base
[2018.08.21-13.23.28:300][124]LogUObjectGlobals: Created PersistentFrame Addr=0x000001eb48f8e700, Size=536, Default__BP_MaleCharacter_C Function /Game/Blueprints/Characters/0_Base.0_Base_C:ExecuteUbergraph_0_Base
[2018.08.21-13.23.28:302][124]LogUObjectGlobals: Created PersistentFrame Addr=0x000001eb48fd7e00, Size=256, Default__GameplayGM_C Function /Game/Blueprints/Gameplay/GameplayGM.GameplayGM_C:ExecuteUbergraph_GameplayGM
[2018.08.21-13.23.28:305][124]LogUObjectGlobals: Created PersistentFrame Addr=0x000001eb663eeb00, Size=784, Default__LobbyGM_C Function /Game/Blueprints/Lobby/LobbyGM.LobbyGM_C:ExecuteUbergraph_LobbyGM
[2018.08.21-13.23.28:306][124]LogUObjectGlobals: Created PersistentFrame Addr=0x000001eb48f8c400, Size=536, Default__Tusk_C Function /Game/Blueprints/Characters/0_Base.0_Base_C:ExecuteUbergraph_0_Base
[2018.08.21-13.23.28:696][124]LogSkeletalMesh: Skeletal Mesh found in DDC [0.409357ms] /Game/InfinityBladeWarriors/Character/CompleteCharacters/SK_CharM_Tusk.SK_CharM_Tusk
[2018.08.21-13.23.28:699][124]LogSkeletalMesh: Skeletal Mesh found in DDC [0.221867ms] /Game/Blueprints/Items/Weapons/WoodenBow/SK_WoodenBow.SK_WoodenBow
[2018.08.21-13.23.28:715][124]LogSkeletalMesh: Skeletal Mesh found in DDC [1.168093ms] /Game/Characters/Kachujin/SK_Kachujin.SK_Kachujin
[2018.08.21-13.23.28:733][124]LogSkeletalMesh: Skeletal Mesh found in DDC [2.726282ms] /Game/Characters/Berserker_S1/Meshes/Combines/SK_Berserker.SK_Berserker
[2018.08.21-13.23.28:785][124]LogSkeletalMesh: Skeletal Mesh found in DDC [0.281357ms] /Game/Blueprints/Items/Weapons/RelicSword/SK_RelicSword.SK_RelicSword
[2018.08.21-13.23.28:916][124]LogAIModule: Creating AISystem for world Arena01
[2018.08.21-13.23.28:916][124]LogTemp: Display: ParseSettings for GameNetDriver
[2018.08.21-13.23.28:919][124]LogWorld: Bringing World /Game/Maps/Arena01.Arena01 up for play (max tick rate 0) at 2018.08.21-06.23.28
[2018.08.21-13.23.28:919][124]LogWorld: Bringing up level for play took: 0.002102
[2018.08.21-13.23.28:921][124]LogLoad: Took 1.255152 seconds to LoadMap(/Game/Maps/Arena01)
[2018.08.21-13.23.28:963][125]LogRenderer: Reallocating scene render targets to support 640x480 Format 10 NumSamples 1 (Frame:1).
[2018.08.21-13.23.29:122][132]LogSlate: Took 0.000185 seconds to synchronously load lazily loaded font '../../../Engine/Content/Slate/Fonts/Roboto-Regular.ttf' (155K)
[2018.08.21-13.23.29:296][143]LogOnline: Warning: OSS: No game present to join for session (GameSession)
[2018.08.21-13.23.29:330][145]LogOnline: Warning: OSS: No game present to join for session (GameSession)
[2018.08.21-13.23.29:343][146]LogOnline: Warning: OSS: No game present to join for session (GameSession)
[2018.08.21-13.23.33:462][401]LogOnline: Warning: OSS: No game present to leave for session (GameSession)
[2018.08.21-13.23.33:462][401]LogNet: Warning: Network Failure: GameNetDriver[FailureReceived]: Host closed the connection.
[2018.08.21-13.23.33:462][401]LogNet: NetworkFailure: FailureReceived, Error: 'Host closed the connection.'
[2018.08.21-13.23.33:463][401]LogNet: UNetConnection::Close: [UNetConnection] RemoteAddr: 127.0.0.1:17777, Name: IpConnection_0, Driver: GameNetDriver IpNetDriver_0, IsServer: NO, PC: GameplayPC_C_0, Owner: GameplayPC_C_0, UniqueId: DESKTOP-LI0N2FC-0D2EFFCE4459424BEDDFBF801FD80421, Channels: 12, Time: 2018.08.21-13.23.33
[2018.08.21-13.23.33:463][401]LogNet: UChannel::Close: Sending CloseBunch. ChIndex == 0. Name: [UChannel] ChIndex: 0, Closing: 0 [UNetConnection] RemoteAddr: 127.0.0.1:17777, Name: IpConnection_0, Driver: GameNetDriver IpNetDriver_0, IsServer: NO, PC: GameplayPC_C_0, Owner: GameplayPC_C_0, UniqueId: DESKTOP-LI0N2FC-0D2EFFCE4459424BEDDFBF801FD80421
[2018.08.21-13.23.33:463][401]LogNet: Warning: Network Failure: GameNetDriver[ConnectionLost]: Your connection to the host has been lost.
[2018.08.21-13.23.33:463][401]LogNet: NetworkFailure: ConnectionLost, Error: 'Your connection to the host has been lost.'
[2018.08.21-13.23.33:478][402]LogNet: Browse: /Game/Maps/MainMenu?closed
[2018.08.21-13.23.33:478][402]LogNet: Failed; returning to Entry
[2018.08.21-13.23.33:522][402]LogLoad: LoadMap: /Game/Maps/MainMenu?closed
[2018.08.21-13.23.33:522][402]LogNet: World NetDriver shutdown IpNetDriver_0 [GameNetDriver]
[2018.08.21-13.23.33:522][402]LogNet: DestroyNamedNetDriver IpNetDriver_0 [GameNetDriver]
[2018.08.21-13.23.33:522][402]LogExit: GameNetDriver IpNetDriver_0 shut down
[2018.08.21-13.23.33:542][402]LogUObjectGlobals: Destroyed PersistentFrame Addr=0x000001eb659b43a0, Size=96
[2018.08.21-13.23.33:542][402]LogUObjectGlobals: Destroyed PersistentFrame Addr=0x000001eb66034b80, Size=2320
[2018.08.21-13.23.33:542][402]LogUObjectGlobals: Destroyed PersistentFrame Addr=0x000001eb65c35d00, Size=72
[2018.08.21-13.23.33:542][402]LogUObjectGlobals: Destroyed PersistentFrame Addr=0x000001eb65c8f160, Size=32
[2018.08.21-13.23.33:542][402]LogUObjectGlobals: Destroyed PersistentFrame Addr=0x000001eb6604fd80, Size=544
[2018.08.21-13.23.33:542][402]LogUObjectGlobals: Destroyed PersistentFrame Addr=0x000001eb659bd400, Size=256
[2018.08.21-13.23.33:543][402]LogUObjectGlobals: Destroyed PersistentFrame Addr=0x000001eb65a3aac0, Size=320
[2018.08.21-13.23.33:543][402]LogUObjectGlobals: Destroyed PersistentFrame Addr=0x000001eb65fdc100, Size=888
[2018.08.21-13.23.33:543][402]LogUObjectGlobals: Destroyed PersistentFrame Addr=0x000001eb65fca200, Size=752
[2018.08.21-13.23.33:543][402]LogUObjectGlobals: Destroyed PersistentFrame Addr=0x000001eb6604f380, Size=544
[2018.08.21-13.23.33:543][402]LogUObjectGlobals: Destroyed PersistentFrame Addr=0x000001eb65984180, Size=64
[2018.08.21-13.23.33:543][402]LogUObjectGlobals: Destroyed PersistentFrame Addr=0x000001eb6604f600, Size=544
[2018.08.21-13.23.33:543][402]LogUObjectGlobals: Destroyed PersistentFrame Addr=0x000001eb610f7680, Size=128
[2018.08.21-13.23.33:543][402]LogUObjectGlobals: Destroyed PersistentFrame Addr=0x000001eb6604f100, Size=544
[2018.08.21-13.23.33:543][402]LogUObjectGlobals: Destroyed PersistentFrame Addr=0x000001eb65984f40, Size=64
[2018.08.21-13.23.33:543][402]LogUObjectGlobals: Destroyed PersistentFrame Addr=0x000001eb65a39e40, Size=312
[2018.08.21-13.23.33:543][402]LogUObjectGlobals: Destroyed PersistentFrame Addr=0x000001eb6603ae30, Size=80
[2018.08.21-13.23.33:543][402]LogUObjectGlobals: Destroyed PersistentFrame Addr=0x000001eb603701c0, Size=192
[2018.08.21-13.23.33:543][402]LogUObjectGlobals: Destroyed PersistentFrame Addr=0x000001eb65c8e9e0, Size=32
[2018.08.21-13.23.33:543][402]LogUObjectGlobals: Destroyed PersistentFrame Addr=0x000001eb64f8d880, Size=4
[2018.08.21-13.23.33:550][402]LogUObjectGlobals: Created PersistentFrame Addr=0x000001eb4be92580, Size=32, Default__MainMenu_C Function /Game/Maps/MainMenu.MainMenu_C:ExecuteUbergraph_MainMenu
[2018.08.21-13.23.33:551][402]LogUObjectGlobals: Destroyed PersistentFrame Addr=0x000001eb4be92580, Size=32
[2018.08.21-13.23.33:551][402]LogUObjectGlobals: Created PersistentFrame Addr=0x000001eb4be92580, Size=32, Default__MainMenu_C Function /Engine/Transient.REINST_MainMenu_C_71:ExecuteUbergraph_MainMenu
[2018.08.21-13.23.33:552][402]LogUObjectGlobals: Created PersistentFrame Addr=0x000001eb65003540, Size=32, Default__MainMenu_C Function /Game/Maps/MainMenu.MainMenu_C:ExecuteUbergraph_MainMenu
[2018.08.21-13.23.33:555][402]LogAIModule: Creating AISystem for world MainMenu
[2018.08.21-13.23.33:557][402]LogUObjectGlobals: Created PersistentFrame Addr=0x000001eb77dc1d00, Size=272, Default__ThirdPersonCharacter_C Function /Game/ThirdPersonBP/Blueprints/ThirdPersonCharacter.ThirdPersonCharacter_C:ExecuteUbergraph_ThirdPersonCharacter
[2018.08.21-13.23.33:560][402]LogUObjectGlobals: Created PersistentFrame Addr=0x000001eb65410c70, Size=72, Default__ThirdPerson_AnimBP_C Function /Game/Mannequin/Animations/ThirdPerson_AnimBP.ThirdPerson_AnimBP_C:ExecuteUbergraph_ThirdPerson_AnimBP
[2018.08.21-13.23.33:573][402]LogUObjectGlobals: Destroyed PersistentFrame Addr=0x000001eb65410c70, Size=72
[2018.08.21-13.23.33:573][402]LogUObjectGlobals: Created PersistentFrame Addr=0x000001eb663e6f20, Size=72, Default__ThirdPerson_AnimBP_C Function /Engine/Transient.REINST_ThirdPerson_AnimBP_C_4:ExecuteUbergraph_ThirdPerson_AnimBP
[2018.08.21-13.23.33:573][402]LogUObjectGlobals: Destroyed PersistentFrame Addr=0x000001eb77dc1d00, Size=272
[2018.08.21-13.23.33:573][402]LogUObjectGlobals: Created PersistentFrame Addr=0x000001eb71a20a40, Size=272, Default__ThirdPersonCharacter_C Function /Engine/Transient.REINST_ThirdPersonCharacter_C_73:ExecuteUbergraph_ThirdPersonCharacter
[2018.08.21-13.23.33:583][402]LogUObjectGlobals: Created PersistentFrame Addr=0x000001eb6664cb80, Size=72, Default__ThirdPerson_AnimBP_C Function /Game/Mannequin/Animations/ThirdPerson_AnimBP.ThirdPerson_AnimBP_C:ExecuteUbergraph_ThirdPerson_AnimBP
[2018.08.21-13.23.33:584][402]LogUObjectGlobals: Created PersistentFrame Addr=0x000001eb7821de40, Size=272, Default__ThirdPersonCharacter_C Function /Game/ThirdPersonBP/Blueprints/ThirdPersonCharacter.ThirdPersonCharacter_C:ExecuteUbergraph_ThirdPersonCharacter
[2018.08.21-13.23.33:619][402]LogSkeletalMesh: Skeletal Mesh found in DDC [8.706938ms] /Game/Mannequin/Character/Mesh/SK_Mannequin.SK_Mannequin
[2018.08.21-13.23.33:631][402]LogLoad: Game class is 'ThirdPersonGameMode_C'
[2018.08.21-13.23.33:631][402]LogWorld: Bringing World /Game/Maps/MainMenu.MainMenu up for play (max tick rate 0) at 2018.08.21-06.23.33
[2018.08.21-13.23.33:632][402]LogWorld: Bringing up level for play took: 0.000333
[2018.08.21-13.23.33:632][402]LogGameMode: FindPlayerStart: PATHS NOT DEFINED or NO PLAYERSTART with positive rating
[2018.08.21-13.23.33:632][402]LogGameMode: Display: Match State Changed from EnteringMap to WaitingToStart
[2018.08.21-13.23.33:632][402]LogGameState: Match State Changed from EnteringMap to WaitingToStart
[2018.08.21-13.23.33:632][402]LogGameMode: Display: Match State Changed from WaitingToStart to InProgress
[2018.08.21-13.23.33:634][402]LogGameState: Match State Changed from WaitingToStart to InProgress
[2018.08.21-13.23.33:634][402]LogLoad: Took 0.111807 seconds to LoadMap(/Game/Maps/MainMenu)
[2018.08.21-13.23.33:664][402]LogUObjectGlobals: Destroyed PersistentFrame Addr=0x000001eb66328220, Size=72
[2018.08.21-13.23.33:664][402]LogUObjectGlobals: Destroyed PersistentFrame Addr=0x000001eb662a6b00, Size=128
[2018.08.21-13.23.33:664][402]LogUObjectGlobals: Destroyed PersistentFrame Addr=0x000001eb6627f5c0, Size=64
[2018.08.21-13.23.33:664][402]LogUObjectGlobals: Destroyed PersistentFrame Addr=0x000001eb662b9560, Size=32
[2018.08.21-13.23.33:664][402]LogUObjectGlobals: Destroyed PersistentFrame Addr=0x000001eb66258a90, Size=72
[2018.08.21-13.23.33:664][402]LogUObjectGlobals: Destroyed PersistentFrame Addr=0x000001eb661b6980, Size=536
[2018.08.21-13.23.33:664][402]LogUObjectGlobals: Destroyed PersistentFrame Addr=0x000001eb66147d80, Size=80
[2018.08.21-13.23.33:664][402]LogUObjectGlobals: Destroyed PersistentFrame Addr=0x000001eb662fcf40, Size=320
[2018.08.21-13.23.33:664][402]LogUObjectGlobals: Destroyed PersistentFrame Addr=0x000001eb6658a0c0, Size=4
[2018.08.21-13.23.33:664][402]LogUObjectGlobals: Destroyed PersistentFrame Addr=0x000001eb6612ab00, Size=2304
[2018.08.21-13.23.33:664][402]LogUObjectGlobals: Destroyed PersistentFrame Addr=0x000001eb6567b7c0, Size=96
[2018.08.21-13.23.33:664][402]LogUObjectGlobals: Destroyed PersistentFrame Addr=0x000001eb48ebcd00, Size=192
[2018.08.21-13.23.33:664][402]LogUObjectGlobals: Destroyed PersistentFrame Addr=0x000001eb662fc680, Size=320
[2018.08.21-13.23.33:664][402]LogUObjectGlobals: Destroyed PersistentFrame Addr=0x000001eb48f2a780, Size=880
[2018.08.21-13.23.33:664][402]LogUObjectGlobals: Destroyed PersistentFrame Addr=0x000001eb48f14120, Size=32
[2018.08.21-13.23.33:664][402]LogUObjectGlobals: Destroyed PersistentFrame Addr=0x000001eb48f8ec00, Size=536
[2018.08.21-13.23.33:664][402]LogUObjectGlobals: Destroyed PersistentFrame Addr=0x000001eb48f8e700, Size=536
[2018.08.21-13.23.33:664][402]LogUObjectGlobals: Destroyed PersistentFrame Addr=0x000001eb48fd7e00, Size=256
[2018.08.21-13.23.33:664][402]LogUObjectGlobals: Destroyed PersistentFrame Addr=0x000001eb663eeb00, Size=784
[2018.08.21-13.23.33:664][402]LogUObjectGlobals: Destroyed PersistentFrame Addr=0x000001eb48f8c400, Size=536
[2018.08.21-13.23.33:668][402]LogUObjectGlobals: Destroyed PersistentFrame Addr=0x000001eb663e6f20, Size=72
[2018.08.21-13.23.33:668][402]LogUObjectGlobals: Destroyed PersistentFrame Addr=0x000001eb71a20a40, Size=272
[2018.08.21-13.23.33:668][402]LogUObjectGlobals: Destroyed PersistentFrame Addr=0x000001eb4be92580, Size=32
