Log file open, 08/22/18 00:35:30
LogWindows: Failed to load 'aqProf.dll' (GetLastError=126)
LogWindows: File 'aqProf.dll' does not exist
LogWindows: Failed to load 'VtuneApi.dll' (GetLastError=126)
LogWindows: File 'VtuneApi.dll' does not exist
LogWindows: Failed to load 'VtuneApi32e.dll' (GetLastError=126)
LogWindows: File 'VtuneApi32e.dll' does not exist
LogInit: Display: Running engine for game: DarkCrystal
LogPlatformFile: Not using cached read wrapper
LogInit: Display: RandInit(-1989817031) SRandInit(-1989817031).
LogInit: Read version file with build ID '3944462'
LogInit: Overriding engine version to CL 4033788, compatible CL 3944462
LogInit: Registered custom module enumerator with build ID '3944462'
LogTaskGraph: Started task graph with 5 named threads and 17 total threads with 3 sets of task threads.
LogStats: Stats thread started at 0.210502
LogD3D11RHI: Aftermath initialized
LogICUInternationalization: Display: ICU TimeZone Detection - Raw Offset: -8:00, Platform Override: ''
LogModuleManager: Display: Found up-to-date module file ../../../Engine/Plugins/Online/OnlineSubsystemSteam/Binaries/Win64/UE4Editor-OnlineSubsystemSteam.dll (API version 3944462).
LogModuleManager: Display: Found up-to-date module file ../../../Engine/Plugins/Online/OnlineSubsystem/Binaries/Win64/UE4Editor-OnlineSubsystem.dll (API version 3944462).
LogModuleManager: Display: Found up-to-date module file ../../../Engine/Plugins/Online/OnlineSubsystemUtils/Binaries/Win64/UE4Editor-OnlineSubsystemUtils.dll (API version 3944462).
LogModuleManager: Display: Found up-to-date module file ../../../Engine/Plugins/Online/OnlineSubsystemUtils/Binaries/Win64/UE4Editor-OnlineBlueprintSupport.dll (API version 3944462).
LogModuleManager: Display: Found up-to-date module file ../../../Engine/Plugins/VictoryPlugin/Binaries/Win64/UE4Editor-VictoryBPLibrary.dll (API version 3944462).
LogModuleManager: Display: Found up-to-date module file ../../../Engine/Plugins/Runtime/ApexDestruction/Binaries/Win64/UE4Editor-ApexDestruction.dll (API version 3944462).
LogModuleManager: Display: Found up-to-date module file ../../../Engine/Plugins/Runtime/ApexDestruction/Binaries/Win64/UE4Editor-ApexDestructionEditor.dll (API version 3944462).
LogModuleManager: Display: Found up-to-date module file ../../../Engine/Plugins/AdvancedSessions/AdvancedSessions/Binaries/Win64/UE4Editor-AdvancedSessions.dll (API version 3944462).
LogModuleManager: Display: Found up-to-date module file ../../../Engine/Plugins/AdvancedSessions/AdvancedSteamSessions/Binaries/Win64/UE4Editor-AdvancedSteamSessions.dll (API version 3944462).
LogModuleManager: Display: Found up-to-date module file ../../../Engine/Plugins/2D/Paper2D/Binaries/Win64/UE4Editor-Paper2D.dll (API version 3944462).
LogModuleManager: Display: Found up-to-date module file ../../../Engine/Plugins/2D/Paper2D/Binaries/Win64/UE4Editor-Paper2DEditor.dll (API version 3944462).
LogModuleManager: Display: Found up-to-date module file ../../../Engine/Plugins/2D/Paper2D/Binaries/Win64/UE4Editor-PaperSpriteSheetImporter.dll (API version 3944462).
LogModuleManager: Display: Found up-to-date module file ../../../Engine/Plugins/2D/Paper2D/Binaries/Win64/UE4Editor-PaperTiledImporter.dll (API version 3944462).
LogModuleManager: Display: Found up-to-date module file ../../../Engine/Plugins/2D/Paper2D/Binaries/Win64/UE4Editor-SmartSnapping.dll (API version 3944462).
LogModuleManager: Display: Found up-to-date module file ../../../Engine/Plugins/Blendables/LightPropagationVolume/Binaries/Win64/UE4Editor-LightPropagationVolumeRuntime.dll (API version 3944462).
LogModuleManager: Display: Found up-to-date module file ../../../Engine/Plugins/Blendables/LightPropagationVolume/Binaries/Win64/UE4Editor-LightPropagationVolumeEditor.dll (API version 3944462).
LogModuleManager: Display: Found up-to-date module file ../../../Engine/Plugins/Developer/CLionSourceCodeAccess/Binaries/Win64/UE4Editor-CLionSourceCodeAccess.dll (API version 3944462).
LogModuleManager: Display: Found up-to-date module file ../../../Engine/Plugins/Developer/GitSourceControl/Binaries/Win64/UE4Editor-GitSourceControl.dll (API version 3944462).
LogModuleManager: Display: Found up-to-date module file ../../../Engine/Plugins/Developer/PerforceSourceControl/Binaries/Win64/UE4Editor-PerforceSourceControl.dll (API version 3944462).
LogModuleManager: Display: Found up-to-date module file ../../../Engine/Plugins/Developer/SubversionSourceControl/Binaries/Win64/UE4Editor-SubversionSourceControl.dll (API version 3944462).
LogModuleManager: Display: Found up-to-date module file ../../../Engine/Plugins/Developer/UObjectPlugin/Binaries/Win64/UE4Editor-UObjectPlugin.dll (API version 3944462).
LogModuleManager: Display: Found up-to-date module file ../../../Engine/Plugins/Developer/VisualStudioCodeSourceCodeAccess/Binaries/Win64/UE4Editor-VisualStudioCodeSourceCodeAccess.dll (API version 3944462).
LogModuleManager: Display: Found up-to-date module file ../../../Engine/Plugins/Developer/VisualStudioSourceCodeAccess/Binaries/Win64/UE4Editor-VisualStudioSourceCodeAccess.dll (API version 3944462).
LogModuleManager: Display: Found up-to-date module file ../../../Engine/Plugins/Editor/AssetManagerEditor/Binaries/Win64/UE4Editor-AssetManagerEditor.dll (API version 3944462).
LogModuleManager: Display: Found up-to-date module file ../../../Engine/Plugins/Editor/CryptoKeys/Binaries/Win64/UE4Editor-CryptoKeys.dll (API version 3944462).
LogModuleManager: Display: Found up-to-date module file ../../../Engine/Plugins/Editor/CryptoKeys/Binaries/Win64/UE4Editor-CryptoKeysOpenSSL.dll (API version 3944462).
LogModuleManager: Display: Found up-to-date module file ../../../Engine/Plugins/Editor/DataValidation/Binaries/Win64/UE4Editor-DataValidation.dll (API version 3944462).
LogModuleManager: Display: Found up-to-date module file ../../../Engine/Plugins/Editor/FacialAnimation/Binaries/Win64/UE4Editor-FacialAnimation.dll (API version 3944462).
LogModuleManager: Display: Found up-to-date module file ../../../Engine/Plugins/Editor/FacialAnimation/Binaries/Win64/UE4Editor-FacialAnimationEditor.dll (API version 3944462).
LogModuleManager: Display: Found up-to-date module file ../../../Engine/Plugins/Editor/GameplayTagsEditor/Binaries/Win64/UE4Editor-GameplayTagsEditor.dll (API version 3944462).
LogModuleManager: Display: Found up-to-date module file ../../../Engine/Plugins/Editor/MobileLauncherProfileWizard/Binaries/Win64/UE4Editor-MobileLauncherProfileWizard.dll (API version 3944462).
LogModuleManager: Display: Found up-to-date module file ../../../Engine/Plugins/Editor/PluginBrowser/Binaries/Win64/UE4Editor-PluginBrowser.dll (API version 3944462).
LogModuleManager: Display: Found up-to-date module file ../../../Engine/Plugins/Editor/SpeedTreeImporter/Binaries/Win64/UE4Editor-SpeedTreeImporter.dll (API version 3944462).
LogModuleManager: Display: Found up-to-date module file ../../../Engine/Plugins/Enterprise/DatasmithContent/Binaries/Win64/UE4Editor-DatasmithContent.dll (API version 3944462).
LogModuleManager: Display: Found up-to-date module file ../../../Engine/Plugins/Experimental/AlembicImporter/Binaries/Win64/UE4Editor-AlembicImporter.dll (API version 3944462).
LogModuleManager: Display: Found up-to-date module file ../../../Engine/Plugins/Experimental/AlembicImporter/Binaries/Win64/UE4Editor-AlembicLibrary.dll (API version 3944462).
LogModuleManager: Display: Found up-to-date module file ../../../Engine/Plugins/Experimental/CharacterAI/Binaries/Win64/UE4Editor-CharacterAI.dll (API version 3944462).
LogModuleManager: Display: Found up-to-date module file ../../../Engine/Plugins/Experimental/HTML5Networking/Binaries/Win64/UE4Editor-HTML5Networking.dll (API version 3944462).
LogModuleManager: Display: Found up-to-date module file ../../../Engine/Plugins/Media/AndroidMedia/Binaries/Win64/UE4Editor-AndroidMediaEditor.dll (API version 3944462).
LogModuleManager: Display: Found up-to-date module file ../../../Engine/Plugins/Media/AndroidMedia/Binaries/Win64/UE4Editor-AndroidMediaFactory.dll (API version 3944462).
LogModuleManager: Display: Found up-to-date module file ../../../Engine/Plugins/Media/AvfMedia/Binaries/Win64/UE4Editor-AvfMediaEditor.dll (API version 3944462).
LogModuleManager: Display: Found up-to-date module file ../../../Engine/Plugins/Media/AvfMedia/Binaries/Win64/UE4Editor-AvfMediaFactory.dll (API version 3944462).
LogModuleManager: Display: Found up-to-date module file ../../../Engine/Plugins/Media/AvfMedia/Binaries/Win64/UE4Editor-AvfMediaFactory.dll (API version 3944462).
LogModuleManager: Display: Found up-to-date module file ../../../Engine/Plugins/Media/ImgMedia/Binaries/Win64/UE4Editor-ImgMedia.dll (API version 3944462).
LogModuleManager: Display: Found up-to-date module file ../../../Engine/Plugins/Media/ImgMedia/Binaries/Win64/UE4Editor-ImgMediaEditor.dll (API version 3944462).
LogModuleManager: Display: Found up-to-date module file ../../../Engine/Plugins/Media/ImgMedia/Binaries/Win64/UE4Editor-ImgMediaFactory.dll (API version 3944462).
LogModuleManager: Display: Found up-to-date module file ../../../Engine/Plugins/Media/ImgMedia/Binaries/Win64/UE4Editor-ImgMediaFactory.dll (API version 3944462).
LogModuleManager: Display: Found up-to-date module file ../../../Engine/Plugins/Media/ImgMedia/Binaries/Win64/UE4Editor-OpenExrWrapper.dll (API version 3944462).
LogModuleManager: Display: Found up-to-date module file ../../../Engine/Plugins/Media/LinearTimecode/Binaries/Win64/UE4Editor-LinearTimecode.dll (API version 3944462).
LogModuleManager: Display: Found up-to-date module file ../../../Engine/Plugins/Media/MediaCompositing/Binaries/Win64/UE4Editor-MediaCompositing.dll (API version 3944462).
LogModuleManager: Display: Found up-to-date module file ../../../Engine/Plugins/Media/MediaCompositing/Binaries/Win64/UE4Editor-MediaCompositingEditor.dll (API version 3944462).
LogModuleManager: Display: Found up-to-date module file ../../../Engine/Plugins/Media/MediaPlayerEditor/Binaries/Win64/UE4Editor-MediaPlayerEditor.dll (API version 3944462).
LogModuleManager: Display: Found up-to-date module file ../../../Engine/Plugins/Media/WmfMedia/Binaries/Win64/UE4Editor-WmfMedia.dll (API version 3944462).
LogModuleManager: Display: Found up-to-date module file ../../../Engine/Plugins/Media/WmfMedia/Binaries/Win64/UE4Editor-WmfMediaEditor.dll (API version 3944462).
LogModuleManager: Display: Found up-to-date module file ../../../Engine/Plugins/Media/WmfMedia/Binaries/Win64/UE4Editor-WmfMediaFactory.dll (API version 3944462).
LogModuleManager: Display: Found up-to-date module file ../../../Engine/Plugins/Media/WmfMedia/Binaries/Win64/UE4Editor-WmfMediaFactory.dll (API version 3944462).
LogModuleManager: Display: Found up-to-date module file ../../../Engine/Plugins/Messaging/TcpMessaging/Binaries/Win64/UE4Editor-TcpMessaging.dll (API version 3944462).
LogModuleManager: Display: Found up-to-date module file ../../../Engine/Plugins/Messaging/UdpMessaging/Binaries/Win64/UE4Editor-UdpMessaging.dll (API version 3944462).
LogModuleManager: Display: Found up-to-date module file ../../../Engine/Plugins/MovieScene/ActorSequence/Binaries/Win64/UE4Editor-ActorSequence.dll (API version 3944462).
LogModuleManager: Display: Found up-to-date module file ../../../Engine/Plugins/MovieScene/LevelSequenceEditor/Binaries/Win64/UE4Editor-LevelSequenceEditor.dll (API version 3944462).
LogModuleManager: Display: Found up-to-date module file ../../../Engine/Plugins/MovieScene/MatineeToLevelSequence/Binaries/Win64/UE4Editor-MatineeToLevelSequence.dll (API version 3944462).
LogModuleManager: Display: Found up-to-date module file ../../../Engine/Plugins/NetcodeUnitTest/NetcodeUnitTest/Binaries/Win64/UE4Editor-NetcodeUnitTest.dll (API version 3944462).
LogModuleManager: Display: Found up-to-date module file ../../../Engine/Plugins/NetcodeUnitTest/NUTUnrealEngine4/Binaries/Win64/UE4Editor-NUTUnrealEngine4.dll (API version 3944462).
LogModuleManager: Display: Found up-to-date module file ../../../Engine/Plugins/Runtime/AndroidPermission/Binaries/Win64/UE4Editor-AndroidPermission.dll (API version 3944462).
LogModuleManager: Display: Found up-to-date module file ../../../Engine/Plugins/Online/OnlineSubsystemNull/Binaries/Win64/UE4Editor-OnlineSubsystemNull.dll (API version 3944462).
LogModuleManager: Display: Found up-to-date module file ../../../Engine/Plugins/Runtime/AndroidDeviceProfileSelector/Binaries/Win64/UE4Editor-AndroidDeviceProfileSelector.dll (API version 3944462).
LogModuleManager: Display: Found up-to-date module file ../../../Engine/Plugins/Runtime/AppleARKit/Binaries/Win64/UE4Editor-AppleARKit.dll (API version 3944462).
LogModuleManager: Display: Found up-to-date module file ../../../Engine/Plugins/Runtime/ProceduralMeshComponent/Binaries/Win64/UE4Editor-ProceduralMeshComponent.dll (API version 3944462).
LogModuleManager: Display: Found up-to-date module file ../../../Engine/Plugins/Runtime/ProceduralMeshComponent/Binaries/Win64/UE4Editor-ProceduralMeshComponentEditor.dll (API version 3944462).
LogModuleManager: Display: Found up-to-date module file ../../../Engine/Plugins/Animation/LiveLink/Binaries/Win64/UE4Editor-LiveLink.dll (API version 3944462).
LogModuleManager: Display: Found up-to-date module file ../../../Engine/Plugins/Animation/LiveLink/Binaries/Win64/UE4Editor-LiveLinkEditor.dll (API version 3944462).
LogModuleManager: Display: Found up-to-date module file ../../../Engine/Plugins/Runtime/ArchVisCharacter/Binaries/Win64/UE4Editor-ArchVisCharacter.dll (API version 3944462).
LogModuleManager: Display: Found up-to-date module file ../../../Engine/Plugins/Runtime/AudioCapture/Binaries/Win64/UE4Editor-AudioCapture.dll (API version 3944462).
LogModuleManager: Display: Found up-to-date module file ../../../Engine/Plugins/Runtime/AudioCapture/Binaries/Win64/UE4Editor-AudioCaptureEditor.dll (API version 3944462).
LogModuleManager: Display: Found up-to-date module file ../../../Engine/Plugins/Runtime/CableComponent/Binaries/Win64/UE4Editor-CableComponent.dll (API version 3944462).
LogModuleManager: Display: Found up-to-date module file ../../../Engine/Plugins/Runtime/CustomMeshComponent/Binaries/Win64/UE4Editor-CustomMeshComponent.dll (API version 3944462).
LogModuleManager: Display: Found up-to-date module file ../../../Engine/Plugins/Runtime/ExampleDeviceProfileSelector/Binaries/Win64/UE4Editor-ExampleDeviceProfileSelector.dll (API version 3944462).
LogModuleManager: Display: Found up-to-date module file ../../../Engine/Plugins/Runtime/ImmediatePhysics/Binaries/Win64/UE4Editor-ImmediatePhysics.dll (API version 3944462).
LogModuleManager: Display: Found up-to-date module file ../../../Engine/Plugins/Runtime/ImmediatePhysics/Binaries/Win64/UE4Editor-ImmediatePhysicsEditor.dll (API version 3944462).
LogModuleManager: Display: Found up-to-date module file ../../../Engine/Plugins/Runtime/LocationServicesBPLibrary/Binaries/Win64/UE4Editor-LocationServicesBPLibrary.dll (API version 3944462).
LogModuleManager: Display: Found up-to-date module file ../../../Engine/Plugins/Runtime/MobilePatchingUtils/Binaries/Win64/UE4Editor-MobilePatchingUtils.dll (API version 3944462).
LogModuleManager: Display: Found up-to-date module file ../../../Engine/Plugins/Runtime/Oculus/OculusVR/Binaries/Win64/UE4Editor-OculusHMD.dll (API version 3944462).
LogModuleManager: Display: Found up-to-date module file ../../../Engine/Plugins/Runtime/Oculus/OculusVR/Binaries/Win64/UE4Editor-OculusInput.dll (API version 3944462).
LogModuleManager: Display: Found up-to-date module file ../../../Engine/Plugins/Runtime/Oculus/OculusVR/Binaries/Win64/UE4Editor-OculusEditor.dll (API version 3944462).
LogModuleManager: Display: Found up-to-date module file ../../../Engine/Plugins/Runtime/PhysXVehicles/Binaries/Win64/UE4Editor-PhysXVehicles.dll (API version 3944462).
LogModuleManager: Display: Found up-to-date module file ../../../Engine/Plugins/Runtime/PhysXVehicles/Binaries/Win64/UE4Editor-PhysXVehiclesEditor.dll (API version 3944462).
LogModuleManager: Display: Found up-to-date module file ../../../Engine/Plugins/Runtime/RuntimePhysXCooking/Binaries/Win64/UE4Editor-RuntimePhysXCooking.dll (API version 3944462).
LogModuleManager: Display: Found up-to-date module file ../../../Engine/Plugins/Runtime/Steam/SteamVR/Binaries/Win64/UE4Editor-SteamVR.dll (API version 3944462).
LogModuleManager: Display: Found up-to-date module file ../../../Engine/Plugins/Runtime/Steam/SteamVR/Binaries/Win64/UE4Editor-SteamVRController.dll (API version 3944462).
LogModuleManager: Display: Found up-to-date module file ../../../Engine/Plugins/Runtime/WindowsMoviePlayer/Binaries/Win64/UE4Editor-WindowsMoviePlayer.dll (API version 3944462).
LogPluginManager: Mounting plugin Paper2D
LogPluginManager: Mounting plugin AdvancedSessions
LogPluginManager: Mounting plugin AdvancedSteamSessions
LogPluginManager: Mounting plugin LiveLink
LogPluginManager: Mounting plugin LightPropagationVolume
LogPluginManager: Mounting plugin CLionSourceCodeAccess
LogPluginManager: Mounting plugin CodeLiteSourceCodeAccess
LogPluginManager: Mounting plugin GitSourceControl
LogPluginManager: Mounting plugin KDevelopSourceCodeAccess
LogPluginManager: Mounting plugin NullSourceCodeAccess
LogPluginManager: Mounting plugin PerforceSourceControl
LogPluginManager: Mounting plugin SubversionSourceControl
LogPluginManager: Mounting plugin UObjectPlugin
LogPluginManager: Mounting plugin VisualStudioCodeSourceCodeAccess
LogPluginManager: Mounting plugin VisualStudioSourceCodeAccess
LogPluginManager: Mounting plugin XCodeSourceCodeAccess
LogPluginManager: Mounting plugin AssetManagerEditor
LogPluginManager: Mounting plugin CryptoKeys
LogPluginManager: Mounting plugin DataValidation
LogPluginManager: Mounting plugin FacialAnimation
LogPluginManager: Mounting plugin GameplayTagsEditor
LogPluginManager: Mounting plugin MobileLauncherProfileWizard
LogPluginManager: Mounting plugin PluginBrowser
LogPluginManager: Mounting plugin SpeedTreeImporter
LogPluginManager: Mounting plugin DatasmithContent
LogPluginManager: Mounting plugin AlembicImporter
LogPluginManager: Mounting plugin CharacterAI
LogPluginManager: Mounting plugin HTML5Networking
LogPluginManager: Mounting plugin AndroidMedia
LogPluginManager: Mounting plugin AvfMedia
LogPluginManager: Mounting plugin ImgMedia
LogPluginManager: Mounting plugin LinearTimecode
LogPluginManager: Mounting plugin MediaCompositing
LogPluginManager: Mounting plugin MediaPlayerEditor
LogPluginManager: Mounting plugin WmfMedia
LogPluginManager: Mounting plugin TcpMessaging
LogPluginManager: Mounting plugin UdpMessaging
LogPluginManager: Mounting plugin ActorSequence
LogPluginManager: Mounting plugin LevelSequenceEditor
LogPluginManager: Mounting plugin MatineeToLevelSequence
LogPluginManager: Mounting plugin NetcodeUnitTest
LogPluginManager: Mounting plugin NUTUnrealEngine4
LogPluginManager: Mounting plugin OnlineSubsystemGooglePlay
LogPluginManager: Mounting plugin OnlineSubsystemIOS
LogPluginManager: Mounting plugin OnlineSubsystem
LogPluginManager: Mounting plugin OnlineSubsystemNull
LogPluginManager: Mounting plugin OnlineSubsystemSteam
LogPluginManager: Mounting plugin OnlineSubsystemUtils
LogPluginManager: Mounting plugin AndroidDeviceProfileSelector
LogPluginManager: Mounting plugin AndroidMoviePlayer
LogPluginManager: Mounting plugin AndroidPermission
LogPluginManager: Mounting plugin ApexDestruction
LogPluginManager: Mounting plugin AppleARKit
LogPluginManager: Mounting plugin AppleMoviePlayer
LogPluginManager: Mounting plugin ArchVisCharacter
LogPluginManager: Mounting plugin AudioCapture
LogPluginManager: Mounting plugin CableComponent
LogPluginManager: Mounting plugin CustomMeshComponent
LogPluginManager: Mounting plugin ExampleDeviceProfileSelector
LogPluginManager: Mounting plugin GoogleCloudMessaging
LogPluginManager: Mounting plugin ImmediatePhysics
LogPluginManager: Mounting plugin IOSDeviceProfileSelector
LogPluginManager: Mounting plugin LinuxDeviceProfileSelector
LogPluginManager: Mounting plugin LocationServicesBPLibrary
LogPluginManager: Mounting plugin MobilePatchingUtils
LogPluginManager: Mounting plugin OculusVR
LogPluginManager: Plugin shader directory ../../../Engine/Plugins/Runtime/Oculus/OculusVR/Shaders found
LogPluginManager: Mapping shader source directory ../../../Engine/Plugins/Runtime/Oculus/OculusVR/Shaders to virtual directory /Plugin/OculusVR
LogPluginManager: Mounting plugin PhysXVehicles
LogPluginManager: Mounting plugin ProceduralMeshComponent
LogPluginManager: Mounting plugin RuntimePhysXCooking
LogPluginManager: Mounting plugin SteamVR
LogPluginManager: Mounting plugin WindowsMoviePlayer
LogPluginManager: Mounting plugin VictoryBPLibrary
LogStreaming: Display: Took  0.761s to configure plugins.
LogInit: Using libcurl 7.47.1
LogInit:  - built for x86_64-pc-win32
LogInit:  - supports SSL with OpenSSL/1.0.2g
LogInit:  - supports HTTP deflate (compression) using libz 1.2.8
LogInit:  - other features:
LogInit:      CURL_VERSION_SSL
LogInit:      CURL_VERSION_LIBZ
LogInit:      CURL_VERSION_IPV6
LogInit:      CURL_VERSION_ASYNCHDNS
LogInit:      CURL_VERSION_LARGEFILE
LogInit:      CURL_VERSION_IDN
LogInit:  CurlRequestOptions (configurable via config and command line):
LogInit:  - bVerifyPeer = false  - Libcurl will NOT verify peer certificate
LogInit:  - bUseHttpProxy = false  - Libcurl will NOT use HTTP proxy
LogInit:  - bDontReuseConnections = false  - Libcurl will reuse connections
LogInit:  - CertBundlePath = nullptr  - Libcurl will use whatever was configured at build time.
LogInit:  - MaxHostConnections = 16  - Libcurl will limit the number of connections to a host
LogInit:  - LocalHostAddr = Default
LogOnline: Display: STEAM: Loading Steam SDK 1.39
LogWindows: Failed to load '../../../Engine/Binaries/ThirdParty/Steamworks/Steamv139/Win64/steamclient64.dll' (GetLastError=126)
LogWindows: File '../../../Engine/Binaries/ThirdParty/Steamworks/Steamv139/Win64/steamclient64.dll' does not exist
LogOnline: Warning: STEAM: Steam API disabled!
LogOnline: Display: STEAM: OnlineSubsystemSteam::Shutdown()
LogInit: WinSock: version 1.1 (2.2), MaxSocks=32767, MaxUdp=65467
LogInit: WinSock: I am DESKTOP-LI0N2FC (192.168.29.155:0)
LogInit: Build: ++UE4+Release-4.19-CL-4033788
LogInit: Engine Version: 4.19.2-4033788+++UE4+Release-4.19
LogInit: Compatible Engine Version: 4.19.0-3944462+++UE4+Release-4.19
LogInit: Net CL: 3944462
LogDevObjectVersion: Number of dev versions registered: 18
LogDevObjectVersion:   Dev-Blueprints (B0D832E4-1F89-4F0D-ACCF-7EB736FD4AA2): 10
LogDevObjectVersion:   Dev-Build (E1C64328-A22C-4D53-A36C-8E866417BD8C): 0
LogDevObjectVersion:   Dev-Core (375EC13C-06E4-48FB-B500-84F0262A717E): 2
LogDevObjectVersion:   Dev-Editor (E4B068ED-F494-42E9-A231-DA0B2E46BB41): 23
LogDevObjectVersion:   Dev-Framework (CFFC743F-43B0-4480-9391-14DF171D2073): 33
LogDevObjectVersion:   Dev-Mobile (B02B49B5-BB20-44E9-A304-32B752E40360): 2
LogDevObjectVersion:   Dev-Networking (A4E4105C-59A1-49B5-A7C5-40C4547EDFEE): 0
LogDevObjectVersion:   Dev-Online (39C831C9-5AE6-47DC-9A44-9C173E1C8E7C): 0
LogDevObjectVersion:   Dev-Physics (78F01B33-EBEA-4F98-B9B4-84EACCB95AA2): 0
LogDevObjectVersion:   Dev-Platform (6631380F-2D4D-43E0-8009-CF276956A95A): 0
LogDevObjectVersion:   Dev-Rendering (12F88B9F-8875-4AFC-A67C-D90C383ABD29): 25
LogDevObjectVersion:   Dev-Sequencer (7B5AE74C-D270-4C10-A958-57980B212A5A): 6
LogDevObjectVersion:   Dev-VR (D7296918-1DD6-4BDD-9DE2-64A83CC13884): 1
LogDevObjectVersion:   Dev-LoadTimes (C2A15278-BFE7-4AFE-6C17-90FF531DF755): 1
LogDevObjectVersion:   Private-Geometry (6EACA3D4-40EC-4CC1-B786-8BED09428FC5): 2
LogDevObjectVersion:   Dev-AnimPhys (29E575DD-E0A3-4627-9D10-D276232CDCEA): 16
LogDevObjectVersion:   Dev-ReflectionCapture (6B266CEC-1EC7-4B8F-A30B-E4D90942FC07): 1
LogDevObjectVersion:   Dev-Automation (0DF73D61-A23F-47EA-B727-89E90C41499A): 1
LogInit: Compiled (64-bit): Apr 27 2018 02:06:57
LogInit: Compiled with Visual C++: 19.00.24215.01
LogInit: Build Configuration: Development
LogInit: Branch Name: ++UE4+Release-4.19
LogInit: Command Line:  /Game/Maps/Arena01 -game -PIEVIACONSOLE -ResX=640 -ResY=480  -Multiprocess -messaging -SessionName="Play in Standalone Game" -port=17777 -windowed GameUserSettingsINI="G:/DarkActive/Unreal Projects/DarkCrystal/Saved/Config/Windows/PIEGameUserSettings0.ini" -MultiprocessSaveConfig  -MultiprocessOSS -server -log 
LogInit: Base Directory: G:/Epic Games/UE_4.19/Engine/Binaries/Win64/
LogInit: Installed Engine Build: 1
LogStreaming: Display: Took  0.006s to delete old logs.
LogInit: Presizing for max 8388607 objects, including 0 objects not considered by GC, pre-allocating 0 bytes for permanent pool.
LogInit: Object subsystem initialized
[2018.08.22-07.35.31:121][  0]LogInit: Selected Device Profile: [Windows]
[2018.08.22-07.35.31:121][  0]LogInit: Applying CVar settings loaded from the selected device profile: [Windows]
[2018.08.22-07.35.31:126][  0]LogInit: Computer: DESKTOP-LI0N2FC
[2018.08.22-07.35.31:126][  0]LogInit: User: Kappa
[2018.08.22-07.35.31:127][  0]LogInit: CPU Page size=4096, Cores=4
[2018.08.22-07.35.31:127][  0]LogInit: High frequency timer resolution =4.101571 MHz
[2018.08.22-07.35.31:127][  0]LogMemory: Memory total: Physical=31.9GB (32GB approx)
[2018.08.22-07.35.31:127][  0]LogMemory: Platform Memory Stats for Windows
[2018.08.22-07.35.31:128][  0]LogMemory: Process Physical Memory: 276.25 MB used, 276.25 MB peak
[2018.08.22-07.35.31:128][  0]LogMemory: Process Virtual Memory: 276.48 MB used, 276.48 MB peak
[2018.08.22-07.35.31:128][  0]LogMemory: Physical Memory: 9650.13 MB used,  23042.68 MB free, 32692.81 MB total
[2018.08.22-07.35.31:128][  0]LogMemory: Virtual Memory: 4801.96 MB used,  23042.68 MB free, 134217728.00 MB total
[2018.08.22-07.35.31:139][  0]LogInit: Using OS detected language (en-US).
[2018.08.22-07.35.31:139][  0]LogInit: Using OS detected locale (en-US).
[2018.08.22-07.35.31:139][  0]LogTextLocalizationManager: No localization for 'en-US' exists, so 'en' will be used for the language.
[2018.08.22-07.35.31:139][  0]LogTextLocalizationManager: No localization for 'en-US' exists, so 'en' will be used for the locale.
[2018.08.22-07.35.31:484][  0]LogStreaming: Display: Took  0.346s to EndInitTextLocalization.
[2018.08.22-07.35.31:499][  0]LogShaderCompilers: Guid format shader working directory is -7 characters bigger than the processId version (../../../../../DarkActive/Unreal Projects/DarkCrystal/Intermediate/Shaders/WorkingDirectory/1256/).
[2018.08.22-07.35.31:499][  0]LogShaderCompilers: Cleaned the shader compiler working directory 'C:/Users/Kappa/AppData/Local/Temp/UnrealShaderWorkingDir/0A9AB34C41F57B709655328F2B2CF873/'.
[2018.08.22-07.35.31:666][  0]LogTemp: Display: Loaded TP WindowsClientTargetPlatform
[2018.08.22-07.35.31:680][  0]LogTemp: Display: Loaded TP WindowsNoEditorTargetPlatform
[2018.08.22-07.35.31:693][  0]LogTemp: Display: Loaded TP WindowsServerTargetPlatform
[2018.08.22-07.35.31:707][  0]LogTemp: Display: Loaded TP WindowsTargetPlatform
[2018.08.22-07.35.31:707][  0]LogTargetPlatformManager: Display: Building Assets For Windows
[2018.08.22-07.35.31:785][  0]LogXGEController: Cannot use XGE Controller as Incredibuild is not installed on this machine.
[2018.08.22-07.35.31:786][  0]LogShaderCompilers: Cannot use XGE Shader Compiler as Incredibuild is not installed on this machine.
[2018.08.22-07.35.31:787][  0]LogShaderCompilers: Display: Using Local Shader Compiler.
[2018.08.22-07.35.32:186][  0]LogDerivedDataCache: Display: Max Cache Size: 512 MB
[2018.08.22-07.35.32:244][  0]LogDerivedDataCache: Loaded boot cache 0.06s 74MB C:/Users/Kappa/AppData/Local/UnrealEngine/4.19/DerivedDataCache/Boot.ddc.
[2018.08.22-07.35.32:244][  0]LogDerivedDataCache: Display: Loaded Boot cache: C:/Users/Kappa/AppData/Local/UnrealEngine/4.19/DerivedDataCache/Boot.ddc
[2018.08.22-07.35.32:245][  0]LogDerivedDataCache: FDerivedDataBackendGraph:  Pak pak cache file ../../../../../DarkActive/Unreal Projects/DarkCrystal/DerivedDataCache/DDC.ddp not found, will not use a pak cache.
[2018.08.22-07.35.32:245][  0]LogDerivedDataCache: Unable to find inner node Pak for hierarchical cache Hierarchy.
[2018.08.22-07.35.32:245][  0]LogDerivedDataCache: FDerivedDataBackendGraph:  CompressedPak pak cache file ../../../../../DarkActive/Unreal Projects/DarkCrystal/DerivedDataCache/Compressed.ddp not found, will not use a pak cache.
[2018.08.22-07.35.32:246][  0]LogDerivedDataCache: Unable to find inner node CompressedPak for hierarchical cache Hierarchy.
[2018.08.22-07.35.32:260][  0]LogDerivedDataCache: Display: Pak cache opened for reading ../../../Engine/DerivedDataCache/Compressed.ddp.
[2018.08.22-07.35.32:272][  0]LogDerivedDataCache: Using Local data cache path C:/Users/Kappa/AppData/Local/UnrealEngine/Common/DerivedDataCache: Writable
[2018.08.22-07.35.32:272][  0]LogDerivedDataCache: Shared data cache path not found in *engine.ini, will not use an Shared cache.
[2018.08.22-07.35.32:272][  0]LogDerivedDataCache: Unable to find inner node Shared for hierarchical cache Hierarchy.
[2018.08.22-07.35.32:303][  0]LogAssetRegistry: FAssetRegistry took 0.0039 seconds to start up
[2018.08.22-07.35.32:472][  0]LogPackageLocalizationCache: Processed 9 localized package path(s) for 1 prioritized culture(s) in 0.009702 seconds
[2018.08.22-07.35.32:560][  0]LogInit: Selected Device Profile: [Windows]
[2018.08.22-07.35.32:604][  0]LogSimplygon: Simplygon DLL not present - disabling.
[2018.08.22-07.35.32:605][  0]LogMeshReduction: Using SimplygonSwarm for distributed automatic mesh merging
[2018.08.22-07.35.32:606][  0]LogMeshReduction: Using QuadricMeshReduction for automatic static mesh reduction
[2018.08.22-07.35.32:606][  0]LogMeshReduction: No automatic skeletal mesh reduction module available
[2018.08.22-07.35.32:606][  0]LogMeshReduction: No automatic mesh merging module available
[2018.08.22-07.35.32:606][  0]LogMeshMerging: No automatic mesh merging module available
[2018.08.22-07.35.32:624][  0]LogNetVersion: DarkCrystal , NetCL: 3944462, EngineNetVer: 2, GameNetVer: 0 (Checksum: 1178499891)
[2018.08.22-07.35.32:958][  0]LogTcpMessaging: Initializing TcpMessaging bridge
[2018.08.22-07.35.32:980][  0]LogUdpMessaging: Initializing bridge on interface 0.0.0.0:0 to multicast group 230.0.0.1:6666.
[2018.08.22-07.35.33:077][  0]LogCollectionManager: Loaded 0 collections in 0.000992 seconds
[2018.08.22-07.35.33:112][  0]LogFileCache: Scanning file cache for directory 'G:/DarkActive/Unreal Projects/DarkCrystal/Saved/Collections/' took 0.01s
[2018.08.22-07.35.33:112][  0]LogFileCache: Scanning file cache for directory 'G:/DarkActive/Unreal Projects/DarkCrystal/Content/Developers/Kappa/Collections/' took 0.01s
[2018.08.22-07.35.33:113][  0]LogFileCache: Scanning file cache for directory 'G:/DarkActive/Unreal Projects/DarkCrystal/Content/Collections/' took 0.01s
[2018.08.22-07.35.33:113][  0]LogCollectionManager: Rebuilt the object cache for 0 collections in 0.000000 seconds (found 0 objects)
[2018.08.22-07.35.33:113][  0]LogCollectionManager: Fixed up redirectors for 0 collections in 0.001290 seconds (updated 0 objects)
[2018.08.22-07.35.33:241][  0]SourceControl: Source control is disabled
[2018.08.22-07.35.33:242][  0]SourceControl: Source control is disabled
[2018.08.22-07.35.33:254][  0]SourceControl: Source control is disabled
[2018.08.22-07.35.33:505][  0]LogAndroidPermission: UAndroidPermissionCallbackProxy::GetInstance
[2018.08.22-07.35.33:611][  0]LogOcInput: OculusInput pre-init called
[2018.08.22-07.35.33:638][  0]LogUObjectArray: 41286 objects as part of root set at end of initial load.
[2018.08.22-07.35.33:639][  0]LogUObjectAllocator: 8567592 out of 0 bytes used by permanent object pool.
[2018.08.22-07.35.33:640][  0]LogUObjectArray: CloseDisregardForGC: 0/0 objects in disregard for GC pool
[2018.08.22-07.35.33:668][  0]LogEngine: Initializing Engine...
[2018.08.22-07.35.33:669][  0]LogStats: UGameplayTagsManager::ConstructGameplayTagTree: Construct from data asset -  0.000 s
[2018.08.22-07.35.33:669][  0]LogStats: UGameplayTagsManager::ConstructGameplayTagTree: GameplayTagTreeChangedEvent.Broadcast -  0.000 s
[2018.08.22-07.35.33:688][  0]LogInit: Texture streaming: Disabled
[2018.08.22-07.35.33:726][  0]LogUObjectGlobals: Created PersistentFrame Addr=0x000001eeeab4ac00, Size=624, Default__GameInfoInstance_C Function /Game/Blueprints/AllLevels/GameInfoInstance.GameInfoInstance_C:ExecuteUbergraph_GameInfoInstance
[2018.08.22-07.35.33:729][  0]LogUObjectGlobals: Created PersistentFrame Addr=0x000001eefb6b1508, Size=40, Default__ErrorDialog_C Function /Game/UI/MainMenu/ErrorDialog.ErrorDialog_C:ExecuteUbergraph_ErrorDialog
[2018.08.22-07.35.33:736][  0]LogUObjectGlobals: Created PersistentFrame Addr=0x000001eef41142c0, Size=80, Default__HostMenu_C Function /Game/UI/MainMenu/HostMenu.HostMenu_C:ExecuteUbergraph_HostMenu
[2018.08.22-07.35.33:748][  0]LogUObjectGlobals: Created PersistentFrame Addr=0x000001eefb6b15a8, Size=40, Default__MainMenu_C Function /Game/UI/MainMenu/MainMenu.MainMenu_C:ExecuteUbergraph_MainMenu
[2018.08.22-07.35.33:754][  0]LogUObjectGlobals: Created PersistentFrame Addr=0x000001eefd776be0, Size=104, Default__OptionsMenu_C Function /Game/UI/MainMenu/OptionsMenu.OptionsMenu_C:ExecuteUbergraph_OptionsMenu
[2018.08.22-07.35.33:776][  0]LogUObjectGlobals: Created PersistentFrame Addr=0x000001eefd75a200, Size=600, Default__ServerMenu_C Function /Game/UI/MainMenu/ServerMenu.ServerMenu_C:ExecuteUbergraph_ServerMenu
[2018.08.22-07.35.33:817][  0]LogUObjectGlobals: Destroyed PersistentFrame Addr=0x000001eeeab4ac00, Size=624
[2018.08.22-07.35.33:818][  0]LogUObjectGlobals: Created PersistentFrame Addr=0x000001eeede99a80, Size=624, Default__GameInfoInstance_C Function /Engine/Transient.REINST_GameInfoInstance_C_2:ExecuteUbergraph_GameInfoInstance
[2018.08.22-07.35.33:819][  0]LogUObjectGlobals: Destroyed PersistentFrame Addr=0x000001eefb6b1508, Size=40
[2018.08.22-07.35.33:819][  0]LogUObjectGlobals: Created PersistentFrame Addr=0x000001eefd6dd6c0, Size=40, Default__ErrorDialog_C Function /Engine/Transient.REINST_ErrorDialog_C_0:ExecuteUbergraph_ErrorDialog
[2018.08.22-07.35.33:820][  0]LogUObjectGlobals: Destroyed PersistentFrame Addr=0x000001eef41142c0, Size=80
[2018.08.22-07.35.33:820][  0]LogUObjectGlobals: Created PersistentFrame Addr=0x000001eefd1d2d90, Size=80, Default__HostMenu_C Function /Engine/Transient.REINST_HostMenu_C_1:ExecuteUbergraph_HostMenu
[2018.08.22-07.35.33:821][  0]LogUObjectGlobals: Destroyed PersistentFrame Addr=0x000001eefb6b15a8, Size=40
[2018.08.22-07.35.33:821][  0]LogUObjectGlobals: Created PersistentFrame Addr=0x000001eefd6dd5d0, Size=40, Default__MainMenu_C Function /Engine/Transient.REINST_MainMenu_C_3:ExecuteUbergraph_MainMenu
[2018.08.22-07.35.33:822][  0]LogUObjectGlobals: Destroyed PersistentFrame Addr=0x000001eefd776be0, Size=104
[2018.08.22-07.35.33:822][  0]LogUObjectGlobals: Created PersistentFrame Addr=0x000001eefd1d6da0, Size=104, Default__OptionsMenu_C Function /Engine/Transient.REINST_OptionsMenu_C_4:ExecuteUbergraph_OptionsMenu
[2018.08.22-07.35.33:824][  0]LogUObjectGlobals: Destroyed PersistentFrame Addr=0x000001eefd75a200, Size=600
[2018.08.22-07.35.33:824][  0]LogUObjectGlobals: Created PersistentFrame Addr=0x000001eeede99080, Size=600, Default__ServerMenu_C Function /Engine/Transient.REINST_ServerMenu_C_5:ExecuteUbergraph_ServerMenu
[2018.08.22-07.35.33:856][  0]LogUObjectGlobals: Created PersistentFrame Addr=0x000001eef4866980, Size=624, Default__GameInfoInstance_C Function /Game/Blueprints/AllLevels/GameInfoInstance.GameInfoInstance_C:ExecuteUbergraph_GameInfoInstance
[2018.08.22-07.35.33:857][  0]LogUObjectGlobals: Created PersistentFrame Addr=0x000001eefd6ddd50, Size=40, Default__ErrorDialog_C Function /Game/UI/MainMenu/ErrorDialog.ErrorDialog_C:ExecuteUbergraph_ErrorDialog
[2018.08.22-07.35.33:858][  0]LogUObjectGlobals: Created PersistentFrame Addr=0x000001eef4854810, Size=80, Default__HostMenu_C Function /Game/UI/MainMenu/HostMenu.HostMenu_C:ExecuteUbergraph_HostMenu
[2018.08.22-07.35.33:859][  0]LogUObjectGlobals: Created PersistentFrame Addr=0x000001eefd6de728, Size=40, Default__MainMenu_C Function /Game/UI/MainMenu/MainMenu.MainMenu_C:ExecuteUbergraph_MainMenu
[2018.08.22-07.35.33:861][  0]LogUObjectGlobals: Created PersistentFrame Addr=0x000001eef47c7970, Size=104, Default__OptionsMenu_C Function /Game/UI/MainMenu/OptionsMenu.OptionsMenu_C:ExecuteUbergraph_OptionsMenu
[2018.08.22-07.35.33:863][  0]LogUObjectGlobals: Created PersistentFrame Addr=0x000001eef47cf380, Size=592, Default__ServerMenu_C Function /Game/UI/MainMenu/ServerMenu.ServerMenu_C:ExecuteUbergraph_ServerMenu
[2018.08.22-07.35.33:881][  0]LogInit: Display: Game Engine Initialized.
[2018.08.22-07.35.33:881][  0]LogGameplayTags: Display: UGameplayTagsManager::DoneAddingNativeTags. DelegateIsBound: 0
[2018.08.22-07.35.33:882][  0]LogStats: UGameplayTagsManager::ConstructGameplayTagTree: Construct from data asset -  0.000 s
[2018.08.22-07.35.33:882][  0]LogStats: UGameplayTagsManager::ConstructGameplayTagTree: GameplayTagTreeChangedEvent.Broadcast -  0.000 s
[2018.08.22-07.35.33:938][  0]LogInit: Display: Starting Game.
[2018.08.22-07.35.33:938][  0]LogNet: Browse: /Game/Maps/Arena01?Name=Player
[2018.08.22-07.35.33:940][  0]LogLoad: LoadMap: /Game/Maps/Arena01?Name=Player
[2018.08.22-07.35.33:953][  0]LogUObjectGlobals: Destroyed PersistentFrame Addr=0x000001eeede99a80, Size=624
[2018.08.22-07.35.33:953][  0]LogUObjectGlobals: Destroyed PersistentFrame Addr=0x000001eefd6dd6c0, Size=40
[2018.08.22-07.35.33:953][  0]LogUObjectGlobals: Destroyed PersistentFrame Addr=0x000001eefd1d2d90, Size=80
[2018.08.22-07.35.33:954][  0]LogUObjectGlobals: Destroyed PersistentFrame Addr=0x000001eefd6dd5d0, Size=40
[2018.08.22-07.35.33:954][  0]LogUObjectGlobals: Destroyed PersistentFrame Addr=0x000001eefd1d6da0, Size=104
[2018.08.22-07.35.33:954][  0]LogUObjectGlobals: Destroyed PersistentFrame Addr=0x000001eeede99080, Size=600
[2018.08.22-07.35.33:986][  0]LogUObjectGlobals: Created PersistentFrame Addr=0x000001eef4836a00, Size=256, Default__GameplayGM_C Function /Game/Blueprints/Gameplay/GameplayGM.GameplayGM_C:ExecuteUbergraph_GameplayGM
[2018.08.22-07.35.33:995][  0]LogLinker: Can't find file '/Game/Blueprints/Characters/Female/Kachujin/Animations/Montages/AM_Roll'
[2018.08.22-07.35.33:995][  0]LogLinker: Can't find file '/Game/Blueprints/Characters/Female/Kachujin/Animations/Montages/AM_Roll'
[2018.08.22-07.35.33:997][  0]LogUObjectGlobals: Created PersistentFrame Addr=0x000001eeede98e00, Size=544, Default__BP_BaseCharacter_C Function /Game/Characters/BP_BaseCharacter.BP_BaseCharacter_C:ExecuteUbergraph_BP_BaseCharacter
[2018.08.22-07.35.34:015][  0]LogUObjectGlobals: Created PersistentFrame Addr=0x000001eefd070680, Size=32, Default__ABP_WoodenBow_C Function /Game/Blueprints/Items/Weapons/WoodenBow/ABP_WoodenBow.ABP_WoodenBow_C:ExecuteUbergraph_ABP_WoodenBow
[2018.08.22-07.35.34:022][  0]LogUObjectGlobals: Created PersistentFrame Addr=0x000001eef48ef100, Size=72, Default__BPC_MontageManager_C Function /Game/Blueprints/Components/BPC_MontageManager.BPC_MontageManager_C:ExecuteUbergraph_BPC_MontageManager
[2018.08.22-07.35.34:042][  0]LogUObjectGlobals: Created PersistentFrame Addr=0x000001eefd1c5600, Size=2544, Default__GameplayPC_C Function /Game/Blueprints/Gameplay/GameplayPC.GameplayPC_C:ExecuteUbergraph_GameplayPC
[2018.08.22-07.35.34:045][  0]LogUObjectGlobals: Created PersistentFrame Addr=0x000001eefd088220, Size=96, Default__GameplayPS_C Function /Game/Blueprints/Gameplay/GameplayPS.GameplayPS_C:ExecuteUbergraph_GameplayPS
[2018.08.22-07.35.34:070][  0]LogUObjectGlobals: Created PersistentFrame Addr=0x000001eef963a700, Size=320, Default__ChatWindow_C Function /Game/UI/AllLevels/ChatWindow.ChatWindow_C:ExecuteUbergraph_ChatWindow
[2018.08.22-07.35.34:073][  0]LogUObjectGlobals: Created PersistentFrame Addr=0x000001eeededc480, Size=888, Default__LobbyPC_C Function /Game/Blueprints/Lobby/LobbyPC.LobbyPC_C:ExecuteUbergraph_LobbyPC
[2018.08.22-07.35.34:075][  0]LogUObjectGlobals: Created PersistentFrame Addr=0x000001eef9604d00, Size=752, Default__LobbyGM_C Function /Game/Blueprints/Lobby/LobbyGM.LobbyGM_C:ExecuteUbergraph_LobbyGM
[2018.08.22-07.35.34:082][  0]LogUObjectGlobals: Created PersistentFrame Addr=0x000001eef960c400, Size=544, Default__BP_MaleCharacter_C Function /Game/Characters/BP_BaseCharacter.BP_BaseCharacter_C:ExecuteUbergraph_BP_BaseCharacter
[2018.08.22-07.35.34:093][  0]LogUObjectGlobals: Created PersistentFrame Addr=0x000001eef95af600, Size=544, Default__BP_MaleCharacter_C Function /Game/Characters/BP_BaseCharacter.BP_BaseCharacter_C:ExecuteUbergraph_BP_BaseCharacter
[2018.08.22-07.35.34:109][  0]LogUObjectGlobals: Created PersistentFrame Addr=0x000001eef94d8b80, Size=336, Default__ABP_NewBerserker_C Function /Game/Characters/Berserker_S1/Blueprints/ABP_NewBerserker.ABP_NewBerserker_C:ExecuteUbergraph_ABP_NewBerserker
[2018.08.22-07.35.34:150][  0]LogUObjectGlobals: Created PersistentFrame Addr=0x000001eef9de1800, Size=544, Default__BP_FemaleCharacter_C Function /Game/Characters/BP_BaseCharacter.BP_BaseCharacter_C:ExecuteUbergraph_BP_BaseCharacter
[2018.08.22-07.35.34:154][  0]LogUObjectGlobals: Created PersistentFrame Addr=0x000001eef95a1180, Size=128, Default__ABP_Kachujin_C Function /Game/Characters/Kachujin/ABP_Kachujin.ABP_Kachujin_C:ExecuteUbergraph_ABP_Kachujin
[2018.08.22-07.35.34:192][  0]LogUObjectGlobals: Created PersistentFrame Addr=0x000001eefa568b80, Size=544, Default__Tusk_C Function /Game/Characters/BP_BaseCharacter.BP_BaseCharacter_C:ExecuteUbergraph_BP_BaseCharacter
[2018.08.22-07.35.34:196][  0]LogUObjectGlobals: Created PersistentFrame Addr=0x000001eefa21f700, Size=64, Default__0_BaseAnimBP_C Function /Game/InfinityBladeWarriors/Animations/0_BaseAnimBP.0_BaseAnimBP_C:ExecuteUbergraph_0_BaseAnimBP
[2018.08.22-07.35.34:213][  0]LogUObjectGlobals: Created PersistentFrame Addr=0x000001eefae0b9c0, Size=320, Default__LobbyMenu_C Function /Game/UI/Lobby/LobbyMenu.LobbyMenu_C:ExecuteUbergraph_LobbyMenu
[2018.08.22-07.35.34:217][  0]LogUObjectGlobals: Created PersistentFrame Addr=0x000001eefadebec0, Size=80, Default__CharacterSelect_C Function /Game/UI/Lobby/CharacterSelect.CharacterSelect_C:ExecuteUbergraph_CharacterSelect
[2018.08.22-07.35.34:227][  0]LogUObjectGlobals: Created PersistentFrame Addr=0x000001eefae1bac0, Size=192, Default__GameSettings_C Function /Game/UI/Lobby/GameSettings.GameSettings_C:ExecuteUbergraph_GameSettings
[2018.08.22-07.35.34:228][  0]LogUObjectGlobals: Created PersistentFrame Addr=0x000001eefa5c25e0, Size=32, Default__PlayerButton_C Function /Game/UI/Lobby/PlayerButton.PlayerButton_C:ExecuteUbergraph_PlayerButton
[2018.08.22-07.35.34:254][  0]LogUObjectGlobals: Created PersistentFrame Addr=0x000001eefcf79460, Size=4, Default__ConnectedPlayer_C Function /Game/UI/Lobby/ConnectedPlayer.ConnectedPlayer_C:ExecuteUbergraph_ConnectedPlayer
[2018.08.22-07.35.34:368][  0]LogUObjectGlobals: Destroyed PersistentFrame Addr=0x000001eefa21f700, Size=64
[2018.08.22-07.35.34:368][  0]LogUObjectGlobals: Created PersistentFrame Addr=0x000001eefeaa83c0, Size=64, Default__0_BaseAnimBP_C Function /Engine/Transient.REINST_0_BaseAnimBP_C_0:ExecuteUbergraph_0_BaseAnimBP
[2018.08.22-07.35.34:372][  0]LogUObjectGlobals: Destroyed PersistentFrame Addr=0x000001eef95a1180, Size=128
[2018.08.22-07.35.34:372][  0]LogUObjectGlobals: Created PersistentFrame Addr=0x000001eef95a1180, Size=128, Default__ABP_Kachujin_C Function /Engine/Transient.REINST_ABP_Kachujin_C_1:ExecuteUbergraph_ABP_Kachujin
[2018.08.22-07.35.34:373][  0]LogUObjectGlobals: Destroyed PersistentFrame Addr=0x000001eef94d8b80, Size=336
[2018.08.22-07.35.34:373][  0]LogUObjectGlobals: Created PersistentFrame Addr=0x000001eeff744a00, Size=336, Default__ABP_NewBerserker_C Function /Engine/Transient.REINST_ABP_NewBerserker_C_2:ExecuteUbergraph_ABP_NewBerserker
[2018.08.22-07.35.34:373][  0]LogUObjectGlobals: Destroyed PersistentFrame Addr=0x000001eefd070680, Size=32
[2018.08.22-07.35.34:373][  0]LogUObjectGlobals: Created PersistentFrame Addr=0x000001eeff75b4e0, Size=32, Default__ABP_WoodenBow_C Function /Engine/Transient.REINST_ABP_WoodenBow_C_3:ExecuteUbergraph_ABP_WoodenBow
[2018.08.22-07.35.34:375][  0]LogUObjectGlobals: Destroyed PersistentFrame Addr=0x000001eef48ef100, Size=72
[2018.08.22-07.35.34:375][  0]LogUObjectGlobals: Created PersistentFrame Addr=0x000001eefa5cabb0, Size=72, Default__BPC_MontageManager_C Function /Engine/Transient.REINST_BPC_MontageManager_C_19:ExecuteUbergraph_BPC_MontageManager
[2018.08.22-07.35.34:376][  0]LogUObjectGlobals: Destroyed PersistentFrame Addr=0x000001eeede98e00, Size=544
[2018.08.22-07.35.34:376][  0]LogUObjectGlobals: Created PersistentFrame Addr=0x000001eeff707b00, Size=544, Default__BP_BaseCharacter_C Function /Engine/Transient.REINST_BP_BaseCharacter_C_23:ExecuteUbergraph_BP_BaseCharacter
[2018.08.22-07.35.34:378][  0]LogUObjectGlobals: Destroyed PersistentFrame Addr=0x000001eefadebec0, Size=80
[2018.08.22-07.35.34:379][  0]LogUObjectGlobals: Created PersistentFrame Addr=0x000001eeff6eba60, Size=80, Default__CharacterSelect_C Function /Engine/Transient.REINST_CharacterSelect_C_6:ExecuteUbergraph_CharacterSelect
[2018.08.22-07.35.34:380][  0]LogUObjectGlobals: Destroyed PersistentFrame Addr=0x000001eef963a700, Size=320
[2018.08.22-07.35.34:380][  0]LogUObjectGlobals: Created PersistentFrame Addr=0x000001eefe90ee80, Size=320, Default__ChatWindow_C Function /Engine/Transient.REINST_ChatWindow_C_8:ExecuteUbergraph_ChatWindow
[2018.08.22-07.35.34:380][  0]LogUObjectGlobals: Destroyed PersistentFrame Addr=0x000001eefcf79460, Size=4
[2018.08.22-07.35.34:380][  0]LogUObjectGlobals: Created PersistentFrame Addr=0x000001eefe2f0878, Size=4, Default__ConnectedPlayer_C Function /Engine/Transient.REINST_ConnectedPlayer_C_9:ExecuteUbergraph_ConnectedPlayer
[2018.08.22-07.35.34:382][  0]LogUObjectGlobals: Destroyed PersistentFrame Addr=0x000001eefd1c5600, Size=2544
[2018.08.22-07.35.34:383][  0]LogUObjectGlobals: Created PersistentFrame Addr=0x000001eeff71cb80, Size=2544, Default__GameplayPC_C Function /Engine/Transient.REINST_GameplayPC_C_26:ExecuteUbergraph_GameplayPC
[2018.08.22-07.35.34:383][  0]LogUObjectGlobals: Destroyed PersistentFrame Addr=0x000001eefd088220, Size=96
[2018.08.22-07.35.34:383][  0]LogUObjectGlobals: Created PersistentFrame Addr=0x000001eefe8d2800, Size=96, Default__GameplayPS_C Function /Engine/Transient.REINST_GameplayPS_C_27:ExecuteUbergraph_GameplayPS
[2018.08.22-07.35.34:384][  0]LogUObjectGlobals: Destroyed PersistentFrame Addr=0x000001eefae1bac0, Size=192
[2018.08.22-07.35.34:384][  0]LogUObjectGlobals: Created PersistentFrame Addr=0x000001eef480d3c0, Size=192, Default__GameSettings_C Function /Engine/Transient.REINST_GameSettings_C_11:ExecuteUbergraph_GameSettings
[2018.08.22-07.35.34:385][  0]LogUObjectGlobals: Destroyed PersistentFrame Addr=0x000001eefae0b9c0, Size=320
[2018.08.22-07.35.34:385][  0]LogUObjectGlobals: Created PersistentFrame Addr=0x000001eefe90e480, Size=320, Default__LobbyMenu_C Function /Engine/Transient.REINST_LobbyMenu_C_12:ExecuteUbergraph_LobbyMenu
[2018.08.22-07.35.34:386][  0]LogUObjectGlobals: Destroyed PersistentFrame Addr=0x000001eeededc480, Size=888
[2018.08.22-07.35.34:386][  0]LogUObjectGlobals: Created PersistentFrame Addr=0x000001eeff695600, Size=888, Default__LobbyPC_C Function /Engine/Transient.REINST_LobbyPC_C_28:ExecuteUbergraph_LobbyPC
[2018.08.22-07.35.34:386][  0]LogUObjectGlobals: Destroyed PersistentFrame Addr=0x000001eefa5c25e0, Size=32
[2018.08.22-07.35.34:386][  0]LogUObjectGlobals: Created PersistentFrame Addr=0x000001eeff75ae20, Size=32, Default__PlayerButton_C Function /Engine/Transient.REINST_PlayerButton_C_13:ExecuteUbergraph_PlayerButton
[2018.08.22-07.35.34:386][  0]LogUObjectGlobals: Destroyed PersistentFrame Addr=0x000001eef9de1800, Size=544
[2018.08.22-07.35.34:386][  0]LogUObjectGlobals: Created PersistentFrame Addr=0x000001eeff707380, Size=544, Default__BP_FemaleCharacter_C Function /Engine/Transient.REINST_BP_BaseCharacter_C_23:ExecuteUbergraph_BP_BaseCharacter
[2018.08.22-07.35.34:387][  0]LogUObjectGlobals: Destroyed PersistentFrame Addr=0x000001eef95af600, Size=544
[2018.08.22-07.35.34:387][  0]LogUObjectGlobals: Created PersistentFrame Addr=0x000001eeff707100, Size=544, Default__BP_MaleCharacter_C Function /Engine/Transient.REINST_BP_BaseCharacter_C_23:ExecuteUbergraph_BP_BaseCharacter
[2018.08.22-07.35.34:387][  0]LogUObjectGlobals: Destroyed PersistentFrame Addr=0x000001eef4836a00, Size=256
[2018.08.22-07.35.34:388][  0]LogUObjectGlobals: Created PersistentFrame Addr=0x000001eeff6db800, Size=256, Default__GameplayGM_C Function /Engine/Transient.REINST_GameplayGM_C_32:ExecuteUbergraph_GameplayGM
[2018.08.22-07.35.34:391][  0]LogUObjectGlobals: Destroyed PersistentFrame Addr=0x000001eef9604d00, Size=752
[2018.08.22-07.35.34:391][  0]LogUObjectGlobals: Created PersistentFrame Addr=0x000001eeff66f700, Size=752, Default__LobbyGM_C Function /Engine/Transient.REINST_LobbyGM_C_33:ExecuteUbergraph_LobbyGM
[2018.08.22-07.35.34:392][  0]LogUObjectGlobals: Destroyed PersistentFrame Addr=0x000001eefa568b80, Size=544
[2018.08.22-07.35.34:392][  0]LogUObjectGlobals: Created PersistentFrame Addr=0x000001eeff706e80, Size=544, Default__Tusk_C Function /Engine/Transient.REINST_BP_BaseCharacter_C_23:ExecuteUbergraph_BP_BaseCharacter
[2018.08.22-07.35.34:556][  0]LogUObjectGlobals: Created PersistentFrame Addr=0x000001eeffa38540, Size=72, Default__0_BaseAnimBP_C Function /Game/InfinityBladeWarriors/Animations/0_BaseAnimBP.0_BaseAnimBP_C:ExecuteUbergraph_0_BaseAnimBP
[2018.08.22-07.35.34:558][  0]LogUObjectGlobals: Created PersistentFrame Addr=0x000001eeffa19e80, Size=128, Default__ABP_Kachujin_C Function /Game/Characters/Kachujin/ABP_Kachujin.ABP_Kachujin_C:ExecuteUbergraph_ABP_Kachujin
[2018.08.22-07.35.34:559][  0]LogUObjectGlobals: Created PersistentFrame Addr=0x000001eeff97f580, Size=328, Default__ABP_NewBerserker_C Function /Game/Characters/Berserker_S1/Blueprints/ABP_NewBerserker.ABP_NewBerserker_C:ExecuteUbergraph_ABP_NewBerserker
[2018.08.22-07.35.34:561][  0]LogUObjectGlobals: Created PersistentFrame Addr=0x000001eeff95bf40, Size=32, Default__ABP_WoodenBow_C Function /Game/Blueprints/Items/Weapons/WoodenBow/ABP_WoodenBow.ABP_WoodenBow_C:ExecuteUbergraph_ABP_WoodenBow
[2018.08.22-07.35.34:566][  0]LogUObjectGlobals: Created PersistentFrame Addr=0x000001eeff8fb4c0, Size=72, Default__BPC_MontageManager_C Function /Game/Blueprints/Components/BPC_MontageManager.BPC_MontageManager_C:ExecuteUbergraph_BPC_MontageManager
[2018.08.22-07.35.34:571][  0]LogUObjectGlobals: Created PersistentFrame Addr=0x000001eeff86ee80, Size=544, Default__BP_BaseCharacter_C Function /Game/Characters/BP_BaseCharacter.BP_BaseCharacter_C:ExecuteUbergraph_BP_BaseCharacter
[2018.08.22-07.35.34:573][  0]LogUObjectGlobals: Created PersistentFrame Addr=0x000001eeff8521b0, Size=80, Default__CharacterSelect_C Function /Game/UI/Lobby/CharacterSelect.CharacterSelect_C:ExecuteUbergraph_CharacterSelect
[2018.08.22-07.35.34:574][  0]LogUObjectGlobals: Created PersistentFrame Addr=0x000001eeff903380, Size=320, Default__ChatWindow_C Function /Game/UI/AllLevels/ChatWindow.ChatWindow_C:ExecuteUbergraph_ChatWindow
[2018.08.22-07.35.34:575][  0]LogUObjectGlobals: Created PersistentFrame Addr=0x000001eefee08ce8, Size=4, Default__ConnectedPlayer_C Function /Game/UI/Lobby/ConnectedPlayer.ConnectedPlayer_C:ExecuteUbergraph_ConnectedPlayer
[2018.08.22-07.35.34:588][  0]LogUObjectGlobals: Created PersistentFrame Addr=0x000001eeff844b80, Size=2544, Default__GameplayPC_C Function /Game/Blueprints/Gameplay/GameplayPC.GameplayPC_C:ExecuteUbergraph_GameplayPC
[2018.08.22-07.35.34:591][  0]LogUObjectGlobals: Created PersistentFrame Addr=0x000001ee807bf580, Size=96, Default__GameplayPS_C Function /Game/Blueprints/Gameplay/GameplayPS.GameplayPS_C:ExecuteUbergraph_GameplayPS
[2018.08.22-07.35.34:594][  0]LogUObjectGlobals: Created PersistentFrame Addr=0x000001ee80762d40, Size=192, Default__GameSettings_C Function /Game/UI/Lobby/GameSettings.GameSettings_C:ExecuteUbergraph_GameSettings
[2018.08.22-07.35.34:596][  0]LogUObjectGlobals: Created PersistentFrame Addr=0x000001eeff902ac0, Size=320, Default__LobbyMenu_C Function /Game/UI/Lobby/LobbyMenu.LobbyMenu_C:ExecuteUbergraph_LobbyMenu
[2018.08.22-07.35.34:600][  0]LogUObjectGlobals: Created PersistentFrame Addr=0x000001ee80705d00, Size=880, Default__LobbyPC_C Function /Game/Blueprints/Lobby/LobbyPC.LobbyPC_C:ExecuteUbergraph_LobbyPC
[2018.08.22-07.35.34:601][  0]LogUObjectGlobals: Created PersistentFrame Addr=0x000001ee806d2040, Size=32, Default__PlayerButton_C Function /Game/UI/Lobby/PlayerButton.PlayerButton_C:ExecuteUbergraph_PlayerButton
[2018.08.22-07.35.34:602][  0]LogUObjectGlobals: Created PersistentFrame Addr=0x000001ee806e6200, Size=544, Default__BP_FemaleCharacter_C Function /Game/Characters/BP_BaseCharacter.BP_BaseCharacter_C:ExecuteUbergraph_BP_BaseCharacter
[2018.08.22-07.35.34:603][  0]LogUObjectGlobals: Created PersistentFrame Addr=0x000001ee806e5d00, Size=544, Default__BP_MaleCharacter_C Function /Game/Characters/BP_BaseCharacter.BP_BaseCharacter_C:ExecuteUbergraph_BP_BaseCharacter
[2018.08.22-07.35.34:605][  0]LogUObjectGlobals: Created PersistentFrame Addr=0x000001ee80679700, Size=256, Default__GameplayGM_C Function /Game/Blueprints/Gameplay/GameplayGM.GameplayGM_C:ExecuteUbergraph_GameplayGM
[2018.08.22-07.35.34:608][  0]LogUObjectGlobals: Created PersistentFrame Addr=0x000001ee80672e80, Size=784, Default__LobbyGM_C Function /Game/Blueprints/Lobby/LobbyGM.LobbyGM_C:ExecuteUbergraph_LobbyGM
[2018.08.22-07.35.34:609][  0]LogUObjectGlobals: Created PersistentFrame Addr=0x000001ee8064b880, Size=544, Default__Tusk_C Function /Game/Characters/BP_BaseCharacter.BP_BaseCharacter_C:ExecuteUbergraph_BP_BaseCharacter
[2018.08.22-07.35.35:051][  0]LogSkeletalMesh: Skeletal Mesh found in DDC [2.698234ms] /Game/Characters/Berserker_S1/Meshes/Combines/SK_Berserker.SK_Berserker
[2018.08.22-07.35.35:053][  0]LogSkeletalMesh: Skeletal Mesh found in DDC [0.229424ms] /Game/Blueprints/Items/Weapons/WoodenBow/SK_WoodenBow.SK_WoodenBow
[2018.08.22-07.35.35:084][  0]LogSkeletalMesh: Skeletal Mesh found in DDC [0.421546ms] /Game/InfinityBladeWarriors/Character/CompleteCharacters/SK_CharM_Tusk.SK_CharM_Tusk
[2018.08.22-07.35.35:105][  0]LogSkeletalMesh: Skeletal Mesh found in DDC [1.047647ms] /Game/Characters/Kachujin/SK_Kachujin.SK_Kachujin
[2018.08.22-07.35.35:110][  0]LogSkeletalMesh: Skeletal Mesh found in DDC [0.172373ms] /Game/Blueprints/Items/Weapons/RelicSword/SK_RelicSword.SK_RelicSword
[2018.08.22-07.35.35:181][  0]LogAIModule: Creating AISystem for world Arena01
[2018.08.22-07.35.35:182][  0]LogLoad: Game class is 'GameplayGM_C'
[2018.08.22-07.35.35:188][  0]LogOnline: Warning: STEAM: Steam API disabled!
[2018.08.22-07.35.35:191][  0]LogOnline: Display: STEAM: OnlineSubsystemSteam::Shutdown()
[2018.08.22-07.35.35:192][  0]LogTemp: Display: ParseSettings for GameNetDriver
[2018.08.22-07.35.35:198][  0]LogTemp: Display: ParseSettings for IpNetDriver_0
[2018.08.22-07.35.35:201][  0]LogTemp: Display: ParseSettings for GameNetDriver
[2018.08.22-07.35.35:203][  0]LogInit: WinSock: Socket queue 131072 / 131072
[2018.08.22-07.35.35:205][  0]PacketHandlerLog: Loaded PacketHandler component: Engine.EngineHandlerComponentFactory (StatelessConnectHandlerComponent)
[2018.08.22-07.35.35:208][  0]LogNet: GameNetDriver IpNetDriver_0 IpNetDriver listening on port 17777
[2018.08.22-07.35.35:210][  0]LogWorld: Bringing World /Game/Maps/Arena01.Arena01 up for play (max tick rate 30) at 2018.08.22-00.35.35
[2018.08.22-07.35.35:211][  0]LogOnline: Warning: OSS: AutoLogin missing AUTH_LOGIN=<login id>.
[2018.08.22-07.35.35:211][  0]LogWorld: Bringing up level for play took: 0.002291
[2018.08.22-07.35.35:211][  0]LogGameMode: Display: Match State Changed from EnteringMap to WaitingToStart
[2018.08.22-07.35.35:212][  0]LogGameState: Match State Changed from EnteringMap to WaitingToStart
[2018.08.22-07.35.35:212][  0]LogLoad: Took 1.271789 seconds to LoadMap(/Game/Maps/Arena01)
[2018.08.22-07.35.35:225][  0]LogLoad: (Engine Initialization) Total time: 5.87 seconds
[2018.08.22-07.35.35:225][  0]LogLoad: (Engine Initialization) Total Blueprint compile time: 0.00 seconds
[2018.08.22-07.35.36:128][ 26]LogNet: NotifyAcceptingConnection accepted from: 127.0.0.1:63253
[2018.08.22-07.35.36:128][ 26]LogHandshake: SendConnectChallenge. Timestamp: 0.902210, Cookie: 080025227034198229066195192209245037096048201208184130217118
[2018.08.22-07.35.36:161][ 27]LogNet: NotifyAcceptingConnection accepted from: 127.0.0.1:63253
[2018.08.22-07.35.36:161][ 27]LogHandshake: SendChallengeAck. InCookie: 080025227034198229066195192209245037096048201208184130217118
[2018.08.22-07.35.36:162][ 27]LogNet: Server accepting post-challenge connection from: 127.0.0.1:63253
[2018.08.22-07.35.36:162][ 27]PacketHandlerLog: Loaded PacketHandler component: Engine.EngineHandlerComponentFactory (StatelessConnectHandlerComponent)
[2018.08.22-07.35.36:162][ 27]LogNet: NotifyAcceptedConnection: Name: Arena01, TimeStamp: 08/22/18 00:35:36, [UNetConnection] RemoteAddr: 127.0.0.1:63253, Name: IpConnection_0, Driver: GameNetDriver IpNetDriver_0, IsServer: YES, PC: NULL, Owner: NULL, UniqueId: INVALID
[2018.08.22-07.35.36:162][ 27]LogNet: AddClientConnection: Added client connection: [UNetConnection] RemoteAddr: 127.0.0.1:63253, Name: IpConnection_0, Driver: GameNetDriver IpNetDriver_0, IsServer: YES, PC: NULL, Owner: NULL, UniqueId: INVALID
[2018.08.22-07.35.36:163][ 27]LogNet: NotifyAcceptingConnection accepted from: 127.0.0.1:63254
[2018.08.22-07.35.36:163][ 27]LogHandshake: SendConnectChallenge. Timestamp: 0.935131, Cookie: 141156158031024091066086188019024017038080106069183087150121
[2018.08.22-07.35.36:194][ 28]LogNet: NotifyAcceptingChannel Control 0 server World /Game/Maps/Arena01.Arena01: Accepted
[2018.08.22-07.35.36:194][ 28]LogNet: Remote platform little endian=1
[2018.08.22-07.35.36:195][ 28]LogNet: This platform little endian=1
[2018.08.22-07.35.36:195][ 28]LogNetVersion: DarkCrystal 1.0.0.0, NetCL: 3944462, EngineNetVer: 2, GameNetVer: 0 (Checksum: 162565633)
[2018.08.22-07.35.36:195][ 28]LogNet: NotifyAcceptingConnection accepted from: 127.0.0.1:63255
[2018.08.22-07.35.36:195][ 28]LogHandshake: SendConnectChallenge. Timestamp: 0.968034, Cookie: 196086101001238175168223170220094009105182185004108214073016
[2018.08.22-07.35.36:195][ 28]LogNet: NotifyAcceptingConnection accepted from: 127.0.0.1:63254
[2018.08.22-07.35.36:196][ 28]LogHandshake: SendChallengeAck. InCookie: 141156158031024091066086188019024017038080106069183087150121
[2018.08.22-07.35.36:196][ 28]LogNet: Server accepting post-challenge connection from: 127.0.0.1:63254
[2018.08.22-07.35.36:196][ 28]PacketHandlerLog: Loaded PacketHandler component: Engine.EngineHandlerComponentFactory (StatelessConnectHandlerComponent)
[2018.08.22-07.35.36:196][ 28]LogNet: NotifyAcceptedConnection: Name: Arena01, TimeStamp: 08/22/18 00:35:36, [UNetConnection] RemoteAddr: 127.0.0.1:63254, Name: IpConnection_1, Driver: GameNetDriver IpNetDriver_0, IsServer: YES, PC: NULL, Owner: NULL, UniqueId: INVALID
[2018.08.22-07.35.36:196][ 28]LogNet: AddClientConnection: Added client connection: [UNetConnection] RemoteAddr: 127.0.0.1:63254, Name: IpConnection_1, Driver: GameNetDriver IpNetDriver_0, IsServer: YES, PC: NULL, Owner: NULL, UniqueId: INVALID
[2018.08.22-07.35.36:196][ 28]LogNet: Login request: /Game/Maps/MainMenu?Name=DESKTOP-LI0N2FC-6F0F6853467829BB23CAEC8105CAD4A2 userId: DESKTOP-LI0N2FC-6F0F6853467829BB23CAEC8105CAD4A2
[2018.08.22-07.35.36:227][ 29]LogNet: NotifyAcceptingConnection accepted from: 127.0.0.1:63255
[2018.08.22-07.35.36:227][ 29]LogHandshake: SendChallengeAck. InCookie: 196086101001238175168223170220094009105182185004108214073016
[2018.08.22-07.35.36:228][ 29]LogNet: Server accepting post-challenge connection from: 127.0.0.1:63255
[2018.08.22-07.35.36:228][ 29]PacketHandlerLog: Loaded PacketHandler component: Engine.EngineHandlerComponentFactory (StatelessConnectHandlerComponent)
[2018.08.22-07.35.36:228][ 29]LogNet: NotifyAcceptedConnection: Name: Arena01, TimeStamp: 08/22/18 00:35:36, [UNetConnection] RemoteAddr: 127.0.0.1:63255, Name: IpConnection_2, Driver: GameNetDriver IpNetDriver_0, IsServer: YES, PC: NULL, Owner: NULL, UniqueId: INVALID
[2018.08.22-07.35.36:228][ 29]LogNet: AddClientConnection: Added client connection: [UNetConnection] RemoteAddr: 127.0.0.1:63255, Name: IpConnection_2, Driver: GameNetDriver IpNetDriver_0, IsServer: YES, PC: NULL, Owner: NULL, UniqueId: INVALID
[2018.08.22-07.35.36:228][ 29]LogNet: NotifyAcceptingChannel Control 0 server World /Game/Maps/Arena01.Arena01: Accepted
[2018.08.22-07.35.36:229][ 29]LogNet: Remote platform little endian=1
[2018.08.22-07.35.36:229][ 29]LogNet: This platform little endian=1
[2018.08.22-07.35.36:229][ 29]LogNet: Client netspeed is 10000
[2018.08.22-07.35.36:261][ 30]LogNet: NotifyAcceptingChannel Control 0 server World /Game/Maps/Arena01.Arena01: Accepted
[2018.08.22-07.35.36:261][ 30]LogNet: Remote platform little endian=1
[2018.08.22-07.35.36:261][ 30]LogNet: This platform little endian=1
[2018.08.22-07.35.36:262][ 30]LogNet: Login request: /Game/Maps/MainMenu?Name=DESKTOP-LI0N2FC-E908531244E7D6F9ADFF0F89CAADAD72 userId: DESKTOP-LI0N2FC-E908531244E7D6F9ADFF0F89CAADAD72
[2018.08.22-07.35.36:294][ 31]LogNet: Login request: /Game/Maps/MainMenu?Name=DESKTOP-LI0N2FC-C3B0B68E428F9281C24D17A404CDE5D0 userId: DESKTOP-LI0N2FC-C3B0B68E428F9281C24D17A404CDE5D0
[2018.08.22-07.35.36:294][ 31]LogNet: Client netspeed is 10000
[2018.08.22-07.35.36:327][ 32]LogNet: Client netspeed is 10000
[2018.08.22-07.35.37:486][ 67]LogNet: Join request: /Game/Maps/MainMenu?Name=DESKTOP-LI0N2FC-6F0F6853467829BB23CAEC8105CAD4A2?SplitscreenCount=1
[2018.08.22-07.35.37:486][ 67]LogOnline: Warning: OSS: No game present to join for session (GameSession)
[2018.08.22-07.35.37:488][ 67]LogGameMode: Display: Match State Changed from WaitingToStart to InProgress
[2018.08.22-07.35.37:492][ 67]LogGameState: Match State Changed from WaitingToStart to InProgress
[2018.08.22-07.35.37:492][ 67]LogNet: Join succeeded: DESKTOP-LI0N2FC-6F0F
[2018.08.22-07.35.37:554][ 69]LogNet: Join request: /Game/Maps/MainMenu?Name=DESKTOP-LI0N2FC-E908531244E7D6F9ADFF0F89CAADAD72?SplitscreenCount=1
[2018.08.22-07.35.37:555][ 69]LogOnline: Warning: OSS: No game present to join for session (GameSession)
[2018.08.22-07.35.37:560][ 69]LogNet: Join succeeded: DESKTOP-LI0N2FC-E908
[2018.08.22-07.35.37:560][ 69]LogNet: Join request: /Game/Maps/MainMenu?Name=DESKTOP-LI0N2FC-C3B0B68E428F9281C24D17A404CDE5D0?SplitscreenCount=1
[2018.08.22-07.35.37:561][ 69]LogOnline: Warning: OSS: No game present to join for session (GameSession)
[2018.08.22-07.35.37:565][ 69]LogNet: Join succeeded: DESKTOP-LI0N2FC-C3B0
[2018.08.22-07.35.37:619][ 71]LogNetPackageMap: Warning: SanityCheckExport: CacheObject == NULL. NetGUID: 1, Object: /Game/Mannequin/Character/Textures/UE4_LOGO_CARD.UE4_LOGO_CARD, Expected: T_Ceramic_Tile_M
[2018.08.22-07.35.37:620][ 71]LogNetPackageMap: Warning: SanityCheckExport: Name mismatch. NetGUID: 1, Object: /Game/Mannequin/Character/Textures/UE4_LOGO_CARD.UE4_LOGO_CARD, Expected: T_Ceramic_Tile_M
[2018.08.22-07.35.37:624][ 71]LogNetPackageMap: Warning: SanityCheckExport: Outer mismatch. Object: /Game/Mannequin/Character/Textures/UE4_LOGO_CARD.UE4_LOGO_CARD, NetGUID: 1, Current: /Game/Mannequin/Character/Textures/UE4_LOGO_CARD, Expected: /Game/StarterContent/Textures/T_Ceramic_Tile_M
[2018.08.22-07.35.37:628][ 71]LogBlueprintUserMessages: [GameplayGM_C_0] 0
[2018.08.22-07.35.37:719][ 74]LogNetPackageMap: Warning: SanityCheckExport: CacheObject == NULL. NetGUID: 1, Object: /Game/Mannequin/Character/Textures/UE4_LOGO_CARD.UE4_LOGO_CARD, Expected: T_Ceramic_Tile_M
[2018.08.22-07.35.37:720][ 74]LogNetPackageMap: Warning: SanityCheckExport: Name mismatch. NetGUID: 1, Object: /Game/Mannequin/Character/Textures/UE4_LOGO_CARD.UE4_LOGO_CARD, Expected: T_Ceramic_Tile_M
[2018.08.22-07.35.37:720][ 74]LogNetPackageMap: Warning: SanityCheckExport: Outer mismatch. Object: /Game/Mannequin/Character/Textures/UE4_LOGO_CARD.UE4_LOGO_CARD, NetGUID: 1, Current: /Game/Mannequin/Character/Textures/UE4_LOGO_CARD, Expected: /Game/StarterContent/Textures/T_Ceramic_Tile_M
[2018.08.22-07.35.37:724][ 74]LogBlueprintUserMessages: [GameplayGM_C_0] 1
[2018.08.22-07.35.37:787][ 76]LogNetPackageMap: Warning: SanityCheckExport: CacheObject == NULL. NetGUID: 1, Object: /Game/Mannequin/Character/Textures/UE4_LOGO_CARD.UE4_LOGO_CARD, Expected: T_Ceramic_Tile_M
[2018.08.22-07.35.37:788][ 76]LogNetPackageMap: Warning: SanityCheckExport: Name mismatch. NetGUID: 1, Object: /Game/Mannequin/Character/Textures/UE4_LOGO_CARD.UE4_LOGO_CARD, Expected: T_Ceramic_Tile_M
[2018.08.22-07.35.37:788][ 76]LogNetPackageMap: Warning: SanityCheckExport: Outer mismatch. Object: /Game/Mannequin/Character/Textures/UE4_LOGO_CARD.UE4_LOGO_CARD, NetGUID: 1, Current: /Game/Mannequin/Character/Textures/UE4_LOGO_CARD, Expected: /Game/StarterContent/Textures/T_Ceramic_Tile_M
[2018.08.22-07.35.37:792][ 76]LogBlueprintUserMessages: [GameplayGM_C_0] 2
[2018.08.22-07.35.37:954][ 81]LogBlueprintUserMessages: [GameplayPC_C_0] Controller ID-0 selected weapon slot: Null Hand: false
[2018.08.22-07.35.38:020][ 83]LogBlueprintUserMessages: [GameplayPC_C_1] Controller ID-2 selected weapon slot: Null Hand: false
[2018.08.22-07.35.38:020][ 83]LogBlueprintUserMessages: [GameplayPC_C_2] Controller ID-1 selected weapon slot: Null Hand: false
[2018.08.22-07.35.38:021][ 83]LogBlueprintUserMessages: [GameplayPC_C_0] Reset Jump controller id: 0
[2018.08.22-07.35.38:219][ 89]LogBlueprintUserMessages: [GameplayPC_C_1] Reset Jump controller id: 2
[2018.08.22-07.35.38:485][ 97]LogBlueprintUserMessages: [GameplayPC_C_0] Controller ID-0 selected weapon slot: Null Hand: false
[2018.08.22-07.35.38:551][ 99]LogBlueprintUserMessages: [GameplayPC_C_1] Controller ID-2 selected weapon slot: Null Hand: false
[2018.08.22-07.35.38:551][ 99]LogBlueprintUserMessages: [GameplayPC_C_2] Controller ID-1 selected weapon slot: Null Hand: false
[2018.08.22-07.35.39:014][113]LogBlueprintUserMessages: [GameplayPC_C_0] Controller ID-0 selected weapon slot: Null Hand: false
[2018.08.22-07.35.39:082][115]LogBlueprintUserMessages: [GameplayPC_C_1] Controller ID-2 selected weapon slot: Null Hand: false
[2018.08.22-07.35.39:082][115]LogBlueprintUserMessages: [GameplayPC_C_2] Controller ID-1 selected weapon slot: Null Hand: false
[2018.08.22-07.35.39:543][129]LogBlueprintUserMessages: [GameplayPC_C_0] Controller ID-0 selected weapon slot: Null Hand: false
[2018.08.22-07.35.39:610][131]LogBlueprintUserMessages: [GameplayPC_C_1] Controller ID-2 selected weapon slot: Null Hand: false
[2018.08.22-07.35.39:610][131]LogBlueprintUserMessages: [GameplayPC_C_2] Controller ID-1 selected weapon slot: Null Hand: false
[2018.08.22-07.35.40:074][145]LogBlueprintUserMessages: [GameplayPC_C_0] Controller ID-0 selected weapon slot: Null Hand: false
[2018.08.22-07.35.40:140][147]LogBlueprintUserMessages: [GameplayPC_C_1] Controller ID-2 selected weapon slot: Null Hand: false
[2018.08.22-07.35.40:140][147]LogBlueprintUserMessages: [GameplayPC_C_2] Controller ID-1 selected weapon slot: Null Hand: false
[2018.08.22-07.35.40:570][160]LogBlueprintUserMessages: [DCGameState_C_0] Error: Selected weapon is invalid.
[2018.08.22-07.35.40:604][161]LogBlueprintUserMessages: [GameplayPC_C_0] Controller ID-0 selected weapon slot: Null Hand: false
[2018.08.22-07.35.40:672][163]LogBlueprintUserMessages: [GameplayPC_C_1] Controller ID-2 selected weapon slot: Null Hand: false
[2018.08.22-07.35.40:672][163]LogBlueprintUserMessages: [GameplayPC_C_2] Controller ID-1 selected weapon slot: WeaponSlot1 Hand: false
[2018.08.22-07.35.41:135][177]LogBlueprintUserMessages: [GameplayPC_C_0] Controller ID-0 selected weapon slot: Null Hand: false
[2018.08.22-07.35.41:203][179]LogBlueprintUserMessages: [GameplayPC_C_1] Controller ID-2 selected weapon slot: Null Hand: false
[2018.08.22-07.35.41:203][179]LogBlueprintUserMessages: [GameplayPC_C_2] Controller ID-1 selected weapon slot: WeaponSlot1 Hand: false
[2018.08.22-07.35.41:469][187]LogBlueprintUserMessages: [GameplayPC_C_2] state start Interaction
[2018.08.22-07.35.41:469][187]LogBlueprintUserMessages: [GameplayPC_C_2] state end Idle
[2018.08.22-07.35.41:635][192]LogBlueprintUserMessages: [GameplayPC_C_0] Controller ID-0 selected weapon slot: Null Hand: false
[2018.08.22-07.35.41:735][195]LogBlueprintUserMessages: [GameplayPC_C_1] Controller ID-2 selected weapon slot: Null Hand: false
[2018.08.22-07.35.41:735][195]LogBlueprintUserMessages: [GameplayPC_C_2] Controller ID-1 selected weapon slot: WeaponSlot1 Hand: true
[2018.08.22-07.35.42:168][208]LogBlueprintUserMessages: [GameplayPC_C_0] Controller ID-0 selected weapon slot: Null Hand: false
[2018.08.22-07.35.42:268][211]LogBlueprintUserMessages: [GameplayPC_C_1] Controller ID-2 selected weapon slot: Null Hand: false
[2018.08.22-07.35.42:268][211]LogBlueprintUserMessages: [GameplayPC_C_2] Controller ID-1 selected weapon slot: WeaponSlot1 Hand: true
[2018.08.22-07.35.42:699][224]LogBlueprintUserMessages: [GameplayPC_C_0] Controller ID-0 selected weapon slot: Null Hand: false
[2018.08.22-07.35.42:799][227]LogBlueprintUserMessages: [GameplayPC_C_1] Controller ID-2 selected weapon slot: Null Hand: false
[2018.08.22-07.35.42:799][227]LogBlueprintUserMessages: [GameplayPC_C_2] Controller ID-1 selected weapon slot: WeaponSlot1 Hand: true
[2018.08.22-07.35.43:231][240]LogBlueprintUserMessages: [GameplayPC_C_0] Controller ID-0 selected weapon slot: Null Hand: false
[2018.08.22-07.35.43:331][243]LogBlueprintUserMessages: [GameplayPC_C_1] Controller ID-2 selected weapon slot: Null Hand: false
[2018.08.22-07.35.43:331][243]LogBlueprintUserMessages: [GameplayPC_C_2] Controller ID-1 selected weapon slot: WeaponSlot1 Hand: true
[2018.08.22-07.35.43:763][256]LogBlueprintUserMessages: [GameplayPC_C_0] Controller ID-0 selected weapon slot: Null Hand: false
[2018.08.22-07.35.43:862][259]LogBlueprintUserMessages: [GameplayPC_C_1] Controller ID-2 selected weapon slot: Null Hand: false
[2018.08.22-07.35.43:862][259]LogBlueprintUserMessages: [GameplayPC_C_2] Controller ID-1 selected weapon slot: WeaponSlot1 Hand: true
[2018.08.22-07.35.44:295][272]LogBlueprintUserMessages: [GameplayPC_C_0] Controller ID-0 selected weapon slot: Null Hand: false
[2018.08.22-07.35.44:395][275]LogBlueprintUserMessages: [GameplayPC_C_1] Controller ID-2 selected weapon slot: Null Hand: false
[2018.08.22-07.35.44:395][275]LogBlueprintUserMessages: [GameplayPC_C_2] Controller ID-1 selected weapon slot: WeaponSlot1 Hand: true
[2018.08.22-07.35.44:796][287]LogBlueprintUserMessages: [GameplayPC_C_0] Controller ID-0 selected weapon slot: Null Hand: false
[2018.08.22-07.35.44:896][290]LogBlueprintUserMessages: [GameplayPC_C_1] Controller ID-2 selected weapon slot: Null Hand: false
[2018.08.22-07.35.44:896][290]LogBlueprintUserMessages: [GameplayPC_C_2] Controller ID-1 selected weapon slot: WeaponSlot1 Hand: true
[2018.08.22-07.35.45:328][303]LogBlueprintUserMessages: [GameplayPC_C_0] Controller ID-0 selected weapon slot: Null Hand: false
[2018.08.22-07.35.45:428][306]LogBlueprintUserMessages: [GameplayPC_C_1] Controller ID-2 selected weapon slot: Null Hand: false
[2018.08.22-07.35.45:428][306]LogBlueprintUserMessages: [GameplayPC_C_2] Controller ID-1 selected weapon slot: WeaponSlot1 Hand: true
[2018.08.22-07.35.45:828][318]LogBlueprintUserMessages: [GameplayPC_C_0] Controller ID-0 selected weapon slot: Null Hand: false
[2018.08.22-07.35.45:928][321]LogBlueprintUserMessages: [GameplayPC_C_1] Controller ID-2 selected weapon slot: Null Hand: false
[2018.08.22-07.35.45:928][321]LogBlueprintUserMessages: [GameplayPC_C_2] Controller ID-1 selected weapon slot: WeaponSlot1 Hand: true
[2018.08.22-07.35.46:328][333]LogBlueprintUserMessages: [GameplayPC_C_0] Controller ID-0 selected weapon slot: Null Hand: false
[2018.08.22-07.35.46:430][336]LogBlueprintUserMessages: [GameplayPC_C_1] Controller ID-2 selected weapon slot: Null Hand: false
[2018.08.22-07.35.46:430][336]LogBlueprintUserMessages: [GameplayPC_C_2] Controller ID-1 selected weapon slot: WeaponSlot1 Hand: true
[2018.08.22-07.35.46:829][348]LogBlueprintUserMessages: [GameplayPC_C_0] Controller ID-0 selected weapon slot: Null Hand: false
[2018.08.22-07.35.46:963][352]LogBlueprintUserMessages: [GameplayPC_C_1] Controller ID-2 selected weapon slot: Null Hand: false
[2018.08.22-07.35.46:963][352]LogBlueprintUserMessages: [GameplayPC_C_2] Controller ID-1 selected weapon slot: WeaponSlot1 Hand: true
[2018.08.22-07.35.47:360][364]LogBlueprintUserMessages: [GameplayPC_C_0] Controller ID-0 selected weapon slot: Null Hand: false
[2018.08.22-07.35.47:494][368]LogBlueprintUserMessages: [GameplayPC_C_1] Controller ID-2 selected weapon slot: Null Hand: false
[2018.08.22-07.35.47:494][368]LogBlueprintUserMessages: [GameplayPC_C_2] Controller ID-1 selected weapon slot: WeaponSlot1 Hand: true
[2018.08.22-07.35.47:862][379]LogBlueprintUserMessages: [GameplayPC_C_0] Controller ID-0 selected weapon slot: Null Hand: false
[2018.08.22-07.35.47:995][383]LogBlueprintUserMessages: [GameplayPC_C_1] Controller ID-2 selected weapon slot: Null Hand: false
[2018.08.22-07.35.47:995][383]LogBlueprintUserMessages: [GameplayPC_C_2] Controller ID-1 selected weapon slot: WeaponSlot1 Hand: true
[2018.08.22-07.35.48:395][395]LogBlueprintUserMessages: [GameplayPC_C_0] Controller ID-0 selected weapon slot: Null Hand: false
[2018.08.22-07.35.48:495][398]LogBlueprintUserMessages: [GameplayPC_C_1] Controller ID-2 selected weapon slot: Null Hand: false
[2018.08.22-07.35.48:495][398]LogBlueprintUserMessages: [GameplayPC_C_2] Controller ID-1 selected weapon slot: WeaponSlot1 Hand: true
[2018.08.22-07.35.48:895][410]LogBlueprintUserMessages: [GameplayPC_C_0] Controller ID-0 selected weapon slot: Null Hand: false
[2018.08.22-07.35.48:996][413]LogBlueprintUserMessages: [GameplayPC_C_1] Controller ID-2 selected weapon slot: Null Hand: false
[2018.08.22-07.35.48:996][413]LogBlueprintUserMessages: [GameplayPC_C_2] Controller ID-1 selected weapon slot: WeaponSlot1 Hand: true
[2018.08.22-07.35.49:397][425]LogBlueprintUserMessages: [GameplayPC_C_0] Controller ID-0 selected weapon slot: Null Hand: false
[2018.08.22-07.35.49:497][428]LogBlueprintUserMessages: [GameplayPC_C_1] Controller ID-2 selected weapon slot: Null Hand: false
[2018.08.22-07.35.49:497][428]LogBlueprintUserMessages: [GameplayPC_C_2] Controller ID-1 selected weapon slot: WeaponSlot1 Hand: true
[2018.08.22-07.35.49:928][441]LogBlueprintUserMessages: [GameplayPC_C_0] Controller ID-0 selected weapon slot: Null Hand: false
[2018.08.22-07.35.50:028][444]LogBlueprintUserMessages: [GameplayPC_C_1] Controller ID-2 selected weapon slot: Null Hand: false
[2018.08.22-07.35.50:028][444]LogBlueprintUserMessages: [GameplayPC_C_2] Controller ID-1 selected weapon slot: WeaponSlot1 Hand: true
[2018.08.22-07.35.50:459][457]LogBlueprintUserMessages: [GameplayPC_C_0] Controller ID-0 selected weapon slot: Null Hand: false
[2018.08.22-07.35.50:560][460]LogBlueprintUserMessages: [GameplayPC_C_1] Controller ID-2 selected weapon slot: Null Hand: false
[2018.08.22-07.35.50:560][460]LogBlueprintUserMessages: [GameplayPC_C_2] Controller ID-1 selected weapon slot: WeaponSlot1 Hand: true
[2018.08.22-07.35.50:991][473]LogBlueprintUserMessages: [GameplayPC_C_0] Controller ID-0 selected weapon slot: Null Hand: false
[2018.08.22-07.35.51:091][476]LogBlueprintUserMessages: [GameplayPC_C_1] Controller ID-2 selected weapon slot: Null Hand: false
[2018.08.22-07.35.51:091][476]LogBlueprintUserMessages: [GameplayPC_C_2] Controller ID-1 selected weapon slot: WeaponSlot1 Hand: true
[2018.08.22-07.35.51:522][489]LogBlueprintUserMessages: [GameplayPC_C_0] Controller ID-0 selected weapon slot: Null Hand: false
[2018.08.22-07.35.51:622][492]LogBlueprintUserMessages: [GameplayPC_C_1] Controller ID-2 selected weapon slot: Null Hand: false
[2018.08.22-07.35.51:622][492]LogBlueprintUserMessages: [GameplayPC_C_2] Controller ID-1 selected weapon slot: WeaponSlot1 Hand: true
[2018.08.22-07.35.52:054][505]LogBlueprintUserMessages: [GameplayPC_C_0] Controller ID-0 selected weapon slot: Null Hand: false
[2018.08.22-07.35.52:154][508]LogBlueprintUserMessages: [GameplayPC_C_1] Controller ID-2 selected weapon slot: Null Hand: false
[2018.08.22-07.35.52:154][508]LogBlueprintUserMessages: [GameplayPC_C_2] Controller ID-1 selected weapon slot: WeaponSlot1 Hand: true
[2018.08.22-07.35.52:221][510]LogBlueprintUserMessages: [GameplayPC_C_2] Reset Jump controller id: 1
[2018.08.22-07.35.52:586][521]LogBlueprintUserMessages: [GameplayPC_C_0] Controller ID-0 selected weapon slot: Null Hand: false
[2018.08.22-07.35.52:685][524]LogBlueprintUserMessages: [GameplayPC_C_1] Controller ID-2 selected weapon slot: Null Hand: false
[2018.08.22-07.35.52:685][524]LogBlueprintUserMessages: [GameplayPC_C_2] Controller ID-1 selected weapon slot: WeaponSlot1 Hand: true
[2018.08.22-07.35.53:116][537]LogBlueprintUserMessages: [GameplayPC_C_0] Controller ID-0 selected weapon slot: Null Hand: false
[2018.08.22-07.35.53:216][540]LogBlueprintUserMessages: [GameplayPC_C_1] Controller ID-2 selected weapon slot: Null Hand: false
[2018.08.22-07.35.53:216][540]LogBlueprintUserMessages: [GameplayPC_C_2] Controller ID-1 selected weapon slot: WeaponSlot1 Hand: true
[2018.08.22-07.35.53:616][552]LogBlueprintUserMessages: [GameplayPC_C_0] Controller ID-0 selected weapon slot: Null Hand: false
[2018.08.22-07.35.53:749][556]LogBlueprintUserMessages: [GameplayPC_C_1] Controller ID-2 selected weapon slot: Null Hand: false
[2018.08.22-07.35.53:749][556]LogBlueprintUserMessages: [GameplayPC_C_2] Controller ID-1 selected weapon slot: WeaponSlot1 Hand: true
[2018.08.22-07.35.54:117][567]LogBlueprintUserMessages: [GameplayPC_C_0] Controller ID-0 selected weapon slot: Null Hand: false
[2018.08.22-07.35.54:257][571]LogBlueprintUserMessages: [GameplayPC_C_1] Controller ID-2 selected weapon slot: Null Hand: false
[2018.08.22-07.35.54:263][571]LogBlueprintUserMessages: [GameplayPC_C_2] Controller ID-1 selected weapon slot: WeaponSlot1 Hand: true
[2018.08.22-07.35.54:650][583]LogBlueprintUserMessages: [GameplayPC_C_0] Controller ID-0 selected weapon slot: Null Hand: false
[2018.08.22-07.35.54:782][587]LogBlueprintUserMessages: [GameplayPC_C_1] Controller ID-2 selected weapon slot: Null Hand: false
[2018.08.22-07.35.54:782][587]LogBlueprintUserMessages: [GameplayPC_C_2] Controller ID-1 selected weapon slot: WeaponSlot1 Hand: true
[2018.08.22-07.35.55:150][598]LogBlueprintUserMessages: [GameplayPC_C_0] Controller ID-0 selected weapon slot: Null Hand: false
[2018.08.22-07.35.55:282][602]LogBlueprintUserMessages: [GameplayPC_C_1] Controller ID-2 selected weapon slot: Null Hand: false
[2018.08.22-07.35.55:282][602]LogBlueprintUserMessages: [GameplayPC_C_2] Controller ID-1 selected weapon slot: WeaponSlot1 Hand: true
[2018.08.22-07.35.55:682][614]LogBlueprintUserMessages: [GameplayPC_C_0] Controller ID-0 selected weapon slot: Null Hand: false
[2018.08.22-07.35.55:783][617]LogBlueprintUserMessages: [GameplayPC_C_1] Controller ID-2 selected weapon slot: Null Hand: false
[2018.08.22-07.35.55:783][617]LogBlueprintUserMessages: [GameplayPC_C_2] Controller ID-1 selected weapon slot: WeaponSlot1 Hand: true
[2018.08.22-07.35.56:183][629]LogBlueprintUserMessages: [GameplayPC_C_0] Controller ID-0 selected weapon slot: Null Hand: false
[2018.08.22-07.35.56:315][633]LogBlueprintUserMessages: [GameplayPC_C_1] Controller ID-2 selected weapon slot: Null Hand: false
[2018.08.22-07.35.56:315][633]LogBlueprintUserMessages: [GameplayPC_C_2] Controller ID-1 selected weapon slot: WeaponSlot1 Hand: true
[2018.08.22-07.35.56:716][645]LogBlueprintUserMessages: [GameplayPC_C_0] Controller ID-0 selected weapon slot: Null Hand: false
[2018.08.22-07.35.56:816][648]LogBlueprintUserMessages: [GameplayPC_C_1] Controller ID-2 selected weapon slot: Null Hand: false
[2018.08.22-07.35.56:816][648]LogBlueprintUserMessages: [GameplayPC_C_2] Controller ID-1 selected weapon slot: WeaponSlot1 Hand: true
[2018.08.22-07.35.57:216][660]LogBlueprintUserMessages: [GameplayPC_C_0] Controller ID-0 selected weapon slot: Null Hand: false
[2018.08.22-07.35.57:350][664]LogBlueprintUserMessages: [GameplayPC_C_1] Controller ID-2 selected weapon slot: Null Hand: false
[2018.08.22-07.35.57:350][664]LogBlueprintUserMessages: [GameplayPC_C_2] Controller ID-1 selected weapon slot: WeaponSlot1 Hand: true
[2018.08.22-07.35.57:748][676]LogBlueprintUserMessages: [GameplayPC_C_0] Controller ID-0 selected weapon slot: Null Hand: false
[2018.08.22-07.35.57:882][680]LogBlueprintUserMessages: [GameplayPC_C_1] Controller ID-2 selected weapon slot: Null Hand: false
[2018.08.22-07.35.57:882][680]LogBlueprintUserMessages: [GameplayPC_C_2] Controller ID-1 selected weapon slot: WeaponSlot1 Hand: true
[2018.08.22-07.35.58:281][692]LogBlueprintUserMessages: [GameplayPC_C_0] Controller ID-0 selected weapon slot: Null Hand: false
[2018.08.22-07.35.58:382][695]LogBlueprintUserMessages: [GameplayPC_C_1] Controller ID-2 selected weapon slot: Null Hand: false
[2018.08.22-07.35.58:382][695]LogBlueprintUserMessages: [GameplayPC_C_2] Controller ID-1 selected weapon slot: WeaponSlot1 Hand: true
[2018.08.22-07.35.58:781][707]LogBlueprintUserMessages: [GameplayPC_C_0] Controller ID-0 selected weapon slot: Null Hand: false
[2018.08.22-07.35.58:914][711]LogBlueprintUserMessages: [GameplayPC_C_1] Controller ID-2 selected weapon slot: Null Hand: false
[2018.08.22-07.35.58:914][711]LogBlueprintUserMessages: [GameplayPC_C_2] Controller ID-1 selected weapon slot: WeaponSlot1 Hand: true
[2018.08.22-07.35.59:314][723]LogBlueprintUserMessages: [GameplayPC_C_0] Controller ID-0 selected weapon slot: Null Hand: false
[2018.08.22-07.35.59:414][726]LogBlueprintUserMessages: [GameplayPC_C_1] Controller ID-2 selected weapon slot: Null Hand: false
[2018.08.22-07.35.59:414][726]LogBlueprintUserMessages: [GameplayPC_C_2] Controller ID-1 selected weapon slot: WeaponSlot1 Hand: true
[2018.08.22-07.35.59:846][739]LogBlueprintUserMessages: [GameplayPC_C_0] Controller ID-0 selected weapon slot: Null Hand: false
[2018.08.22-07.35.59:946][742]LogBlueprintUserMessages: [GameplayPC_C_1] Controller ID-2 selected weapon slot: Null Hand: false
[2018.08.22-07.35.59:946][742]LogBlueprintUserMessages: [GameplayPC_C_2] Controller ID-1 selected weapon slot: WeaponSlot1 Hand: true
[2018.08.22-07.36.00:379][755]LogBlueprintUserMessages: [GameplayPC_C_0] Controller ID-0 selected weapon slot: Null Hand: false
[2018.08.22-07.36.00:446][757]LogBlueprintUserMessages: [GameplayPC_C_1] Controller ID-2 selected weapon slot: Null Hand: false
[2018.08.22-07.36.00:446][757]LogBlueprintUserMessages: [GameplayPC_C_2] Controller ID-1 selected weapon slot: WeaponSlot1 Hand: true
[2018.08.22-07.36.00:879][770]LogBlueprintUserMessages: [GameplayPC_C_0] Controller ID-0 selected weapon slot: Null Hand: false
[2018.08.22-07.36.00:980][773]LogBlueprintUserMessages: [GameplayPC_C_1] Controller ID-2 selected weapon slot: Null Hand: false
[2018.08.22-07.36.00:980][773]LogBlueprintUserMessages: [GameplayPC_C_2] Controller ID-1 selected weapon slot: WeaponSlot1 Hand: true
[2018.08.22-07.36.01:410][786]LogBlueprintUserMessages: [GameplayPC_C_0] Controller ID-0 selected weapon slot: Null Hand: false
[2018.08.22-07.36.01:513][789]LogBlueprintUserMessages: [GameplayPC_C_1] Controller ID-2 selected weapon slot: Null Hand: false
[2018.08.22-07.36.01:513][789]LogBlueprintUserMessages: [GameplayPC_C_2] Controller ID-1 selected weapon slot: WeaponSlot1 Hand: true
[2018.08.22-07.36.01:914][801]LogBlueprintUserMessages: [GameplayPC_C_0] Controller ID-0 selected weapon slot: Null Hand: false
[2018.08.22-07.36.02:016][804]LogBlueprintUserMessages: [GameplayPC_C_1] Controller ID-2 selected weapon slot: Null Hand: false
[2018.08.22-07.36.02:016][804]LogBlueprintUserMessages: [GameplayPC_C_2] Controller ID-1 selected weapon slot: WeaponSlot1 Hand: true
[2018.08.22-07.36.02:446][817]LogBlueprintUserMessages: [GameplayPC_C_0] Controller ID-0 selected weapon slot: Null Hand: false
[2018.08.22-07.36.02:546][820]LogBlueprintUserMessages: [GameplayPC_C_1] Controller ID-2 selected weapon slot: Null Hand: false
[2018.08.22-07.36.02:546][820]LogBlueprintUserMessages: [GameplayPC_C_2] Controller ID-1 selected weapon slot: WeaponSlot1 Hand: true
[2018.08.22-07.36.02:977][833]LogBlueprintUserMessages: [GameplayPC_C_0] Controller ID-0 selected weapon slot: Null Hand: false
[2018.08.22-07.36.03:077][836]LogBlueprintUserMessages: [GameplayPC_C_1] Controller ID-2 selected weapon slot: Null Hand: false
[2018.08.22-07.36.03:077][836]LogBlueprintUserMessages: [GameplayPC_C_2] Controller ID-1 selected weapon slot: WeaponSlot1 Hand: true
[2018.08.22-07.36.03:507][849]LogBlueprintUserMessages: [GameplayPC_C_0] Controller ID-0 selected weapon slot: Null Hand: false
[2018.08.22-07.36.03:607][852]LogBlueprintUserMessages: [GameplayPC_C_1] Controller ID-2 selected weapon slot: Null Hand: false
[2018.08.22-07.36.03:607][852]LogBlueprintUserMessages: [GameplayPC_C_2] Controller ID-1 selected weapon slot: WeaponSlot1 Hand: true
[2018.08.22-07.36.04:039][865]LogBlueprintUserMessages: [GameplayPC_C_0] Controller ID-0 selected weapon slot: Null Hand: false
[2018.08.22-07.36.04:138][868]LogBlueprintUserMessages: [GameplayPC_C_1] Controller ID-2 selected weapon slot: Null Hand: false
[2018.08.22-07.36.04:138][868]LogBlueprintUserMessages: [GameplayPC_C_2] Controller ID-1 selected weapon slot: WeaponSlot1 Hand: true
[2018.08.22-07.36.04:539][880]LogBlueprintUserMessages: [GameplayPC_C_0] Controller ID-0 selected weapon slot: Null Hand: false
[2018.08.22-07.36.04:639][883]LogBlueprintUserMessages: [GameplayPC_C_1] Controller ID-2 selected weapon slot: Null Hand: false
[2018.08.22-07.36.04:639][883]LogBlueprintUserMessages: [GameplayPC_C_2] Controller ID-1 selected weapon slot: WeaponSlot1 Hand: true
[2018.08.22-07.36.05:042][895]LogBlueprintUserMessages: [GameplayPC_C_0] Controller ID-0 selected weapon slot: Null Hand: false
[2018.08.22-07.36.05:042][895]LogBlueprintUserMessages: [GameplayPC_C_2] Reset Jump controller id: 1
[2018.08.22-07.36.05:142][898]LogBlueprintUserMessages: [GameplayPC_C_1] Controller ID-2 selected weapon slot: Null Hand: false
[2018.08.22-07.36.05:142][898]LogBlueprintUserMessages: [GameplayPC_C_2] Controller ID-1 selected weapon slot: WeaponSlot1 Hand: true
[2018.08.22-07.36.05:543][910]LogBlueprintUserMessages: [GameplayPC_C_0] Controller ID-0 selected weapon slot: Null Hand: false
[2018.08.22-07.36.05:642][913]LogBlueprintUserMessages: [GameplayPC_C_1] Controller ID-2 selected weapon slot: Null Hand: false
[2018.08.22-07.36.05:642][913]LogBlueprintUserMessages: [GameplayPC_C_2] Controller ID-1 selected weapon slot: WeaponSlot1 Hand: true
[2018.08.22-07.36.06:043][925]LogBlueprintUserMessages: [GameplayPC_C_0] Controller ID-0 selected weapon slot: Null Hand: false
[2018.08.22-07.36.06:144][928]LogBlueprintUserMessages: [GameplayPC_C_1] Controller ID-2 selected weapon slot: Null Hand: false
[2018.08.22-07.36.06:144][928]LogBlueprintUserMessages: [GameplayPC_C_2] Controller ID-1 selected weapon slot: WeaponSlot1 Hand: true
[2018.08.22-07.36.06:544][940]LogBlueprintUserMessages: [GameplayPC_C_0] Controller ID-0 selected weapon slot: Null Hand: false
[2018.08.22-07.36.06:677][944]LogBlueprintUserMessages: [GameplayPC_C_1] Controller ID-2 selected weapon slot: Null Hand: false
[2018.08.22-07.36.06:677][944]LogBlueprintUserMessages: [GameplayPC_C_2] Controller ID-1 selected weapon slot: WeaponSlot1 Hand: true
[2018.08.22-07.36.07:044][955]LogBlueprintUserMessages: [GameplayPC_C_0] Controller ID-0 selected weapon slot: Null Hand: false
[2018.08.22-07.36.07:178][959]LogBlueprintUserMessages: [GameplayPC_C_1] Controller ID-2 selected weapon slot: Null Hand: false
[2018.08.22-07.36.07:178][959]LogBlueprintUserMessages: [GameplayPC_C_2] Controller ID-1 selected weapon slot: WeaponSlot1 Hand: true
[2018.08.22-07.36.07:546][970]LogBlueprintUserMessages: [GameplayPC_C_0] Controller ID-0 selected weapon slot: Null Hand: false
[2018.08.22-07.36.07:679][974]LogBlueprintUserMessages: [GameplayPC_C_1] Controller ID-2 selected weapon slot: Null Hand: false
[2018.08.22-07.36.07:679][974]LogBlueprintUserMessages: [GameplayPC_C_2] Controller ID-1 selected weapon slot: WeaponSlot1 Hand: true
[2018.08.22-07.36.08:078][986]LogBlueprintUserMessages: [GameplayPC_C_0] Controller ID-0 selected weapon slot: Null Hand: false
[2018.08.22-07.36.08:180][989]LogBlueprintUserMessages: [GameplayPC_C_1] Controller ID-2 selected weapon slot: Null Hand: false
[2018.08.22-07.36.08:181][989]LogBlueprintUserMessages: [GameplayPC_C_2] Controller ID-1 selected weapon slot: WeaponSlot1 Hand: true
[2018.08.22-07.36.08:580][  1]LogBlueprintUserMessages: [GameplayPC_C_0] Controller ID-0 selected weapon slot: Null Hand: false
[2018.08.22-07.36.08:681][  4]LogBlueprintUserMessages: [GameplayPC_C_1] Controller ID-2 selected weapon slot: Null Hand: false
[2018.08.22-07.36.08:681][  4]LogBlueprintUserMessages: [GameplayPC_C_2] Controller ID-1 selected weapon slot: WeaponSlot1 Hand: true
[2018.08.22-07.36.09:080][ 16]LogBlueprintUserMessages: [GameplayPC_C_0] Controller ID-0 selected weapon slot: Null Hand: false
[2018.08.22-07.36.09:213][ 20]LogBlueprintUserMessages: [GameplayPC_C_1] Controller ID-2 selected weapon slot: Null Hand: false
[2018.08.22-07.36.09:213][ 20]LogBlueprintUserMessages: [GameplayPC_C_2] Controller ID-1 selected weapon slot: WeaponSlot1 Hand: true
[2018.08.22-07.36.09:610][ 32]LogBlueprintUserMessages: [GameplayPC_C_0] Controller ID-0 selected weapon slot: Null Hand: false
[2018.08.22-07.36.09:743][ 36]LogBlueprintUserMessages: [GameplayPC_C_1] Controller ID-2 selected weapon slot: Null Hand: false
[2018.08.22-07.36.09:743][ 36]LogBlueprintUserMessages: [GameplayPC_C_2] Controller ID-1 selected weapon slot: WeaponSlot1 Hand: true
[2018.08.22-07.36.10:111][ 47]LogBlueprintUserMessages: [GameplayPC_C_0] Controller ID-0 selected weapon slot: Null Hand: false
[2018.08.22-07.36.10:244][ 51]LogBlueprintUserMessages: [GameplayPC_C_1] Controller ID-2 selected weapon slot: Null Hand: false
[2018.08.22-07.36.10:244][ 51]LogBlueprintUserMessages: [GameplayPC_C_2] Controller ID-1 selected weapon slot: WeaponSlot1 Hand: true
[2018.08.22-07.36.10:611][ 62]LogBlueprintUserMessages: [GameplayPC_C_0] Controller ID-0 selected weapon slot: Null Hand: false
[2018.08.22-07.36.10:777][ 67]LogBlueprintUserMessages: [GameplayPC_C_1] Controller ID-2 selected weapon slot: Null Hand: false
[2018.08.22-07.36.10:777][ 67]LogBlueprintUserMessages: [GameplayPC_C_2] Controller ID-1 selected weapon slot: WeaponSlot1 Hand: true
[2018.08.22-07.36.11:144][ 78]LogBlueprintUserMessages: [GameplayPC_C_0] Controller ID-0 selected weapon slot: Null Hand: false
[2018.08.22-07.36.11:277][ 82]LogBlueprintUserMessages: [GameplayPC_C_1] Controller ID-2 selected weapon slot: Null Hand: false
[2018.08.22-07.36.11:277][ 82]LogBlueprintUserMessages: [GameplayPC_C_2] Controller ID-1 selected weapon slot: WeaponSlot1 Hand: true
[2018.08.22-07.36.11:677][ 94]LogBlueprintUserMessages: [GameplayPC_C_0] Controller ID-0 selected weapon slot: Null Hand: false
[2018.08.22-07.36.11:810][ 98]LogBlueprintUserMessages: [GameplayPC_C_1] Controller ID-2 selected weapon slot: Null Hand: false
[2018.08.22-07.36.11:810][ 98]LogBlueprintUserMessages: [GameplayPC_C_2] Controller ID-1 selected weapon slot: WeaponSlot1 Hand: true
[2018.08.22-07.36.12:178][109]LogBlueprintUserMessages: [GameplayPC_C_0] Controller ID-0 selected weapon slot: Null Hand: false
[2018.08.22-07.36.12:313][113]LogBlueprintUserMessages: [GameplayPC_C_1] Controller ID-2 selected weapon slot: Null Hand: false
[2018.08.22-07.36.12:313][113]LogBlueprintUserMessages: [GameplayPC_C_2] Controller ID-1 selected weapon slot: WeaponSlot1 Hand: true
[2018.08.22-07.36.12:645][123]LogBlueprintUserMessages: [GameplayPC_C_2] Reset Jump controller id: 1
[2018.08.22-07.36.12:679][124]LogBlueprintUserMessages: [GameplayPC_C_0] Controller ID-0 selected weapon slot: Null Hand: false
[2018.08.22-07.36.12:813][128]LogBlueprintUserMessages: [GameplayPC_C_1] Controller ID-2 selected weapon slot: Null Hand: false
[2018.08.22-07.36.12:813][128]LogBlueprintUserMessages: [GameplayPC_C_2] Controller ID-1 selected weapon slot: WeaponSlot1 Hand: true
[2018.08.22-07.36.13:111][137]LogNet: UChannel::ReceivedSequencedBunch: Bunch.bClose == true. ChIndex == 0. Calling ConditionalCleanUp.
[2018.08.22-07.36.13:111][137]LogNet: UChannel::CleanUp: ChIndex == 0. Closing connection. [UChannel] ChIndex: 0, Closing: 0 [UNetConnection] RemoteAddr: 127.0.0.1:63255, Name: IpConnection_2, Driver: GameNetDriver IpNetDriver_0, IsServer: YES, PC: GameplayPC_C_2, Owner: GameplayPC_C_2, UniqueId: DESKTOP-LI0N2FC-C3B0B68E428F9281C24D17A404CDE5D0
[2018.08.22-07.36.13:112][137]LogNet: UNetConnection::Close: [UNetConnection] RemoteAddr: 127.0.0.1:63255, Name: IpConnection_2, Driver: GameNetDriver IpNetDriver_0, IsServer: YES, PC: GameplayPC_C_2, Owner: GameplayPC_C_2, UniqueId: DESKTOP-LI0N2FC-C3B0B68E428F9281C24D17A404CDE5D0, Channels: 14, Time: 2018.08.22-07.36.13
[2018.08.22-07.36.13:112][137]LogNet: UChannel::Close: Sending CloseBunch. ChIndex == 0. Name: [UChannel] ChIndex: 0, Closing: 0 [UNetConnection] RemoteAddr: 127.0.0.1:63255, Name: IpConnection_2, Driver: GameNetDriver IpNetDriver_0, IsServer: YES, PC: GameplayPC_C_2, Owner: GameplayPC_C_2, UniqueId: DESKTOP-LI0N2FC-C3B0B68E428F9281C24D17A404CDE5D0
[2018.08.22-07.36.13:113][137]LogOnline: Warning: OSS: Can't destroy a null online session (GameSession)
[2018.08.22-07.36.13:113][137]LogOnline: Warning: OSS: No game present to leave for session (GameSession)
[2018.08.22-07.36.13:211][140]LogBlueprintUserMessages: [GameplayPC_C_0] Controller ID-0 selected weapon slot: Null Hand: false
[2018.08.22-07.36.13:342][144]LogBlueprintUserMessages: [GameplayPC_C_1] Controller ID-2 selected weapon slot: Null Hand: false
[2018.08.22-07.36.13:739][156]LogBlueprintUserMessages: [GameplayPC_C_0] Controller ID-0 selected weapon slot: Null Hand: false
[2018.08.22-07.36.13:871][160]LogBlueprintUserMessages: [GameplayPC_C_1] Controller ID-2 selected weapon slot: Null Hand: false
[2018.08.22-07.36.14:269][172]LogBlueprintUserMessages: [GameplayPC_C_0] Controller ID-0 selected weapon slot: Null Hand: false
[2018.08.22-07.36.14:401][176]LogBlueprintUserMessages: [GameplayPC_C_1] Controller ID-2 selected weapon slot: Null Hand: false
[2018.08.22-07.36.14:467][178]LogNet: UChannel::ReceivedSequencedBunch: Bunch.bClose == true. ChIndex == 0. Calling ConditionalCleanUp.
[2018.08.22-07.36.14:467][178]LogNet: UChannel::CleanUp: ChIndex == 0. Closing connection. [UChannel] ChIndex: 0, Closing: 0 [UNetConnection] RemoteAddr: 127.0.0.1:63254, Name: IpConnection_1, Driver: GameNetDriver IpNetDriver_0, IsServer: YES, PC: GameplayPC_C_1, Owner: GameplayPC_C_1, UniqueId: DESKTOP-LI0N2FC-E908531244E7D6F9ADFF0F89CAADAD72
[2018.08.22-07.36.14:468][178]LogNet: UNetConnection::Close: [UNetConnection] RemoteAddr: 127.0.0.1:63254, Name: IpConnection_1, Driver: GameNetDriver IpNetDriver_0, IsServer: YES, PC: GameplayPC_C_1, Owner: GameplayPC_C_1, UniqueId: DESKTOP-LI0N2FC-E908531244E7D6F9ADFF0F89CAADAD72, Channels: 12, Time: 2018.08.22-07.36.14
[2018.08.22-07.36.14:468][178]LogNet: UChannel::Close: Sending CloseBunch. ChIndex == 0. Name: [UChannel] ChIndex: 0, Closing: 0 [UNetConnection] RemoteAddr: 127.0.0.1:63254, Name: IpConnection_1, Driver: GameNetDriver IpNetDriver_0, IsServer: YES, PC: GameplayPC_C_1, Owner: GameplayPC_C_1, UniqueId: DESKTOP-LI0N2FC-E908531244E7D6F9ADFF0F89CAADAD72
[2018.08.22-07.36.14:469][178]LogOnline: Warning: OSS: Can't destroy a null online session (GameSession)
[2018.08.22-07.36.14:469][178]LogOnline: Warning: OSS: No game present to leave for session (GameSession)
[2018.08.22-07.36.14:797][188]LogBlueprintUserMessages: [GameplayPC_C_0] Controller ID-0 selected weapon slot: Null Hand: false
[2018.08.22-07.36.15:326][204]LogBlueprintUserMessages: [GameplayPC_C_0] Controller ID-0 selected weapon slot: Null Hand: false
[2018.08.22-07.36.15:492][209]LogNet: UChannel::ReceivedSequencedBunch: Bunch.bClose == true. ChIndex == 0. Calling ConditionalCleanUp.
[2018.08.22-07.36.15:492][209]LogNet: UChannel::CleanUp: ChIndex == 0. Closing connection. [UChannel] ChIndex: 0, Closing: 0 [UNetConnection] RemoteAddr: 127.0.0.1:63253, Name: IpConnection_0, Driver: GameNetDriver IpNetDriver_0, IsServer: YES, PC: GameplayPC_C_0, Owner: GameplayPC_C_0, UniqueId: DESKTOP-LI0N2FC-6F0F6853467829BB23CAEC8105CAD4A2
[2018.08.22-07.36.15:493][209]LogNet: UNetConnection::Close: [UNetConnection] RemoteAddr: 127.0.0.1:63253, Name: IpConnection_0, Driver: GameNetDriver IpNetDriver_0, IsServer: YES, PC: GameplayPC_C_0, Owner: GameplayPC_C_0, UniqueId: DESKTOP-LI0N2FC-6F0F6853467829BB23CAEC8105CAD4A2, Channels: 11, Time: 2018.08.22-07.36.15
[2018.08.22-07.36.15:493][209]LogNet: UChannel::Close: Sending CloseBunch. ChIndex == 0. Name: [UChannel] ChIndex: 0, Closing: 0 [UNetConnection] RemoteAddr: 127.0.0.1:63253, Name: IpConnection_0, Driver: GameNetDriver IpNetDriver_0, IsServer: YES, PC: GameplayPC_C_0, Owner: GameplayPC_C_0, UniqueId: DESKTOP-LI0N2FC-6F0F6853467829BB23CAEC8105CAD4A2
[2018.08.22-07.36.15:494][209]LogOnline: Warning: OSS: Can't destroy a null online session (GameSession)
[2018.08.22-07.36.15:494][209]LogOnline: Warning: OSS: No game present to leave for session (GameSession)
