Log file open, 08/21/18 06:23:20
LogWindows: Failed to load 'aqProf.dll' (GetLastError=126)
LogWindows: File 'aqProf.dll' does not exist
LogWindows: Failed to load 'VtuneApi.dll' (GetLastError=126)
LogWindows: File 'VtuneApi.dll' does not exist
LogWindows: Failed to load 'VtuneApi32e.dll' (GetLastError=126)
LogWindows: File 'VtuneApi32e.dll' does not exist
LogInit: Display: Running engine for game: DarkCrystal
LogPlatformFile: Not using cached read wrapper
LogInit: Display: RandInit(-104443580) SRandInit(-104443580).
LogInit: Read version file with build ID '3944462'
LogInit: Overriding engine version to CL 4033788, compatible CL 3944462
LogInit: Registered custom module enumerator with build ID '3944462'
LogTaskGraph: Started task graph with 5 named threads and 23 total threads with 3 sets of task threads.
LogStats: Stats thread started at 0.267655
LogD3D11RHI: Aftermath initialized
LogICUInternationalization: Display: ICU TimeZone Detection - Raw Offset: -8:00, Platform Override: ''
LogModuleManager: Display: Found up-to-date module file ../../../Engine/Plugins/Online/OnlineSubsystemSteam/Binaries/Win64/UE4Editor-OnlineSubsystemSteam.dll (API version 3944462).
LogModuleManager: Display: Found up-to-date module file ../../../Engine/Plugins/Online/OnlineSubsystem/Binaries/Win64/UE4Editor-OnlineSubsystem.dll (API version 3944462).
LogModuleManager: Display: Found up-to-date module file ../../../Engine/Plugins/Online/OnlineSubsystemUtils/Binaries/Win64/UE4Editor-OnlineSubsystemUtils.dll (API version 3944462).
LogModuleManager: Display: Found up-to-date module file ../../../Engine/Plugins/Online/OnlineSubsystemUtils/Binaries/Win64/UE4Editor-OnlineBlueprintSupport.dll (API version 3944462).
LogModuleManager: Display: Found up-to-date module file ../../../Engine/Plugins/VictoryPlugin/Binaries/Win64/UE4Editor-VictoryBPLibrary.dll (API version 3944462).
LogModuleManager: Display: Found up-to-date module file ../../../Engine/Plugins/Runtime/ApexDestruction/Binaries/Win64/UE4Editor-ApexDestruction.dll (API version 3944462).
LogModuleManager: Display: Found up-to-date module file ../../../Engine/Plugins/Runtime/ApexDestruction/Binaries/Win64/UE4Editor-ApexDestructionEditor.dll (API version 3944462).
LogModuleManager: Display: Found up-to-date module file ../../../Engine/Plugins/AdvancedSessions/AdvancedSessions/Binaries/Win64/UE4Editor-AdvancedSessions.dll (API version 3944462).
LogModuleManager: Display: Found up-to-date module file ../../../Engine/Plugins/AdvancedSessions/AdvancedSteamSessions/Binaries/Win64/UE4Editor-AdvancedSteamSessions.dll (API version 3944462).
LogModuleManager: Display: Found up-to-date module file ../../../Engine/Plugins/2D/Paper2D/Binaries/Win64/UE4Editor-Paper2D.dll (API version 3944462).
LogModuleManager: Display: Found up-to-date module file ../../../Engine/Plugins/2D/Paper2D/Binaries/Win64/UE4Editor-Paper2DEditor.dll (API version 3944462).
LogModuleManager: Display: Found up-to-date module file ../../../Engine/Plugins/2D/Paper2D/Binaries/Win64/UE4Editor-PaperSpriteSheetImporter.dll (API version 3944462).
LogModuleManager: Display: Found up-to-date module file ../../../Engine/Plugins/2D/Paper2D/Binaries/Win64/UE4Editor-PaperTiledImporter.dll (API version 3944462).
LogModuleManager: Display: Found up-to-date module file ../../../Engine/Plugins/2D/Paper2D/Binaries/Win64/UE4Editor-SmartSnapping.dll (API version 3944462).
LogModuleManager: Display: Found up-to-date module file ../../../Engine/Plugins/Blendables/LightPropagationVolume/Binaries/Win64/UE4Editor-LightPropagationVolumeRuntime.dll (API version 3944462).
LogModuleManager: Display: Found up-to-date module file ../../../Engine/Plugins/Blendables/LightPropagationVolume/Binaries/Win64/UE4Editor-LightPropagationVolumeEditor.dll (API version 3944462).
LogModuleManager: Display: Found up-to-date module file ../../../Engine/Plugins/Developer/CLionSourceCodeAccess/Binaries/Win64/UE4Editor-CLionSourceCodeAccess.dll (API version 3944462).
LogModuleManager: Display: Found up-to-date module file ../../../Engine/Plugins/Developer/GitSourceControl/Binaries/Win64/UE4Editor-GitSourceControl.dll (API version 3944462).
LogModuleManager: Display: Found up-to-date module file ../../../Engine/Plugins/Developer/PerforceSourceControl/Binaries/Win64/UE4Editor-PerforceSourceControl.dll (API version 3944462).
LogModuleManager: Display: Found up-to-date module file ../../../Engine/Plugins/Developer/SubversionSourceControl/Binaries/Win64/UE4Editor-SubversionSourceControl.dll (API version 3944462).
LogModuleManager: Display: Found up-to-date module file ../../../Engine/Plugins/Developer/UObjectPlugin/Binaries/Win64/UE4Editor-UObjectPlugin.dll (API version 3944462).
LogModuleManager: Display: Found up-to-date module file ../../../Engine/Plugins/Developer/VisualStudioCodeSourceCodeAccess/Binaries/Win64/UE4Editor-VisualStudioCodeSourceCodeAccess.dll (API version 3944462).
LogModuleManager: Display: Found up-to-date module file ../../../Engine/Plugins/Developer/VisualStudioSourceCodeAccess/Binaries/Win64/UE4Editor-VisualStudioSourceCodeAccess.dll (API version 3944462).
LogModuleManager: Display: Found up-to-date module file ../../../Engine/Plugins/Editor/AssetManagerEditor/Binaries/Win64/UE4Editor-AssetManagerEditor.dll (API version 3944462).
LogModuleManager: Display: Found up-to-date module file ../../../Engine/Plugins/Editor/CryptoKeys/Binaries/Win64/UE4Editor-CryptoKeys.dll (API version 3944462).
LogModuleManager: Display: Found up-to-date module file ../../../Engine/Plugins/Editor/CryptoKeys/Binaries/Win64/UE4Editor-CryptoKeysOpenSSL.dll (API version 3944462).
LogModuleManager: Display: Found up-to-date module file ../../../Engine/Plugins/Editor/DataValidation/Binaries/Win64/UE4Editor-DataValidation.dll (API version 3944462).
LogModuleManager: Display: Found up-to-date module file ../../../Engine/Plugins/Editor/FacialAnimation/Binaries/Win64/UE4Editor-FacialAnimation.dll (API version 3944462).
LogModuleManager: Display: Found up-to-date module file ../../../Engine/Plugins/Editor/FacialAnimation/Binaries/Win64/UE4Editor-FacialAnimationEditor.dll (API version 3944462).
LogModuleManager: Display: Found up-to-date module file ../../../Engine/Plugins/Editor/GameplayTagsEditor/Binaries/Win64/UE4Editor-GameplayTagsEditor.dll (API version 3944462).
LogModuleManager: Display: Found up-to-date module file ../../../Engine/Plugins/Editor/MobileLauncherProfileWizard/Binaries/Win64/UE4Editor-MobileLauncherProfileWizard.dll (API version 3944462).
LogModuleManager: Display: Found up-to-date module file ../../../Engine/Plugins/Editor/PluginBrowser/Binaries/Win64/UE4Editor-PluginBrowser.dll (API version 3944462).
LogModuleManager: Display: Found up-to-date module file ../../../Engine/Plugins/Editor/SpeedTreeImporter/Binaries/Win64/UE4Editor-SpeedTreeImporter.dll (API version 3944462).
LogModuleManager: Display: Found up-to-date module file ../../../Engine/Plugins/Enterprise/DatasmithContent/Binaries/Win64/UE4Editor-DatasmithContent.dll (API version 3944462).
LogModuleManager: Display: Found up-to-date module file ../../../Engine/Plugins/Experimental/AlembicImporter/Binaries/Win64/UE4Editor-AlembicImporter.dll (API version 3944462).
LogModuleManager: Display: Found up-to-date module file ../../../Engine/Plugins/Experimental/AlembicImporter/Binaries/Win64/UE4Editor-AlembicLibrary.dll (API version 3944462).
LogModuleManager: Display: Found up-to-date module file ../../../Engine/Plugins/Experimental/CharacterAI/Binaries/Win64/UE4Editor-CharacterAI.dll (API version 3944462).
LogModuleManager: Display: Found up-to-date module file ../../../Engine/Plugins/Experimental/HTML5Networking/Binaries/Win64/UE4Editor-HTML5Networking.dll (API version 3944462).
LogModuleManager: Display: Found up-to-date module file ../../../Engine/Plugins/Media/AndroidMedia/Binaries/Win64/UE4Editor-AndroidMediaEditor.dll (API version 3944462).
LogModuleManager: Display: Found up-to-date module file ../../../Engine/Plugins/Media/AndroidMedia/Binaries/Win64/UE4Editor-AndroidMediaFactory.dll (API version 3944462).
LogModuleManager: Display: Found up-to-date module file ../../../Engine/Plugins/Media/AvfMedia/Binaries/Win64/UE4Editor-AvfMediaEditor.dll (API version 3944462).
LogModuleManager: Display: Found up-to-date module file ../../../Engine/Plugins/Media/AvfMedia/Binaries/Win64/UE4Editor-AvfMediaFactory.dll (API version 3944462).
LogModuleManager: Display: Found up-to-date module file ../../../Engine/Plugins/Media/AvfMedia/Binaries/Win64/UE4Editor-AvfMediaFactory.dll (API version 3944462).
LogModuleManager: Display: Found up-to-date module file ../../../Engine/Plugins/Media/ImgMedia/Binaries/Win64/UE4Editor-ImgMedia.dll (API version 3944462).
LogModuleManager: Display: Found up-to-date module file ../../../Engine/Plugins/Media/ImgMedia/Binaries/Win64/UE4Editor-ImgMediaEditor.dll (API version 3944462).
LogModuleManager: Display: Found up-to-date module file ../../../Engine/Plugins/Media/ImgMedia/Binaries/Win64/UE4Editor-ImgMediaFactory.dll (API version 3944462).
LogModuleManager: Display: Found up-to-date module file ../../../Engine/Plugins/Media/ImgMedia/Binaries/Win64/UE4Editor-ImgMediaFactory.dll (API version 3944462).
LogModuleManager: Display: Found up-to-date module file ../../../Engine/Plugins/Media/ImgMedia/Binaries/Win64/UE4Editor-OpenExrWrapper.dll (API version 3944462).
LogModuleManager: Display: Found up-to-date module file ../../../Engine/Plugins/Media/LinearTimecode/Binaries/Win64/UE4Editor-LinearTimecode.dll (API version 3944462).
LogModuleManager: Display: Found up-to-date module file ../../../Engine/Plugins/Media/MediaCompositing/Binaries/Win64/UE4Editor-MediaCompositing.dll (API version 3944462).
LogModuleManager: Display: Found up-to-date module file ../../../Engine/Plugins/Media/MediaCompositing/Binaries/Win64/UE4Editor-MediaCompositingEditor.dll (API version 3944462).
LogModuleManager: Display: Found up-to-date module file ../../../Engine/Plugins/Media/MediaPlayerEditor/Binaries/Win64/UE4Editor-MediaPlayerEditor.dll (API version 3944462).
LogModuleManager: Display: Found up-to-date module file ../../../Engine/Plugins/Media/WmfMedia/Binaries/Win64/UE4Editor-WmfMedia.dll (API version 3944462).
LogModuleManager: Display: Found up-to-date module file ../../../Engine/Plugins/Media/WmfMedia/Binaries/Win64/UE4Editor-WmfMediaEditor.dll (API version 3944462).
LogModuleManager: Display: Found up-to-date module file ../../../Engine/Plugins/Media/WmfMedia/Binaries/Win64/UE4Editor-WmfMediaFactory.dll (API version 3944462).
LogModuleManager: Display: Found up-to-date module file ../../../Engine/Plugins/Media/WmfMedia/Binaries/Win64/UE4Editor-WmfMediaFactory.dll (API version 3944462).
LogModuleManager: Display: Found up-to-date module file ../../../Engine/Plugins/Messaging/TcpMessaging/Binaries/Win64/UE4Editor-TcpMessaging.dll (API version 3944462).
LogModuleManager: Display: Found up-to-date module file ../../../Engine/Plugins/Messaging/UdpMessaging/Binaries/Win64/UE4Editor-UdpMessaging.dll (API version 3944462).
LogModuleManager: Display: Found up-to-date module file ../../../Engine/Plugins/MovieScene/ActorSequence/Binaries/Win64/UE4Editor-ActorSequence.dll (API version 3944462).
LogModuleManager: Display: Found up-to-date module file ../../../Engine/Plugins/MovieScene/LevelSequenceEditor/Binaries/Win64/UE4Editor-LevelSequenceEditor.dll (API version 3944462).
LogModuleManager: Display: Found up-to-date module file ../../../Engine/Plugins/MovieScene/MatineeToLevelSequence/Binaries/Win64/UE4Editor-MatineeToLevelSequence.dll (API version 3944462).
LogModuleManager: Display: Found up-to-date module file ../../../Engine/Plugins/NetcodeUnitTest/NetcodeUnitTest/Binaries/Win64/UE4Editor-NetcodeUnitTest.dll (API version 3944462).
LogModuleManager: Display: Found up-to-date module file ../../../Engine/Plugins/NetcodeUnitTest/NUTUnrealEngine4/Binaries/Win64/UE4Editor-NUTUnrealEngine4.dll (API version 3944462).
LogModuleManager: Display: Found up-to-date module file ../../../Engine/Plugins/Runtime/AndroidPermission/Binaries/Win64/UE4Editor-AndroidPermission.dll (API version 3944462).
LogModuleManager: Display: Found up-to-date module file ../../../Engine/Plugins/Online/OnlineSubsystemNull/Binaries/Win64/UE4Editor-OnlineSubsystemNull.dll (API version 3944462).
LogModuleManager: Display: Found up-to-date module file ../../../Engine/Plugins/Runtime/AndroidDeviceProfileSelector/Binaries/Win64/UE4Editor-AndroidDeviceProfileSelector.dll (API version 3944462).
LogModuleManager: Display: Found up-to-date module file ../../../Engine/Plugins/Runtime/AppleARKit/Binaries/Win64/UE4Editor-AppleARKit.dll (API version 3944462).
LogModuleManager: Display: Found up-to-date module file ../../../Engine/Plugins/Runtime/ProceduralMeshComponent/Binaries/Win64/UE4Editor-ProceduralMeshComponent.dll (API version 3944462).
LogModuleManager: Display: Found up-to-date module file ../../../Engine/Plugins/Runtime/ProceduralMeshComponent/Binaries/Win64/UE4Editor-ProceduralMeshComponentEditor.dll (API version 3944462).
LogModuleManager: Display: Found up-to-date module file ../../../Engine/Plugins/Animation/LiveLink/Binaries/Win64/UE4Editor-LiveLink.dll (API version 3944462).
LogModuleManager: Display: Found up-to-date module file ../../../Engine/Plugins/Animation/LiveLink/Binaries/Win64/UE4Editor-LiveLinkEditor.dll (API version 3944462).
LogModuleManager: Display: Found up-to-date module file ../../../Engine/Plugins/Runtime/ArchVisCharacter/Binaries/Win64/UE4Editor-ArchVisCharacter.dll (API version 3944462).
LogModuleManager: Display: Found up-to-date module file ../../../Engine/Plugins/Runtime/AudioCapture/Binaries/Win64/UE4Editor-AudioCapture.dll (API version 3944462).
LogModuleManager: Display: Found up-to-date module file ../../../Engine/Plugins/Runtime/AudioCapture/Binaries/Win64/UE4Editor-AudioCaptureEditor.dll (API version 3944462).
LogModuleManager: Display: Found up-to-date module file ../../../Engine/Plugins/Runtime/CableComponent/Binaries/Win64/UE4Editor-CableComponent.dll (API version 3944462).
LogModuleManager: Display: Found up-to-date module file ../../../Engine/Plugins/Runtime/CustomMeshComponent/Binaries/Win64/UE4Editor-CustomMeshComponent.dll (API version 3944462).
LogModuleManager: Display: Found up-to-date module file ../../../Engine/Plugins/Runtime/ExampleDeviceProfileSelector/Binaries/Win64/UE4Editor-ExampleDeviceProfileSelector.dll (API version 3944462).
LogModuleManager: Display: Found up-to-date module file ../../../Engine/Plugins/Runtime/ImmediatePhysics/Binaries/Win64/UE4Editor-ImmediatePhysics.dll (API version 3944462).
LogModuleManager: Display: Found up-to-date module file ../../../Engine/Plugins/Runtime/ImmediatePhysics/Binaries/Win64/UE4Editor-ImmediatePhysicsEditor.dll (API version 3944462).
LogModuleManager: Display: Found up-to-date module file ../../../Engine/Plugins/Runtime/LocationServicesBPLibrary/Binaries/Win64/UE4Editor-LocationServicesBPLibrary.dll (API version 3944462).
LogModuleManager: Display: Found up-to-date module file ../../../Engine/Plugins/Runtime/MobilePatchingUtils/Binaries/Win64/UE4Editor-MobilePatchingUtils.dll (API version 3944462).
LogModuleManager: Display: Found up-to-date module file ../../../Engine/Plugins/Runtime/Oculus/OculusVR/Binaries/Win64/UE4Editor-OculusHMD.dll (API version 3944462).
LogModuleManager: Display: Found up-to-date module file ../../../Engine/Plugins/Runtime/Oculus/OculusVR/Binaries/Win64/UE4Editor-OculusInput.dll (API version 3944462).
LogModuleManager: Display: Found up-to-date module file ../../../Engine/Plugins/Runtime/Oculus/OculusVR/Binaries/Win64/UE4Editor-OculusEditor.dll (API version 3944462).
LogModuleManager: Display: Found up-to-date module file ../../../Engine/Plugins/Runtime/PhysXVehicles/Binaries/Win64/UE4Editor-PhysXVehicles.dll (API version 3944462).
LogModuleManager: Display: Found up-to-date module file ../../../Engine/Plugins/Runtime/PhysXVehicles/Binaries/Win64/UE4Editor-PhysXVehiclesEditor.dll (API version 3944462).
LogModuleManager: Display: Found up-to-date module file ../../../Engine/Plugins/Runtime/RuntimePhysXCooking/Binaries/Win64/UE4Editor-RuntimePhysXCooking.dll (API version 3944462).
LogModuleManager: Display: Found up-to-date module file ../../../Engine/Plugins/Runtime/Steam/SteamVR/Binaries/Win64/UE4Editor-SteamVR.dll (API version 3944462).
LogModuleManager: Display: Found up-to-date module file ../../../Engine/Plugins/Runtime/Steam/SteamVR/Binaries/Win64/UE4Editor-SteamVRController.dll (API version 3944462).
LogModuleManager: Display: Found up-to-date module file ../../../Engine/Plugins/Runtime/WindowsMoviePlayer/Binaries/Win64/UE4Editor-WindowsMoviePlayer.dll (API version 3944462).
LogPluginManager: Mounting plugin Paper2D
LogPluginManager: Mounting plugin AdvancedSessions
LogPluginManager: Mounting plugin AdvancedSteamSessions
LogPluginManager: Mounting plugin LiveLink
LogPluginManager: Mounting plugin LightPropagationVolume
LogPluginManager: Mounting plugin CLionSourceCodeAccess
LogPluginManager: Mounting plugin CodeLiteSourceCodeAccess
LogPluginManager: Mounting plugin GitSourceControl
LogPluginManager: Mounting plugin KDevelopSourceCodeAccess
LogPluginManager: Mounting plugin NullSourceCodeAccess
LogPluginManager: Mounting plugin PerforceSourceControl
LogPluginManager: Mounting plugin SubversionSourceControl
LogPluginManager: Mounting plugin UObjectPlugin
LogPluginManager: Mounting plugin VisualStudioCodeSourceCodeAccess
LogPluginManager: Mounting plugin VisualStudioSourceCodeAccess
LogPluginManager: Mounting plugin XCodeSourceCodeAccess
LogPluginManager: Mounting plugin AssetManagerEditor
LogPluginManager: Mounting plugin CryptoKeys
LogPluginManager: Mounting plugin DataValidation
LogPluginManager: Mounting plugin FacialAnimation
LogPluginManager: Mounting plugin GameplayTagsEditor
LogPluginManager: Mounting plugin MobileLauncherProfileWizard
LogPluginManager: Mounting plugin PluginBrowser
LogPluginManager: Mounting plugin SpeedTreeImporter
LogPluginManager: Mounting plugin DatasmithContent
LogPluginManager: Mounting plugin AlembicImporter
LogPluginManager: Mounting plugin CharacterAI
LogPluginManager: Mounting plugin HTML5Networking
LogPluginManager: Mounting plugin AndroidMedia
LogPluginManager: Mounting plugin AvfMedia
LogPluginManager: Mounting plugin ImgMedia
LogPluginManager: Mounting plugin LinearTimecode
LogPluginManager: Mounting plugin MediaCompositing
LogPluginManager: Mounting plugin MediaPlayerEditor
LogPluginManager: Mounting plugin WmfMedia
LogPluginManager: Mounting plugin TcpMessaging
LogPluginManager: Mounting plugin UdpMessaging
LogPluginManager: Mounting plugin ActorSequence
LogPluginManager: Mounting plugin LevelSequenceEditor
LogPluginManager: Mounting plugin MatineeToLevelSequence
LogPluginManager: Mounting plugin NetcodeUnitTest
LogPluginManager: Mounting plugin NUTUnrealEngine4
LogPluginManager: Mounting plugin OnlineSubsystemGooglePlay
LogPluginManager: Mounting plugin OnlineSubsystemIOS
LogPluginManager: Mounting plugin OnlineSubsystem
LogPluginManager: Mounting plugin OnlineSubsystemNull
LogPluginManager: Mounting plugin OnlineSubsystemSteam
LogPluginManager: Mounting plugin OnlineSubsystemUtils
LogPluginManager: Mounting plugin AndroidDeviceProfileSelector
LogPluginManager: Mounting plugin AndroidMoviePlayer
LogPluginManager: Mounting plugin AndroidPermission
LogPluginManager: Mounting plugin ApexDestruction
LogPluginManager: Mounting plugin AppleARKit
LogPluginManager: Mounting plugin AppleMoviePlayer
LogPluginManager: Mounting plugin ArchVisCharacter
LogPluginManager: Mounting plugin AudioCapture
LogPluginManager: Mounting plugin CableComponent
LogPluginManager: Mounting plugin CustomMeshComponent
LogPluginManager: Mounting plugin ExampleDeviceProfileSelector
LogPluginManager: Mounting plugin GoogleCloudMessaging
LogPluginManager: Mounting plugin ImmediatePhysics
LogPluginManager: Mounting plugin IOSDeviceProfileSelector
LogPluginManager: Mounting plugin LinuxDeviceProfileSelector
LogPluginManager: Mounting plugin LocationServicesBPLibrary
LogPluginManager: Mounting plugin MobilePatchingUtils
LogPluginManager: Mounting plugin OculusVR
LogPluginManager: Plugin shader directory ../../../Engine/Plugins/Runtime/Oculus/OculusVR/Shaders found
LogPluginManager: Mapping shader source directory ../../../Engine/Plugins/Runtime/Oculus/OculusVR/Shaders to virtual directory /Plugin/OculusVR
LogPluginManager: Mounting plugin PhysXVehicles
LogPluginManager: Mounting plugin ProceduralMeshComponent
LogPluginManager: Mounting plugin RuntimePhysXCooking
LogPluginManager: Mounting plugin SteamVR
LogPluginManager: Mounting plugin WindowsMoviePlayer
LogPluginManager: Mounting plugin VictoryBPLibrary
LogStreaming: Display: Took  0.707s to configure plugins.
LogInit: Using libcurl 7.47.1
LogInit:  - built for x86_64-pc-win32
LogInit:  - supports SSL with OpenSSL/1.0.2g
LogInit:  - supports HTTP deflate (compression) using libz 1.2.8
LogInit:  - other features:
LogInit:      CURL_VERSION_SSL
LogInit:      CURL_VERSION_LIBZ
LogInit:      CURL_VERSION_IPV6
LogInit:      CURL_VERSION_ASYNCHDNS
LogInit:      CURL_VERSION_LARGEFILE
LogInit:      CURL_VERSION_IDN
LogInit:  CurlRequestOptions (configurable via config and command line):
LogInit:  - bVerifyPeer = false  - Libcurl will NOT verify peer certificate
LogInit:  - bUseHttpProxy = false  - Libcurl will NOT use HTTP proxy
LogInit:  - bDontReuseConnections = false  - Libcurl will reuse connections
LogInit:  - CertBundlePath = nullptr  - Libcurl will use whatever was configured at build time.
LogInit:  - MaxHostConnections = 16  - Libcurl will limit the number of connections to a host
LogInit:  - LocalHostAddr = Default
LogOnline: Display: STEAM: Loading Steam SDK 1.39
LogOnline: Warning: STEAM: Steam API disabled!
LogOnline: Display: STEAM: OnlineSubsystemSteam::Shutdown()
LogInit: WinSock: version 1.1 (2.2), MaxSocks=32767, MaxUdp=65467
LogInit: WinSock: I am DESKTOP-LI0N2FC (192.168.29.155:0)
LogInit: Build: ++UE4+Release-4.19-CL-4033788
LogInit: Engine Version: 4.19.2-4033788+++UE4+Release-4.19
LogInit: Compatible Engine Version: 4.19.0-3944462+++UE4+Release-4.19
LogInit: Net CL: 3944462
LogDevObjectVersion: Number of dev versions registered: 18
LogDevObjectVersion:   Dev-Blueprints (B0D832E4-1F89-4F0D-ACCF-7EB736FD4AA2): 10
LogDevObjectVersion:   Dev-Build (E1C64328-A22C-4D53-A36C-8E866417BD8C): 0
LogDevObjectVersion:   Dev-Core (375EC13C-06E4-48FB-B500-84F0262A717E): 2
LogDevObjectVersion:   Dev-Editor (E4B068ED-F494-42E9-A231-DA0B2E46BB41): 23
LogDevObjectVersion:   Dev-Framework (CFFC743F-43B0-4480-9391-14DF171D2073): 33
LogDevObjectVersion:   Dev-Mobile (B02B49B5-BB20-44E9-A304-32B752E40360): 2
LogDevObjectVersion:   Dev-Networking (A4E4105C-59A1-49B5-A7C5-40C4547EDFEE): 0
LogDevObjectVersion:   Dev-Online (39C831C9-5AE6-47DC-9A44-9C173E1C8E7C): 0
LogDevObjectVersion:   Dev-Physics (78F01B33-EBEA-4F98-B9B4-84EACCB95AA2): 0
LogDevObjectVersion:   Dev-Platform (6631380F-2D4D-43E0-8009-CF276956A95A): 0
LogDevObjectVersion:   Dev-Rendering (12F88B9F-8875-4AFC-A67C-D90C383ABD29): 25
LogDevObjectVersion:   Dev-Sequencer (7B5AE74C-D270-4C10-A958-57980B212A5A): 6
LogDevObjectVersion:   Dev-VR (D7296918-1DD6-4BDD-9DE2-64A83CC13884): 1
LogDevObjectVersion:   Dev-LoadTimes (C2A15278-BFE7-4AFE-6C17-90FF531DF755): 1
LogDevObjectVersion:   Private-Geometry (6EACA3D4-40EC-4CC1-B786-8BED09428FC5): 2
LogDevObjectVersion:   Dev-AnimPhys (29E575DD-E0A3-4627-9D10-D276232CDCEA): 16
LogDevObjectVersion:   Dev-ReflectionCapture (6B266CEC-1EC7-4B8F-A30B-E4D90942FC07): 1
LogDevObjectVersion:   Dev-Automation (0DF73D61-A23F-47EA-B727-89E90C41499A): 1
LogInit: Compiled (64-bit): Apr 27 2018 02:06:57
LogInit: Compiled with Visual C++: 19.00.24215.01
LogInit: Build Configuration: Development
LogInit: Branch Name: ++UE4+Release-4.19
LogInit: Command Line:  127.0.0.1:17777 -game -PIEVIACONSOLE -ResX=640 -ResY=480  -Multiprocess -messaging -SessionName="Play in Standalone Game" -windowed GameUserSettingsINI="G:/DarkActive/Unreal Projects/DarkCrystal/Saved/Config/Windows/PIEGameUserSettings1.ini" -MultiprocessSaveConfig  -MultiprocessOSS WinX=-1256 WinY=550 SAVEWINPOS=1
LogInit: Base Directory: G:/Epic Games/UE_4.19/Engine/Binaries/Win64/
LogInit: Installed Engine Build: 1
LogStreaming: Display: Took  0.003s to delete old logs.
LogInit: Presizing for max 8388607 objects, including 0 objects not considered by GC, pre-allocating 0 bytes for permanent pool.
LogInit: Object subsystem initialized
[2018.08.21-13.23.21:884][  0]LogInit: Selected Device Profile: [Windows]
[2018.08.21-13.23.21:884][  0]LogInit: Applying CVar settings loaded from the selected device profile: [Windows]
[2018.08.21-13.23.21:887][  0]LogInit: Computer: DESKTOP-LI0N2FC
[2018.08.21-13.23.21:887][  0]LogInit: User: Kappa
[2018.08.21-13.23.21:887][  0]LogInit: CPU Page size=4096, Cores=4
[2018.08.21-13.23.21:887][  0]LogInit: High frequency timer resolution =4.101557 MHz
[2018.08.21-13.23.21:887][  0]LogMemory: Memory total: Physical=31.9GB (32GB approx)
[2018.08.21-13.23.21:887][  0]LogMemory: Platform Memory Stats for Windows
[2018.08.21-13.23.21:887][  0]LogMemory: Process Physical Memory: 276.93 MB used, 276.93 MB peak
[2018.08.21-13.23.21:887][  0]LogMemory: Process Virtual Memory: 277.02 MB used, 277.02 MB peak
[2018.08.21-13.23.21:887][  0]LogMemory: Physical Memory: 14338.73 MB used,  18354.08 MB free, 32692.81 MB total
[2018.08.21-13.23.21:887][  0]LogMemory: Virtual Memory: 4809.07 MB used,  18354.08 MB free, 134217728.00 MB total
[2018.08.21-13.23.21:899][  0]LogInit: Using OS detected language (en-US).
[2018.08.21-13.23.21:899][  0]LogInit: Using OS detected locale (en-US).
[2018.08.21-13.23.21:899][  0]LogTextLocalizationManager: No localization for 'en-US' exists, so 'en' will be used for the language.
[2018.08.21-13.23.21:899][  0]LogTextLocalizationManager: No localization for 'en-US' exists, so 'en' will be used for the locale.
[2018.08.21-13.23.22:260][  0]LogStreaming: Display: Took  0.362s to EndInitTextLocalization.
[2018.08.21-13.23.22:311][  0]LogSlate: New Slate User Created.  User Index 0, Is Virtual User: 0
[2018.08.21-13.23.22:311][  0]LogSlate: Slate User Registered.  User Index 0, Is Virtual User: 0
[2018.08.21-13.23.22:316][  0]LogD3D11RHI: D3D11 adapters:
[2018.08.21-13.23.22:401][  0]LogD3D11RHI:    0. 'NVIDIA GeForce GTX 1070' (Feature Level 11_0)
[2018.08.21-13.23.22:401][  0]LogD3D11RHI:       8096/0/16346 MB DedicatedVideo/DedicatedSystem/SharedSystem, Outputs:2, VendorId:0x10de
[2018.08.21-13.23.22:402][  0]LogD3D11RHI:    1. 'Microsoft Basic Render Driver' (Feature Level 11_0)
[2018.08.21-13.23.22:402][  0]LogD3D11RHI:       0/0/16346 MB DedicatedVideo/DedicatedSystem/SharedSystem, Outputs:0, VendorId:0x1414
[2018.08.21-13.23.22:402][  0]LogD3D11RHI: Chosen D3D11 Adapter: 0
[2018.08.21-13.23.22:410][  0]LogD3D11RHI: Creating new Direct3DDevice
[2018.08.21-13.23.22:410][  0]LogD3D11RHI:     GPU DeviceId: 0x1b81 (for the marketing name, search the web for "GPU Device Id")
[2018.08.21-13.23.22:410][  0]LogWindows: EnumDisplayDevices:
[2018.08.21-13.23.22:410][  0]LogWindows:    0. 'NVIDIA GeForce GTX 1070' (P:1 D:1)
[2018.08.21-13.23.22:410][  0]LogWindows:    1. 'NVIDIA GeForce GTX 1070' (P:0 D:1)
[2018.08.21-13.23.22:410][  0]LogWindows:    2. 'NVIDIA GeForce GTX 1070' (P:0 D:0)
[2018.08.21-13.23.22:410][  0]LogWindows:    3. 'NVIDIA GeForce GTX 1070' (P:0 D:0)
[2018.08.21-13.23.22:410][  0]LogWindows: DebugString: GetVideoDriverDetailsInvalid PrimaryIsNotTheChoosenAdapter GetVideoDriverDetailsInvalid PrimaryIsNotTheChoosenAdapter GetVideoDriverDetailsInvalid PrimaryIsNotTheChoosenAdapter GetVideoDriverDetailsInvalid PrimaryIsNotTheChoosenAdapter FoundDriverCount:0 
[2018.08.21-13.23.22:411][  0]LogD3D11RHI:     Adapter Name: NVIDIA GeForce GTX 1070
[2018.08.21-13.23.22:411][  0]LogD3D11RHI:   Driver Version: Unknown (internal:Unknown, unified:Unknown)
[2018.08.21-13.23.22:411][  0]LogD3D11RHI:      Driver Date: Unknown
[2018.08.21-13.23.22:411][  0]LogRHI: Texture pool is 5667 MB (70% of 8096 MB)
[2018.08.21-13.23.22:478][  0]LogD3D11RHI: [Aftermath] Aftermath enabled but failed to initialize
[2018.08.21-13.23.22:478][  0]LogD3D11RHI: [Aftermath] Aftermath enabled and primed
[2018.08.21-13.23.22:478][  0]LogD3D11RHI: Async texture creation enabled
[2018.08.21-13.23.22:496][  0]LogD3D11RHI: GPU Timing Frequency: 1000.000000 (Debug: 2 2)
[2018.08.21-13.23.22:703][  0]LogShaderCompilers: Guid format shader working directory is -8 characters bigger than the processId version (../../../../../DarkActive/Unreal Projects/DarkCrystal/Intermediate/Shaders/WorkingDirectory/17900/).
[2018.08.21-13.23.22:703][  0]LogShaderCompilers: Cleaned the shader compiler working directory 'C:/Users/Kappa/AppData/Local/Temp/UnrealShaderWorkingDir/85B88D6A48932FC62FED53A801A4C39C/'.
[2018.08.21-13.23.22:793][  0]LogTemp: Display: Loaded TP WindowsClientTargetPlatform
[2018.08.21-13.23.22:802][  0]LogTemp: Display: Loaded TP WindowsNoEditorTargetPlatform
[2018.08.21-13.23.22:811][  0]LogTemp: Display: Loaded TP WindowsServerTargetPlatform
[2018.08.21-13.23.22:820][  0]LogTemp: Display: Loaded TP WindowsTargetPlatform
[2018.08.21-13.23.22:821][  0]LogTargetPlatformManager: Display: Building Assets For Windows
[2018.08.21-13.23.22:886][  0]LogXGEController: Cannot use XGE Controller as Incredibuild is not installed on this machine.
[2018.08.21-13.23.22:886][  0]LogShaderCompilers: Cannot use XGE Shader Compiler as Incredibuild is not installed on this machine.
[2018.08.21-13.23.22:886][  0]LogShaderCompilers: Display: Using Local Shader Compiler.
[2018.08.21-13.23.23:358][  0]LogDerivedDataCache: Display: Max Cache Size: 512 MB
[2018.08.21-13.23.23:416][  0]LogDerivedDataCache: Loaded boot cache 0.06s 74MB C:/Users/Kappa/AppData/Local/UnrealEngine/4.19/DerivedDataCache/Boot.ddc.
[2018.08.21-13.23.23:416][  0]LogDerivedDataCache: Display: Loaded Boot cache: C:/Users/Kappa/AppData/Local/UnrealEngine/4.19/DerivedDataCache/Boot.ddc
[2018.08.21-13.23.23:416][  0]LogDerivedDataCache: FDerivedDataBackendGraph:  Pak pak cache file ../../../../../DarkActive/Unreal Projects/DarkCrystal/DerivedDataCache/DDC.ddp not found, will not use a pak cache.
[2018.08.21-13.23.23:416][  0]LogDerivedDataCache: Unable to find inner node Pak for hierarchical cache Hierarchy.
[2018.08.21-13.23.23:417][  0]LogDerivedDataCache: FDerivedDataBackendGraph:  CompressedPak pak cache file ../../../../../DarkActive/Unreal Projects/DarkCrystal/DerivedDataCache/Compressed.ddp not found, will not use a pak cache.
[2018.08.21-13.23.23:417][  0]LogDerivedDataCache: Unable to find inner node CompressedPak for hierarchical cache Hierarchy.
[2018.08.21-13.23.23:430][  0]LogDerivedDataCache: Display: Pak cache opened for reading ../../../Engine/DerivedDataCache/Compressed.ddp.
[2018.08.21-13.23.23:442][  0]LogDerivedDataCache: Using Local data cache path C:/Users/Kappa/AppData/Local/UnrealEngine/Common/DerivedDataCache: Writable
[2018.08.21-13.23.23:442][  0]LogDerivedDataCache: Shared data cache path not found in *engine.ini, will not use an Shared cache.
[2018.08.21-13.23.23:442][  0]LogDerivedDataCache: Unable to find inner node Shared for hierarchical cache Hierarchy.
[2018.08.21-13.23.23:451][  0]LogMaterial: Verifying Global Shaders for PCD3D_SM5
[2018.08.21-13.23.23:452][  0]LogSlate: Using Freetype 2.6.0
[2018.08.21-13.23.23:452][  0]LogSlate: SlateFontCache - WITH_FREETYPE: 1, WITH_HARFBUZZ: 1
[2018.08.21-13.23.23:452][  0]LogSlate: SlateFontCache - WITH_FREETYPE: 1, WITH_HARFBUZZ: 1
[2018.08.21-13.23.23:509][  0]LogAssetRegistry: FAssetRegistry took 0.0030 seconds to start up
[2018.08.21-13.23.23:677][  0]LogPackageLocalizationCache: Processed 9 localized package path(s) for 1 prioritized culture(s) in 0.010957 seconds
[2018.08.21-13.23.23:747][  0]LogInit: Selected Device Profile: [Windows]
[2018.08.21-13.23.23:841][  0]LogSimplygon: Simplygon DLL not present - disabling.
[2018.08.21-13.23.23:843][  0]LogMeshReduction: Using SimplygonSwarm for distributed automatic mesh merging
[2018.08.21-13.23.23:843][  0]LogMeshReduction: Using QuadricMeshReduction for automatic static mesh reduction
[2018.08.21-13.23.23:843][  0]LogMeshReduction: No automatic skeletal mesh reduction module available
[2018.08.21-13.23.23:843][  0]LogMeshReduction: No automatic mesh merging module available
[2018.08.21-13.23.23:843][  0]LogMeshMerging: No automatic mesh merging module available
[2018.08.21-13.23.23:867][  0]LogNetVersion: DarkCrystal , NetCL: 3944462, EngineNetVer: 2, GameNetVer: 0 (Checksum: 1178499891)
[2018.08.21-13.23.24:300][  0]LogMoviePlayer: Initializing movie player
[2018.08.21-13.23.24:539][  0]LogTcpMessaging: Initializing TcpMessaging bridge
[2018.08.21-13.23.24:560][  0]LogUdpMessaging: Initializing bridge on interface 0.0.0.0:0 to multicast group 230.0.0.1:6666.
[2018.08.21-13.23.24:653][  0]LogCollectionManager: Loaded 0 collections in 0.001072 seconds
[2018.08.21-13.23.24:688][  0]LogFileCache: Scanning file cache for directory 'G:/DarkActive/Unreal Projects/DarkCrystal/Saved/Collections/' took 0.01s
[2018.08.21-13.23.24:688][  0]LogFileCache: Scanning file cache for directory 'G:/DarkActive/Unreal Projects/DarkCrystal/Content/Developers/Kappa/Collections/' took 0.01s
[2018.08.21-13.23.24:688][  0]LogFileCache: Scanning file cache for directory 'G:/DarkActive/Unreal Projects/DarkCrystal/Content/Collections/' took 0.01s
[2018.08.21-13.23.24:688][  0]LogCollectionManager: Rebuilt the object cache for 0 collections in 0.000000 seconds (found 0 objects)
[2018.08.21-13.23.24:688][  0]LogCollectionManager: Fixed up redirectors for 0 collections in 0.000060 seconds (updated 0 objects)
[2018.08.21-13.23.24:805][  0]SourceControl: Source control is disabled
[2018.08.21-13.23.24:805][  0]SourceControl: Source control is disabled
[2018.08.21-13.23.24:814][  0]SourceControl: Source control is disabled
[2018.08.21-13.23.25:050][  0]LogAndroidPermission: UAndroidPermissionCallbackProxy::GetInstance
[2018.08.21-13.23.25:145][  0]LogOcInput: OculusInput pre-init called
[2018.08.21-13.23.25:175][  0]LogUObjectArray: 42361 objects as part of root set at end of initial load.
[2018.08.21-13.23.25:176][  0]LogUObjectAllocator: 8957752 out of 0 bytes used by permanent object pool.
[2018.08.21-13.23.25:176][  0]LogUObjectArray: CloseDisregardForGC: 0/0 objects in disregard for GC pool
[2018.08.21-13.23.25:221][  0]LogEngine: Initializing Engine...
[2018.08.21-13.23.25:222][  0]LogHMD: Failed to initialize OpenVR with code 110
[2018.08.21-13.23.25:234][  0]LogStats: UGameplayTagsManager::ConstructGameplayTagTree: Construct from data asset -  0.000 s
[2018.08.21-13.23.25:234][  0]LogStats: UGameplayTagsManager::ConstructGameplayTagTree: GameplayTagTreeChangedEvent.Broadcast -  0.000 s
[2018.08.21-13.23.25:386][  0]LogInit: XAudio2 using 'Speakers (Logitech G633 Gaming Headset)' : 2 channels at 48 kHz using 16 bits per sample (channel mask 0x3)
[2018.08.21-13.23.25:400][  0]LogInit: FAudioDevice initialized.
[2018.08.21-13.23.25:429][  0]LogInit: Texture streaming: Enabled
[2018.08.21-13.23.25:515][  0]LogUObjectGlobals: Created PersistentFrame Addr=0x0000018fcb163600, Size=624, Default__GameInfoInstance_C Function /Game/Blueprints/AllLevels/GameInfoInstance.GameInfoInstance_C:ExecuteUbergraph_GameInfoInstance
[2018.08.21-13.23.25:517][  0]LogUObjectGlobals: Created PersistentFrame Addr=0x0000018fc9c0ce28, Size=40, Default__ErrorDialog_C Function /Game/UI/MainMenu/ErrorDialog.ErrorDialog_C:ExecuteUbergraph_ErrorDialog
[2018.08.21-13.23.25:524][  0]LogUObjectGlobals: Created PersistentFrame Addr=0x0000018fcb13ab10, Size=80, Default__HostMenu_C Function /Game/UI/MainMenu/HostMenu.HostMenu_C:ExecuteUbergraph_HostMenu
[2018.08.21-13.23.25:532][  0]LogUObjectGlobals: Created PersistentFrame Addr=0x0000018fc9c0cd88, Size=40, Default__MainMenu_C Function /Game/UI/MainMenu/MainMenu.MainMenu_C:ExecuteUbergraph_MainMenu
[2018.08.21-13.23.25:537][  0]LogUObjectGlobals: Created PersistentFrame Addr=0x0000018fcb0ee8d0, Size=104, Default__OptionsMenu_C Function /Game/UI/MainMenu/OptionsMenu.OptionsMenu_C:ExecuteUbergraph_OptionsMenu
[2018.08.21-13.23.25:556][  0]LogUObjectGlobals: Created PersistentFrame Addr=0x0000018fcb0cac00, Size=600, Default__ServerMenu_C Function /Game/UI/MainMenu/ServerMenu.ServerMenu_C:ExecuteUbergraph_ServerMenu
[2018.08.21-13.23.25:602][  0]LogUObjectGlobals: Destroyed PersistentFrame Addr=0x0000018fcb163600, Size=624
[2018.08.21-13.23.25:602][  0]LogUObjectGlobals: Created PersistentFrame Addr=0x0000018fbbcfa480, Size=624, Default__GameInfoInstance_C Function /Engine/Transient.REINST_GameInfoInstance_C_2:ExecuteUbergraph_GameInfoInstance
[2018.08.21-13.23.25:602][  0]LogUObjectGlobals: Destroyed PersistentFrame Addr=0x0000018fc9c0ce28, Size=40
[2018.08.21-13.23.25:602][  0]LogUObjectGlobals: Created PersistentFrame Addr=0x0000018fcad41da0, Size=40, Default__ErrorDialog_C Function /Engine/Transient.REINST_ErrorDialog_C_0:ExecuteUbergraph_ErrorDialog
[2018.08.21-13.23.25:603][  0]LogUObjectGlobals: Destroyed PersistentFrame Addr=0x0000018fcb13ab10, Size=80
[2018.08.21-13.23.25:603][  0]LogUObjectGlobals: Created PersistentFrame Addr=0x0000018fbbcd5620, Size=80, Default__HostMenu_C Function /Engine/Transient.REINST_HostMenu_C_1:ExecuteUbergraph_HostMenu
[2018.08.21-13.23.25:603][  0]LogUObjectGlobals: Destroyed PersistentFrame Addr=0x0000018fc9c0cd88, Size=40
[2018.08.21-13.23.25:603][  0]LogUObjectGlobals: Created PersistentFrame Addr=0x0000018fcad41cb0, Size=40, Default__MainMenu_C Function /Engine/Transient.REINST_MainMenu_C_3:ExecuteUbergraph_MainMenu
[2018.08.21-13.23.25:603][  0]LogUObjectGlobals: Destroyed PersistentFrame Addr=0x0000018fcb0ee8d0, Size=104
[2018.08.21-13.23.25:603][  0]LogUObjectGlobals: Created PersistentFrame Addr=0x0000018fbbc06a90, Size=104, Default__OptionsMenu_C Function /Engine/Transient.REINST_OptionsMenu_C_4:ExecuteUbergraph_OptionsMenu
[2018.08.21-13.23.25:604][  0]LogUObjectGlobals: Destroyed PersistentFrame Addr=0x0000018fcb0cac00, Size=600
[2018.08.21-13.23.25:604][  0]LogUObjectGlobals: Created PersistentFrame Addr=0x0000018fbbcf9a80, Size=600, Default__ServerMenu_C Function /Engine/Transient.REINST_ServerMenu_C_5:ExecuteUbergraph_ServerMenu
[2018.08.21-13.23.25:632][  0]LogUObjectGlobals: Created PersistentFrame Addr=0x0000018fbb9b2980, Size=624, Default__GameInfoInstance_C Function /Game/Blueprints/AllLevels/GameInfoInstance.GameInfoInstance_C:ExecuteUbergraph_GameInfoInstance
[2018.08.21-13.23.25:633][  0]LogUObjectGlobals: Created PersistentFrame Addr=0x0000018fcad42430, Size=40, Default__ErrorDialog_C Function /Game/UI/MainMenu/ErrorDialog.ErrorDialog_C:ExecuteUbergraph_ErrorDialog
[2018.08.21-13.23.25:634][  0]LogUObjectGlobals: Created PersistentFrame Addr=0x0000018fbc8d3dd0, Size=80, Default__HostMenu_C Function /Game/UI/MainMenu/HostMenu.HostMenu_C:ExecuteUbergraph_HostMenu
[2018.08.21-13.23.25:636][  0]LogUObjectGlobals: Created PersistentFrame Addr=0x0000018fcad42e08, Size=40, Default__MainMenu_C Function /Game/UI/MainMenu/MainMenu.MainMenu_C:ExecuteUbergraph_MainMenu
[2018.08.21-13.23.25:639][  0]LogUObjectGlobals: Created PersistentFrame Addr=0x0000018fbc893660, Size=104, Default__OptionsMenu_C Function /Game/UI/MainMenu/OptionsMenu.OptionsMenu_C:ExecuteUbergraph_OptionsMenu
[2018.08.21-13.23.25:642][  0]LogUObjectGlobals: Created PersistentFrame Addr=0x0000018fbc88f380, Size=592, Default__ServerMenu_C Function /Game/UI/MainMenu/ServerMenu.ServerMenu_C:ExecuteUbergraph_ServerMenu
[2018.08.21-13.23.25:669][  0]LogInit: Display: Game Engine Initialized.
[2018.08.21-13.23.25:669][  0]LogGameplayTags: Display: UGameplayTagsManager::DoneAddingNativeTags. DelegateIsBound: 0
[2018.08.21-13.23.25:669][  0]LogStats: UGameplayTagsManager::ConstructGameplayTagTree: Construct from data asset -  0.000 s
[2018.08.21-13.23.25:669][  0]LogStats: UGameplayTagsManager::ConstructGameplayTagTree: GameplayTagTreeChangedEvent.Broadcast -  0.000 s
[2018.08.21-13.23.25:734][  0]LogInit: Display: Starting Game.
[2018.08.21-13.23.25:734][  0]LogNet: Browse: 127.0.0.1:17777//Game/Maps/MainMenu?Name=Player
[2018.08.21-13.23.25:734][  0]LogOnline: Warning: STEAM: Steam API disabled!
[2018.08.21-13.23.25:734][  0]LogOnline: Display: STEAM: OnlineSubsystemSteam::Shutdown()
[2018.08.21-13.23.25:734][  0]LogTemp: Display: ParseSettings for GameNetDriver
[2018.08.21-13.23.25:734][  0]LogTemp: Display: ParseSettings for IpNetDriver_0
[2018.08.21-13.23.25:734][  0]LogTemp: Display: ParseSettings for PendingNetDriver
[2018.08.21-13.23.25:734][  0]LogInit: WinSock: Socket queue 32768 / 32768
[2018.08.21-13.23.25:734][  0]PacketHandlerLog: Loaded PacketHandler component: Engine.EngineHandlerComponentFactory (StatelessConnectHandlerComponent)
[2018.08.21-13.23.25:734][  0]LogNet: Game client on port 17777, rate 10000
[2018.08.21-13.23.25:782][  0]LogLoad: (Engine Initialization) Total time: 5.71 seconds
[2018.08.21-13.23.25:782][  0]LogLoad: (Engine Initialization) Total Blueprint compile time: 0.00 seconds
[2018.08.21-13.23.25:802][  0]LogContentStreaming: Texture pool size now 1000 MB
[2018.08.21-13.23.26:878][ 67]LogHandshake: SendChallengeResponse. Timestamp: 0.016129, Cookie: 111085129224187144114143093189120148126243138208125041199059
[2018.08.21-13.23.26:927][ 70]LogNetVersion: DarkCrystal 1.0.0.0, NetCL: 3944462, EngineNetVer: 2, GameNetVer: 0 (Checksum: 162565633)
[2018.08.21-13.23.26:927][ 70]LogNet: UPendingNetGame::SendInitialJoin: Sending hello. [UNetConnection] RemoteAddr: 127.0.0.1:17777, Name: IpConnection_0, Driver: PendingNetDriver IpNetDriver_0, IsServer: NO, PC: NULL, Owner: NULL, UniqueId: INVALID
[2018.08.21-13.23.26:959][ 72]LogNet: Welcomed by server (Level: /Game/Maps/Arena01, Game: /Game/Blueprints/Gameplay/GameplayGM.GameplayGM_C)
[2018.08.21-13.23.26:959][ 72]LogLoad: LoadMap: 127.0.0.1:17777//Game/Maps/Arena01?Name=Player?game=/Game/Blueprints/Gameplay/GameplayGM.GameplayGM_C
[2018.08.21-13.23.26:969][ 72]LogUObjectGlobals: Destroyed PersistentFrame Addr=0x0000018fbbcfa480, Size=624
[2018.08.21-13.23.26:969][ 72]LogUObjectGlobals: Destroyed PersistentFrame Addr=0x0000018fcad41da0, Size=40
[2018.08.21-13.23.26:969][ 72]LogUObjectGlobals: Destroyed PersistentFrame Addr=0x0000018fbbcd5620, Size=80
[2018.08.21-13.23.26:969][ 72]LogUObjectGlobals: Destroyed PersistentFrame Addr=0x0000018fcad41cb0, Size=40
[2018.08.21-13.23.26:969][ 72]LogUObjectGlobals: Destroyed PersistentFrame Addr=0x0000018fbbc06a90, Size=104
[2018.08.21-13.23.26:969][ 72]LogUObjectGlobals: Destroyed PersistentFrame Addr=0x0000018fbbcf9a80, Size=600
[2018.08.21-13.23.27:021][ 72]LogUObjectGlobals: Created PersistentFrame Addr=0x0000018fbc8c7900, Size=256, Default__GameplayGM_C Function /Game/Blueprints/Gameplay/GameplayGM.GameplayGM_C:ExecuteUbergraph_GameplayGM
[2018.08.21-13.23.27:034][ 72]LogLinker: Can't find file '/Game/Blueprints/Characters/Female/Kachujin/Animations/Montages/AM_Roll'
[2018.08.21-13.23.27:034][ 72]LogLinker: Can't find file '/Game/Blueprints/Characters/Female/Kachujin/Animations/Montages/AM_Roll'
[2018.08.21-13.23.27:035][ 72]LogUObjectGlobals: Created PersistentFrame Addr=0x0000018fbbcf8900, Size=544, Default__0_Base_C Function /Game/Blueprints/Characters/0_Base.0_Base_C:ExecuteUbergraph_0_Base
[2018.08.21-13.23.27:056][ 72]LogUObjectGlobals: Created PersistentFrame Addr=0x0000018fbbad37e0, Size=32, Default__ABP_WoodenBow_C Function /Game/Blueprints/Items/Weapons/WoodenBow/ABP_WoodenBow.ABP_WoodenBow_C:ExecuteUbergraph_ABP_WoodenBow
[2018.08.21-13.23.27:063][ 72]LogUObjectGlobals: Created PersistentFrame Addr=0x0000018fbc874090, Size=72, Default__BPC_MontageManager_C Function /Game/Blueprints/Components/BPC_MontageManager.BPC_MontageManager_C:ExecuteUbergraph_BPC_MontageManager
[2018.08.21-13.23.27:085][ 72]LogUObjectGlobals: Created PersistentFrame Addr=0x0000018fd1a77580, Size=2320, Default__GameplayPC_C Function /Game/Blueprints/Gameplay/GameplayPC.GameplayPC_C:ExecuteUbergraph_GameplayPC
[2018.08.21-13.23.27:088][ 72]LogUObjectGlobals: Created PersistentFrame Addr=0x0000018fbc8ac940, Size=96, Default__GameplayPS_C Function /Game/Blueprints/Gameplay/GameplayPS.GameplayPS_C:ExecuteUbergraph_GameplayPS
[2018.08.21-13.23.27:118][ 72]LogUObjectGlobals: Created PersistentFrame Addr=0x0000018fd18eb240, Size=320, Default__ChatWindow_C Function /Game/UI/AllLevels/ChatWindow.ChatWindow_C:ExecuteUbergraph_ChatWindow
[2018.08.21-13.23.27:121][ 72]LogUObjectGlobals: Created PersistentFrame Addr=0x0000018fcad4eb00, Size=888, Default__LobbyPC_C Function /Game/Blueprints/Lobby/LobbyPC.LobbyPC_C:ExecuteUbergraph_LobbyPC
[2018.08.21-13.23.27:123][ 72]LogUObjectGlobals: Created PersistentFrame Addr=0x0000018fd1a2d900, Size=752, Default__LobbyGM_C Function /Game/Blueprints/Lobby/LobbyGM.LobbyGM_C:ExecuteUbergraph_LobbyGM
[2018.08.21-13.23.27:128][ 72]LogUObjectGlobals: Created PersistentFrame Addr=0x0000018fc704a480, Size=544, Default__BP_MaleCharacter_C Function /Game/Blueprints/Characters/0_Base.0_Base_C:ExecuteUbergraph_0_Base
[2018.08.21-13.23.27:137][ 72]LogUObjectGlobals: Created PersistentFrame Addr=0x0000018fc7049d00, Size=544, Default__BP_MaleCharacter_C Function /Game/Blueprints/Characters/0_Base.0_Base_C:ExecuteUbergraph_0_Base
[2018.08.21-13.23.27:149][ 72]LogUObjectGlobals: Created PersistentFrame Addr=0x0000018fcb057e80, Size=64, Default__ABP_NewBerserker_C Function /Game/Characters/Berserker_S1/Blueprints/ABP_NewBerserker.ABP_NewBerserker_C:ExecuteUbergraph_ABP_NewBerserker
[2018.08.21-13.23.27:158][ 72]LogUObjectGlobals: Created PersistentFrame Addr=0x0000018fd2a52c00, Size=544, Default__BP_FemaleCharacter_C Function /Game/Blueprints/Characters/0_Base.0_Base_C:ExecuteUbergraph_0_Base
[2018.08.21-13.23.27:161][ 72]LogUObjectGlobals: Created PersistentFrame Addr=0x0000018fbc868700, Size=128, Default__ABP_Kachujin_C Function /Game/Characters/Kachujin/ABP_Kachujin.ABP_Kachujin_C:ExecuteUbergraph_ABP_Kachujin
[2018.08.21-13.23.27:196][ 72]LogUObjectGlobals: Created PersistentFrame Addr=0x0000018fd31fdd00, Size=544, Default__Tusk_C Function /Game/Blueprints/Characters/0_Base.0_Base_C:ExecuteUbergraph_0_Base
[2018.08.21-13.23.27:199][ 72]LogUObjectGlobals: Created PersistentFrame Addr=0x0000018fd3625f80, Size=64, Default__0_BaseAnimBP_C Function /Game/InfinityBladeWarriors/Animations/0_BaseAnimBP.0_BaseAnimBP_C:ExecuteUbergraph_0_BaseAnimBP
[2018.08.21-13.23.27:217][ 72]LogUObjectGlobals: Created PersistentFrame Addr=0x0000018fd2e7ad40, Size=312, Default__LobbyMenu_C Function /Game/UI/Lobby/LobbyMenu.LobbyMenu_C:ExecuteUbergraph_LobbyMenu
[2018.08.21-13.23.27:220][ 72]LogUObjectGlobals: Created PersistentFrame Addr=0x0000018fd2e8c950, Size=80, Default__CharacterSelect_C Function /Game/UI/Lobby/CharacterSelect.CharacterSelect_C:ExecuteUbergraph_CharacterSelect
[2018.08.21-13.23.27:236][ 72]LogUObjectGlobals: Created PersistentFrame Addr=0x0000018fd32a4700, Size=192, Default__GameSettings_C Function /Game/UI/Lobby/GameSettings.GameSettings_C:ExecuteUbergraph_GameSettings
[2018.08.21-13.23.27:237][ 72]LogUObjectGlobals: Created PersistentFrame Addr=0x0000018fd3616160, Size=32, Default__PlayerButton_C Function /Game/UI/Lobby/PlayerButton.PlayerButton_C:ExecuteUbergraph_PlayerButton
[2018.08.21-13.23.27:264][ 72]LogUObjectGlobals: Created PersistentFrame Addr=0x0000018fcad20e68, Size=4, Default__ConnectedPlayer_C Function /Game/UI/Lobby/ConnectedPlayer.ConnectedPlayer_C:ExecuteUbergraph_ConnectedPlayer
[2018.08.21-13.23.27:384][ 72]LogUObjectGlobals: Destroyed PersistentFrame Addr=0x0000018fd3625f80, Size=64
[2018.08.21-13.23.27:384][ 72]LogUObjectGlobals: Created PersistentFrame Addr=0x0000018fd6e3cc00, Size=64, Default__0_BaseAnimBP_C Function /Engine/Transient.REINST_0_BaseAnimBP_C_0:ExecuteUbergraph_0_BaseAnimBP
[2018.08.21-13.23.27:386][ 72]LogUObjectGlobals: Destroyed PersistentFrame Addr=0x0000018fbc868700, Size=128
[2018.08.21-13.23.27:386][ 72]LogUObjectGlobals: Created PersistentFrame Addr=0x0000018fd3663680, Size=128, Default__ABP_Kachujin_C Function /Engine/Transient.REINST_ABP_Kachujin_C_1:ExecuteUbergraph_ABP_Kachujin
[2018.08.21-13.23.27:386][ 72]LogUObjectGlobals: Destroyed PersistentFrame Addr=0x0000018fcb057e80, Size=64
[2018.08.21-13.23.27:386][ 72]LogUObjectGlobals: Created PersistentFrame Addr=0x0000018fd759fdc0, Size=64, Default__ABP_NewBerserker_C Function /Engine/Transient.REINST_ABP_NewBerserker_C_2:ExecuteUbergraph_ABP_NewBerserker
[2018.08.21-13.23.27:387][ 72]LogUObjectGlobals: Destroyed PersistentFrame Addr=0x0000018fbbad37e0, Size=32
[2018.08.21-13.23.27:387][ 72]LogUObjectGlobals: Created PersistentFrame Addr=0x0000018fd7577160, Size=32, Default__ABP_WoodenBow_C Function /Engine/Transient.REINST_ABP_WoodenBow_C_3:ExecuteUbergraph_ABP_WoodenBow
[2018.08.21-13.23.27:388][ 72]LogUObjectGlobals: Destroyed PersistentFrame Addr=0x0000018fbc874090, Size=72
[2018.08.21-13.23.27:388][ 72]LogUObjectGlobals: Created PersistentFrame Addr=0x0000018fd264fdd0, Size=72, Default__BPC_MontageManager_C Function /Engine/Transient.REINST_BPC_MontageManager_C_19:ExecuteUbergraph_BPC_MontageManager
[2018.08.21-13.23.27:389][ 72]LogUObjectGlobals: Destroyed PersistentFrame Addr=0x0000018fbbcf8900, Size=544
[2018.08.21-13.23.27:389][ 72]LogUObjectGlobals: Created PersistentFrame Addr=0x0000018fd6d90b80, Size=544, Default__0_Base_C Function /Engine/Transient.REINST_0_Base_C_23:ExecuteUbergraph_0_Base
[2018.08.21-13.23.27:391][ 72]LogUObjectGlobals: Destroyed PersistentFrame Addr=0x0000018fd2e8c950, Size=80
[2018.08.21-13.23.27:391][ 72]LogUObjectGlobals: Created PersistentFrame Addr=0x0000018fd264cf90, Size=80, Default__CharacterSelect_C Function /Engine/Transient.REINST_CharacterSelect_C_6:ExecuteUbergraph_CharacterSelect
[2018.08.21-13.23.27:391][ 72]LogUObjectGlobals: Destroyed PersistentFrame Addr=0x0000018fd18eb240, Size=320
[2018.08.21-13.23.27:391][ 72]LogUObjectGlobals: Created PersistentFrame Addr=0x0000018fd6d8aac0, Size=320, Default__ChatWindow_C Function /Engine/Transient.REINST_ChatWindow_C_8:ExecuteUbergraph_ChatWindow
[2018.08.21-13.23.27:391][ 72]LogUObjectGlobals: Destroyed PersistentFrame Addr=0x0000018fcad20e68, Size=4
[2018.08.21-13.23.27:391][ 72]LogUObjectGlobals: Created PersistentFrame Addr=0x0000018fd6e31ba0, Size=4, Default__ConnectedPlayer_C Function /Engine/Transient.REINST_ConnectedPlayer_C_9:ExecuteUbergraph_ConnectedPlayer
[2018.08.21-13.23.27:393][ 72]LogUObjectGlobals: Destroyed PersistentFrame Addr=0x0000018fd1a77580, Size=2320
[2018.08.21-13.23.27:393][ 72]LogUObjectGlobals: Created PersistentFrame Addr=0x0000018fd2670b80, Size=2320, Default__GameplayPC_C Function /Engine/Transient.REINST_GameplayPC_C_26:ExecuteUbergraph_GameplayPC
[2018.08.21-13.23.27:393][ 72]LogUObjectGlobals: Destroyed PersistentFrame Addr=0x0000018fbc8ac940, Size=96
[2018.08.21-13.23.27:393][ 72]LogUObjectGlobals: Created PersistentFrame Addr=0x0000018fd6e103a0, Size=96, Default__GameplayPS_C Function /Engine/Transient.REINST_GameplayPS_C_27:ExecuteUbergraph_GameplayPS
[2018.08.21-13.23.27:393][ 72]LogUObjectGlobals: Destroyed PersistentFrame Addr=0x0000018fd32a4700, Size=192
[2018.08.21-13.23.27:393][ 72]LogUObjectGlobals: Created PersistentFrame Addr=0x0000018fd6ef41c0, Size=192, Default__GameSettings_C Function /Engine/Transient.REINST_GameSettings_C_11:ExecuteUbergraph_GameSettings
[2018.08.21-13.23.27:394][ 72]LogUObjectGlobals: Destroyed PersistentFrame Addr=0x0000018fd2e7ad40, Size=312
[2018.08.21-13.23.27:394][ 72]LogUObjectGlobals: Created PersistentFrame Addr=0x0000018fd6d89e40, Size=312, Default__LobbyMenu_C Function /Engine/Transient.REINST_LobbyMenu_C_12:ExecuteUbergraph_LobbyMenu
[2018.08.21-13.23.27:395][ 72]LogUObjectGlobals: Destroyed PersistentFrame Addr=0x0000018fcad4eb00, Size=888
[2018.08.21-13.23.27:395][ 72]LogUObjectGlobals: Created PersistentFrame Addr=0x0000018fd68eb200, Size=888, Default__LobbyPC_C Function /Engine/Transient.REINST_LobbyPC_C_28:ExecuteUbergraph_LobbyPC
[2018.08.21-13.23.27:395][ 72]LogUObjectGlobals: Destroyed PersistentFrame Addr=0x0000018fd3616160, Size=32
[2018.08.21-13.23.27:395][ 72]LogUObjectGlobals: Created PersistentFrame Addr=0x0000018fd75769e0, Size=32, Default__PlayerButton_C Function /Engine/Transient.REINST_PlayerButton_C_13:ExecuteUbergraph_PlayerButton
[2018.08.21-13.23.27:395][ 72]LogUObjectGlobals: Destroyed PersistentFrame Addr=0x0000018fd2a52c00, Size=544
[2018.08.21-13.23.27:395][ 72]LogUObjectGlobals: Created PersistentFrame Addr=0x0000018fd6d92200, Size=544, Default__BP_FemaleCharacter_C Function /Engine/Transient.REINST_0_Base_C_23:ExecuteUbergraph_0_Base
[2018.08.21-13.23.27:395][ 72]LogUObjectGlobals: Destroyed PersistentFrame Addr=0x0000018fc7049d00, Size=544
[2018.08.21-13.23.27:395][ 72]LogUObjectGlobals: Created PersistentFrame Addr=0x0000018fd6d90400, Size=544, Default__BP_MaleCharacter_C Function /Engine/Transient.REINST_0_Base_C_23:ExecuteUbergraph_0_Base
[2018.08.21-13.23.27:396][ 72]LogUObjectGlobals: Destroyed PersistentFrame Addr=0x0000018fbc8c7900, Size=256
[2018.08.21-13.23.27:396][ 72]LogUObjectGlobals: Created PersistentFrame Addr=0x0000018fbb99fa00, Size=256, Default__GameplayGM_C Function /Engine/Transient.REINST_GameplayGM_C_32:ExecuteUbergraph_GameplayGM
[2018.08.21-13.23.27:396][ 72]LogUObjectGlobals: Destroyed PersistentFrame Addr=0x0000018fd1a2d900, Size=752
[2018.08.21-13.23.27:396][ 72]LogUObjectGlobals: Created PersistentFrame Addr=0x0000018fd6902200, Size=752, Default__LobbyGM_C Function /Engine/Transient.REINST_LobbyGM_C_33:ExecuteUbergraph_LobbyGM
[2018.08.21-13.23.27:396][ 72]LogUObjectGlobals: Destroyed PersistentFrame Addr=0x0000018fd31fdd00, Size=544
[2018.08.21-13.23.27:396][ 72]LogUObjectGlobals: Created PersistentFrame Addr=0x0000018fd690fd80, Size=544, Default__Tusk_C Function /Engine/Transient.REINST_0_Base_C_23:ExecuteUbergraph_0_Base
[2018.08.21-13.23.27:529][ 72]LogUObjectGlobals: Created PersistentFrame Addr=0x0000018fd803e020, Size=72, Default__0_BaseAnimBP_C Function /Game/InfinityBladeWarriors/Animations/0_BaseAnimBP.0_BaseAnimBP_C:ExecuteUbergraph_0_BaseAnimBP
[2018.08.21-13.23.27:531][ 72]LogUObjectGlobals: Created PersistentFrame Addr=0x0000018fd7fdeb00, Size=128, Default__ABP_Kachujin_C Function /Game/Characters/Kachujin/ABP_Kachujin.ABP_Kachujin_C:ExecuteUbergraph_ABP_Kachujin
[2018.08.21-13.23.27:532][ 72]LogUObjectGlobals: Created PersistentFrame Addr=0x0000018fd80a8cc0, Size=64, Default__ABP_NewBerserker_C Function /Game/Characters/Berserker_S1/Blueprints/ABP_NewBerserker.ABP_NewBerserker_C:ExecuteUbergraph_ABP_NewBerserker
[2018.08.21-13.23.27:533][ 72]LogUObjectGlobals: Created PersistentFrame Addr=0x0000018fd7fe5560, Size=32, Default__ABP_WoodenBow_C Function /Game/Blueprints/Items/Weapons/WoodenBow/ABP_WoodenBow.ABP_WoodenBow_C:ExecuteUbergraph_ABP_WoodenBow
[2018.08.21-13.23.27:536][ 72]LogUObjectGlobals: Created PersistentFrame Addr=0x0000018fd7f52930, Size=72, Default__BPC_MontageManager_C Function /Game/Blueprints/Components/BPC_MontageManager.BPC_MontageManager_C:ExecuteUbergraph_BPC_MontageManager
[2018.08.21-13.23.27:541][ 72]LogUObjectGlobals: Created PersistentFrame Addr=0x0000018fd7e8f600, Size=536, Default__0_Base_C Function /Game/Blueprints/Characters/0_Base.0_Base_C:ExecuteUbergraph_0_Base
[2018.08.21-13.23.27:543][ 72]LogUObjectGlobals: Created PersistentFrame Addr=0x0000018fd7f6ddf0, Size=80, Default__CharacterSelect_C Function /Game/UI/Lobby/CharacterSelect.CharacterSelect_C:ExecuteUbergraph_CharacterSelect
[2018.08.21-13.23.27:544][ 72]LogUObjectGlobals: Created PersistentFrame Addr=0x0000018fd8040f40, Size=320, Default__ChatWindow_C Function /Game/UI/AllLevels/ChatWindow.ChatWindow_C:ExecuteUbergraph_ChatWindow
[2018.08.21-13.23.27:544][ 72]LogUObjectGlobals: Created PersistentFrame Addr=0x0000018fd817e3c0, Size=4, Default__ConnectedPlayer_C Function /Game/UI/Lobby/ConnectedPlayer.ConnectedPlayer_C:ExecuteUbergraph_ConnectedPlayer
[2018.08.21-13.23.27:553][ 72]LogUObjectGlobals: Created PersistentFrame Addr=0x0000018fd7e2eb00, Size=2304, Default__GameplayPC_C Function /Game/Blueprints/Gameplay/GameplayPC.GameplayPC_C:ExecuteUbergraph_GameplayPC
[2018.08.21-13.23.27:555][ 72]LogUObjectGlobals: Created PersistentFrame Addr=0x0000018fd7d6b7c0, Size=96, Default__GameplayPS_C Function /Game/Blueprints/Gameplay/GameplayPS.GameplayPS_C:ExecuteUbergraph_GameplayPS
[2018.08.21-13.23.27:557][ 72]LogUObjectGlobals: Created PersistentFrame Addr=0x0000018fd7d3cd00, Size=192, Default__GameSettings_C Function /Game/UI/Lobby/GameSettings.GameSettings_C:ExecuteUbergraph_GameSettings
[2018.08.21-13.23.27:559][ 72]LogUObjectGlobals: Created PersistentFrame Addr=0x0000018fd8040680, Size=320, Default__LobbyMenu_C Function /Game/UI/Lobby/LobbyMenu.LobbyMenu_C:ExecuteUbergraph_LobbyMenu
[2018.08.21-13.23.27:562][ 72]LogUObjectGlobals: Created PersistentFrame Addr=0x0000018fd7cd9980, Size=880, Default__LobbyPC_C Function /Game/Blueprints/Lobby/LobbyPC.LobbyPC_C:ExecuteUbergraph_LobbyPC
[2018.08.21-13.23.27:564][ 72]LogUObjectGlobals: Created PersistentFrame Addr=0x0000018fd7cf0120, Size=32, Default__PlayerButton_C Function /Game/UI/Lobby/PlayerButton.PlayerButton_C:ExecuteUbergraph_PlayerButton
[2018.08.21-13.23.27:564][ 72]LogUObjectGlobals: Created PersistentFrame Addr=0x0000018fd7c76c00, Size=536, Default__BP_FemaleCharacter_C Function /Game/Blueprints/Characters/0_Base.0_Base_C:ExecuteUbergraph_0_Base
[2018.08.21-13.23.27:565][ 72]LogUObjectGlobals: Created PersistentFrame Addr=0x0000018fd7c76700, Size=536, Default__BP_MaleCharacter_C Function /Game/Blueprints/Characters/0_Base.0_Base_C:ExecuteUbergraph_0_Base
[2018.08.21-13.23.27:567][ 72]LogUObjectGlobals: Created PersistentFrame Addr=0x0000018fd7c39000, Size=256, Default__GameplayGM_C Function /Game/Blueprints/Gameplay/GameplayGM.GameplayGM_C:ExecuteUbergraph_GameplayGM
[2018.08.21-13.23.27:570][ 72]LogUObjectGlobals: Created PersistentFrame Addr=0x0000018fd7c42b00, Size=784, Default__LobbyGM_C Function /Game/Blueprints/Lobby/LobbyGM.LobbyGM_C:ExecuteUbergraph_LobbyGM
[2018.08.21-13.23.27:571][ 72]LogUObjectGlobals: Created PersistentFrame Addr=0x0000018fd7c74400, Size=536, Default__Tusk_C Function /Game/Blueprints/Characters/0_Base.0_Base_C:ExecuteUbergraph_0_Base
[2018.08.21-13.23.27:899][ 72]LogSkeletalMesh: Skeletal Mesh found in DDC [0.405456ms] /Game/Blueprints/Items/Weapons/WoodenBow/SK_WoodenBow.SK_WoodenBow
[2018.08.21-13.23.27:914][ 72]LogSkeletalMesh: Skeletal Mesh found in DDC [1.349731ms] /Game/Characters/Kachujin/SK_Kachujin.SK_Kachujin
[2018.08.21-13.23.27:920][ 72]LogSkeletalMesh: Skeletal Mesh found in DDC [0.505905ms] /Game/InfinityBladeWarriors/Character/CompleteCharacters/SK_CharM_Tusk.SK_CharM_Tusk
[2018.08.21-13.23.27:935][ 72]LogSkeletalMesh: Skeletal Mesh found in DDC [2.879638ms] /Game/Characters/Berserker_S1/Meshes/Combines/SK_Berserker.SK_Berserker
[2018.08.21-13.23.27:991][ 72]LogSkeletalMesh: Skeletal Mesh found in DDC [0.190659ms] /Game/Blueprints/Items/Weapons/RelicSword/SK_RelicSword.SK_RelicSword
[2018.08.21-13.23.28:141][ 72]LogAIModule: Creating AISystem for world Arena01
[2018.08.21-13.23.28:141][ 72]LogTemp: Display: ParseSettings for GameNetDriver
[2018.08.21-13.23.28:143][ 72]LogWorld: Bringing World /Game/Maps/Arena01.Arena01 up for play (max tick rate 0) at 2018.08.21-06.23.28
[2018.08.21-13.23.28:144][ 72]LogWorld: Bringing up level for play took: 0.001779
[2018.08.21-13.23.28:146][ 72]LogLoad: Took 1.186028 seconds to LoadMap(/Game/Maps/Arena01)
[2018.08.21-13.23.28:191][ 73]LogRenderer: Reallocating scene render targets to support 640x480 Format 10 NumSamples 1 (Frame:1).
[2018.08.21-13.23.28:255][ 73]LogOnline: Warning: OSS: No game present to join for session (GameSession)
[2018.08.21-13.23.28:300][ 76]LogOnline: Warning: OSS: No game present to join for session (GameSession)
[2018.08.21-13.23.28:350][ 79]LogSlate: Took 0.000149 seconds to synchronously load lazily loaded font '../../../Engine/Content/Slate/Fonts/Roboto-Regular.ttf' (155K)
[2018.08.21-13.23.28:945][116]LogOnline: Warning: OSS: No game present to join for session (GameSession)
[2018.08.21-13.23.32:496][336]LogBlueprintUserMessages: [GameplayPC_C_0] Reset Jump controller id: 1
[2018.08.21-13.23.33:464][396]LogOnline: Warning: OSS: No game present to leave for session (GameSession)
[2018.08.21-13.23.33:464][396]LogNet: Warning: Network Failure: GameNetDriver[FailureReceived]: Host closed the connection.
[2018.08.21-13.23.33:464][396]LogNet: NetworkFailure: FailureReceived, Error: 'Host closed the connection.'
[2018.08.21-13.23.33:465][396]LogNet: UNetConnection::Close: [UNetConnection] RemoteAddr: 127.0.0.1:17777, Name: IpConnection_0, Driver: GameNetDriver IpNetDriver_0, IsServer: NO, PC: GameplayPC_C_0, Owner: GameplayPC_C_0, UniqueId: DESKTOP-LI0N2FC-2654E1774EF089229A63DABCCCBC9A46, Channels: 11, Time: 2018.08.21-13.23.33
[2018.08.21-13.23.33:465][396]LogNet: UChannel::Close: Sending CloseBunch. ChIndex == 0. Name: [UChannel] ChIndex: 0, Closing: 0 [UNetConnection] RemoteAddr: 127.0.0.1:17777, Name: IpConnection_0, Driver: GameNetDriver IpNetDriver_0, IsServer: NO, PC: GameplayPC_C_0, Owner: GameplayPC_C_0, UniqueId: DESKTOP-LI0N2FC-2654E1774EF089229A63DABCCCBC9A46
[2018.08.21-13.23.33:465][396]LogNet: Warning: Network Failure: GameNetDriver[ConnectionLost]: Your connection to the host has been lost.
[2018.08.21-13.23.33:465][396]LogNet: NetworkFailure: ConnectionLost, Error: 'Your connection to the host has been lost.'
[2018.08.21-13.23.33:480][397]LogNet: Browse: /Game/Maps/MainMenu?closed
[2018.08.21-13.23.33:480][397]LogNet: Failed; returning to Entry
[2018.08.21-13.23.33:525][397]LogLoad: LoadMap: /Game/Maps/MainMenu?closed
[2018.08.21-13.23.33:525][397]LogNet: World NetDriver shutdown IpNetDriver_0 [GameNetDriver]
[2018.08.21-13.23.33:525][397]LogNet: DestroyNamedNetDriver IpNetDriver_0 [GameNetDriver]
[2018.08.21-13.23.33:525][397]LogExit: GameNetDriver IpNetDriver_0 shut down
[2018.08.21-13.23.33:545][397]LogUObjectGlobals: Destroyed PersistentFrame Addr=0x0000018fd6e103a0, Size=96
[2018.08.21-13.23.33:545][397]LogUObjectGlobals: Destroyed PersistentFrame Addr=0x0000018fd2670b80, Size=2320
[2018.08.21-13.23.33:545][397]LogUObjectGlobals: Destroyed PersistentFrame Addr=0x0000018fd264fdd0, Size=72
[2018.08.21-13.23.33:545][397]LogUObjectGlobals: Destroyed PersistentFrame Addr=0x0000018fd7577160, Size=32
[2018.08.21-13.23.33:545][397]LogUObjectGlobals: Destroyed PersistentFrame Addr=0x0000018fd6d90b80, Size=544
[2018.08.21-13.23.33:545][397]LogUObjectGlobals: Destroyed PersistentFrame Addr=0x0000018fbb99fa00, Size=256
[2018.08.21-13.23.33:545][397]LogUObjectGlobals: Destroyed PersistentFrame Addr=0x0000018fd6d8aac0, Size=320
[2018.08.21-13.23.33:545][397]LogUObjectGlobals: Destroyed PersistentFrame Addr=0x0000018fd68eb200, Size=888
[2018.08.21-13.23.33:546][397]LogUObjectGlobals: Destroyed PersistentFrame Addr=0x0000018fd6902200, Size=752
[2018.08.21-13.23.33:546][397]LogUObjectGlobals: Destroyed PersistentFrame Addr=0x0000018fd6d90400, Size=544
[2018.08.21-13.23.33:546][397]LogUObjectGlobals: Destroyed PersistentFrame Addr=0x0000018fd759fdc0, Size=64
[2018.08.21-13.23.33:546][397]LogUObjectGlobals: Destroyed PersistentFrame Addr=0x0000018fd6d92200, Size=544
[2018.08.21-13.23.33:546][397]LogUObjectGlobals: Destroyed PersistentFrame Addr=0x0000018fd3663680, Size=128
[2018.08.21-13.23.33:546][397]LogUObjectGlobals: Destroyed PersistentFrame Addr=0x0000018fd690fd80, Size=544
[2018.08.21-13.23.33:546][397]LogUObjectGlobals: Destroyed PersistentFrame Addr=0x0000018fd6e3cc00, Size=64
[2018.08.21-13.23.33:546][397]LogUObjectGlobals: Destroyed PersistentFrame Addr=0x0000018fd6d89e40, Size=312
[2018.08.21-13.23.33:546][397]LogUObjectGlobals: Destroyed PersistentFrame Addr=0x0000018fd264cf90, Size=80
[2018.08.21-13.23.33:546][397]LogUObjectGlobals: Destroyed PersistentFrame Addr=0x0000018fd6ef41c0, Size=192
[2018.08.21-13.23.33:546][397]LogUObjectGlobals: Destroyed PersistentFrame Addr=0x0000018fd75769e0, Size=32
[2018.08.21-13.23.33:546][397]LogUObjectGlobals: Destroyed PersistentFrame Addr=0x0000018fd6e31ba0, Size=4
[2018.08.21-13.23.33:554][397]LogUObjectGlobals: Created PersistentFrame Addr=0x0000018fd19ccd00, Size=32, Default__MainMenu_C Function /Game/Maps/MainMenu.MainMenu_C:ExecuteUbergraph_MainMenu
[2018.08.21-13.23.33:554][397]LogUObjectGlobals: Destroyed PersistentFrame Addr=0x0000018fd19ccd00, Size=32
[2018.08.21-13.23.33:554][397]LogUObjectGlobals: Created PersistentFrame Addr=0x0000018fd19ccd00, Size=32, Default__MainMenu_C Function /Engine/Transient.REINST_MainMenu_C_71:ExecuteUbergraph_MainMenu
[2018.08.21-13.23.33:555][397]LogUObjectGlobals: Created PersistentFrame Addr=0x0000018fd19ce680, Size=32, Default__MainMenu_C Function /Game/Maps/MainMenu.MainMenu_C:ExecuteUbergraph_MainMenu
[2018.08.21-13.23.33:558][397]LogAIModule: Creating AISystem for world MainMenu
[2018.08.21-13.23.33:560][397]LogUObjectGlobals: Created PersistentFrame Addr=0x0000018fe738bc40, Size=272, Default__ThirdPersonCharacter_C Function /Game/ThirdPersonBP/Blueprints/ThirdPersonCharacter.ThirdPersonCharacter_C:ExecuteUbergraph_ThirdPersonCharacter
[2018.08.21-13.23.33:562][397]LogUObjectGlobals: Created PersistentFrame Addr=0x0000018fd85cb060, Size=72, Default__ThirdPerson_AnimBP_C Function /Game/Mannequin/Animations/ThirdPerson_AnimBP.ThirdPerson_AnimBP_C:ExecuteUbergraph_ThirdPerson_AnimBP
[2018.08.21-13.23.33:575][397]LogUObjectGlobals: Destroyed PersistentFrame Addr=0x0000018fd85cb060, Size=72
[2018.08.21-13.23.33:575][397]LogUObjectGlobals: Created PersistentFrame Addr=0x0000018fd809f100, Size=72, Default__ThirdPerson_AnimBP_C Function /Engine/Transient.REINST_ThirdPerson_AnimBP_C_4:ExecuteUbergraph_ThirdPerson_AnimBP
[2018.08.21-13.23.33:575][397]LogUObjectGlobals: Destroyed PersistentFrame Addr=0x0000018fe738bc40, Size=272
[2018.08.21-13.23.33:575][397]LogUObjectGlobals: Created PersistentFrame Addr=0x0000018fdfde07c0, Size=272, Default__ThirdPersonCharacter_C Function /Engine/Transient.REINST_ThirdPersonCharacter_C_73:ExecuteUbergraph_ThirdPersonCharacter
[2018.08.21-13.23.33:583][397]LogUObjectGlobals: Created PersistentFrame Addr=0x0000018fd8235e90, Size=72, Default__ThirdPerson_AnimBP_C Function /Game/Mannequin/Animations/ThirdPerson_AnimBP.ThirdPerson_AnimBP_C:ExecuteUbergraph_ThirdPerson_AnimBP
[2018.08.21-13.23.33:584][397]LogUObjectGlobals: Created PersistentFrame Addr=0x0000018fdfdc51c0, Size=272, Default__ThirdPersonCharacter_C Function /Game/ThirdPersonBP/Blueprints/ThirdPersonCharacter.ThirdPersonCharacter_C:ExecuteUbergraph_ThirdPersonCharacter
[2018.08.21-13.23.33:619][397]LogSkeletalMesh: Skeletal Mesh found in DDC [8.740583ms] /Game/Mannequin/Character/Mesh/SK_Mannequin.SK_Mannequin
[2018.08.21-13.23.33:631][397]LogLoad: Game class is 'ThirdPersonGameMode_C'
[2018.08.21-13.23.33:632][397]LogWorld: Bringing World /Game/Maps/MainMenu.MainMenu up for play (max tick rate 0) at 2018.08.21-06.23.33
[2018.08.21-13.23.33:632][397]LogWorld: Bringing up level for play took: 0.000296
[2018.08.21-13.23.33:632][397]LogGameMode: FindPlayerStart: PATHS NOT DEFINED or NO PLAYERSTART with positive rating
[2018.08.21-13.23.33:632][397]LogGameMode: Display: Match State Changed from EnteringMap to WaitingToStart
[2018.08.21-13.23.33:632][397]LogGameState: Match State Changed from EnteringMap to WaitingToStart
[2018.08.21-13.23.33:632][397]LogGameMode: Display: Match State Changed from WaitingToStart to InProgress
[2018.08.21-13.23.33:634][397]LogGameState: Match State Changed from WaitingToStart to InProgress
[2018.08.21-13.23.33:634][397]LogLoad: Took 0.109118 seconds to LoadMap(/Game/Maps/MainMenu)
[2018.08.21-13.23.33:669][397]LogUObjectGlobals: Destroyed PersistentFrame Addr=0x0000018fd803e020, Size=72
[2018.08.21-13.23.33:669][397]LogUObjectGlobals: Destroyed PersistentFrame Addr=0x0000018fd7fdeb00, Size=128
[2018.08.21-13.23.33:669][397]LogUObjectGlobals: Destroyed PersistentFrame Addr=0x0000018fd80a8cc0, Size=64
[2018.08.21-13.23.33:669][397]LogUObjectGlobals: Destroyed PersistentFrame Addr=0x0000018fd7fe5560, Size=32
[2018.08.21-13.23.33:669][397]LogUObjectGlobals: Destroyed PersistentFrame Addr=0x0000018fd7f52930, Size=72
[2018.08.21-13.23.33:669][397]LogUObjectGlobals: Destroyed PersistentFrame Addr=0x0000018fd7e8f600, Size=536
[2018.08.21-13.23.33:669][397]LogUObjectGlobals: Destroyed PersistentFrame Addr=0x0000018fd7f6ddf0, Size=80
[2018.08.21-13.23.33:669][397]LogUObjectGlobals: Destroyed PersistentFrame Addr=0x0000018fd8040f40, Size=320
[2018.08.21-13.23.33:669][397]LogUObjectGlobals: Destroyed PersistentFrame Addr=0x0000018fd817e3c0, Size=4
[2018.08.21-13.23.33:669][397]LogUObjectGlobals: Destroyed PersistentFrame Addr=0x0000018fd7e2eb00, Size=2304
[2018.08.21-13.23.33:669][397]LogUObjectGlobals: Destroyed PersistentFrame Addr=0x0000018fd7d6b7c0, Size=96
[2018.08.21-13.23.33:669][397]LogUObjectGlobals: Destroyed PersistentFrame Addr=0x0000018fd7d3cd00, Size=192
[2018.08.21-13.23.33:670][397]LogUObjectGlobals: Destroyed PersistentFrame Addr=0x0000018fd8040680, Size=320
[2018.08.21-13.23.33:670][397]LogUObjectGlobals: Destroyed PersistentFrame Addr=0x0000018fd7cd9980, Size=880
[2018.08.21-13.23.33:670][397]LogUObjectGlobals: Destroyed PersistentFrame Addr=0x0000018fd7cf0120, Size=32
[2018.08.21-13.23.33:670][397]LogUObjectGlobals: Destroyed PersistentFrame Addr=0x0000018fd7c76c00, Size=536
[2018.08.21-13.23.33:670][397]LogUObjectGlobals: Destroyed PersistentFrame Addr=0x0000018fd7c76700, Size=536
[2018.08.21-13.23.33:670][397]LogUObjectGlobals: Destroyed PersistentFrame Addr=0x0000018fd7c39000, Size=256
[2018.08.21-13.23.33:670][397]LogUObjectGlobals: Destroyed PersistentFrame Addr=0x0000018fd7c42b00, Size=784
[2018.08.21-13.23.33:670][397]LogUObjectGlobals: Destroyed PersistentFrame Addr=0x0000018fd7c74400, Size=536
[2018.08.21-13.23.33:673][397]LogUObjectGlobals: Destroyed PersistentFrame Addr=0x0000018fd809f100, Size=72
[2018.08.21-13.23.33:673][397]LogUObjectGlobals: Destroyed PersistentFrame Addr=0x0000018fdfde07c0, Size=272
[2018.08.21-13.23.33:673][397]LogUObjectGlobals: Destroyed PersistentFrame Addr=0x0000018fd19ccd00, Size=32
